[2022-12-21 21:36:21,714] {processor.py:153} INFO - Started process (PID=15441) to work on /home/nayara/Downloads/EngDados/ALURA/api_twitter/venv/lib/python3.9/site-packages/airflow/example_dags/subdags/subdag.py
[2022-12-21 21:36:21,714] {processor.py:641} INFO - Processing file /home/nayara/Downloads/EngDados/ALURA/api_twitter/venv/lib/python3.9/site-packages/airflow/example_dags/subdags/subdag.py for tasks to queue
[2022-12-21 21:36:21,715] {logging_mixin.py:115} INFO - [2022-12-21 21:36:21,715] {dagbag.py:507} INFO - Filling up the DagBag from /home/nayara/Downloads/EngDados/ALURA/api_twitter/venv/lib/python3.9/site-packages/airflow/example_dags/subdags/subdag.py
[2022-12-21 21:36:21,718] {processor.py:653} WARNING - No viable dags retrieved from /home/nayara/Downloads/EngDados/ALURA/api_twitter/venv/lib/python3.9/site-packages/airflow/example_dags/subdags/subdag.py
[2022-12-21 21:36:21,767] {processor.py:161} INFO - Processing /home/nayara/Downloads/EngDados/ALURA/api_twitter/venv/lib/python3.9/site-packages/airflow/example_dags/subdags/subdag.py took 0.072 seconds
[2022-12-21 21:38:21,313] {processor.py:153} INFO - Started process (PID=16173) to work on /home/nayara/Downloads/EngDados/ALURA/api_twitter/venv/lib/python3.9/site-packages/airflow/example_dags/subdags/subdag.py
[2022-12-21 21:38:21,335] {processor.py:641} INFO - Processing file /home/nayara/Downloads/EngDados/ALURA/api_twitter/venv/lib/python3.9/site-packages/airflow/example_dags/subdags/subdag.py for tasks to queue
[2022-12-21 21:38:21,336] {logging_mixin.py:115} INFO - [2022-12-21 21:38:21,336] {dagbag.py:507} INFO - Filling up the DagBag from /home/nayara/Downloads/EngDados/ALURA/api_twitter/venv/lib/python3.9/site-packages/airflow/example_dags/subdags/subdag.py
[2022-12-21 21:38:21,339] {processor.py:653} WARNING - No viable dags retrieved from /home/nayara/Downloads/EngDados/ALURA/api_twitter/venv/lib/python3.9/site-packages/airflow/example_dags/subdags/subdag.py
[2022-12-21 21:38:21,358] {processor.py:161} INFO - Processing /home/nayara/Downloads/EngDados/ALURA/api_twitter/venv/lib/python3.9/site-packages/airflow/example_dags/subdags/subdag.py took 0.048 seconds
[2022-12-21 21:39:14,227] {processor.py:153} INFO - Started process (PID=16233) to work on /home/nayara/Downloads/EngDados/ALURA/api_twitter/venv/lib/python3.9/site-packages/airflow/example_dags/subdags/subdag.py
[2022-12-21 21:39:14,257] {processor.py:641} INFO - Processing file /home/nayara/Downloads/EngDados/ALURA/api_twitter/venv/lib/python3.9/site-packages/airflow/example_dags/subdags/subdag.py for tasks to queue
[2022-12-21 21:39:14,258] {logging_mixin.py:115} INFO - [2022-12-21 21:39:14,258] {dagbag.py:507} INFO - Filling up the DagBag from /home/nayara/Downloads/EngDados/ALURA/api_twitter/venv/lib/python3.9/site-packages/airflow/example_dags/subdags/subdag.py
[2022-12-21 21:39:14,260] {processor.py:653} WARNING - No viable dags retrieved from /home/nayara/Downloads/EngDados/ALURA/api_twitter/venv/lib/python3.9/site-packages/airflow/example_dags/subdags/subdag.py
[2022-12-21 21:39:14,286] {processor.py:161} INFO - Processing /home/nayara/Downloads/EngDados/ALURA/api_twitter/venv/lib/python3.9/site-packages/airflow/example_dags/subdags/subdag.py took 0.069 seconds
[2022-12-21 21:40:04,798] {processor.py:153} INFO - Started process (PID=16314) to work on /home/nayara/Downloads/EngDados/ALURA/api_twitter/venv/lib/python3.9/site-packages/airflow/example_dags/subdags/subdag.py
[2022-12-21 21:40:04,800] {processor.py:641} INFO - Processing file /home/nayara/Downloads/EngDados/ALURA/api_twitter/venv/lib/python3.9/site-packages/airflow/example_dags/subdags/subdag.py for tasks to queue
[2022-12-21 21:40:04,801] {logging_mixin.py:115} INFO - [2022-12-21 21:40:04,801] {dagbag.py:507} INFO - Filling up the DagBag from /home/nayara/Downloads/EngDados/ALURA/api_twitter/venv/lib/python3.9/site-packages/airflow/example_dags/subdags/subdag.py
[2022-12-21 21:40:04,804] {processor.py:653} WARNING - No viable dags retrieved from /home/nayara/Downloads/EngDados/ALURA/api_twitter/venv/lib/python3.9/site-packages/airflow/example_dags/subdags/subdag.py
[2022-12-21 21:40:04,819] {processor.py:161} INFO - Processing /home/nayara/Downloads/EngDados/ALURA/api_twitter/venv/lib/python3.9/site-packages/airflow/example_dags/subdags/subdag.py took 0.034 seconds
[2022-12-21 21:40:43,292] {processor.py:153} INFO - Started process (PID=16388) to work on /home/nayara/Downloads/EngDados/ALURA/api_twitter/venv/lib/python3.9/site-packages/airflow/example_dags/subdags/subdag.py
[2022-12-21 21:40:43,294] {processor.py:641} INFO - Processing file /home/nayara/Downloads/EngDados/ALURA/api_twitter/venv/lib/python3.9/site-packages/airflow/example_dags/subdags/subdag.py for tasks to queue
[2022-12-21 21:40:43,295] {logging_mixin.py:115} INFO - [2022-12-21 21:40:43,295] {dagbag.py:507} INFO - Filling up the DagBag from /home/nayara/Downloads/EngDados/ALURA/api_twitter/venv/lib/python3.9/site-packages/airflow/example_dags/subdags/subdag.py
[2022-12-21 21:40:43,297] {processor.py:653} WARNING - No viable dags retrieved from /home/nayara/Downloads/EngDados/ALURA/api_twitter/venv/lib/python3.9/site-packages/airflow/example_dags/subdags/subdag.py
[2022-12-21 21:40:43,314] {processor.py:161} INFO - Processing /home/nayara/Downloads/EngDados/ALURA/api_twitter/venv/lib/python3.9/site-packages/airflow/example_dags/subdags/subdag.py took 0.026 seconds
[2022-12-21 21:41:34,041] {processor.py:153} INFO - Started process (PID=16488) to work on /home/nayara/Downloads/EngDados/ALURA/api_twitter/venv/lib/python3.9/site-packages/airflow/example_dags/subdags/subdag.py
[2022-12-21 21:41:34,112] {processor.py:641} INFO - Processing file /home/nayara/Downloads/EngDados/ALURA/api_twitter/venv/lib/python3.9/site-packages/airflow/example_dags/subdags/subdag.py for tasks to queue
[2022-12-21 21:41:34,116] {logging_mixin.py:115} INFO - [2022-12-21 21:41:34,115] {dagbag.py:507} INFO - Filling up the DagBag from /home/nayara/Downloads/EngDados/ALURA/api_twitter/venv/lib/python3.9/site-packages/airflow/example_dags/subdags/subdag.py
[2022-12-21 21:41:34,123] {processor.py:653} WARNING - No viable dags retrieved from /home/nayara/Downloads/EngDados/ALURA/api_twitter/venv/lib/python3.9/site-packages/airflow/example_dags/subdags/subdag.py
[2022-12-21 21:41:34,184] {processor.py:161} INFO - Processing /home/nayara/Downloads/EngDados/ALURA/api_twitter/venv/lib/python3.9/site-packages/airflow/example_dags/subdags/subdag.py took 0.163 seconds
[2022-12-21 21:42:24,336] {processor.py:153} INFO - Started process (PID=16573) to work on /home/nayara/Downloads/EngDados/ALURA/api_twitter/venv/lib/python3.9/site-packages/airflow/example_dags/subdags/subdag.py
[2022-12-21 21:42:24,347] {processor.py:641} INFO - Processing file /home/nayara/Downloads/EngDados/ALURA/api_twitter/venv/lib/python3.9/site-packages/airflow/example_dags/subdags/subdag.py for tasks to queue
[2022-12-21 21:42:24,348] {logging_mixin.py:115} INFO - [2022-12-21 21:42:24,348] {dagbag.py:507} INFO - Filling up the DagBag from /home/nayara/Downloads/EngDados/ALURA/api_twitter/venv/lib/python3.9/site-packages/airflow/example_dags/subdags/subdag.py
[2022-12-21 21:42:24,351] {processor.py:653} WARNING - No viable dags retrieved from /home/nayara/Downloads/EngDados/ALURA/api_twitter/venv/lib/python3.9/site-packages/airflow/example_dags/subdags/subdag.py
[2022-12-21 21:42:24,377] {processor.py:161} INFO - Processing /home/nayara/Downloads/EngDados/ALURA/api_twitter/venv/lib/python3.9/site-packages/airflow/example_dags/subdags/subdag.py took 0.049 seconds
[2022-12-21 21:43:04,837] {processor.py:153} INFO - Started process (PID=16616) to work on /home/nayara/Downloads/EngDados/ALURA/api_twitter/venv/lib/python3.9/site-packages/airflow/example_dags/subdags/subdag.py
[2022-12-21 21:43:04,898] {processor.py:641} INFO - Processing file /home/nayara/Downloads/EngDados/ALURA/api_twitter/venv/lib/python3.9/site-packages/airflow/example_dags/subdags/subdag.py for tasks to queue
[2022-12-21 21:43:04,900] {logging_mixin.py:115} INFO - [2022-12-21 21:43:04,900] {dagbag.py:507} INFO - Filling up the DagBag from /home/nayara/Downloads/EngDados/ALURA/api_twitter/venv/lib/python3.9/site-packages/airflow/example_dags/subdags/subdag.py
[2022-12-21 21:43:04,907] {processor.py:653} WARNING - No viable dags retrieved from /home/nayara/Downloads/EngDados/ALURA/api_twitter/venv/lib/python3.9/site-packages/airflow/example_dags/subdags/subdag.py
[2022-12-21 21:43:04,934] {processor.py:161} INFO - Processing /home/nayara/Downloads/EngDados/ALURA/api_twitter/venv/lib/python3.9/site-packages/airflow/example_dags/subdags/subdag.py took 0.108 seconds
[2022-12-21 21:43:53,809] {processor.py:153} INFO - Started process (PID=16692) to work on /home/nayara/Downloads/EngDados/ALURA/api_twitter/venv/lib/python3.9/site-packages/airflow/example_dags/subdags/subdag.py
[2022-12-21 21:43:53,810] {processor.py:641} INFO - Processing file /home/nayara/Downloads/EngDados/ALURA/api_twitter/venv/lib/python3.9/site-packages/airflow/example_dags/subdags/subdag.py for tasks to queue
[2022-12-21 21:43:53,811] {logging_mixin.py:115} INFO - [2022-12-21 21:43:53,811] {dagbag.py:507} INFO - Filling up the DagBag from /home/nayara/Downloads/EngDados/ALURA/api_twitter/venv/lib/python3.9/site-packages/airflow/example_dags/subdags/subdag.py
[2022-12-21 21:43:53,813] {processor.py:653} WARNING - No viable dags retrieved from /home/nayara/Downloads/EngDados/ALURA/api_twitter/venv/lib/python3.9/site-packages/airflow/example_dags/subdags/subdag.py
[2022-12-21 21:43:53,827] {processor.py:161} INFO - Processing /home/nayara/Downloads/EngDados/ALURA/api_twitter/venv/lib/python3.9/site-packages/airflow/example_dags/subdags/subdag.py took 0.025 seconds
[2022-12-21 21:44:26,928] {processor.py:153} INFO - Started process (PID=16721) to work on /home/nayara/Downloads/EngDados/ALURA/api_twitter/venv/lib/python3.9/site-packages/airflow/example_dags/subdags/subdag.py
[2022-12-21 21:44:26,943] {processor.py:641} INFO - Processing file /home/nayara/Downloads/EngDados/ALURA/api_twitter/venv/lib/python3.9/site-packages/airflow/example_dags/subdags/subdag.py for tasks to queue
[2022-12-21 21:44:26,944] {logging_mixin.py:115} INFO - [2022-12-21 21:44:26,944] {dagbag.py:507} INFO - Filling up the DagBag from /home/nayara/Downloads/EngDados/ALURA/api_twitter/venv/lib/python3.9/site-packages/airflow/example_dags/subdags/subdag.py
[2022-12-21 21:44:26,946] {processor.py:653} WARNING - No viable dags retrieved from /home/nayara/Downloads/EngDados/ALURA/api_twitter/venv/lib/python3.9/site-packages/airflow/example_dags/subdags/subdag.py
[2022-12-21 21:44:26,959] {processor.py:161} INFO - Processing /home/nayara/Downloads/EngDados/ALURA/api_twitter/venv/lib/python3.9/site-packages/airflow/example_dags/subdags/subdag.py took 0.034 seconds
[2022-12-21 21:45:01,926] {processor.py:153} INFO - Started process (PID=16766) to work on /home/nayara/Downloads/EngDados/ALURA/api_twitter/venv/lib/python3.9/site-packages/airflow/example_dags/subdags/subdag.py
[2022-12-21 21:45:01,993] {processor.py:641} INFO - Processing file /home/nayara/Downloads/EngDados/ALURA/api_twitter/venv/lib/python3.9/site-packages/airflow/example_dags/subdags/subdag.py for tasks to queue
[2022-12-21 21:45:01,995] {logging_mixin.py:115} INFO - [2022-12-21 21:45:01,995] {dagbag.py:507} INFO - Filling up the DagBag from /home/nayara/Downloads/EngDados/ALURA/api_twitter/venv/lib/python3.9/site-packages/airflow/example_dags/subdags/subdag.py
[2022-12-21 21:45:02,002] {processor.py:653} WARNING - No viable dags retrieved from /home/nayara/Downloads/EngDados/ALURA/api_twitter/venv/lib/python3.9/site-packages/airflow/example_dags/subdags/subdag.py
[2022-12-21 21:45:02,032] {processor.py:161} INFO - Processing /home/nayara/Downloads/EngDados/ALURA/api_twitter/venv/lib/python3.9/site-packages/airflow/example_dags/subdags/subdag.py took 0.111 seconds
[2022-12-21 21:45:43,767] {processor.py:153} INFO - Started process (PID=16898) to work on /home/nayara/Downloads/EngDados/ALURA/api_twitter/venv/lib/python3.9/site-packages/airflow/example_dags/subdags/subdag.py
[2022-12-21 21:45:43,790] {processor.py:641} INFO - Processing file /home/nayara/Downloads/EngDados/ALURA/api_twitter/venv/lib/python3.9/site-packages/airflow/example_dags/subdags/subdag.py for tasks to queue
[2022-12-21 21:45:43,792] {logging_mixin.py:115} INFO - [2022-12-21 21:45:43,792] {dagbag.py:507} INFO - Filling up the DagBag from /home/nayara/Downloads/EngDados/ALURA/api_twitter/venv/lib/python3.9/site-packages/airflow/example_dags/subdags/subdag.py
[2022-12-21 21:45:43,794] {processor.py:653} WARNING - No viable dags retrieved from /home/nayara/Downloads/EngDados/ALURA/api_twitter/venv/lib/python3.9/site-packages/airflow/example_dags/subdags/subdag.py
[2022-12-21 21:45:43,810] {processor.py:161} INFO - Processing /home/nayara/Downloads/EngDados/ALURA/api_twitter/venv/lib/python3.9/site-packages/airflow/example_dags/subdags/subdag.py took 0.059 seconds
[2022-12-21 21:46:23,311] {processor.py:153} INFO - Started process (PID=17197) to work on /home/nayara/Downloads/EngDados/ALURA/api_twitter/venv/lib/python3.9/site-packages/airflow/example_dags/subdags/subdag.py
[2022-12-21 21:46:23,330] {processor.py:641} INFO - Processing file /home/nayara/Downloads/EngDados/ALURA/api_twitter/venv/lib/python3.9/site-packages/airflow/example_dags/subdags/subdag.py for tasks to queue
[2022-12-21 21:46:23,332] {logging_mixin.py:115} INFO - [2022-12-21 21:46:23,331] {dagbag.py:507} INFO - Filling up the DagBag from /home/nayara/Downloads/EngDados/ALURA/api_twitter/venv/lib/python3.9/site-packages/airflow/example_dags/subdags/subdag.py
[2022-12-21 21:46:23,335] {processor.py:653} WARNING - No viable dags retrieved from /home/nayara/Downloads/EngDados/ALURA/api_twitter/venv/lib/python3.9/site-packages/airflow/example_dags/subdags/subdag.py
[2022-12-21 21:46:23,353] {processor.py:161} INFO - Processing /home/nayara/Downloads/EngDados/ALURA/api_twitter/venv/lib/python3.9/site-packages/airflow/example_dags/subdags/subdag.py took 0.061 seconds
[2022-12-21 21:47:07,170] {processor.py:153} INFO - Started process (PID=17307) to work on /home/nayara/Downloads/EngDados/ALURA/api_twitter/venv/lib/python3.9/site-packages/airflow/example_dags/subdags/subdag.py
[2022-12-21 21:47:07,251] {processor.py:641} INFO - Processing file /home/nayara/Downloads/EngDados/ALURA/api_twitter/venv/lib/python3.9/site-packages/airflow/example_dags/subdags/subdag.py for tasks to queue
[2022-12-21 21:47:07,254] {logging_mixin.py:115} INFO - [2022-12-21 21:47:07,253] {dagbag.py:507} INFO - Filling up the DagBag from /home/nayara/Downloads/EngDados/ALURA/api_twitter/venv/lib/python3.9/site-packages/airflow/example_dags/subdags/subdag.py
[2022-12-21 21:47:07,262] {processor.py:653} WARNING - No viable dags retrieved from /home/nayara/Downloads/EngDados/ALURA/api_twitter/venv/lib/python3.9/site-packages/airflow/example_dags/subdags/subdag.py
[2022-12-21 21:47:07,323] {processor.py:161} INFO - Processing /home/nayara/Downloads/EngDados/ALURA/api_twitter/venv/lib/python3.9/site-packages/airflow/example_dags/subdags/subdag.py took 0.158 seconds
[2022-12-21 21:47:53,461] {processor.py:153} INFO - Started process (PID=17421) to work on /home/nayara/Downloads/EngDados/ALURA/api_twitter/venv/lib/python3.9/site-packages/airflow/example_dags/subdags/subdag.py
[2022-12-21 21:47:53,473] {processor.py:641} INFO - Processing file /home/nayara/Downloads/EngDados/ALURA/api_twitter/venv/lib/python3.9/site-packages/airflow/example_dags/subdags/subdag.py for tasks to queue
[2022-12-21 21:47:53,473] {logging_mixin.py:115} INFO - [2022-12-21 21:47:53,473] {dagbag.py:507} INFO - Filling up the DagBag from /home/nayara/Downloads/EngDados/ALURA/api_twitter/venv/lib/python3.9/site-packages/airflow/example_dags/subdags/subdag.py
[2022-12-21 21:47:53,476] {processor.py:653} WARNING - No viable dags retrieved from /home/nayara/Downloads/EngDados/ALURA/api_twitter/venv/lib/python3.9/site-packages/airflow/example_dags/subdags/subdag.py
[2022-12-21 21:47:53,495] {processor.py:161} INFO - Processing /home/nayara/Downloads/EngDados/ALURA/api_twitter/venv/lib/python3.9/site-packages/airflow/example_dags/subdags/subdag.py took 0.039 seconds
[2022-12-21 21:48:36,880] {processor.py:153} INFO - Started process (PID=17462) to work on /home/nayara/Downloads/EngDados/ALURA/api_twitter/venv/lib/python3.9/site-packages/airflow/example_dags/subdags/subdag.py
[2022-12-21 21:48:36,883] {processor.py:641} INFO - Processing file /home/nayara/Downloads/EngDados/ALURA/api_twitter/venv/lib/python3.9/site-packages/airflow/example_dags/subdags/subdag.py for tasks to queue
[2022-12-21 21:48:36,886] {logging_mixin.py:115} INFO - [2022-12-21 21:48:36,885] {dagbag.py:507} INFO - Filling up the DagBag from /home/nayara/Downloads/EngDados/ALURA/api_twitter/venv/lib/python3.9/site-packages/airflow/example_dags/subdags/subdag.py
[2022-12-21 21:48:36,894] {processor.py:653} WARNING - No viable dags retrieved from /home/nayara/Downloads/EngDados/ALURA/api_twitter/venv/lib/python3.9/site-packages/airflow/example_dags/subdags/subdag.py
[2022-12-21 21:48:36,936] {processor.py:161} INFO - Processing /home/nayara/Downloads/EngDados/ALURA/api_twitter/venv/lib/python3.9/site-packages/airflow/example_dags/subdags/subdag.py took 0.070 seconds
[2022-12-21 21:49:26,991] {processor.py:153} INFO - Started process (PID=17522) to work on /home/nayara/Downloads/EngDados/ALURA/api_twitter/venv/lib/python3.9/site-packages/airflow/example_dags/subdags/subdag.py
[2022-12-21 21:49:26,992] {processor.py:641} INFO - Processing file /home/nayara/Downloads/EngDados/ALURA/api_twitter/venv/lib/python3.9/site-packages/airflow/example_dags/subdags/subdag.py for tasks to queue
[2022-12-21 21:49:26,992] {logging_mixin.py:115} INFO - [2022-12-21 21:49:26,992] {dagbag.py:507} INFO - Filling up the DagBag from /home/nayara/Downloads/EngDados/ALURA/api_twitter/venv/lib/python3.9/site-packages/airflow/example_dags/subdags/subdag.py
[2022-12-21 21:49:26,995] {processor.py:653} WARNING - No viable dags retrieved from /home/nayara/Downloads/EngDados/ALURA/api_twitter/venv/lib/python3.9/site-packages/airflow/example_dags/subdags/subdag.py
[2022-12-21 21:49:27,008] {processor.py:161} INFO - Processing /home/nayara/Downloads/EngDados/ALURA/api_twitter/venv/lib/python3.9/site-packages/airflow/example_dags/subdags/subdag.py took 0.022 seconds
[2022-12-21 21:50:00,855] {processor.py:153} INFO - Started process (PID=17619) to work on /home/nayara/Downloads/EngDados/ALURA/api_twitter/venv/lib/python3.9/site-packages/airflow/example_dags/subdags/subdag.py
[2022-12-21 21:50:00,877] {processor.py:641} INFO - Processing file /home/nayara/Downloads/EngDados/ALURA/api_twitter/venv/lib/python3.9/site-packages/airflow/example_dags/subdags/subdag.py for tasks to queue
[2022-12-21 21:50:00,879] {logging_mixin.py:115} INFO - [2022-12-21 21:50:00,879] {dagbag.py:507} INFO - Filling up the DagBag from /home/nayara/Downloads/EngDados/ALURA/api_twitter/venv/lib/python3.9/site-packages/airflow/example_dags/subdags/subdag.py
[2022-12-21 21:50:00,885] {processor.py:653} WARNING - No viable dags retrieved from /home/nayara/Downloads/EngDados/ALURA/api_twitter/venv/lib/python3.9/site-packages/airflow/example_dags/subdags/subdag.py
[2022-12-21 21:50:00,908] {processor.py:161} INFO - Processing /home/nayara/Downloads/EngDados/ALURA/api_twitter/venv/lib/python3.9/site-packages/airflow/example_dags/subdags/subdag.py took 0.060 seconds
[2022-12-21 21:50:40,235] {processor.py:153} INFO - Started process (PID=17789) to work on /home/nayara/Downloads/EngDados/ALURA/api_twitter/venv/lib/python3.9/site-packages/airflow/example_dags/subdags/subdag.py
[2022-12-21 21:50:40,265] {processor.py:641} INFO - Processing file /home/nayara/Downloads/EngDados/ALURA/api_twitter/venv/lib/python3.9/site-packages/airflow/example_dags/subdags/subdag.py for tasks to queue
[2022-12-21 21:50:40,267] {logging_mixin.py:115} INFO - [2022-12-21 21:50:40,267] {dagbag.py:507} INFO - Filling up the DagBag from /home/nayara/Downloads/EngDados/ALURA/api_twitter/venv/lib/python3.9/site-packages/airflow/example_dags/subdags/subdag.py
[2022-12-21 21:50:40,276] {processor.py:653} WARNING - No viable dags retrieved from /home/nayara/Downloads/EngDados/ALURA/api_twitter/venv/lib/python3.9/site-packages/airflow/example_dags/subdags/subdag.py
[2022-12-21 21:50:40,328] {processor.py:161} INFO - Processing /home/nayara/Downloads/EngDados/ALURA/api_twitter/venv/lib/python3.9/site-packages/airflow/example_dags/subdags/subdag.py took 0.097 seconds
[2022-12-21 21:51:20,139] {processor.py:153} INFO - Started process (PID=17828) to work on /home/nayara/Downloads/EngDados/ALURA/api_twitter/venv/lib/python3.9/site-packages/airflow/example_dags/subdags/subdag.py
[2022-12-21 21:51:20,176] {processor.py:641} INFO - Processing file /home/nayara/Downloads/EngDados/ALURA/api_twitter/venv/lib/python3.9/site-packages/airflow/example_dags/subdags/subdag.py for tasks to queue
[2022-12-21 21:51:20,177] {logging_mixin.py:115} INFO - [2022-12-21 21:51:20,177] {dagbag.py:507} INFO - Filling up the DagBag from /home/nayara/Downloads/EngDados/ALURA/api_twitter/venv/lib/python3.9/site-packages/airflow/example_dags/subdags/subdag.py
[2022-12-21 21:51:20,179] {processor.py:653} WARNING - No viable dags retrieved from /home/nayara/Downloads/EngDados/ALURA/api_twitter/venv/lib/python3.9/site-packages/airflow/example_dags/subdags/subdag.py
[2022-12-21 21:51:20,212] {processor.py:161} INFO - Processing /home/nayara/Downloads/EngDados/ALURA/api_twitter/venv/lib/python3.9/site-packages/airflow/example_dags/subdags/subdag.py took 0.078 seconds
[2022-12-21 21:52:06,476] {processor.py:153} INFO - Started process (PID=17965) to work on /home/nayara/Downloads/EngDados/ALURA/api_twitter/venv/lib/python3.9/site-packages/airflow/example_dags/subdags/subdag.py
[2022-12-21 21:52:06,478] {processor.py:641} INFO - Processing file /home/nayara/Downloads/EngDados/ALURA/api_twitter/venv/lib/python3.9/site-packages/airflow/example_dags/subdags/subdag.py for tasks to queue
[2022-12-21 21:52:06,479] {logging_mixin.py:115} INFO - [2022-12-21 21:52:06,479] {dagbag.py:507} INFO - Filling up the DagBag from /home/nayara/Downloads/EngDados/ALURA/api_twitter/venv/lib/python3.9/site-packages/airflow/example_dags/subdags/subdag.py
[2022-12-21 21:52:06,482] {processor.py:653} WARNING - No viable dags retrieved from /home/nayara/Downloads/EngDados/ALURA/api_twitter/venv/lib/python3.9/site-packages/airflow/example_dags/subdags/subdag.py
[2022-12-21 21:52:06,497] {processor.py:161} INFO - Processing /home/nayara/Downloads/EngDados/ALURA/api_twitter/venv/lib/python3.9/site-packages/airflow/example_dags/subdags/subdag.py took 0.035 seconds
[2022-12-21 21:52:47,642] {processor.py:153} INFO - Started process (PID=18185) to work on /home/nayara/Downloads/EngDados/ALURA/api_twitter/venv/lib/python3.9/site-packages/airflow/example_dags/subdags/subdag.py
[2022-12-21 21:52:47,643] {processor.py:641} INFO - Processing file /home/nayara/Downloads/EngDados/ALURA/api_twitter/venv/lib/python3.9/site-packages/airflow/example_dags/subdags/subdag.py for tasks to queue
[2022-12-21 21:52:47,643] {logging_mixin.py:115} INFO - [2022-12-21 21:52:47,643] {dagbag.py:507} INFO - Filling up the DagBag from /home/nayara/Downloads/EngDados/ALURA/api_twitter/venv/lib/python3.9/site-packages/airflow/example_dags/subdags/subdag.py
[2022-12-21 21:52:47,645] {processor.py:653} WARNING - No viable dags retrieved from /home/nayara/Downloads/EngDados/ALURA/api_twitter/venv/lib/python3.9/site-packages/airflow/example_dags/subdags/subdag.py
[2022-12-21 21:52:47,660] {processor.py:161} INFO - Processing /home/nayara/Downloads/EngDados/ALURA/api_twitter/venv/lib/python3.9/site-packages/airflow/example_dags/subdags/subdag.py took 0.025 seconds
[2022-12-21 21:53:23,252] {processor.py:153} INFO - Started process (PID=18231) to work on /home/nayara/Downloads/EngDados/ALURA/api_twitter/venv/lib/python3.9/site-packages/airflow/example_dags/subdags/subdag.py
[2022-12-21 21:53:23,256] {processor.py:641} INFO - Processing file /home/nayara/Downloads/EngDados/ALURA/api_twitter/venv/lib/python3.9/site-packages/airflow/example_dags/subdags/subdag.py for tasks to queue
[2022-12-21 21:53:23,259] {logging_mixin.py:115} INFO - [2022-12-21 21:53:23,258] {dagbag.py:507} INFO - Filling up the DagBag from /home/nayara/Downloads/EngDados/ALURA/api_twitter/venv/lib/python3.9/site-packages/airflow/example_dags/subdags/subdag.py
[2022-12-21 21:53:23,268] {processor.py:653} WARNING - No viable dags retrieved from /home/nayara/Downloads/EngDados/ALURA/api_twitter/venv/lib/python3.9/site-packages/airflow/example_dags/subdags/subdag.py
[2022-12-21 21:53:23,329] {processor.py:161} INFO - Processing /home/nayara/Downloads/EngDados/ALURA/api_twitter/venv/lib/python3.9/site-packages/airflow/example_dags/subdags/subdag.py took 0.094 seconds
[2022-12-21 21:53:57,858] {processor.py:153} INFO - Started process (PID=18352) to work on /home/nayara/Downloads/EngDados/ALURA/api_twitter/venv/lib/python3.9/site-packages/airflow/example_dags/subdags/subdag.py
[2022-12-21 21:53:57,861] {processor.py:641} INFO - Processing file /home/nayara/Downloads/EngDados/ALURA/api_twitter/venv/lib/python3.9/site-packages/airflow/example_dags/subdags/subdag.py for tasks to queue
[2022-12-21 21:53:57,862] {logging_mixin.py:115} INFO - [2022-12-21 21:53:57,862] {dagbag.py:507} INFO - Filling up the DagBag from /home/nayara/Downloads/EngDados/ALURA/api_twitter/venv/lib/python3.9/site-packages/airflow/example_dags/subdags/subdag.py
[2022-12-21 21:53:57,867] {processor.py:653} WARNING - No viable dags retrieved from /home/nayara/Downloads/EngDados/ALURA/api_twitter/venv/lib/python3.9/site-packages/airflow/example_dags/subdags/subdag.py
[2022-12-21 21:53:57,899] {processor.py:161} INFO - Processing /home/nayara/Downloads/EngDados/ALURA/api_twitter/venv/lib/python3.9/site-packages/airflow/example_dags/subdags/subdag.py took 0.048 seconds
[2022-12-21 21:54:31,123] {processor.py:153} INFO - Started process (PID=18404) to work on /home/nayara/Downloads/EngDados/ALURA/api_twitter/venv/lib/python3.9/site-packages/airflow/example_dags/subdags/subdag.py
[2022-12-21 21:54:31,182] {processor.py:641} INFO - Processing file /home/nayara/Downloads/EngDados/ALURA/api_twitter/venv/lib/python3.9/site-packages/airflow/example_dags/subdags/subdag.py for tasks to queue
[2022-12-21 21:54:31,185] {logging_mixin.py:115} INFO - [2022-12-21 21:54:31,184] {dagbag.py:507} INFO - Filling up the DagBag from /home/nayara/Downloads/EngDados/ALURA/api_twitter/venv/lib/python3.9/site-packages/airflow/example_dags/subdags/subdag.py
[2022-12-21 21:54:31,191] {processor.py:653} WARNING - No viable dags retrieved from /home/nayara/Downloads/EngDados/ALURA/api_twitter/venv/lib/python3.9/site-packages/airflow/example_dags/subdags/subdag.py
[2022-12-21 21:54:31,219] {processor.py:161} INFO - Processing /home/nayara/Downloads/EngDados/ALURA/api_twitter/venv/lib/python3.9/site-packages/airflow/example_dags/subdags/subdag.py took 0.101 seconds
[2022-12-21 21:55:05,195] {processor.py:153} INFO - Started process (PID=18474) to work on /home/nayara/Downloads/EngDados/ALURA/api_twitter/venv/lib/python3.9/site-packages/airflow/example_dags/subdags/subdag.py
[2022-12-21 21:55:05,205] {processor.py:641} INFO - Processing file /home/nayara/Downloads/EngDados/ALURA/api_twitter/venv/lib/python3.9/site-packages/airflow/example_dags/subdags/subdag.py for tasks to queue
[2022-12-21 21:55:05,206] {logging_mixin.py:115} INFO - [2022-12-21 21:55:05,206] {dagbag.py:507} INFO - Filling up the DagBag from /home/nayara/Downloads/EngDados/ALURA/api_twitter/venv/lib/python3.9/site-packages/airflow/example_dags/subdags/subdag.py
[2022-12-21 21:55:05,207] {processor.py:653} WARNING - No viable dags retrieved from /home/nayara/Downloads/EngDados/ALURA/api_twitter/venv/lib/python3.9/site-packages/airflow/example_dags/subdags/subdag.py
[2022-12-21 21:55:05,221] {processor.py:161} INFO - Processing /home/nayara/Downloads/EngDados/ALURA/api_twitter/venv/lib/python3.9/site-packages/airflow/example_dags/subdags/subdag.py took 0.029 seconds
