[2022-12-21 21:37:59,672] {processor.py:153} INFO - Started process (PID=16150) to work on /home/nayara/Downloads/EngDados/ALURA/api_twitter/venv/lib/python3.9/site-packages/airflow/example_dags/example_bash_operator.py
[2022-12-21 21:37:59,674] {processor.py:641} INFO - Processing file /home/nayara/Downloads/EngDados/ALURA/api_twitter/venv/lib/python3.9/site-packages/airflow/example_dags/example_bash_operator.py for tasks to queue
[2022-12-21 21:37:59,677] {logging_mixin.py:115} INFO - [2022-12-21 21:37:59,677] {dagbag.py:507} INFO - Filling up the DagBag from /home/nayara/Downloads/EngDados/ALURA/api_twitter/venv/lib/python3.9/site-packages/airflow/example_dags/example_bash_operator.py
[2022-12-21 21:37:59,720] {processor.py:651} INFO - DAG(s) dict_keys(['example_bash_operator']) retrieved from /home/nayara/Downloads/EngDados/ALURA/api_twitter/venv/lib/python3.9/site-packages/airflow/example_dags/example_bash_operator.py
[2022-12-21 21:38:00,299] {logging_mixin.py:115} INFO - [2022-12-21 21:38:00,299] {manager.py:508} INFO - Created Permission View: can read on DAG:example_bash_operator
[2022-12-21 21:38:00,609] {logging_mixin.py:115} INFO - [2022-12-21 21:38:00,608] {manager.py:508} INFO - Created Permission View: can delete on DAG:example_bash_operator
[2022-12-21 21:38:00,928] {logging_mixin.py:115} INFO - [2022-12-21 21:38:00,927] {manager.py:508} INFO - Created Permission View: can edit on DAG:example_bash_operator
[2022-12-21 21:38:00,928] {logging_mixin.py:115} INFO - [2022-12-21 21:38:00,928] {dag.py:2379} INFO - Sync 1 DAGs
[2022-12-21 21:38:00,955] {logging_mixin.py:115} INFO - [2022-12-21 21:38:00,954] {dag.py:2398} INFO - Creating ORM DAG for example_bash_operator
[2022-12-21 21:38:00,973] {logging_mixin.py:115} INFO - [2022-12-21 21:38:00,973] {dag.py:2927} INFO - Setting next_dagrun for example_bash_operator to 2022-12-21T00:00:00+00:00, run_after=2022-12-22T00:00:00+00:00
[2022-12-21 21:38:01,291] {processor.py:161} INFO - Processing /home/nayara/Downloads/EngDados/ALURA/api_twitter/venv/lib/python3.9/site-packages/airflow/example_dags/example_bash_operator.py took 1.637 seconds
[2022-12-21 21:39:34,751] {processor.py:153} INFO - Started process (PID=16266) to work on /home/nayara/Downloads/EngDados/ALURA/api_twitter/venv/lib/python3.9/site-packages/airflow/example_dags/example_bash_operator.py
[2022-12-21 21:39:34,755] {processor.py:641} INFO - Processing file /home/nayara/Downloads/EngDados/ALURA/api_twitter/venv/lib/python3.9/site-packages/airflow/example_dags/example_bash_operator.py for tasks to queue
[2022-12-21 21:39:34,756] {logging_mixin.py:115} INFO - [2022-12-21 21:39:34,756] {dagbag.py:507} INFO - Filling up the DagBag from /home/nayara/Downloads/EngDados/ALURA/api_twitter/venv/lib/python3.9/site-packages/airflow/example_dags/example_bash_operator.py
[2022-12-21 21:39:34,874] {processor.py:651} INFO - DAG(s) dict_keys(['example_bash_operator']) retrieved from /home/nayara/Downloads/EngDados/ALURA/api_twitter/venv/lib/python3.9/site-packages/airflow/example_dags/example_bash_operator.py
[2022-12-21 21:39:34,895] {logging_mixin.py:115} INFO - [2022-12-21 21:39:34,895] {dag.py:2379} INFO - Sync 1 DAGs
[2022-12-21 21:39:34,918] {logging_mixin.py:115} INFO - [2022-12-21 21:39:34,918] {dag.py:2927} INFO - Setting next_dagrun for example_bash_operator to 2022-12-21T00:00:00+00:00, run_after=2022-12-22T00:00:00+00:00
[2022-12-21 21:39:35,206] {processor.py:161} INFO - Processing /home/nayara/Downloads/EngDados/ALURA/api_twitter/venv/lib/python3.9/site-packages/airflow/example_dags/example_bash_operator.py took 0.469 seconds
[2022-12-21 21:40:36,148] {processor.py:153} INFO - Started process (PID=16380) to work on /home/nayara/Downloads/EngDados/ALURA/api_twitter/venv/lib/python3.9/site-packages/airflow/example_dags/example_bash_operator.py
[2022-12-21 21:40:36,183] {processor.py:641} INFO - Processing file /home/nayara/Downloads/EngDados/ALURA/api_twitter/venv/lib/python3.9/site-packages/airflow/example_dags/example_bash_operator.py for tasks to queue
[2022-12-21 21:40:36,186] {logging_mixin.py:115} INFO - [2022-12-21 21:40:36,185] {dagbag.py:507} INFO - Filling up the DagBag from /home/nayara/Downloads/EngDados/ALURA/api_twitter/venv/lib/python3.9/site-packages/airflow/example_dags/example_bash_operator.py
[2022-12-21 21:40:36,228] {processor.py:651} INFO - DAG(s) dict_keys(['example_bash_operator']) retrieved from /home/nayara/Downloads/EngDados/ALURA/api_twitter/venv/lib/python3.9/site-packages/airflow/example_dags/example_bash_operator.py
[2022-12-21 21:40:36,267] {logging_mixin.py:115} INFO - [2022-12-21 21:40:36,267] {dag.py:2379} INFO - Sync 1 DAGs
[2022-12-21 21:40:36,310] {logging_mixin.py:115} INFO - [2022-12-21 21:40:36,310] {dag.py:2927} INFO - Setting next_dagrun for example_bash_operator to 2022-12-21T00:00:00+00:00, run_after=2022-12-22T00:00:00+00:00
[2022-12-21 21:40:36,613] {processor.py:161} INFO - Processing /home/nayara/Downloads/EngDados/ALURA/api_twitter/venv/lib/python3.9/site-packages/airflow/example_dags/example_bash_operator.py took 0.472 seconds
[2022-12-21 21:41:55,873] {processor.py:153} INFO - Started process (PID=16546) to work on /home/nayara/Downloads/EngDados/ALURA/api_twitter/venv/lib/python3.9/site-packages/airflow/example_dags/example_bash_operator.py
[2022-12-21 21:41:55,898] {processor.py:641} INFO - Processing file /home/nayara/Downloads/EngDados/ALURA/api_twitter/venv/lib/python3.9/site-packages/airflow/example_dags/example_bash_operator.py for tasks to queue
[2022-12-21 21:41:55,899] {logging_mixin.py:115} INFO - [2022-12-21 21:41:55,899] {dagbag.py:507} INFO - Filling up the DagBag from /home/nayara/Downloads/EngDados/ALURA/api_twitter/venv/lib/python3.9/site-packages/airflow/example_dags/example_bash_operator.py
[2022-12-21 21:41:55,929] {processor.py:651} INFO - DAG(s) dict_keys(['example_bash_operator']) retrieved from /home/nayara/Downloads/EngDados/ALURA/api_twitter/venv/lib/python3.9/site-packages/airflow/example_dags/example_bash_operator.py
[2022-12-21 21:41:55,962] {logging_mixin.py:115} INFO - [2022-12-21 21:41:55,962] {dag.py:2379} INFO - Sync 1 DAGs
[2022-12-21 21:41:55,995] {logging_mixin.py:115} INFO - [2022-12-21 21:41:55,995] {dag.py:2927} INFO - Setting next_dagrun for example_bash_operator to 2022-12-21T00:00:00+00:00, run_after=2022-12-22T00:00:00+00:00
[2022-12-21 21:41:56,228] {processor.py:161} INFO - Processing /home/nayara/Downloads/EngDados/ALURA/api_twitter/venv/lib/python3.9/site-packages/airflow/example_dags/example_bash_operator.py took 0.381 seconds
[2022-12-21 21:42:58,181] {processor.py:153} INFO - Started process (PID=16611) to work on /home/nayara/Downloads/EngDados/ALURA/api_twitter/venv/lib/python3.9/site-packages/airflow/example_dags/example_bash_operator.py
[2022-12-21 21:42:58,183] {processor.py:641} INFO - Processing file /home/nayara/Downloads/EngDados/ALURA/api_twitter/venv/lib/python3.9/site-packages/airflow/example_dags/example_bash_operator.py for tasks to queue
[2022-12-21 21:42:58,184] {logging_mixin.py:115} INFO - [2022-12-21 21:42:58,184] {dagbag.py:507} INFO - Filling up the DagBag from /home/nayara/Downloads/EngDados/ALURA/api_twitter/venv/lib/python3.9/site-packages/airflow/example_dags/example_bash_operator.py
[2022-12-21 21:42:58,200] {processor.py:651} INFO - DAG(s) dict_keys(['example_bash_operator']) retrieved from /home/nayara/Downloads/EngDados/ALURA/api_twitter/venv/lib/python3.9/site-packages/airflow/example_dags/example_bash_operator.py
[2022-12-21 21:42:58,221] {logging_mixin.py:115} INFO - [2022-12-21 21:42:58,221] {dag.py:2379} INFO - Sync 1 DAGs
[2022-12-21 21:42:58,246] {logging_mixin.py:115} INFO - [2022-12-21 21:42:58,246] {dag.py:2927} INFO - Setting next_dagrun for example_bash_operator to 2022-12-21T00:00:00+00:00, run_after=2022-12-22T00:00:00+00:00
[2022-12-21 21:42:58,656] {processor.py:161} INFO - Processing /home/nayara/Downloads/EngDados/ALURA/api_twitter/venv/lib/python3.9/site-packages/airflow/example_dags/example_bash_operator.py took 0.486 seconds
[2022-12-21 21:43:49,955] {processor.py:153} INFO - Started process (PID=16689) to work on /home/nayara/Downloads/EngDados/ALURA/api_twitter/venv/lib/python3.9/site-packages/airflow/example_dags/example_bash_operator.py
[2022-12-21 21:43:49,990] {processor.py:641} INFO - Processing file /home/nayara/Downloads/EngDados/ALURA/api_twitter/venv/lib/python3.9/site-packages/airflow/example_dags/example_bash_operator.py for tasks to queue
[2022-12-21 21:43:49,992] {logging_mixin.py:115} INFO - [2022-12-21 21:43:49,992] {dagbag.py:507} INFO - Filling up the DagBag from /home/nayara/Downloads/EngDados/ALURA/api_twitter/venv/lib/python3.9/site-packages/airflow/example_dags/example_bash_operator.py
[2022-12-21 21:43:50,026] {processor.py:651} INFO - DAG(s) dict_keys(['example_bash_operator']) retrieved from /home/nayara/Downloads/EngDados/ALURA/api_twitter/venv/lib/python3.9/site-packages/airflow/example_dags/example_bash_operator.py
[2022-12-21 21:43:50,047] {logging_mixin.py:115} INFO - [2022-12-21 21:43:50,047] {dag.py:2379} INFO - Sync 1 DAGs
[2022-12-21 21:43:50,070] {logging_mixin.py:115} INFO - [2022-12-21 21:43:50,070] {dag.py:2927} INFO - Setting next_dagrun for example_bash_operator to 2022-12-21T00:00:00+00:00, run_after=2022-12-22T00:00:00+00:00
[2022-12-21 21:43:50,454] {processor.py:161} INFO - Processing /home/nayara/Downloads/EngDados/ALURA/api_twitter/venv/lib/python3.9/site-packages/airflow/example_dags/example_bash_operator.py took 0.503 seconds
[2022-12-21 21:44:38,599] {processor.py:153} INFO - Started process (PID=16743) to work on /home/nayara/Downloads/EngDados/ALURA/api_twitter/venv/lib/python3.9/site-packages/airflow/example_dags/example_bash_operator.py
[2022-12-21 21:44:38,638] {processor.py:641} INFO - Processing file /home/nayara/Downloads/EngDados/ALURA/api_twitter/venv/lib/python3.9/site-packages/airflow/example_dags/example_bash_operator.py for tasks to queue
[2022-12-21 21:44:38,640] {logging_mixin.py:115} INFO - [2022-12-21 21:44:38,640] {dagbag.py:507} INFO - Filling up the DagBag from /home/nayara/Downloads/EngDados/ALURA/api_twitter/venv/lib/python3.9/site-packages/airflow/example_dags/example_bash_operator.py
[2022-12-21 21:44:38,702] {processor.py:651} INFO - DAG(s) dict_keys(['example_bash_operator']) retrieved from /home/nayara/Downloads/EngDados/ALURA/api_twitter/venv/lib/python3.9/site-packages/airflow/example_dags/example_bash_operator.py
[2022-12-21 21:44:38,729] {logging_mixin.py:115} INFO - [2022-12-21 21:44:38,729] {dag.py:2379} INFO - Sync 1 DAGs
[2022-12-21 21:44:38,752] {logging_mixin.py:115} INFO - [2022-12-21 21:44:38,752] {dag.py:2927} INFO - Setting next_dagrun for example_bash_operator to 2022-12-21T00:00:00+00:00, run_after=2022-12-22T00:00:00+00:00
[2022-12-21 21:44:38,956] {processor.py:161} INFO - Processing /home/nayara/Downloads/EngDados/ALURA/api_twitter/venv/lib/python3.9/site-packages/airflow/example_dags/example_bash_operator.py took 0.362 seconds
[2022-12-21 21:45:39,829] {processor.py:153} INFO - Started process (PID=16841) to work on /home/nayara/Downloads/EngDados/ALURA/api_twitter/venv/lib/python3.9/site-packages/airflow/example_dags/example_bash_operator.py
[2022-12-21 21:45:39,973] {processor.py:641} INFO - Processing file /home/nayara/Downloads/EngDados/ALURA/api_twitter/venv/lib/python3.9/site-packages/airflow/example_dags/example_bash_operator.py for tasks to queue
[2022-12-21 21:45:39,973] {logging_mixin.py:115} INFO - [2022-12-21 21:45:39,973] {dagbag.py:507} INFO - Filling up the DagBag from /home/nayara/Downloads/EngDados/ALURA/api_twitter/venv/lib/python3.9/site-packages/airflow/example_dags/example_bash_operator.py
[2022-12-21 21:45:39,995] {processor.py:651} INFO - DAG(s) dict_keys(['example_bash_operator']) retrieved from /home/nayara/Downloads/EngDados/ALURA/api_twitter/venv/lib/python3.9/site-packages/airflow/example_dags/example_bash_operator.py
[2022-12-21 21:45:40,035] {logging_mixin.py:115} INFO - [2022-12-21 21:45:40,034] {dag.py:2379} INFO - Sync 1 DAGs
[2022-12-21 21:45:40,079] {logging_mixin.py:115} INFO - [2022-12-21 21:45:40,079] {dag.py:2927} INFO - Setting next_dagrun for example_bash_operator to 2022-12-21T00:00:00+00:00, run_after=2022-12-22T00:00:00+00:00
[2022-12-21 21:45:40,301] {processor.py:161} INFO - Processing /home/nayara/Downloads/EngDados/ALURA/api_twitter/venv/lib/python3.9/site-packages/airflow/example_dags/example_bash_operator.py took 0.477 seconds
[2022-12-21 21:46:38,210] {processor.py:153} INFO - Started process (PID=17230) to work on /home/nayara/Downloads/EngDados/ALURA/api_twitter/venv/lib/python3.9/site-packages/airflow/example_dags/example_bash_operator.py
[2022-12-21 21:46:38,218] {processor.py:641} INFO - Processing file /home/nayara/Downloads/EngDados/ALURA/api_twitter/venv/lib/python3.9/site-packages/airflow/example_dags/example_bash_operator.py for tasks to queue
[2022-12-21 21:46:38,222] {logging_mixin.py:115} INFO - [2022-12-21 21:46:38,221] {dagbag.py:507} INFO - Filling up the DagBag from /home/nayara/Downloads/EngDados/ALURA/api_twitter/venv/lib/python3.9/site-packages/airflow/example_dags/example_bash_operator.py
[2022-12-21 21:46:38,286] {processor.py:651} INFO - DAG(s) dict_keys(['example_bash_operator']) retrieved from /home/nayara/Downloads/EngDados/ALURA/api_twitter/venv/lib/python3.9/site-packages/airflow/example_dags/example_bash_operator.py
[2022-12-21 21:46:38,314] {logging_mixin.py:115} INFO - [2022-12-21 21:46:38,314] {dag.py:2379} INFO - Sync 1 DAGs
[2022-12-21 21:46:38,341] {logging_mixin.py:115} INFO - [2022-12-21 21:46:38,341] {dag.py:2927} INFO - Setting next_dagrun for example_bash_operator to 2022-12-21T00:00:00+00:00, run_after=2022-12-22T00:00:00+00:00
[2022-12-21 21:46:38,564] {processor.py:161} INFO - Processing /home/nayara/Downloads/EngDados/ALURA/api_twitter/venv/lib/python3.9/site-packages/airflow/example_dags/example_bash_operator.py took 0.371 seconds
[2022-12-21 21:47:49,504] {processor.py:153} INFO - Started process (PID=17418) to work on /home/nayara/Downloads/EngDados/ALURA/api_twitter/venv/lib/python3.9/site-packages/airflow/example_dags/example_bash_operator.py
[2022-12-21 21:47:49,507] {processor.py:641} INFO - Processing file /home/nayara/Downloads/EngDados/ALURA/api_twitter/venv/lib/python3.9/site-packages/airflow/example_dags/example_bash_operator.py for tasks to queue
[2022-12-21 21:47:49,510] {logging_mixin.py:115} INFO - [2022-12-21 21:47:49,509] {dagbag.py:507} INFO - Filling up the DagBag from /home/nayara/Downloads/EngDados/ALURA/api_twitter/venv/lib/python3.9/site-packages/airflow/example_dags/example_bash_operator.py
[2022-12-21 21:47:49,535] {processor.py:651} INFO - DAG(s) dict_keys(['example_bash_operator']) retrieved from /home/nayara/Downloads/EngDados/ALURA/api_twitter/venv/lib/python3.9/site-packages/airflow/example_dags/example_bash_operator.py
[2022-12-21 21:47:49,559] {logging_mixin.py:115} INFO - [2022-12-21 21:47:49,559] {dag.py:2379} INFO - Sync 1 DAGs
[2022-12-21 21:47:49,586] {logging_mixin.py:115} INFO - [2022-12-21 21:47:49,585] {dag.py:2927} INFO - Setting next_dagrun for example_bash_operator to 2022-12-21T00:00:00+00:00, run_after=2022-12-22T00:00:00+00:00
[2022-12-21 21:47:49,810] {processor.py:161} INFO - Processing /home/nayara/Downloads/EngDados/ALURA/api_twitter/venv/lib/python3.9/site-packages/airflow/example_dags/example_bash_operator.py took 0.322 seconds
[2022-12-21 21:48:53,410] {processor.py:153} INFO - Started process (PID=17482) to work on /home/nayara/Downloads/EngDados/ALURA/api_twitter/venv/lib/python3.9/site-packages/airflow/example_dags/example_bash_operator.py
[2022-12-21 21:48:53,412] {processor.py:641} INFO - Processing file /home/nayara/Downloads/EngDados/ALURA/api_twitter/venv/lib/python3.9/site-packages/airflow/example_dags/example_bash_operator.py for tasks to queue
[2022-12-21 21:48:53,414] {logging_mixin.py:115} INFO - [2022-12-21 21:48:53,414] {dagbag.py:507} INFO - Filling up the DagBag from /home/nayara/Downloads/EngDados/ALURA/api_twitter/venv/lib/python3.9/site-packages/airflow/example_dags/example_bash_operator.py
[2022-12-21 21:48:53,453] {processor.py:651} INFO - DAG(s) dict_keys(['example_bash_operator']) retrieved from /home/nayara/Downloads/EngDados/ALURA/api_twitter/venv/lib/python3.9/site-packages/airflow/example_dags/example_bash_operator.py
[2022-12-21 21:48:53,491] {logging_mixin.py:115} INFO - [2022-12-21 21:48:53,491] {dag.py:2379} INFO - Sync 1 DAGs
[2022-12-21 21:48:53,520] {logging_mixin.py:115} INFO - [2022-12-21 21:48:53,520] {dag.py:2927} INFO - Setting next_dagrun for example_bash_operator to 2022-12-21T00:00:00+00:00, run_after=2022-12-22T00:00:00+00:00
[2022-12-21 21:48:53,737] {processor.py:161} INFO - Processing /home/nayara/Downloads/EngDados/ALURA/api_twitter/venv/lib/python3.9/site-packages/airflow/example_dags/example_bash_operator.py took 0.336 seconds
[2022-12-21 21:49:56,279] {processor.py:153} INFO - Started process (PID=17553) to work on /home/nayara/Downloads/EngDados/ALURA/api_twitter/venv/lib/python3.9/site-packages/airflow/example_dags/example_bash_operator.py
[2022-12-21 21:49:56,290] {processor.py:641} INFO - Processing file /home/nayara/Downloads/EngDados/ALURA/api_twitter/venv/lib/python3.9/site-packages/airflow/example_dags/example_bash_operator.py for tasks to queue
[2022-12-21 21:49:56,291] {logging_mixin.py:115} INFO - [2022-12-21 21:49:56,291] {dagbag.py:507} INFO - Filling up the DagBag from /home/nayara/Downloads/EngDados/ALURA/api_twitter/venv/lib/python3.9/site-packages/airflow/example_dags/example_bash_operator.py
[2022-12-21 21:49:56,336] {processor.py:651} INFO - DAG(s) dict_keys(['example_bash_operator']) retrieved from /home/nayara/Downloads/EngDados/ALURA/api_twitter/venv/lib/python3.9/site-packages/airflow/example_dags/example_bash_operator.py
[2022-12-21 21:49:56,360] {logging_mixin.py:115} INFO - [2022-12-21 21:49:56,360] {dag.py:2379} INFO - Sync 1 DAGs
[2022-12-21 21:49:56,387] {logging_mixin.py:115} INFO - [2022-12-21 21:49:56,386] {dag.py:2927} INFO - Setting next_dagrun for example_bash_operator to 2022-12-21T00:00:00+00:00, run_after=2022-12-22T00:00:00+00:00
[2022-12-21 21:49:56,699] {processor.py:161} INFO - Processing /home/nayara/Downloads/EngDados/ALURA/api_twitter/venv/lib/python3.9/site-packages/airflow/example_dags/example_bash_operator.py took 0.423 seconds
[2022-12-21 21:50:56,659] {processor.py:153} INFO - Started process (PID=17806) to work on /home/nayara/Downloads/EngDados/ALURA/api_twitter/venv/lib/python3.9/site-packages/airflow/example_dags/example_bash_operator.py
[2022-12-21 21:50:56,680] {processor.py:641} INFO - Processing file /home/nayara/Downloads/EngDados/ALURA/api_twitter/venv/lib/python3.9/site-packages/airflow/example_dags/example_bash_operator.py for tasks to queue
[2022-12-21 21:50:56,681] {logging_mixin.py:115} INFO - [2022-12-21 21:50:56,681] {dagbag.py:507} INFO - Filling up the DagBag from /home/nayara/Downloads/EngDados/ALURA/api_twitter/venv/lib/python3.9/site-packages/airflow/example_dags/example_bash_operator.py
[2022-12-21 21:50:56,700] {processor.py:651} INFO - DAG(s) dict_keys(['example_bash_operator']) retrieved from /home/nayara/Downloads/EngDados/ALURA/api_twitter/venv/lib/python3.9/site-packages/airflow/example_dags/example_bash_operator.py
[2022-12-21 21:50:56,721] {logging_mixin.py:115} INFO - [2022-12-21 21:50:56,721] {dag.py:2379} INFO - Sync 1 DAGs
[2022-12-21 21:50:56,745] {logging_mixin.py:115} INFO - [2022-12-21 21:50:56,745] {dag.py:2927} INFO - Setting next_dagrun for example_bash_operator to 2022-12-21T00:00:00+00:00, run_after=2022-12-22T00:00:00+00:00
[2022-12-21 21:50:57,007] {processor.py:161} INFO - Processing /home/nayara/Downloads/EngDados/ALURA/api_twitter/venv/lib/python3.9/site-packages/airflow/example_dags/example_bash_operator.py took 0.356 seconds
[2022-12-21 21:51:45,895] {processor.py:153} INFO - Started process (PID=17917) to work on /home/nayara/Downloads/EngDados/ALURA/api_twitter/venv/lib/python3.9/site-packages/airflow/example_dags/example_bash_operator.py
[2022-12-21 21:51:45,929] {processor.py:641} INFO - Processing file /home/nayara/Downloads/EngDados/ALURA/api_twitter/venv/lib/python3.9/site-packages/airflow/example_dags/example_bash_operator.py for tasks to queue
[2022-12-21 21:51:45,931] {logging_mixin.py:115} INFO - [2022-12-21 21:51:45,931] {dagbag.py:507} INFO - Filling up the DagBag from /home/nayara/Downloads/EngDados/ALURA/api_twitter/venv/lib/python3.9/site-packages/airflow/example_dags/example_bash_operator.py
[2022-12-21 21:51:45,995] {processor.py:651} INFO - DAG(s) dict_keys(['example_bash_operator']) retrieved from /home/nayara/Downloads/EngDados/ALURA/api_twitter/venv/lib/python3.9/site-packages/airflow/example_dags/example_bash_operator.py
[2022-12-21 21:51:46,026] {logging_mixin.py:115} INFO - [2022-12-21 21:51:46,026] {dag.py:2379} INFO - Sync 1 DAGs
[2022-12-21 21:51:46,053] {logging_mixin.py:115} INFO - [2022-12-21 21:51:46,052] {dag.py:2927} INFO - Setting next_dagrun for example_bash_operator to 2022-12-21T00:00:00+00:00, run_after=2022-12-22T00:00:00+00:00
[2022-12-21 21:51:46,276] {processor.py:161} INFO - Processing /home/nayara/Downloads/EngDados/ALURA/api_twitter/venv/lib/python3.9/site-packages/airflow/example_dags/example_bash_operator.py took 0.399 seconds
[2022-12-21 21:52:43,617] {processor.py:153} INFO - Started process (PID=18182) to work on /home/nayara/Downloads/EngDados/ALURA/api_twitter/venv/lib/python3.9/site-packages/airflow/example_dags/example_bash_operator.py
[2022-12-21 21:52:43,642] {processor.py:641} INFO - Processing file /home/nayara/Downloads/EngDados/ALURA/api_twitter/venv/lib/python3.9/site-packages/airflow/example_dags/example_bash_operator.py for tasks to queue
[2022-12-21 21:52:43,643] {logging_mixin.py:115} INFO - [2022-12-21 21:52:43,643] {dagbag.py:507} INFO - Filling up the DagBag from /home/nayara/Downloads/EngDados/ALURA/api_twitter/venv/lib/python3.9/site-packages/airflow/example_dags/example_bash_operator.py
[2022-12-21 21:52:43,660] {processor.py:651} INFO - DAG(s) dict_keys(['example_bash_operator']) retrieved from /home/nayara/Downloads/EngDados/ALURA/api_twitter/venv/lib/python3.9/site-packages/airflow/example_dags/example_bash_operator.py
[2022-12-21 21:52:43,682] {logging_mixin.py:115} INFO - [2022-12-21 21:52:43,682] {dag.py:2379} INFO - Sync 1 DAGs
[2022-12-21 21:52:43,706] {logging_mixin.py:115} INFO - [2022-12-21 21:52:43,706] {dag.py:2927} INFO - Setting next_dagrun for example_bash_operator to 2022-12-21T00:00:00+00:00, run_after=2022-12-22T00:00:00+00:00
[2022-12-21 21:52:44,039] {processor.py:161} INFO - Processing /home/nayara/Downloads/EngDados/ALURA/api_twitter/venv/lib/python3.9/site-packages/airflow/example_dags/example_bash_operator.py took 0.428 seconds
[2022-12-21 21:53:35,053] {processor.py:153} INFO - Started process (PID=18243) to work on /home/nayara/Downloads/EngDados/ALURA/api_twitter/venv/lib/python3.9/site-packages/airflow/example_dags/example_bash_operator.py
[2022-12-21 21:53:35,055] {processor.py:641} INFO - Processing file /home/nayara/Downloads/EngDados/ALURA/api_twitter/venv/lib/python3.9/site-packages/airflow/example_dags/example_bash_operator.py for tasks to queue
[2022-12-21 21:53:35,058] {logging_mixin.py:115} INFO - [2022-12-21 21:53:35,058] {dagbag.py:507} INFO - Filling up the DagBag from /home/nayara/Downloads/EngDados/ALURA/api_twitter/venv/lib/python3.9/site-packages/airflow/example_dags/example_bash_operator.py
[2022-12-21 21:53:35,112] {processor.py:651} INFO - DAG(s) dict_keys(['example_bash_operator']) retrieved from /home/nayara/Downloads/EngDados/ALURA/api_twitter/venv/lib/python3.9/site-packages/airflow/example_dags/example_bash_operator.py
[2022-12-21 21:53:35,143] {logging_mixin.py:115} INFO - [2022-12-21 21:53:35,143] {dag.py:2379} INFO - Sync 1 DAGs
[2022-12-21 21:53:35,176] {logging_mixin.py:115} INFO - [2022-12-21 21:53:35,176] {dag.py:2927} INFO - Setting next_dagrun for example_bash_operator to 2022-12-21T00:00:00+00:00, run_after=2022-12-22T00:00:00+00:00
[2022-12-21 21:53:35,444] {processor.py:161} INFO - Processing /home/nayara/Downloads/EngDados/ALURA/api_twitter/venv/lib/python3.9/site-packages/airflow/example_dags/example_bash_operator.py took 0.405 seconds
[2022-12-21 21:54:27,102] {processor.py:153} INFO - Started process (PID=18401) to work on /home/nayara/Downloads/EngDados/ALURA/api_twitter/venv/lib/python3.9/site-packages/airflow/example_dags/example_bash_operator.py
[2022-12-21 21:54:27,115] {processor.py:641} INFO - Processing file /home/nayara/Downloads/EngDados/ALURA/api_twitter/venv/lib/python3.9/site-packages/airflow/example_dags/example_bash_operator.py for tasks to queue
[2022-12-21 21:54:27,116] {logging_mixin.py:115} INFO - [2022-12-21 21:54:27,116] {dagbag.py:507} INFO - Filling up the DagBag from /home/nayara/Downloads/EngDados/ALURA/api_twitter/venv/lib/python3.9/site-packages/airflow/example_dags/example_bash_operator.py
[2022-12-21 21:54:27,131] {processor.py:651} INFO - DAG(s) dict_keys(['example_bash_operator']) retrieved from /home/nayara/Downloads/EngDados/ALURA/api_twitter/venv/lib/python3.9/site-packages/airflow/example_dags/example_bash_operator.py
[2022-12-21 21:54:27,151] {logging_mixin.py:115} INFO - [2022-12-21 21:54:27,151] {dag.py:2379} INFO - Sync 1 DAGs
[2022-12-21 21:54:27,174] {logging_mixin.py:115} INFO - [2022-12-21 21:54:27,174] {dag.py:2927} INFO - Setting next_dagrun for example_bash_operator to 2022-12-21T00:00:00+00:00, run_after=2022-12-22T00:00:00+00:00
[2022-12-21 21:54:27,381] {processor.py:161} INFO - Processing /home/nayara/Downloads/EngDados/ALURA/api_twitter/venv/lib/python3.9/site-packages/airflow/example_dags/example_bash_operator.py took 0.286 seconds
[2022-12-21 21:55:22,253] {processor.py:153} INFO - Started process (PID=18494) to work on /home/nayara/Downloads/EngDados/ALURA/api_twitter/venv/lib/python3.9/site-packages/airflow/example_dags/example_bash_operator.py
[2022-12-21 21:55:22,267] {processor.py:641} INFO - Processing file /home/nayara/Downloads/EngDados/ALURA/api_twitter/venv/lib/python3.9/site-packages/airflow/example_dags/example_bash_operator.py for tasks to queue
[2022-12-21 21:55:22,267] {logging_mixin.py:115} INFO - [2022-12-21 21:55:22,267] {dagbag.py:507} INFO - Filling up the DagBag from /home/nayara/Downloads/EngDados/ALURA/api_twitter/venv/lib/python3.9/site-packages/airflow/example_dags/example_bash_operator.py
[2022-12-21 21:55:22,281] {processor.py:651} INFO - DAG(s) dict_keys(['example_bash_operator']) retrieved from /home/nayara/Downloads/EngDados/ALURA/api_twitter/venv/lib/python3.9/site-packages/airflow/example_dags/example_bash_operator.py
[2022-12-21 21:55:22,302] {logging_mixin.py:115} INFO - [2022-12-21 21:55:22,302] {dag.py:2379} INFO - Sync 1 DAGs
[2022-12-21 21:55:22,325] {logging_mixin.py:115} INFO - [2022-12-21 21:55:22,325] {dag.py:2927} INFO - Setting next_dagrun for example_bash_operator to 2022-12-21T00:00:00+00:00, run_after=2022-12-22T00:00:00+00:00
[2022-12-21 21:55:22,559] {processor.py:161} INFO - Processing /home/nayara/Downloads/EngDados/ALURA/api_twitter/venv/lib/python3.9/site-packages/airflow/example_dags/example_bash_operator.py took 0.309 seconds
