[2022-12-21 21:37:27,211] {processor.py:153} INFO - Started process (PID=16135) to work on /home/nayara/Downloads/EngDados/ALURA/api_twitter/venv/lib/python3.9/site-packages/airflow/example_dags/example_external_task_marker_dag.py
[2022-12-21 21:37:27,215] {processor.py:641} INFO - Processing file /home/nayara/Downloads/EngDados/ALURA/api_twitter/venv/lib/python3.9/site-packages/airflow/example_dags/example_external_task_marker_dag.py for tasks to queue
[2022-12-21 21:37:27,218] {logging_mixin.py:115} INFO - [2022-12-21 21:37:27,218] {dagbag.py:507} INFO - Filling up the DagBag from /home/nayara/Downloads/EngDados/ALURA/api_twitter/venv/lib/python3.9/site-packages/airflow/example_dags/example_external_task_marker_dag.py
[2022-12-21 21:37:27,238] {processor.py:651} INFO - DAG(s) dict_keys(['example_external_task_marker_parent', 'example_external_task_marker_child']) retrieved from /home/nayara/Downloads/EngDados/ALURA/api_twitter/venv/lib/python3.9/site-packages/airflow/example_dags/example_external_task_marker_dag.py
[2022-12-21 21:37:27,756] {logging_mixin.py:115} INFO - [2022-12-21 21:37:27,755] {manager.py:508} INFO - Created Permission View: can read on DAG:example_external_task_marker_parent
[2022-12-21 21:37:28,447] {logging_mixin.py:115} INFO - [2022-12-21 21:37:28,446] {manager.py:508} INFO - Created Permission View: can delete on DAG:example_external_task_marker_parent
[2022-12-21 21:37:28,895] {logging_mixin.py:115} INFO - [2022-12-21 21:37:28,894] {manager.py:508} INFO - Created Permission View: can edit on DAG:example_external_task_marker_parent
[2022-12-21 21:37:29,599] {logging_mixin.py:115} INFO - [2022-12-21 21:37:29,598] {manager.py:508} INFO - Created Permission View: can read on DAG:example_external_task_marker_child
[2022-12-21 21:37:29,785] {logging_mixin.py:115} INFO - [2022-12-21 21:37:29,785] {manager.py:508} INFO - Created Permission View: can delete on DAG:example_external_task_marker_child
[2022-12-21 21:37:29,992] {logging_mixin.py:115} INFO - [2022-12-21 21:37:29,991] {manager.py:508} INFO - Created Permission View: can edit on DAG:example_external_task_marker_child
[2022-12-21 21:37:29,992] {logging_mixin.py:115} INFO - [2022-12-21 21:37:29,992] {dag.py:2379} INFO - Sync 2 DAGs
[2022-12-21 21:37:30,011] {logging_mixin.py:115} INFO - [2022-12-21 21:37:30,011] {dag.py:2398} INFO - Creating ORM DAG for example_external_task_marker_child
[2022-12-21 21:37:30,011] {logging_mixin.py:115} INFO - [2022-12-21 21:37:30,011] {dag.py:2398} INFO - Creating ORM DAG for example_external_task_marker_parent
[2022-12-21 21:37:30,026] {logging_mixin.py:115} INFO - [2022-12-21 21:37:30,026] {dag.py:2927} INFO - Setting next_dagrun for example_external_task_marker_child to None, run_after=None
[2022-12-21 21:37:30,026] {logging_mixin.py:115} INFO - [2022-12-21 21:37:30,026] {dag.py:2927} INFO - Setting next_dagrun for example_external_task_marker_parent to None, run_after=None
[2022-12-21 21:37:30,688] {processor.py:161} INFO - Processing /home/nayara/Downloads/EngDados/ALURA/api_twitter/venv/lib/python3.9/site-packages/airflow/example_dags/example_external_task_marker_dag.py took 3.498 seconds
[2022-12-21 21:38:57,875] {processor.py:153} INFO - Started process (PID=16223) to work on /home/nayara/Downloads/EngDados/ALURA/api_twitter/venv/lib/python3.9/site-packages/airflow/example_dags/example_external_task_marker_dag.py
[2022-12-21 21:38:57,979] {processor.py:641} INFO - Processing file /home/nayara/Downloads/EngDados/ALURA/api_twitter/venv/lib/python3.9/site-packages/airflow/example_dags/example_external_task_marker_dag.py for tasks to queue
[2022-12-21 21:38:57,981] {logging_mixin.py:115} INFO - [2022-12-21 21:38:57,980] {dagbag.py:507} INFO - Filling up the DagBag from /home/nayara/Downloads/EngDados/ALURA/api_twitter/venv/lib/python3.9/site-packages/airflow/example_dags/example_external_task_marker_dag.py
[2022-12-21 21:38:58,017] {processor.py:651} INFO - DAG(s) dict_keys(['example_external_task_marker_parent', 'example_external_task_marker_child']) retrieved from /home/nayara/Downloads/EngDados/ALURA/api_twitter/venv/lib/python3.9/site-packages/airflow/example_dags/example_external_task_marker_dag.py
[2022-12-21 21:38:58,089] {logging_mixin.py:115} INFO - [2022-12-21 21:38:58,089] {dag.py:2379} INFO - Sync 2 DAGs
[2022-12-21 21:38:58,121] {logging_mixin.py:115} INFO - [2022-12-21 21:38:58,120] {dag.py:2927} INFO - Setting next_dagrun for example_external_task_marker_child to None, run_after=None
[2022-12-21 21:38:58,121] {logging_mixin.py:115} INFO - [2022-12-21 21:38:58,121] {dag.py:2927} INFO - Setting next_dagrun for example_external_task_marker_parent to None, run_after=None
[2022-12-21 21:38:58,377] {processor.py:161} INFO - Processing /home/nayara/Downloads/EngDados/ALURA/api_twitter/venv/lib/python3.9/site-packages/airflow/example_dags/example_external_task_marker_dag.py took 0.505 seconds
[2022-12-21 21:39:51,726] {processor.py:153} INFO - Started process (PID=16304) to work on /home/nayara/Downloads/EngDados/ALURA/api_twitter/venv/lib/python3.9/site-packages/airflow/example_dags/example_external_task_marker_dag.py
[2022-12-21 21:39:51,740] {processor.py:641} INFO - Processing file /home/nayara/Downloads/EngDados/ALURA/api_twitter/venv/lib/python3.9/site-packages/airflow/example_dags/example_external_task_marker_dag.py for tasks to queue
[2022-12-21 21:39:51,741] {logging_mixin.py:115} INFO - [2022-12-21 21:39:51,741] {dagbag.py:507} INFO - Filling up the DagBag from /home/nayara/Downloads/EngDados/ALURA/api_twitter/venv/lib/python3.9/site-packages/airflow/example_dags/example_external_task_marker_dag.py
[2022-12-21 21:39:51,747] {processor.py:651} INFO - DAG(s) dict_keys(['example_external_task_marker_parent', 'example_external_task_marker_child']) retrieved from /home/nayara/Downloads/EngDados/ALURA/api_twitter/venv/lib/python3.9/site-packages/airflow/example_dags/example_external_task_marker_dag.py
[2022-12-21 21:39:51,777] {logging_mixin.py:115} INFO - [2022-12-21 21:39:51,777] {dag.py:2379} INFO - Sync 2 DAGs
[2022-12-21 21:39:51,799] {logging_mixin.py:115} INFO - [2022-12-21 21:39:51,799] {dag.py:2927} INFO - Setting next_dagrun for example_external_task_marker_child to None, run_after=None
[2022-12-21 21:39:51,799] {logging_mixin.py:115} INFO - [2022-12-21 21:39:51,799] {dag.py:2927} INFO - Setting next_dagrun for example_external_task_marker_parent to None, run_after=None
[2022-12-21 21:39:52,017] {processor.py:161} INFO - Processing /home/nayara/Downloads/EngDados/ALURA/api_twitter/venv/lib/python3.9/site-packages/airflow/example_dags/example_external_task_marker_dag.py took 0.294 seconds
[2022-12-21 21:40:52,024] {processor.py:153} INFO - Started process (PID=16396) to work on /home/nayara/Downloads/EngDados/ALURA/api_twitter/venv/lib/python3.9/site-packages/airflow/example_dags/example_external_task_marker_dag.py
[2022-12-21 21:40:52,029] {processor.py:641} INFO - Processing file /home/nayara/Downloads/EngDados/ALURA/api_twitter/venv/lib/python3.9/site-packages/airflow/example_dags/example_external_task_marker_dag.py for tasks to queue
[2022-12-21 21:40:52,030] {logging_mixin.py:115} INFO - [2022-12-21 21:40:52,030] {dagbag.py:507} INFO - Filling up the DagBag from /home/nayara/Downloads/EngDados/ALURA/api_twitter/venv/lib/python3.9/site-packages/airflow/example_dags/example_external_task_marker_dag.py
[2022-12-21 21:40:52,035] {processor.py:651} INFO - DAG(s) dict_keys(['example_external_task_marker_parent', 'example_external_task_marker_child']) retrieved from /home/nayara/Downloads/EngDados/ALURA/api_twitter/venv/lib/python3.9/site-packages/airflow/example_dags/example_external_task_marker_dag.py
[2022-12-21 21:40:52,075] {logging_mixin.py:115} INFO - [2022-12-21 21:40:52,075] {dag.py:2379} INFO - Sync 2 DAGs
[2022-12-21 21:40:52,102] {logging_mixin.py:115} INFO - [2022-12-21 21:40:52,102] {dag.py:2927} INFO - Setting next_dagrun for example_external_task_marker_child to None, run_after=None
[2022-12-21 21:40:52,102] {logging_mixin.py:115} INFO - [2022-12-21 21:40:52,102] {dag.py:2927} INFO - Setting next_dagrun for example_external_task_marker_parent to None, run_after=None
[2022-12-21 21:40:52,401] {processor.py:161} INFO - Processing /home/nayara/Downloads/EngDados/ALURA/api_twitter/venv/lib/python3.9/site-packages/airflow/example_dags/example_external_task_marker_dag.py took 0.382 seconds
[2022-12-21 21:41:44,140] {processor.py:153} INFO - Started process (PID=16500) to work on /home/nayara/Downloads/EngDados/ALURA/api_twitter/venv/lib/python3.9/site-packages/airflow/example_dags/example_external_task_marker_dag.py
[2022-12-21 21:41:44,156] {processor.py:641} INFO - Processing file /home/nayara/Downloads/EngDados/ALURA/api_twitter/venv/lib/python3.9/site-packages/airflow/example_dags/example_external_task_marker_dag.py for tasks to queue
[2022-12-21 21:41:44,157] {logging_mixin.py:115} INFO - [2022-12-21 21:41:44,157] {dagbag.py:507} INFO - Filling up the DagBag from /home/nayara/Downloads/EngDados/ALURA/api_twitter/venv/lib/python3.9/site-packages/airflow/example_dags/example_external_task_marker_dag.py
[2022-12-21 21:41:44,167] {processor.py:651} INFO - DAG(s) dict_keys(['example_external_task_marker_parent', 'example_external_task_marker_child']) retrieved from /home/nayara/Downloads/EngDados/ALURA/api_twitter/venv/lib/python3.9/site-packages/airflow/example_dags/example_external_task_marker_dag.py
[2022-12-21 21:41:44,229] {logging_mixin.py:115} INFO - [2022-12-21 21:41:44,229] {dag.py:2379} INFO - Sync 2 DAGs
[2022-12-21 21:41:44,256] {logging_mixin.py:115} INFO - [2022-12-21 21:41:44,255] {dag.py:2927} INFO - Setting next_dagrun for example_external_task_marker_child to None, run_after=None
[2022-12-21 21:41:44,256] {logging_mixin.py:115} INFO - [2022-12-21 21:41:44,256] {dag.py:2927} INFO - Setting next_dagrun for example_external_task_marker_parent to None, run_after=None
[2022-12-21 21:41:44,661] {processor.py:161} INFO - Processing /home/nayara/Downloads/EngDados/ALURA/api_twitter/venv/lib/python3.9/site-packages/airflow/example_dags/example_external_task_marker_dag.py took 0.526 seconds
[2022-12-21 21:42:33,609] {processor.py:153} INFO - Started process (PID=16579) to work on /home/nayara/Downloads/EngDados/ALURA/api_twitter/venv/lib/python3.9/site-packages/airflow/example_dags/example_external_task_marker_dag.py
[2022-12-21 21:42:33,649] {processor.py:641} INFO - Processing file /home/nayara/Downloads/EngDados/ALURA/api_twitter/venv/lib/python3.9/site-packages/airflow/example_dags/example_external_task_marker_dag.py for tasks to queue
[2022-12-21 21:42:33,651] {logging_mixin.py:115} INFO - [2022-12-21 21:42:33,651] {dagbag.py:507} INFO - Filling up the DagBag from /home/nayara/Downloads/EngDados/ALURA/api_twitter/venv/lib/python3.9/site-packages/airflow/example_dags/example_external_task_marker_dag.py
[2022-12-21 21:42:33,679] {processor.py:651} INFO - DAG(s) dict_keys(['example_external_task_marker_parent', 'example_external_task_marker_child']) retrieved from /home/nayara/Downloads/EngDados/ALURA/api_twitter/venv/lib/python3.9/site-packages/airflow/example_dags/example_external_task_marker_dag.py
[2022-12-21 21:42:33,764] {logging_mixin.py:115} INFO - [2022-12-21 21:42:33,764] {dag.py:2379} INFO - Sync 2 DAGs
[2022-12-21 21:42:33,790] {logging_mixin.py:115} INFO - [2022-12-21 21:42:33,790] {dag.py:2927} INFO - Setting next_dagrun for example_external_task_marker_child to None, run_after=None
[2022-12-21 21:42:33,791] {logging_mixin.py:115} INFO - [2022-12-21 21:42:33,791] {dag.py:2927} INFO - Setting next_dagrun for example_external_task_marker_parent to None, run_after=None
[2022-12-21 21:42:34,134] {processor.py:161} INFO - Processing /home/nayara/Downloads/EngDados/ALURA/api_twitter/venv/lib/python3.9/site-packages/airflow/example_dags/example_external_task_marker_dag.py took 0.542 seconds
[2022-12-21 21:43:40,760] {processor.py:153} INFO - Started process (PID=16682) to work on /home/nayara/Downloads/EngDados/ALURA/api_twitter/venv/lib/python3.9/site-packages/airflow/example_dags/example_external_task_marker_dag.py
[2022-12-21 21:43:40,776] {processor.py:641} INFO - Processing file /home/nayara/Downloads/EngDados/ALURA/api_twitter/venv/lib/python3.9/site-packages/airflow/example_dags/example_external_task_marker_dag.py for tasks to queue
[2022-12-21 21:43:40,778] {logging_mixin.py:115} INFO - [2022-12-21 21:43:40,778] {dagbag.py:507} INFO - Filling up the DagBag from /home/nayara/Downloads/EngDados/ALURA/api_twitter/venv/lib/python3.9/site-packages/airflow/example_dags/example_external_task_marker_dag.py
[2022-12-21 21:43:40,792] {processor.py:651} INFO - DAG(s) dict_keys(['example_external_task_marker_parent', 'example_external_task_marker_child']) retrieved from /home/nayara/Downloads/EngDados/ALURA/api_twitter/venv/lib/python3.9/site-packages/airflow/example_dags/example_external_task_marker_dag.py
[2022-12-21 21:43:40,825] {logging_mixin.py:115} INFO - [2022-12-21 21:43:40,825] {dag.py:2379} INFO - Sync 2 DAGs
[2022-12-21 21:43:40,848] {logging_mixin.py:115} INFO - [2022-12-21 21:43:40,848] {dag.py:2927} INFO - Setting next_dagrun for example_external_task_marker_child to None, run_after=None
[2022-12-21 21:43:40,848] {logging_mixin.py:115} INFO - [2022-12-21 21:43:40,848] {dag.py:2927} INFO - Setting next_dagrun for example_external_task_marker_parent to None, run_after=None
[2022-12-21 21:43:41,092] {processor.py:161} INFO - Processing /home/nayara/Downloads/EngDados/ALURA/api_twitter/venv/lib/python3.9/site-packages/airflow/example_dags/example_external_task_marker_dag.py took 0.336 seconds
[2022-12-21 21:44:28,977] {processor.py:153} INFO - Started process (PID=16723) to work on /home/nayara/Downloads/EngDados/ALURA/api_twitter/venv/lib/python3.9/site-packages/airflow/example_dags/example_external_task_marker_dag.py
[2022-12-21 21:44:28,978] {processor.py:641} INFO - Processing file /home/nayara/Downloads/EngDados/ALURA/api_twitter/venv/lib/python3.9/site-packages/airflow/example_dags/example_external_task_marker_dag.py for tasks to queue
[2022-12-21 21:44:28,979] {logging_mixin.py:115} INFO - [2022-12-21 21:44:28,979] {dagbag.py:507} INFO - Filling up the DagBag from /home/nayara/Downloads/EngDados/ALURA/api_twitter/venv/lib/python3.9/site-packages/airflow/example_dags/example_external_task_marker_dag.py
[2022-12-21 21:44:28,986] {processor.py:651} INFO - DAG(s) dict_keys(['example_external_task_marker_parent', 'example_external_task_marker_child']) retrieved from /home/nayara/Downloads/EngDados/ALURA/api_twitter/venv/lib/python3.9/site-packages/airflow/example_dags/example_external_task_marker_dag.py
[2022-12-21 21:44:29,017] {logging_mixin.py:115} INFO - [2022-12-21 21:44:29,017] {dag.py:2379} INFO - Sync 2 DAGs
[2022-12-21 21:44:29,038] {logging_mixin.py:115} INFO - [2022-12-21 21:44:29,038] {dag.py:2927} INFO - Setting next_dagrun for example_external_task_marker_child to None, run_after=None
[2022-12-21 21:44:29,039] {logging_mixin.py:115} INFO - [2022-12-21 21:44:29,039] {dag.py:2927} INFO - Setting next_dagrun for example_external_task_marker_parent to None, run_after=None
[2022-12-21 21:44:29,247] {processor.py:161} INFO - Processing /home/nayara/Downloads/EngDados/ALURA/api_twitter/venv/lib/python3.9/site-packages/airflow/example_dags/example_external_task_marker_dag.py took 0.280 seconds
[2022-12-21 21:45:11,244] {processor.py:153} INFO - Started process (PID=16774) to work on /home/nayara/Downloads/EngDados/ALURA/api_twitter/venv/lib/python3.9/site-packages/airflow/example_dags/example_external_task_marker_dag.py
[2022-12-21 21:45:11,260] {processor.py:641} INFO - Processing file /home/nayara/Downloads/EngDados/ALURA/api_twitter/venv/lib/python3.9/site-packages/airflow/example_dags/example_external_task_marker_dag.py for tasks to queue
[2022-12-21 21:45:11,263] {logging_mixin.py:115} INFO - [2022-12-21 21:45:11,263] {dagbag.py:507} INFO - Filling up the DagBag from /home/nayara/Downloads/EngDados/ALURA/api_twitter/venv/lib/python3.9/site-packages/airflow/example_dags/example_external_task_marker_dag.py
[2022-12-21 21:45:11,279] {processor.py:651} INFO - DAG(s) dict_keys(['example_external_task_marker_parent', 'example_external_task_marker_child']) retrieved from /home/nayara/Downloads/EngDados/ALURA/api_twitter/venv/lib/python3.9/site-packages/airflow/example_dags/example_external_task_marker_dag.py
[2022-12-21 21:45:11,325] {logging_mixin.py:115} INFO - [2022-12-21 21:45:11,324] {dag.py:2379} INFO - Sync 2 DAGs
[2022-12-21 21:45:11,355] {logging_mixin.py:115} INFO - [2022-12-21 21:45:11,354] {dag.py:2927} INFO - Setting next_dagrun for example_external_task_marker_child to None, run_after=None
[2022-12-21 21:45:11,355] {logging_mixin.py:115} INFO - [2022-12-21 21:45:11,355] {dag.py:2927} INFO - Setting next_dagrun for example_external_task_marker_parent to None, run_after=None
[2022-12-21 21:45:11,609] {processor.py:161} INFO - Processing /home/nayara/Downloads/EngDados/ALURA/api_twitter/venv/lib/python3.9/site-packages/airflow/example_dags/example_external_task_marker_dag.py took 0.382 seconds
[2022-12-21 21:46:11,354] {processor.py:153} INFO - Started process (PID=17003) to work on /home/nayara/Downloads/EngDados/ALURA/api_twitter/venv/lib/python3.9/site-packages/airflow/example_dags/example_external_task_marker_dag.py
[2022-12-21 21:46:11,369] {processor.py:641} INFO - Processing file /home/nayara/Downloads/EngDados/ALURA/api_twitter/venv/lib/python3.9/site-packages/airflow/example_dags/example_external_task_marker_dag.py for tasks to queue
[2022-12-21 21:46:11,370] {logging_mixin.py:115} INFO - [2022-12-21 21:46:11,370] {dagbag.py:507} INFO - Filling up the DagBag from /home/nayara/Downloads/EngDados/ALURA/api_twitter/venv/lib/python3.9/site-packages/airflow/example_dags/example_external_task_marker_dag.py
[2022-12-21 21:46:11,380] {processor.py:651} INFO - DAG(s) dict_keys(['example_external_task_marker_parent', 'example_external_task_marker_child']) retrieved from /home/nayara/Downloads/EngDados/ALURA/api_twitter/venv/lib/python3.9/site-packages/airflow/example_dags/example_external_task_marker_dag.py
[2022-12-21 21:46:11,425] {logging_mixin.py:115} INFO - [2022-12-21 21:46:11,425] {dag.py:2379} INFO - Sync 2 DAGs
[2022-12-21 21:46:11,453] {logging_mixin.py:115} INFO - [2022-12-21 21:46:11,453] {dag.py:2927} INFO - Setting next_dagrun for example_external_task_marker_child to None, run_after=None
[2022-12-21 21:46:11,454] {logging_mixin.py:115} INFO - [2022-12-21 21:46:11,454] {dag.py:2927} INFO - Setting next_dagrun for example_external_task_marker_parent to None, run_after=None
[2022-12-21 21:46:11,661] {processor.py:161} INFO - Processing /home/nayara/Downloads/EngDados/ALURA/api_twitter/venv/lib/python3.9/site-packages/airflow/example_dags/example_external_task_marker_dag.py took 0.314 seconds
[2022-12-21 21:47:15,817] {processor.py:153} INFO - Started process (PID=17316) to work on /home/nayara/Downloads/EngDados/ALURA/api_twitter/venv/lib/python3.9/site-packages/airflow/example_dags/example_external_task_marker_dag.py
[2022-12-21 21:47:15,846] {processor.py:641} INFO - Processing file /home/nayara/Downloads/EngDados/ALURA/api_twitter/venv/lib/python3.9/site-packages/airflow/example_dags/example_external_task_marker_dag.py for tasks to queue
[2022-12-21 21:47:15,849] {logging_mixin.py:115} INFO - [2022-12-21 21:47:15,848] {dagbag.py:507} INFO - Filling up the DagBag from /home/nayara/Downloads/EngDados/ALURA/api_twitter/venv/lib/python3.9/site-packages/airflow/example_dags/example_external_task_marker_dag.py
[2022-12-21 21:47:15,872] {processor.py:651} INFO - DAG(s) dict_keys(['example_external_task_marker_parent', 'example_external_task_marker_child']) retrieved from /home/nayara/Downloads/EngDados/ALURA/api_twitter/venv/lib/python3.9/site-packages/airflow/example_dags/example_external_task_marker_dag.py
[2022-12-21 21:47:15,931] {logging_mixin.py:115} INFO - [2022-12-21 21:47:15,931] {dag.py:2379} INFO - Sync 2 DAGs
[2022-12-21 21:47:15,953] {logging_mixin.py:115} INFO - [2022-12-21 21:47:15,953] {dag.py:2927} INFO - Setting next_dagrun for example_external_task_marker_child to None, run_after=None
[2022-12-21 21:47:15,953] {logging_mixin.py:115} INFO - [2022-12-21 21:47:15,953] {dag.py:2927} INFO - Setting next_dagrun for example_external_task_marker_parent to None, run_after=None
[2022-12-21 21:47:16,219] {processor.py:161} INFO - Processing /home/nayara/Downloads/EngDados/ALURA/api_twitter/venv/lib/python3.9/site-packages/airflow/example_dags/example_external_task_marker_dag.py took 0.417 seconds
[2022-12-21 21:48:02,055] {processor.py:153} INFO - Started process (PID=17428) to work on /home/nayara/Downloads/EngDados/ALURA/api_twitter/venv/lib/python3.9/site-packages/airflow/example_dags/example_external_task_marker_dag.py
[2022-12-21 21:48:02,057] {processor.py:641} INFO - Processing file /home/nayara/Downloads/EngDados/ALURA/api_twitter/venv/lib/python3.9/site-packages/airflow/example_dags/example_external_task_marker_dag.py for tasks to queue
[2022-12-21 21:48:02,058] {logging_mixin.py:115} INFO - [2022-12-21 21:48:02,058] {dagbag.py:507} INFO - Filling up the DagBag from /home/nayara/Downloads/EngDados/ALURA/api_twitter/venv/lib/python3.9/site-packages/airflow/example_dags/example_external_task_marker_dag.py
[2022-12-21 21:48:02,066] {processor.py:651} INFO - DAG(s) dict_keys(['example_external_task_marker_parent', 'example_external_task_marker_child']) retrieved from /home/nayara/Downloads/EngDados/ALURA/api_twitter/venv/lib/python3.9/site-packages/airflow/example_dags/example_external_task_marker_dag.py
[2022-12-21 21:48:02,124] {logging_mixin.py:115} INFO - [2022-12-21 21:48:02,123] {dag.py:2379} INFO - Sync 2 DAGs
[2022-12-21 21:48:02,158] {logging_mixin.py:115} INFO - [2022-12-21 21:48:02,158] {dag.py:2927} INFO - Setting next_dagrun for example_external_task_marker_child to None, run_after=None
[2022-12-21 21:48:02,159] {logging_mixin.py:115} INFO - [2022-12-21 21:48:02,159] {dag.py:2927} INFO - Setting next_dagrun for example_external_task_marker_parent to None, run_after=None
[2022-12-21 21:48:02,790] {processor.py:161} INFO - Processing /home/nayara/Downloads/EngDados/ALURA/api_twitter/venv/lib/python3.9/site-packages/airflow/example_dags/example_external_task_marker_dag.py took 0.743 seconds
[2022-12-21 21:48:49,123] {processor.py:153} INFO - Started process (PID=17477) to work on /home/nayara/Downloads/EngDados/ALURA/api_twitter/venv/lib/python3.9/site-packages/airflow/example_dags/example_external_task_marker_dag.py
[2022-12-21 21:48:49,131] {processor.py:641} INFO - Processing file /home/nayara/Downloads/EngDados/ALURA/api_twitter/venv/lib/python3.9/site-packages/airflow/example_dags/example_external_task_marker_dag.py for tasks to queue
[2022-12-21 21:48:49,134] {logging_mixin.py:115} INFO - [2022-12-21 21:48:49,134] {dagbag.py:507} INFO - Filling up the DagBag from /home/nayara/Downloads/EngDados/ALURA/api_twitter/venv/lib/python3.9/site-packages/airflow/example_dags/example_external_task_marker_dag.py
[2022-12-21 21:48:49,161] {processor.py:651} INFO - DAG(s) dict_keys(['example_external_task_marker_parent', 'example_external_task_marker_child']) retrieved from /home/nayara/Downloads/EngDados/ALURA/api_twitter/venv/lib/python3.9/site-packages/airflow/example_dags/example_external_task_marker_dag.py
[2022-12-21 21:48:49,218] {logging_mixin.py:115} INFO - [2022-12-21 21:48:49,218] {dag.py:2379} INFO - Sync 2 DAGs
[2022-12-21 21:48:49,248] {logging_mixin.py:115} INFO - [2022-12-21 21:48:49,248] {dag.py:2927} INFO - Setting next_dagrun for example_external_task_marker_child to None, run_after=None
[2022-12-21 21:48:49,249] {logging_mixin.py:115} INFO - [2022-12-21 21:48:49,249] {dag.py:2927} INFO - Setting next_dagrun for example_external_task_marker_parent to None, run_after=None
[2022-12-21 21:48:49,477] {processor.py:161} INFO - Processing /home/nayara/Downloads/EngDados/ALURA/api_twitter/venv/lib/python3.9/site-packages/airflow/example_dags/example_external_task_marker_dag.py took 0.375 seconds
[2022-12-21 21:49:43,771] {processor.py:153} INFO - Started process (PID=17536) to work on /home/nayara/Downloads/EngDados/ALURA/api_twitter/venv/lib/python3.9/site-packages/airflow/example_dags/example_external_task_marker_dag.py
[2022-12-21 21:49:43,787] {processor.py:641} INFO - Processing file /home/nayara/Downloads/EngDados/ALURA/api_twitter/venv/lib/python3.9/site-packages/airflow/example_dags/example_external_task_marker_dag.py for tasks to queue
[2022-12-21 21:49:43,788] {logging_mixin.py:115} INFO - [2022-12-21 21:49:43,788] {dagbag.py:507} INFO - Filling up the DagBag from /home/nayara/Downloads/EngDados/ALURA/api_twitter/venv/lib/python3.9/site-packages/airflow/example_dags/example_external_task_marker_dag.py
[2022-12-21 21:49:43,800] {processor.py:651} INFO - DAG(s) dict_keys(['example_external_task_marker_parent', 'example_external_task_marker_child']) retrieved from /home/nayara/Downloads/EngDados/ALURA/api_twitter/venv/lib/python3.9/site-packages/airflow/example_dags/example_external_task_marker_dag.py
[2022-12-21 21:49:43,835] {logging_mixin.py:115} INFO - [2022-12-21 21:49:43,834] {dag.py:2379} INFO - Sync 2 DAGs
[2022-12-21 21:49:43,858] {logging_mixin.py:115} INFO - [2022-12-21 21:49:43,858] {dag.py:2927} INFO - Setting next_dagrun for example_external_task_marker_child to None, run_after=None
[2022-12-21 21:49:43,858] {logging_mixin.py:115} INFO - [2022-12-21 21:49:43,858] {dag.py:2927} INFO - Setting next_dagrun for example_external_task_marker_parent to None, run_after=None
[2022-12-21 21:49:44,099] {processor.py:161} INFO - Processing /home/nayara/Downloads/EngDados/ALURA/api_twitter/venv/lib/python3.9/site-packages/airflow/example_dags/example_external_task_marker_dag.py took 0.341 seconds
[2022-12-21 21:50:30,353] {processor.py:153} INFO - Started process (PID=17761) to work on /home/nayara/Downloads/EngDados/ALURA/api_twitter/venv/lib/python3.9/site-packages/airflow/example_dags/example_external_task_marker_dag.py
[2022-12-21 21:50:30,355] {processor.py:641} INFO - Processing file /home/nayara/Downloads/EngDados/ALURA/api_twitter/venv/lib/python3.9/site-packages/airflow/example_dags/example_external_task_marker_dag.py for tasks to queue
[2022-12-21 21:50:30,356] {logging_mixin.py:115} INFO - [2022-12-21 21:50:30,356] {dagbag.py:507} INFO - Filling up the DagBag from /home/nayara/Downloads/EngDados/ALURA/api_twitter/venv/lib/python3.9/site-packages/airflow/example_dags/example_external_task_marker_dag.py
[2022-12-21 21:50:30,365] {processor.py:651} INFO - DAG(s) dict_keys(['example_external_task_marker_parent', 'example_external_task_marker_child']) retrieved from /home/nayara/Downloads/EngDados/ALURA/api_twitter/venv/lib/python3.9/site-packages/airflow/example_dags/example_external_task_marker_dag.py
[2022-12-21 21:50:30,400] {logging_mixin.py:115} INFO - [2022-12-21 21:50:30,400] {dag.py:2379} INFO - Sync 2 DAGs
[2022-12-21 21:50:30,423] {logging_mixin.py:115} INFO - [2022-12-21 21:50:30,423] {dag.py:2927} INFO - Setting next_dagrun for example_external_task_marker_child to None, run_after=None
[2022-12-21 21:50:30,423] {logging_mixin.py:115} INFO - [2022-12-21 21:50:30,423] {dag.py:2927} INFO - Setting next_dagrun for example_external_task_marker_parent to None, run_after=None
[2022-12-21 21:50:30,613] {processor.py:161} INFO - Processing /home/nayara/Downloads/EngDados/ALURA/api_twitter/venv/lib/python3.9/site-packages/airflow/example_dags/example_external_task_marker_dag.py took 0.269 seconds
[2022-12-21 21:51:27,530] {processor.py:153} INFO - Started process (PID=17881) to work on /home/nayara/Downloads/EngDados/ALURA/api_twitter/venv/lib/python3.9/site-packages/airflow/example_dags/example_external_task_marker_dag.py
[2022-12-21 21:51:27,531] {processor.py:641} INFO - Processing file /home/nayara/Downloads/EngDados/ALURA/api_twitter/venv/lib/python3.9/site-packages/airflow/example_dags/example_external_task_marker_dag.py for tasks to queue
[2022-12-21 21:51:27,532] {logging_mixin.py:115} INFO - [2022-12-21 21:51:27,532] {dagbag.py:507} INFO - Filling up the DagBag from /home/nayara/Downloads/EngDados/ALURA/api_twitter/venv/lib/python3.9/site-packages/airflow/example_dags/example_external_task_marker_dag.py
[2022-12-21 21:51:27,538] {processor.py:651} INFO - DAG(s) dict_keys(['example_external_task_marker_parent', 'example_external_task_marker_child']) retrieved from /home/nayara/Downloads/EngDados/ALURA/api_twitter/venv/lib/python3.9/site-packages/airflow/example_dags/example_external_task_marker_dag.py
[2022-12-21 21:51:27,569] {logging_mixin.py:115} INFO - [2022-12-21 21:51:27,569] {dag.py:2379} INFO - Sync 2 DAGs
[2022-12-21 21:51:27,591] {logging_mixin.py:115} INFO - [2022-12-21 21:51:27,590] {dag.py:2927} INFO - Setting next_dagrun for example_external_task_marker_child to None, run_after=None
[2022-12-21 21:51:27,591] {logging_mixin.py:115} INFO - [2022-12-21 21:51:27,591] {dag.py:2927} INFO - Setting next_dagrun for example_external_task_marker_parent to None, run_after=None
[2022-12-21 21:51:27,819] {processor.py:161} INFO - Processing /home/nayara/Downloads/EngDados/ALURA/api_twitter/venv/lib/python3.9/site-packages/airflow/example_dags/example_external_task_marker_dag.py took 0.293 seconds
[2022-12-21 21:52:14,975] {processor.py:153} INFO - Started process (PID=17988) to work on /home/nayara/Downloads/EngDados/ALURA/api_twitter/venv/lib/python3.9/site-packages/airflow/example_dags/example_external_task_marker_dag.py
[2022-12-21 21:52:14,976] {processor.py:641} INFO - Processing file /home/nayara/Downloads/EngDados/ALURA/api_twitter/venv/lib/python3.9/site-packages/airflow/example_dags/example_external_task_marker_dag.py for tasks to queue
[2022-12-21 21:52:14,977] {logging_mixin.py:115} INFO - [2022-12-21 21:52:14,976] {dagbag.py:507} INFO - Filling up the DagBag from /home/nayara/Downloads/EngDados/ALURA/api_twitter/venv/lib/python3.9/site-packages/airflow/example_dags/example_external_task_marker_dag.py
[2022-12-21 21:52:14,985] {processor.py:651} INFO - DAG(s) dict_keys(['example_external_task_marker_parent', 'example_external_task_marker_child']) retrieved from /home/nayara/Downloads/EngDados/ALURA/api_twitter/venv/lib/python3.9/site-packages/airflow/example_dags/example_external_task_marker_dag.py
[2022-12-21 21:52:15,024] {logging_mixin.py:115} INFO - [2022-12-21 21:52:15,023] {dag.py:2379} INFO - Sync 2 DAGs
[2022-12-21 21:52:15,050] {logging_mixin.py:115} INFO - [2022-12-21 21:52:15,050] {dag.py:2927} INFO - Setting next_dagrun for example_external_task_marker_child to None, run_after=None
[2022-12-21 21:52:15,051] {logging_mixin.py:115} INFO - [2022-12-21 21:52:15,051] {dag.py:2927} INFO - Setting next_dagrun for example_external_task_marker_parent to None, run_after=None
[2022-12-21 21:52:15,340] {processor.py:161} INFO - Processing /home/nayara/Downloads/EngDados/ALURA/api_twitter/venv/lib/python3.9/site-packages/airflow/example_dags/example_external_task_marker_dag.py took 0.372 seconds
[2022-12-21 21:53:12,693] {processor.py:153} INFO - Started process (PID=18220) to work on /home/nayara/Downloads/EngDados/ALURA/api_twitter/venv/lib/python3.9/site-packages/airflow/example_dags/example_external_task_marker_dag.py
[2022-12-21 21:53:12,711] {processor.py:641} INFO - Processing file /home/nayara/Downloads/EngDados/ALURA/api_twitter/venv/lib/python3.9/site-packages/airflow/example_dags/example_external_task_marker_dag.py for tasks to queue
[2022-12-21 21:53:12,714] {logging_mixin.py:115} INFO - [2022-12-21 21:53:12,714] {dagbag.py:507} INFO - Filling up the DagBag from /home/nayara/Downloads/EngDados/ALURA/api_twitter/venv/lib/python3.9/site-packages/airflow/example_dags/example_external_task_marker_dag.py
[2022-12-21 21:53:12,741] {processor.py:651} INFO - DAG(s) dict_keys(['example_external_task_marker_parent', 'example_external_task_marker_child']) retrieved from /home/nayara/Downloads/EngDados/ALURA/api_twitter/venv/lib/python3.9/site-packages/airflow/example_dags/example_external_task_marker_dag.py
[2022-12-21 21:53:12,798] {logging_mixin.py:115} INFO - [2022-12-21 21:53:12,798] {dag.py:2379} INFO - Sync 2 DAGs
[2022-12-21 21:53:12,823] {logging_mixin.py:115} INFO - [2022-12-21 21:53:12,823] {dag.py:2927} INFO - Setting next_dagrun for example_external_task_marker_child to None, run_after=None
[2022-12-21 21:53:12,823] {logging_mixin.py:115} INFO - [2022-12-21 21:53:12,823] {dag.py:2927} INFO - Setting next_dagrun for example_external_task_marker_parent to None, run_after=None
[2022-12-21 21:53:13,032] {processor.py:161} INFO - Processing /home/nayara/Downloads/EngDados/ALURA/api_twitter/venv/lib/python3.9/site-packages/airflow/example_dags/example_external_task_marker_dag.py took 0.356 seconds
[2022-12-21 21:54:04,341] {processor.py:153} INFO - Started process (PID=18369) to work on /home/nayara/Downloads/EngDados/ALURA/api_twitter/venv/lib/python3.9/site-packages/airflow/example_dags/example_external_task_marker_dag.py
[2022-12-21 21:54:04,346] {processor.py:641} INFO - Processing file /home/nayara/Downloads/EngDados/ALURA/api_twitter/venv/lib/python3.9/site-packages/airflow/example_dags/example_external_task_marker_dag.py for tasks to queue
[2022-12-21 21:54:04,348] {logging_mixin.py:115} INFO - [2022-12-21 21:54:04,348] {dagbag.py:507} INFO - Filling up the DagBag from /home/nayara/Downloads/EngDados/ALURA/api_twitter/venv/lib/python3.9/site-packages/airflow/example_dags/example_external_task_marker_dag.py
[2022-12-21 21:54:04,358] {processor.py:651} INFO - DAG(s) dict_keys(['example_external_task_marker_parent', 'example_external_task_marker_child']) retrieved from /home/nayara/Downloads/EngDados/ALURA/api_twitter/venv/lib/python3.9/site-packages/airflow/example_dags/example_external_task_marker_dag.py
[2022-12-21 21:54:04,391] {logging_mixin.py:115} INFO - [2022-12-21 21:54:04,391] {dag.py:2379} INFO - Sync 2 DAGs
[2022-12-21 21:54:04,413] {logging_mixin.py:115} INFO - [2022-12-21 21:54:04,413] {dag.py:2927} INFO - Setting next_dagrun for example_external_task_marker_child to None, run_after=None
[2022-12-21 21:54:04,413] {logging_mixin.py:115} INFO - [2022-12-21 21:54:04,413] {dag.py:2927} INFO - Setting next_dagrun for example_external_task_marker_parent to None, run_after=None
[2022-12-21 21:54:04,614] {processor.py:161} INFO - Processing /home/nayara/Downloads/EngDados/ALURA/api_twitter/venv/lib/python3.9/site-packages/airflow/example_dags/example_external_task_marker_dag.py took 0.281 seconds
[2022-12-21 21:54:55,437] {processor.py:153} INFO - Started process (PID=18454) to work on /home/nayara/Downloads/EngDados/ALURA/api_twitter/venv/lib/python3.9/site-packages/airflow/example_dags/example_external_task_marker_dag.py
[2022-12-21 21:54:55,469] {processor.py:641} INFO - Processing file /home/nayara/Downloads/EngDados/ALURA/api_twitter/venv/lib/python3.9/site-packages/airflow/example_dags/example_external_task_marker_dag.py for tasks to queue
[2022-12-21 21:54:55,472] {logging_mixin.py:115} INFO - [2022-12-21 21:54:55,472] {dagbag.py:507} INFO - Filling up the DagBag from /home/nayara/Downloads/EngDados/ALURA/api_twitter/venv/lib/python3.9/site-packages/airflow/example_dags/example_external_task_marker_dag.py
[2022-12-21 21:54:55,498] {processor.py:651} INFO - DAG(s) dict_keys(['example_external_task_marker_parent', 'example_external_task_marker_child']) retrieved from /home/nayara/Downloads/EngDados/ALURA/api_twitter/venv/lib/python3.9/site-packages/airflow/example_dags/example_external_task_marker_dag.py
[2022-12-21 21:54:55,562] {logging_mixin.py:115} INFO - [2022-12-21 21:54:55,561] {dag.py:2379} INFO - Sync 2 DAGs
[2022-12-21 21:54:55,590] {logging_mixin.py:115} INFO - [2022-12-21 21:54:55,590] {dag.py:2927} INFO - Setting next_dagrun for example_external_task_marker_child to None, run_after=None
[2022-12-21 21:54:55,590] {logging_mixin.py:115} INFO - [2022-12-21 21:54:55,590] {dag.py:2927} INFO - Setting next_dagrun for example_external_task_marker_parent to None, run_after=None
[2022-12-21 21:54:55,834] {processor.py:161} INFO - Processing /home/nayara/Downloads/EngDados/ALURA/api_twitter/venv/lib/python3.9/site-packages/airflow/example_dags/example_external_task_marker_dag.py took 0.415 seconds
