[2022-12-21 21:37:07,333] {processor.py:153} INFO - Started process (PID=15955) to work on /home/nayara/Downloads/EngDados/ALURA/api_twitter/venv/lib/python3.9/site-packages/airflow/example_dags/example_python_operator.py
[2022-12-21 21:37:07,335] {processor.py:641} INFO - Processing file /home/nayara/Downloads/EngDados/ALURA/api_twitter/venv/lib/python3.9/site-packages/airflow/example_dags/example_python_operator.py for tasks to queue
[2022-12-21 21:37:07,336] {logging_mixin.py:115} INFO - [2022-12-21 21:37:07,336] {dagbag.py:507} INFO - Filling up the DagBag from /home/nayara/Downloads/EngDados/ALURA/api_twitter/venv/lib/python3.9/site-packages/airflow/example_dags/example_python_operator.py
[2022-12-21 21:37:07,366] {processor.py:651} INFO - DAG(s) dict_keys(['example_python_operator']) retrieved from /home/nayara/Downloads/EngDados/ALURA/api_twitter/venv/lib/python3.9/site-packages/airflow/example_dags/example_python_operator.py
[2022-12-21 21:37:08,145] {logging_mixin.py:115} INFO - [2022-12-21 21:37:08,144] {manager.py:508} INFO - Created Permission View: can read on DAG:example_python_operator
[2022-12-21 21:37:08,498] {logging_mixin.py:115} INFO - [2022-12-21 21:37:08,498] {manager.py:508} INFO - Created Permission View: can delete on DAG:example_python_operator
[2022-12-21 21:37:08,751] {logging_mixin.py:115} INFO - [2022-12-21 21:37:08,751] {manager.py:508} INFO - Created Permission View: can edit on DAG:example_python_operator
[2022-12-21 21:37:08,753] {logging_mixin.py:115} INFO - [2022-12-21 21:37:08,752] {dag.py:2379} INFO - Sync 1 DAGs
[2022-12-21 21:37:08,781] {logging_mixin.py:115} INFO - [2022-12-21 21:37:08,781] {dag.py:2398} INFO - Creating ORM DAG for example_python_operator
[2022-12-21 21:37:08,794] {logging_mixin.py:115} INFO - [2022-12-21 21:37:08,794] {dag.py:2927} INFO - Setting next_dagrun for example_python_operator to None, run_after=None
[2022-12-21 21:37:09,102] {processor.py:161} INFO - Processing /home/nayara/Downloads/EngDados/ALURA/api_twitter/venv/lib/python3.9/site-packages/airflow/example_dags/example_python_operator.py took 1.787 seconds
[2022-12-21 21:38:46,739] {processor.py:153} INFO - Started process (PID=16209) to work on /home/nayara/Downloads/EngDados/ALURA/api_twitter/venv/lib/python3.9/site-packages/airflow/example_dags/example_python_operator.py
[2022-12-21 21:38:46,783] {processor.py:641} INFO - Processing file /home/nayara/Downloads/EngDados/ALURA/api_twitter/venv/lib/python3.9/site-packages/airflow/example_dags/example_python_operator.py for tasks to queue
[2022-12-21 21:38:46,784] {logging_mixin.py:115} INFO - [2022-12-21 21:38:46,784] {dagbag.py:507} INFO - Filling up the DagBag from /home/nayara/Downloads/EngDados/ALURA/api_twitter/venv/lib/python3.9/site-packages/airflow/example_dags/example_python_operator.py
[2022-12-21 21:38:46,936] {processor.py:651} INFO - DAG(s) dict_keys(['example_python_operator']) retrieved from /home/nayara/Downloads/EngDados/ALURA/api_twitter/venv/lib/python3.9/site-packages/airflow/example_dags/example_python_operator.py
[2022-12-21 21:38:46,967] {logging_mixin.py:115} INFO - [2022-12-21 21:38:46,967] {dag.py:2379} INFO - Sync 1 DAGs
[2022-12-21 21:38:46,994] {logging_mixin.py:115} INFO - [2022-12-21 21:38:46,993] {dag.py:2927} INFO - Setting next_dagrun for example_python_operator to None, run_after=None
[2022-12-21 21:38:47,553] {processor.py:161} INFO - Processing /home/nayara/Downloads/EngDados/ALURA/api_twitter/venv/lib/python3.9/site-packages/airflow/example_dags/example_python_operator.py took 0.825 seconds
[2022-12-21 21:39:42,969] {processor.py:153} INFO - Started process (PID=16296) to work on /home/nayara/Downloads/EngDados/ALURA/api_twitter/venv/lib/python3.9/site-packages/airflow/example_dags/example_python_operator.py
[2022-12-21 21:39:42,985] {processor.py:641} INFO - Processing file /home/nayara/Downloads/EngDados/ALURA/api_twitter/venv/lib/python3.9/site-packages/airflow/example_dags/example_python_operator.py for tasks to queue
[2022-12-21 21:39:42,986] {logging_mixin.py:115} INFO - [2022-12-21 21:39:42,986] {dagbag.py:507} INFO - Filling up the DagBag from /home/nayara/Downloads/EngDados/ALURA/api_twitter/venv/lib/python3.9/site-packages/airflow/example_dags/example_python_operator.py
[2022-12-21 21:39:43,013] {processor.py:651} INFO - DAG(s) dict_keys(['example_python_operator']) retrieved from /home/nayara/Downloads/EngDados/ALURA/api_twitter/venv/lib/python3.9/site-packages/airflow/example_dags/example_python_operator.py
[2022-12-21 21:39:43,034] {logging_mixin.py:115} INFO - [2022-12-21 21:39:43,034] {dag.py:2379} INFO - Sync 1 DAGs
[2022-12-21 21:39:43,067] {logging_mixin.py:115} INFO - [2022-12-21 21:39:43,066] {dag.py:2927} INFO - Setting next_dagrun for example_python_operator to None, run_after=None
[2022-12-21 21:39:43,269] {processor.py:161} INFO - Processing /home/nayara/Downloads/EngDados/ALURA/api_twitter/venv/lib/python3.9/site-packages/airflow/example_dags/example_python_operator.py took 0.304 seconds
[2022-12-21 21:40:24,341] {processor.py:153} INFO - Started process (PID=16344) to work on /home/nayara/Downloads/EngDados/ALURA/api_twitter/venv/lib/python3.9/site-packages/airflow/example_dags/example_python_operator.py
[2022-12-21 21:40:24,370] {processor.py:641} INFO - Processing file /home/nayara/Downloads/EngDados/ALURA/api_twitter/venv/lib/python3.9/site-packages/airflow/example_dags/example_python_operator.py for tasks to queue
[2022-12-21 21:40:24,371] {logging_mixin.py:115} INFO - [2022-12-21 21:40:24,371] {dagbag.py:507} INFO - Filling up the DagBag from /home/nayara/Downloads/EngDados/ALURA/api_twitter/venv/lib/python3.9/site-packages/airflow/example_dags/example_python_operator.py
[2022-12-21 21:40:24,396] {processor.py:651} INFO - DAG(s) dict_keys(['example_python_operator']) retrieved from /home/nayara/Downloads/EngDados/ALURA/api_twitter/venv/lib/python3.9/site-packages/airflow/example_dags/example_python_operator.py
[2022-12-21 21:40:24,421] {logging_mixin.py:115} INFO - [2022-12-21 21:40:24,421] {dag.py:2379} INFO - Sync 1 DAGs
[2022-12-21 21:40:24,448] {logging_mixin.py:115} INFO - [2022-12-21 21:40:24,448] {dag.py:2927} INFO - Setting next_dagrun for example_python_operator to None, run_after=None
[2022-12-21 21:40:25,099] {processor.py:161} INFO - Processing /home/nayara/Downloads/EngDados/ALURA/api_twitter/venv/lib/python3.9/site-packages/airflow/example_dags/example_python_operator.py took 0.763 seconds
[2022-12-21 21:41:13,520] {processor.py:153} INFO - Started process (PID=16412) to work on /home/nayara/Downloads/EngDados/ALURA/api_twitter/venv/lib/python3.9/site-packages/airflow/example_dags/example_python_operator.py
[2022-12-21 21:41:13,521] {processor.py:641} INFO - Processing file /home/nayara/Downloads/EngDados/ALURA/api_twitter/venv/lib/python3.9/site-packages/airflow/example_dags/example_python_operator.py for tasks to queue
[2022-12-21 21:41:13,522] {logging_mixin.py:115} INFO - [2022-12-21 21:41:13,522] {dagbag.py:507} INFO - Filling up the DagBag from /home/nayara/Downloads/EngDados/ALURA/api_twitter/venv/lib/python3.9/site-packages/airflow/example_dags/example_python_operator.py
[2022-12-21 21:41:13,558] {processor.py:651} INFO - DAG(s) dict_keys(['example_python_operator']) retrieved from /home/nayara/Downloads/EngDados/ALURA/api_twitter/venv/lib/python3.9/site-packages/airflow/example_dags/example_python_operator.py
[2022-12-21 21:41:13,581] {logging_mixin.py:115} INFO - [2022-12-21 21:41:13,581] {dag.py:2379} INFO - Sync 1 DAGs
[2022-12-21 21:41:13,608] {logging_mixin.py:115} INFO - [2022-12-21 21:41:13,608] {dag.py:2927} INFO - Setting next_dagrun for example_python_operator to None, run_after=None
[2022-12-21 21:41:14,177] {processor.py:161} INFO - Processing /home/nayara/Downloads/EngDados/ALURA/api_twitter/venv/lib/python3.9/site-packages/airflow/example_dags/example_python_operator.py took 0.662 seconds
[2022-12-21 21:42:09,186] {processor.py:153} INFO - Started process (PID=16557) to work on /home/nayara/Downloads/EngDados/ALURA/api_twitter/venv/lib/python3.9/site-packages/airflow/example_dags/example_python_operator.py
[2022-12-21 21:42:09,189] {processor.py:641} INFO - Processing file /home/nayara/Downloads/EngDados/ALURA/api_twitter/venv/lib/python3.9/site-packages/airflow/example_dags/example_python_operator.py for tasks to queue
[2022-12-21 21:42:09,191] {logging_mixin.py:115} INFO - [2022-12-21 21:42:09,190] {dagbag.py:507} INFO - Filling up the DagBag from /home/nayara/Downloads/EngDados/ALURA/api_twitter/venv/lib/python3.9/site-packages/airflow/example_dags/example_python_operator.py
[2022-12-21 21:42:09,247] {processor.py:651} INFO - DAG(s) dict_keys(['example_python_operator']) retrieved from /home/nayara/Downloads/EngDados/ALURA/api_twitter/venv/lib/python3.9/site-packages/airflow/example_dags/example_python_operator.py
[2022-12-21 21:42:09,274] {logging_mixin.py:115} INFO - [2022-12-21 21:42:09,273] {dag.py:2379} INFO - Sync 1 DAGs
[2022-12-21 21:42:09,304] {logging_mixin.py:115} INFO - [2022-12-21 21:42:09,304] {dag.py:2927} INFO - Setting next_dagrun for example_python_operator to None, run_after=None
[2022-12-21 21:42:09,540] {processor.py:161} INFO - Processing /home/nayara/Downloads/EngDados/ALURA/api_twitter/venv/lib/python3.9/site-packages/airflow/example_dags/example_python_operator.py took 0.366 seconds
[2022-12-21 21:42:51,758] {processor.py:153} INFO - Started process (PID=16607) to work on /home/nayara/Downloads/EngDados/ALURA/api_twitter/venv/lib/python3.9/site-packages/airflow/example_dags/example_python_operator.py
[2022-12-21 21:42:51,809] {processor.py:641} INFO - Processing file /home/nayara/Downloads/EngDados/ALURA/api_twitter/venv/lib/python3.9/site-packages/airflow/example_dags/example_python_operator.py for tasks to queue
[2022-12-21 21:42:51,811] {logging_mixin.py:115} INFO - [2022-12-21 21:42:51,811] {dagbag.py:507} INFO - Filling up the DagBag from /home/nayara/Downloads/EngDados/ALURA/api_twitter/venv/lib/python3.9/site-packages/airflow/example_dags/example_python_operator.py
[2022-12-21 21:42:51,877] {processor.py:651} INFO - DAG(s) dict_keys(['example_python_operator']) retrieved from /home/nayara/Downloads/EngDados/ALURA/api_twitter/venv/lib/python3.9/site-packages/airflow/example_dags/example_python_operator.py
[2022-12-21 21:42:51,899] {logging_mixin.py:115} INFO - [2022-12-21 21:42:51,899] {dag.py:2379} INFO - Sync 1 DAGs
[2022-12-21 21:42:51,921] {logging_mixin.py:115} INFO - [2022-12-21 21:42:51,921] {dag.py:2927} INFO - Setting next_dagrun for example_python_operator to None, run_after=None
[2022-12-21 21:42:52,337] {processor.py:161} INFO - Processing /home/nayara/Downloads/EngDados/ALURA/api_twitter/venv/lib/python3.9/site-packages/airflow/example_dags/example_python_operator.py took 0.594 seconds
[2022-12-21 21:43:39,215] {processor.py:153} INFO - Started process (PID=16681) to work on /home/nayara/Downloads/EngDados/ALURA/api_twitter/venv/lib/python3.9/site-packages/airflow/example_dags/example_python_operator.py
[2022-12-21 21:43:39,234] {processor.py:641} INFO - Processing file /home/nayara/Downloads/EngDados/ALURA/api_twitter/venv/lib/python3.9/site-packages/airflow/example_dags/example_python_operator.py for tasks to queue
[2022-12-21 21:43:39,236] {logging_mixin.py:115} INFO - [2022-12-21 21:43:39,236] {dagbag.py:507} INFO - Filling up the DagBag from /home/nayara/Downloads/EngDados/ALURA/api_twitter/venv/lib/python3.9/site-packages/airflow/example_dags/example_python_operator.py
[2022-12-21 21:43:39,276] {processor.py:651} INFO - DAG(s) dict_keys(['example_python_operator']) retrieved from /home/nayara/Downloads/EngDados/ALURA/api_twitter/venv/lib/python3.9/site-packages/airflow/example_dags/example_python_operator.py
[2022-12-21 21:43:39,295] {logging_mixin.py:115} INFO - [2022-12-21 21:43:39,295] {dag.py:2379} INFO - Sync 1 DAGs
[2022-12-21 21:43:39,316] {logging_mixin.py:115} INFO - [2022-12-21 21:43:39,316] {dag.py:2927} INFO - Setting next_dagrun for example_python_operator to None, run_after=None
[2022-12-21 21:43:39,702] {processor.py:161} INFO - Processing /home/nayara/Downloads/EngDados/ALURA/api_twitter/venv/lib/python3.9/site-packages/airflow/example_dags/example_python_operator.py took 0.492 seconds
[2022-12-21 21:44:28,125] {processor.py:153} INFO - Started process (PID=16722) to work on /home/nayara/Downloads/EngDados/ALURA/api_twitter/venv/lib/python3.9/site-packages/airflow/example_dags/example_python_operator.py
[2022-12-21 21:44:28,127] {processor.py:641} INFO - Processing file /home/nayara/Downloads/EngDados/ALURA/api_twitter/venv/lib/python3.9/site-packages/airflow/example_dags/example_python_operator.py for tasks to queue
[2022-12-21 21:44:28,128] {logging_mixin.py:115} INFO - [2022-12-21 21:44:28,128] {dagbag.py:507} INFO - Filling up the DagBag from /home/nayara/Downloads/EngDados/ALURA/api_twitter/venv/lib/python3.9/site-packages/airflow/example_dags/example_python_operator.py
[2022-12-21 21:44:28,153] {processor.py:651} INFO - DAG(s) dict_keys(['example_python_operator']) retrieved from /home/nayara/Downloads/EngDados/ALURA/api_twitter/venv/lib/python3.9/site-packages/airflow/example_dags/example_python_operator.py
[2022-12-21 21:44:28,172] {logging_mixin.py:115} INFO - [2022-12-21 21:44:28,172] {dag.py:2379} INFO - Sync 1 DAGs
[2022-12-21 21:44:28,194] {logging_mixin.py:115} INFO - [2022-12-21 21:44:28,194] {dag.py:2927} INFO - Setting next_dagrun for example_python_operator to None, run_after=None
[2022-12-21 21:44:28,402] {processor.py:161} INFO - Processing /home/nayara/Downloads/EngDados/ALURA/api_twitter/venv/lib/python3.9/site-packages/airflow/example_dags/example_python_operator.py took 0.291 seconds
[2022-12-21 21:45:09,744] {processor.py:153} INFO - Started process (PID=16773) to work on /home/nayara/Downloads/EngDados/ALURA/api_twitter/venv/lib/python3.9/site-packages/airflow/example_dags/example_python_operator.py
[2022-12-21 21:45:09,769] {processor.py:641} INFO - Processing file /home/nayara/Downloads/EngDados/ALURA/api_twitter/venv/lib/python3.9/site-packages/airflow/example_dags/example_python_operator.py for tasks to queue
[2022-12-21 21:45:09,770] {logging_mixin.py:115} INFO - [2022-12-21 21:45:09,770] {dagbag.py:507} INFO - Filling up the DagBag from /home/nayara/Downloads/EngDados/ALURA/api_twitter/venv/lib/python3.9/site-packages/airflow/example_dags/example_python_operator.py
[2022-12-21 21:45:09,800] {processor.py:651} INFO - DAG(s) dict_keys(['example_python_operator']) retrieved from /home/nayara/Downloads/EngDados/ALURA/api_twitter/venv/lib/python3.9/site-packages/airflow/example_dags/example_python_operator.py
[2022-12-21 21:45:09,823] {logging_mixin.py:115} INFO - [2022-12-21 21:45:09,823] {dag.py:2379} INFO - Sync 1 DAGs
[2022-12-21 21:45:09,855] {logging_mixin.py:115} INFO - [2022-12-21 21:45:09,855] {dag.py:2927} INFO - Setting next_dagrun for example_python_operator to None, run_after=None
[2022-12-21 21:45:10,071] {processor.py:161} INFO - Processing /home/nayara/Downloads/EngDados/ALURA/api_twitter/venv/lib/python3.9/site-packages/airflow/example_dags/example_python_operator.py took 0.332 seconds
[2022-12-21 21:45:51,902] {processor.py:153} INFO - Started process (PID=16906) to work on /home/nayara/Downloads/EngDados/ALURA/api_twitter/venv/lib/python3.9/site-packages/airflow/example_dags/example_python_operator.py
[2022-12-21 21:45:51,926] {processor.py:641} INFO - Processing file /home/nayara/Downloads/EngDados/ALURA/api_twitter/venv/lib/python3.9/site-packages/airflow/example_dags/example_python_operator.py for tasks to queue
[2022-12-21 21:45:51,928] {logging_mixin.py:115} INFO - [2022-12-21 21:45:51,928] {dagbag.py:507} INFO - Filling up the DagBag from /home/nayara/Downloads/EngDados/ALURA/api_twitter/venv/lib/python3.9/site-packages/airflow/example_dags/example_python_operator.py
[2022-12-21 21:45:52,002] {processor.py:651} INFO - DAG(s) dict_keys(['example_python_operator']) retrieved from /home/nayara/Downloads/EngDados/ALURA/api_twitter/venv/lib/python3.9/site-packages/airflow/example_dags/example_python_operator.py
[2022-12-21 21:45:52,025] {logging_mixin.py:115} INFO - [2022-12-21 21:45:52,025] {dag.py:2379} INFO - Sync 1 DAGs
[2022-12-21 21:45:52,049] {logging_mixin.py:115} INFO - [2022-12-21 21:45:52,049] {dag.py:2927} INFO - Setting next_dagrun for example_python_operator to None, run_after=None
[2022-12-21 21:45:52,277] {processor.py:161} INFO - Processing /home/nayara/Downloads/EngDados/ALURA/api_twitter/venv/lib/python3.9/site-packages/airflow/example_dags/example_python_operator.py took 0.393 seconds
[2022-12-21 21:46:49,956] {processor.py:153} INFO - Started process (PID=17266) to work on /home/nayara/Downloads/EngDados/ALURA/api_twitter/venv/lib/python3.9/site-packages/airflow/example_dags/example_python_operator.py
[2022-12-21 21:46:50,072] {processor.py:641} INFO - Processing file /home/nayara/Downloads/EngDados/ALURA/api_twitter/venv/lib/python3.9/site-packages/airflow/example_dags/example_python_operator.py for tasks to queue
[2022-12-21 21:46:50,083] {logging_mixin.py:115} INFO - [2022-12-21 21:46:50,082] {dagbag.py:507} INFO - Filling up the DagBag from /home/nayara/Downloads/EngDados/ALURA/api_twitter/venv/lib/python3.9/site-packages/airflow/example_dags/example_python_operator.py
[2022-12-21 21:46:50,125] {processor.py:651} INFO - DAG(s) dict_keys(['example_python_operator']) retrieved from /home/nayara/Downloads/EngDados/ALURA/api_twitter/venv/lib/python3.9/site-packages/airflow/example_dags/example_python_operator.py
[2022-12-21 21:46:50,149] {logging_mixin.py:115} INFO - [2022-12-21 21:46:50,149] {dag.py:2379} INFO - Sync 1 DAGs
[2022-12-21 21:46:50,189] {logging_mixin.py:115} INFO - [2022-12-21 21:46:50,189] {dag.py:2927} INFO - Setting next_dagrun for example_python_operator to None, run_after=None
[2022-12-21 21:46:50,939] {processor.py:161} INFO - Processing /home/nayara/Downloads/EngDados/ALURA/api_twitter/venv/lib/python3.9/site-packages/airflow/example_dags/example_python_operator.py took 0.986 seconds
[2022-12-21 21:47:40,615] {processor.py:153} INFO - Started process (PID=17411) to work on /home/nayara/Downloads/EngDados/ALURA/api_twitter/venv/lib/python3.9/site-packages/airflow/example_dags/example_python_operator.py
[2022-12-21 21:47:40,637] {processor.py:641} INFO - Processing file /home/nayara/Downloads/EngDados/ALURA/api_twitter/venv/lib/python3.9/site-packages/airflow/example_dags/example_python_operator.py for tasks to queue
[2022-12-21 21:47:40,639] {logging_mixin.py:115} INFO - [2022-12-21 21:47:40,639] {dagbag.py:507} INFO - Filling up the DagBag from /home/nayara/Downloads/EngDados/ALURA/api_twitter/venv/lib/python3.9/site-packages/airflow/example_dags/example_python_operator.py
[2022-12-21 21:47:40,712] {processor.py:651} INFO - DAG(s) dict_keys(['example_python_operator']) retrieved from /home/nayara/Downloads/EngDados/ALURA/api_twitter/venv/lib/python3.9/site-packages/airflow/example_dags/example_python_operator.py
[2022-12-21 21:47:40,739] {logging_mixin.py:115} INFO - [2022-12-21 21:47:40,739] {dag.py:2379} INFO - Sync 1 DAGs
[2022-12-21 21:47:40,765] {logging_mixin.py:115} INFO - [2022-12-21 21:47:40,764] {dag.py:2927} INFO - Setting next_dagrun for example_python_operator to None, run_after=None
[2022-12-21 21:47:40,972] {processor.py:161} INFO - Processing /home/nayara/Downloads/EngDados/ALURA/api_twitter/venv/lib/python3.9/site-packages/airflow/example_dags/example_python_operator.py took 0.378 seconds
[2022-12-21 21:48:23,536] {processor.py:153} INFO - Started process (PID=17453) to work on /home/nayara/Downloads/EngDados/ALURA/api_twitter/venv/lib/python3.9/site-packages/airflow/example_dags/example_python_operator.py
[2022-12-21 21:48:23,547] {processor.py:641} INFO - Processing file /home/nayara/Downloads/EngDados/ALURA/api_twitter/venv/lib/python3.9/site-packages/airflow/example_dags/example_python_operator.py for tasks to queue
[2022-12-21 21:48:23,550] {logging_mixin.py:115} INFO - [2022-12-21 21:48:23,550] {dagbag.py:507} INFO - Filling up the DagBag from /home/nayara/Downloads/EngDados/ALURA/api_twitter/venv/lib/python3.9/site-packages/airflow/example_dags/example_python_operator.py
[2022-12-21 21:48:23,636] {processor.py:651} INFO - DAG(s) dict_keys(['example_python_operator']) retrieved from /home/nayara/Downloads/EngDados/ALURA/api_twitter/venv/lib/python3.9/site-packages/airflow/example_dags/example_python_operator.py
[2022-12-21 21:48:23,661] {logging_mixin.py:115} INFO - [2022-12-21 21:48:23,661] {dag.py:2379} INFO - Sync 1 DAGs
[2022-12-21 21:48:23,685] {logging_mixin.py:115} INFO - [2022-12-21 21:48:23,685] {dag.py:2927} INFO - Setting next_dagrun for example_python_operator to None, run_after=None
[2022-12-21 21:48:23,946] {processor.py:161} INFO - Processing /home/nayara/Downloads/EngDados/ALURA/api_twitter/venv/lib/python3.9/site-packages/airflow/example_dags/example_python_operator.py took 0.426 seconds
[2022-12-21 21:49:05,700] {processor.py:153} INFO - Started process (PID=17509) to work on /home/nayara/Downloads/EngDados/ALURA/api_twitter/venv/lib/python3.9/site-packages/airflow/example_dags/example_python_operator.py
[2022-12-21 21:49:05,702] {processor.py:641} INFO - Processing file /home/nayara/Downloads/EngDados/ALURA/api_twitter/venv/lib/python3.9/site-packages/airflow/example_dags/example_python_operator.py for tasks to queue
[2022-12-21 21:49:05,703] {logging_mixin.py:115} INFO - [2022-12-21 21:49:05,703] {dagbag.py:507} INFO - Filling up the DagBag from /home/nayara/Downloads/EngDados/ALURA/api_twitter/venv/lib/python3.9/site-packages/airflow/example_dags/example_python_operator.py
[2022-12-21 21:49:05,764] {processor.py:651} INFO - DAG(s) dict_keys(['example_python_operator']) retrieved from /home/nayara/Downloads/EngDados/ALURA/api_twitter/venv/lib/python3.9/site-packages/airflow/example_dags/example_python_operator.py
[2022-12-21 21:49:05,816] {logging_mixin.py:115} INFO - [2022-12-21 21:49:05,816] {dag.py:2379} INFO - Sync 1 DAGs
[2022-12-21 21:49:05,852] {logging_mixin.py:115} INFO - [2022-12-21 21:49:05,852] {dag.py:2927} INFO - Setting next_dagrun for example_python_operator to None, run_after=None
[2022-12-21 21:49:07,285] {processor.py:161} INFO - Processing /home/nayara/Downloads/EngDados/ALURA/api_twitter/venv/lib/python3.9/site-packages/airflow/example_dags/example_python_operator.py took 1.594 seconds
[2022-12-21 21:50:10,896] {processor.py:153} INFO - Started process (PID=17679) to work on /home/nayara/Downloads/EngDados/ALURA/api_twitter/venv/lib/python3.9/site-packages/airflow/example_dags/example_python_operator.py
[2022-12-21 21:50:10,904] {processor.py:641} INFO - Processing file /home/nayara/Downloads/EngDados/ALURA/api_twitter/venv/lib/python3.9/site-packages/airflow/example_dags/example_python_operator.py for tasks to queue
[2022-12-21 21:50:10,906] {logging_mixin.py:115} INFO - [2022-12-21 21:50:10,906] {dagbag.py:507} INFO - Filling up the DagBag from /home/nayara/Downloads/EngDados/ALURA/api_twitter/venv/lib/python3.9/site-packages/airflow/example_dags/example_python_operator.py
[2022-12-21 21:50:10,940] {processor.py:651} INFO - DAG(s) dict_keys(['example_python_operator']) retrieved from /home/nayara/Downloads/EngDados/ALURA/api_twitter/venv/lib/python3.9/site-packages/airflow/example_dags/example_python_operator.py
[2022-12-21 21:50:10,962] {logging_mixin.py:115} INFO - [2022-12-21 21:50:10,962] {dag.py:2379} INFO - Sync 1 DAGs
[2022-12-21 21:50:10,985] {logging_mixin.py:115} INFO - [2022-12-21 21:50:10,984] {dag.py:2927} INFO - Setting next_dagrun for example_python_operator to None, run_after=None
[2022-12-21 21:50:11,194] {processor.py:161} INFO - Processing /home/nayara/Downloads/EngDados/ALURA/api_twitter/venv/lib/python3.9/site-packages/airflow/example_dags/example_python_operator.py took 0.304 seconds
[2022-12-21 21:51:05,347] {processor.py:153} INFO - Started process (PID=17812) to work on /home/nayara/Downloads/EngDados/ALURA/api_twitter/venv/lib/python3.9/site-packages/airflow/example_dags/example_python_operator.py
[2022-12-21 21:51:05,378] {processor.py:641} INFO - Processing file /home/nayara/Downloads/EngDados/ALURA/api_twitter/venv/lib/python3.9/site-packages/airflow/example_dags/example_python_operator.py for tasks to queue
[2022-12-21 21:51:05,379] {logging_mixin.py:115} INFO - [2022-12-21 21:51:05,378] {dagbag.py:507} INFO - Filling up the DagBag from /home/nayara/Downloads/EngDados/ALURA/api_twitter/venv/lib/python3.9/site-packages/airflow/example_dags/example_python_operator.py
[2022-12-21 21:51:05,408] {processor.py:651} INFO - DAG(s) dict_keys(['example_python_operator']) retrieved from /home/nayara/Downloads/EngDados/ALURA/api_twitter/venv/lib/python3.9/site-packages/airflow/example_dags/example_python_operator.py
[2022-12-21 21:51:05,436] {logging_mixin.py:115} INFO - [2022-12-21 21:51:05,436] {dag.py:2379} INFO - Sync 1 DAGs
[2022-12-21 21:51:05,458] {logging_mixin.py:115} INFO - [2022-12-21 21:51:05,457] {dag.py:2927} INFO - Setting next_dagrun for example_python_operator to None, run_after=None
[2022-12-21 21:51:05,750] {processor.py:161} INFO - Processing /home/nayara/Downloads/EngDados/ALURA/api_twitter/venv/lib/python3.9/site-packages/airflow/example_dags/example_python_operator.py took 0.412 seconds
[2022-12-21 21:51:50,756] {processor.py:153} INFO - Started process (PID=17950) to work on /home/nayara/Downloads/EngDados/ALURA/api_twitter/venv/lib/python3.9/site-packages/airflow/example_dags/example_python_operator.py
[2022-12-21 21:51:50,770] {processor.py:641} INFO - Processing file /home/nayara/Downloads/EngDados/ALURA/api_twitter/venv/lib/python3.9/site-packages/airflow/example_dags/example_python_operator.py for tasks to queue
[2022-12-21 21:51:50,773] {logging_mixin.py:115} INFO - [2022-12-21 21:51:50,772] {dagbag.py:507} INFO - Filling up the DagBag from /home/nayara/Downloads/EngDados/ALURA/api_twitter/venv/lib/python3.9/site-packages/airflow/example_dags/example_python_operator.py
[2022-12-21 21:51:50,842] {processor.py:651} INFO - DAG(s) dict_keys(['example_python_operator']) retrieved from /home/nayara/Downloads/EngDados/ALURA/api_twitter/venv/lib/python3.9/site-packages/airflow/example_dags/example_python_operator.py
[2022-12-21 21:51:50,864] {logging_mixin.py:115} INFO - [2022-12-21 21:51:50,864] {dag.py:2379} INFO - Sync 1 DAGs
[2022-12-21 21:51:50,890] {logging_mixin.py:115} INFO - [2022-12-21 21:51:50,890] {dag.py:2927} INFO - Setting next_dagrun for example_python_operator to None, run_after=None
[2022-12-21 21:51:51,263] {processor.py:161} INFO - Processing /home/nayara/Downloads/EngDados/ALURA/api_twitter/venv/lib/python3.9/site-packages/airflow/example_dags/example_python_operator.py took 0.526 seconds
[2022-12-21 21:52:32,241] {processor.py:153} INFO - Started process (PID=18116) to work on /home/nayara/Downloads/EngDados/ALURA/api_twitter/venv/lib/python3.9/site-packages/airflow/example_dags/example_python_operator.py
[2022-12-21 21:52:32,336] {processor.py:641} INFO - Processing file /home/nayara/Downloads/EngDados/ALURA/api_twitter/venv/lib/python3.9/site-packages/airflow/example_dags/example_python_operator.py for tasks to queue
[2022-12-21 21:52:32,341] {logging_mixin.py:115} INFO - [2022-12-21 21:52:32,340] {dagbag.py:507} INFO - Filling up the DagBag from /home/nayara/Downloads/EngDados/ALURA/api_twitter/venv/lib/python3.9/site-packages/airflow/example_dags/example_python_operator.py
[2022-12-21 21:52:32,420] {processor.py:651} INFO - DAG(s) dict_keys(['example_python_operator']) retrieved from /home/nayara/Downloads/EngDados/ALURA/api_twitter/venv/lib/python3.9/site-packages/airflow/example_dags/example_python_operator.py
[2022-12-21 21:52:32,551] {logging_mixin.py:115} INFO - [2022-12-21 21:52:32,550] {dag.py:2379} INFO - Sync 1 DAGs
[2022-12-21 21:52:32,597] {logging_mixin.py:115} INFO - [2022-12-21 21:52:32,596] {dag.py:2927} INFO - Setting next_dagrun for example_python_operator to None, run_after=None
[2022-12-21 21:52:33,052] {processor.py:161} INFO - Processing /home/nayara/Downloads/EngDados/ALURA/api_twitter/venv/lib/python3.9/site-packages/airflow/example_dags/example_python_operator.py took 0.814 seconds
[2022-12-21 21:53:11,317] {processor.py:153} INFO - Started process (PID=18219) to work on /home/nayara/Downloads/EngDados/ALURA/api_twitter/venv/lib/python3.9/site-packages/airflow/example_dags/example_python_operator.py
[2022-12-21 21:53:11,318] {processor.py:641} INFO - Processing file /home/nayara/Downloads/EngDados/ALURA/api_twitter/venv/lib/python3.9/site-packages/airflow/example_dags/example_python_operator.py for tasks to queue
[2022-12-21 21:53:11,319] {logging_mixin.py:115} INFO - [2022-12-21 21:53:11,319] {dagbag.py:507} INFO - Filling up the DagBag from /home/nayara/Downloads/EngDados/ALURA/api_twitter/venv/lib/python3.9/site-packages/airflow/example_dags/example_python_operator.py
[2022-12-21 21:53:11,343] {processor.py:651} INFO - DAG(s) dict_keys(['example_python_operator']) retrieved from /home/nayara/Downloads/EngDados/ALURA/api_twitter/venv/lib/python3.9/site-packages/airflow/example_dags/example_python_operator.py
[2022-12-21 21:53:11,364] {logging_mixin.py:115} INFO - [2022-12-21 21:53:11,364] {dag.py:2379} INFO - Sync 1 DAGs
[2022-12-21 21:53:11,386] {logging_mixin.py:115} INFO - [2022-12-21 21:53:11,386] {dag.py:2927} INFO - Setting next_dagrun for example_python_operator to None, run_after=None
[2022-12-21 21:53:11,589] {processor.py:161} INFO - Processing /home/nayara/Downloads/EngDados/ALURA/api_twitter/venv/lib/python3.9/site-packages/airflow/example_dags/example_python_operator.py took 0.277 seconds
[2022-12-21 21:54:02,762] {processor.py:153} INFO - Started process (PID=18368) to work on /home/nayara/Downloads/EngDados/ALURA/api_twitter/venv/lib/python3.9/site-packages/airflow/example_dags/example_python_operator.py
[2022-12-21 21:54:02,763] {processor.py:641} INFO - Processing file /home/nayara/Downloads/EngDados/ALURA/api_twitter/venv/lib/python3.9/site-packages/airflow/example_dags/example_python_operator.py for tasks to queue
[2022-12-21 21:54:02,763] {logging_mixin.py:115} INFO - [2022-12-21 21:54:02,763] {dagbag.py:507} INFO - Filling up the DagBag from /home/nayara/Downloads/EngDados/ALURA/api_twitter/venv/lib/python3.9/site-packages/airflow/example_dags/example_python_operator.py
[2022-12-21 21:54:02,786] {processor.py:651} INFO - DAG(s) dict_keys(['example_python_operator']) retrieved from /home/nayara/Downloads/EngDados/ALURA/api_twitter/venv/lib/python3.9/site-packages/airflow/example_dags/example_python_operator.py
[2022-12-21 21:54:02,805] {logging_mixin.py:115} INFO - [2022-12-21 21:54:02,805] {dag.py:2379} INFO - Sync 1 DAGs
[2022-12-21 21:54:02,827] {logging_mixin.py:115} INFO - [2022-12-21 21:54:02,827] {dag.py:2927} INFO - Setting next_dagrun for example_python_operator to None, run_after=None
[2022-12-21 21:54:03,201] {processor.py:161} INFO - Processing /home/nayara/Downloads/EngDados/ALURA/api_twitter/venv/lib/python3.9/site-packages/airflow/example_dags/example_python_operator.py took 0.443 seconds
[2022-12-21 21:54:53,783] {processor.py:153} INFO - Started process (PID=18453) to work on /home/nayara/Downloads/EngDados/ALURA/api_twitter/venv/lib/python3.9/site-packages/airflow/example_dags/example_python_operator.py
[2022-12-21 21:54:53,785] {processor.py:641} INFO - Processing file /home/nayara/Downloads/EngDados/ALURA/api_twitter/venv/lib/python3.9/site-packages/airflow/example_dags/example_python_operator.py for tasks to queue
[2022-12-21 21:54:53,786] {logging_mixin.py:115} INFO - [2022-12-21 21:54:53,786] {dagbag.py:507} INFO - Filling up the DagBag from /home/nayara/Downloads/EngDados/ALURA/api_twitter/venv/lib/python3.9/site-packages/airflow/example_dags/example_python_operator.py
[2022-12-21 21:54:53,835] {processor.py:651} INFO - DAG(s) dict_keys(['example_python_operator']) retrieved from /home/nayara/Downloads/EngDados/ALURA/api_twitter/venv/lib/python3.9/site-packages/airflow/example_dags/example_python_operator.py
[2022-12-21 21:54:53,859] {logging_mixin.py:115} INFO - [2022-12-21 21:54:53,859] {dag.py:2379} INFO - Sync 1 DAGs
[2022-12-21 21:54:53,900] {logging_mixin.py:115} INFO - [2022-12-21 21:54:53,900] {dag.py:2927} INFO - Setting next_dagrun for example_python_operator to None, run_after=None
[2022-12-21 21:54:54,176] {processor.py:161} INFO - Processing /home/nayara/Downloads/EngDados/ALURA/api_twitter/venv/lib/python3.9/site-packages/airflow/example_dags/example_python_operator.py took 0.401 seconds
