[2022-12-21 21:38:12,401] {processor.py:153} INFO - Started process (PID=16168) to work on /home/nayara/Downloads/EngDados/ALURA/api_twitter/venv/lib/python3.9/site-packages/airflow/example_dags/example_branch_day_of_week_operator.py
[2022-12-21 21:38:12,404] {processor.py:641} INFO - Processing file /home/nayara/Downloads/EngDados/ALURA/api_twitter/venv/lib/python3.9/site-packages/airflow/example_dags/example_branch_day_of_week_operator.py for tasks to queue
[2022-12-21 21:38:12,416] {logging_mixin.py:115} INFO - [2022-12-21 21:38:12,415] {dagbag.py:507} INFO - Filling up the DagBag from /home/nayara/Downloads/EngDados/ALURA/api_twitter/venv/lib/python3.9/site-packages/airflow/example_dags/example_branch_day_of_week_operator.py
[2022-12-21 21:38:13,383] {processor.py:651} INFO - DAG(s) dict_keys(['example_weekday_branch_operator']) retrieved from /home/nayara/Downloads/EngDados/ALURA/api_twitter/venv/lib/python3.9/site-packages/airflow/example_dags/example_branch_day_of_week_operator.py
[2022-12-21 21:38:15,907] {logging_mixin.py:115} INFO - [2022-12-21 21:38:15,907] {manager.py:508} INFO - Created Permission View: can read on DAG:example_weekday_branch_operator
[2022-12-21 21:38:16,205] {logging_mixin.py:115} INFO - [2022-12-21 21:38:16,205] {manager.py:508} INFO - Created Permission View: can delete on DAG:example_weekday_branch_operator
[2022-12-21 21:38:16,702] {logging_mixin.py:115} INFO - [2022-12-21 21:38:16,701] {manager.py:508} INFO - Created Permission View: can edit on DAG:example_weekday_branch_operator
[2022-12-21 21:38:16,703] {logging_mixin.py:115} INFO - [2022-12-21 21:38:16,702] {dag.py:2379} INFO - Sync 1 DAGs
[2022-12-21 21:38:16,759] {logging_mixin.py:115} INFO - [2022-12-21 21:38:16,759] {dag.py:2398} INFO - Creating ORM DAG for example_weekday_branch_operator
[2022-12-21 21:38:16,800] {logging_mixin.py:115} INFO - [2022-12-21 21:38:16,799] {dag.py:2927} INFO - Setting next_dagrun for example_weekday_branch_operator to 2022-12-21T00:00:00+00:00, run_after=2022-12-22T00:00:00+00:00
[2022-12-21 21:38:17,233] {processor.py:161} INFO - Processing /home/nayara/Downloads/EngDados/ALURA/api_twitter/venv/lib/python3.9/site-packages/airflow/example_dags/example_branch_day_of_week_operator.py took 4.845 seconds
[2022-12-21 21:39:37,227] {processor.py:153} INFO - Started process (PID=16270) to work on /home/nayara/Downloads/EngDados/ALURA/api_twitter/venv/lib/python3.9/site-packages/airflow/example_dags/example_branch_day_of_week_operator.py
[2022-12-21 21:39:37,241] {processor.py:641} INFO - Processing file /home/nayara/Downloads/EngDados/ALURA/api_twitter/venv/lib/python3.9/site-packages/airflow/example_dags/example_branch_day_of_week_operator.py for tasks to queue
[2022-12-21 21:39:37,242] {logging_mixin.py:115} INFO - [2022-12-21 21:39:37,242] {dagbag.py:507} INFO - Filling up the DagBag from /home/nayara/Downloads/EngDados/ALURA/api_twitter/venv/lib/python3.9/site-packages/airflow/example_dags/example_branch_day_of_week_operator.py
[2022-12-21 21:39:37,256] {processor.py:651} INFO - DAG(s) dict_keys(['example_weekday_branch_operator']) retrieved from /home/nayara/Downloads/EngDados/ALURA/api_twitter/venv/lib/python3.9/site-packages/airflow/example_dags/example_branch_day_of_week_operator.py
[2022-12-21 21:39:37,276] {logging_mixin.py:115} INFO - [2022-12-21 21:39:37,276] {dag.py:2379} INFO - Sync 1 DAGs
[2022-12-21 21:39:37,310] {logging_mixin.py:115} INFO - [2022-12-21 21:39:37,309] {dag.py:2927} INFO - Setting next_dagrun for example_weekday_branch_operator to 2022-12-21T00:00:00+00:00, run_after=2022-12-22T00:00:00+00:00
[2022-12-21 21:39:37,925] {processor.py:161} INFO - Processing /home/nayara/Downloads/EngDados/ALURA/api_twitter/venv/lib/python3.9/site-packages/airflow/example_dags/example_branch_day_of_week_operator.py took 0.712 seconds
[2022-12-21 21:40:38,437] {processor.py:153} INFO - Started process (PID=16385) to work on /home/nayara/Downloads/EngDados/ALURA/api_twitter/venv/lib/python3.9/site-packages/airflow/example_dags/example_branch_day_of_week_operator.py
[2022-12-21 21:40:38,541] {processor.py:641} INFO - Processing file /home/nayara/Downloads/EngDados/ALURA/api_twitter/venv/lib/python3.9/site-packages/airflow/example_dags/example_branch_day_of_week_operator.py for tasks to queue
[2022-12-21 21:40:38,545] {logging_mixin.py:115} INFO - [2022-12-21 21:40:38,544] {dagbag.py:507} INFO - Filling up the DagBag from /home/nayara/Downloads/EngDados/ALURA/api_twitter/venv/lib/python3.9/site-packages/airflow/example_dags/example_branch_day_of_week_operator.py
[2022-12-21 21:40:38,585] {processor.py:651} INFO - DAG(s) dict_keys(['example_weekday_branch_operator']) retrieved from /home/nayara/Downloads/EngDados/ALURA/api_twitter/venv/lib/python3.9/site-packages/airflow/example_dags/example_branch_day_of_week_operator.py
[2022-12-21 21:40:38,642] {logging_mixin.py:115} INFO - [2022-12-21 21:40:38,641] {dag.py:2379} INFO - Sync 1 DAGs
[2022-12-21 21:40:38,671] {logging_mixin.py:115} INFO - [2022-12-21 21:40:38,671] {dag.py:2927} INFO - Setting next_dagrun for example_weekday_branch_operator to 2022-12-21T00:00:00+00:00, run_after=2022-12-22T00:00:00+00:00
[2022-12-21 21:40:38,870] {processor.py:161} INFO - Processing /home/nayara/Downloads/EngDados/ALURA/api_twitter/venv/lib/python3.9/site-packages/airflow/example_dags/example_branch_day_of_week_operator.py took 0.448 seconds
[2022-12-21 21:41:59,097] {processor.py:153} INFO - Started process (PID=16548) to work on /home/nayara/Downloads/EngDados/ALURA/api_twitter/venv/lib/python3.9/site-packages/airflow/example_dags/example_branch_day_of_week_operator.py
[2022-12-21 21:41:59,152] {processor.py:641} INFO - Processing file /home/nayara/Downloads/EngDados/ALURA/api_twitter/venv/lib/python3.9/site-packages/airflow/example_dags/example_branch_day_of_week_operator.py for tasks to queue
[2022-12-21 21:41:59,153] {logging_mixin.py:115} INFO - [2022-12-21 21:41:59,153] {dagbag.py:507} INFO - Filling up the DagBag from /home/nayara/Downloads/EngDados/ALURA/api_twitter/venv/lib/python3.9/site-packages/airflow/example_dags/example_branch_day_of_week_operator.py
[2022-12-21 21:41:59,174] {processor.py:651} INFO - DAG(s) dict_keys(['example_weekday_branch_operator']) retrieved from /home/nayara/Downloads/EngDados/ALURA/api_twitter/venv/lib/python3.9/site-packages/airflow/example_dags/example_branch_day_of_week_operator.py
[2022-12-21 21:41:59,224] {logging_mixin.py:115} INFO - [2022-12-21 21:41:59,223] {dag.py:2379} INFO - Sync 1 DAGs
[2022-12-21 21:41:59,262] {logging_mixin.py:115} INFO - [2022-12-21 21:41:59,262] {dag.py:2927} INFO - Setting next_dagrun for example_weekday_branch_operator to 2022-12-21T00:00:00+00:00, run_after=2022-12-22T00:00:00+00:00
[2022-12-21 21:41:59,486] {processor.py:161} INFO - Processing /home/nayara/Downloads/EngDados/ALURA/api_twitter/venv/lib/python3.9/site-packages/airflow/example_dags/example_branch_day_of_week_operator.py took 0.397 seconds
[2022-12-21 21:43:00,851] {processor.py:153} INFO - Started process (PID=16613) to work on /home/nayara/Downloads/EngDados/ALURA/api_twitter/venv/lib/python3.9/site-packages/airflow/example_dags/example_branch_day_of_week_operator.py
[2022-12-21 21:43:00,863] {processor.py:641} INFO - Processing file /home/nayara/Downloads/EngDados/ALURA/api_twitter/venv/lib/python3.9/site-packages/airflow/example_dags/example_branch_day_of_week_operator.py for tasks to queue
[2022-12-21 21:43:00,866] {logging_mixin.py:115} INFO - [2022-12-21 21:43:00,866] {dagbag.py:507} INFO - Filling up the DagBag from /home/nayara/Downloads/EngDados/ALURA/api_twitter/venv/lib/python3.9/site-packages/airflow/example_dags/example_branch_day_of_week_operator.py
[2022-12-21 21:43:00,900] {processor.py:651} INFO - DAG(s) dict_keys(['example_weekday_branch_operator']) retrieved from /home/nayara/Downloads/EngDados/ALURA/api_twitter/venv/lib/python3.9/site-packages/airflow/example_dags/example_branch_day_of_week_operator.py
[2022-12-21 21:43:00,929] {logging_mixin.py:115} INFO - [2022-12-21 21:43:00,929] {dag.py:2379} INFO - Sync 1 DAGs
[2022-12-21 21:43:00,956] {logging_mixin.py:115} INFO - [2022-12-21 21:43:00,956] {dag.py:2927} INFO - Setting next_dagrun for example_weekday_branch_operator to 2022-12-21T00:00:00+00:00, run_after=2022-12-22T00:00:00+00:00
[2022-12-21 21:43:01,463] {processor.py:161} INFO - Processing /home/nayara/Downloads/EngDados/ALURA/api_twitter/venv/lib/python3.9/site-packages/airflow/example_dags/example_branch_day_of_week_operator.py took 0.630 seconds
[2022-12-21 21:44:07,595] {processor.py:153} INFO - Started process (PID=16707) to work on /home/nayara/Downloads/EngDados/ALURA/api_twitter/venv/lib/python3.9/site-packages/airflow/example_dags/example_branch_day_of_week_operator.py
[2022-12-21 21:44:07,597] {processor.py:641} INFO - Processing file /home/nayara/Downloads/EngDados/ALURA/api_twitter/venv/lib/python3.9/site-packages/airflow/example_dags/example_branch_day_of_week_operator.py for tasks to queue
[2022-12-21 21:44:07,598] {logging_mixin.py:115} INFO - [2022-12-21 21:44:07,598] {dagbag.py:507} INFO - Filling up the DagBag from /home/nayara/Downloads/EngDados/ALURA/api_twitter/venv/lib/python3.9/site-packages/airflow/example_dags/example_branch_day_of_week_operator.py
[2022-12-21 21:44:07,618] {processor.py:651} INFO - DAG(s) dict_keys(['example_weekday_branch_operator']) retrieved from /home/nayara/Downloads/EngDados/ALURA/api_twitter/venv/lib/python3.9/site-packages/airflow/example_dags/example_branch_day_of_week_operator.py
[2022-12-21 21:44:07,643] {logging_mixin.py:115} INFO - [2022-12-21 21:44:07,643] {dag.py:2379} INFO - Sync 1 DAGs
[2022-12-21 21:44:07,666] {logging_mixin.py:115} INFO - [2022-12-21 21:44:07,666] {dag.py:2927} INFO - Setting next_dagrun for example_weekday_branch_operator to 2022-12-21T00:00:00+00:00, run_after=2022-12-22T00:00:00+00:00
[2022-12-21 21:44:07,903] {processor.py:161} INFO - Processing /home/nayara/Downloads/EngDados/ALURA/api_twitter/venv/lib/python3.9/site-packages/airflow/example_dags/example_branch_day_of_week_operator.py took 0.321 seconds
[2022-12-21 21:44:58,024] {processor.py:153} INFO - Started process (PID=16760) to work on /home/nayara/Downloads/EngDados/ALURA/api_twitter/venv/lib/python3.9/site-packages/airflow/example_dags/example_branch_day_of_week_operator.py
[2022-12-21 21:44:58,040] {processor.py:641} INFO - Processing file /home/nayara/Downloads/EngDados/ALURA/api_twitter/venv/lib/python3.9/site-packages/airflow/example_dags/example_branch_day_of_week_operator.py for tasks to queue
[2022-12-21 21:44:58,041] {logging_mixin.py:115} INFO - [2022-12-21 21:44:58,041] {dagbag.py:507} INFO - Filling up the DagBag from /home/nayara/Downloads/EngDados/ALURA/api_twitter/venv/lib/python3.9/site-packages/airflow/example_dags/example_branch_day_of_week_operator.py
[2022-12-21 21:44:58,051] {processor.py:651} INFO - DAG(s) dict_keys(['example_weekday_branch_operator']) retrieved from /home/nayara/Downloads/EngDados/ALURA/api_twitter/venv/lib/python3.9/site-packages/airflow/example_dags/example_branch_day_of_week_operator.py
[2022-12-21 21:44:58,071] {logging_mixin.py:115} INFO - [2022-12-21 21:44:58,071] {dag.py:2379} INFO - Sync 1 DAGs
[2022-12-21 21:44:58,095] {logging_mixin.py:115} INFO - [2022-12-21 21:44:58,095] {dag.py:2927} INFO - Setting next_dagrun for example_weekday_branch_operator to 2022-12-21T00:00:00+00:00, run_after=2022-12-22T00:00:00+00:00
[2022-12-21 21:44:58,317] {processor.py:161} INFO - Processing /home/nayara/Downloads/EngDados/ALURA/api_twitter/venv/lib/python3.9/site-packages/airflow/example_dags/example_branch_day_of_week_operator.py took 0.296 seconds
[2022-12-21 21:45:59,514] {processor.py:153} INFO - Started process (PID=16915) to work on /home/nayara/Downloads/EngDados/ALURA/api_twitter/venv/lib/python3.9/site-packages/airflow/example_dags/example_branch_day_of_week_operator.py
[2022-12-21 21:45:59,547] {processor.py:641} INFO - Processing file /home/nayara/Downloads/EngDados/ALURA/api_twitter/venv/lib/python3.9/site-packages/airflow/example_dags/example_branch_day_of_week_operator.py for tasks to queue
[2022-12-21 21:45:59,548] {logging_mixin.py:115} INFO - [2022-12-21 21:45:59,548] {dagbag.py:507} INFO - Filling up the DagBag from /home/nayara/Downloads/EngDados/ALURA/api_twitter/venv/lib/python3.9/site-packages/airflow/example_dags/example_branch_day_of_week_operator.py
[2022-12-21 21:45:59,569] {processor.py:651} INFO - DAG(s) dict_keys(['example_weekday_branch_operator']) retrieved from /home/nayara/Downloads/EngDados/ALURA/api_twitter/venv/lib/python3.9/site-packages/airflow/example_dags/example_branch_day_of_week_operator.py
[2022-12-21 21:45:59,591] {logging_mixin.py:115} INFO - [2022-12-21 21:45:59,591] {dag.py:2379} INFO - Sync 1 DAGs
[2022-12-21 21:45:59,615] {logging_mixin.py:115} INFO - [2022-12-21 21:45:59,615] {dag.py:2927} INFO - Setting next_dagrun for example_weekday_branch_operator to 2022-12-21T00:00:00+00:00, run_after=2022-12-22T00:00:00+00:00
[2022-12-21 21:45:59,848] {processor.py:161} INFO - Processing /home/nayara/Downloads/EngDados/ALURA/api_twitter/venv/lib/python3.9/site-packages/airflow/example_dags/example_branch_day_of_week_operator.py took 0.345 seconds
[2022-12-21 21:47:02,261] {processor.py:153} INFO - Started process (PID=17300) to work on /home/nayara/Downloads/EngDados/ALURA/api_twitter/venv/lib/python3.9/site-packages/airflow/example_dags/example_branch_day_of_week_operator.py
[2022-12-21 21:47:02,279] {processor.py:641} INFO - Processing file /home/nayara/Downloads/EngDados/ALURA/api_twitter/venv/lib/python3.9/site-packages/airflow/example_dags/example_branch_day_of_week_operator.py for tasks to queue
[2022-12-21 21:47:02,281] {logging_mixin.py:115} INFO - [2022-12-21 21:47:02,280] {dagbag.py:507} INFO - Filling up the DagBag from /home/nayara/Downloads/EngDados/ALURA/api_twitter/venv/lib/python3.9/site-packages/airflow/example_dags/example_branch_day_of_week_operator.py
[2022-12-21 21:47:02,301] {processor.py:651} INFO - DAG(s) dict_keys(['example_weekday_branch_operator']) retrieved from /home/nayara/Downloads/EngDados/ALURA/api_twitter/venv/lib/python3.9/site-packages/airflow/example_dags/example_branch_day_of_week_operator.py
[2022-12-21 21:47:02,327] {logging_mixin.py:115} INFO - [2022-12-21 21:47:02,327] {dag.py:2379} INFO - Sync 1 DAGs
[2022-12-21 21:47:02,363] {logging_mixin.py:115} INFO - [2022-12-21 21:47:02,363] {dag.py:2927} INFO - Setting next_dagrun for example_weekday_branch_operator to 2022-12-21T00:00:00+00:00, run_after=2022-12-22T00:00:00+00:00
[2022-12-21 21:47:02,685] {processor.py:161} INFO - Processing /home/nayara/Downloads/EngDados/ALURA/api_twitter/venv/lib/python3.9/site-packages/airflow/example_dags/example_branch_day_of_week_operator.py took 0.437 seconds
[2022-12-21 21:48:10,670] {processor.py:153} INFO - Started process (PID=17443) to work on /home/nayara/Downloads/EngDados/ALURA/api_twitter/venv/lib/python3.9/site-packages/airflow/example_dags/example_branch_day_of_week_operator.py
[2022-12-21 21:48:10,701] {processor.py:641} INFO - Processing file /home/nayara/Downloads/EngDados/ALURA/api_twitter/venv/lib/python3.9/site-packages/airflow/example_dags/example_branch_day_of_week_operator.py for tasks to queue
[2022-12-21 21:48:10,704] {logging_mixin.py:115} INFO - [2022-12-21 21:48:10,704] {dagbag.py:507} INFO - Filling up the DagBag from /home/nayara/Downloads/EngDados/ALURA/api_twitter/venv/lib/python3.9/site-packages/airflow/example_dags/example_branch_day_of_week_operator.py
[2022-12-21 21:48:10,744] {processor.py:651} INFO - DAG(s) dict_keys(['example_weekday_branch_operator']) retrieved from /home/nayara/Downloads/EngDados/ALURA/api_twitter/venv/lib/python3.9/site-packages/airflow/example_dags/example_branch_day_of_week_operator.py
[2022-12-21 21:48:10,766] {logging_mixin.py:115} INFO - [2022-12-21 21:48:10,766] {dag.py:2379} INFO - Sync 1 DAGs
[2022-12-21 21:48:10,795] {logging_mixin.py:115} INFO - [2022-12-21 21:48:10,795] {dag.py:2927} INFO - Setting next_dagrun for example_weekday_branch_operator to 2022-12-21T00:00:00+00:00, run_after=2022-12-22T00:00:00+00:00
[2022-12-21 21:48:11,117] {processor.py:161} INFO - Processing /home/nayara/Downloads/EngDados/ALURA/api_twitter/venv/lib/python3.9/site-packages/airflow/example_dags/example_branch_day_of_week_operator.py took 0.460 seconds
[2022-12-21 21:49:22,214] {processor.py:153} INFO - Started process (PID=17519) to work on /home/nayara/Downloads/EngDados/ALURA/api_twitter/venv/lib/python3.9/site-packages/airflow/example_dags/example_branch_day_of_week_operator.py
[2022-12-21 21:49:22,231] {processor.py:641} INFO - Processing file /home/nayara/Downloads/EngDados/ALURA/api_twitter/venv/lib/python3.9/site-packages/airflow/example_dags/example_branch_day_of_week_operator.py for tasks to queue
[2022-12-21 21:49:22,232] {logging_mixin.py:115} INFO - [2022-12-21 21:49:22,232] {dagbag.py:507} INFO - Filling up the DagBag from /home/nayara/Downloads/EngDados/ALURA/api_twitter/venv/lib/python3.9/site-packages/airflow/example_dags/example_branch_day_of_week_operator.py
[2022-12-21 21:49:22,272] {processor.py:651} INFO - DAG(s) dict_keys(['example_weekday_branch_operator']) retrieved from /home/nayara/Downloads/EngDados/ALURA/api_twitter/venv/lib/python3.9/site-packages/airflow/example_dags/example_branch_day_of_week_operator.py
[2022-12-21 21:49:22,294] {logging_mixin.py:115} INFO - [2022-12-21 21:49:22,294] {dag.py:2379} INFO - Sync 1 DAGs
[2022-12-21 21:49:22,321] {logging_mixin.py:115} INFO - [2022-12-21 21:49:22,321] {dag.py:2927} INFO - Setting next_dagrun for example_weekday_branch_operator to 2022-12-21T00:00:00+00:00, run_after=2022-12-22T00:00:00+00:00
[2022-12-21 21:49:22,548] {processor.py:161} INFO - Processing /home/nayara/Downloads/EngDados/ALURA/api_twitter/venv/lib/python3.9/site-packages/airflow/example_dags/example_branch_day_of_week_operator.py took 0.348 seconds
[2022-12-21 21:50:17,693] {processor.py:153} INFO - Started process (PID=17684) to work on /home/nayara/Downloads/EngDados/ALURA/api_twitter/venv/lib/python3.9/site-packages/airflow/example_dags/example_branch_day_of_week_operator.py
[2022-12-21 21:50:17,709] {processor.py:641} INFO - Processing file /home/nayara/Downloads/EngDados/ALURA/api_twitter/venv/lib/python3.9/site-packages/airflow/example_dags/example_branch_day_of_week_operator.py for tasks to queue
[2022-12-21 21:50:17,709] {logging_mixin.py:115} INFO - [2022-12-21 21:50:17,709] {dagbag.py:507} INFO - Filling up the DagBag from /home/nayara/Downloads/EngDados/ALURA/api_twitter/venv/lib/python3.9/site-packages/airflow/example_dags/example_branch_day_of_week_operator.py
[2022-12-21 21:50:17,719] {processor.py:651} INFO - DAG(s) dict_keys(['example_weekday_branch_operator']) retrieved from /home/nayara/Downloads/EngDados/ALURA/api_twitter/venv/lib/python3.9/site-packages/airflow/example_dags/example_branch_day_of_week_operator.py
[2022-12-21 21:50:17,740] {logging_mixin.py:115} INFO - [2022-12-21 21:50:17,740] {dag.py:2379} INFO - Sync 1 DAGs
[2022-12-21 21:50:17,764] {logging_mixin.py:115} INFO - [2022-12-21 21:50:17,764] {dag.py:2927} INFO - Setting next_dagrun for example_weekday_branch_operator to 2022-12-21T00:00:00+00:00, run_after=2022-12-22T00:00:00+00:00
[2022-12-21 21:50:17,971] {processor.py:161} INFO - Processing /home/nayara/Downloads/EngDados/ALURA/api_twitter/venv/lib/python3.9/site-packages/airflow/example_dags/example_branch_day_of_week_operator.py took 0.287 seconds
[2022-12-21 21:51:17,048] {processor.py:153} INFO - Started process (PID=17821) to work on /home/nayara/Downloads/EngDados/ALURA/api_twitter/venv/lib/python3.9/site-packages/airflow/example_dags/example_branch_day_of_week_operator.py
[2022-12-21 21:51:17,089] {processor.py:641} INFO - Processing file /home/nayara/Downloads/EngDados/ALURA/api_twitter/venv/lib/python3.9/site-packages/airflow/example_dags/example_branch_day_of_week_operator.py for tasks to queue
[2022-12-21 21:51:17,090] {logging_mixin.py:115} INFO - [2022-12-21 21:51:17,090] {dagbag.py:507} INFO - Filling up the DagBag from /home/nayara/Downloads/EngDados/ALURA/api_twitter/venv/lib/python3.9/site-packages/airflow/example_dags/example_branch_day_of_week_operator.py
[2022-12-21 21:51:17,107] {processor.py:651} INFO - DAG(s) dict_keys(['example_weekday_branch_operator']) retrieved from /home/nayara/Downloads/EngDados/ALURA/api_twitter/venv/lib/python3.9/site-packages/airflow/example_dags/example_branch_day_of_week_operator.py
[2022-12-21 21:51:17,134] {logging_mixin.py:115} INFO - [2022-12-21 21:51:17,134] {dag.py:2379} INFO - Sync 1 DAGs
[2022-12-21 21:51:17,158] {logging_mixin.py:115} INFO - [2022-12-21 21:51:17,158] {dag.py:2927} INFO - Setting next_dagrun for example_weekday_branch_operator to 2022-12-21T00:00:00+00:00, run_after=2022-12-22T00:00:00+00:00
[2022-12-21 21:51:17,400] {processor.py:161} INFO - Processing /home/nayara/Downloads/EngDados/ALURA/api_twitter/venv/lib/python3.9/site-packages/airflow/example_dags/example_branch_day_of_week_operator.py took 0.355 seconds
[2022-12-21 21:52:20,567] {processor.py:153} INFO - Started process (PID=18014) to work on /home/nayara/Downloads/EngDados/ALURA/api_twitter/venv/lib/python3.9/site-packages/airflow/example_dags/example_branch_day_of_week_operator.py
[2022-12-21 21:52:20,583] {processor.py:641} INFO - Processing file /home/nayara/Downloads/EngDados/ALURA/api_twitter/venv/lib/python3.9/site-packages/airflow/example_dags/example_branch_day_of_week_operator.py for tasks to queue
[2022-12-21 21:52:20,584] {logging_mixin.py:115} INFO - [2022-12-21 21:52:20,584] {dagbag.py:507} INFO - Filling up the DagBag from /home/nayara/Downloads/EngDados/ALURA/api_twitter/venv/lib/python3.9/site-packages/airflow/example_dags/example_branch_day_of_week_operator.py
[2022-12-21 21:52:20,595] {processor.py:651} INFO - DAG(s) dict_keys(['example_weekday_branch_operator']) retrieved from /home/nayara/Downloads/EngDados/ALURA/api_twitter/venv/lib/python3.9/site-packages/airflow/example_dags/example_branch_day_of_week_operator.py
[2022-12-21 21:52:20,893] {logging_mixin.py:115} INFO - [2022-12-21 21:52:20,892] {dag.py:2379} INFO - Sync 1 DAGs
[2022-12-21 21:52:20,931] {logging_mixin.py:115} INFO - [2022-12-21 21:52:20,931] {dag.py:2927} INFO - Setting next_dagrun for example_weekday_branch_operator to 2022-12-21T00:00:00+00:00, run_after=2022-12-22T00:00:00+00:00
[2022-12-21 21:52:22,355] {processor.py:161} INFO - Processing /home/nayara/Downloads/EngDados/ALURA/api_twitter/venv/lib/python3.9/site-packages/airflow/example_dags/example_branch_day_of_week_operator.py took 1.793 seconds
[2022-12-21 21:53:18,376] {processor.py:153} INFO - Started process (PID=18228) to work on /home/nayara/Downloads/EngDados/ALURA/api_twitter/venv/lib/python3.9/site-packages/airflow/example_dags/example_branch_day_of_week_operator.py
[2022-12-21 21:53:18,387] {processor.py:641} INFO - Processing file /home/nayara/Downloads/EngDados/ALURA/api_twitter/venv/lib/python3.9/site-packages/airflow/example_dags/example_branch_day_of_week_operator.py for tasks to queue
[2022-12-21 21:53:18,390] {logging_mixin.py:115} INFO - [2022-12-21 21:53:18,390] {dagbag.py:507} INFO - Filling up the DagBag from /home/nayara/Downloads/EngDados/ALURA/api_twitter/venv/lib/python3.9/site-packages/airflow/example_dags/example_branch_day_of_week_operator.py
[2022-12-21 21:53:18,431] {processor.py:651} INFO - DAG(s) dict_keys(['example_weekday_branch_operator']) retrieved from /home/nayara/Downloads/EngDados/ALURA/api_twitter/venv/lib/python3.9/site-packages/airflow/example_dags/example_branch_day_of_week_operator.py
[2022-12-21 21:53:18,459] {logging_mixin.py:115} INFO - [2022-12-21 21:53:18,459] {dag.py:2379} INFO - Sync 1 DAGs
[2022-12-21 21:53:18,487] {logging_mixin.py:115} INFO - [2022-12-21 21:53:18,487] {dag.py:2927} INFO - Setting next_dagrun for example_weekday_branch_operator to 2022-12-21T00:00:00+00:00, run_after=2022-12-22T00:00:00+00:00
[2022-12-21 21:53:18,875] {processor.py:161} INFO - Processing /home/nayara/Downloads/EngDados/ALURA/api_twitter/venv/lib/python3.9/site-packages/airflow/example_dags/example_branch_day_of_week_operator.py took 0.516 seconds
[2022-12-21 21:54:10,224] {processor.py:153} INFO - Started process (PID=18374) to work on /home/nayara/Downloads/EngDados/ALURA/api_twitter/venv/lib/python3.9/site-packages/airflow/example_dags/example_branch_day_of_week_operator.py
[2022-12-21 21:54:10,237] {processor.py:641} INFO - Processing file /home/nayara/Downloads/EngDados/ALURA/api_twitter/venv/lib/python3.9/site-packages/airflow/example_dags/example_branch_day_of_week_operator.py for tasks to queue
[2022-12-21 21:54:10,238] {logging_mixin.py:115} INFO - [2022-12-21 21:54:10,238] {dagbag.py:507} INFO - Filling up the DagBag from /home/nayara/Downloads/EngDados/ALURA/api_twitter/venv/lib/python3.9/site-packages/airflow/example_dags/example_branch_day_of_week_operator.py
[2022-12-21 21:54:10,252] {processor.py:651} INFO - DAG(s) dict_keys(['example_weekday_branch_operator']) retrieved from /home/nayara/Downloads/EngDados/ALURA/api_twitter/venv/lib/python3.9/site-packages/airflow/example_dags/example_branch_day_of_week_operator.py
[2022-12-21 21:54:10,272] {logging_mixin.py:115} INFO - [2022-12-21 21:54:10,272] {dag.py:2379} INFO - Sync 1 DAGs
[2022-12-21 21:54:10,296] {logging_mixin.py:115} INFO - [2022-12-21 21:54:10,296] {dag.py:2927} INFO - Setting next_dagrun for example_weekday_branch_operator to 2022-12-21T00:00:00+00:00, run_after=2022-12-22T00:00:00+00:00
[2022-12-21 21:54:10,507] {processor.py:161} INFO - Processing /home/nayara/Downloads/EngDados/ALURA/api_twitter/venv/lib/python3.9/site-packages/airflow/example_dags/example_branch_day_of_week_operator.py took 0.296 seconds
[2022-12-21 21:55:02,478] {processor.py:153} INFO - Started process (PID=18470) to work on /home/nayara/Downloads/EngDados/ALURA/api_twitter/venv/lib/python3.9/site-packages/airflow/example_dags/example_branch_day_of_week_operator.py
[2022-12-21 21:55:02,491] {processor.py:641} INFO - Processing file /home/nayara/Downloads/EngDados/ALURA/api_twitter/venv/lib/python3.9/site-packages/airflow/example_dags/example_branch_day_of_week_operator.py for tasks to queue
[2022-12-21 21:55:02,491] {logging_mixin.py:115} INFO - [2022-12-21 21:55:02,491] {dagbag.py:507} INFO - Filling up the DagBag from /home/nayara/Downloads/EngDados/ALURA/api_twitter/venv/lib/python3.9/site-packages/airflow/example_dags/example_branch_day_of_week_operator.py
[2022-12-21 21:55:02,502] {processor.py:651} INFO - DAG(s) dict_keys(['example_weekday_branch_operator']) retrieved from /home/nayara/Downloads/EngDados/ALURA/api_twitter/venv/lib/python3.9/site-packages/airflow/example_dags/example_branch_day_of_week_operator.py
[2022-12-21 21:55:02,526] {logging_mixin.py:115} INFO - [2022-12-21 21:55:02,526] {dag.py:2379} INFO - Sync 1 DAGs
[2022-12-21 21:55:02,553] {logging_mixin.py:115} INFO - [2022-12-21 21:55:02,553] {dag.py:2927} INFO - Setting next_dagrun for example_weekday_branch_operator to 2022-12-21T00:00:00+00:00, run_after=2022-12-22T00:00:00+00:00
[2022-12-21 21:55:02,764] {processor.py:161} INFO - Processing /home/nayara/Downloads/EngDados/ALURA/api_twitter/venv/lib/python3.9/site-packages/airflow/example_dags/example_branch_day_of_week_operator.py took 0.289 seconds
