[2022-12-21 21:36:44,831] {processor.py:153} INFO - Started process (PID=15710) to work on /home/nayara/Downloads/EngDados/ALURA/api_twitter/venv/lib/python3.9/site-packages/airflow/example_dags/example_task_group.py
[2022-12-21 21:36:44,832] {processor.py:641} INFO - Processing file /home/nayara/Downloads/EngDados/ALURA/api_twitter/venv/lib/python3.9/site-packages/airflow/example_dags/example_task_group.py for tasks to queue
[2022-12-21 21:36:44,833] {logging_mixin.py:115} INFO - [2022-12-21 21:36:44,833] {dagbag.py:507} INFO - Filling up the DagBag from /home/nayara/Downloads/EngDados/ALURA/api_twitter/venv/lib/python3.9/site-packages/airflow/example_dags/example_task_group.py
[2022-12-21 21:36:44,849] {processor.py:651} INFO - DAG(s) dict_keys(['example_task_group']) retrieved from /home/nayara/Downloads/EngDados/ALURA/api_twitter/venv/lib/python3.9/site-packages/airflow/example_dags/example_task_group.py
[2022-12-21 21:36:45,630] {logging_mixin.py:115} INFO - [2022-12-21 21:36:45,629] {manager.py:508} INFO - Created Permission View: can read on DAG:example_task_group
[2022-12-21 21:36:45,871] {logging_mixin.py:115} INFO - [2022-12-21 21:36:45,870] {manager.py:508} INFO - Created Permission View: can delete on DAG:example_task_group
[2022-12-21 21:36:46,109] {logging_mixin.py:115} INFO - [2022-12-21 21:36:46,109] {manager.py:508} INFO - Created Permission View: can edit on DAG:example_task_group
[2022-12-21 21:36:46,109] {logging_mixin.py:115} INFO - [2022-12-21 21:36:46,109] {dag.py:2379} INFO - Sync 1 DAGs
[2022-12-21 21:36:46,120] {logging_mixin.py:115} INFO - [2022-12-21 21:36:46,120] {dag.py:2398} INFO - Creating ORM DAG for example_task_group
[2022-12-21 21:36:46,369] {logging_mixin.py:115} INFO - [2022-12-21 21:36:46,368] {dag.py:2927} INFO - Setting next_dagrun for example_task_group to 2022-12-21T00:36:46.367210+00:00, run_after=2022-12-22T00:36:46.367210+00:00
[2022-12-21 21:36:46,735] {processor.py:161} INFO - Processing /home/nayara/Downloads/EngDados/ALURA/api_twitter/venv/lib/python3.9/site-packages/airflow/example_dags/example_task_group.py took 1.912 seconds
[2022-12-21 21:38:37,609] {processor.py:153} INFO - Started process (PID=16204) to work on /home/nayara/Downloads/EngDados/ALURA/api_twitter/venv/lib/python3.9/site-packages/airflow/example_dags/example_task_group.py
[2022-12-21 21:38:37,637] {processor.py:641} INFO - Processing file /home/nayara/Downloads/EngDados/ALURA/api_twitter/venv/lib/python3.9/site-packages/airflow/example_dags/example_task_group.py for tasks to queue
[2022-12-21 21:38:37,640] {logging_mixin.py:115} INFO - [2022-12-21 21:38:37,639] {dagbag.py:507} INFO - Filling up the DagBag from /home/nayara/Downloads/EngDados/ALURA/api_twitter/venv/lib/python3.9/site-packages/airflow/example_dags/example_task_group.py
[2022-12-21 21:38:37,663] {processor.py:651} INFO - DAG(s) dict_keys(['example_task_group']) retrieved from /home/nayara/Downloads/EngDados/ALURA/api_twitter/venv/lib/python3.9/site-packages/airflow/example_dags/example_task_group.py
[2022-12-21 21:38:37,704] {logging_mixin.py:115} INFO - [2022-12-21 21:38:37,704] {dag.py:2379} INFO - Sync 1 DAGs
[2022-12-21 21:38:37,755] {logging_mixin.py:115} INFO - [2022-12-21 21:38:37,755] {dag.py:2927} INFO - Setting next_dagrun for example_task_group to 2022-12-21T00:38:37.755032+00:00, run_after=2022-12-22T00:38:37.755032+00:00
[2022-12-21 21:38:38,109] {processor.py:161} INFO - Processing /home/nayara/Downloads/EngDados/ALURA/api_twitter/venv/lib/python3.9/site-packages/airflow/example_dags/example_task_group.py took 0.511 seconds
[2022-12-21 21:39:24,759] {processor.py:153} INFO - Started process (PID=16258) to work on /home/nayara/Downloads/EngDados/ALURA/api_twitter/venv/lib/python3.9/site-packages/airflow/example_dags/example_task_group.py
[2022-12-21 21:39:24,781] {processor.py:641} INFO - Processing file /home/nayara/Downloads/EngDados/ALURA/api_twitter/venv/lib/python3.9/site-packages/airflow/example_dags/example_task_group.py for tasks to queue
[2022-12-21 21:39:24,784] {logging_mixin.py:115} INFO - [2022-12-21 21:39:24,783] {dagbag.py:507} INFO - Filling up the DagBag from /home/nayara/Downloads/EngDados/ALURA/api_twitter/venv/lib/python3.9/site-packages/airflow/example_dags/example_task_group.py
[2022-12-21 21:39:24,822] {processor.py:651} INFO - DAG(s) dict_keys(['example_task_group']) retrieved from /home/nayara/Downloads/EngDados/ALURA/api_twitter/venv/lib/python3.9/site-packages/airflow/example_dags/example_task_group.py
[2022-12-21 21:39:24,875] {logging_mixin.py:115} INFO - [2022-12-21 21:39:24,875] {dag.py:2379} INFO - Sync 1 DAGs
[2022-12-21 21:39:24,899] {logging_mixin.py:115} INFO - [2022-12-21 21:39:24,899] {dag.py:2927} INFO - Setting next_dagrun for example_task_group to 2022-12-21T00:39:24.898895+00:00, run_after=2022-12-22T00:39:24.898895+00:00
[2022-12-21 21:39:25,249] {processor.py:161} INFO - Processing /home/nayara/Downloads/EngDados/ALURA/api_twitter/venv/lib/python3.9/site-packages/airflow/example_dags/example_task_group.py took 0.504 seconds
[2022-12-21 21:40:13,146] {processor.py:153} INFO - Started process (PID=16324) to work on /home/nayara/Downloads/EngDados/ALURA/api_twitter/venv/lib/python3.9/site-packages/airflow/example_dags/example_task_group.py
[2022-12-21 21:40:13,163] {processor.py:641} INFO - Processing file /home/nayara/Downloads/EngDados/ALURA/api_twitter/venv/lib/python3.9/site-packages/airflow/example_dags/example_task_group.py for tasks to queue
[2022-12-21 21:40:13,164] {logging_mixin.py:115} INFO - [2022-12-21 21:40:13,164] {dagbag.py:507} INFO - Filling up the DagBag from /home/nayara/Downloads/EngDados/ALURA/api_twitter/venv/lib/python3.9/site-packages/airflow/example_dags/example_task_group.py
[2022-12-21 21:40:13,183] {processor.py:651} INFO - DAG(s) dict_keys(['example_task_group']) retrieved from /home/nayara/Downloads/EngDados/ALURA/api_twitter/venv/lib/python3.9/site-packages/airflow/example_dags/example_task_group.py
[2022-12-21 21:40:13,208] {logging_mixin.py:115} INFO - [2022-12-21 21:40:13,208] {dag.py:2379} INFO - Sync 1 DAGs
[2022-12-21 21:40:13,231] {logging_mixin.py:115} INFO - [2022-12-21 21:40:13,231] {dag.py:2927} INFO - Setting next_dagrun for example_task_group to 2022-12-21T00:40:13.231318+00:00, run_after=2022-12-22T00:40:13.231318+00:00
[2022-12-21 21:40:13,490] {processor.py:161} INFO - Processing /home/nayara/Downloads/EngDados/ALURA/api_twitter/venv/lib/python3.9/site-packages/airflow/example_dags/example_task_group.py took 0.357 seconds
[2022-12-21 21:41:04,772] {processor.py:153} INFO - Started process (PID=16408) to work on /home/nayara/Downloads/EngDados/ALURA/api_twitter/venv/lib/python3.9/site-packages/airflow/example_dags/example_task_group.py
[2022-12-21 21:41:04,788] {processor.py:641} INFO - Processing file /home/nayara/Downloads/EngDados/ALURA/api_twitter/venv/lib/python3.9/site-packages/airflow/example_dags/example_task_group.py for tasks to queue
[2022-12-21 21:41:04,789] {logging_mixin.py:115} INFO - [2022-12-21 21:41:04,789] {dagbag.py:507} INFO - Filling up the DagBag from /home/nayara/Downloads/EngDados/ALURA/api_twitter/venv/lib/python3.9/site-packages/airflow/example_dags/example_task_group.py
[2022-12-21 21:41:04,804] {processor.py:651} INFO - DAG(s) dict_keys(['example_task_group']) retrieved from /home/nayara/Downloads/EngDados/ALURA/api_twitter/venv/lib/python3.9/site-packages/airflow/example_dags/example_task_group.py
[2022-12-21 21:41:04,835] {logging_mixin.py:115} INFO - [2022-12-21 21:41:04,835] {dag.py:2379} INFO - Sync 1 DAGs
[2022-12-21 21:41:04,862] {logging_mixin.py:115} INFO - [2022-12-21 21:41:04,862] {dag.py:2927} INFO - Setting next_dagrun for example_task_group to 2022-12-21T00:41:04.861648+00:00, run_after=2022-12-22T00:41:04.861648+00:00
[2022-12-21 21:41:05,598] {processor.py:161} INFO - Processing /home/nayara/Downloads/EngDados/ALURA/api_twitter/venv/lib/python3.9/site-packages/airflow/example_dags/example_task_group.py took 0.834 seconds
[2022-12-21 21:42:03,410] {processor.py:153} INFO - Started process (PID=16551) to work on /home/nayara/Downloads/EngDados/ALURA/api_twitter/venv/lib/python3.9/site-packages/airflow/example_dags/example_task_group.py
[2022-12-21 21:42:03,411] {processor.py:641} INFO - Processing file /home/nayara/Downloads/EngDados/ALURA/api_twitter/venv/lib/python3.9/site-packages/airflow/example_dags/example_task_group.py for tasks to queue
[2022-12-21 21:42:03,412] {logging_mixin.py:115} INFO - [2022-12-21 21:42:03,412] {dagbag.py:507} INFO - Filling up the DagBag from /home/nayara/Downloads/EngDados/ALURA/api_twitter/venv/lib/python3.9/site-packages/airflow/example_dags/example_task_group.py
[2022-12-21 21:42:03,425] {processor.py:651} INFO - DAG(s) dict_keys(['example_task_group']) retrieved from /home/nayara/Downloads/EngDados/ALURA/api_twitter/venv/lib/python3.9/site-packages/airflow/example_dags/example_task_group.py
[2022-12-21 21:42:03,454] {logging_mixin.py:115} INFO - [2022-12-21 21:42:03,454] {dag.py:2379} INFO - Sync 1 DAGs
[2022-12-21 21:42:03,484] {logging_mixin.py:115} INFO - [2022-12-21 21:42:03,484] {dag.py:2927} INFO - Setting next_dagrun for example_task_group to 2022-12-21T00:42:03.484038+00:00, run_after=2022-12-22T00:42:03.484038+00:00
[2022-12-21 21:42:03,745] {processor.py:161} INFO - Processing /home/nayara/Downloads/EngDados/ALURA/api_twitter/venv/lib/python3.9/site-packages/airflow/example_dags/example_task_group.py took 0.340 seconds
[2022-12-21 21:42:43,963] {processor.py:153} INFO - Started process (PID=16587) to work on /home/nayara/Downloads/EngDados/ALURA/api_twitter/venv/lib/python3.9/site-packages/airflow/example_dags/example_task_group.py
[2022-12-21 21:42:43,965] {processor.py:641} INFO - Processing file /home/nayara/Downloads/EngDados/ALURA/api_twitter/venv/lib/python3.9/site-packages/airflow/example_dags/example_task_group.py for tasks to queue
[2022-12-21 21:42:43,965] {logging_mixin.py:115} INFO - [2022-12-21 21:42:43,965] {dagbag.py:507} INFO - Filling up the DagBag from /home/nayara/Downloads/EngDados/ALURA/api_twitter/venv/lib/python3.9/site-packages/airflow/example_dags/example_task_group.py
[2022-12-21 21:42:43,977] {processor.py:651} INFO - DAG(s) dict_keys(['example_task_group']) retrieved from /home/nayara/Downloads/EngDados/ALURA/api_twitter/venv/lib/python3.9/site-packages/airflow/example_dags/example_task_group.py
[2022-12-21 21:42:44,004] {logging_mixin.py:115} INFO - [2022-12-21 21:42:44,004] {dag.py:2379} INFO - Sync 1 DAGs
[2022-12-21 21:42:44,032] {logging_mixin.py:115} INFO - [2022-12-21 21:42:44,032] {dag.py:2927} INFO - Setting next_dagrun for example_task_group to 2022-12-21T00:42:44.032208+00:00, run_after=2022-12-22T00:42:44.032208+00:00
[2022-12-21 21:42:44,636] {processor.py:161} INFO - Processing /home/nayara/Downloads/EngDados/ALURA/api_twitter/venv/lib/python3.9/site-packages/airflow/example_dags/example_task_group.py took 0.678 seconds
[2022-12-21 21:43:33,123] {processor.py:153} INFO - Started process (PID=16674) to work on /home/nayara/Downloads/EngDados/ALURA/api_twitter/venv/lib/python3.9/site-packages/airflow/example_dags/example_task_group.py
[2022-12-21 21:43:33,146] {processor.py:641} INFO - Processing file /home/nayara/Downloads/EngDados/ALURA/api_twitter/venv/lib/python3.9/site-packages/airflow/example_dags/example_task_group.py for tasks to queue
[2022-12-21 21:43:33,147] {logging_mixin.py:115} INFO - [2022-12-21 21:43:33,147] {dagbag.py:507} INFO - Filling up the DagBag from /home/nayara/Downloads/EngDados/ALURA/api_twitter/venv/lib/python3.9/site-packages/airflow/example_dags/example_task_group.py
[2022-12-21 21:43:33,155] {processor.py:651} INFO - DAG(s) dict_keys(['example_task_group']) retrieved from /home/nayara/Downloads/EngDados/ALURA/api_twitter/venv/lib/python3.9/site-packages/airflow/example_dags/example_task_group.py
[2022-12-21 21:43:33,176] {logging_mixin.py:115} INFO - [2022-12-21 21:43:33,176] {dag.py:2379} INFO - Sync 1 DAGs
[2022-12-21 21:43:33,199] {logging_mixin.py:115} INFO - [2022-12-21 21:43:33,198] {dag.py:2927} INFO - Setting next_dagrun for example_task_group to 2022-12-21T00:43:33.198664+00:00, run_after=2022-12-22T00:43:33.198664+00:00
[2022-12-21 21:43:33,527] {processor.py:161} INFO - Processing /home/nayara/Downloads/EngDados/ALURA/api_twitter/venv/lib/python3.9/site-packages/airflow/example_dags/example_task_group.py took 0.412 seconds
[2022-12-21 21:44:12,356] {processor.py:153} INFO - Started process (PID=16710) to work on /home/nayara/Downloads/EngDados/ALURA/api_twitter/venv/lib/python3.9/site-packages/airflow/example_dags/example_task_group.py
[2022-12-21 21:44:12,357] {processor.py:641} INFO - Processing file /home/nayara/Downloads/EngDados/ALURA/api_twitter/venv/lib/python3.9/site-packages/airflow/example_dags/example_task_group.py for tasks to queue
[2022-12-21 21:44:12,357] {logging_mixin.py:115} INFO - [2022-12-21 21:44:12,357] {dagbag.py:507} INFO - Filling up the DagBag from /home/nayara/Downloads/EngDados/ALURA/api_twitter/venv/lib/python3.9/site-packages/airflow/example_dags/example_task_group.py
[2022-12-21 21:44:12,367] {processor.py:651} INFO - DAG(s) dict_keys(['example_task_group']) retrieved from /home/nayara/Downloads/EngDados/ALURA/api_twitter/venv/lib/python3.9/site-packages/airflow/example_dags/example_task_group.py
[2022-12-21 21:44:12,389] {logging_mixin.py:115} INFO - [2022-12-21 21:44:12,389] {dag.py:2379} INFO - Sync 1 DAGs
[2022-12-21 21:44:12,411] {logging_mixin.py:115} INFO - [2022-12-21 21:44:12,410] {dag.py:2927} INFO - Setting next_dagrun for example_task_group to 2022-12-21T00:44:12.410610+00:00, run_after=2022-12-22T00:44:12.410610+00:00
[2022-12-21 21:44:12,663] {processor.py:161} INFO - Processing /home/nayara/Downloads/EngDados/ALURA/api_twitter/venv/lib/python3.9/site-packages/airflow/example_dags/example_task_group.py took 0.311 seconds
[2022-12-21 21:45:04,651] {processor.py:153} INFO - Started process (PID=16768) to work on /home/nayara/Downloads/EngDados/ALURA/api_twitter/venv/lib/python3.9/site-packages/airflow/example_dags/example_task_group.py
[2022-12-21 21:45:04,671] {processor.py:641} INFO - Processing file /home/nayara/Downloads/EngDados/ALURA/api_twitter/venv/lib/python3.9/site-packages/airflow/example_dags/example_task_group.py for tasks to queue
[2022-12-21 21:45:04,672] {logging_mixin.py:115} INFO - [2022-12-21 21:45:04,672] {dagbag.py:507} INFO - Filling up the DagBag from /home/nayara/Downloads/EngDados/ALURA/api_twitter/venv/lib/python3.9/site-packages/airflow/example_dags/example_task_group.py
[2022-12-21 21:45:04,680] {processor.py:651} INFO - DAG(s) dict_keys(['example_task_group']) retrieved from /home/nayara/Downloads/EngDados/ALURA/api_twitter/venv/lib/python3.9/site-packages/airflow/example_dags/example_task_group.py
[2022-12-21 21:45:04,702] {logging_mixin.py:115} INFO - [2022-12-21 21:45:04,701] {dag.py:2379} INFO - Sync 1 DAGs
[2022-12-21 21:45:04,723] {logging_mixin.py:115} INFO - [2022-12-21 21:45:04,723] {dag.py:2927} INFO - Setting next_dagrun for example_task_group to 2022-12-21T00:45:04.723288+00:00, run_after=2022-12-22T00:45:04.723288+00:00
[2022-12-21 21:45:04,977] {processor.py:161} INFO - Processing /home/nayara/Downloads/EngDados/ALURA/api_twitter/venv/lib/python3.9/site-packages/airflow/example_dags/example_task_group.py took 0.329 seconds
[2022-12-21 21:45:46,085] {processor.py:153} INFO - Started process (PID=16902) to work on /home/nayara/Downloads/EngDados/ALURA/api_twitter/venv/lib/python3.9/site-packages/airflow/example_dags/example_task_group.py
[2022-12-21 21:45:46,102] {processor.py:641} INFO - Processing file /home/nayara/Downloads/EngDados/ALURA/api_twitter/venv/lib/python3.9/site-packages/airflow/example_dags/example_task_group.py for tasks to queue
[2022-12-21 21:45:46,104] {logging_mixin.py:115} INFO - [2022-12-21 21:45:46,103] {dagbag.py:507} INFO - Filling up the DagBag from /home/nayara/Downloads/EngDados/ALURA/api_twitter/venv/lib/python3.9/site-packages/airflow/example_dags/example_task_group.py
[2022-12-21 21:45:46,130] {processor.py:651} INFO - DAG(s) dict_keys(['example_task_group']) retrieved from /home/nayara/Downloads/EngDados/ALURA/api_twitter/venv/lib/python3.9/site-packages/airflow/example_dags/example_task_group.py
[2022-12-21 21:45:46,178] {logging_mixin.py:115} INFO - [2022-12-21 21:45:46,178] {dag.py:2379} INFO - Sync 1 DAGs
[2022-12-21 21:45:46,209] {logging_mixin.py:115} INFO - [2022-12-21 21:45:46,209] {dag.py:2927} INFO - Setting next_dagrun for example_task_group to 2022-12-21T00:45:46.209057+00:00, run_after=2022-12-22T00:45:46.209057+00:00
[2022-12-21 21:45:46,489] {processor.py:161} INFO - Processing /home/nayara/Downloads/EngDados/ALURA/api_twitter/venv/lib/python3.9/site-packages/airflow/example_dags/example_task_group.py took 0.413 seconds
[2022-12-21 21:46:26,159] {processor.py:153} INFO - Started process (PID=17211) to work on /home/nayara/Downloads/EngDados/ALURA/api_twitter/venv/lib/python3.9/site-packages/airflow/example_dags/example_task_group.py
[2022-12-21 21:46:26,163] {processor.py:641} INFO - Processing file /home/nayara/Downloads/EngDados/ALURA/api_twitter/venv/lib/python3.9/site-packages/airflow/example_dags/example_task_group.py for tasks to queue
[2022-12-21 21:46:26,166] {logging_mixin.py:115} INFO - [2022-12-21 21:46:26,165] {dagbag.py:507} INFO - Filling up the DagBag from /home/nayara/Downloads/EngDados/ALURA/api_twitter/venv/lib/python3.9/site-packages/airflow/example_dags/example_task_group.py
[2022-12-21 21:46:26,200] {processor.py:651} INFO - DAG(s) dict_keys(['example_task_group']) retrieved from /home/nayara/Downloads/EngDados/ALURA/api_twitter/venv/lib/python3.9/site-packages/airflow/example_dags/example_task_group.py
[2022-12-21 21:46:26,226] {logging_mixin.py:115} INFO - [2022-12-21 21:46:26,226] {dag.py:2379} INFO - Sync 1 DAGs
[2022-12-21 21:46:26,260] {logging_mixin.py:115} INFO - [2022-12-21 21:46:26,260] {dag.py:2927} INFO - Setting next_dagrun for example_task_group to 2022-12-21T00:46:26.259940+00:00, run_after=2022-12-22T00:46:26.259940+00:00
[2022-12-21 21:46:26,928] {processor.py:161} INFO - Processing /home/nayara/Downloads/EngDados/ALURA/api_twitter/venv/lib/python3.9/site-packages/airflow/example_dags/example_task_group.py took 0.786 seconds
[2022-12-21 21:47:09,873] {processor.py:153} INFO - Started process (PID=17309) to work on /home/nayara/Downloads/EngDados/ALURA/api_twitter/venv/lib/python3.9/site-packages/airflow/example_dags/example_task_group.py
[2022-12-21 21:47:09,893] {processor.py:641} INFO - Processing file /home/nayara/Downloads/EngDados/ALURA/api_twitter/venv/lib/python3.9/site-packages/airflow/example_dags/example_task_group.py for tasks to queue
[2022-12-21 21:47:09,894] {logging_mixin.py:115} INFO - [2022-12-21 21:47:09,894] {dagbag.py:507} INFO - Filling up the DagBag from /home/nayara/Downloads/EngDados/ALURA/api_twitter/venv/lib/python3.9/site-packages/airflow/example_dags/example_task_group.py
[2022-12-21 21:47:09,906] {processor.py:651} INFO - DAG(s) dict_keys(['example_task_group']) retrieved from /home/nayara/Downloads/EngDados/ALURA/api_twitter/venv/lib/python3.9/site-packages/airflow/example_dags/example_task_group.py
[2022-12-21 21:47:09,930] {logging_mixin.py:115} INFO - [2022-12-21 21:47:09,930] {dag.py:2379} INFO - Sync 1 DAGs
[2022-12-21 21:47:09,955] {logging_mixin.py:115} INFO - [2022-12-21 21:47:09,955] {dag.py:2927} INFO - Setting next_dagrun for example_task_group to 2022-12-21T00:47:09.954928+00:00, run_after=2022-12-22T00:47:09.954928+00:00
[2022-12-21 21:47:10,291] {processor.py:161} INFO - Processing /home/nayara/Downloads/EngDados/ALURA/api_twitter/venv/lib/python3.9/site-packages/airflow/example_dags/example_task_group.py took 0.422 seconds
[2022-12-21 21:47:56,221] {processor.py:153} INFO - Started process (PID=17423) to work on /home/nayara/Downloads/EngDados/ALURA/api_twitter/venv/lib/python3.9/site-packages/airflow/example_dags/example_task_group.py
[2022-12-21 21:47:56,242] {processor.py:641} INFO - Processing file /home/nayara/Downloads/EngDados/ALURA/api_twitter/venv/lib/python3.9/site-packages/airflow/example_dags/example_task_group.py for tasks to queue
[2022-12-21 21:47:56,246] {logging_mixin.py:115} INFO - [2022-12-21 21:47:56,245] {dagbag.py:507} INFO - Filling up the DagBag from /home/nayara/Downloads/EngDados/ALURA/api_twitter/venv/lib/python3.9/site-packages/airflow/example_dags/example_task_group.py
[2022-12-21 21:47:56,293] {processor.py:651} INFO - DAG(s) dict_keys(['example_task_group']) retrieved from /home/nayara/Downloads/EngDados/ALURA/api_twitter/venv/lib/python3.9/site-packages/airflow/example_dags/example_task_group.py
[2022-12-21 21:47:56,325] {logging_mixin.py:115} INFO - [2022-12-21 21:47:56,325] {dag.py:2379} INFO - Sync 1 DAGs
[2022-12-21 21:47:56,350] {logging_mixin.py:115} INFO - [2022-12-21 21:47:56,350] {dag.py:2927} INFO - Setting next_dagrun for example_task_group to 2022-12-21T00:47:56.350070+00:00, run_after=2022-12-22T00:47:56.350070+00:00
[2022-12-21 21:47:56,685] {processor.py:161} INFO - Processing /home/nayara/Downloads/EngDados/ALURA/api_twitter/venv/lib/python3.9/site-packages/airflow/example_dags/example_task_group.py took 0.474 seconds
[2022-12-21 21:48:39,408] {processor.py:153} INFO - Started process (PID=17468) to work on /home/nayara/Downloads/EngDados/ALURA/api_twitter/venv/lib/python3.9/site-packages/airflow/example_dags/example_task_group.py
[2022-12-21 21:48:39,419] {processor.py:641} INFO - Processing file /home/nayara/Downloads/EngDados/ALURA/api_twitter/venv/lib/python3.9/site-packages/airflow/example_dags/example_task_group.py for tasks to queue
[2022-12-21 21:48:39,419] {logging_mixin.py:115} INFO - [2022-12-21 21:48:39,419] {dagbag.py:507} INFO - Filling up the DagBag from /home/nayara/Downloads/EngDados/ALURA/api_twitter/venv/lib/python3.9/site-packages/airflow/example_dags/example_task_group.py
[2022-12-21 21:48:39,433] {processor.py:651} INFO - DAG(s) dict_keys(['example_task_group']) retrieved from /home/nayara/Downloads/EngDados/ALURA/api_twitter/venv/lib/python3.9/site-packages/airflow/example_dags/example_task_group.py
[2022-12-21 21:48:39,469] {logging_mixin.py:115} INFO - [2022-12-21 21:48:39,469] {dag.py:2379} INFO - Sync 1 DAGs
[2022-12-21 21:48:39,510] {logging_mixin.py:115} INFO - [2022-12-21 21:48:39,510] {dag.py:2927} INFO - Setting next_dagrun for example_task_group to 2022-12-21T00:48:39.509232+00:00, run_after=2022-12-22T00:48:39.509232+00:00
[2022-12-21 21:48:39,816] {processor.py:161} INFO - Processing /home/nayara/Downloads/EngDados/ALURA/api_twitter/venv/lib/python3.9/site-packages/airflow/example_dags/example_task_group.py took 0.414 seconds
[2022-12-21 21:49:29,903] {processor.py:153} INFO - Started process (PID=17524) to work on /home/nayara/Downloads/EngDados/ALURA/api_twitter/venv/lib/python3.9/site-packages/airflow/example_dags/example_task_group.py
[2022-12-21 21:49:29,923] {processor.py:641} INFO - Processing file /home/nayara/Downloads/EngDados/ALURA/api_twitter/venv/lib/python3.9/site-packages/airflow/example_dags/example_task_group.py for tasks to queue
[2022-12-21 21:49:29,926] {logging_mixin.py:115} INFO - [2022-12-21 21:49:29,925] {dagbag.py:507} INFO - Filling up the DagBag from /home/nayara/Downloads/EngDados/ALURA/api_twitter/venv/lib/python3.9/site-packages/airflow/example_dags/example_task_group.py
[2022-12-21 21:49:29,965] {processor.py:651} INFO - DAG(s) dict_keys(['example_task_group']) retrieved from /home/nayara/Downloads/EngDados/ALURA/api_twitter/venv/lib/python3.9/site-packages/airflow/example_dags/example_task_group.py
[2022-12-21 21:49:29,989] {logging_mixin.py:115} INFO - [2022-12-21 21:49:29,989] {dag.py:2379} INFO - Sync 1 DAGs
[2022-12-21 21:49:30,011] {logging_mixin.py:115} INFO - [2022-12-21 21:49:30,011] {dag.py:2927} INFO - Setting next_dagrun for example_task_group to 2022-12-21T00:49:30.010946+00:00, run_after=2022-12-22T00:49:30.010946+00:00
[2022-12-21 21:49:30,361] {processor.py:161} INFO - Processing /home/nayara/Downloads/EngDados/ALURA/api_twitter/venv/lib/python3.9/site-packages/airflow/example_dags/example_task_group.py took 0.473 seconds
[2022-12-21 21:50:20,116] {processor.py:153} INFO - Started process (PID=17687) to work on /home/nayara/Downloads/EngDados/ALURA/api_twitter/venv/lib/python3.9/site-packages/airflow/example_dags/example_task_group.py
[2022-12-21 21:50:20,118] {processor.py:641} INFO - Processing file /home/nayara/Downloads/EngDados/ALURA/api_twitter/venv/lib/python3.9/site-packages/airflow/example_dags/example_task_group.py for tasks to queue
[2022-12-21 21:50:20,120] {logging_mixin.py:115} INFO - [2022-12-21 21:50:20,120] {dagbag.py:507} INFO - Filling up the DagBag from /home/nayara/Downloads/EngDados/ALURA/api_twitter/venv/lib/python3.9/site-packages/airflow/example_dags/example_task_group.py
[2022-12-21 21:50:20,134] {processor.py:651} INFO - DAG(s) dict_keys(['example_task_group']) retrieved from /home/nayara/Downloads/EngDados/ALURA/api_twitter/venv/lib/python3.9/site-packages/airflow/example_dags/example_task_group.py
[2022-12-21 21:50:20,165] {logging_mixin.py:115} INFO - [2022-12-21 21:50:20,165] {dag.py:2379} INFO - Sync 1 DAGs
[2022-12-21 21:50:20,197] {logging_mixin.py:115} INFO - [2022-12-21 21:50:20,197] {dag.py:2927} INFO - Setting next_dagrun for example_task_group to 2022-12-21T00:50:20.197497+00:00, run_after=2022-12-22T00:50:20.197497+00:00
[2022-12-21 21:50:20,461] {processor.py:161} INFO - Processing /home/nayara/Downloads/EngDados/ALURA/api_twitter/venv/lib/python3.9/site-packages/airflow/example_dags/example_task_group.py took 0.350 seconds
[2022-12-21 21:50:59,791] {processor.py:153} INFO - Started process (PID=17808) to work on /home/nayara/Downloads/EngDados/ALURA/api_twitter/venv/lib/python3.9/site-packages/airflow/example_dags/example_task_group.py
[2022-12-21 21:50:59,823] {processor.py:641} INFO - Processing file /home/nayara/Downloads/EngDados/ALURA/api_twitter/venv/lib/python3.9/site-packages/airflow/example_dags/example_task_group.py for tasks to queue
[2022-12-21 21:50:59,823] {logging_mixin.py:115} INFO - [2022-12-21 21:50:59,823] {dagbag.py:507} INFO - Filling up the DagBag from /home/nayara/Downloads/EngDados/ALURA/api_twitter/venv/lib/python3.9/site-packages/airflow/example_dags/example_task_group.py
[2022-12-21 21:50:59,835] {processor.py:651} INFO - DAG(s) dict_keys(['example_task_group']) retrieved from /home/nayara/Downloads/EngDados/ALURA/api_twitter/venv/lib/python3.9/site-packages/airflow/example_dags/example_task_group.py
[2022-12-21 21:50:59,860] {logging_mixin.py:115} INFO - [2022-12-21 21:50:59,860] {dag.py:2379} INFO - Sync 1 DAGs
[2022-12-21 21:50:59,883] {logging_mixin.py:115} INFO - [2022-12-21 21:50:59,882] {dag.py:2927} INFO - Setting next_dagrun for example_task_group to 2022-12-21T00:50:59.882572+00:00, run_after=2022-12-22T00:50:59.882572+00:00
[2022-12-21 21:51:00,237] {processor.py:161} INFO - Processing /home/nayara/Downloads/EngDados/ALURA/api_twitter/venv/lib/python3.9/site-packages/airflow/example_dags/example_task_group.py took 0.453 seconds
[2022-12-21 21:51:35,077] {processor.py:153} INFO - Started process (PID=17890) to work on /home/nayara/Downloads/EngDados/ALURA/api_twitter/venv/lib/python3.9/site-packages/airflow/example_dags/example_task_group.py
[2022-12-21 21:51:35,099] {processor.py:641} INFO - Processing file /home/nayara/Downloads/EngDados/ALURA/api_twitter/venv/lib/python3.9/site-packages/airflow/example_dags/example_task_group.py for tasks to queue
[2022-12-21 21:51:35,100] {logging_mixin.py:115} INFO - [2022-12-21 21:51:35,100] {dagbag.py:507} INFO - Filling up the DagBag from /home/nayara/Downloads/EngDados/ALURA/api_twitter/venv/lib/python3.9/site-packages/airflow/example_dags/example_task_group.py
[2022-12-21 21:51:35,110] {processor.py:651} INFO - DAG(s) dict_keys(['example_task_group']) retrieved from /home/nayara/Downloads/EngDados/ALURA/api_twitter/venv/lib/python3.9/site-packages/airflow/example_dags/example_task_group.py
[2022-12-21 21:51:35,133] {logging_mixin.py:115} INFO - [2022-12-21 21:51:35,133] {dag.py:2379} INFO - Sync 1 DAGs
[2022-12-21 21:51:35,159] {logging_mixin.py:115} INFO - [2022-12-21 21:51:35,159] {dag.py:2927} INFO - Setting next_dagrun for example_task_group to 2022-12-21T00:51:35.159204+00:00, run_after=2022-12-22T00:51:35.159204+00:00
[2022-12-21 21:51:35,525] {processor.py:161} INFO - Processing /home/nayara/Downloads/EngDados/ALURA/api_twitter/venv/lib/python3.9/site-packages/airflow/example_dags/example_task_group.py took 0.461 seconds
[2022-12-21 21:52:26,615] {processor.py:153} INFO - Started process (PID=18110) to work on /home/nayara/Downloads/EngDados/ALURA/api_twitter/venv/lib/python3.9/site-packages/airflow/example_dags/example_task_group.py
[2022-12-21 21:52:26,641] {processor.py:641} INFO - Processing file /home/nayara/Downloads/EngDados/ALURA/api_twitter/venv/lib/python3.9/site-packages/airflow/example_dags/example_task_group.py for tasks to queue
[2022-12-21 21:52:26,643] {logging_mixin.py:115} INFO - [2022-12-21 21:52:26,643] {dagbag.py:507} INFO - Filling up the DagBag from /home/nayara/Downloads/EngDados/ALURA/api_twitter/venv/lib/python3.9/site-packages/airflow/example_dags/example_task_group.py
[2022-12-21 21:52:26,684] {processor.py:651} INFO - DAG(s) dict_keys(['example_task_group']) retrieved from /home/nayara/Downloads/EngDados/ALURA/api_twitter/venv/lib/python3.9/site-packages/airflow/example_dags/example_task_group.py
[2022-12-21 21:52:26,720] {logging_mixin.py:115} INFO - [2022-12-21 21:52:26,720] {dag.py:2379} INFO - Sync 1 DAGs
[2022-12-21 21:52:26,745] {logging_mixin.py:115} INFO - [2022-12-21 21:52:26,745] {dag.py:2927} INFO - Setting next_dagrun for example_task_group to 2022-12-21T00:52:26.744931+00:00, run_after=2022-12-22T00:52:26.744931+00:00
[2022-12-21 21:52:27,411] {processor.py:161} INFO - Processing /home/nayara/Downloads/EngDados/ALURA/api_twitter/venv/lib/python3.9/site-packages/airflow/example_dags/example_task_group.py took 0.814 seconds
[2022-12-21 21:53:06,026] {processor.py:153} INFO - Started process (PID=18203) to work on /home/nayara/Downloads/EngDados/ALURA/api_twitter/venv/lib/python3.9/site-packages/airflow/example_dags/example_task_group.py
[2022-12-21 21:53:06,041] {processor.py:641} INFO - Processing file /home/nayara/Downloads/EngDados/ALURA/api_twitter/venv/lib/python3.9/site-packages/airflow/example_dags/example_task_group.py for tasks to queue
[2022-12-21 21:53:06,042] {logging_mixin.py:115} INFO - [2022-12-21 21:53:06,042] {dagbag.py:507} INFO - Filling up the DagBag from /home/nayara/Downloads/EngDados/ALURA/api_twitter/venv/lib/python3.9/site-packages/airflow/example_dags/example_task_group.py
[2022-12-21 21:53:06,063] {processor.py:651} INFO - DAG(s) dict_keys(['example_task_group']) retrieved from /home/nayara/Downloads/EngDados/ALURA/api_twitter/venv/lib/python3.9/site-packages/airflow/example_dags/example_task_group.py
[2022-12-21 21:53:06,111] {logging_mixin.py:115} INFO - [2022-12-21 21:53:06,111] {dag.py:2379} INFO - Sync 1 DAGs
[2022-12-21 21:53:06,135] {logging_mixin.py:115} INFO - [2022-12-21 21:53:06,135] {dag.py:2927} INFO - Setting next_dagrun for example_task_group to 2022-12-21T00:53:06.135410+00:00, run_after=2022-12-22T00:53:06.135410+00:00
[2022-12-21 21:53:06,449] {processor.py:161} INFO - Processing /home/nayara/Downloads/EngDados/ALURA/api_twitter/venv/lib/python3.9/site-packages/airflow/example_dags/example_task_group.py took 0.432 seconds
[2022-12-21 21:53:43,290] {processor.py:153} INFO - Started process (PID=18283) to work on /home/nayara/Downloads/EngDados/ALURA/api_twitter/venv/lib/python3.9/site-packages/airflow/example_dags/example_task_group.py
[2022-12-21 21:53:43,293] {processor.py:641} INFO - Processing file /home/nayara/Downloads/EngDados/ALURA/api_twitter/venv/lib/python3.9/site-packages/airflow/example_dags/example_task_group.py for tasks to queue
[2022-12-21 21:53:43,296] {logging_mixin.py:115} INFO - [2022-12-21 21:53:43,296] {dagbag.py:507} INFO - Filling up the DagBag from /home/nayara/Downloads/EngDados/ALURA/api_twitter/venv/lib/python3.9/site-packages/airflow/example_dags/example_task_group.py
[2022-12-21 21:53:43,335] {processor.py:651} INFO - DAG(s) dict_keys(['example_task_group']) retrieved from /home/nayara/Downloads/EngDados/ALURA/api_twitter/venv/lib/python3.9/site-packages/airflow/example_dags/example_task_group.py
[2022-12-21 21:53:43,368] {logging_mixin.py:115} INFO - [2022-12-21 21:53:43,368] {dag.py:2379} INFO - Sync 1 DAGs
[2022-12-21 21:53:43,395] {logging_mixin.py:115} INFO - [2022-12-21 21:53:43,395] {dag.py:2927} INFO - Setting next_dagrun for example_task_group to 2022-12-21T00:53:43.395352+00:00, run_after=2022-12-22T00:53:43.395352+00:00
[2022-12-21 21:53:43,727] {processor.py:161} INFO - Processing /home/nayara/Downloads/EngDados/ALURA/api_twitter/venv/lib/python3.9/site-packages/airflow/example_dags/example_task_group.py took 0.453 seconds
[2022-12-21 21:54:33,182] {processor.py:153} INFO - Started process (PID=18408) to work on /home/nayara/Downloads/EngDados/ALURA/api_twitter/venv/lib/python3.9/site-packages/airflow/example_dags/example_task_group.py
[2022-12-21 21:54:33,185] {processor.py:641} INFO - Processing file /home/nayara/Downloads/EngDados/ALURA/api_twitter/venv/lib/python3.9/site-packages/airflow/example_dags/example_task_group.py for tasks to queue
[2022-12-21 21:54:33,187] {logging_mixin.py:115} INFO - [2022-12-21 21:54:33,186] {dagbag.py:507} INFO - Filling up the DagBag from /home/nayara/Downloads/EngDados/ALURA/api_twitter/venv/lib/python3.9/site-packages/airflow/example_dags/example_task_group.py
[2022-12-21 21:54:33,219] {processor.py:651} INFO - DAG(s) dict_keys(['example_task_group']) retrieved from /home/nayara/Downloads/EngDados/ALURA/api_twitter/venv/lib/python3.9/site-packages/airflow/example_dags/example_task_group.py
[2022-12-21 21:54:33,255] {logging_mixin.py:115} INFO - [2022-12-21 21:54:33,255] {dag.py:2379} INFO - Sync 1 DAGs
[2022-12-21 21:54:33,279] {logging_mixin.py:115} INFO - [2022-12-21 21:54:33,279] {dag.py:2927} INFO - Setting next_dagrun for example_task_group to 2022-12-21T00:54:33.278914+00:00, run_after=2022-12-22T00:54:33.278914+00:00
[2022-12-21 21:54:33,548] {processor.py:161} INFO - Processing /home/nayara/Downloads/EngDados/ALURA/api_twitter/venv/lib/python3.9/site-packages/airflow/example_dags/example_task_group.py took 0.385 seconds
[2022-12-21 21:55:09,853] {processor.py:153} INFO - Started process (PID=18480) to work on /home/nayara/Downloads/EngDados/ALURA/api_twitter/venv/lib/python3.9/site-packages/airflow/example_dags/example_task_group.py
[2022-12-21 21:55:09,856] {processor.py:641} INFO - Processing file /home/nayara/Downloads/EngDados/ALURA/api_twitter/venv/lib/python3.9/site-packages/airflow/example_dags/example_task_group.py for tasks to queue
[2022-12-21 21:55:09,857] {logging_mixin.py:115} INFO - [2022-12-21 21:55:09,857] {dagbag.py:507} INFO - Filling up the DagBag from /home/nayara/Downloads/EngDados/ALURA/api_twitter/venv/lib/python3.9/site-packages/airflow/example_dags/example_task_group.py
[2022-12-21 21:55:09,866] {processor.py:651} INFO - DAG(s) dict_keys(['example_task_group']) retrieved from /home/nayara/Downloads/EngDados/ALURA/api_twitter/venv/lib/python3.9/site-packages/airflow/example_dags/example_task_group.py
[2022-12-21 21:55:09,888] {logging_mixin.py:115} INFO - [2022-12-21 21:55:09,888] {dag.py:2379} INFO - Sync 1 DAGs
[2022-12-21 21:55:09,911] {logging_mixin.py:115} INFO - [2022-12-21 21:55:09,911] {dag.py:2927} INFO - Setting next_dagrun for example_task_group to 2022-12-21T00:55:09.910824+00:00, run_after=2022-12-22T00:55:09.910824+00:00
[2022-12-21 21:55:10,220] {processor.py:161} INFO - Processing /home/nayara/Downloads/EngDados/ALURA/api_twitter/venv/lib/python3.9/site-packages/airflow/example_dags/example_task_group.py took 0.370 seconds
