[2022-12-21 21:37:10,958] {processor.py:153} INFO - Started process (PID=16024) to work on /home/nayara/Downloads/EngDados/ALURA/api_twitter/venv/lib/python3.9/site-packages/airflow/example_dags/example_trigger_controller_dag.py
[2022-12-21 21:37:10,961] {processor.py:641} INFO - Processing file /home/nayara/Downloads/EngDados/ALURA/api_twitter/venv/lib/python3.9/site-packages/airflow/example_dags/example_trigger_controller_dag.py for tasks to queue
[2022-12-21 21:37:10,964] {logging_mixin.py:115} INFO - [2022-12-21 21:37:10,963] {dagbag.py:507} INFO - Filling up the DagBag from /home/nayara/Downloads/EngDados/ALURA/api_twitter/venv/lib/python3.9/site-packages/airflow/example_dags/example_trigger_controller_dag.py
[2022-12-21 21:37:10,981] {processor.py:651} INFO - DAG(s) dict_keys(['example_trigger_controller_dag']) retrieved from /home/nayara/Downloads/EngDados/ALURA/api_twitter/venv/lib/python3.9/site-packages/airflow/example_dags/example_trigger_controller_dag.py
[2022-12-21 21:37:11,505] {logging_mixin.py:115} INFO - [2022-12-21 21:37:11,504] {manager.py:508} INFO - Created Permission View: can read on DAG:example_trigger_controller_dag
[2022-12-21 21:37:12,118] {logging_mixin.py:115} INFO - [2022-12-21 21:37:12,117] {manager.py:508} INFO - Created Permission View: can delete on DAG:example_trigger_controller_dag
[2022-12-21 21:37:12,402] {logging_mixin.py:115} INFO - [2022-12-21 21:37:12,401] {manager.py:508} INFO - Created Permission View: can edit on DAG:example_trigger_controller_dag
[2022-12-21 21:37:12,403] {logging_mixin.py:115} INFO - [2022-12-21 21:37:12,403] {dag.py:2379} INFO - Sync 1 DAGs
[2022-12-21 21:37:12,435] {logging_mixin.py:115} INFO - [2022-12-21 21:37:12,434] {dag.py:2398} INFO - Creating ORM DAG for example_trigger_controller_dag
[2022-12-21 21:37:12,452] {logging_mixin.py:115} INFO - [2022-12-21 21:37:12,451] {dag.py:2927} INFO - Setting next_dagrun for example_trigger_controller_dag to 2021-01-01T00:00:00+00:00, run_after=2021-01-01T00:00:00+00:00
[2022-12-21 21:37:12,880] {processor.py:161} INFO - Processing /home/nayara/Downloads/EngDados/ALURA/api_twitter/venv/lib/python3.9/site-packages/airflow/example_dags/example_trigger_controller_dag.py took 1.940 seconds
[2022-12-21 21:38:48,689] {processor.py:153} INFO - Started process (PID=16213) to work on /home/nayara/Downloads/EngDados/ALURA/api_twitter/venv/lib/python3.9/site-packages/airflow/example_dags/example_trigger_controller_dag.py
[2022-12-21 21:38:48,700] {processor.py:641} INFO - Processing file /home/nayara/Downloads/EngDados/ALURA/api_twitter/venv/lib/python3.9/site-packages/airflow/example_dags/example_trigger_controller_dag.py for tasks to queue
[2022-12-21 21:38:48,701] {logging_mixin.py:115} INFO - [2022-12-21 21:38:48,701] {dagbag.py:507} INFO - Filling up the DagBag from /home/nayara/Downloads/EngDados/ALURA/api_twitter/venv/lib/python3.9/site-packages/airflow/example_dags/example_trigger_controller_dag.py
[2022-12-21 21:38:48,706] {processor.py:651} INFO - DAG(s) dict_keys(['example_trigger_controller_dag']) retrieved from /home/nayara/Downloads/EngDados/ALURA/api_twitter/venv/lib/python3.9/site-packages/airflow/example_dags/example_trigger_controller_dag.py
[2022-12-21 21:38:48,727] {logging_mixin.py:115} INFO - [2022-12-21 21:38:48,726] {dag.py:2379} INFO - Sync 1 DAGs
[2022-12-21 21:38:48,749] {logging_mixin.py:115} INFO - [2022-12-21 21:38:48,748] {dag.py:2927} INFO - Setting next_dagrun for example_trigger_controller_dag to 2021-01-01T00:00:00+00:00, run_after=2021-01-01T00:00:00+00:00
[2022-12-21 21:38:49,098] {processor.py:161} INFO - Processing /home/nayara/Downloads/EngDados/ALURA/api_twitter/venv/lib/python3.9/site-packages/airflow/example_dags/example_trigger_controller_dag.py took 0.415 seconds
[2022-12-21 21:39:44,307] {processor.py:153} INFO - Started process (PID=16297) to work on /home/nayara/Downloads/EngDados/ALURA/api_twitter/venv/lib/python3.9/site-packages/airflow/example_dags/example_trigger_controller_dag.py
[2022-12-21 21:39:44,309] {processor.py:641} INFO - Processing file /home/nayara/Downloads/EngDados/ALURA/api_twitter/venv/lib/python3.9/site-packages/airflow/example_dags/example_trigger_controller_dag.py for tasks to queue
[2022-12-21 21:39:44,310] {logging_mixin.py:115} INFO - [2022-12-21 21:39:44,310] {dagbag.py:507} INFO - Filling up the DagBag from /home/nayara/Downloads/EngDados/ALURA/api_twitter/venv/lib/python3.9/site-packages/airflow/example_dags/example_trigger_controller_dag.py
[2022-12-21 21:39:44,316] {processor.py:651} INFO - DAG(s) dict_keys(['example_trigger_controller_dag']) retrieved from /home/nayara/Downloads/EngDados/ALURA/api_twitter/venv/lib/python3.9/site-packages/airflow/example_dags/example_trigger_controller_dag.py
[2022-12-21 21:39:44,341] {logging_mixin.py:115} INFO - [2022-12-21 21:39:44,341] {dag.py:2379} INFO - Sync 1 DAGs
[2022-12-21 21:39:44,368] {logging_mixin.py:115} INFO - [2022-12-21 21:39:44,368] {dag.py:2927} INFO - Setting next_dagrun for example_trigger_controller_dag to 2021-01-01T00:00:00+00:00, run_after=2021-01-01T00:00:00+00:00
[2022-12-21 21:39:44,618] {processor.py:161} INFO - Processing /home/nayara/Downloads/EngDados/ALURA/api_twitter/venv/lib/python3.9/site-packages/airflow/example_dags/example_trigger_controller_dag.py took 0.322 seconds
[2022-12-21 21:40:26,074] {processor.py:153} INFO - Started process (PID=16345) to work on /home/nayara/Downloads/EngDados/ALURA/api_twitter/venv/lib/python3.9/site-packages/airflow/example_dags/example_trigger_controller_dag.py
[2022-12-21 21:40:26,082] {processor.py:641} INFO - Processing file /home/nayara/Downloads/EngDados/ALURA/api_twitter/venv/lib/python3.9/site-packages/airflow/example_dags/example_trigger_controller_dag.py for tasks to queue
[2022-12-21 21:40:26,085] {logging_mixin.py:115} INFO - [2022-12-21 21:40:26,084] {dagbag.py:507} INFO - Filling up the DagBag from /home/nayara/Downloads/EngDados/ALURA/api_twitter/venv/lib/python3.9/site-packages/airflow/example_dags/example_trigger_controller_dag.py
[2022-12-21 21:40:26,104] {processor.py:651} INFO - DAG(s) dict_keys(['example_trigger_controller_dag']) retrieved from /home/nayara/Downloads/EngDados/ALURA/api_twitter/venv/lib/python3.9/site-packages/airflow/example_dags/example_trigger_controller_dag.py
[2022-12-21 21:40:26,161] {logging_mixin.py:115} INFO - [2022-12-21 21:40:26,161] {dag.py:2379} INFO - Sync 1 DAGs
[2022-12-21 21:40:26,194] {logging_mixin.py:115} INFO - [2022-12-21 21:40:26,194] {dag.py:2927} INFO - Setting next_dagrun for example_trigger_controller_dag to 2021-01-01T00:00:00+00:00, run_after=2021-01-01T00:00:00+00:00
[2022-12-21 21:40:26,566] {processor.py:161} INFO - Processing /home/nayara/Downloads/EngDados/ALURA/api_twitter/venv/lib/python3.9/site-packages/airflow/example_dags/example_trigger_controller_dag.py took 0.506 seconds
[2022-12-21 21:41:15,285] {processor.py:153} INFO - Started process (PID=16413) to work on /home/nayara/Downloads/EngDados/ALURA/api_twitter/venv/lib/python3.9/site-packages/airflow/example_dags/example_trigger_controller_dag.py
[2022-12-21 21:41:15,320] {processor.py:641} INFO - Processing file /home/nayara/Downloads/EngDados/ALURA/api_twitter/venv/lib/python3.9/site-packages/airflow/example_dags/example_trigger_controller_dag.py for tasks to queue
[2022-12-21 21:41:15,321] {logging_mixin.py:115} INFO - [2022-12-21 21:41:15,321] {dagbag.py:507} INFO - Filling up the DagBag from /home/nayara/Downloads/EngDados/ALURA/api_twitter/venv/lib/python3.9/site-packages/airflow/example_dags/example_trigger_controller_dag.py
[2022-12-21 21:41:15,332] {processor.py:651} INFO - DAG(s) dict_keys(['example_trigger_controller_dag']) retrieved from /home/nayara/Downloads/EngDados/ALURA/api_twitter/venv/lib/python3.9/site-packages/airflow/example_dags/example_trigger_controller_dag.py
[2022-12-21 21:41:15,390] {logging_mixin.py:115} INFO - [2022-12-21 21:41:15,390] {dag.py:2379} INFO - Sync 1 DAGs
[2022-12-21 21:41:15,435] {logging_mixin.py:115} INFO - [2022-12-21 21:41:15,435] {dag.py:2927} INFO - Setting next_dagrun for example_trigger_controller_dag to 2021-01-01T00:00:00+00:00, run_after=2021-01-01T00:00:00+00:00
[2022-12-21 21:41:16,103] {processor.py:161} INFO - Processing /home/nayara/Downloads/EngDados/ALURA/api_twitter/venv/lib/python3.9/site-packages/airflow/example_dags/example_trigger_controller_dag.py took 0.825 seconds
[2022-12-21 21:42:09,863] {processor.py:153} INFO - Started process (PID=16559) to work on /home/nayara/Downloads/EngDados/ALURA/api_twitter/venv/lib/python3.9/site-packages/airflow/example_dags/example_trigger_controller_dag.py
[2022-12-21 21:42:09,885] {processor.py:641} INFO - Processing file /home/nayara/Downloads/EngDados/ALURA/api_twitter/venv/lib/python3.9/site-packages/airflow/example_dags/example_trigger_controller_dag.py for tasks to queue
[2022-12-21 21:42:09,887] {logging_mixin.py:115} INFO - [2022-12-21 21:42:09,887] {dagbag.py:507} INFO - Filling up the DagBag from /home/nayara/Downloads/EngDados/ALURA/api_twitter/venv/lib/python3.9/site-packages/airflow/example_dags/example_trigger_controller_dag.py
[2022-12-21 21:42:09,893] {processor.py:651} INFO - DAG(s) dict_keys(['example_trigger_controller_dag']) retrieved from /home/nayara/Downloads/EngDados/ALURA/api_twitter/venv/lib/python3.9/site-packages/airflow/example_dags/example_trigger_controller_dag.py
[2022-12-21 21:42:09,928] {logging_mixin.py:115} INFO - [2022-12-21 21:42:09,928] {dag.py:2379} INFO - Sync 1 DAGs
[2022-12-21 21:42:09,960] {logging_mixin.py:115} INFO - [2022-12-21 21:42:09,960] {dag.py:2927} INFO - Setting next_dagrun for example_trigger_controller_dag to 2021-01-01T00:00:00+00:00, run_after=2021-01-01T00:00:00+00:00
[2022-12-21 21:42:10,269] {processor.py:161} INFO - Processing /home/nayara/Downloads/EngDados/ALURA/api_twitter/venv/lib/python3.9/site-packages/airflow/example_dags/example_trigger_controller_dag.py took 0.422 seconds
[2022-12-21 21:43:14,207] {processor.py:153} INFO - Started process (PID=16622) to work on /home/nayara/Downloads/EngDados/ALURA/api_twitter/venv/lib/python3.9/site-packages/airflow/example_dags/example_trigger_controller_dag.py
[2022-12-21 21:43:14,327] {processor.py:641} INFO - Processing file /home/nayara/Downloads/EngDados/ALURA/api_twitter/venv/lib/python3.9/site-packages/airflow/example_dags/example_trigger_controller_dag.py for tasks to queue
[2022-12-21 21:43:14,330] {logging_mixin.py:115} INFO - [2022-12-21 21:43:14,329] {dagbag.py:507} INFO - Filling up the DagBag from /home/nayara/Downloads/EngDados/ALURA/api_twitter/venv/lib/python3.9/site-packages/airflow/example_dags/example_trigger_controller_dag.py
[2022-12-21 21:43:14,345] {processor.py:651} INFO - DAG(s) dict_keys(['example_trigger_controller_dag']) retrieved from /home/nayara/Downloads/EngDados/ALURA/api_twitter/venv/lib/python3.9/site-packages/airflow/example_dags/example_trigger_controller_dag.py
[2022-12-21 21:43:14,417] {logging_mixin.py:115} INFO - [2022-12-21 21:43:14,417] {dag.py:2379} INFO - Sync 1 DAGs
[2022-12-21 21:43:14,443] {logging_mixin.py:115} INFO - [2022-12-21 21:43:14,443] {dag.py:2927} INFO - Setting next_dagrun for example_trigger_controller_dag to 2021-01-01T00:00:00+00:00, run_after=2021-01-01T00:00:00+00:00
[2022-12-21 21:43:14,945] {processor.py:161} INFO - Processing /home/nayara/Downloads/EngDados/ALURA/api_twitter/venv/lib/python3.9/site-packages/airflow/example_dags/example_trigger_controller_dag.py took 0.754 seconds
[2022-12-21 21:43:59,495] {processor.py:153} INFO - Started process (PID=16697) to work on /home/nayara/Downloads/EngDados/ALURA/api_twitter/venv/lib/python3.9/site-packages/airflow/example_dags/example_trigger_controller_dag.py
[2022-12-21 21:43:59,525] {processor.py:641} INFO - Processing file /home/nayara/Downloads/EngDados/ALURA/api_twitter/venv/lib/python3.9/site-packages/airflow/example_dags/example_trigger_controller_dag.py for tasks to queue
[2022-12-21 21:43:59,527] {logging_mixin.py:115} INFO - [2022-12-21 21:43:59,527] {dagbag.py:507} INFO - Filling up the DagBag from /home/nayara/Downloads/EngDados/ALURA/api_twitter/venv/lib/python3.9/site-packages/airflow/example_dags/example_trigger_controller_dag.py
[2022-12-21 21:43:59,542] {processor.py:651} INFO - DAG(s) dict_keys(['example_trigger_controller_dag']) retrieved from /home/nayara/Downloads/EngDados/ALURA/api_twitter/venv/lib/python3.9/site-packages/airflow/example_dags/example_trigger_controller_dag.py
[2022-12-21 21:43:59,571] {logging_mixin.py:115} INFO - [2022-12-21 21:43:59,571] {dag.py:2379} INFO - Sync 1 DAGs
[2022-12-21 21:43:59,602] {logging_mixin.py:115} INFO - [2022-12-21 21:43:59,602] {dag.py:2927} INFO - Setting next_dagrun for example_trigger_controller_dag to 2021-01-01T00:00:00+00:00, run_after=2021-01-01T00:00:00+00:00
[2022-12-21 21:43:59,805] {processor.py:161} INFO - Processing /home/nayara/Downloads/EngDados/ALURA/api_twitter/venv/lib/python3.9/site-packages/airflow/example_dags/example_trigger_controller_dag.py took 0.314 seconds
[2022-12-21 21:44:47,599] {processor.py:153} INFO - Started process (PID=16750) to work on /home/nayara/Downloads/EngDados/ALURA/api_twitter/venv/lib/python3.9/site-packages/airflow/example_dags/example_trigger_controller_dag.py
[2022-12-21 21:44:47,701] {processor.py:641} INFO - Processing file /home/nayara/Downloads/EngDados/ALURA/api_twitter/venv/lib/python3.9/site-packages/airflow/example_dags/example_trigger_controller_dag.py for tasks to queue
[2022-12-21 21:44:47,703] {logging_mixin.py:115} INFO - [2022-12-21 21:44:47,703] {dagbag.py:507} INFO - Filling up the DagBag from /home/nayara/Downloads/EngDados/ALURA/api_twitter/venv/lib/python3.9/site-packages/airflow/example_dags/example_trigger_controller_dag.py
[2022-12-21 21:44:47,718] {processor.py:651} INFO - DAG(s) dict_keys(['example_trigger_controller_dag']) retrieved from /home/nayara/Downloads/EngDados/ALURA/api_twitter/venv/lib/python3.9/site-packages/airflow/example_dags/example_trigger_controller_dag.py
[2022-12-21 21:44:47,746] {logging_mixin.py:115} INFO - [2022-12-21 21:44:47,746] {dag.py:2379} INFO - Sync 1 DAGs
[2022-12-21 21:44:47,768] {logging_mixin.py:115} INFO - [2022-12-21 21:44:47,768] {dag.py:2927} INFO - Setting next_dagrun for example_trigger_controller_dag to 2021-01-01T00:00:00+00:00, run_after=2021-01-01T00:00:00+00:00
[2022-12-21 21:44:48,224] {processor.py:161} INFO - Processing /home/nayara/Downloads/EngDados/ALURA/api_twitter/venv/lib/python3.9/site-packages/airflow/example_dags/example_trigger_controller_dag.py took 0.631 seconds
[2022-12-21 21:45:28,211] {processor.py:153} INFO - Started process (PID=16824) to work on /home/nayara/Downloads/EngDados/ALURA/api_twitter/venv/lib/python3.9/site-packages/airflow/example_dags/example_trigger_controller_dag.py
[2022-12-21 21:45:28,227] {processor.py:641} INFO - Processing file /home/nayara/Downloads/EngDados/ALURA/api_twitter/venv/lib/python3.9/site-packages/airflow/example_dags/example_trigger_controller_dag.py for tasks to queue
[2022-12-21 21:45:28,228] {logging_mixin.py:115} INFO - [2022-12-21 21:45:28,228] {dagbag.py:507} INFO - Filling up the DagBag from /home/nayara/Downloads/EngDados/ALURA/api_twitter/venv/lib/python3.9/site-packages/airflow/example_dags/example_trigger_controller_dag.py
[2022-12-21 21:45:28,234] {processor.py:651} INFO - DAG(s) dict_keys(['example_trigger_controller_dag']) retrieved from /home/nayara/Downloads/EngDados/ALURA/api_twitter/venv/lib/python3.9/site-packages/airflow/example_dags/example_trigger_controller_dag.py
[2022-12-21 21:45:28,265] {logging_mixin.py:115} INFO - [2022-12-21 21:45:28,265] {dag.py:2379} INFO - Sync 1 DAGs
[2022-12-21 21:45:28,297] {logging_mixin.py:115} INFO - [2022-12-21 21:45:28,297] {dag.py:2927} INFO - Setting next_dagrun for example_trigger_controller_dag to 2021-01-01T00:00:00+00:00, run_after=2021-01-01T00:00:00+00:00
[2022-12-21 21:45:28,514] {processor.py:161} INFO - Processing /home/nayara/Downloads/EngDados/ALURA/api_twitter/venv/lib/python3.9/site-packages/airflow/example_dags/example_trigger_controller_dag.py took 0.309 seconds
[2022-12-21 21:46:08,876] {processor.py:153} INFO - Started process (PID=16975) to work on /home/nayara/Downloads/EngDados/ALURA/api_twitter/venv/lib/python3.9/site-packages/airflow/example_dags/example_trigger_controller_dag.py
[2022-12-21 21:46:08,906] {processor.py:641} INFO - Processing file /home/nayara/Downloads/EngDados/ALURA/api_twitter/venv/lib/python3.9/site-packages/airflow/example_dags/example_trigger_controller_dag.py for tasks to queue
[2022-12-21 21:46:08,907] {logging_mixin.py:115} INFO - [2022-12-21 21:46:08,907] {dagbag.py:507} INFO - Filling up the DagBag from /home/nayara/Downloads/EngDados/ALURA/api_twitter/venv/lib/python3.9/site-packages/airflow/example_dags/example_trigger_controller_dag.py
[2022-12-21 21:46:08,916] {processor.py:651} INFO - DAG(s) dict_keys(['example_trigger_controller_dag']) retrieved from /home/nayara/Downloads/EngDados/ALURA/api_twitter/venv/lib/python3.9/site-packages/airflow/example_dags/example_trigger_controller_dag.py
[2022-12-21 21:46:08,943] {logging_mixin.py:115} INFO - [2022-12-21 21:46:08,943] {dag.py:2379} INFO - Sync 1 DAGs
[2022-12-21 21:46:08,965] {logging_mixin.py:115} INFO - [2022-12-21 21:46:08,964] {dag.py:2927} INFO - Setting next_dagrun for example_trigger_controller_dag to 2021-01-01T00:00:00+00:00, run_after=2021-01-01T00:00:00+00:00
[2022-12-21 21:46:09,164] {processor.py:161} INFO - Processing /home/nayara/Downloads/EngDados/ALURA/api_twitter/venv/lib/python3.9/site-packages/airflow/example_dags/example_trigger_controller_dag.py took 0.300 seconds
[2022-12-21 21:47:13,375] {processor.py:153} INFO - Started process (PID=17313) to work on /home/nayara/Downloads/EngDados/ALURA/api_twitter/venv/lib/python3.9/site-packages/airflow/example_dags/example_trigger_controller_dag.py
[2022-12-21 21:47:13,390] {processor.py:641} INFO - Processing file /home/nayara/Downloads/EngDados/ALURA/api_twitter/venv/lib/python3.9/site-packages/airflow/example_dags/example_trigger_controller_dag.py for tasks to queue
[2022-12-21 21:47:13,391] {logging_mixin.py:115} INFO - [2022-12-21 21:47:13,391] {dagbag.py:507} INFO - Filling up the DagBag from /home/nayara/Downloads/EngDados/ALURA/api_twitter/venv/lib/python3.9/site-packages/airflow/example_dags/example_trigger_controller_dag.py
[2022-12-21 21:47:13,397] {processor.py:651} INFO - DAG(s) dict_keys(['example_trigger_controller_dag']) retrieved from /home/nayara/Downloads/EngDados/ALURA/api_twitter/venv/lib/python3.9/site-packages/airflow/example_dags/example_trigger_controller_dag.py
[2022-12-21 21:47:13,420] {logging_mixin.py:115} INFO - [2022-12-21 21:47:13,419] {dag.py:2379} INFO - Sync 1 DAGs
[2022-12-21 21:47:13,442] {logging_mixin.py:115} INFO - [2022-12-21 21:47:13,441] {dag.py:2927} INFO - Setting next_dagrun for example_trigger_controller_dag to 2021-01-01T00:00:00+00:00, run_after=2021-01-01T00:00:00+00:00
[2022-12-21 21:47:13,681] {processor.py:161} INFO - Processing /home/nayara/Downloads/EngDados/ALURA/api_twitter/venv/lib/python3.9/site-packages/airflow/example_dags/example_trigger_controller_dag.py took 0.317 seconds
[2022-12-21 21:47:59,610] {processor.py:153} INFO - Started process (PID=17426) to work on /home/nayara/Downloads/EngDados/ALURA/api_twitter/venv/lib/python3.9/site-packages/airflow/example_dags/example_trigger_controller_dag.py
[2022-12-21 21:47:59,630] {processor.py:641} INFO - Processing file /home/nayara/Downloads/EngDados/ALURA/api_twitter/venv/lib/python3.9/site-packages/airflow/example_dags/example_trigger_controller_dag.py for tasks to queue
[2022-12-21 21:47:59,632] {logging_mixin.py:115} INFO - [2022-12-21 21:47:59,632] {dagbag.py:507} INFO - Filling up the DagBag from /home/nayara/Downloads/EngDados/ALURA/api_twitter/venv/lib/python3.9/site-packages/airflow/example_dags/example_trigger_controller_dag.py
[2022-12-21 21:47:59,639] {processor.py:651} INFO - DAG(s) dict_keys(['example_trigger_controller_dag']) retrieved from /home/nayara/Downloads/EngDados/ALURA/api_twitter/venv/lib/python3.9/site-packages/airflow/example_dags/example_trigger_controller_dag.py
[2022-12-21 21:47:59,683] {logging_mixin.py:115} INFO - [2022-12-21 21:47:59,682] {dag.py:2379} INFO - Sync 1 DAGs
[2022-12-21 21:47:59,723] {logging_mixin.py:115} INFO - [2022-12-21 21:47:59,723] {dag.py:2927} INFO - Setting next_dagrun for example_trigger_controller_dag to 2021-01-01T00:00:00+00:00, run_after=2021-01-01T00:00:00+00:00
[2022-12-21 21:47:59,949] {processor.py:161} INFO - Processing /home/nayara/Downloads/EngDados/ALURA/api_twitter/venv/lib/python3.9/site-packages/airflow/example_dags/example_trigger_controller_dag.py took 0.345 seconds
[2022-12-21 21:48:42,672] {processor.py:153} INFO - Started process (PID=17470) to work on /home/nayara/Downloads/EngDados/ALURA/api_twitter/venv/lib/python3.9/site-packages/airflow/example_dags/example_trigger_controller_dag.py
[2022-12-21 21:48:42,687] {processor.py:641} INFO - Processing file /home/nayara/Downloads/EngDados/ALURA/api_twitter/venv/lib/python3.9/site-packages/airflow/example_dags/example_trigger_controller_dag.py for tasks to queue
[2022-12-21 21:48:42,690] {logging_mixin.py:115} INFO - [2022-12-21 21:48:42,689] {dagbag.py:507} INFO - Filling up the DagBag from /home/nayara/Downloads/EngDados/ALURA/api_twitter/venv/lib/python3.9/site-packages/airflow/example_dags/example_trigger_controller_dag.py
[2022-12-21 21:48:42,708] {processor.py:651} INFO - DAG(s) dict_keys(['example_trigger_controller_dag']) retrieved from /home/nayara/Downloads/EngDados/ALURA/api_twitter/venv/lib/python3.9/site-packages/airflow/example_dags/example_trigger_controller_dag.py
[2022-12-21 21:48:42,746] {logging_mixin.py:115} INFO - [2022-12-21 21:48:42,746] {dag.py:2379} INFO - Sync 1 DAGs
[2022-12-21 21:48:42,772] {logging_mixin.py:115} INFO - [2022-12-21 21:48:42,771] {dag.py:2927} INFO - Setting next_dagrun for example_trigger_controller_dag to 2021-01-01T00:00:00+00:00, run_after=2021-01-01T00:00:00+00:00
[2022-12-21 21:48:42,989] {processor.py:161} INFO - Processing /home/nayara/Downloads/EngDados/ALURA/api_twitter/venv/lib/python3.9/site-packages/airflow/example_dags/example_trigger_controller_dag.py took 0.335 seconds
[2022-12-21 21:49:32,992] {processor.py:153} INFO - Started process (PID=17526) to work on /home/nayara/Downloads/EngDados/ALURA/api_twitter/venv/lib/python3.9/site-packages/airflow/example_dags/example_trigger_controller_dag.py
[2022-12-21 21:49:33,009] {processor.py:641} INFO - Processing file /home/nayara/Downloads/EngDados/ALURA/api_twitter/venv/lib/python3.9/site-packages/airflow/example_dags/example_trigger_controller_dag.py for tasks to queue
[2022-12-21 21:49:33,010] {logging_mixin.py:115} INFO - [2022-12-21 21:49:33,010] {dagbag.py:507} INFO - Filling up the DagBag from /home/nayara/Downloads/EngDados/ALURA/api_twitter/venv/lib/python3.9/site-packages/airflow/example_dags/example_trigger_controller_dag.py
[2022-12-21 21:49:33,017] {processor.py:651} INFO - DAG(s) dict_keys(['example_trigger_controller_dag']) retrieved from /home/nayara/Downloads/EngDados/ALURA/api_twitter/venv/lib/python3.9/site-packages/airflow/example_dags/example_trigger_controller_dag.py
[2022-12-21 21:49:33,043] {logging_mixin.py:115} INFO - [2022-12-21 21:49:33,042] {dag.py:2379} INFO - Sync 1 DAGs
[2022-12-21 21:49:33,067] {logging_mixin.py:115} INFO - [2022-12-21 21:49:33,067] {dag.py:2927} INFO - Setting next_dagrun for example_trigger_controller_dag to 2021-01-01T00:00:00+00:00, run_after=2021-01-01T00:00:00+00:00
[2022-12-21 21:49:33,330] {processor.py:161} INFO - Processing /home/nayara/Downloads/EngDados/ALURA/api_twitter/venv/lib/python3.9/site-packages/airflow/example_dags/example_trigger_controller_dag.py took 0.346 seconds
[2022-12-21 21:50:23,634] {processor.py:153} INFO - Started process (PID=17689) to work on /home/nayara/Downloads/EngDados/ALURA/api_twitter/venv/lib/python3.9/site-packages/airflow/example_dags/example_trigger_controller_dag.py
[2022-12-21 21:50:23,636] {processor.py:641} INFO - Processing file /home/nayara/Downloads/EngDados/ALURA/api_twitter/venv/lib/python3.9/site-packages/airflow/example_dags/example_trigger_controller_dag.py for tasks to queue
[2022-12-21 21:50:23,638] {logging_mixin.py:115} INFO - [2022-12-21 21:50:23,637] {dagbag.py:507} INFO - Filling up the DagBag from /home/nayara/Downloads/EngDados/ALURA/api_twitter/venv/lib/python3.9/site-packages/airflow/example_dags/example_trigger_controller_dag.py
[2022-12-21 21:50:23,644] {processor.py:651} INFO - DAG(s) dict_keys(['example_trigger_controller_dag']) retrieved from /home/nayara/Downloads/EngDados/ALURA/api_twitter/venv/lib/python3.9/site-packages/airflow/example_dags/example_trigger_controller_dag.py
[2022-12-21 21:50:23,671] {logging_mixin.py:115} INFO - [2022-12-21 21:50:23,671] {dag.py:2379} INFO - Sync 1 DAGs
[2022-12-21 21:50:23,696] {logging_mixin.py:115} INFO - [2022-12-21 21:50:23,695] {dag.py:2927} INFO - Setting next_dagrun for example_trigger_controller_dag to 2021-01-01T00:00:00+00:00, run_after=2021-01-01T00:00:00+00:00
[2022-12-21 21:50:23,992] {processor.py:161} INFO - Processing /home/nayara/Downloads/EngDados/ALURA/api_twitter/venv/lib/python3.9/site-packages/airflow/example_dags/example_trigger_controller_dag.py took 0.369 seconds
[2022-12-21 21:51:06,422] {processor.py:153} INFO - Started process (PID=17813) to work on /home/nayara/Downloads/EngDados/ALURA/api_twitter/venv/lib/python3.9/site-packages/airflow/example_dags/example_trigger_controller_dag.py
[2022-12-21 21:51:06,479] {processor.py:641} INFO - Processing file /home/nayara/Downloads/EngDados/ALURA/api_twitter/venv/lib/python3.9/site-packages/airflow/example_dags/example_trigger_controller_dag.py for tasks to queue
[2022-12-21 21:51:06,481] {logging_mixin.py:115} INFO - [2022-12-21 21:51:06,481] {dagbag.py:507} INFO - Filling up the DagBag from /home/nayara/Downloads/EngDados/ALURA/api_twitter/venv/lib/python3.9/site-packages/airflow/example_dags/example_trigger_controller_dag.py
[2022-12-21 21:51:06,496] {processor.py:651} INFO - DAG(s) dict_keys(['example_trigger_controller_dag']) retrieved from /home/nayara/Downloads/EngDados/ALURA/api_twitter/venv/lib/python3.9/site-packages/airflow/example_dags/example_trigger_controller_dag.py
[2022-12-21 21:51:06,529] {logging_mixin.py:115} INFO - [2022-12-21 21:51:06,529] {dag.py:2379} INFO - Sync 1 DAGs
[2022-12-21 21:51:06,551] {logging_mixin.py:115} INFO - [2022-12-21 21:51:06,550] {dag.py:2927} INFO - Setting next_dagrun for example_trigger_controller_dag to 2021-01-01T00:00:00+00:00, run_after=2021-01-01T00:00:00+00:00
[2022-12-21 21:51:06,794] {processor.py:161} INFO - Processing /home/nayara/Downloads/EngDados/ALURA/api_twitter/venv/lib/python3.9/site-packages/airflow/example_dags/example_trigger_controller_dag.py took 0.384 seconds
[2022-12-21 21:51:52,442] {processor.py:153} INFO - Started process (PID=17955) to work on /home/nayara/Downloads/EngDados/ALURA/api_twitter/venv/lib/python3.9/site-packages/airflow/example_dags/example_trigger_controller_dag.py
[2022-12-21 21:51:52,458] {processor.py:641} INFO - Processing file /home/nayara/Downloads/EngDados/ALURA/api_twitter/venv/lib/python3.9/site-packages/airflow/example_dags/example_trigger_controller_dag.py for tasks to queue
[2022-12-21 21:51:52,459] {logging_mixin.py:115} INFO - [2022-12-21 21:51:52,459] {dagbag.py:507} INFO - Filling up the DagBag from /home/nayara/Downloads/EngDados/ALURA/api_twitter/venv/lib/python3.9/site-packages/airflow/example_dags/example_trigger_controller_dag.py
[2022-12-21 21:51:52,466] {processor.py:651} INFO - DAG(s) dict_keys(['example_trigger_controller_dag']) retrieved from /home/nayara/Downloads/EngDados/ALURA/api_twitter/venv/lib/python3.9/site-packages/airflow/example_dags/example_trigger_controller_dag.py
[2022-12-21 21:51:52,495] {logging_mixin.py:115} INFO - [2022-12-21 21:51:52,495] {dag.py:2379} INFO - Sync 1 DAGs
[2022-12-21 21:51:52,525] {logging_mixin.py:115} INFO - [2022-12-21 21:51:52,525] {dag.py:2927} INFO - Setting next_dagrun for example_trigger_controller_dag to 2021-01-01T00:00:00+00:00, run_after=2021-01-01T00:00:00+00:00
[2022-12-21 21:51:52,928] {processor.py:161} INFO - Processing /home/nayara/Downloads/EngDados/ALURA/api_twitter/venv/lib/python3.9/site-packages/airflow/example_dags/example_trigger_controller_dag.py took 0.506 seconds
[2022-12-21 21:52:34,244] {processor.py:153} INFO - Started process (PID=18140) to work on /home/nayara/Downloads/EngDados/ALURA/api_twitter/venv/lib/python3.9/site-packages/airflow/example_dags/example_trigger_controller_dag.py
[2022-12-21 21:52:34,250] {processor.py:641} INFO - Processing file /home/nayara/Downloads/EngDados/ALURA/api_twitter/venv/lib/python3.9/site-packages/airflow/example_dags/example_trigger_controller_dag.py for tasks to queue
[2022-12-21 21:52:34,254] {logging_mixin.py:115} INFO - [2022-12-21 21:52:34,254] {dagbag.py:507} INFO - Filling up the DagBag from /home/nayara/Downloads/EngDados/ALURA/api_twitter/venv/lib/python3.9/site-packages/airflow/example_dags/example_trigger_controller_dag.py
[2022-12-21 21:52:34,270] {processor.py:651} INFO - DAG(s) dict_keys(['example_trigger_controller_dag']) retrieved from /home/nayara/Downloads/EngDados/ALURA/api_twitter/venv/lib/python3.9/site-packages/airflow/example_dags/example_trigger_controller_dag.py
[2022-12-21 21:52:34,309] {logging_mixin.py:115} INFO - [2022-12-21 21:52:34,309] {dag.py:2379} INFO - Sync 1 DAGs
[2022-12-21 21:52:34,338] {logging_mixin.py:115} INFO - [2022-12-21 21:52:34,338] {dag.py:2927} INFO - Setting next_dagrun for example_trigger_controller_dag to 2021-01-01T00:00:00+00:00, run_after=2021-01-01T00:00:00+00:00
[2022-12-21 21:52:34,949] {processor.py:161} INFO - Processing /home/nayara/Downloads/EngDados/ALURA/api_twitter/venv/lib/python3.9/site-packages/airflow/example_dags/example_trigger_controller_dag.py took 0.724 seconds
[2022-12-21 21:53:25,917] {processor.py:153} INFO - Started process (PID=18233) to work on /home/nayara/Downloads/EngDados/ALURA/api_twitter/venv/lib/python3.9/site-packages/airflow/example_dags/example_trigger_controller_dag.py
[2022-12-21 21:53:25,947] {processor.py:641} INFO - Processing file /home/nayara/Downloads/EngDados/ALURA/api_twitter/venv/lib/python3.9/site-packages/airflow/example_dags/example_trigger_controller_dag.py for tasks to queue
[2022-12-21 21:53:25,950] {logging_mixin.py:115} INFO - [2022-12-21 21:53:25,949] {dagbag.py:507} INFO - Filling up the DagBag from /home/nayara/Downloads/EngDados/ALURA/api_twitter/venv/lib/python3.9/site-packages/airflow/example_dags/example_trigger_controller_dag.py
[2022-12-21 21:53:25,957] {processor.py:651} INFO - DAG(s) dict_keys(['example_trigger_controller_dag']) retrieved from /home/nayara/Downloads/EngDados/ALURA/api_twitter/venv/lib/python3.9/site-packages/airflow/example_dags/example_trigger_controller_dag.py
[2022-12-21 21:53:25,986] {logging_mixin.py:115} INFO - [2022-12-21 21:53:25,986] {dag.py:2379} INFO - Sync 1 DAGs
[2022-12-21 21:53:26,012] {logging_mixin.py:115} INFO - [2022-12-21 21:53:26,012] {dag.py:2927} INFO - Setting next_dagrun for example_trigger_controller_dag to 2021-01-01T00:00:00+00:00, run_after=2021-01-01T00:00:00+00:00
[2022-12-21 21:53:26,205] {processor.py:161} INFO - Processing /home/nayara/Downloads/EngDados/ALURA/api_twitter/venv/lib/python3.9/site-packages/airflow/example_dags/example_trigger_controller_dag.py took 0.306 seconds
[2022-12-21 21:54:17,368] {processor.py:153} INFO - Started process (PID=18382) to work on /home/nayara/Downloads/EngDados/ALURA/api_twitter/venv/lib/python3.9/site-packages/airflow/example_dags/example_trigger_controller_dag.py
[2022-12-21 21:54:17,370] {processor.py:641} INFO - Processing file /home/nayara/Downloads/EngDados/ALURA/api_twitter/venv/lib/python3.9/site-packages/airflow/example_dags/example_trigger_controller_dag.py for tasks to queue
[2022-12-21 21:54:17,371] {logging_mixin.py:115} INFO - [2022-12-21 21:54:17,371] {dagbag.py:507} INFO - Filling up the DagBag from /home/nayara/Downloads/EngDados/ALURA/api_twitter/venv/lib/python3.9/site-packages/airflow/example_dags/example_trigger_controller_dag.py
[2022-12-21 21:54:17,377] {processor.py:651} INFO - DAG(s) dict_keys(['example_trigger_controller_dag']) retrieved from /home/nayara/Downloads/EngDados/ALURA/api_twitter/venv/lib/python3.9/site-packages/airflow/example_dags/example_trigger_controller_dag.py
[2022-12-21 21:54:17,397] {logging_mixin.py:115} INFO - [2022-12-21 21:54:17,397] {dag.py:2379} INFO - Sync 1 DAGs
[2022-12-21 21:54:17,419] {logging_mixin.py:115} INFO - [2022-12-21 21:54:17,419] {dag.py:2927} INFO - Setting next_dagrun for example_trigger_controller_dag to 2021-01-01T00:00:00+00:00, run_after=2021-01-01T00:00:00+00:00
[2022-12-21 21:54:17,825] {processor.py:161} INFO - Processing /home/nayara/Downloads/EngDados/ALURA/api_twitter/venv/lib/python3.9/site-packages/airflow/example_dags/example_trigger_controller_dag.py took 0.469 seconds
[2022-12-21 21:55:11,575] {processor.py:153} INFO - Started process (PID=18485) to work on /home/nayara/Downloads/EngDados/ALURA/api_twitter/venv/lib/python3.9/site-packages/airflow/example_dags/example_trigger_controller_dag.py
[2022-12-21 21:55:11,668] {processor.py:641} INFO - Processing file /home/nayara/Downloads/EngDados/ALURA/api_twitter/venv/lib/python3.9/site-packages/airflow/example_dags/example_trigger_controller_dag.py for tasks to queue
[2022-12-21 21:55:11,669] {logging_mixin.py:115} INFO - [2022-12-21 21:55:11,669] {dagbag.py:507} INFO - Filling up the DagBag from /home/nayara/Downloads/EngDados/ALURA/api_twitter/venv/lib/python3.9/site-packages/airflow/example_dags/example_trigger_controller_dag.py
[2022-12-21 21:55:11,675] {processor.py:651} INFO - DAG(s) dict_keys(['example_trigger_controller_dag']) retrieved from /home/nayara/Downloads/EngDados/ALURA/api_twitter/venv/lib/python3.9/site-packages/airflow/example_dags/example_trigger_controller_dag.py
[2022-12-21 21:55:11,699] {logging_mixin.py:115} INFO - [2022-12-21 21:55:11,699] {dag.py:2379} INFO - Sync 1 DAGs
[2022-12-21 21:55:11,723] {logging_mixin.py:115} INFO - [2022-12-21 21:55:11,722] {dag.py:2927} INFO - Setting next_dagrun for example_trigger_controller_dag to 2021-01-01T00:00:00+00:00, run_after=2021-01-01T00:00:00+00:00
[2022-12-21 21:55:12,639] {processor.py:161} INFO - Processing /home/nayara/Downloads/EngDados/ALURA/api_twitter/venv/lib/python3.9/site-packages/airflow/example_dags/example_trigger_controller_dag.py took 1.082 seconds
