[2022-12-21 21:37:41,888] {processor.py:153} INFO - Started process (PID=16143) to work on /home/nayara/Downloads/EngDados/ALURA/api_twitter/venv/lib/python3.9/site-packages/airflow/example_dags/example_complex.py
[2022-12-21 21:37:41,889] {processor.py:641} INFO - Processing file /home/nayara/Downloads/EngDados/ALURA/api_twitter/venv/lib/python3.9/site-packages/airflow/example_dags/example_complex.py for tasks to queue
[2022-12-21 21:37:41,889] {logging_mixin.py:115} INFO - [2022-12-21 21:37:41,889] {dagbag.py:507} INFO - Filling up the DagBag from /home/nayara/Downloads/EngDados/ALURA/api_twitter/venv/lib/python3.9/site-packages/airflow/example_dags/example_complex.py
[2022-12-21 21:37:41,912] {processor.py:651} INFO - DAG(s) dict_keys(['example_complex']) retrieved from /home/nayara/Downloads/EngDados/ALURA/api_twitter/venv/lib/python3.9/site-packages/airflow/example_dags/example_complex.py
[2022-12-21 21:37:42,444] {logging_mixin.py:115} INFO - [2022-12-21 21:37:42,443] {manager.py:508} INFO - Created Permission View: can read on DAG:example_complex
[2022-12-21 21:37:42,706] {logging_mixin.py:115} INFO - [2022-12-21 21:37:42,706] {manager.py:508} INFO - Created Permission View: can delete on DAG:example_complex
[2022-12-21 21:37:42,902] {logging_mixin.py:115} INFO - [2022-12-21 21:37:42,901] {manager.py:508} INFO - Created Permission View: can edit on DAG:example_complex
[2022-12-21 21:37:42,903] {logging_mixin.py:115} INFO - [2022-12-21 21:37:42,902] {dag.py:2379} INFO - Sync 1 DAGs
[2022-12-21 21:37:42,917] {logging_mixin.py:115} INFO - [2022-12-21 21:37:42,916] {dag.py:2398} INFO - Creating ORM DAG for example_complex
[2022-12-21 21:37:42,929] {logging_mixin.py:115} INFO - [2022-12-21 21:37:42,929] {dag.py:2927} INFO - Setting next_dagrun for example_complex to None, run_after=None
[2022-12-21 21:37:43,219] {processor.py:161} INFO - Processing /home/nayara/Downloads/EngDados/ALURA/api_twitter/venv/lib/python3.9/site-packages/airflow/example_dags/example_complex.py took 1.337 seconds
[2022-12-21 21:39:07,007] {processor.py:153} INFO - Started process (PID=16228) to work on /home/nayara/Downloads/EngDados/ALURA/api_twitter/venv/lib/python3.9/site-packages/airflow/example_dags/example_complex.py
[2022-12-21 21:39:07,012] {processor.py:641} INFO - Processing file /home/nayara/Downloads/EngDados/ALURA/api_twitter/venv/lib/python3.9/site-packages/airflow/example_dags/example_complex.py for tasks to queue
[2022-12-21 21:39:07,016] {logging_mixin.py:115} INFO - [2022-12-21 21:39:07,015] {dagbag.py:507} INFO - Filling up the DagBag from /home/nayara/Downloads/EngDados/ALURA/api_twitter/venv/lib/python3.9/site-packages/airflow/example_dags/example_complex.py
[2022-12-21 21:39:07,209] {processor.py:651} INFO - DAG(s) dict_keys(['example_complex']) retrieved from /home/nayara/Downloads/EngDados/ALURA/api_twitter/venv/lib/python3.9/site-packages/airflow/example_dags/example_complex.py
[2022-12-21 21:39:07,253] {logging_mixin.py:115} INFO - [2022-12-21 21:39:07,253] {dag.py:2379} INFO - Sync 1 DAGs
[2022-12-21 21:39:07,289] {logging_mixin.py:115} INFO - [2022-12-21 21:39:07,289] {dag.py:2927} INFO - Setting next_dagrun for example_complex to None, run_after=None
[2022-12-21 21:39:07,616] {processor.py:161} INFO - Processing /home/nayara/Downloads/EngDados/ALURA/api_twitter/venv/lib/python3.9/site-packages/airflow/example_dags/example_complex.py took 0.626 seconds
[2022-12-21 21:39:58,722] {processor.py:153} INFO - Started process (PID=16310) to work on /home/nayara/Downloads/EngDados/ALURA/api_twitter/venv/lib/python3.9/site-packages/airflow/example_dags/example_complex.py
[2022-12-21 21:39:58,723] {processor.py:641} INFO - Processing file /home/nayara/Downloads/EngDados/ALURA/api_twitter/venv/lib/python3.9/site-packages/airflow/example_dags/example_complex.py for tasks to queue
[2022-12-21 21:39:58,723] {logging_mixin.py:115} INFO - [2022-12-21 21:39:58,723] {dagbag.py:507} INFO - Filling up the DagBag from /home/nayara/Downloads/EngDados/ALURA/api_twitter/venv/lib/python3.9/site-packages/airflow/example_dags/example_complex.py
[2022-12-21 21:39:58,741] {processor.py:651} INFO - DAG(s) dict_keys(['example_complex']) retrieved from /home/nayara/Downloads/EngDados/ALURA/api_twitter/venv/lib/python3.9/site-packages/airflow/example_dags/example_complex.py
[2022-12-21 21:39:58,765] {logging_mixin.py:115} INFO - [2022-12-21 21:39:58,765] {dag.py:2379} INFO - Sync 1 DAGs
[2022-12-21 21:39:58,787] {logging_mixin.py:115} INFO - [2022-12-21 21:39:58,787] {dag.py:2927} INFO - Setting next_dagrun for example_complex to None, run_after=None
[2022-12-21 21:39:58,985] {processor.py:161} INFO - Processing /home/nayara/Downloads/EngDados/ALURA/api_twitter/venv/lib/python3.9/site-packages/airflow/example_dags/example_complex.py took 0.268 seconds
[2022-12-21 21:40:58,661] {processor.py:153} INFO - Started process (PID=16404) to work on /home/nayara/Downloads/EngDados/ALURA/api_twitter/venv/lib/python3.9/site-packages/airflow/example_dags/example_complex.py
[2022-12-21 21:40:58,662] {processor.py:641} INFO - Processing file /home/nayara/Downloads/EngDados/ALURA/api_twitter/venv/lib/python3.9/site-packages/airflow/example_dags/example_complex.py for tasks to queue
[2022-12-21 21:40:58,663] {logging_mixin.py:115} INFO - [2022-12-21 21:40:58,663] {dagbag.py:507} INFO - Filling up the DagBag from /home/nayara/Downloads/EngDados/ALURA/api_twitter/venv/lib/python3.9/site-packages/airflow/example_dags/example_complex.py
[2022-12-21 21:40:58,685] {processor.py:651} INFO - DAG(s) dict_keys(['example_complex']) retrieved from /home/nayara/Downloads/EngDados/ALURA/api_twitter/venv/lib/python3.9/site-packages/airflow/example_dags/example_complex.py
[2022-12-21 21:40:58,714] {logging_mixin.py:115} INFO - [2022-12-21 21:40:58,714] {dag.py:2379} INFO - Sync 1 DAGs
[2022-12-21 21:40:58,741] {logging_mixin.py:115} INFO - [2022-12-21 21:40:58,741] {dag.py:2927} INFO - Setting next_dagrun for example_complex to None, run_after=None
[2022-12-21 21:40:58,976] {processor.py:161} INFO - Processing /home/nayara/Downloads/EngDados/ALURA/api_twitter/venv/lib/python3.9/site-packages/airflow/example_dags/example_complex.py took 0.331 seconds
[2022-12-21 21:41:52,716] {processor.py:153} INFO - Started process (PID=16544) to work on /home/nayara/Downloads/EngDados/ALURA/api_twitter/venv/lib/python3.9/site-packages/airflow/example_dags/example_complex.py
[2022-12-21 21:41:52,734] {processor.py:641} INFO - Processing file /home/nayara/Downloads/EngDados/ALURA/api_twitter/venv/lib/python3.9/site-packages/airflow/example_dags/example_complex.py for tasks to queue
[2022-12-21 21:41:52,736] {logging_mixin.py:115} INFO - [2022-12-21 21:41:52,736] {dagbag.py:507} INFO - Filling up the DagBag from /home/nayara/Downloads/EngDados/ALURA/api_twitter/venv/lib/python3.9/site-packages/airflow/example_dags/example_complex.py
[2022-12-21 21:41:52,760] {processor.py:651} INFO - DAG(s) dict_keys(['example_complex']) retrieved from /home/nayara/Downloads/EngDados/ALURA/api_twitter/venv/lib/python3.9/site-packages/airflow/example_dags/example_complex.py
[2022-12-21 21:41:52,790] {logging_mixin.py:115} INFO - [2022-12-21 21:41:52,790] {dag.py:2379} INFO - Sync 1 DAGs
[2022-12-21 21:41:52,820] {logging_mixin.py:115} INFO - [2022-12-21 21:41:52,820] {dag.py:2927} INFO - Setting next_dagrun for example_complex to None, run_after=None
[2022-12-21 21:41:53,409] {processor.py:161} INFO - Processing /home/nayara/Downloads/EngDados/ALURA/api_twitter/venv/lib/python3.9/site-packages/airflow/example_dags/example_complex.py took 0.714 seconds
[2022-12-21 21:42:54,916] {processor.py:153} INFO - Started process (PID=16609) to work on /home/nayara/Downloads/EngDados/ALURA/api_twitter/venv/lib/python3.9/site-packages/airflow/example_dags/example_complex.py
[2022-12-21 21:42:54,929] {processor.py:641} INFO - Processing file /home/nayara/Downloads/EngDados/ALURA/api_twitter/venv/lib/python3.9/site-packages/airflow/example_dags/example_complex.py for tasks to queue
[2022-12-21 21:42:54,930] {logging_mixin.py:115} INFO - [2022-12-21 21:42:54,930] {dagbag.py:507} INFO - Filling up the DagBag from /home/nayara/Downloads/EngDados/ALURA/api_twitter/venv/lib/python3.9/site-packages/airflow/example_dags/example_complex.py
[2022-12-21 21:42:54,949] {processor.py:651} INFO - DAG(s) dict_keys(['example_complex']) retrieved from /home/nayara/Downloads/EngDados/ALURA/api_twitter/venv/lib/python3.9/site-packages/airflow/example_dags/example_complex.py
[2022-12-21 21:42:54,978] {logging_mixin.py:115} INFO - [2022-12-21 21:42:54,978] {dag.py:2379} INFO - Sync 1 DAGs
[2022-12-21 21:42:55,000] {logging_mixin.py:115} INFO - [2022-12-21 21:42:55,000] {dag.py:2927} INFO - Setting next_dagrun for example_complex to None, run_after=None
[2022-12-21 21:42:55,510] {processor.py:161} INFO - Processing /home/nayara/Downloads/EngDados/ALURA/api_twitter/venv/lib/python3.9/site-packages/airflow/example_dags/example_complex.py took 0.607 seconds
[2022-12-21 21:43:46,767] {processor.py:153} INFO - Started process (PID=16687) to work on /home/nayara/Downloads/EngDados/ALURA/api_twitter/venv/lib/python3.9/site-packages/airflow/example_dags/example_complex.py
[2022-12-21 21:43:46,769] {processor.py:641} INFO - Processing file /home/nayara/Downloads/EngDados/ALURA/api_twitter/venv/lib/python3.9/site-packages/airflow/example_dags/example_complex.py for tasks to queue
[2022-12-21 21:43:46,770] {logging_mixin.py:115} INFO - [2022-12-21 21:43:46,770] {dagbag.py:507} INFO - Filling up the DagBag from /home/nayara/Downloads/EngDados/ALURA/api_twitter/venv/lib/python3.9/site-packages/airflow/example_dags/example_complex.py
[2022-12-21 21:43:46,787] {processor.py:651} INFO - DAG(s) dict_keys(['example_complex']) retrieved from /home/nayara/Downloads/EngDados/ALURA/api_twitter/venv/lib/python3.9/site-packages/airflow/example_dags/example_complex.py
[2022-12-21 21:43:46,812] {logging_mixin.py:115} INFO - [2022-12-21 21:43:46,812] {dag.py:2379} INFO - Sync 1 DAGs
[2022-12-21 21:43:46,833] {logging_mixin.py:115} INFO - [2022-12-21 21:43:46,833] {dag.py:2927} INFO - Setting next_dagrun for example_complex to None, run_after=None
[2022-12-21 21:43:47,087] {processor.py:161} INFO - Processing /home/nayara/Downloads/EngDados/ALURA/api_twitter/venv/lib/python3.9/site-packages/airflow/example_dags/example_complex.py took 0.333 seconds
[2022-12-21 21:44:35,418] {processor.py:153} INFO - Started process (PID=16728) to work on /home/nayara/Downloads/EngDados/ALURA/api_twitter/venv/lib/python3.9/site-packages/airflow/example_dags/example_complex.py
[2022-12-21 21:44:35,419] {processor.py:641} INFO - Processing file /home/nayara/Downloads/EngDados/ALURA/api_twitter/venv/lib/python3.9/site-packages/airflow/example_dags/example_complex.py for tasks to queue
[2022-12-21 21:44:35,419] {logging_mixin.py:115} INFO - [2022-12-21 21:44:35,419] {dagbag.py:507} INFO - Filling up the DagBag from /home/nayara/Downloads/EngDados/ALURA/api_twitter/venv/lib/python3.9/site-packages/airflow/example_dags/example_complex.py
[2022-12-21 21:44:35,434] {processor.py:651} INFO - DAG(s) dict_keys(['example_complex']) retrieved from /home/nayara/Downloads/EngDados/ALURA/api_twitter/venv/lib/python3.9/site-packages/airflow/example_dags/example_complex.py
[2022-12-21 21:44:35,458] {logging_mixin.py:115} INFO - [2022-12-21 21:44:35,458] {dag.py:2379} INFO - Sync 1 DAGs
[2022-12-21 21:44:35,480] {logging_mixin.py:115} INFO - [2022-12-21 21:44:35,480] {dag.py:2927} INFO - Setting next_dagrun for example_complex to None, run_after=None
[2022-12-21 21:44:35,671] {processor.py:161} INFO - Processing /home/nayara/Downloads/EngDados/ALURA/api_twitter/venv/lib/python3.9/site-packages/airflow/example_dags/example_complex.py took 0.257 seconds
[2022-12-21 21:45:36,781] {processor.py:153} INFO - Started process (PID=16834) to work on /home/nayara/Downloads/EngDados/ALURA/api_twitter/venv/lib/python3.9/site-packages/airflow/example_dags/example_complex.py
[2022-12-21 21:45:36,782] {processor.py:641} INFO - Processing file /home/nayara/Downloads/EngDados/ALURA/api_twitter/venv/lib/python3.9/site-packages/airflow/example_dags/example_complex.py for tasks to queue
[2022-12-21 21:45:36,784] {logging_mixin.py:115} INFO - [2022-12-21 21:45:36,783] {dagbag.py:507} INFO - Filling up the DagBag from /home/nayara/Downloads/EngDados/ALURA/api_twitter/venv/lib/python3.9/site-packages/airflow/example_dags/example_complex.py
[2022-12-21 21:45:36,803] {processor.py:651} INFO - DAG(s) dict_keys(['example_complex']) retrieved from /home/nayara/Downloads/EngDados/ALURA/api_twitter/venv/lib/python3.9/site-packages/airflow/example_dags/example_complex.py
[2022-12-21 21:45:36,834] {logging_mixin.py:115} INFO - [2022-12-21 21:45:36,833] {dag.py:2379} INFO - Sync 1 DAGs
[2022-12-21 21:45:36,859] {logging_mixin.py:115} INFO - [2022-12-21 21:45:36,859] {dag.py:2927} INFO - Setting next_dagrun for example_complex to None, run_after=None
[2022-12-21 21:45:37,076] {processor.py:161} INFO - Processing /home/nayara/Downloads/EngDados/ALURA/api_twitter/venv/lib/python3.9/site-packages/airflow/example_dags/example_complex.py took 0.302 seconds
[2022-12-21 21:46:34,919] {processor.py:153} INFO - Started process (PID=17223) to work on /home/nayara/Downloads/EngDados/ALURA/api_twitter/venv/lib/python3.9/site-packages/airflow/example_dags/example_complex.py
[2022-12-21 21:46:34,942] {processor.py:641} INFO - Processing file /home/nayara/Downloads/EngDados/ALURA/api_twitter/venv/lib/python3.9/site-packages/airflow/example_dags/example_complex.py for tasks to queue
[2022-12-21 21:46:34,945] {logging_mixin.py:115} INFO - [2022-12-21 21:46:34,945] {dagbag.py:507} INFO - Filling up the DagBag from /home/nayara/Downloads/EngDados/ALURA/api_twitter/venv/lib/python3.9/site-packages/airflow/example_dags/example_complex.py
[2022-12-21 21:46:35,022] {processor.py:651} INFO - DAG(s) dict_keys(['example_complex']) retrieved from /home/nayara/Downloads/EngDados/ALURA/api_twitter/venv/lib/python3.9/site-packages/airflow/example_dags/example_complex.py
[2022-12-21 21:46:35,060] {logging_mixin.py:115} INFO - [2022-12-21 21:46:35,060] {dag.py:2379} INFO - Sync 1 DAGs
[2022-12-21 21:46:35,094] {logging_mixin.py:115} INFO - [2022-12-21 21:46:35,093] {dag.py:2927} INFO - Setting next_dagrun for example_complex to None, run_after=None
[2022-12-21 21:46:35,336] {processor.py:161} INFO - Processing /home/nayara/Downloads/EngDados/ALURA/api_twitter/venv/lib/python3.9/site-packages/airflow/example_dags/example_complex.py took 0.436 seconds
[2022-12-21 21:47:46,319] {processor.py:153} INFO - Started process (PID=17415) to work on /home/nayara/Downloads/EngDados/ALURA/api_twitter/venv/lib/python3.9/site-packages/airflow/example_dags/example_complex.py
[2022-12-21 21:47:46,346] {processor.py:641} INFO - Processing file /home/nayara/Downloads/EngDados/ALURA/api_twitter/venv/lib/python3.9/site-packages/airflow/example_dags/example_complex.py for tasks to queue
[2022-12-21 21:47:46,349] {logging_mixin.py:115} INFO - [2022-12-21 21:47:46,348] {dagbag.py:507} INFO - Filling up the DagBag from /home/nayara/Downloads/EngDados/ALURA/api_twitter/venv/lib/python3.9/site-packages/airflow/example_dags/example_complex.py
[2022-12-21 21:47:46,419] {processor.py:651} INFO - DAG(s) dict_keys(['example_complex']) retrieved from /home/nayara/Downloads/EngDados/ALURA/api_twitter/venv/lib/python3.9/site-packages/airflow/example_dags/example_complex.py
[2022-12-21 21:47:46,452] {logging_mixin.py:115} INFO - [2022-12-21 21:47:46,452] {dag.py:2379} INFO - Sync 1 DAGs
[2022-12-21 21:47:46,477] {logging_mixin.py:115} INFO - [2022-12-21 21:47:46,477] {dag.py:2927} INFO - Setting next_dagrun for example_complex to None, run_after=None
[2022-12-21 21:47:46,707] {processor.py:161} INFO - Processing /home/nayara/Downloads/EngDados/ALURA/api_twitter/venv/lib/python3.9/site-packages/airflow/example_dags/example_complex.py took 0.405 seconds
[2022-12-21 21:48:50,835] {processor.py:153} INFO - Started process (PID=17480) to work on /home/nayara/Downloads/EngDados/ALURA/api_twitter/venv/lib/python3.9/site-packages/airflow/example_dags/example_complex.py
[2022-12-21 21:48:50,850] {processor.py:641} INFO - Processing file /home/nayara/Downloads/EngDados/ALURA/api_twitter/venv/lib/python3.9/site-packages/airflow/example_dags/example_complex.py for tasks to queue
[2022-12-21 21:48:50,853] {logging_mixin.py:115} INFO - [2022-12-21 21:48:50,852] {dagbag.py:507} INFO - Filling up the DagBag from /home/nayara/Downloads/EngDados/ALURA/api_twitter/venv/lib/python3.9/site-packages/airflow/example_dags/example_complex.py
[2022-12-21 21:48:50,920] {processor.py:651} INFO - DAG(s) dict_keys(['example_complex']) retrieved from /home/nayara/Downloads/EngDados/ALURA/api_twitter/venv/lib/python3.9/site-packages/airflow/example_dags/example_complex.py
[2022-12-21 21:48:50,953] {logging_mixin.py:115} INFO - [2022-12-21 21:48:50,953] {dag.py:2379} INFO - Sync 1 DAGs
[2022-12-21 21:48:50,983] {logging_mixin.py:115} INFO - [2022-12-21 21:48:50,983] {dag.py:2927} INFO - Setting next_dagrun for example_complex to None, run_after=None
[2022-12-21 21:48:51,221] {processor.py:161} INFO - Processing /home/nayara/Downloads/EngDados/ALURA/api_twitter/venv/lib/python3.9/site-packages/airflow/example_dags/example_complex.py took 0.389 seconds
[2022-12-21 21:49:46,289] {processor.py:153} INFO - Started process (PID=17538) to work on /home/nayara/Downloads/EngDados/ALURA/api_twitter/venv/lib/python3.9/site-packages/airflow/example_dags/example_complex.py
[2022-12-21 21:49:46,299] {processor.py:641} INFO - Processing file /home/nayara/Downloads/EngDados/ALURA/api_twitter/venv/lib/python3.9/site-packages/airflow/example_dags/example_complex.py for tasks to queue
[2022-12-21 21:49:46,299] {logging_mixin.py:115} INFO - [2022-12-21 21:49:46,299] {dagbag.py:507} INFO - Filling up the DagBag from /home/nayara/Downloads/EngDados/ALURA/api_twitter/venv/lib/python3.9/site-packages/airflow/example_dags/example_complex.py
[2022-12-21 21:49:46,315] {processor.py:651} INFO - DAG(s) dict_keys(['example_complex']) retrieved from /home/nayara/Downloads/EngDados/ALURA/api_twitter/venv/lib/python3.9/site-packages/airflow/example_dags/example_complex.py
[2022-12-21 21:49:46,343] {logging_mixin.py:115} INFO - [2022-12-21 21:49:46,342] {dag.py:2379} INFO - Sync 1 DAGs
[2022-12-21 21:49:46,366] {logging_mixin.py:115} INFO - [2022-12-21 21:49:46,365] {dag.py:2927} INFO - Setting next_dagrun for example_complex to None, run_after=None
[2022-12-21 21:49:46,645] {processor.py:161} INFO - Processing /home/nayara/Downloads/EngDados/ALURA/api_twitter/venv/lib/python3.9/site-packages/airflow/example_dags/example_complex.py took 0.362 seconds
[2022-12-21 21:50:33,779] {processor.py:153} INFO - Started process (PID=17767) to work on /home/nayara/Downloads/EngDados/ALURA/api_twitter/venv/lib/python3.9/site-packages/airflow/example_dags/example_complex.py
[2022-12-21 21:50:33,819] {processor.py:641} INFO - Processing file /home/nayara/Downloads/EngDados/ALURA/api_twitter/venv/lib/python3.9/site-packages/airflow/example_dags/example_complex.py for tasks to queue
[2022-12-21 21:50:33,820] {logging_mixin.py:115} INFO - [2022-12-21 21:50:33,820] {dagbag.py:507} INFO - Filling up the DagBag from /home/nayara/Downloads/EngDados/ALURA/api_twitter/venv/lib/python3.9/site-packages/airflow/example_dags/example_complex.py
[2022-12-21 21:50:33,848] {processor.py:651} INFO - DAG(s) dict_keys(['example_complex']) retrieved from /home/nayara/Downloads/EngDados/ALURA/api_twitter/venv/lib/python3.9/site-packages/airflow/example_dags/example_complex.py
[2022-12-21 21:50:33,894] {logging_mixin.py:115} INFO - [2022-12-21 21:50:33,894] {dag.py:2379} INFO - Sync 1 DAGs
[2022-12-21 21:50:33,926] {logging_mixin.py:115} INFO - [2022-12-21 21:50:33,926] {dag.py:2927} INFO - Setting next_dagrun for example_complex to None, run_after=None
[2022-12-21 21:50:34,652] {processor.py:161} INFO - Processing /home/nayara/Downloads/EngDados/ALURA/api_twitter/venv/lib/python3.9/site-packages/airflow/example_dags/example_complex.py took 0.890 seconds
[2022-12-21 21:51:29,490] {processor.py:153} INFO - Started process (PID=17883) to work on /home/nayara/Downloads/EngDados/ALURA/api_twitter/venv/lib/python3.9/site-packages/airflow/example_dags/example_complex.py
[2022-12-21 21:51:29,491] {processor.py:641} INFO - Processing file /home/nayara/Downloads/EngDados/ALURA/api_twitter/venv/lib/python3.9/site-packages/airflow/example_dags/example_complex.py for tasks to queue
[2022-12-21 21:51:29,492] {logging_mixin.py:115} INFO - [2022-12-21 21:51:29,492] {dagbag.py:507} INFO - Filling up the DagBag from /home/nayara/Downloads/EngDados/ALURA/api_twitter/venv/lib/python3.9/site-packages/airflow/example_dags/example_complex.py
[2022-12-21 21:51:29,513] {processor.py:651} INFO - DAG(s) dict_keys(['example_complex']) retrieved from /home/nayara/Downloads/EngDados/ALURA/api_twitter/venv/lib/python3.9/site-packages/airflow/example_dags/example_complex.py
[2022-12-21 21:51:29,539] {logging_mixin.py:115} INFO - [2022-12-21 21:51:29,539] {dag.py:2379} INFO - Sync 1 DAGs
[2022-12-21 21:51:29,562] {logging_mixin.py:115} INFO - [2022-12-21 21:51:29,562] {dag.py:2927} INFO - Setting next_dagrun for example_complex to None, run_after=None
[2022-12-21 21:51:29,809] {processor.py:161} INFO - Processing /home/nayara/Downloads/EngDados/ALURA/api_twitter/venv/lib/python3.9/site-packages/airflow/example_dags/example_complex.py took 0.325 seconds
[2022-12-21 21:52:17,393] {processor.py:153} INFO - Started process (PID=17990) to work on /home/nayara/Downloads/EngDados/ALURA/api_twitter/venv/lib/python3.9/site-packages/airflow/example_dags/example_complex.py
[2022-12-21 21:52:17,394] {processor.py:641} INFO - Processing file /home/nayara/Downloads/EngDados/ALURA/api_twitter/venv/lib/python3.9/site-packages/airflow/example_dags/example_complex.py for tasks to queue
[2022-12-21 21:52:17,395] {logging_mixin.py:115} INFO - [2022-12-21 21:52:17,395] {dagbag.py:507} INFO - Filling up the DagBag from /home/nayara/Downloads/EngDados/ALURA/api_twitter/venv/lib/python3.9/site-packages/airflow/example_dags/example_complex.py
[2022-12-21 21:52:17,421] {processor.py:651} INFO - DAG(s) dict_keys(['example_complex']) retrieved from /home/nayara/Downloads/EngDados/ALURA/api_twitter/venv/lib/python3.9/site-packages/airflow/example_dags/example_complex.py
[2022-12-21 21:52:17,460] {logging_mixin.py:115} INFO - [2022-12-21 21:52:17,460] {dag.py:2379} INFO - Sync 1 DAGs
[2022-12-21 21:52:17,487] {logging_mixin.py:115} INFO - [2022-12-21 21:52:17,487] {dag.py:2927} INFO - Setting next_dagrun for example_complex to None, run_after=None
[2022-12-21 21:52:17,869] {processor.py:161} INFO - Processing /home/nayara/Downloads/EngDados/ALURA/api_twitter/venv/lib/python3.9/site-packages/airflow/example_dags/example_complex.py took 0.481 seconds
[2022-12-21 21:53:16,114] {processor.py:153} INFO - Started process (PID=18226) to work on /home/nayara/Downloads/EngDados/ALURA/api_twitter/venv/lib/python3.9/site-packages/airflow/example_dags/example_complex.py
[2022-12-21 21:53:16,124] {processor.py:641} INFO - Processing file /home/nayara/Downloads/EngDados/ALURA/api_twitter/venv/lib/python3.9/site-packages/airflow/example_dags/example_complex.py for tasks to queue
[2022-12-21 21:53:16,126] {logging_mixin.py:115} INFO - [2022-12-21 21:53:16,126] {dagbag.py:507} INFO - Filling up the DagBag from /home/nayara/Downloads/EngDados/ALURA/api_twitter/venv/lib/python3.9/site-packages/airflow/example_dags/example_complex.py
[2022-12-21 21:53:16,176] {processor.py:651} INFO - DAG(s) dict_keys(['example_complex']) retrieved from /home/nayara/Downloads/EngDados/ALURA/api_twitter/venv/lib/python3.9/site-packages/airflow/example_dags/example_complex.py
[2022-12-21 21:53:16,211] {logging_mixin.py:115} INFO - [2022-12-21 21:53:16,211] {dag.py:2379} INFO - Sync 1 DAGs
[2022-12-21 21:53:16,242] {logging_mixin.py:115} INFO - [2022-12-21 21:53:16,242] {dag.py:2927} INFO - Setting next_dagrun for example_complex to None, run_after=None
[2022-12-21 21:53:16,538] {processor.py:161} INFO - Processing /home/nayara/Downloads/EngDados/ALURA/api_twitter/venv/lib/python3.9/site-packages/airflow/example_dags/example_complex.py took 0.437 seconds
[2022-12-21 21:54:07,169] {processor.py:153} INFO - Started process (PID=18372) to work on /home/nayara/Downloads/EngDados/ALURA/api_twitter/venv/lib/python3.9/site-packages/airflow/example_dags/example_complex.py
[2022-12-21 21:54:07,171] {processor.py:641} INFO - Processing file /home/nayara/Downloads/EngDados/ALURA/api_twitter/venv/lib/python3.9/site-packages/airflow/example_dags/example_complex.py for tasks to queue
[2022-12-21 21:54:07,172] {logging_mixin.py:115} INFO - [2022-12-21 21:54:07,172] {dagbag.py:507} INFO - Filling up the DagBag from /home/nayara/Downloads/EngDados/ALURA/api_twitter/venv/lib/python3.9/site-packages/airflow/example_dags/example_complex.py
[2022-12-21 21:54:07,193] {processor.py:651} INFO - DAG(s) dict_keys(['example_complex']) retrieved from /home/nayara/Downloads/EngDados/ALURA/api_twitter/venv/lib/python3.9/site-packages/airflow/example_dags/example_complex.py
[2022-12-21 21:54:07,219] {logging_mixin.py:115} INFO - [2022-12-21 21:54:07,219] {dag.py:2379} INFO - Sync 1 DAGs
[2022-12-21 21:54:07,242] {logging_mixin.py:115} INFO - [2022-12-21 21:54:07,241] {dag.py:2927} INFO - Setting next_dagrun for example_complex to None, run_after=None
[2022-12-21 21:54:07,481] {processor.py:161} INFO - Processing /home/nayara/Downloads/EngDados/ALURA/api_twitter/venv/lib/python3.9/site-packages/airflow/example_dags/example_complex.py took 0.324 seconds
[2022-12-21 21:54:58,558] {processor.py:153} INFO - Started process (PID=18459) to work on /home/nayara/Downloads/EngDados/ALURA/api_twitter/venv/lib/python3.9/site-packages/airflow/example_dags/example_complex.py
[2022-12-21 21:54:58,581] {processor.py:641} INFO - Processing file /home/nayara/Downloads/EngDados/ALURA/api_twitter/venv/lib/python3.9/site-packages/airflow/example_dags/example_complex.py for tasks to queue
[2022-12-21 21:54:58,584] {logging_mixin.py:115} INFO - [2022-12-21 21:54:58,584] {dagbag.py:507} INFO - Filling up the DagBag from /home/nayara/Downloads/EngDados/ALURA/api_twitter/venv/lib/python3.9/site-packages/airflow/example_dags/example_complex.py
[2022-12-21 21:54:58,639] {processor.py:651} INFO - DAG(s) dict_keys(['example_complex']) retrieved from /home/nayara/Downloads/EngDados/ALURA/api_twitter/venv/lib/python3.9/site-packages/airflow/example_dags/example_complex.py
[2022-12-21 21:54:58,669] {logging_mixin.py:115} INFO - [2022-12-21 21:54:58,668] {dag.py:2379} INFO - Sync 1 DAGs
[2022-12-21 21:54:58,693] {logging_mixin.py:115} INFO - [2022-12-21 21:54:58,693] {dag.py:2927} INFO - Setting next_dagrun for example_complex to None, run_after=None
[2022-12-21 21:54:58,979] {processor.py:161} INFO - Processing /home/nayara/Downloads/EngDados/ALURA/api_twitter/venv/lib/python3.9/site-packages/airflow/example_dags/example_complex.py took 0.438 seconds
