[2022-12-21 21:37:22,168] {processor.py:153} INFO - Started process (PID=16079) to work on /home/nayara/Downloads/EngDados/ALURA/api_twitter/venv/lib/python3.9/site-packages/airflow/example_dags/example_subdag_operator.py
[2022-12-21 21:37:22,169] {processor.py:641} INFO - Processing file /home/nayara/Downloads/EngDados/ALURA/api_twitter/venv/lib/python3.9/site-packages/airflow/example_dags/example_subdag_operator.py for tasks to queue
[2022-12-21 21:37:22,171] {logging_mixin.py:115} INFO - [2022-12-21 21:37:22,171] {dagbag.py:507} INFO - Filling up the DagBag from /home/nayara/Downloads/EngDados/ALURA/api_twitter/venv/lib/python3.9/site-packages/airflow/example_dags/example_subdag_operator.py
[2022-12-21 21:37:22,371] {processor.py:651} INFO - DAG(s) dict_keys(['example_subdag_operator.section-1', 'example_subdag_operator.section-2', 'example_subdag_operator']) retrieved from /home/nayara/Downloads/EngDados/ALURA/api_twitter/venv/lib/python3.9/site-packages/airflow/example_dags/example_subdag_operator.py
[2022-12-21 21:37:22,956] {logging_mixin.py:115} INFO - [2022-12-21 21:37:22,955] {manager.py:508} INFO - Created Permission View: can read on DAG:example_subdag_operator
[2022-12-21 21:37:23,229] {logging_mixin.py:115} INFO - [2022-12-21 21:37:23,229] {manager.py:508} INFO - Created Permission View: can delete on DAG:example_subdag_operator
[2022-12-21 21:37:23,459] {logging_mixin.py:115} INFO - [2022-12-21 21:37:23,459] {manager.py:508} INFO - Created Permission View: can edit on DAG:example_subdag_operator
[2022-12-21 21:37:23,460] {logging_mixin.py:115} INFO - [2022-12-21 21:37:23,460] {dag.py:2379} INFO - Sync 3 DAGs
[2022-12-21 21:37:23,519] {logging_mixin.py:115} INFO - [2022-12-21 21:37:23,518] {dag.py:2398} INFO - Creating ORM DAG for example_subdag_operator
[2022-12-21 21:37:23,522] {logging_mixin.py:115} INFO - [2022-12-21 21:37:23,522] {dag.py:2398} INFO - Creating ORM DAG for example_subdag_operator.section-1
[2022-12-21 21:37:23,525] {logging_mixin.py:115} INFO - [2022-12-21 21:37:23,525] {dag.py:2398} INFO - Creating ORM DAG for example_subdag_operator.section-2
[2022-12-21 21:37:23,570] {logging_mixin.py:115} INFO - [2022-12-21 21:37:23,570] {dag.py:2927} INFO - Setting next_dagrun for example_subdag_operator to 2022-01-01T00:00:00+00:00, run_after=2022-01-01T00:00:00+00:00
[2022-12-21 21:37:23,571] {logging_mixin.py:115} INFO - [2022-12-21 21:37:23,571] {dag.py:2927} INFO - Setting next_dagrun for example_subdag_operator.section-1 to None, run_after=None
[2022-12-21 21:37:23,572] {logging_mixin.py:115} INFO - [2022-12-21 21:37:23,572] {dag.py:2927} INFO - Setting next_dagrun for example_subdag_operator.section-2 to None, run_after=None
[2022-12-21 21:37:23,589] {logging_mixin.py:115} INFO - [2022-12-21 21:37:23,588] {dag.py:2379} INFO - Sync 2 DAGs
[2022-12-21 21:37:23,598] {logging_mixin.py:115} INFO - [2022-12-21 21:37:23,598] {dag.py:2927} INFO - Setting next_dagrun for example_subdag_operator.section-1 to None, run_after=None
[2022-12-21 21:37:23,598] {logging_mixin.py:115} INFO - [2022-12-21 21:37:23,598] {dag.py:2927} INFO - Setting next_dagrun for example_subdag_operator.section-2 to None, run_after=None
[2022-12-21 21:37:23,894] {processor.py:161} INFO - Processing /home/nayara/Downloads/EngDados/ALURA/api_twitter/venv/lib/python3.9/site-packages/airflow/example_dags/example_subdag_operator.py took 1.733 seconds
[2022-12-21 21:38:53,839] {processor.py:153} INFO - Started process (PID=16216) to work on /home/nayara/Downloads/EngDados/ALURA/api_twitter/venv/lib/python3.9/site-packages/airflow/example_dags/example_subdag_operator.py
[2022-12-21 21:38:53,858] {processor.py:641} INFO - Processing file /home/nayara/Downloads/EngDados/ALURA/api_twitter/venv/lib/python3.9/site-packages/airflow/example_dags/example_subdag_operator.py for tasks to queue
[2022-12-21 21:38:53,860] {logging_mixin.py:115} INFO - [2022-12-21 21:38:53,860] {dagbag.py:507} INFO - Filling up the DagBag from /home/nayara/Downloads/EngDados/ALURA/api_twitter/venv/lib/python3.9/site-packages/airflow/example_dags/example_subdag_operator.py
[2022-12-21 21:38:54,337] {processor.py:651} INFO - DAG(s) dict_keys(['example_subdag_operator.section-1', 'example_subdag_operator.section-2', 'example_subdag_operator']) retrieved from /home/nayara/Downloads/EngDados/ALURA/api_twitter/venv/lib/python3.9/site-packages/airflow/example_dags/example_subdag_operator.py
[2022-12-21 21:38:54,366] {logging_mixin.py:115} INFO - [2022-12-21 21:38:54,366] {dag.py:2379} INFO - Sync 3 DAGs
[2022-12-21 21:38:54,390] {logging_mixin.py:115} INFO - [2022-12-21 21:38:54,390] {dag.py:2927} INFO - Setting next_dagrun for example_subdag_operator to 2022-01-01T00:00:00+00:00, run_after=2022-01-01T00:00:00+00:00
[2022-12-21 21:38:54,390] {logging_mixin.py:115} INFO - [2022-12-21 21:38:54,390] {dag.py:2927} INFO - Setting next_dagrun for example_subdag_operator.section-1 to None, run_after=None
[2022-12-21 21:38:54,391] {logging_mixin.py:115} INFO - [2022-12-21 21:38:54,391] {dag.py:2927} INFO - Setting next_dagrun for example_subdag_operator.section-2 to None, run_after=None
[2022-12-21 21:38:54,397] {logging_mixin.py:115} INFO - [2022-12-21 21:38:54,397] {dag.py:2379} INFO - Sync 2 DAGs
[2022-12-21 21:38:54,402] {logging_mixin.py:115} INFO - [2022-12-21 21:38:54,401] {dag.py:2927} INFO - Setting next_dagrun for example_subdag_operator.section-1 to None, run_after=None
[2022-12-21 21:38:54,402] {logging_mixin.py:115} INFO - [2022-12-21 21:38:54,402] {dag.py:2927} INFO - Setting next_dagrun for example_subdag_operator.section-2 to None, run_after=None
[2022-12-21 21:38:54,697] {processor.py:161} INFO - Processing /home/nayara/Downloads/EngDados/ALURA/api_twitter/venv/lib/python3.9/site-packages/airflow/example_dags/example_subdag_operator.py took 0.868 seconds
[2022-12-21 21:39:48,779] {processor.py:153} INFO - Started process (PID=16302) to work on /home/nayara/Downloads/EngDados/ALURA/api_twitter/venv/lib/python3.9/site-packages/airflow/example_dags/example_subdag_operator.py
[2022-12-21 21:39:48,798] {processor.py:641} INFO - Processing file /home/nayara/Downloads/EngDados/ALURA/api_twitter/venv/lib/python3.9/site-packages/airflow/example_dags/example_subdag_operator.py for tasks to queue
[2022-12-21 21:39:48,800] {logging_mixin.py:115} INFO - [2022-12-21 21:39:48,799] {dagbag.py:507} INFO - Filling up the DagBag from /home/nayara/Downloads/EngDados/ALURA/api_twitter/venv/lib/python3.9/site-packages/airflow/example_dags/example_subdag_operator.py
[2022-12-21 21:39:48,837] {processor.py:651} INFO - DAG(s) dict_keys(['example_subdag_operator.section-1', 'example_subdag_operator.section-2', 'example_subdag_operator']) retrieved from /home/nayara/Downloads/EngDados/ALURA/api_twitter/venv/lib/python3.9/site-packages/airflow/example_dags/example_subdag_operator.py
[2022-12-21 21:39:48,859] {logging_mixin.py:115} INFO - [2022-12-21 21:39:48,859] {dag.py:2379} INFO - Sync 3 DAGs
[2022-12-21 21:39:48,881] {logging_mixin.py:115} INFO - [2022-12-21 21:39:48,881] {dag.py:2927} INFO - Setting next_dagrun for example_subdag_operator to 2022-01-01T00:00:00+00:00, run_after=2022-01-01T00:00:00+00:00
[2022-12-21 21:39:48,882] {logging_mixin.py:115} INFO - [2022-12-21 21:39:48,882] {dag.py:2927} INFO - Setting next_dagrun for example_subdag_operator.section-1 to None, run_after=None
[2022-12-21 21:39:48,882] {logging_mixin.py:115} INFO - [2022-12-21 21:39:48,882] {dag.py:2927} INFO - Setting next_dagrun for example_subdag_operator.section-2 to None, run_after=None
[2022-12-21 21:39:48,888] {logging_mixin.py:115} INFO - [2022-12-21 21:39:48,888] {dag.py:2379} INFO - Sync 2 DAGs
[2022-12-21 21:39:48,892] {logging_mixin.py:115} INFO - [2022-12-21 21:39:48,892] {dag.py:2927} INFO - Setting next_dagrun for example_subdag_operator.section-1 to None, run_after=None
[2022-12-21 21:39:48,893] {logging_mixin.py:115} INFO - [2022-12-21 21:39:48,893] {dag.py:2927} INFO - Setting next_dagrun for example_subdag_operator.section-2 to None, run_after=None
[2022-12-21 21:39:49,197] {processor.py:161} INFO - Processing /home/nayara/Downloads/EngDados/ALURA/api_twitter/venv/lib/python3.9/site-packages/airflow/example_dags/example_subdag_operator.py took 0.427 seconds
[2022-12-21 21:40:30,396] {processor.py:153} INFO - Started process (PID=16368) to work on /home/nayara/Downloads/EngDados/ALURA/api_twitter/venv/lib/python3.9/site-packages/airflow/example_dags/example_subdag_operator.py
[2022-12-21 21:40:30,415] {processor.py:641} INFO - Processing file /home/nayara/Downloads/EngDados/ALURA/api_twitter/venv/lib/python3.9/site-packages/airflow/example_dags/example_subdag_operator.py for tasks to queue
[2022-12-21 21:40:30,416] {logging_mixin.py:115} INFO - [2022-12-21 21:40:30,416] {dagbag.py:507} INFO - Filling up the DagBag from /home/nayara/Downloads/EngDados/ALURA/api_twitter/venv/lib/python3.9/site-packages/airflow/example_dags/example_subdag_operator.py
[2022-12-21 21:40:30,449] {processor.py:651} INFO - DAG(s) dict_keys(['example_subdag_operator.section-1', 'example_subdag_operator.section-2', 'example_subdag_operator']) retrieved from /home/nayara/Downloads/EngDados/ALURA/api_twitter/venv/lib/python3.9/site-packages/airflow/example_dags/example_subdag_operator.py
[2022-12-21 21:40:30,475] {logging_mixin.py:115} INFO - [2022-12-21 21:40:30,475] {dag.py:2379} INFO - Sync 3 DAGs
[2022-12-21 21:40:30,503] {logging_mixin.py:115} INFO - [2022-12-21 21:40:30,502] {dag.py:2927} INFO - Setting next_dagrun for example_subdag_operator to 2022-01-01T00:00:00+00:00, run_after=2022-01-01T00:00:00+00:00
[2022-12-21 21:40:30,503] {logging_mixin.py:115} INFO - [2022-12-21 21:40:30,503] {dag.py:2927} INFO - Setting next_dagrun for example_subdag_operator.section-1 to None, run_after=None
[2022-12-21 21:40:30,503] {logging_mixin.py:115} INFO - [2022-12-21 21:40:30,503] {dag.py:2927} INFO - Setting next_dagrun for example_subdag_operator.section-2 to None, run_after=None
[2022-12-21 21:40:30,510] {logging_mixin.py:115} INFO - [2022-12-21 21:40:30,510] {dag.py:2379} INFO - Sync 2 DAGs
[2022-12-21 21:40:30,520] {logging_mixin.py:115} INFO - [2022-12-21 21:40:30,519] {dag.py:2927} INFO - Setting next_dagrun for example_subdag_operator.section-1 to None, run_after=None
[2022-12-21 21:40:30,520] {logging_mixin.py:115} INFO - [2022-12-21 21:40:30,520] {dag.py:2927} INFO - Setting next_dagrun for example_subdag_operator.section-2 to None, run_after=None
[2022-12-21 21:40:31,242] {processor.py:161} INFO - Processing /home/nayara/Downloads/EngDados/ALURA/api_twitter/venv/lib/python3.9/site-packages/airflow/example_dags/example_subdag_operator.py took 0.852 seconds
[2022-12-21 21:41:22,454] {processor.py:153} INFO - Started process (PID=16423) to work on /home/nayara/Downloads/EngDados/ALURA/api_twitter/venv/lib/python3.9/site-packages/airflow/example_dags/example_subdag_operator.py
[2022-12-21 21:41:22,489] {processor.py:641} INFO - Processing file /home/nayara/Downloads/EngDados/ALURA/api_twitter/venv/lib/python3.9/site-packages/airflow/example_dags/example_subdag_operator.py for tasks to queue
[2022-12-21 21:41:22,492] {logging_mixin.py:115} INFO - [2022-12-21 21:41:22,492] {dagbag.py:507} INFO - Filling up the DagBag from /home/nayara/Downloads/EngDados/ALURA/api_twitter/venv/lib/python3.9/site-packages/airflow/example_dags/example_subdag_operator.py
[2022-12-21 21:41:22,647] {processor.py:651} INFO - DAG(s) dict_keys(['example_subdag_operator.section-1', 'example_subdag_operator.section-2', 'example_subdag_operator']) retrieved from /home/nayara/Downloads/EngDados/ALURA/api_twitter/venv/lib/python3.9/site-packages/airflow/example_dags/example_subdag_operator.py
[2022-12-21 21:41:22,906] {logging_mixin.py:115} INFO - [2022-12-21 21:41:22,906] {dag.py:2379} INFO - Sync 3 DAGs
[2022-12-21 21:41:22,931] {logging_mixin.py:115} INFO - [2022-12-21 21:41:22,931] {dag.py:2927} INFO - Setting next_dagrun for example_subdag_operator to 2022-01-01T00:00:00+00:00, run_after=2022-01-01T00:00:00+00:00
[2022-12-21 21:41:22,931] {logging_mixin.py:115} INFO - [2022-12-21 21:41:22,931] {dag.py:2927} INFO - Setting next_dagrun for example_subdag_operator.section-1 to None, run_after=None
[2022-12-21 21:41:22,931] {logging_mixin.py:115} INFO - [2022-12-21 21:41:22,931] {dag.py:2927} INFO - Setting next_dagrun for example_subdag_operator.section-2 to None, run_after=None
[2022-12-21 21:41:22,939] {logging_mixin.py:115} INFO - [2022-12-21 21:41:22,939] {dag.py:2379} INFO - Sync 2 DAGs
[2022-12-21 21:41:22,946] {logging_mixin.py:115} INFO - [2022-12-21 21:41:22,946] {dag.py:2927} INFO - Setting next_dagrun for example_subdag_operator.section-1 to None, run_after=None
[2022-12-21 21:41:22,946] {logging_mixin.py:115} INFO - [2022-12-21 21:41:22,946] {dag.py:2927} INFO - Setting next_dagrun for example_subdag_operator.section-2 to None, run_after=None
[2022-12-21 21:41:23,541] {processor.py:161} INFO - Processing /home/nayara/Downloads/EngDados/ALURA/api_twitter/venv/lib/python3.9/site-packages/airflow/example_dags/example_subdag_operator.py took 1.095 seconds
[2022-12-21 21:42:13,453] {processor.py:153} INFO - Started process (PID=16562) to work on /home/nayara/Downloads/EngDados/ALURA/api_twitter/venv/lib/python3.9/site-packages/airflow/example_dags/example_subdag_operator.py
[2022-12-21 21:42:13,461] {processor.py:641} INFO - Processing file /home/nayara/Downloads/EngDados/ALURA/api_twitter/venv/lib/python3.9/site-packages/airflow/example_dags/example_subdag_operator.py for tasks to queue
[2022-12-21 21:42:13,463] {logging_mixin.py:115} INFO - [2022-12-21 21:42:13,463] {dagbag.py:507} INFO - Filling up the DagBag from /home/nayara/Downloads/EngDados/ALURA/api_twitter/venv/lib/python3.9/site-packages/airflow/example_dags/example_subdag_operator.py
[2022-12-21 21:42:13,527] {processor.py:651} INFO - DAG(s) dict_keys(['example_subdag_operator.section-1', 'example_subdag_operator.section-2', 'example_subdag_operator']) retrieved from /home/nayara/Downloads/EngDados/ALURA/api_twitter/venv/lib/python3.9/site-packages/airflow/example_dags/example_subdag_operator.py
[2022-12-21 21:42:13,555] {logging_mixin.py:115} INFO - [2022-12-21 21:42:13,555] {dag.py:2379} INFO - Sync 3 DAGs
[2022-12-21 21:42:13,582] {logging_mixin.py:115} INFO - [2022-12-21 21:42:13,582] {dag.py:2927} INFO - Setting next_dagrun for example_subdag_operator to 2022-01-01T00:00:00+00:00, run_after=2022-01-01T00:00:00+00:00
[2022-12-21 21:42:13,583] {logging_mixin.py:115} INFO - [2022-12-21 21:42:13,583] {dag.py:2927} INFO - Setting next_dagrun for example_subdag_operator.section-1 to None, run_after=None
[2022-12-21 21:42:13,583] {logging_mixin.py:115} INFO - [2022-12-21 21:42:13,583] {dag.py:2927} INFO - Setting next_dagrun for example_subdag_operator.section-2 to None, run_after=None
[2022-12-21 21:42:13,592] {logging_mixin.py:115} INFO - [2022-12-21 21:42:13,591] {dag.py:2379} INFO - Sync 2 DAGs
[2022-12-21 21:42:13,597] {logging_mixin.py:115} INFO - [2022-12-21 21:42:13,597] {dag.py:2927} INFO - Setting next_dagrun for example_subdag_operator.section-1 to None, run_after=None
[2022-12-21 21:42:13,597] {logging_mixin.py:115} INFO - [2022-12-21 21:42:13,597] {dag.py:2927} INFO - Setting next_dagrun for example_subdag_operator.section-2 to None, run_after=None
[2022-12-21 21:42:13,988] {processor.py:161} INFO - Processing /home/nayara/Downloads/EngDados/ALURA/api_twitter/venv/lib/python3.9/site-packages/airflow/example_dags/example_subdag_operator.py took 0.544 seconds
[2022-12-21 21:43:19,354] {processor.py:153} INFO - Started process (PID=16647) to work on /home/nayara/Downloads/EngDados/ALURA/api_twitter/venv/lib/python3.9/site-packages/airflow/example_dags/example_subdag_operator.py
[2022-12-21 21:43:19,392] {processor.py:641} INFO - Processing file /home/nayara/Downloads/EngDados/ALURA/api_twitter/venv/lib/python3.9/site-packages/airflow/example_dags/example_subdag_operator.py for tasks to queue
[2022-12-21 21:43:19,393] {logging_mixin.py:115} INFO - [2022-12-21 21:43:19,392] {dagbag.py:507} INFO - Filling up the DagBag from /home/nayara/Downloads/EngDados/ALURA/api_twitter/venv/lib/python3.9/site-packages/airflow/example_dags/example_subdag_operator.py
[2022-12-21 21:43:19,441] {processor.py:651} INFO - DAG(s) dict_keys(['example_subdag_operator.section-1', 'example_subdag_operator.section-2', 'example_subdag_operator']) retrieved from /home/nayara/Downloads/EngDados/ALURA/api_twitter/venv/lib/python3.9/site-packages/airflow/example_dags/example_subdag_operator.py
[2022-12-21 21:43:19,479] {logging_mixin.py:115} INFO - [2022-12-21 21:43:19,479] {dag.py:2379} INFO - Sync 3 DAGs
[2022-12-21 21:43:19,510] {logging_mixin.py:115} INFO - [2022-12-21 21:43:19,509] {dag.py:2927} INFO - Setting next_dagrun for example_subdag_operator to 2022-01-01T00:00:00+00:00, run_after=2022-01-01T00:00:00+00:00
[2022-12-21 21:43:19,510] {logging_mixin.py:115} INFO - [2022-12-21 21:43:19,510] {dag.py:2927} INFO - Setting next_dagrun for example_subdag_operator.section-1 to None, run_after=None
[2022-12-21 21:43:19,510] {logging_mixin.py:115} INFO - [2022-12-21 21:43:19,510] {dag.py:2927} INFO - Setting next_dagrun for example_subdag_operator.section-2 to None, run_after=None
[2022-12-21 21:43:19,518] {logging_mixin.py:115} INFO - [2022-12-21 21:43:19,518] {dag.py:2379} INFO - Sync 2 DAGs
[2022-12-21 21:43:19,525] {logging_mixin.py:115} INFO - [2022-12-21 21:43:19,525] {dag.py:2927} INFO - Setting next_dagrun for example_subdag_operator.section-1 to None, run_after=None
[2022-12-21 21:43:19,525] {logging_mixin.py:115} INFO - [2022-12-21 21:43:19,525] {dag.py:2927} INFO - Setting next_dagrun for example_subdag_operator.section-2 to None, run_after=None
[2022-12-21 21:43:19,869] {processor.py:161} INFO - Processing /home/nayara/Downloads/EngDados/ALURA/api_twitter/venv/lib/python3.9/site-packages/airflow/example_dags/example_subdag_operator.py took 0.521 seconds
[2022-12-21 21:44:03,521] {processor.py:153} INFO - Started process (PID=16702) to work on /home/nayara/Downloads/EngDados/ALURA/api_twitter/venv/lib/python3.9/site-packages/airflow/example_dags/example_subdag_operator.py
[2022-12-21 21:44:03,523] {processor.py:641} INFO - Processing file /home/nayara/Downloads/EngDados/ALURA/api_twitter/venv/lib/python3.9/site-packages/airflow/example_dags/example_subdag_operator.py for tasks to queue
[2022-12-21 21:44:03,524] {logging_mixin.py:115} INFO - [2022-12-21 21:44:03,524] {dagbag.py:507} INFO - Filling up the DagBag from /home/nayara/Downloads/EngDados/ALURA/api_twitter/venv/lib/python3.9/site-packages/airflow/example_dags/example_subdag_operator.py
[2022-12-21 21:44:03,558] {processor.py:651} INFO - DAG(s) dict_keys(['example_subdag_operator.section-1', 'example_subdag_operator.section-2', 'example_subdag_operator']) retrieved from /home/nayara/Downloads/EngDados/ALURA/api_twitter/venv/lib/python3.9/site-packages/airflow/example_dags/example_subdag_operator.py
[2022-12-21 21:44:03,584] {logging_mixin.py:115} INFO - [2022-12-21 21:44:03,584] {dag.py:2379} INFO - Sync 3 DAGs
[2022-12-21 21:44:03,611] {logging_mixin.py:115} INFO - [2022-12-21 21:44:03,611] {dag.py:2927} INFO - Setting next_dagrun for example_subdag_operator to 2022-01-01T00:00:00+00:00, run_after=2022-01-01T00:00:00+00:00
[2022-12-21 21:44:03,612] {logging_mixin.py:115} INFO - [2022-12-21 21:44:03,611] {dag.py:2927} INFO - Setting next_dagrun for example_subdag_operator.section-1 to None, run_after=None
[2022-12-21 21:44:03,612] {logging_mixin.py:115} INFO - [2022-12-21 21:44:03,612] {dag.py:2927} INFO - Setting next_dagrun for example_subdag_operator.section-2 to None, run_after=None
[2022-12-21 21:44:03,619] {logging_mixin.py:115} INFO - [2022-12-21 21:44:03,619] {dag.py:2379} INFO - Sync 2 DAGs
[2022-12-21 21:44:03,626] {logging_mixin.py:115} INFO - [2022-12-21 21:44:03,626] {dag.py:2927} INFO - Setting next_dagrun for example_subdag_operator.section-1 to None, run_after=None
[2022-12-21 21:44:03,626] {logging_mixin.py:115} INFO - [2022-12-21 21:44:03,626] {dag.py:2927} INFO - Setting next_dagrun for example_subdag_operator.section-2 to None, run_after=None
[2022-12-21 21:44:03,874] {processor.py:161} INFO - Processing /home/nayara/Downloads/EngDados/ALURA/api_twitter/venv/lib/python3.9/site-packages/airflow/example_dags/example_subdag_operator.py took 0.366 seconds
[2022-12-21 21:44:52,776] {processor.py:153} INFO - Started process (PID=16757) to work on /home/nayara/Downloads/EngDados/ALURA/api_twitter/venv/lib/python3.9/site-packages/airflow/example_dags/example_subdag_operator.py
[2022-12-21 21:44:52,801] {processor.py:641} INFO - Processing file /home/nayara/Downloads/EngDados/ALURA/api_twitter/venv/lib/python3.9/site-packages/airflow/example_dags/example_subdag_operator.py for tasks to queue
[2022-12-21 21:44:52,803] {logging_mixin.py:115} INFO - [2022-12-21 21:44:52,803] {dagbag.py:507} INFO - Filling up the DagBag from /home/nayara/Downloads/EngDados/ALURA/api_twitter/venv/lib/python3.9/site-packages/airflow/example_dags/example_subdag_operator.py
[2022-12-21 21:44:52,838] {processor.py:651} INFO - DAG(s) dict_keys(['example_subdag_operator.section-1', 'example_subdag_operator.section-2', 'example_subdag_operator']) retrieved from /home/nayara/Downloads/EngDados/ALURA/api_twitter/venv/lib/python3.9/site-packages/airflow/example_dags/example_subdag_operator.py
[2022-12-21 21:44:52,861] {logging_mixin.py:115} INFO - [2022-12-21 21:44:52,861] {dag.py:2379} INFO - Sync 3 DAGs
[2022-12-21 21:44:52,882] {logging_mixin.py:115} INFO - [2022-12-21 21:44:52,882] {dag.py:2927} INFO - Setting next_dagrun for example_subdag_operator to 2022-01-01T00:00:00+00:00, run_after=2022-01-01T00:00:00+00:00
[2022-12-21 21:44:52,883] {logging_mixin.py:115} INFO - [2022-12-21 21:44:52,882] {dag.py:2927} INFO - Setting next_dagrun for example_subdag_operator.section-1 to None, run_after=None
[2022-12-21 21:44:52,883] {logging_mixin.py:115} INFO - [2022-12-21 21:44:52,883] {dag.py:2927} INFO - Setting next_dagrun for example_subdag_operator.section-2 to None, run_after=None
[2022-12-21 21:44:52,889] {logging_mixin.py:115} INFO - [2022-12-21 21:44:52,889] {dag.py:2379} INFO - Sync 2 DAGs
[2022-12-21 21:44:52,893] {logging_mixin.py:115} INFO - [2022-12-21 21:44:52,893] {dag.py:2927} INFO - Setting next_dagrun for example_subdag_operator.section-1 to None, run_after=None
[2022-12-21 21:44:52,894] {logging_mixin.py:115} INFO - [2022-12-21 21:44:52,894] {dag.py:2927} INFO - Setting next_dagrun for example_subdag_operator.section-2 to None, run_after=None
[2022-12-21 21:44:53,341] {processor.py:161} INFO - Processing /home/nayara/Downloads/EngDados/ALURA/api_twitter/venv/lib/python3.9/site-packages/airflow/example_dags/example_subdag_operator.py took 0.570 seconds
[2022-12-21 21:45:55,383] {processor.py:153} INFO - Started process (PID=16911) to work on /home/nayara/Downloads/EngDados/ALURA/api_twitter/venv/lib/python3.9/site-packages/airflow/example_dags/example_subdag_operator.py
[2022-12-21 21:45:55,386] {processor.py:641} INFO - Processing file /home/nayara/Downloads/EngDados/ALURA/api_twitter/venv/lib/python3.9/site-packages/airflow/example_dags/example_subdag_operator.py for tasks to queue
[2022-12-21 21:45:55,388] {logging_mixin.py:115} INFO - [2022-12-21 21:45:55,387] {dagbag.py:507} INFO - Filling up the DagBag from /home/nayara/Downloads/EngDados/ALURA/api_twitter/venv/lib/python3.9/site-packages/airflow/example_dags/example_subdag_operator.py
[2022-12-21 21:45:55,424] {processor.py:651} INFO - DAG(s) dict_keys(['example_subdag_operator.section-1', 'example_subdag_operator.section-2', 'example_subdag_operator']) retrieved from /home/nayara/Downloads/EngDados/ALURA/api_twitter/venv/lib/python3.9/site-packages/airflow/example_dags/example_subdag_operator.py
[2022-12-21 21:45:55,447] {logging_mixin.py:115} INFO - [2022-12-21 21:45:55,447] {dag.py:2379} INFO - Sync 3 DAGs
[2022-12-21 21:45:55,469] {logging_mixin.py:115} INFO - [2022-12-21 21:45:55,469] {dag.py:2927} INFO - Setting next_dagrun for example_subdag_operator to 2022-01-01T00:00:00+00:00, run_after=2022-01-01T00:00:00+00:00
[2022-12-21 21:45:55,469] {logging_mixin.py:115} INFO - [2022-12-21 21:45:55,469] {dag.py:2927} INFO - Setting next_dagrun for example_subdag_operator.section-1 to None, run_after=None
[2022-12-21 21:45:55,469] {logging_mixin.py:115} INFO - [2022-12-21 21:45:55,469] {dag.py:2927} INFO - Setting next_dagrun for example_subdag_operator.section-2 to None, run_after=None
[2022-12-21 21:45:55,476] {logging_mixin.py:115} INFO - [2022-12-21 21:45:55,475] {dag.py:2379} INFO - Sync 2 DAGs
[2022-12-21 21:45:55,480] {logging_mixin.py:115} INFO - [2022-12-21 21:45:55,480] {dag.py:2927} INFO - Setting next_dagrun for example_subdag_operator.section-1 to None, run_after=None
[2022-12-21 21:45:55,480] {logging_mixin.py:115} INFO - [2022-12-21 21:45:55,480] {dag.py:2927} INFO - Setting next_dagrun for example_subdag_operator.section-2 to None, run_after=None
[2022-12-21 21:45:55,761] {processor.py:161} INFO - Processing /home/nayara/Downloads/EngDados/ALURA/api_twitter/venv/lib/python3.9/site-packages/airflow/example_dags/example_subdag_operator.py took 0.393 seconds
[2022-12-21 21:46:54,607] {processor.py:153} INFO - Started process (PID=17271) to work on /home/nayara/Downloads/EngDados/ALURA/api_twitter/venv/lib/python3.9/site-packages/airflow/example_dags/example_subdag_operator.py
[2022-12-21 21:46:54,687] {processor.py:641} INFO - Processing file /home/nayara/Downloads/EngDados/ALURA/api_twitter/venv/lib/python3.9/site-packages/airflow/example_dags/example_subdag_operator.py for tasks to queue
[2022-12-21 21:46:54,690] {logging_mixin.py:115} INFO - [2022-12-21 21:46:54,689] {dagbag.py:507} INFO - Filling up the DagBag from /home/nayara/Downloads/EngDados/ALURA/api_twitter/venv/lib/python3.9/site-packages/airflow/example_dags/example_subdag_operator.py
[2022-12-21 21:46:54,794] {processor.py:651} INFO - DAG(s) dict_keys(['example_subdag_operator.section-1', 'example_subdag_operator.section-2', 'example_subdag_operator']) retrieved from /home/nayara/Downloads/EngDados/ALURA/api_twitter/venv/lib/python3.9/site-packages/airflow/example_dags/example_subdag_operator.py
[2022-12-21 21:46:54,820] {logging_mixin.py:115} INFO - [2022-12-21 21:46:54,820] {dag.py:2379} INFO - Sync 3 DAGs
[2022-12-21 21:46:54,847] {logging_mixin.py:115} INFO - [2022-12-21 21:46:54,847] {dag.py:2927} INFO - Setting next_dagrun for example_subdag_operator to 2022-01-01T00:00:00+00:00, run_after=2022-01-01T00:00:00+00:00
[2022-12-21 21:46:54,847] {logging_mixin.py:115} INFO - [2022-12-21 21:46:54,847] {dag.py:2927} INFO - Setting next_dagrun for example_subdag_operator.section-1 to None, run_after=None
[2022-12-21 21:46:54,847] {logging_mixin.py:115} INFO - [2022-12-21 21:46:54,847] {dag.py:2927} INFO - Setting next_dagrun for example_subdag_operator.section-2 to None, run_after=None
[2022-12-21 21:46:54,855] {logging_mixin.py:115} INFO - [2022-12-21 21:46:54,855] {dag.py:2379} INFO - Sync 2 DAGs
[2022-12-21 21:46:54,861] {logging_mixin.py:115} INFO - [2022-12-21 21:46:54,861] {dag.py:2927} INFO - Setting next_dagrun for example_subdag_operator.section-1 to None, run_after=None
[2022-12-21 21:46:54,862] {logging_mixin.py:115} INFO - [2022-12-21 21:46:54,862] {dag.py:2927} INFO - Setting next_dagrun for example_subdag_operator.section-2 to None, run_after=None
[2022-12-21 21:46:56,274] {processor.py:161} INFO - Processing /home/nayara/Downloads/EngDados/ALURA/api_twitter/venv/lib/python3.9/site-packages/airflow/example_dags/example_subdag_operator.py took 1.683 seconds
[2022-12-21 21:47:43,999] {processor.py:153} INFO - Started process (PID=17413) to work on /home/nayara/Downloads/EngDados/ALURA/api_twitter/venv/lib/python3.9/site-packages/airflow/example_dags/example_subdag_operator.py
[2022-12-21 21:47:44,002] {processor.py:641} INFO - Processing file /home/nayara/Downloads/EngDados/ALURA/api_twitter/venv/lib/python3.9/site-packages/airflow/example_dags/example_subdag_operator.py for tasks to queue
[2022-12-21 21:47:44,005] {logging_mixin.py:115} INFO - [2022-12-21 21:47:44,005] {dagbag.py:507} INFO - Filling up the DagBag from /home/nayara/Downloads/EngDados/ALURA/api_twitter/venv/lib/python3.9/site-packages/airflow/example_dags/example_subdag_operator.py
[2022-12-21 21:47:44,079] {processor.py:651} INFO - DAG(s) dict_keys(['example_subdag_operator.section-1', 'example_subdag_operator.section-2', 'example_subdag_operator']) retrieved from /home/nayara/Downloads/EngDados/ALURA/api_twitter/venv/lib/python3.9/site-packages/airflow/example_dags/example_subdag_operator.py
[2022-12-21 21:47:44,105] {logging_mixin.py:115} INFO - [2022-12-21 21:47:44,104] {dag.py:2379} INFO - Sync 3 DAGs
[2022-12-21 21:47:44,131] {logging_mixin.py:115} INFO - [2022-12-21 21:47:44,131] {dag.py:2927} INFO - Setting next_dagrun for example_subdag_operator to 2022-01-01T00:00:00+00:00, run_after=2022-01-01T00:00:00+00:00
[2022-12-21 21:47:44,131] {logging_mixin.py:115} INFO - [2022-12-21 21:47:44,131] {dag.py:2927} INFO - Setting next_dagrun for example_subdag_operator.section-1 to None, run_after=None
[2022-12-21 21:47:44,131] {logging_mixin.py:115} INFO - [2022-12-21 21:47:44,131] {dag.py:2927} INFO - Setting next_dagrun for example_subdag_operator.section-2 to None, run_after=None
[2022-12-21 21:47:44,138] {logging_mixin.py:115} INFO - [2022-12-21 21:47:44,138] {dag.py:2379} INFO - Sync 2 DAGs
[2022-12-21 21:47:44,143] {logging_mixin.py:115} INFO - [2022-12-21 21:47:44,143] {dag.py:2927} INFO - Setting next_dagrun for example_subdag_operator.section-1 to None, run_after=None
[2022-12-21 21:47:44,144] {logging_mixin.py:115} INFO - [2022-12-21 21:47:44,144] {dag.py:2927} INFO - Setting next_dagrun for example_subdag_operator.section-2 to None, run_after=None
[2022-12-21 21:47:44,349] {processor.py:161} INFO - Processing /home/nayara/Downloads/EngDados/ALURA/api_twitter/venv/lib/python3.9/site-packages/airflow/example_dags/example_subdag_operator.py took 0.369 seconds
[2022-12-21 21:48:46,669] {processor.py:153} INFO - Started process (PID=17473) to work on /home/nayara/Downloads/EngDados/ALURA/api_twitter/venv/lib/python3.9/site-packages/airflow/example_dags/example_subdag_operator.py
[2022-12-21 21:48:46,689] {processor.py:641} INFO - Processing file /home/nayara/Downloads/EngDados/ALURA/api_twitter/venv/lib/python3.9/site-packages/airflow/example_dags/example_subdag_operator.py for tasks to queue
[2022-12-21 21:48:46,691] {logging_mixin.py:115} INFO - [2022-12-21 21:48:46,691] {dagbag.py:507} INFO - Filling up the DagBag from /home/nayara/Downloads/EngDados/ALURA/api_twitter/venv/lib/python3.9/site-packages/airflow/example_dags/example_subdag_operator.py
[2022-12-21 21:48:46,747] {processor.py:651} INFO - DAG(s) dict_keys(['example_subdag_operator.section-1', 'example_subdag_operator.section-2', 'example_subdag_operator']) retrieved from /home/nayara/Downloads/EngDados/ALURA/api_twitter/venv/lib/python3.9/site-packages/airflow/example_dags/example_subdag_operator.py
[2022-12-21 21:48:46,774] {logging_mixin.py:115} INFO - [2022-12-21 21:48:46,774] {dag.py:2379} INFO - Sync 3 DAGs
[2022-12-21 21:48:46,802] {logging_mixin.py:115} INFO - [2022-12-21 21:48:46,802] {dag.py:2927} INFO - Setting next_dagrun for example_subdag_operator to 2022-01-01T00:00:00+00:00, run_after=2022-01-01T00:00:00+00:00
[2022-12-21 21:48:46,803] {logging_mixin.py:115} INFO - [2022-12-21 21:48:46,803] {dag.py:2927} INFO - Setting next_dagrun for example_subdag_operator.section-1 to None, run_after=None
[2022-12-21 21:48:46,803] {logging_mixin.py:115} INFO - [2022-12-21 21:48:46,803] {dag.py:2927} INFO - Setting next_dagrun for example_subdag_operator.section-2 to None, run_after=None
[2022-12-21 21:48:46,812] {logging_mixin.py:115} INFO - [2022-12-21 21:48:46,812] {dag.py:2379} INFO - Sync 2 DAGs
[2022-12-21 21:48:46,817] {logging_mixin.py:115} INFO - [2022-12-21 21:48:46,817] {dag.py:2927} INFO - Setting next_dagrun for example_subdag_operator.section-1 to None, run_after=None
[2022-12-21 21:48:46,818] {logging_mixin.py:115} INFO - [2022-12-21 21:48:46,818] {dag.py:2927} INFO - Setting next_dagrun for example_subdag_operator.section-2 to None, run_after=None
[2022-12-21 21:48:47,021] {processor.py:161} INFO - Processing /home/nayara/Downloads/EngDados/ALURA/api_twitter/venv/lib/python3.9/site-packages/airflow/example_dags/example_subdag_operator.py took 0.360 seconds
[2022-12-21 21:49:37,168] {processor.py:153} INFO - Started process (PID=17532) to work on /home/nayara/Downloads/EngDados/ALURA/api_twitter/venv/lib/python3.9/site-packages/airflow/example_dags/example_subdag_operator.py
[2022-12-21 21:49:37,169] {processor.py:641} INFO - Processing file /home/nayara/Downloads/EngDados/ALURA/api_twitter/venv/lib/python3.9/site-packages/airflow/example_dags/example_subdag_operator.py for tasks to queue
[2022-12-21 21:49:37,170] {logging_mixin.py:115} INFO - [2022-12-21 21:49:37,170] {dagbag.py:507} INFO - Filling up the DagBag from /home/nayara/Downloads/EngDados/ALURA/api_twitter/venv/lib/python3.9/site-packages/airflow/example_dags/example_subdag_operator.py
[2022-12-21 21:49:37,275] {processor.py:651} INFO - DAG(s) dict_keys(['example_subdag_operator.section-1', 'example_subdag_operator.section-2', 'example_subdag_operator']) retrieved from /home/nayara/Downloads/EngDados/ALURA/api_twitter/venv/lib/python3.9/site-packages/airflow/example_dags/example_subdag_operator.py
[2022-12-21 21:49:40,476] {logging_mixin.py:115} INFO - [2022-12-21 21:49:40,476] {dag.py:2379} INFO - Sync 3 DAGs
[2022-12-21 21:49:40,526] {logging_mixin.py:115} INFO - [2022-12-21 21:49:40,526] {dag.py:2927} INFO - Setting next_dagrun for example_subdag_operator to 2022-01-01T00:00:00+00:00, run_after=2022-01-01T00:00:00+00:00
[2022-12-21 21:49:40,527] {logging_mixin.py:115} INFO - [2022-12-21 21:49:40,527] {dag.py:2927} INFO - Setting next_dagrun for example_subdag_operator.section-1 to None, run_after=None
[2022-12-21 21:49:40,527] {logging_mixin.py:115} INFO - [2022-12-21 21:49:40,527] {dag.py:2927} INFO - Setting next_dagrun for example_subdag_operator.section-2 to None, run_after=None
[2022-12-21 21:49:40,533] {logging_mixin.py:115} INFO - [2022-12-21 21:49:40,533] {dag.py:2379} INFO - Sync 2 DAGs
[2022-12-21 21:49:40,538] {logging_mixin.py:115} INFO - [2022-12-21 21:49:40,538] {dag.py:2927} INFO - Setting next_dagrun for example_subdag_operator.section-1 to None, run_after=None
[2022-12-21 21:49:40,538] {logging_mixin.py:115} INFO - [2022-12-21 21:49:40,538] {dag.py:2927} INFO - Setting next_dagrun for example_subdag_operator.section-2 to None, run_after=None
[2022-12-21 21:49:40,909] {processor.py:161} INFO - Processing /home/nayara/Downloads/EngDados/ALURA/api_twitter/venv/lib/python3.9/site-packages/airflow/example_dags/example_subdag_operator.py took 3.745 seconds
[2022-12-21 21:50:27,294] {processor.py:153} INFO - Started process (PID=17728) to work on /home/nayara/Downloads/EngDados/ALURA/api_twitter/venv/lib/python3.9/site-packages/airflow/example_dags/example_subdag_operator.py
[2022-12-21 21:50:27,316] {processor.py:641} INFO - Processing file /home/nayara/Downloads/EngDados/ALURA/api_twitter/venv/lib/python3.9/site-packages/airflow/example_dags/example_subdag_operator.py for tasks to queue
[2022-12-21 21:50:27,316] {logging_mixin.py:115} INFO - [2022-12-21 21:50:27,316] {dagbag.py:507} INFO - Filling up the DagBag from /home/nayara/Downloads/EngDados/ALURA/api_twitter/venv/lib/python3.9/site-packages/airflow/example_dags/example_subdag_operator.py
[2022-12-21 21:50:27,345] {processor.py:651} INFO - DAG(s) dict_keys(['example_subdag_operator.section-1', 'example_subdag_operator.section-2', 'example_subdag_operator']) retrieved from /home/nayara/Downloads/EngDados/ALURA/api_twitter/venv/lib/python3.9/site-packages/airflow/example_dags/example_subdag_operator.py
[2022-12-21 21:50:27,368] {logging_mixin.py:115} INFO - [2022-12-21 21:50:27,368] {dag.py:2379} INFO - Sync 3 DAGs
[2022-12-21 21:50:27,390] {logging_mixin.py:115} INFO - [2022-12-21 21:50:27,390] {dag.py:2927} INFO - Setting next_dagrun for example_subdag_operator to 2022-01-01T00:00:00+00:00, run_after=2022-01-01T00:00:00+00:00
[2022-12-21 21:50:27,391] {logging_mixin.py:115} INFO - [2022-12-21 21:50:27,391] {dag.py:2927} INFO - Setting next_dagrun for example_subdag_operator.section-1 to None, run_after=None
[2022-12-21 21:50:27,391] {logging_mixin.py:115} INFO - [2022-12-21 21:50:27,391] {dag.py:2927} INFO - Setting next_dagrun for example_subdag_operator.section-2 to None, run_after=None
[2022-12-21 21:50:27,397] {logging_mixin.py:115} INFO - [2022-12-21 21:50:27,397] {dag.py:2379} INFO - Sync 2 DAGs
[2022-12-21 21:50:27,401] {logging_mixin.py:115} INFO - [2022-12-21 21:50:27,401] {dag.py:2927} INFO - Setting next_dagrun for example_subdag_operator.section-1 to None, run_after=None
[2022-12-21 21:50:27,401] {logging_mixin.py:115} INFO - [2022-12-21 21:50:27,401] {dag.py:2927} INFO - Setting next_dagrun for example_subdag_operator.section-2 to None, run_after=None
[2022-12-21 21:50:27,713] {processor.py:161} INFO - Processing /home/nayara/Downloads/EngDados/ALURA/api_twitter/venv/lib/python3.9/site-packages/airflow/example_dags/example_subdag_operator.py took 0.422 seconds
[2022-12-21 21:51:11,041] {processor.py:153} INFO - Started process (PID=17816) to work on /home/nayara/Downloads/EngDados/ALURA/api_twitter/venv/lib/python3.9/site-packages/airflow/example_dags/example_subdag_operator.py
[2022-12-21 21:51:11,042] {processor.py:641} INFO - Processing file /home/nayara/Downloads/EngDados/ALURA/api_twitter/venv/lib/python3.9/site-packages/airflow/example_dags/example_subdag_operator.py for tasks to queue
[2022-12-21 21:51:11,043] {logging_mixin.py:115} INFO - [2022-12-21 21:51:11,042] {dagbag.py:507} INFO - Filling up the DagBag from /home/nayara/Downloads/EngDados/ALURA/api_twitter/venv/lib/python3.9/site-packages/airflow/example_dags/example_subdag_operator.py
[2022-12-21 21:51:11,069] {processor.py:651} INFO - DAG(s) dict_keys(['example_subdag_operator.section-1', 'example_subdag_operator.section-2', 'example_subdag_operator']) retrieved from /home/nayara/Downloads/EngDados/ALURA/api_twitter/venv/lib/python3.9/site-packages/airflow/example_dags/example_subdag_operator.py
[2022-12-21 21:51:11,091] {logging_mixin.py:115} INFO - [2022-12-21 21:51:11,091] {dag.py:2379} INFO - Sync 3 DAGs
[2022-12-21 21:51:11,112] {logging_mixin.py:115} INFO - [2022-12-21 21:51:11,112] {dag.py:2927} INFO - Setting next_dagrun for example_subdag_operator to 2022-01-01T00:00:00+00:00, run_after=2022-01-01T00:00:00+00:00
[2022-12-21 21:51:11,113] {logging_mixin.py:115} INFO - [2022-12-21 21:51:11,112] {dag.py:2927} INFO - Setting next_dagrun for example_subdag_operator.section-1 to None, run_after=None
[2022-12-21 21:51:11,113] {logging_mixin.py:115} INFO - [2022-12-21 21:51:11,113] {dag.py:2927} INFO - Setting next_dagrun for example_subdag_operator.section-2 to None, run_after=None
[2022-12-21 21:51:11,119] {logging_mixin.py:115} INFO - [2022-12-21 21:51:11,119] {dag.py:2379} INFO - Sync 2 DAGs
[2022-12-21 21:51:11,123] {logging_mixin.py:115} INFO - [2022-12-21 21:51:11,123] {dag.py:2927} INFO - Setting next_dagrun for example_subdag_operator.section-1 to None, run_after=None
[2022-12-21 21:51:11,123] {logging_mixin.py:115} INFO - [2022-12-21 21:51:11,123] {dag.py:2927} INFO - Setting next_dagrun for example_subdag_operator.section-2 to None, run_after=None
[2022-12-21 21:51:11,379] {processor.py:161} INFO - Processing /home/nayara/Downloads/EngDados/ALURA/api_twitter/venv/lib/python3.9/site-packages/airflow/example_dags/example_subdag_operator.py took 0.345 seconds
[2022-12-21 21:51:56,498] {processor.py:153} INFO - Started process (PID=17958) to work on /home/nayara/Downloads/EngDados/ALURA/api_twitter/venv/lib/python3.9/site-packages/airflow/example_dags/example_subdag_operator.py
[2022-12-21 21:51:56,521] {processor.py:641} INFO - Processing file /home/nayara/Downloads/EngDados/ALURA/api_twitter/venv/lib/python3.9/site-packages/airflow/example_dags/example_subdag_operator.py for tasks to queue
[2022-12-21 21:51:56,523] {logging_mixin.py:115} INFO - [2022-12-21 21:51:56,523] {dagbag.py:507} INFO - Filling up the DagBag from /home/nayara/Downloads/EngDados/ALURA/api_twitter/venv/lib/python3.9/site-packages/airflow/example_dags/example_subdag_operator.py
[2022-12-21 21:51:56,563] {processor.py:651} INFO - DAG(s) dict_keys(['example_subdag_operator.section-1', 'example_subdag_operator.section-2', 'example_subdag_operator']) retrieved from /home/nayara/Downloads/EngDados/ALURA/api_twitter/venv/lib/python3.9/site-packages/airflow/example_dags/example_subdag_operator.py
[2022-12-21 21:51:56,586] {logging_mixin.py:115} INFO - [2022-12-21 21:51:56,585] {dag.py:2379} INFO - Sync 3 DAGs
[2022-12-21 21:51:56,607] {logging_mixin.py:115} INFO - [2022-12-21 21:51:56,607] {dag.py:2927} INFO - Setting next_dagrun for example_subdag_operator to 2022-01-01T00:00:00+00:00, run_after=2022-01-01T00:00:00+00:00
[2022-12-21 21:51:56,607] {logging_mixin.py:115} INFO - [2022-12-21 21:51:56,607] {dag.py:2927} INFO - Setting next_dagrun for example_subdag_operator.section-1 to None, run_after=None
[2022-12-21 21:51:56,607] {logging_mixin.py:115} INFO - [2022-12-21 21:51:56,607] {dag.py:2927} INFO - Setting next_dagrun for example_subdag_operator.section-2 to None, run_after=None
[2022-12-21 21:51:56,614] {logging_mixin.py:115} INFO - [2022-12-21 21:51:56,614] {dag.py:2379} INFO - Sync 2 DAGs
[2022-12-21 21:51:56,619] {logging_mixin.py:115} INFO - [2022-12-21 21:51:56,619] {dag.py:2927} INFO - Setting next_dagrun for example_subdag_operator.section-1 to None, run_after=None
[2022-12-21 21:51:56,619] {logging_mixin.py:115} INFO - [2022-12-21 21:51:56,619] {dag.py:2927} INFO - Setting next_dagrun for example_subdag_operator.section-2 to None, run_after=None
[2022-12-21 21:51:56,834] {processor.py:161} INFO - Processing /home/nayara/Downloads/EngDados/ALURA/api_twitter/venv/lib/python3.9/site-packages/airflow/example_dags/example_subdag_operator.py took 0.345 seconds
[2022-12-21 21:52:57,171] {processor.py:153} INFO - Started process (PID=18195) to work on /home/nayara/Downloads/EngDados/ALURA/api_twitter/venv/lib/python3.9/site-packages/airflow/example_dags/example_subdag_operator.py
[2022-12-21 21:52:57,173] {processor.py:641} INFO - Processing file /home/nayara/Downloads/EngDados/ALURA/api_twitter/venv/lib/python3.9/site-packages/airflow/example_dags/example_subdag_operator.py for tasks to queue
[2022-12-21 21:52:57,174] {logging_mixin.py:115} INFO - [2022-12-21 21:52:57,174] {dagbag.py:507} INFO - Filling up the DagBag from /home/nayara/Downloads/EngDados/ALURA/api_twitter/venv/lib/python3.9/site-packages/airflow/example_dags/example_subdag_operator.py
[2022-12-21 21:52:57,202] {processor.py:651} INFO - DAG(s) dict_keys(['example_subdag_operator.section-1', 'example_subdag_operator.section-2', 'example_subdag_operator']) retrieved from /home/nayara/Downloads/EngDados/ALURA/api_twitter/venv/lib/python3.9/site-packages/airflow/example_dags/example_subdag_operator.py
[2022-12-21 21:52:57,225] {logging_mixin.py:115} INFO - [2022-12-21 21:52:57,225] {dag.py:2379} INFO - Sync 3 DAGs
[2022-12-21 21:52:57,247] {logging_mixin.py:115} INFO - [2022-12-21 21:52:57,247] {dag.py:2927} INFO - Setting next_dagrun for example_subdag_operator to 2022-01-01T00:00:00+00:00, run_after=2022-01-01T00:00:00+00:00
[2022-12-21 21:52:57,248] {logging_mixin.py:115} INFO - [2022-12-21 21:52:57,248] {dag.py:2927} INFO - Setting next_dagrun for example_subdag_operator.section-1 to None, run_after=None
[2022-12-21 21:52:57,248] {logging_mixin.py:115} INFO - [2022-12-21 21:52:57,248] {dag.py:2927} INFO - Setting next_dagrun for example_subdag_operator.section-2 to None, run_after=None
[2022-12-21 21:52:57,254] {logging_mixin.py:115} INFO - [2022-12-21 21:52:57,254] {dag.py:2379} INFO - Sync 2 DAGs
[2022-12-21 21:52:57,259] {logging_mixin.py:115} INFO - [2022-12-21 21:52:57,259] {dag.py:2927} INFO - Setting next_dagrun for example_subdag_operator.section-1 to None, run_after=None
[2022-12-21 21:52:57,259] {logging_mixin.py:115} INFO - [2022-12-21 21:52:57,259] {dag.py:2927} INFO - Setting next_dagrun for example_subdag_operator.section-2 to None, run_after=None
[2022-12-21 21:52:57,460] {processor.py:161} INFO - Processing /home/nayara/Downloads/EngDados/ALURA/api_twitter/venv/lib/python3.9/site-packages/airflow/example_dags/example_subdag_operator.py took 0.295 seconds
[2022-12-21 21:53:46,615] {processor.py:153} INFO - Started process (PID=18318) to work on /home/nayara/Downloads/EngDados/ALURA/api_twitter/venv/lib/python3.9/site-packages/airflow/example_dags/example_subdag_operator.py
[2022-12-21 21:53:46,632] {processor.py:641} INFO - Processing file /home/nayara/Downloads/EngDados/ALURA/api_twitter/venv/lib/python3.9/site-packages/airflow/example_dags/example_subdag_operator.py for tasks to queue
[2022-12-21 21:53:46,633] {logging_mixin.py:115} INFO - [2022-12-21 21:53:46,633] {dagbag.py:507} INFO - Filling up the DagBag from /home/nayara/Downloads/EngDados/ALURA/api_twitter/venv/lib/python3.9/site-packages/airflow/example_dags/example_subdag_operator.py
[2022-12-21 21:53:46,659] {processor.py:651} INFO - DAG(s) dict_keys(['example_subdag_operator.section-1', 'example_subdag_operator.section-2', 'example_subdag_operator']) retrieved from /home/nayara/Downloads/EngDados/ALURA/api_twitter/venv/lib/python3.9/site-packages/airflow/example_dags/example_subdag_operator.py
[2022-12-21 21:53:46,682] {logging_mixin.py:115} INFO - [2022-12-21 21:53:46,682] {dag.py:2379} INFO - Sync 3 DAGs
[2022-12-21 21:53:46,704] {logging_mixin.py:115} INFO - [2022-12-21 21:53:46,704] {dag.py:2927} INFO - Setting next_dagrun for example_subdag_operator to 2022-01-01T00:00:00+00:00, run_after=2022-01-01T00:00:00+00:00
[2022-12-21 21:53:46,704] {logging_mixin.py:115} INFO - [2022-12-21 21:53:46,704] {dag.py:2927} INFO - Setting next_dagrun for example_subdag_operator.section-1 to None, run_after=None
[2022-12-21 21:53:46,704] {logging_mixin.py:115} INFO - [2022-12-21 21:53:46,704] {dag.py:2927} INFO - Setting next_dagrun for example_subdag_operator.section-2 to None, run_after=None
[2022-12-21 21:53:46,711] {logging_mixin.py:115} INFO - [2022-12-21 21:53:46,711] {dag.py:2379} INFO - Sync 2 DAGs
[2022-12-21 21:53:46,715] {logging_mixin.py:115} INFO - [2022-12-21 21:53:46,715] {dag.py:2927} INFO - Setting next_dagrun for example_subdag_operator.section-1 to None, run_after=None
[2022-12-21 21:53:46,716] {logging_mixin.py:115} INFO - [2022-12-21 21:53:46,716] {dag.py:2927} INFO - Setting next_dagrun for example_subdag_operator.section-2 to None, run_after=None
[2022-12-21 21:53:46,914] {processor.py:161} INFO - Processing /home/nayara/Downloads/EngDados/ALURA/api_twitter/venv/lib/python3.9/site-packages/airflow/example_dags/example_subdag_operator.py took 0.302 seconds
[2022-12-21 21:54:35,114] {processor.py:153} INFO - Started process (PID=18414) to work on /home/nayara/Downloads/EngDados/ALURA/api_twitter/venv/lib/python3.9/site-packages/airflow/example_dags/example_subdag_operator.py
[2022-12-21 21:54:35,217] {processor.py:641} INFO - Processing file /home/nayara/Downloads/EngDados/ALURA/api_twitter/venv/lib/python3.9/site-packages/airflow/example_dags/example_subdag_operator.py for tasks to queue
[2022-12-21 21:54:35,219] {logging_mixin.py:115} INFO - [2022-12-21 21:54:35,219] {dagbag.py:507} INFO - Filling up the DagBag from /home/nayara/Downloads/EngDados/ALURA/api_twitter/venv/lib/python3.9/site-packages/airflow/example_dags/example_subdag_operator.py
[2022-12-21 21:54:35,280] {processor.py:651} INFO - DAG(s) dict_keys(['example_subdag_operator.section-1', 'example_subdag_operator.section-2', 'example_subdag_operator']) retrieved from /home/nayara/Downloads/EngDados/ALURA/api_twitter/venv/lib/python3.9/site-packages/airflow/example_dags/example_subdag_operator.py
[2022-12-21 21:54:35,302] {logging_mixin.py:115} INFO - [2022-12-21 21:54:35,301] {dag.py:2379} INFO - Sync 3 DAGs
[2022-12-21 21:54:35,323] {logging_mixin.py:115} INFO - [2022-12-21 21:54:35,322] {dag.py:2927} INFO - Setting next_dagrun for example_subdag_operator to 2022-01-01T00:00:00+00:00, run_after=2022-01-01T00:00:00+00:00
[2022-12-21 21:54:35,323] {logging_mixin.py:115} INFO - [2022-12-21 21:54:35,323] {dag.py:2927} INFO - Setting next_dagrun for example_subdag_operator.section-1 to None, run_after=None
[2022-12-21 21:54:35,323] {logging_mixin.py:115} INFO - [2022-12-21 21:54:35,323] {dag.py:2927} INFO - Setting next_dagrun for example_subdag_operator.section-2 to None, run_after=None
[2022-12-21 21:54:35,331] {logging_mixin.py:115} INFO - [2022-12-21 21:54:35,331] {dag.py:2379} INFO - Sync 2 DAGs
[2022-12-21 21:54:35,337] {logging_mixin.py:115} INFO - [2022-12-21 21:54:35,337] {dag.py:2927} INFO - Setting next_dagrun for example_subdag_operator.section-1 to None, run_after=None
[2022-12-21 21:54:35,337] {logging_mixin.py:115} INFO - [2022-12-21 21:54:35,337] {dag.py:2927} INFO - Setting next_dagrun for example_subdag_operator.section-2 to None, run_after=None
[2022-12-21 21:54:35,786] {processor.py:161} INFO - Processing /home/nayara/Downloads/EngDados/ALURA/api_twitter/venv/lib/python3.9/site-packages/airflow/example_dags/example_subdag_operator.py took 0.682 seconds
[2022-12-21 21:55:33,342] {processor.py:153} INFO - Started process (PID=18508) to work on /home/nayara/Downloads/EngDados/ALURA/api_twitter/venv/lib/python3.9/site-packages/airflow/example_dags/example_subdag_operator.py
[2022-12-21 21:55:33,383] {processor.py:641} INFO - Processing file /home/nayara/Downloads/EngDados/ALURA/api_twitter/venv/lib/python3.9/site-packages/airflow/example_dags/example_subdag_operator.py for tasks to queue
[2022-12-21 21:55:33,385] {logging_mixin.py:115} INFO - [2022-12-21 21:55:33,384] {dagbag.py:507} INFO - Filling up the DagBag from /home/nayara/Downloads/EngDados/ALURA/api_twitter/venv/lib/python3.9/site-packages/airflow/example_dags/example_subdag_operator.py
[2022-12-21 21:55:33,431] {processor.py:651} INFO - DAG(s) dict_keys(['example_subdag_operator.section-1', 'example_subdag_operator.section-2', 'example_subdag_operator']) retrieved from /home/nayara/Downloads/EngDados/ALURA/api_twitter/venv/lib/python3.9/site-packages/airflow/example_dags/example_subdag_operator.py
[2022-12-21 21:55:33,456] {logging_mixin.py:115} INFO - [2022-12-21 21:55:33,455] {dag.py:2379} INFO - Sync 3 DAGs
[2022-12-21 21:55:33,477] {logging_mixin.py:115} INFO - [2022-12-21 21:55:33,477] {dag.py:2927} INFO - Setting next_dagrun for example_subdag_operator to 2022-01-01T00:00:00+00:00, run_after=2022-01-01T00:00:00+00:00
[2022-12-21 21:55:33,478] {logging_mixin.py:115} INFO - [2022-12-21 21:55:33,478] {dag.py:2927} INFO - Setting next_dagrun for example_subdag_operator.section-1 to None, run_after=None
[2022-12-21 21:55:33,478] {logging_mixin.py:115} INFO - [2022-12-21 21:55:33,478] {dag.py:2927} INFO - Setting next_dagrun for example_subdag_operator.section-2 to None, run_after=None
[2022-12-21 21:55:33,484] {logging_mixin.py:115} INFO - [2022-12-21 21:55:33,484] {dag.py:2379} INFO - Sync 2 DAGs
[2022-12-21 21:55:33,488] {logging_mixin.py:115} INFO - [2022-12-21 21:55:33,488] {dag.py:2927} INFO - Setting next_dagrun for example_subdag_operator.section-1 to None, run_after=None
[2022-12-21 21:55:33,489] {logging_mixin.py:115} INFO - [2022-12-21 21:55:33,489] {dag.py:2927} INFO - Setting next_dagrun for example_subdag_operator.section-2 to None, run_after=None
[2022-12-21 21:55:33,718] {processor.py:161} INFO - Processing /home/nayara/Downloads/EngDados/ALURA/api_twitter/venv/lib/python3.9/site-packages/airflow/example_dags/example_subdag_operator.py took 0.389 seconds
