[2022-12-21 21:36:35,031] {processor.py:153} INFO - Started process (PID=15577) to work on /home/nayara/Downloads/EngDados/ALURA/api_twitter/venv/lib/python3.9/site-packages/airflow/example_dags/example_skip_dag.py
[2022-12-21 21:36:35,032] {processor.py:641} INFO - Processing file /home/nayara/Downloads/EngDados/ALURA/api_twitter/venv/lib/python3.9/site-packages/airflow/example_dags/example_skip_dag.py for tasks to queue
[2022-12-21 21:36:35,033] {logging_mixin.py:115} INFO - [2022-12-21 21:36:35,032] {dagbag.py:507} INFO - Filling up the DagBag from /home/nayara/Downloads/EngDados/ALURA/api_twitter/venv/lib/python3.9/site-packages/airflow/example_dags/example_skip_dag.py
[2022-12-21 21:36:35,053] {processor.py:651} INFO - DAG(s) dict_keys(['example_skip_dag']) retrieved from /home/nayara/Downloads/EngDados/ALURA/api_twitter/venv/lib/python3.9/site-packages/airflow/example_dags/example_skip_dag.py
[2022-12-21 21:36:35,588] {logging_mixin.py:115} INFO - [2022-12-21 21:36:35,588] {manager.py:508} INFO - Created Permission View: can read on DAG:example_skip_dag
[2022-12-21 21:36:36,052] {logging_mixin.py:115} INFO - [2022-12-21 21:36:36,051] {manager.py:508} INFO - Created Permission View: can delete on DAG:example_skip_dag
[2022-12-21 21:36:36,259] {logging_mixin.py:115} INFO - [2022-12-21 21:36:36,258] {manager.py:508} INFO - Created Permission View: can edit on DAG:example_skip_dag
[2022-12-21 21:36:36,259] {logging_mixin.py:115} INFO - [2022-12-21 21:36:36,259] {dag.py:2379} INFO - Sync 1 DAGs
[2022-12-21 21:36:36,287] {logging_mixin.py:115} INFO - [2022-12-21 21:36:36,287] {dag.py:2398} INFO - Creating ORM DAG for example_skip_dag
[2022-12-21 21:36:36,301] {logging_mixin.py:115} INFO - [2022-12-21 21:36:36,301] {dag.py:2927} INFO - Setting next_dagrun for example_skip_dag to 2022-12-21T00:36:36.300924+00:00, run_after=2022-12-22T00:36:36.300924+00:00
[2022-12-21 21:36:36,856] {processor.py:161} INFO - Processing /home/nayara/Downloads/EngDados/ALURA/api_twitter/venv/lib/python3.9/site-packages/airflow/example_dags/example_skip_dag.py took 1.828 seconds
[2022-12-21 21:38:32,754] {processor.py:153} INFO - Started process (PID=16199) to work on /home/nayara/Downloads/EngDados/ALURA/api_twitter/venv/lib/python3.9/site-packages/airflow/example_dags/example_skip_dag.py
[2022-12-21 21:38:32,848] {processor.py:641} INFO - Processing file /home/nayara/Downloads/EngDados/ALURA/api_twitter/venv/lib/python3.9/site-packages/airflow/example_dags/example_skip_dag.py for tasks to queue
[2022-12-21 21:38:32,850] {logging_mixin.py:115} INFO - [2022-12-21 21:38:32,850] {dagbag.py:507} INFO - Filling up the DagBag from /home/nayara/Downloads/EngDados/ALURA/api_twitter/venv/lib/python3.9/site-packages/airflow/example_dags/example_skip_dag.py
[2022-12-21 21:38:32,974] {processor.py:651} INFO - DAG(s) dict_keys(['example_skip_dag']) retrieved from /home/nayara/Downloads/EngDados/ALURA/api_twitter/venv/lib/python3.9/site-packages/airflow/example_dags/example_skip_dag.py
[2022-12-21 21:38:32,996] {logging_mixin.py:115} INFO - [2022-12-21 21:38:32,996] {dag.py:2379} INFO - Sync 1 DAGs
[2022-12-21 21:38:33,073] {logging_mixin.py:115} INFO - [2022-12-21 21:38:33,073] {dag.py:2927} INFO - Setting next_dagrun for example_skip_dag to 2022-12-21T00:38:33.072736+00:00, run_after=2022-12-22T00:38:33.072736+00:00
[2022-12-21 21:38:33,809] {processor.py:161} INFO - Processing /home/nayara/Downloads/EngDados/ALURA/api_twitter/venv/lib/python3.9/site-packages/airflow/example_dags/example_skip_dag.py took 1.062 seconds
[2022-12-21 21:39:19,764] {processor.py:153} INFO - Started process (PID=16251) to work on /home/nayara/Downloads/EngDados/ALURA/api_twitter/venv/lib/python3.9/site-packages/airflow/example_dags/example_skip_dag.py
[2022-12-21 21:39:19,783] {processor.py:641} INFO - Processing file /home/nayara/Downloads/EngDados/ALURA/api_twitter/venv/lib/python3.9/site-packages/airflow/example_dags/example_skip_dag.py for tasks to queue
[2022-12-21 21:39:19,784] {logging_mixin.py:115} INFO - [2022-12-21 21:39:19,783] {dagbag.py:507} INFO - Filling up the DagBag from /home/nayara/Downloads/EngDados/ALURA/api_twitter/venv/lib/python3.9/site-packages/airflow/example_dags/example_skip_dag.py
[2022-12-21 21:39:19,791] {processor.py:651} INFO - DAG(s) dict_keys(['example_skip_dag']) retrieved from /home/nayara/Downloads/EngDados/ALURA/api_twitter/venv/lib/python3.9/site-packages/airflow/example_dags/example_skip_dag.py
[2022-12-21 21:39:19,815] {logging_mixin.py:115} INFO - [2022-12-21 21:39:19,815] {dag.py:2379} INFO - Sync 1 DAGs
[2022-12-21 21:39:19,840] {logging_mixin.py:115} INFO - [2022-12-21 21:39:19,840] {dag.py:2927} INFO - Setting next_dagrun for example_skip_dag to 2022-12-21T00:39:19.839951+00:00, run_after=2022-12-22T00:39:19.839951+00:00
[2022-12-21 21:39:20,129] {processor.py:161} INFO - Processing /home/nayara/Downloads/EngDados/ALURA/api_twitter/venv/lib/python3.9/site-packages/airflow/example_dags/example_skip_dag.py took 0.369 seconds
[2022-12-21 21:40:09,051] {processor.py:153} INFO - Started process (PID=16319) to work on /home/nayara/Downloads/EngDados/ALURA/api_twitter/venv/lib/python3.9/site-packages/airflow/example_dags/example_skip_dag.py
[2022-12-21 21:40:09,068] {processor.py:641} INFO - Processing file /home/nayara/Downloads/EngDados/ALURA/api_twitter/venv/lib/python3.9/site-packages/airflow/example_dags/example_skip_dag.py for tasks to queue
[2022-12-21 21:40:09,069] {logging_mixin.py:115} INFO - [2022-12-21 21:40:09,068] {dagbag.py:507} INFO - Filling up the DagBag from /home/nayara/Downloads/EngDados/ALURA/api_twitter/venv/lib/python3.9/site-packages/airflow/example_dags/example_skip_dag.py
[2022-12-21 21:40:09,078] {processor.py:651} INFO - DAG(s) dict_keys(['example_skip_dag']) retrieved from /home/nayara/Downloads/EngDados/ALURA/api_twitter/venv/lib/python3.9/site-packages/airflow/example_dags/example_skip_dag.py
[2022-12-21 21:40:09,100] {logging_mixin.py:115} INFO - [2022-12-21 21:40:09,100] {dag.py:2379} INFO - Sync 1 DAGs
[2022-12-21 21:40:09,122] {logging_mixin.py:115} INFO - [2022-12-21 21:40:09,122] {dag.py:2927} INFO - Setting next_dagrun for example_skip_dag to 2022-12-21T00:40:09.122316+00:00, run_after=2022-12-22T00:40:09.122316+00:00
[2022-12-21 21:40:09,389] {processor.py:161} INFO - Processing /home/nayara/Downloads/EngDados/ALURA/api_twitter/venv/lib/python3.9/site-packages/airflow/example_dags/example_skip_dag.py took 0.350 seconds
[2022-12-21 21:40:50,346] {processor.py:153} INFO - Started process (PID=16395) to work on /home/nayara/Downloads/EngDados/ALURA/api_twitter/venv/lib/python3.9/site-packages/airflow/example_dags/example_skip_dag.py
[2022-12-21 21:40:50,381] {processor.py:641} INFO - Processing file /home/nayara/Downloads/EngDados/ALURA/api_twitter/venv/lib/python3.9/site-packages/airflow/example_dags/example_skip_dag.py for tasks to queue
[2022-12-21 21:40:50,383] {logging_mixin.py:115} INFO - [2022-12-21 21:40:50,382] {dagbag.py:507} INFO - Filling up the DagBag from /home/nayara/Downloads/EngDados/ALURA/api_twitter/venv/lib/python3.9/site-packages/airflow/example_dags/example_skip_dag.py
[2022-12-21 21:40:50,396] {processor.py:651} INFO - DAG(s) dict_keys(['example_skip_dag']) retrieved from /home/nayara/Downloads/EngDados/ALURA/api_twitter/venv/lib/python3.9/site-packages/airflow/example_dags/example_skip_dag.py
[2022-12-21 21:40:50,442] {logging_mixin.py:115} INFO - [2022-12-21 21:40:50,442] {dag.py:2379} INFO - Sync 1 DAGs
[2022-12-21 21:40:50,480] {logging_mixin.py:115} INFO - [2022-12-21 21:40:50,480] {dag.py:2927} INFO - Setting next_dagrun for example_skip_dag to 2022-12-21T00:40:50.480092+00:00, run_after=2022-12-22T00:40:50.480092+00:00
[2022-12-21 21:40:50,885] {processor.py:161} INFO - Processing /home/nayara/Downloads/EngDados/ALURA/api_twitter/venv/lib/python3.9/site-packages/airflow/example_dags/example_skip_dag.py took 0.545 seconds
[2022-12-21 21:41:40,774] {processor.py:153} INFO - Started process (PID=16497) to work on /home/nayara/Downloads/EngDados/ALURA/api_twitter/venv/lib/python3.9/site-packages/airflow/example_dags/example_skip_dag.py
[2022-12-21 21:41:40,801] {processor.py:641} INFO - Processing file /home/nayara/Downloads/EngDados/ALURA/api_twitter/venv/lib/python3.9/site-packages/airflow/example_dags/example_skip_dag.py for tasks to queue
[2022-12-21 21:41:40,804] {logging_mixin.py:115} INFO - [2022-12-21 21:41:40,803] {dagbag.py:507} INFO - Filling up the DagBag from /home/nayara/Downloads/EngDados/ALURA/api_twitter/venv/lib/python3.9/site-packages/airflow/example_dags/example_skip_dag.py
[2022-12-21 21:41:40,839] {processor.py:651} INFO - DAG(s) dict_keys(['example_skip_dag']) retrieved from /home/nayara/Downloads/EngDados/ALURA/api_twitter/venv/lib/python3.9/site-packages/airflow/example_dags/example_skip_dag.py
[2022-12-21 21:41:40,888] {logging_mixin.py:115} INFO - [2022-12-21 21:41:40,888] {dag.py:2379} INFO - Sync 1 DAGs
[2022-12-21 21:41:40,918] {logging_mixin.py:115} INFO - [2022-12-21 21:41:40,918] {dag.py:2927} INFO - Setting next_dagrun for example_skip_dag to 2022-12-21T00:41:40.917742+00:00, run_after=2022-12-22T00:41:40.917742+00:00
[2022-12-21 21:41:41,568] {processor.py:161} INFO - Processing /home/nayara/Downloads/EngDados/ALURA/api_twitter/venv/lib/python3.9/site-packages/airflow/example_dags/example_skip_dag.py took 0.811 seconds
[2022-12-21 21:42:30,312] {processor.py:153} INFO - Started process (PID=16577) to work on /home/nayara/Downloads/EngDados/ALURA/api_twitter/venv/lib/python3.9/site-packages/airflow/example_dags/example_skip_dag.py
[2022-12-21 21:42:30,316] {processor.py:641} INFO - Processing file /home/nayara/Downloads/EngDados/ALURA/api_twitter/venv/lib/python3.9/site-packages/airflow/example_dags/example_skip_dag.py for tasks to queue
[2022-12-21 21:42:30,319] {logging_mixin.py:115} INFO - [2022-12-21 21:42:30,318] {dagbag.py:507} INFO - Filling up the DagBag from /home/nayara/Downloads/EngDados/ALURA/api_twitter/venv/lib/python3.9/site-packages/airflow/example_dags/example_skip_dag.py
[2022-12-21 21:42:30,334] {processor.py:651} INFO - DAG(s) dict_keys(['example_skip_dag']) retrieved from /home/nayara/Downloads/EngDados/ALURA/api_twitter/venv/lib/python3.9/site-packages/airflow/example_dags/example_skip_dag.py
[2022-12-21 21:42:30,362] {logging_mixin.py:115} INFO - [2022-12-21 21:42:30,361] {dag.py:2379} INFO - Sync 1 DAGs
[2022-12-21 21:42:30,388] {logging_mixin.py:115} INFO - [2022-12-21 21:42:30,388] {dag.py:2927} INFO - Setting next_dagrun for example_skip_dag to 2022-12-21T00:42:30.387992+00:00, run_after=2022-12-22T00:42:30.387992+00:00
[2022-12-21 21:42:30,844] {processor.py:161} INFO - Processing /home/nayara/Downloads/EngDados/ALURA/api_twitter/venv/lib/python3.9/site-packages/airflow/example_dags/example_skip_dag.py took 0.555 seconds
[2022-12-21 21:43:13,246] {processor.py:153} INFO - Started process (PID=16621) to work on /home/nayara/Downloads/EngDados/ALURA/api_twitter/venv/lib/python3.9/site-packages/airflow/example_dags/example_skip_dag.py
[2022-12-21 21:43:13,343] {processor.py:641} INFO - Processing file /home/nayara/Downloads/EngDados/ALURA/api_twitter/venv/lib/python3.9/site-packages/airflow/example_dags/example_skip_dag.py for tasks to queue
[2022-12-21 21:43:13,345] {logging_mixin.py:115} INFO - [2022-12-21 21:43:13,344] {dagbag.py:507} INFO - Filling up the DagBag from /home/nayara/Downloads/EngDados/ALURA/api_twitter/venv/lib/python3.9/site-packages/airflow/example_dags/example_skip_dag.py
[2022-12-21 21:43:13,357] {processor.py:651} INFO - DAG(s) dict_keys(['example_skip_dag']) retrieved from /home/nayara/Downloads/EngDados/ALURA/api_twitter/venv/lib/python3.9/site-packages/airflow/example_dags/example_skip_dag.py
[2022-12-21 21:43:13,380] {logging_mixin.py:115} INFO - [2022-12-21 21:43:13,379] {dag.py:2379} INFO - Sync 1 DAGs
[2022-12-21 21:43:13,402] {logging_mixin.py:115} INFO - [2022-12-21 21:43:13,402] {dag.py:2927} INFO - Setting next_dagrun for example_skip_dag to 2022-12-21T00:43:13.401781+00:00, run_after=2022-12-22T00:43:13.401781+00:00
[2022-12-21 21:43:13,990] {processor.py:161} INFO - Processing /home/nayara/Downloads/EngDados/ALURA/api_twitter/venv/lib/python3.9/site-packages/airflow/example_dags/example_skip_dag.py took 0.760 seconds
[2022-12-21 21:43:57,796] {processor.py:153} INFO - Started process (PID=16696) to work on /home/nayara/Downloads/EngDados/ALURA/api_twitter/venv/lib/python3.9/site-packages/airflow/example_dags/example_skip_dag.py
[2022-12-21 21:43:57,797] {processor.py:641} INFO - Processing file /home/nayara/Downloads/EngDados/ALURA/api_twitter/venv/lib/python3.9/site-packages/airflow/example_dags/example_skip_dag.py for tasks to queue
[2022-12-21 21:43:57,797] {logging_mixin.py:115} INFO - [2022-12-21 21:43:57,797] {dagbag.py:507} INFO - Filling up the DagBag from /home/nayara/Downloads/EngDados/ALURA/api_twitter/venv/lib/python3.9/site-packages/airflow/example_dags/example_skip_dag.py
[2022-12-21 21:43:57,804] {processor.py:651} INFO - DAG(s) dict_keys(['example_skip_dag']) retrieved from /home/nayara/Downloads/EngDados/ALURA/api_twitter/venv/lib/python3.9/site-packages/airflow/example_dags/example_skip_dag.py
[2022-12-21 21:43:57,826] {logging_mixin.py:115} INFO - [2022-12-21 21:43:57,826] {dag.py:2379} INFO - Sync 1 DAGs
[2022-12-21 21:43:57,852] {logging_mixin.py:115} INFO - [2022-12-21 21:43:57,852] {dag.py:2927} INFO - Setting next_dagrun for example_skip_dag to 2022-12-21T00:43:57.851876+00:00, run_after=2022-12-22T00:43:57.851876+00:00
[2022-12-21 21:43:58,124] {processor.py:161} INFO - Processing /home/nayara/Downloads/EngDados/ALURA/api_twitter/venv/lib/python3.9/site-packages/airflow/example_dags/example_skip_dag.py took 0.333 seconds
[2022-12-21 21:44:44,314] {processor.py:153} INFO - Started process (PID=16748) to work on /home/nayara/Downloads/EngDados/ALURA/api_twitter/venv/lib/python3.9/site-packages/airflow/example_dags/example_skip_dag.py
[2022-12-21 21:44:44,315] {processor.py:641} INFO - Processing file /home/nayara/Downloads/EngDados/ALURA/api_twitter/venv/lib/python3.9/site-packages/airflow/example_dags/example_skip_dag.py for tasks to queue
[2022-12-21 21:44:44,316] {logging_mixin.py:115} INFO - [2022-12-21 21:44:44,316] {dagbag.py:507} INFO - Filling up the DagBag from /home/nayara/Downloads/EngDados/ALURA/api_twitter/venv/lib/python3.9/site-packages/airflow/example_dags/example_skip_dag.py
[2022-12-21 21:44:44,326] {processor.py:651} INFO - DAG(s) dict_keys(['example_skip_dag']) retrieved from /home/nayara/Downloads/EngDados/ALURA/api_twitter/venv/lib/python3.9/site-packages/airflow/example_dags/example_skip_dag.py
[2022-12-21 21:44:44,361] {logging_mixin.py:115} INFO - [2022-12-21 21:44:44,361] {dag.py:2379} INFO - Sync 1 DAGs
[2022-12-21 21:44:44,396] {logging_mixin.py:115} INFO - [2022-12-21 21:44:44,396] {dag.py:2927} INFO - Setting next_dagrun for example_skip_dag to 2022-12-21T00:44:44.395844+00:00, run_after=2022-12-22T00:44:44.395844+00:00
[2022-12-21 21:44:44,686] {processor.py:161} INFO - Processing /home/nayara/Downloads/EngDados/ALURA/api_twitter/venv/lib/python3.9/site-packages/airflow/example_dags/example_skip_dag.py took 0.376 seconds
[2022-12-21 21:45:25,161] {processor.py:153} INFO - Started process (PID=16822) to work on /home/nayara/Downloads/EngDados/ALURA/api_twitter/venv/lib/python3.9/site-packages/airflow/example_dags/example_skip_dag.py
[2022-12-21 21:45:25,163] {processor.py:641} INFO - Processing file /home/nayara/Downloads/EngDados/ALURA/api_twitter/venv/lib/python3.9/site-packages/airflow/example_dags/example_skip_dag.py for tasks to queue
[2022-12-21 21:45:25,164] {logging_mixin.py:115} INFO - [2022-12-21 21:45:25,164] {dagbag.py:507} INFO - Filling up the DagBag from /home/nayara/Downloads/EngDados/ALURA/api_twitter/venv/lib/python3.9/site-packages/airflow/example_dags/example_skip_dag.py
[2022-12-21 21:45:25,176] {processor.py:651} INFO - DAG(s) dict_keys(['example_skip_dag']) retrieved from /home/nayara/Downloads/EngDados/ALURA/api_twitter/venv/lib/python3.9/site-packages/airflow/example_dags/example_skip_dag.py
[2022-12-21 21:45:25,200] {logging_mixin.py:115} INFO - [2022-12-21 21:45:25,200] {dag.py:2379} INFO - Sync 1 DAGs
[2022-12-21 21:45:25,225] {logging_mixin.py:115} INFO - [2022-12-21 21:45:25,225] {dag.py:2927} INFO - Setting next_dagrun for example_skip_dag to 2022-12-21T00:45:25.225534+00:00, run_after=2022-12-22T00:45:25.225534+00:00
[2022-12-21 21:45:25,500] {processor.py:161} INFO - Processing /home/nayara/Downloads/EngDados/ALURA/api_twitter/venv/lib/python3.9/site-packages/airflow/example_dags/example_skip_dag.py took 0.353 seconds
[2022-12-21 21:46:05,988] {processor.py:153} INFO - Started process (PID=16944) to work on /home/nayara/Downloads/EngDados/ALURA/api_twitter/venv/lib/python3.9/site-packages/airflow/example_dags/example_skip_dag.py
[2022-12-21 21:46:05,990] {processor.py:641} INFO - Processing file /home/nayara/Downloads/EngDados/ALURA/api_twitter/venv/lib/python3.9/site-packages/airflow/example_dags/example_skip_dag.py for tasks to queue
[2022-12-21 21:46:05,991] {logging_mixin.py:115} INFO - [2022-12-21 21:46:05,991] {dagbag.py:507} INFO - Filling up the DagBag from /home/nayara/Downloads/EngDados/ALURA/api_twitter/venv/lib/python3.9/site-packages/airflow/example_dags/example_skip_dag.py
[2022-12-21 21:46:06,001] {processor.py:651} INFO - DAG(s) dict_keys(['example_skip_dag']) retrieved from /home/nayara/Downloads/EngDados/ALURA/api_twitter/venv/lib/python3.9/site-packages/airflow/example_dags/example_skip_dag.py
[2022-12-21 21:46:06,022] {logging_mixin.py:115} INFO - [2022-12-21 21:46:06,022] {dag.py:2379} INFO - Sync 1 DAGs
[2022-12-21 21:46:06,044] {logging_mixin.py:115} INFO - [2022-12-21 21:46:06,044] {dag.py:2927} INFO - Setting next_dagrun for example_skip_dag to 2022-12-21T00:46:06.044226+00:00, run_after=2022-12-22T00:46:06.044226+00:00
[2022-12-21 21:46:06,321] {processor.py:161} INFO - Processing /home/nayara/Downloads/EngDados/ALURA/api_twitter/venv/lib/python3.9/site-packages/airflow/example_dags/example_skip_dag.py took 0.347 seconds
[2022-12-21 21:46:43,992] {processor.py:153} INFO - Started process (PID=17234) to work on /home/nayara/Downloads/EngDados/ALURA/api_twitter/venv/lib/python3.9/site-packages/airflow/example_dags/example_skip_dag.py
[2022-12-21 21:46:43,993] {processor.py:641} INFO - Processing file /home/nayara/Downloads/EngDados/ALURA/api_twitter/venv/lib/python3.9/site-packages/airflow/example_dags/example_skip_dag.py for tasks to queue
[2022-12-21 21:46:43,993] {logging_mixin.py:115} INFO - [2022-12-21 21:46:43,993] {dagbag.py:507} INFO - Filling up the DagBag from /home/nayara/Downloads/EngDados/ALURA/api_twitter/venv/lib/python3.9/site-packages/airflow/example_dags/example_skip_dag.py
[2022-12-21 21:46:44,003] {processor.py:651} INFO - DAG(s) dict_keys(['example_skip_dag']) retrieved from /home/nayara/Downloads/EngDados/ALURA/api_twitter/venv/lib/python3.9/site-packages/airflow/example_dags/example_skip_dag.py
[2022-12-21 21:46:44,031] {logging_mixin.py:115} INFO - [2022-12-21 21:46:44,031] {dag.py:2379} INFO - Sync 1 DAGs
[2022-12-21 21:46:44,058] {logging_mixin.py:115} INFO - [2022-12-21 21:46:44,058] {dag.py:2927} INFO - Setting next_dagrun for example_skip_dag to 2022-12-21T00:46:44.058186+00:00, run_after=2022-12-22T00:46:44.058186+00:00
[2022-12-21 21:46:44,343] {processor.py:161} INFO - Processing /home/nayara/Downloads/EngDados/ALURA/api_twitter/venv/lib/python3.9/site-packages/airflow/example_dags/example_skip_dag.py took 0.355 seconds
[2022-12-21 21:47:34,898] {processor.py:153} INFO - Started process (PID=17403) to work on /home/nayara/Downloads/EngDados/ALURA/api_twitter/venv/lib/python3.9/site-packages/airflow/example_dags/example_skip_dag.py
[2022-12-21 21:47:34,913] {processor.py:641} INFO - Processing file /home/nayara/Downloads/EngDados/ALURA/api_twitter/venv/lib/python3.9/site-packages/airflow/example_dags/example_skip_dag.py for tasks to queue
[2022-12-21 21:47:34,916] {logging_mixin.py:115} INFO - [2022-12-21 21:47:34,915] {dagbag.py:507} INFO - Filling up the DagBag from /home/nayara/Downloads/EngDados/ALURA/api_twitter/venv/lib/python3.9/site-packages/airflow/example_dags/example_skip_dag.py
[2022-12-21 21:47:34,932] {processor.py:651} INFO - DAG(s) dict_keys(['example_skip_dag']) retrieved from /home/nayara/Downloads/EngDados/ALURA/api_twitter/venv/lib/python3.9/site-packages/airflow/example_dags/example_skip_dag.py
[2022-12-21 21:47:34,959] {logging_mixin.py:115} INFO - [2022-12-21 21:47:34,959] {dag.py:2379} INFO - Sync 1 DAGs
[2022-12-21 21:47:34,992] {logging_mixin.py:115} INFO - [2022-12-21 21:47:34,992] {dag.py:2927} INFO - Setting next_dagrun for example_skip_dag to 2022-12-21T00:47:34.991793+00:00, run_after=2022-12-22T00:47:34.991793+00:00
[2022-12-21 21:47:35,359] {processor.py:161} INFO - Processing /home/nayara/Downloads/EngDados/ALURA/api_twitter/venv/lib/python3.9/site-packages/airflow/example_dags/example_skip_dag.py took 0.479 seconds
[2022-12-21 21:48:17,064] {processor.py:153} INFO - Started process (PID=17449) to work on /home/nayara/Downloads/EngDados/ALURA/api_twitter/venv/lib/python3.9/site-packages/airflow/example_dags/example_skip_dag.py
[2022-12-21 21:48:17,080] {processor.py:641} INFO - Processing file /home/nayara/Downloads/EngDados/ALURA/api_twitter/venv/lib/python3.9/site-packages/airflow/example_dags/example_skip_dag.py for tasks to queue
[2022-12-21 21:48:17,081] {logging_mixin.py:115} INFO - [2022-12-21 21:48:17,081] {dagbag.py:507} INFO - Filling up the DagBag from /home/nayara/Downloads/EngDados/ALURA/api_twitter/venv/lib/python3.9/site-packages/airflow/example_dags/example_skip_dag.py
[2022-12-21 21:48:17,093] {processor.py:651} INFO - DAG(s) dict_keys(['example_skip_dag']) retrieved from /home/nayara/Downloads/EngDados/ALURA/api_twitter/venv/lib/python3.9/site-packages/airflow/example_dags/example_skip_dag.py
[2022-12-21 21:48:17,123] {logging_mixin.py:115} INFO - [2022-12-21 21:48:17,123] {dag.py:2379} INFO - Sync 1 DAGs
[2022-12-21 21:48:17,156] {logging_mixin.py:115} INFO - [2022-12-21 21:48:17,156] {dag.py:2927} INFO - Setting next_dagrun for example_skip_dag to 2022-12-21T00:48:17.156112+00:00, run_after=2022-12-22T00:48:17.156112+00:00
[2022-12-21 21:48:17,495] {processor.py:161} INFO - Processing /home/nayara/Downloads/EngDados/ALURA/api_twitter/venv/lib/python3.9/site-packages/airflow/example_dags/example_skip_dag.py took 0.439 seconds
[2022-12-21 21:48:59,665] {processor.py:153} INFO - Started process (PID=17503) to work on /home/nayara/Downloads/EngDados/ALURA/api_twitter/venv/lib/python3.9/site-packages/airflow/example_dags/example_skip_dag.py
[2022-12-21 21:48:59,681] {processor.py:641} INFO - Processing file /home/nayara/Downloads/EngDados/ALURA/api_twitter/venv/lib/python3.9/site-packages/airflow/example_dags/example_skip_dag.py for tasks to queue
[2022-12-21 21:48:59,682] {logging_mixin.py:115} INFO - [2022-12-21 21:48:59,681] {dagbag.py:507} INFO - Filling up the DagBag from /home/nayara/Downloads/EngDados/ALURA/api_twitter/venv/lib/python3.9/site-packages/airflow/example_dags/example_skip_dag.py
[2022-12-21 21:48:59,691] {processor.py:651} INFO - DAG(s) dict_keys(['example_skip_dag']) retrieved from /home/nayara/Downloads/EngDados/ALURA/api_twitter/venv/lib/python3.9/site-packages/airflow/example_dags/example_skip_dag.py
[2022-12-21 21:48:59,715] {logging_mixin.py:115} INFO - [2022-12-21 21:48:59,715] {dag.py:2379} INFO - Sync 1 DAGs
[2022-12-21 21:48:59,737] {logging_mixin.py:115} INFO - [2022-12-21 21:48:59,737] {dag.py:2927} INFO - Setting next_dagrun for example_skip_dag to 2022-12-21T00:48:59.737284+00:00, run_after=2022-12-22T00:48:59.737284+00:00
[2022-12-21 21:48:59,960] {processor.py:161} INFO - Processing /home/nayara/Downloads/EngDados/ALURA/api_twitter/venv/lib/python3.9/site-packages/airflow/example_dags/example_skip_dag.py took 0.306 seconds
[2022-12-21 21:50:05,341] {processor.py:153} INFO - Started process (PID=17674) to work on /home/nayara/Downloads/EngDados/ALURA/api_twitter/venv/lib/python3.9/site-packages/airflow/example_dags/example_skip_dag.py
[2022-12-21 21:50:05,356] {processor.py:641} INFO - Processing file /home/nayara/Downloads/EngDados/ALURA/api_twitter/venv/lib/python3.9/site-packages/airflow/example_dags/example_skip_dag.py for tasks to queue
[2022-12-21 21:50:05,358] {logging_mixin.py:115} INFO - [2022-12-21 21:50:05,357] {dagbag.py:507} INFO - Filling up the DagBag from /home/nayara/Downloads/EngDados/ALURA/api_twitter/venv/lib/python3.9/site-packages/airflow/example_dags/example_skip_dag.py
[2022-12-21 21:50:05,379] {processor.py:651} INFO - DAG(s) dict_keys(['example_skip_dag']) retrieved from /home/nayara/Downloads/EngDados/ALURA/api_twitter/venv/lib/python3.9/site-packages/airflow/example_dags/example_skip_dag.py
[2022-12-21 21:50:05,446] {logging_mixin.py:115} INFO - [2022-12-21 21:50:05,446] {dag.py:2379} INFO - Sync 1 DAGs
[2022-12-21 21:50:05,471] {logging_mixin.py:115} INFO - [2022-12-21 21:50:05,471] {dag.py:2927} INFO - Setting next_dagrun for example_skip_dag to 2022-12-21T00:50:05.471091+00:00, run_after=2022-12-22T00:50:05.471091+00:00
[2022-12-21 21:50:05,771] {processor.py:161} INFO - Processing /home/nayara/Downloads/EngDados/ALURA/api_twitter/venv/lib/python3.9/site-packages/airflow/example_dags/example_skip_dag.py took 0.442 seconds
[2022-12-21 21:50:46,196] {processor.py:153} INFO - Started process (PID=17795) to work on /home/nayara/Downloads/EngDados/ALURA/api_twitter/venv/lib/python3.9/site-packages/airflow/example_dags/example_skip_dag.py
[2022-12-21 21:50:46,214] {processor.py:641} INFO - Processing file /home/nayara/Downloads/EngDados/ALURA/api_twitter/venv/lib/python3.9/site-packages/airflow/example_dags/example_skip_dag.py for tasks to queue
[2022-12-21 21:50:46,217] {logging_mixin.py:115} INFO - [2022-12-21 21:50:46,217] {dagbag.py:507} INFO - Filling up the DagBag from /home/nayara/Downloads/EngDados/ALURA/api_twitter/venv/lib/python3.9/site-packages/airflow/example_dags/example_skip_dag.py
[2022-12-21 21:50:46,244] {processor.py:651} INFO - DAG(s) dict_keys(['example_skip_dag']) retrieved from /home/nayara/Downloads/EngDados/ALURA/api_twitter/venv/lib/python3.9/site-packages/airflow/example_dags/example_skip_dag.py
[2022-12-21 21:50:46,273] {logging_mixin.py:115} INFO - [2022-12-21 21:50:46,273] {dag.py:2379} INFO - Sync 1 DAGs
[2022-12-21 21:50:46,297] {logging_mixin.py:115} INFO - [2022-12-21 21:50:46,297] {dag.py:2927} INFO - Setting next_dagrun for example_skip_dag to 2022-12-21T00:50:46.297267+00:00, run_after=2022-12-22T00:50:46.297267+00:00
[2022-12-21 21:50:46,691] {processor.py:161} INFO - Processing /home/nayara/Downloads/EngDados/ALURA/api_twitter/venv/lib/python3.9/site-packages/airflow/example_dags/example_skip_dag.py took 0.514 seconds
[2022-12-21 21:51:24,596] {processor.py:153} INFO - Started process (PID=17879) to work on /home/nayara/Downloads/EngDados/ALURA/api_twitter/venv/lib/python3.9/site-packages/airflow/example_dags/example_skip_dag.py
[2022-12-21 21:51:24,597] {processor.py:641} INFO - Processing file /home/nayara/Downloads/EngDados/ALURA/api_twitter/venv/lib/python3.9/site-packages/airflow/example_dags/example_skip_dag.py for tasks to queue
[2022-12-21 21:51:24,598] {logging_mixin.py:115} INFO - [2022-12-21 21:51:24,598] {dagbag.py:507} INFO - Filling up the DagBag from /home/nayara/Downloads/EngDados/ALURA/api_twitter/venv/lib/python3.9/site-packages/airflow/example_dags/example_skip_dag.py
[2022-12-21 21:51:24,604] {processor.py:651} INFO - DAG(s) dict_keys(['example_skip_dag']) retrieved from /home/nayara/Downloads/EngDados/ALURA/api_twitter/venv/lib/python3.9/site-packages/airflow/example_dags/example_skip_dag.py
[2022-12-21 21:51:24,625] {logging_mixin.py:115} INFO - [2022-12-21 21:51:24,625] {dag.py:2379} INFO - Sync 1 DAGs
[2022-12-21 21:51:24,647] {logging_mixin.py:115} INFO - [2022-12-21 21:51:24,646] {dag.py:2927} INFO - Setting next_dagrun for example_skip_dag to 2022-12-21T00:51:24.646642+00:00, run_after=2022-12-22T00:51:24.646642+00:00
[2022-12-21 21:51:24,980] {processor.py:161} INFO - Processing /home/nayara/Downloads/EngDados/ALURA/api_twitter/venv/lib/python3.9/site-packages/airflow/example_dags/example_skip_dag.py took 0.387 seconds
[2022-12-21 21:52:10,948] {processor.py:153} INFO - Started process (PID=17969) to work on /home/nayara/Downloads/EngDados/ALURA/api_twitter/venv/lib/python3.9/site-packages/airflow/example_dags/example_skip_dag.py
[2022-12-21 21:52:10,949] {processor.py:641} INFO - Processing file /home/nayara/Downloads/EngDados/ALURA/api_twitter/venv/lib/python3.9/site-packages/airflow/example_dags/example_skip_dag.py for tasks to queue
[2022-12-21 21:52:10,950] {logging_mixin.py:115} INFO - [2022-12-21 21:52:10,950] {dagbag.py:507} INFO - Filling up the DagBag from /home/nayara/Downloads/EngDados/ALURA/api_twitter/venv/lib/python3.9/site-packages/airflow/example_dags/example_skip_dag.py
[2022-12-21 21:52:10,958] {processor.py:651} INFO - DAG(s) dict_keys(['example_skip_dag']) retrieved from /home/nayara/Downloads/EngDados/ALURA/api_twitter/venv/lib/python3.9/site-packages/airflow/example_dags/example_skip_dag.py
[2022-12-21 21:52:10,987] {logging_mixin.py:115} INFO - [2022-12-21 21:52:10,986] {dag.py:2379} INFO - Sync 1 DAGs
[2022-12-21 21:52:11,011] {logging_mixin.py:115} INFO - [2022-12-21 21:52:11,011] {dag.py:2927} INFO - Setting next_dagrun for example_skip_dag to 2022-12-21T00:52:11.010849+00:00, run_after=2022-12-22T00:52:11.010849+00:00
[2022-12-21 21:52:11,287] {processor.py:161} INFO - Processing /home/nayara/Downloads/EngDados/ALURA/api_twitter/venv/lib/python3.9/site-packages/airflow/example_dags/example_skip_dag.py took 0.344 seconds
[2022-12-21 21:52:53,150] {processor.py:153} INFO - Started process (PID=18192) to work on /home/nayara/Downloads/EngDados/ALURA/api_twitter/venv/lib/python3.9/site-packages/airflow/example_dags/example_skip_dag.py
[2022-12-21 21:52:53,186] {processor.py:641} INFO - Processing file /home/nayara/Downloads/EngDados/ALURA/api_twitter/venv/lib/python3.9/site-packages/airflow/example_dags/example_skip_dag.py for tasks to queue
[2022-12-21 21:52:53,189] {logging_mixin.py:115} INFO - [2022-12-21 21:52:53,188] {dagbag.py:507} INFO - Filling up the DagBag from /home/nayara/Downloads/EngDados/ALURA/api_twitter/venv/lib/python3.9/site-packages/airflow/example_dags/example_skip_dag.py
[2022-12-21 21:52:53,200] {processor.py:651} INFO - DAG(s) dict_keys(['example_skip_dag']) retrieved from /home/nayara/Downloads/EngDados/ALURA/api_twitter/venv/lib/python3.9/site-packages/airflow/example_dags/example_skip_dag.py
[2022-12-21 21:52:53,231] {logging_mixin.py:115} INFO - [2022-12-21 21:52:53,231] {dag.py:2379} INFO - Sync 1 DAGs
[2022-12-21 21:52:53,259] {logging_mixin.py:115} INFO - [2022-12-21 21:52:53,259] {dag.py:2927} INFO - Setting next_dagrun for example_skip_dag to 2022-12-21T00:52:53.258455+00:00, run_after=2022-12-22T00:52:53.258455+00:00
[2022-12-21 21:52:53,625] {processor.py:161} INFO - Processing /home/nayara/Downloads/EngDados/ALURA/api_twitter/venv/lib/python3.9/site-packages/airflow/example_dags/example_skip_dag.py took 0.479 seconds
[2022-12-21 21:53:39,257] {processor.py:153} INFO - Started process (PID=18249) to work on /home/nayara/Downloads/EngDados/ALURA/api_twitter/venv/lib/python3.9/site-packages/airflow/example_dags/example_skip_dag.py
[2022-12-21 21:53:39,259] {processor.py:641} INFO - Processing file /home/nayara/Downloads/EngDados/ALURA/api_twitter/venv/lib/python3.9/site-packages/airflow/example_dags/example_skip_dag.py for tasks to queue
[2022-12-21 21:53:39,260] {logging_mixin.py:115} INFO - [2022-12-21 21:53:39,260] {dagbag.py:507} INFO - Filling up the DagBag from /home/nayara/Downloads/EngDados/ALURA/api_twitter/venv/lib/python3.9/site-packages/airflow/example_dags/example_skip_dag.py
[2022-12-21 21:53:39,272] {processor.py:651} INFO - DAG(s) dict_keys(['example_skip_dag']) retrieved from /home/nayara/Downloads/EngDados/ALURA/api_twitter/venv/lib/python3.9/site-packages/airflow/example_dags/example_skip_dag.py
[2022-12-21 21:53:39,308] {logging_mixin.py:115} INFO - [2022-12-21 21:53:39,308] {dag.py:2379} INFO - Sync 1 DAGs
[2022-12-21 21:53:39,338] {logging_mixin.py:115} INFO - [2022-12-21 21:53:39,338] {dag.py:2927} INFO - Setting next_dagrun for example_skip_dag to 2022-12-21T00:53:39.338007+00:00, run_after=2022-12-22T00:53:39.338007+00:00
[2022-12-21 21:53:39,735] {processor.py:161} INFO - Processing /home/nayara/Downloads/EngDados/ALURA/api_twitter/venv/lib/python3.9/site-packages/airflow/example_dags/example_skip_dag.py took 0.485 seconds
[2022-12-21 21:54:14,447] {processor.py:153} INFO - Started process (PID=18380) to work on /home/nayara/Downloads/EngDados/ALURA/api_twitter/venv/lib/python3.9/site-packages/airflow/example_dags/example_skip_dag.py
[2022-12-21 21:54:14,449] {processor.py:641} INFO - Processing file /home/nayara/Downloads/EngDados/ALURA/api_twitter/venv/lib/python3.9/site-packages/airflow/example_dags/example_skip_dag.py for tasks to queue
[2022-12-21 21:54:14,450] {logging_mixin.py:115} INFO - [2022-12-21 21:54:14,450] {dagbag.py:507} INFO - Filling up the DagBag from /home/nayara/Downloads/EngDados/ALURA/api_twitter/venv/lib/python3.9/site-packages/airflow/example_dags/example_skip_dag.py
[2022-12-21 21:54:14,458] {processor.py:651} INFO - DAG(s) dict_keys(['example_skip_dag']) retrieved from /home/nayara/Downloads/EngDados/ALURA/api_twitter/venv/lib/python3.9/site-packages/airflow/example_dags/example_skip_dag.py
[2022-12-21 21:54:14,480] {logging_mixin.py:115} INFO - [2022-12-21 21:54:14,480] {dag.py:2379} INFO - Sync 1 DAGs
[2022-12-21 21:54:14,502] {logging_mixin.py:115} INFO - [2022-12-21 21:54:14,502] {dag.py:2927} INFO - Setting next_dagrun for example_skip_dag to 2022-12-21T00:54:14.501998+00:00, run_after=2022-12-22T00:54:14.501998+00:00
[2022-12-21 21:54:14,773] {processor.py:161} INFO - Processing /home/nayara/Downloads/EngDados/ALURA/api_twitter/venv/lib/python3.9/site-packages/airflow/example_dags/example_skip_dag.py took 0.338 seconds
[2022-12-21 21:55:06,384] {processor.py:153} INFO - Started process (PID=18475) to work on /home/nayara/Downloads/EngDados/ALURA/api_twitter/venv/lib/python3.9/site-packages/airflow/example_dags/example_skip_dag.py
[2022-12-21 21:55:06,385] {processor.py:641} INFO - Processing file /home/nayara/Downloads/EngDados/ALURA/api_twitter/venv/lib/python3.9/site-packages/airflow/example_dags/example_skip_dag.py for tasks to queue
[2022-12-21 21:55:06,386] {logging_mixin.py:115} INFO - [2022-12-21 21:55:06,386] {dagbag.py:507} INFO - Filling up the DagBag from /home/nayara/Downloads/EngDados/ALURA/api_twitter/venv/lib/python3.9/site-packages/airflow/example_dags/example_skip_dag.py
[2022-12-21 21:55:06,394] {processor.py:651} INFO - DAG(s) dict_keys(['example_skip_dag']) retrieved from /home/nayara/Downloads/EngDados/ALURA/api_twitter/venv/lib/python3.9/site-packages/airflow/example_dags/example_skip_dag.py
[2022-12-21 21:55:06,415] {logging_mixin.py:115} INFO - [2022-12-21 21:55:06,415] {dag.py:2379} INFO - Sync 1 DAGs
[2022-12-21 21:55:06,438] {logging_mixin.py:115} INFO - [2022-12-21 21:55:06,437] {dag.py:2927} INFO - Setting next_dagrun for example_skip_dag to 2022-12-21T00:55:06.437400+00:00, run_after=2022-12-22T00:55:06.437400+00:00
[2022-12-21 21:55:06,724] {processor.py:161} INFO - Processing /home/nayara/Downloads/EngDados/ALURA/api_twitter/venv/lib/python3.9/site-packages/airflow/example_dags/example_skip_dag.py took 0.348 seconds
