[2022-12-21 21:36:31,936] {processor.py:153} INFO - Started process (PID=15553) to work on /home/nayara/Downloads/EngDados/ALURA/api_twitter/venv/lib/python3.9/site-packages/airflow/example_dags/example_time_delta_sensor_async.py
[2022-12-21 21:36:31,937] {processor.py:641} INFO - Processing file /home/nayara/Downloads/EngDados/ALURA/api_twitter/venv/lib/python3.9/site-packages/airflow/example_dags/example_time_delta_sensor_async.py for tasks to queue
[2022-12-21 21:36:31,938] {logging_mixin.py:115} INFO - [2022-12-21 21:36:31,938] {dagbag.py:507} INFO - Filling up the DagBag from /home/nayara/Downloads/EngDados/ALURA/api_twitter/venv/lib/python3.9/site-packages/airflow/example_dags/example_time_delta_sensor_async.py
[2022-12-21 21:36:32,035] {processor.py:651} INFO - DAG(s) dict_keys(['example_time_delta_sensor_async']) retrieved from /home/nayara/Downloads/EngDados/ALURA/api_twitter/venv/lib/python3.9/site-packages/airflow/example_dags/example_time_delta_sensor_async.py
[2022-12-21 21:36:32,608] {logging_mixin.py:115} INFO - [2022-12-21 21:36:32,607] {manager.py:508} INFO - Created Permission View: can read on DAG:example_time_delta_sensor_async
[2022-12-21 21:36:32,792] {logging_mixin.py:115} INFO - [2022-12-21 21:36:32,792] {manager.py:508} INFO - Created Permission View: can delete on DAG:example_time_delta_sensor_async
[2022-12-21 21:36:32,989] {logging_mixin.py:115} INFO - [2022-12-21 21:36:32,989] {manager.py:508} INFO - Created Permission View: can edit on DAG:example_time_delta_sensor_async
[2022-12-21 21:36:32,990] {logging_mixin.py:115} INFO - [2022-12-21 21:36:32,990] {dag.py:2379} INFO - Sync 1 DAGs
[2022-12-21 21:36:33,018] {logging_mixin.py:115} INFO - [2022-12-21 21:36:33,018] {dag.py:2398} INFO - Creating ORM DAG for example_time_delta_sensor_async
[2022-12-21 21:36:33,297] {logging_mixin.py:115} INFO - [2022-12-21 21:36:33,297] {dag.py:2927} INFO - Setting next_dagrun for example_time_delta_sensor_async to None, run_after=None
[2022-12-21 21:36:33,624] {processor.py:161} INFO - Processing /home/nayara/Downloads/EngDados/ALURA/api_twitter/venv/lib/python3.9/site-packages/airflow/example_dags/example_time_delta_sensor_async.py took 1.694 seconds
[2022-12-21 21:38:27,055] {processor.py:153} INFO - Started process (PID=16181) to work on /home/nayara/Downloads/EngDados/ALURA/api_twitter/venv/lib/python3.9/site-packages/airflow/example_dags/example_time_delta_sensor_async.py
[2022-12-21 21:38:27,074] {processor.py:641} INFO - Processing file /home/nayara/Downloads/EngDados/ALURA/api_twitter/venv/lib/python3.9/site-packages/airflow/example_dags/example_time_delta_sensor_async.py for tasks to queue
[2022-12-21 21:38:27,077] {logging_mixin.py:115} INFO - [2022-12-21 21:38:27,076] {dagbag.py:507} INFO - Filling up the DagBag from /home/nayara/Downloads/EngDados/ALURA/api_twitter/venv/lib/python3.9/site-packages/airflow/example_dags/example_time_delta_sensor_async.py
[2022-12-21 21:38:27,184] {processor.py:651} INFO - DAG(s) dict_keys(['example_time_delta_sensor_async']) retrieved from /home/nayara/Downloads/EngDados/ALURA/api_twitter/venv/lib/python3.9/site-packages/airflow/example_dags/example_time_delta_sensor_async.py
[2022-12-21 21:38:30,666] {logging_mixin.py:115} INFO - [2022-12-21 21:38:30,665] {dag.py:2379} INFO - Sync 1 DAGs
[2022-12-21 21:38:30,744] {logging_mixin.py:115} INFO - [2022-12-21 21:38:30,743] {dag.py:2927} INFO - Setting next_dagrun for example_time_delta_sensor_async to None, run_after=None
[2022-12-21 21:38:31,794] {processor.py:161} INFO - Processing /home/nayara/Downloads/EngDados/ALURA/api_twitter/venv/lib/python3.9/site-packages/airflow/example_dags/example_time_delta_sensor_async.py took 4.742 seconds
[2022-12-21 21:39:19,283] {processor.py:153} INFO - Started process (PID=16250) to work on /home/nayara/Downloads/EngDados/ALURA/api_twitter/venv/lib/python3.9/site-packages/airflow/example_dags/example_time_delta_sensor_async.py
[2022-12-21 21:39:19,300] {processor.py:641} INFO - Processing file /home/nayara/Downloads/EngDados/ALURA/api_twitter/venv/lib/python3.9/site-packages/airflow/example_dags/example_time_delta_sensor_async.py for tasks to queue
[2022-12-21 21:39:19,301] {logging_mixin.py:115} INFO - [2022-12-21 21:39:19,301] {dagbag.py:507} INFO - Filling up the DagBag from /home/nayara/Downloads/EngDados/ALURA/api_twitter/venv/lib/python3.9/site-packages/airflow/example_dags/example_time_delta_sensor_async.py
[2022-12-21 21:39:19,320] {processor.py:651} INFO - DAG(s) dict_keys(['example_time_delta_sensor_async']) retrieved from /home/nayara/Downloads/EngDados/ALURA/api_twitter/venv/lib/python3.9/site-packages/airflow/example_dags/example_time_delta_sensor_async.py
[2022-12-21 21:39:19,378] {logging_mixin.py:115} INFO - [2022-12-21 21:39:19,378] {dag.py:2379} INFO - Sync 1 DAGs
[2022-12-21 21:39:19,405] {logging_mixin.py:115} INFO - [2022-12-21 21:39:19,405] {dag.py:2927} INFO - Setting next_dagrun for example_time_delta_sensor_async to None, run_after=None
[2022-12-21 21:39:19,609] {processor.py:161} INFO - Processing /home/nayara/Downloads/EngDados/ALURA/api_twitter/venv/lib/python3.9/site-packages/airflow/example_dags/example_time_delta_sensor_async.py took 0.336 seconds
[2022-12-21 21:40:07,459] {processor.py:153} INFO - Started process (PID=16318) to work on /home/nayara/Downloads/EngDados/ALURA/api_twitter/venv/lib/python3.9/site-packages/airflow/example_dags/example_time_delta_sensor_async.py
[2022-12-21 21:40:07,460] {processor.py:641} INFO - Processing file /home/nayara/Downloads/EngDados/ALURA/api_twitter/venv/lib/python3.9/site-packages/airflow/example_dags/example_time_delta_sensor_async.py for tasks to queue
[2022-12-21 21:40:07,461] {logging_mixin.py:115} INFO - [2022-12-21 21:40:07,461] {dagbag.py:507} INFO - Filling up the DagBag from /home/nayara/Downloads/EngDados/ALURA/api_twitter/venv/lib/python3.9/site-packages/airflow/example_dags/example_time_delta_sensor_async.py
[2022-12-21 21:40:07,473] {processor.py:651} INFO - DAG(s) dict_keys(['example_time_delta_sensor_async']) retrieved from /home/nayara/Downloads/EngDados/ALURA/api_twitter/venv/lib/python3.9/site-packages/airflow/example_dags/example_time_delta_sensor_async.py
[2022-12-21 21:40:07,508] {logging_mixin.py:115} INFO - [2022-12-21 21:40:07,508] {dag.py:2379} INFO - Sync 1 DAGs
[2022-12-21 21:40:07,530] {logging_mixin.py:115} INFO - [2022-12-21 21:40:07,530] {dag.py:2927} INFO - Setting next_dagrun for example_time_delta_sensor_async to None, run_after=None
[2022-12-21 21:40:07,868] {processor.py:161} INFO - Processing /home/nayara/Downloads/EngDados/ALURA/api_twitter/venv/lib/python3.9/site-packages/airflow/example_dags/example_time_delta_sensor_async.py took 0.414 seconds
[2022-12-21 21:40:48,787] {processor.py:153} INFO - Started process (PID=16394) to work on /home/nayara/Downloads/EngDados/ALURA/api_twitter/venv/lib/python3.9/site-packages/airflow/example_dags/example_time_delta_sensor_async.py
[2022-12-21 21:40:48,789] {processor.py:641} INFO - Processing file /home/nayara/Downloads/EngDados/ALURA/api_twitter/venv/lib/python3.9/site-packages/airflow/example_dags/example_time_delta_sensor_async.py for tasks to queue
[2022-12-21 21:40:48,790] {logging_mixin.py:115} INFO - [2022-12-21 21:40:48,790] {dagbag.py:507} INFO - Filling up the DagBag from /home/nayara/Downloads/EngDados/ALURA/api_twitter/venv/lib/python3.9/site-packages/airflow/example_dags/example_time_delta_sensor_async.py
[2022-12-21 21:40:48,800] {processor.py:651} INFO - DAG(s) dict_keys(['example_time_delta_sensor_async']) retrieved from /home/nayara/Downloads/EngDados/ALURA/api_twitter/venv/lib/python3.9/site-packages/airflow/example_dags/example_time_delta_sensor_async.py
[2022-12-21 21:40:48,844] {logging_mixin.py:115} INFO - [2022-12-21 21:40:48,843] {dag.py:2379} INFO - Sync 1 DAGs
[2022-12-21 21:40:48,870] {logging_mixin.py:115} INFO - [2022-12-21 21:40:48,870] {dag.py:2927} INFO - Setting next_dagrun for example_time_delta_sensor_async to None, run_after=None
[2022-12-21 21:40:49,259] {processor.py:161} INFO - Processing /home/nayara/Downloads/EngDados/ALURA/api_twitter/venv/lib/python3.9/site-packages/airflow/example_dags/example_time_delta_sensor_async.py took 0.477 seconds
[2022-12-21 21:41:38,972] {processor.py:153} INFO - Started process (PID=16496) to work on /home/nayara/Downloads/EngDados/ALURA/api_twitter/venv/lib/python3.9/site-packages/airflow/example_dags/example_time_delta_sensor_async.py
[2022-12-21 21:41:39,018] {processor.py:641} INFO - Processing file /home/nayara/Downloads/EngDados/ALURA/api_twitter/venv/lib/python3.9/site-packages/airflow/example_dags/example_time_delta_sensor_async.py for tasks to queue
[2022-12-21 21:41:39,020] {logging_mixin.py:115} INFO - [2022-12-21 21:41:39,020] {dagbag.py:507} INFO - Filling up the DagBag from /home/nayara/Downloads/EngDados/ALURA/api_twitter/venv/lib/python3.9/site-packages/airflow/example_dags/example_time_delta_sensor_async.py
[2022-12-21 21:41:39,051] {processor.py:651} INFO - DAG(s) dict_keys(['example_time_delta_sensor_async']) retrieved from /home/nayara/Downloads/EngDados/ALURA/api_twitter/venv/lib/python3.9/site-packages/airflow/example_dags/example_time_delta_sensor_async.py
[2022-12-21 21:41:39,118] {logging_mixin.py:115} INFO - [2022-12-21 21:41:39,118] {dag.py:2379} INFO - Sync 1 DAGs
[2022-12-21 21:41:39,143] {logging_mixin.py:115} INFO - [2022-12-21 21:41:39,143] {dag.py:2927} INFO - Setting next_dagrun for example_time_delta_sensor_async to None, run_after=None
[2022-12-21 21:41:39,596] {processor.py:161} INFO - Processing /home/nayara/Downloads/EngDados/ALURA/api_twitter/venv/lib/python3.9/site-packages/airflow/example_dags/example_time_delta_sensor_async.py took 0.640 seconds
[2022-12-21 21:42:28,338] {processor.py:153} INFO - Started process (PID=16576) to work on /home/nayara/Downloads/EngDados/ALURA/api_twitter/venv/lib/python3.9/site-packages/airflow/example_dags/example_time_delta_sensor_async.py
[2022-12-21 21:42:28,406] {processor.py:641} INFO - Processing file /home/nayara/Downloads/EngDados/ALURA/api_twitter/venv/lib/python3.9/site-packages/airflow/example_dags/example_time_delta_sensor_async.py for tasks to queue
[2022-12-21 21:42:28,410] {logging_mixin.py:115} INFO - [2022-12-21 21:42:28,410] {dagbag.py:507} INFO - Filling up the DagBag from /home/nayara/Downloads/EngDados/ALURA/api_twitter/venv/lib/python3.9/site-packages/airflow/example_dags/example_time_delta_sensor_async.py
[2022-12-21 21:42:28,445] {processor.py:651} INFO - DAG(s) dict_keys(['example_time_delta_sensor_async']) retrieved from /home/nayara/Downloads/EngDados/ALURA/api_twitter/venv/lib/python3.9/site-packages/airflow/example_dags/example_time_delta_sensor_async.py
[2022-12-21 21:42:28,483] {logging_mixin.py:115} INFO - [2022-12-21 21:42:28,483] {dag.py:2379} INFO - Sync 1 DAGs
[2022-12-21 21:42:28,509] {logging_mixin.py:115} INFO - [2022-12-21 21:42:28,509] {dag.py:2927} INFO - Setting next_dagrun for example_time_delta_sensor_async to None, run_after=None
[2022-12-21 21:42:28,890] {processor.py:161} INFO - Processing /home/nayara/Downloads/EngDados/ALURA/api_twitter/venv/lib/python3.9/site-packages/airflow/example_dags/example_time_delta_sensor_async.py took 0.560 seconds
[2022-12-21 21:43:10,804] {processor.py:153} INFO - Started process (PID=16620) to work on /home/nayara/Downloads/EngDados/ALURA/api_twitter/venv/lib/python3.9/site-packages/airflow/example_dags/example_time_delta_sensor_async.py
[2022-12-21 21:43:10,838] {processor.py:641} INFO - Processing file /home/nayara/Downloads/EngDados/ALURA/api_twitter/venv/lib/python3.9/site-packages/airflow/example_dags/example_time_delta_sensor_async.py for tasks to queue
[2022-12-21 21:43:10,840] {logging_mixin.py:115} INFO - [2022-12-21 21:43:10,840] {dagbag.py:507} INFO - Filling up the DagBag from /home/nayara/Downloads/EngDados/ALURA/api_twitter/venv/lib/python3.9/site-packages/airflow/example_dags/example_time_delta_sensor_async.py
[2022-12-21 21:43:10,866] {processor.py:651} INFO - DAG(s) dict_keys(['example_time_delta_sensor_async']) retrieved from /home/nayara/Downloads/EngDados/ALURA/api_twitter/venv/lib/python3.9/site-packages/airflow/example_dags/example_time_delta_sensor_async.py
[2022-12-21 21:43:10,906] {logging_mixin.py:115} INFO - [2022-12-21 21:43:10,906] {dag.py:2379} INFO - Sync 1 DAGs
[2022-12-21 21:43:10,933] {logging_mixin.py:115} INFO - [2022-12-21 21:43:10,933] {dag.py:2927} INFO - Setting next_dagrun for example_time_delta_sensor_async to None, run_after=None
[2022-12-21 21:43:11,336] {processor.py:161} INFO - Processing /home/nayara/Downloads/EngDados/ALURA/api_twitter/venv/lib/python3.9/site-packages/airflow/example_dags/example_time_delta_sensor_async.py took 0.549 seconds
[2022-12-21 21:43:57,117] {processor.py:153} INFO - Started process (PID=16695) to work on /home/nayara/Downloads/EngDados/ALURA/api_twitter/venv/lib/python3.9/site-packages/airflow/example_dags/example_time_delta_sensor_async.py
[2022-12-21 21:43:57,119] {processor.py:641} INFO - Processing file /home/nayara/Downloads/EngDados/ALURA/api_twitter/venv/lib/python3.9/site-packages/airflow/example_dags/example_time_delta_sensor_async.py for tasks to queue
[2022-12-21 21:43:57,121] {logging_mixin.py:115} INFO - [2022-12-21 21:43:57,120] {dagbag.py:507} INFO - Filling up the DagBag from /home/nayara/Downloads/EngDados/ALURA/api_twitter/venv/lib/python3.9/site-packages/airflow/example_dags/example_time_delta_sensor_async.py
[2022-12-21 21:43:57,130] {processor.py:651} INFO - DAG(s) dict_keys(['example_time_delta_sensor_async']) retrieved from /home/nayara/Downloads/EngDados/ALURA/api_twitter/venv/lib/python3.9/site-packages/airflow/example_dags/example_time_delta_sensor_async.py
[2022-12-21 21:43:57,158] {logging_mixin.py:115} INFO - [2022-12-21 21:43:57,158] {dag.py:2379} INFO - Sync 1 DAGs
[2022-12-21 21:43:57,179] {logging_mixin.py:115} INFO - [2022-12-21 21:43:57,179] {dag.py:2927} INFO - Setting next_dagrun for example_time_delta_sensor_async to None, run_after=None
[2022-12-21 21:43:57,387] {processor.py:161} INFO - Processing /home/nayara/Downloads/EngDados/ALURA/api_twitter/venv/lib/python3.9/site-packages/airflow/example_dags/example_time_delta_sensor_async.py took 0.283 seconds
[2022-12-21 21:44:42,635] {processor.py:153} INFO - Started process (PID=16747) to work on /home/nayara/Downloads/EngDados/ALURA/api_twitter/venv/lib/python3.9/site-packages/airflow/example_dags/example_time_delta_sensor_async.py
[2022-12-21 21:44:42,638] {processor.py:641} INFO - Processing file /home/nayara/Downloads/EngDados/ALURA/api_twitter/venv/lib/python3.9/site-packages/airflow/example_dags/example_time_delta_sensor_async.py for tasks to queue
[2022-12-21 21:44:42,640] {logging_mixin.py:115} INFO - [2022-12-21 21:44:42,640] {dagbag.py:507} INFO - Filling up the DagBag from /home/nayara/Downloads/EngDados/ALURA/api_twitter/venv/lib/python3.9/site-packages/airflow/example_dags/example_time_delta_sensor_async.py
[2022-12-21 21:44:42,654] {processor.py:651} INFO - DAG(s) dict_keys(['example_time_delta_sensor_async']) retrieved from /home/nayara/Downloads/EngDados/ALURA/api_twitter/venv/lib/python3.9/site-packages/airflow/example_dags/example_time_delta_sensor_async.py
[2022-12-21 21:44:42,693] {logging_mixin.py:115} INFO - [2022-12-21 21:44:42,693] {dag.py:2379} INFO - Sync 1 DAGs
[2022-12-21 21:44:42,720] {logging_mixin.py:115} INFO - [2022-12-21 21:44:42,720] {dag.py:2927} INFO - Setting next_dagrun for example_time_delta_sensor_async to None, run_after=None
[2022-12-21 21:44:43,054] {processor.py:161} INFO - Processing /home/nayara/Downloads/EngDados/ALURA/api_twitter/venv/lib/python3.9/site-packages/airflow/example_dags/example_time_delta_sensor_async.py took 0.437 seconds
[2022-12-21 21:45:22,879] {processor.py:153} INFO - Started process (PID=16821) to work on /home/nayara/Downloads/EngDados/ALURA/api_twitter/venv/lib/python3.9/site-packages/airflow/example_dags/example_time_delta_sensor_async.py
[2022-12-21 21:45:22,882] {processor.py:641} INFO - Processing file /home/nayara/Downloads/EngDados/ALURA/api_twitter/venv/lib/python3.9/site-packages/airflow/example_dags/example_time_delta_sensor_async.py for tasks to queue
[2022-12-21 21:45:22,886] {logging_mixin.py:115} INFO - [2022-12-21 21:45:22,885] {dagbag.py:507} INFO - Filling up the DagBag from /home/nayara/Downloads/EngDados/ALURA/api_twitter/venv/lib/python3.9/site-packages/airflow/example_dags/example_time_delta_sensor_async.py
[2022-12-21 21:45:22,916] {processor.py:651} INFO - DAG(s) dict_keys(['example_time_delta_sensor_async']) retrieved from /home/nayara/Downloads/EngDados/ALURA/api_twitter/venv/lib/python3.9/site-packages/airflow/example_dags/example_time_delta_sensor_async.py
[2022-12-21 21:45:22,956] {logging_mixin.py:115} INFO - [2022-12-21 21:45:22,956] {dag.py:2379} INFO - Sync 1 DAGs
[2022-12-21 21:45:22,983] {logging_mixin.py:115} INFO - [2022-12-21 21:45:22,983] {dag.py:2927} INFO - Setting next_dagrun for example_time_delta_sensor_async to None, run_after=None
[2022-12-21 21:45:23,551] {processor.py:161} INFO - Processing /home/nayara/Downloads/EngDados/ALURA/api_twitter/venv/lib/python3.9/site-packages/airflow/example_dags/example_time_delta_sensor_async.py took 0.689 seconds
[2022-12-21 21:46:03,506] {processor.py:153} INFO - Started process (PID=16918) to work on /home/nayara/Downloads/EngDados/ALURA/api_twitter/venv/lib/python3.9/site-packages/airflow/example_dags/example_time_delta_sensor_async.py
[2022-12-21 21:46:03,507] {processor.py:641} INFO - Processing file /home/nayara/Downloads/EngDados/ALURA/api_twitter/venv/lib/python3.9/site-packages/airflow/example_dags/example_time_delta_sensor_async.py for tasks to queue
[2022-12-21 21:46:03,508] {logging_mixin.py:115} INFO - [2022-12-21 21:46:03,508] {dagbag.py:507} INFO - Filling up the DagBag from /home/nayara/Downloads/EngDados/ALURA/api_twitter/venv/lib/python3.9/site-packages/airflow/example_dags/example_time_delta_sensor_async.py
[2022-12-21 21:46:03,515] {processor.py:651} INFO - DAG(s) dict_keys(['example_time_delta_sensor_async']) retrieved from /home/nayara/Downloads/EngDados/ALURA/api_twitter/venv/lib/python3.9/site-packages/airflow/example_dags/example_time_delta_sensor_async.py
[2022-12-21 21:46:03,545] {logging_mixin.py:115} INFO - [2022-12-21 21:46:03,545] {dag.py:2379} INFO - Sync 1 DAGs
[2022-12-21 21:46:03,573] {logging_mixin.py:115} INFO - [2022-12-21 21:46:03,573] {dag.py:2927} INFO - Setting next_dagrun for example_time_delta_sensor_async to None, run_after=None
[2022-12-21 21:46:03,904] {processor.py:161} INFO - Processing /home/nayara/Downloads/EngDados/ALURA/api_twitter/venv/lib/python3.9/site-packages/airflow/example_dags/example_time_delta_sensor_async.py took 0.402 seconds
[2022-12-21 21:46:42,468] {processor.py:153} INFO - Started process (PID=17233) to work on /home/nayara/Downloads/EngDados/ALURA/api_twitter/venv/lib/python3.9/site-packages/airflow/example_dags/example_time_delta_sensor_async.py
[2022-12-21 21:46:42,472] {processor.py:641} INFO - Processing file /home/nayara/Downloads/EngDados/ALURA/api_twitter/venv/lib/python3.9/site-packages/airflow/example_dags/example_time_delta_sensor_async.py for tasks to queue
[2022-12-21 21:46:42,475] {logging_mixin.py:115} INFO - [2022-12-21 21:46:42,475] {dagbag.py:507} INFO - Filling up the DagBag from /home/nayara/Downloads/EngDados/ALURA/api_twitter/venv/lib/python3.9/site-packages/airflow/example_dags/example_time_delta_sensor_async.py
[2022-12-21 21:46:42,507] {processor.py:651} INFO - DAG(s) dict_keys(['example_time_delta_sensor_async']) retrieved from /home/nayara/Downloads/EngDados/ALURA/api_twitter/venv/lib/python3.9/site-packages/airflow/example_dags/example_time_delta_sensor_async.py
[2022-12-21 21:46:42,559] {logging_mixin.py:115} INFO - [2022-12-21 21:46:42,559] {dag.py:2379} INFO - Sync 1 DAGs
[2022-12-21 21:46:42,597] {logging_mixin.py:115} INFO - [2022-12-21 21:46:42,597] {dag.py:2927} INFO - Setting next_dagrun for example_time_delta_sensor_async to None, run_after=None
[2022-12-21 21:46:42,839] {processor.py:161} INFO - Processing /home/nayara/Downloads/EngDados/ALURA/api_twitter/venv/lib/python3.9/site-packages/airflow/example_dags/example_time_delta_sensor_async.py took 0.388 seconds
[2022-12-21 21:47:32,649] {processor.py:153} INFO - Started process (PID=17396) to work on /home/nayara/Downloads/EngDados/ALURA/api_twitter/venv/lib/python3.9/site-packages/airflow/example_dags/example_time_delta_sensor_async.py
[2022-12-21 21:47:32,666] {processor.py:641} INFO - Processing file /home/nayara/Downloads/EngDados/ALURA/api_twitter/venv/lib/python3.9/site-packages/airflow/example_dags/example_time_delta_sensor_async.py for tasks to queue
[2022-12-21 21:47:32,667] {logging_mixin.py:115} INFO - [2022-12-21 21:47:32,667] {dagbag.py:507} INFO - Filling up the DagBag from /home/nayara/Downloads/EngDados/ALURA/api_twitter/venv/lib/python3.9/site-packages/airflow/example_dags/example_time_delta_sensor_async.py
[2022-12-21 21:47:32,679] {processor.py:651} INFO - DAG(s) dict_keys(['example_time_delta_sensor_async']) retrieved from /home/nayara/Downloads/EngDados/ALURA/api_twitter/venv/lib/python3.9/site-packages/airflow/example_dags/example_time_delta_sensor_async.py
[2022-12-21 21:47:32,732] {logging_mixin.py:115} INFO - [2022-12-21 21:47:32,732] {dag.py:2379} INFO - Sync 1 DAGs
[2022-12-21 21:47:32,767] {logging_mixin.py:115} INFO - [2022-12-21 21:47:32,767] {dag.py:2927} INFO - Setting next_dagrun for example_time_delta_sensor_async to None, run_after=None
[2022-12-21 21:47:33,246] {processor.py:161} INFO - Processing /home/nayara/Downloads/EngDados/ALURA/api_twitter/venv/lib/python3.9/site-packages/airflow/example_dags/example_time_delta_sensor_async.py took 0.605 seconds
[2022-12-21 21:48:14,657] {processor.py:153} INFO - Started process (PID=17447) to work on /home/nayara/Downloads/EngDados/ALURA/api_twitter/venv/lib/python3.9/site-packages/airflow/example_dags/example_time_delta_sensor_async.py
[2022-12-21 21:48:14,662] {processor.py:641} INFO - Processing file /home/nayara/Downloads/EngDados/ALURA/api_twitter/venv/lib/python3.9/site-packages/airflow/example_dags/example_time_delta_sensor_async.py for tasks to queue
[2022-12-21 21:48:14,664] {logging_mixin.py:115} INFO - [2022-12-21 21:48:14,664] {dagbag.py:507} INFO - Filling up the DagBag from /home/nayara/Downloads/EngDados/ALURA/api_twitter/venv/lib/python3.9/site-packages/airflow/example_dags/example_time_delta_sensor_async.py
[2022-12-21 21:48:14,676] {processor.py:651} INFO - DAG(s) dict_keys(['example_time_delta_sensor_async']) retrieved from /home/nayara/Downloads/EngDados/ALURA/api_twitter/venv/lib/python3.9/site-packages/airflow/example_dags/example_time_delta_sensor_async.py
[2022-12-21 21:48:14,737] {logging_mixin.py:115} INFO - [2022-12-21 21:48:14,737] {dag.py:2379} INFO - Sync 1 DAGs
[2022-12-21 21:48:14,780] {logging_mixin.py:115} INFO - [2022-12-21 21:48:14,779] {dag.py:2927} INFO - Setting next_dagrun for example_time_delta_sensor_async to None, run_after=None
[2022-12-21 21:48:15,289] {processor.py:161} INFO - Processing /home/nayara/Downloads/EngDados/ALURA/api_twitter/venv/lib/python3.9/site-packages/airflow/example_dags/example_time_delta_sensor_async.py took 0.637 seconds
[2022-12-21 21:48:58,196] {processor.py:153} INFO - Started process (PID=17502) to work on /home/nayara/Downloads/EngDados/ALURA/api_twitter/venv/lib/python3.9/site-packages/airflow/example_dags/example_time_delta_sensor_async.py
[2022-12-21 21:48:58,198] {processor.py:641} INFO - Processing file /home/nayara/Downloads/EngDados/ALURA/api_twitter/venv/lib/python3.9/site-packages/airflow/example_dags/example_time_delta_sensor_async.py for tasks to queue
[2022-12-21 21:48:58,200] {logging_mixin.py:115} INFO - [2022-12-21 21:48:58,200] {dagbag.py:507} INFO - Filling up the DagBag from /home/nayara/Downloads/EngDados/ALURA/api_twitter/venv/lib/python3.9/site-packages/airflow/example_dags/example_time_delta_sensor_async.py
[2022-12-21 21:48:58,215] {processor.py:651} INFO - DAG(s) dict_keys(['example_time_delta_sensor_async']) retrieved from /home/nayara/Downloads/EngDados/ALURA/api_twitter/venv/lib/python3.9/site-packages/airflow/example_dags/example_time_delta_sensor_async.py
[2022-12-21 21:48:58,245] {logging_mixin.py:115} INFO - [2022-12-21 21:48:58,245] {dag.py:2379} INFO - Sync 1 DAGs
[2022-12-21 21:48:58,269] {logging_mixin.py:115} INFO - [2022-12-21 21:48:58,269] {dag.py:2927} INFO - Setting next_dagrun for example_time_delta_sensor_async to None, run_after=None
[2022-12-21 21:48:58,461] {processor.py:161} INFO - Processing /home/nayara/Downloads/EngDados/ALURA/api_twitter/venv/lib/python3.9/site-packages/airflow/example_dags/example_time_delta_sensor_async.py took 0.285 seconds
[2022-12-21 21:50:03,722] {processor.py:153} INFO - Started process (PID=17644) to work on /home/nayara/Downloads/EngDados/ALURA/api_twitter/venv/lib/python3.9/site-packages/airflow/example_dags/example_time_delta_sensor_async.py
[2022-12-21 21:50:03,748] {processor.py:641} INFO - Processing file /home/nayara/Downloads/EngDados/ALURA/api_twitter/venv/lib/python3.9/site-packages/airflow/example_dags/example_time_delta_sensor_async.py for tasks to queue
[2022-12-21 21:50:03,749] {logging_mixin.py:115} INFO - [2022-12-21 21:50:03,749] {dagbag.py:507} INFO - Filling up the DagBag from /home/nayara/Downloads/EngDados/ALURA/api_twitter/venv/lib/python3.9/site-packages/airflow/example_dags/example_time_delta_sensor_async.py
[2022-12-21 21:50:03,791] {processor.py:651} INFO - DAG(s) dict_keys(['example_time_delta_sensor_async']) retrieved from /home/nayara/Downloads/EngDados/ALURA/api_twitter/venv/lib/python3.9/site-packages/airflow/example_dags/example_time_delta_sensor_async.py
[2022-12-21 21:50:03,822] {logging_mixin.py:115} INFO - [2022-12-21 21:50:03,821] {dag.py:2379} INFO - Sync 1 DAGs
[2022-12-21 21:50:03,844] {logging_mixin.py:115} INFO - [2022-12-21 21:50:03,844] {dag.py:2927} INFO - Setting next_dagrun for example_time_delta_sensor_async to None, run_after=None
[2022-12-21 21:50:04,081] {processor.py:161} INFO - Processing /home/nayara/Downloads/EngDados/ALURA/api_twitter/venv/lib/python3.9/site-packages/airflow/example_dags/example_time_delta_sensor_async.py took 0.367 seconds
[2022-12-21 21:50:44,600] {processor.py:153} INFO - Started process (PID=17793) to work on /home/nayara/Downloads/EngDados/ALURA/api_twitter/venv/lib/python3.9/site-packages/airflow/example_dags/example_time_delta_sensor_async.py
[2022-12-21 21:50:44,676] {processor.py:641} INFO - Processing file /home/nayara/Downloads/EngDados/ALURA/api_twitter/venv/lib/python3.9/site-packages/airflow/example_dags/example_time_delta_sensor_async.py for tasks to queue
[2022-12-21 21:50:44,678] {logging_mixin.py:115} INFO - [2022-12-21 21:50:44,678] {dagbag.py:507} INFO - Filling up the DagBag from /home/nayara/Downloads/EngDados/ALURA/api_twitter/venv/lib/python3.9/site-packages/airflow/example_dags/example_time_delta_sensor_async.py
[2022-12-21 21:50:44,702] {processor.py:651} INFO - DAG(s) dict_keys(['example_time_delta_sensor_async']) retrieved from /home/nayara/Downloads/EngDados/ALURA/api_twitter/venv/lib/python3.9/site-packages/airflow/example_dags/example_time_delta_sensor_async.py
[2022-12-21 21:50:44,775] {logging_mixin.py:115} INFO - [2022-12-21 21:50:44,775] {dag.py:2379} INFO - Sync 1 DAGs
[2022-12-21 21:50:44,799] {logging_mixin.py:115} INFO - [2022-12-21 21:50:44,799] {dag.py:2927} INFO - Setting next_dagrun for example_time_delta_sensor_async to None, run_after=None
[2022-12-21 21:50:45,082] {processor.py:161} INFO - Processing /home/nayara/Downloads/EngDados/ALURA/api_twitter/venv/lib/python3.9/site-packages/airflow/example_dags/example_time_delta_sensor_async.py took 0.486 seconds
[2022-12-21 21:51:23,632] {processor.py:153} INFO - Started process (PID=17878) to work on /home/nayara/Downloads/EngDados/ALURA/api_twitter/venv/lib/python3.9/site-packages/airflow/example_dags/example_time_delta_sensor_async.py
[2022-12-21 21:51:23,694] {processor.py:641} INFO - Processing file /home/nayara/Downloads/EngDados/ALURA/api_twitter/venv/lib/python3.9/site-packages/airflow/example_dags/example_time_delta_sensor_async.py for tasks to queue
[2022-12-21 21:51:23,696] {logging_mixin.py:115} INFO - [2022-12-21 21:51:23,696] {dagbag.py:507} INFO - Filling up the DagBag from /home/nayara/Downloads/EngDados/ALURA/api_twitter/venv/lib/python3.9/site-packages/airflow/example_dags/example_time_delta_sensor_async.py
[2022-12-21 21:51:23,720] {processor.py:651} INFO - DAG(s) dict_keys(['example_time_delta_sensor_async']) retrieved from /home/nayara/Downloads/EngDados/ALURA/api_twitter/venv/lib/python3.9/site-packages/airflow/example_dags/example_time_delta_sensor_async.py
[2022-12-21 21:51:23,752] {logging_mixin.py:115} INFO - [2022-12-21 21:51:23,752] {dag.py:2379} INFO - Sync 1 DAGs
[2022-12-21 21:51:23,773] {logging_mixin.py:115} INFO - [2022-12-21 21:51:23,773] {dag.py:2927} INFO - Setting next_dagrun for example_time_delta_sensor_async to None, run_after=None
[2022-12-21 21:51:24,065] {processor.py:161} INFO - Processing /home/nayara/Downloads/EngDados/ALURA/api_twitter/venv/lib/python3.9/site-packages/airflow/example_dags/example_time_delta_sensor_async.py took 0.444 seconds
[2022-12-21 21:52:09,318] {processor.py:153} INFO - Started process (PID=17968) to work on /home/nayara/Downloads/EngDados/ALURA/api_twitter/venv/lib/python3.9/site-packages/airflow/example_dags/example_time_delta_sensor_async.py
[2022-12-21 21:52:09,344] {processor.py:641} INFO - Processing file /home/nayara/Downloads/EngDados/ALURA/api_twitter/venv/lib/python3.9/site-packages/airflow/example_dags/example_time_delta_sensor_async.py for tasks to queue
[2022-12-21 21:52:09,345] {logging_mixin.py:115} INFO - [2022-12-21 21:52:09,345] {dagbag.py:507} INFO - Filling up the DagBag from /home/nayara/Downloads/EngDados/ALURA/api_twitter/venv/lib/python3.9/site-packages/airflow/example_dags/example_time_delta_sensor_async.py
[2022-12-21 21:52:09,355] {processor.py:651} INFO - DAG(s) dict_keys(['example_time_delta_sensor_async']) retrieved from /home/nayara/Downloads/EngDados/ALURA/api_twitter/venv/lib/python3.9/site-packages/airflow/example_dags/example_time_delta_sensor_async.py
[2022-12-21 21:52:09,386] {logging_mixin.py:115} INFO - [2022-12-21 21:52:09,386] {dag.py:2379} INFO - Sync 1 DAGs
[2022-12-21 21:52:09,407] {logging_mixin.py:115} INFO - [2022-12-21 21:52:09,407] {dag.py:2927} INFO - Setting next_dagrun for example_time_delta_sensor_async to None, run_after=None
[2022-12-21 21:52:09,627] {processor.py:161} INFO - Processing /home/nayara/Downloads/EngDados/ALURA/api_twitter/venv/lib/python3.9/site-packages/airflow/example_dags/example_time_delta_sensor_async.py took 0.321 seconds
[2022-12-21 21:52:51,599] {processor.py:153} INFO - Started process (PID=18189) to work on /home/nayara/Downloads/EngDados/ALURA/api_twitter/venv/lib/python3.9/site-packages/airflow/example_dags/example_time_delta_sensor_async.py
[2022-12-21 21:52:51,618] {processor.py:641} INFO - Processing file /home/nayara/Downloads/EngDados/ALURA/api_twitter/venv/lib/python3.9/site-packages/airflow/example_dags/example_time_delta_sensor_async.py for tasks to queue
[2022-12-21 21:52:51,619] {logging_mixin.py:115} INFO - [2022-12-21 21:52:51,619] {dagbag.py:507} INFO - Filling up the DagBag from /home/nayara/Downloads/EngDados/ALURA/api_twitter/venv/lib/python3.9/site-packages/airflow/example_dags/example_time_delta_sensor_async.py
[2022-12-21 21:52:51,626] {processor.py:651} INFO - DAG(s) dict_keys(['example_time_delta_sensor_async']) retrieved from /home/nayara/Downloads/EngDados/ALURA/api_twitter/venv/lib/python3.9/site-packages/airflow/example_dags/example_time_delta_sensor_async.py
[2022-12-21 21:52:51,654] {logging_mixin.py:115} INFO - [2022-12-21 21:52:51,654] {dag.py:2379} INFO - Sync 1 DAGs
[2022-12-21 21:52:51,677] {logging_mixin.py:115} INFO - [2022-12-21 21:52:51,677] {dag.py:2927} INFO - Setting next_dagrun for example_time_delta_sensor_async to None, run_after=None
[2022-12-21 21:52:51,887] {processor.py:161} INFO - Processing /home/nayara/Downloads/EngDados/ALURA/api_twitter/venv/lib/python3.9/site-packages/airflow/example_dags/example_time_delta_sensor_async.py took 0.292 seconds
[2022-12-21 21:53:37,397] {processor.py:153} INFO - Started process (PID=18245) to work on /home/nayara/Downloads/EngDados/ALURA/api_twitter/venv/lib/python3.9/site-packages/airflow/example_dags/example_time_delta_sensor_async.py
[2022-12-21 21:53:37,399] {processor.py:641} INFO - Processing file /home/nayara/Downloads/EngDados/ALURA/api_twitter/venv/lib/python3.9/site-packages/airflow/example_dags/example_time_delta_sensor_async.py for tasks to queue
[2022-12-21 21:53:37,399] {logging_mixin.py:115} INFO - [2022-12-21 21:53:37,399] {dagbag.py:507} INFO - Filling up the DagBag from /home/nayara/Downloads/EngDados/ALURA/api_twitter/venv/lib/python3.9/site-packages/airflow/example_dags/example_time_delta_sensor_async.py
[2022-12-21 21:53:37,407] {processor.py:651} INFO - DAG(s) dict_keys(['example_time_delta_sensor_async']) retrieved from /home/nayara/Downloads/EngDados/ALURA/api_twitter/venv/lib/python3.9/site-packages/airflow/example_dags/example_time_delta_sensor_async.py
[2022-12-21 21:53:37,455] {logging_mixin.py:115} INFO - [2022-12-21 21:53:37,455] {dag.py:2379} INFO - Sync 1 DAGs
[2022-12-21 21:53:37,497] {logging_mixin.py:115} INFO - [2022-12-21 21:53:37,496] {dag.py:2927} INFO - Setting next_dagrun for example_time_delta_sensor_async to None, run_after=None
[2022-12-21 21:53:37,718] {processor.py:161} INFO - Processing /home/nayara/Downloads/EngDados/ALURA/api_twitter/venv/lib/python3.9/site-packages/airflow/example_dags/example_time_delta_sensor_async.py took 0.329 seconds
[2022-12-21 21:54:12,888] {processor.py:153} INFO - Started process (PID=18379) to work on /home/nayara/Downloads/EngDados/ALURA/api_twitter/venv/lib/python3.9/site-packages/airflow/example_dags/example_time_delta_sensor_async.py
[2022-12-21 21:54:12,890] {processor.py:641} INFO - Processing file /home/nayara/Downloads/EngDados/ALURA/api_twitter/venv/lib/python3.9/site-packages/airflow/example_dags/example_time_delta_sensor_async.py for tasks to queue
[2022-12-21 21:54:12,891] {logging_mixin.py:115} INFO - [2022-12-21 21:54:12,891] {dagbag.py:507} INFO - Filling up the DagBag from /home/nayara/Downloads/EngDados/ALURA/api_twitter/venv/lib/python3.9/site-packages/airflow/example_dags/example_time_delta_sensor_async.py
[2022-12-21 21:54:12,901] {processor.py:651} INFO - DAG(s) dict_keys(['example_time_delta_sensor_async']) retrieved from /home/nayara/Downloads/EngDados/ALURA/api_twitter/venv/lib/python3.9/site-packages/airflow/example_dags/example_time_delta_sensor_async.py
[2022-12-21 21:54:12,933] {logging_mixin.py:115} INFO - [2022-12-21 21:54:12,933] {dag.py:2379} INFO - Sync 1 DAGs
[2022-12-21 21:54:12,959] {logging_mixin.py:115} INFO - [2022-12-21 21:54:12,959] {dag.py:2927} INFO - Setting next_dagrun for example_time_delta_sensor_async to None, run_after=None
[2022-12-21 21:54:13,157] {processor.py:161} INFO - Processing /home/nayara/Downloads/EngDados/ALURA/api_twitter/venv/lib/python3.9/site-packages/airflow/example_dags/example_time_delta_sensor_async.py took 0.283 seconds
[2022-12-21 21:54:48,826] {processor.py:153} INFO - Started process (PID=18446) to work on /home/nayara/Downloads/EngDados/ALURA/api_twitter/venv/lib/python3.9/site-packages/airflow/example_dags/example_time_delta_sensor_async.py
[2022-12-21 21:54:48,830] {processor.py:641} INFO - Processing file /home/nayara/Downloads/EngDados/ALURA/api_twitter/venv/lib/python3.9/site-packages/airflow/example_dags/example_time_delta_sensor_async.py for tasks to queue
[2022-12-21 21:54:48,834] {logging_mixin.py:115} INFO - [2022-12-21 21:54:48,834] {dagbag.py:507} INFO - Filling up the DagBag from /home/nayara/Downloads/EngDados/ALURA/api_twitter/venv/lib/python3.9/site-packages/airflow/example_dags/example_time_delta_sensor_async.py
[2022-12-21 21:54:48,854] {processor.py:651} INFO - DAG(s) dict_keys(['example_time_delta_sensor_async']) retrieved from /home/nayara/Downloads/EngDados/ALURA/api_twitter/venv/lib/python3.9/site-packages/airflow/example_dags/example_time_delta_sensor_async.py
[2022-12-21 21:54:48,900] {logging_mixin.py:115} INFO - [2022-12-21 21:54:48,900] {dag.py:2379} INFO - Sync 1 DAGs
[2022-12-21 21:54:48,931] {logging_mixin.py:115} INFO - [2022-12-21 21:54:48,931] {dag.py:2927} INFO - Setting next_dagrun for example_time_delta_sensor_async to None, run_after=None
[2022-12-21 21:54:49,138] {processor.py:161} INFO - Processing /home/nayara/Downloads/EngDados/ALURA/api_twitter/venv/lib/python3.9/site-packages/airflow/example_dags/example_time_delta_sensor_async.py took 0.332 seconds
[2022-12-21 21:55:25,855] {processor.py:153} INFO - Started process (PID=18497) to work on /home/nayara/Downloads/EngDados/ALURA/api_twitter/venv/lib/python3.9/site-packages/airflow/example_dags/example_time_delta_sensor_async.py
[2022-12-21 21:55:25,856] {processor.py:641} INFO - Processing file /home/nayara/Downloads/EngDados/ALURA/api_twitter/venv/lib/python3.9/site-packages/airflow/example_dags/example_time_delta_sensor_async.py for tasks to queue
[2022-12-21 21:55:25,858] {logging_mixin.py:115} INFO - [2022-12-21 21:55:25,857] {dagbag.py:507} INFO - Filling up the DagBag from /home/nayara/Downloads/EngDados/ALURA/api_twitter/venv/lib/python3.9/site-packages/airflow/example_dags/example_time_delta_sensor_async.py
[2022-12-21 21:55:25,867] {processor.py:651} INFO - DAG(s) dict_keys(['example_time_delta_sensor_async']) retrieved from /home/nayara/Downloads/EngDados/ALURA/api_twitter/venv/lib/python3.9/site-packages/airflow/example_dags/example_time_delta_sensor_async.py
[2022-12-21 21:55:25,900] {logging_mixin.py:115} INFO - [2022-12-21 21:55:25,899] {dag.py:2379} INFO - Sync 1 DAGs
[2022-12-21 21:55:25,924] {logging_mixin.py:115} INFO - [2022-12-21 21:55:25,924] {dag.py:2927} INFO - Setting next_dagrun for example_time_delta_sensor_async to None, run_after=None
[2022-12-21 21:55:26,196] {processor.py:161} INFO - Processing /home/nayara/Downloads/EngDados/ALURA/api_twitter/venv/lib/python3.9/site-packages/airflow/example_dags/example_time_delta_sensor_async.py took 0.356 seconds
