[2022-12-21 21:36:38,000] {processor.py:153} INFO - Started process (PID=15611) to work on /home/nayara/Downloads/EngDados/ALURA/api_twitter/venv/lib/python3.9/site-packages/airflow/example_dags/example_task_group_decorator.py
[2022-12-21 21:36:38,000] {processor.py:641} INFO - Processing file /home/nayara/Downloads/EngDados/ALURA/api_twitter/venv/lib/python3.9/site-packages/airflow/example_dags/example_task_group_decorator.py for tasks to queue
[2022-12-21 21:36:38,001] {logging_mixin.py:115} INFO - [2022-12-21 21:36:38,001] {dagbag.py:507} INFO - Filling up the DagBag from /home/nayara/Downloads/EngDados/ALURA/api_twitter/venv/lib/python3.9/site-packages/airflow/example_dags/example_task_group_decorator.py
[2022-12-21 21:36:38,047] {processor.py:651} INFO - DAG(s) dict_keys(['example_task_group_decorator']) retrieved from /home/nayara/Downloads/EngDados/ALURA/api_twitter/venv/lib/python3.9/site-packages/airflow/example_dags/example_task_group_decorator.py
[2022-12-21 21:36:38,521] {logging_mixin.py:115} INFO - [2022-12-21 21:36:38,521] {manager.py:508} INFO - Created Permission View: can read on DAG:example_task_group_decorator
[2022-12-21 21:36:38,718] {logging_mixin.py:115} INFO - [2022-12-21 21:36:38,717] {manager.py:508} INFO - Created Permission View: can delete on DAG:example_task_group_decorator
[2022-12-21 21:36:38,914] {logging_mixin.py:115} INFO - [2022-12-21 21:36:38,913] {manager.py:508} INFO - Created Permission View: can edit on DAG:example_task_group_decorator
[2022-12-21 21:36:38,915] {logging_mixin.py:115} INFO - [2022-12-21 21:36:38,915] {dag.py:2379} INFO - Sync 1 DAGs
[2022-12-21 21:36:38,961] {logging_mixin.py:115} INFO - [2022-12-21 21:36:38,960] {dag.py:2398} INFO - Creating ORM DAG for example_task_group_decorator
[2022-12-21 21:36:38,981] {logging_mixin.py:115} INFO - [2022-12-21 21:36:38,981] {dag.py:2927} INFO - Setting next_dagrun for example_task_group_decorator to 2022-12-21T00:36:38.980784+00:00, run_after=2022-12-22T00:36:38.980784+00:00
[2022-12-21 21:36:39,268] {processor.py:161} INFO - Processing /home/nayara/Downloads/EngDados/ALURA/api_twitter/venv/lib/python3.9/site-packages/airflow/example_dags/example_task_group_decorator.py took 1.272 seconds
[2022-12-21 21:38:34,929] {processor.py:153} INFO - Started process (PID=16200) to work on /home/nayara/Downloads/EngDados/ALURA/api_twitter/venv/lib/python3.9/site-packages/airflow/example_dags/example_task_group_decorator.py
[2022-12-21 21:38:34,939] {processor.py:641} INFO - Processing file /home/nayara/Downloads/EngDados/ALURA/api_twitter/venv/lib/python3.9/site-packages/airflow/example_dags/example_task_group_decorator.py for tasks to queue
[2022-12-21 21:38:34,940] {logging_mixin.py:115} INFO - [2022-12-21 21:38:34,940] {dagbag.py:507} INFO - Filling up the DagBag from /home/nayara/Downloads/EngDados/ALURA/api_twitter/venv/lib/python3.9/site-packages/airflow/example_dags/example_task_group_decorator.py
[2022-12-21 21:38:35,002] {processor.py:651} INFO - DAG(s) dict_keys(['example_task_group_decorator']) retrieved from /home/nayara/Downloads/EngDados/ALURA/api_twitter/venv/lib/python3.9/site-packages/airflow/example_dags/example_task_group_decorator.py
[2022-12-21 21:38:35,079] {logging_mixin.py:115} INFO - [2022-12-21 21:38:35,079] {dag.py:2379} INFO - Sync 1 DAGs
[2022-12-21 21:38:35,099] {logging_mixin.py:115} INFO - [2022-12-21 21:38:35,099] {dag.py:2927} INFO - Setting next_dagrun for example_task_group_decorator to 2022-12-21T00:38:35.099344+00:00, run_after=2022-12-22T00:38:35.099344+00:00
[2022-12-21 21:38:35,445] {processor.py:161} INFO - Processing /home/nayara/Downloads/EngDados/ALURA/api_twitter/venv/lib/python3.9/site-packages/airflow/example_dags/example_task_group_decorator.py took 0.524 seconds
[2022-12-21 21:39:21,619] {processor.py:153} INFO - Started process (PID=16252) to work on /home/nayara/Downloads/EngDados/ALURA/api_twitter/venv/lib/python3.9/site-packages/airflow/example_dags/example_task_group_decorator.py
[2022-12-21 21:39:21,622] {processor.py:641} INFO - Processing file /home/nayara/Downloads/EngDados/ALURA/api_twitter/venv/lib/python3.9/site-packages/airflow/example_dags/example_task_group_decorator.py for tasks to queue
[2022-12-21 21:39:21,626] {logging_mixin.py:115} INFO - [2022-12-21 21:39:21,625] {dagbag.py:507} INFO - Filling up the DagBag from /home/nayara/Downloads/EngDados/ALURA/api_twitter/venv/lib/python3.9/site-packages/airflow/example_dags/example_task_group_decorator.py
[2022-12-21 21:39:21,682] {processor.py:651} INFO - DAG(s) dict_keys(['example_task_group_decorator']) retrieved from /home/nayara/Downloads/EngDados/ALURA/api_twitter/venv/lib/python3.9/site-packages/airflow/example_dags/example_task_group_decorator.py
[2022-12-21 21:39:21,751] {logging_mixin.py:115} INFO - [2022-12-21 21:39:21,751] {dag.py:2379} INFO - Sync 1 DAGs
[2022-12-21 21:39:21,772] {logging_mixin.py:115} INFO - [2022-12-21 21:39:21,772] {dag.py:2927} INFO - Setting next_dagrun for example_task_group_decorator to 2022-12-21T00:39:21.772442+00:00, run_after=2022-12-22T00:39:21.772442+00:00
[2022-12-21 21:39:22,069] {processor.py:161} INFO - Processing /home/nayara/Downloads/EngDados/ALURA/api_twitter/venv/lib/python3.9/site-packages/airflow/example_dags/example_task_group_decorator.py took 0.469 seconds
[2022-12-21 21:40:10,501] {processor.py:153} INFO - Started process (PID=16320) to work on /home/nayara/Downloads/EngDados/ALURA/api_twitter/venv/lib/python3.9/site-packages/airflow/example_dags/example_task_group_decorator.py
[2022-12-21 21:40:10,504] {processor.py:641} INFO - Processing file /home/nayara/Downloads/EngDados/ALURA/api_twitter/venv/lib/python3.9/site-packages/airflow/example_dags/example_task_group_decorator.py for tasks to queue
[2022-12-21 21:40:10,505] {logging_mixin.py:115} INFO - [2022-12-21 21:40:10,505] {dagbag.py:507} INFO - Filling up the DagBag from /home/nayara/Downloads/EngDados/ALURA/api_twitter/venv/lib/python3.9/site-packages/airflow/example_dags/example_task_group_decorator.py
[2022-12-21 21:40:10,539] {processor.py:651} INFO - DAG(s) dict_keys(['example_task_group_decorator']) retrieved from /home/nayara/Downloads/EngDados/ALURA/api_twitter/venv/lib/python3.9/site-packages/airflow/example_dags/example_task_group_decorator.py
[2022-12-21 21:40:10,598] {logging_mixin.py:115} INFO - [2022-12-21 21:40:10,598] {dag.py:2379} INFO - Sync 1 DAGs
[2022-12-21 21:40:10,618] {logging_mixin.py:115} INFO - [2022-12-21 21:40:10,617] {dag.py:2927} INFO - Setting next_dagrun for example_task_group_decorator to 2022-12-21T00:40:10.617643+00:00, run_after=2022-12-22T00:40:10.617643+00:00
[2022-12-21 21:40:10,921] {processor.py:161} INFO - Processing /home/nayara/Downloads/EngDados/ALURA/api_twitter/venv/lib/python3.9/site-packages/airflow/example_dags/example_task_group_decorator.py took 0.432 seconds
[2022-12-21 21:41:02,221] {processor.py:153} INFO - Started process (PID=16406) to work on /home/nayara/Downloads/EngDados/ALURA/api_twitter/venv/lib/python3.9/site-packages/airflow/example_dags/example_task_group_decorator.py
[2022-12-21 21:41:02,285] {processor.py:641} INFO - Processing file /home/nayara/Downloads/EngDados/ALURA/api_twitter/venv/lib/python3.9/site-packages/airflow/example_dags/example_task_group_decorator.py for tasks to queue
[2022-12-21 21:41:02,288] {logging_mixin.py:115} INFO - [2022-12-21 21:41:02,288] {dagbag.py:507} INFO - Filling up the DagBag from /home/nayara/Downloads/EngDados/ALURA/api_twitter/venv/lib/python3.9/site-packages/airflow/example_dags/example_task_group_decorator.py
[2022-12-21 21:41:02,355] {processor.py:651} INFO - DAG(s) dict_keys(['example_task_group_decorator']) retrieved from /home/nayara/Downloads/EngDados/ALURA/api_twitter/venv/lib/python3.9/site-packages/airflow/example_dags/example_task_group_decorator.py
[2022-12-21 21:41:02,451] {logging_mixin.py:115} INFO - [2022-12-21 21:41:02,451] {dag.py:2379} INFO - Sync 1 DAGs
[2022-12-21 21:41:02,480] {logging_mixin.py:115} INFO - [2022-12-21 21:41:02,479] {dag.py:2927} INFO - Setting next_dagrun for example_task_group_decorator to 2022-12-21T00:41:02.479036+00:00, run_after=2022-12-22T00:41:02.479036+00:00
[2022-12-21 21:41:02,795] {processor.py:161} INFO - Processing /home/nayara/Downloads/EngDados/ALURA/api_twitter/venv/lib/python3.9/site-packages/airflow/example_dags/example_task_group_decorator.py took 0.581 seconds
[2022-12-21 21:41:59,805] {processor.py:153} INFO - Started process (PID=16549) to work on /home/nayara/Downloads/EngDados/ALURA/api_twitter/venv/lib/python3.9/site-packages/airflow/example_dags/example_task_group_decorator.py
[2022-12-21 21:41:59,877] {processor.py:641} INFO - Processing file /home/nayara/Downloads/EngDados/ALURA/api_twitter/venv/lib/python3.9/site-packages/airflow/example_dags/example_task_group_decorator.py for tasks to queue
[2022-12-21 21:41:59,878] {logging_mixin.py:115} INFO - [2022-12-21 21:41:59,878] {dagbag.py:507} INFO - Filling up the DagBag from /home/nayara/Downloads/EngDados/ALURA/api_twitter/venv/lib/python3.9/site-packages/airflow/example_dags/example_task_group_decorator.py
[2022-12-21 21:41:59,931] {processor.py:651} INFO - DAG(s) dict_keys(['example_task_group_decorator']) retrieved from /home/nayara/Downloads/EngDados/ALURA/api_twitter/venv/lib/python3.9/site-packages/airflow/example_dags/example_task_group_decorator.py
[2022-12-21 21:42:00,008] {logging_mixin.py:115} INFO - [2022-12-21 21:42:00,008] {dag.py:2379} INFO - Sync 1 DAGs
[2022-12-21 21:42:00,033] {logging_mixin.py:115} INFO - [2022-12-21 21:42:00,033] {dag.py:2927} INFO - Setting next_dagrun for example_task_group_decorator to 2022-12-21T00:42:00.032928+00:00, run_after=2022-12-22T00:42:00.032928+00:00
[2022-12-21 21:42:00,298] {processor.py:161} INFO - Processing /home/nayara/Downloads/EngDados/ALURA/api_twitter/venv/lib/python3.9/site-packages/airflow/example_dags/example_task_group_decorator.py took 0.498 seconds
[2022-12-21 21:42:39,657] {processor.py:153} INFO - Started process (PID=16585) to work on /home/nayara/Downloads/EngDados/ALURA/api_twitter/venv/lib/python3.9/site-packages/airflow/example_dags/example_task_group_decorator.py
[2022-12-21 21:42:39,729] {processor.py:641} INFO - Processing file /home/nayara/Downloads/EngDados/ALURA/api_twitter/venv/lib/python3.9/site-packages/airflow/example_dags/example_task_group_decorator.py for tasks to queue
[2022-12-21 21:42:39,732] {logging_mixin.py:115} INFO - [2022-12-21 21:42:39,731] {dagbag.py:507} INFO - Filling up the DagBag from /home/nayara/Downloads/EngDados/ALURA/api_twitter/venv/lib/python3.9/site-packages/airflow/example_dags/example_task_group_decorator.py
[2022-12-21 21:42:39,852] {processor.py:651} INFO - DAG(s) dict_keys(['example_task_group_decorator']) retrieved from /home/nayara/Downloads/EngDados/ALURA/api_twitter/venv/lib/python3.9/site-packages/airflow/example_dags/example_task_group_decorator.py
[2022-12-21 21:42:39,880] {logging_mixin.py:115} INFO - [2022-12-21 21:42:39,880] {dag.py:2379} INFO - Sync 1 DAGs
[2022-12-21 21:42:39,905] {logging_mixin.py:115} INFO - [2022-12-21 21:42:39,905] {dag.py:2927} INFO - Setting next_dagrun for example_task_group_decorator to 2022-12-21T00:42:39.905105+00:00, run_after=2022-12-22T00:42:39.905105+00:00
[2022-12-21 21:42:40,564] {processor.py:161} INFO - Processing /home/nayara/Downloads/EngDados/ALURA/api_twitter/venv/lib/python3.9/site-packages/airflow/example_dags/example_task_group_decorator.py took 0.912 seconds
[2022-12-21 21:43:28,808] {processor.py:153} INFO - Started process (PID=16659) to work on /home/nayara/Downloads/EngDados/ALURA/api_twitter/venv/lib/python3.9/site-packages/airflow/example_dags/example_task_group_decorator.py
[2022-12-21 21:43:28,821] {processor.py:641} INFO - Processing file /home/nayara/Downloads/EngDados/ALURA/api_twitter/venv/lib/python3.9/site-packages/airflow/example_dags/example_task_group_decorator.py for tasks to queue
[2022-12-21 21:43:28,824] {logging_mixin.py:115} INFO - [2022-12-21 21:43:28,824] {dagbag.py:507} INFO - Filling up the DagBag from /home/nayara/Downloads/EngDados/ALURA/api_twitter/venv/lib/python3.9/site-packages/airflow/example_dags/example_task_group_decorator.py
[2022-12-21 21:43:28,931] {processor.py:651} INFO - DAG(s) dict_keys(['example_task_group_decorator']) retrieved from /home/nayara/Downloads/EngDados/ALURA/api_twitter/venv/lib/python3.9/site-packages/airflow/example_dags/example_task_group_decorator.py
[2022-12-21 21:43:29,000] {logging_mixin.py:115} INFO - [2022-12-21 21:43:29,000] {dag.py:2379} INFO - Sync 1 DAGs
[2022-12-21 21:43:29,022] {logging_mixin.py:115} INFO - [2022-12-21 21:43:29,022] {dag.py:2927} INFO - Setting next_dagrun for example_task_group_decorator to 2022-12-21T00:43:29.021892+00:00, run_after=2022-12-22T00:43:29.021892+00:00
[2022-12-21 21:43:29,470] {processor.py:161} INFO - Processing /home/nayara/Downloads/EngDados/ALURA/api_twitter/venv/lib/python3.9/site-packages/airflow/example_dags/example_task_group_decorator.py took 0.679 seconds
[2022-12-21 21:44:09,052] {processor.py:153} INFO - Started process (PID=16708) to work on /home/nayara/Downloads/EngDados/ALURA/api_twitter/venv/lib/python3.9/site-packages/airflow/example_dags/example_task_group_decorator.py
[2022-12-21 21:44:09,137] {processor.py:641} INFO - Processing file /home/nayara/Downloads/EngDados/ALURA/api_twitter/venv/lib/python3.9/site-packages/airflow/example_dags/example_task_group_decorator.py for tasks to queue
[2022-12-21 21:44:09,140] {logging_mixin.py:115} INFO - [2022-12-21 21:44:09,139] {dagbag.py:507} INFO - Filling up the DagBag from /home/nayara/Downloads/EngDados/ALURA/api_twitter/venv/lib/python3.9/site-packages/airflow/example_dags/example_task_group_decorator.py
[2022-12-21 21:44:09,180] {processor.py:651} INFO - DAG(s) dict_keys(['example_task_group_decorator']) retrieved from /home/nayara/Downloads/EngDados/ALURA/api_twitter/venv/lib/python3.9/site-packages/airflow/example_dags/example_task_group_decorator.py
[2022-12-21 21:44:09,239] {logging_mixin.py:115} INFO - [2022-12-21 21:44:09,239] {dag.py:2379} INFO - Sync 1 DAGs
[2022-12-21 21:44:09,258] {logging_mixin.py:115} INFO - [2022-12-21 21:44:09,258] {dag.py:2927} INFO - Setting next_dagrun for example_task_group_decorator to 2022-12-21T00:44:09.258057+00:00, run_after=2022-12-22T00:44:09.258057+00:00
[2022-12-21 21:44:09,537] {processor.py:161} INFO - Processing /home/nayara/Downloads/EngDados/ALURA/api_twitter/venv/lib/python3.9/site-packages/airflow/example_dags/example_task_group_decorator.py took 0.498 seconds
[2022-12-21 21:44:45,798] {processor.py:153} INFO - Started process (PID=16749) to work on /home/nayara/Downloads/EngDados/ALURA/api_twitter/venv/lib/python3.9/site-packages/airflow/example_dags/example_task_group_decorator.py
[2022-12-21 21:44:45,818] {processor.py:641} INFO - Processing file /home/nayara/Downloads/EngDados/ALURA/api_twitter/venv/lib/python3.9/site-packages/airflow/example_dags/example_task_group_decorator.py for tasks to queue
[2022-12-21 21:44:45,820] {logging_mixin.py:115} INFO - [2022-12-21 21:44:45,820] {dagbag.py:507} INFO - Filling up the DagBag from /home/nayara/Downloads/EngDados/ALURA/api_twitter/venv/lib/python3.9/site-packages/airflow/example_dags/example_task_group_decorator.py
[2022-12-21 21:44:45,894] {processor.py:651} INFO - DAG(s) dict_keys(['example_task_group_decorator']) retrieved from /home/nayara/Downloads/EngDados/ALURA/api_twitter/venv/lib/python3.9/site-packages/airflow/example_dags/example_task_group_decorator.py
[2022-12-21 21:44:45,916] {logging_mixin.py:115} INFO - [2022-12-21 21:44:45,916] {dag.py:2379} INFO - Sync 1 DAGs
[2022-12-21 21:44:45,939] {logging_mixin.py:115} INFO - [2022-12-21 21:44:45,939] {dag.py:2927} INFO - Setting next_dagrun for example_task_group_decorator to 2022-12-21T00:44:45.939076+00:00, run_after=2022-12-22T00:44:45.939076+00:00
[2022-12-21 21:44:46,639] {processor.py:161} INFO - Processing /home/nayara/Downloads/EngDados/ALURA/api_twitter/venv/lib/python3.9/site-packages/airflow/example_dags/example_task_group_decorator.py took 0.856 seconds
[2022-12-21 21:45:26,640] {processor.py:153} INFO - Started process (PID=16823) to work on /home/nayara/Downloads/EngDados/ALURA/api_twitter/venv/lib/python3.9/site-packages/airflow/example_dags/example_task_group_decorator.py
[2022-12-21 21:45:26,663] {processor.py:641} INFO - Processing file /home/nayara/Downloads/EngDados/ALURA/api_twitter/venv/lib/python3.9/site-packages/airflow/example_dags/example_task_group_decorator.py for tasks to queue
[2022-12-21 21:45:26,665] {logging_mixin.py:115} INFO - [2022-12-21 21:45:26,665] {dagbag.py:507} INFO - Filling up the DagBag from /home/nayara/Downloads/EngDados/ALURA/api_twitter/venv/lib/python3.9/site-packages/airflow/example_dags/example_task_group_decorator.py
[2022-12-21 21:45:26,740] {processor.py:651} INFO - DAG(s) dict_keys(['example_task_group_decorator']) retrieved from /home/nayara/Downloads/EngDados/ALURA/api_twitter/venv/lib/python3.9/site-packages/airflow/example_dags/example_task_group_decorator.py
[2022-12-21 21:45:26,765] {logging_mixin.py:115} INFO - [2022-12-21 21:45:26,765] {dag.py:2379} INFO - Sync 1 DAGs
[2022-12-21 21:45:26,790] {logging_mixin.py:115} INFO - [2022-12-21 21:45:26,790] {dag.py:2927} INFO - Setting next_dagrun for example_task_group_decorator to 2022-12-21T00:45:26.790456+00:00, run_after=2022-12-22T00:45:26.790456+00:00
[2022-12-21 21:45:27,104] {processor.py:161} INFO - Processing /home/nayara/Downloads/EngDados/ALURA/api_twitter/venv/lib/python3.9/site-packages/airflow/example_dags/example_task_group_decorator.py took 0.480 seconds
[2022-12-21 21:46:07,407] {processor.py:153} INFO - Started process (PID=16974) to work on /home/nayara/Downloads/EngDados/ALURA/api_twitter/venv/lib/python3.9/site-packages/airflow/example_dags/example_task_group_decorator.py
[2022-12-21 21:46:07,408] {processor.py:641} INFO - Processing file /home/nayara/Downloads/EngDados/ALURA/api_twitter/venv/lib/python3.9/site-packages/airflow/example_dags/example_task_group_decorator.py for tasks to queue
[2022-12-21 21:46:07,409] {logging_mixin.py:115} INFO - [2022-12-21 21:46:07,409] {dagbag.py:507} INFO - Filling up the DagBag from /home/nayara/Downloads/EngDados/ALURA/api_twitter/venv/lib/python3.9/site-packages/airflow/example_dags/example_task_group_decorator.py
[2022-12-21 21:46:07,441] {processor.py:651} INFO - DAG(s) dict_keys(['example_task_group_decorator']) retrieved from /home/nayara/Downloads/EngDados/ALURA/api_twitter/venv/lib/python3.9/site-packages/airflow/example_dags/example_task_group_decorator.py
[2022-12-21 21:46:07,463] {logging_mixin.py:115} INFO - [2022-12-21 21:46:07,463] {dag.py:2379} INFO - Sync 1 DAGs
[2022-12-21 21:46:07,484] {logging_mixin.py:115} INFO - [2022-12-21 21:46:07,484] {dag.py:2927} INFO - Setting next_dagrun for example_task_group_decorator to 2022-12-21T00:46:07.484264+00:00, run_after=2022-12-22T00:46:07.484264+00:00
[2022-12-21 21:46:07,765] {processor.py:161} INFO - Processing /home/nayara/Downloads/EngDados/ALURA/api_twitter/venv/lib/python3.9/site-packages/airflow/example_dags/example_task_group_decorator.py took 0.362 seconds
[2022-12-21 21:46:44,972] {processor.py:153} INFO - Started process (PID=17235) to work on /home/nayara/Downloads/EngDados/ALURA/api_twitter/venv/lib/python3.9/site-packages/airflow/example_dags/example_task_group_decorator.py
[2022-12-21 21:46:44,974] {processor.py:641} INFO - Processing file /home/nayara/Downloads/EngDados/ALURA/api_twitter/venv/lib/python3.9/site-packages/airflow/example_dags/example_task_group_decorator.py for tasks to queue
[2022-12-21 21:46:44,977] {logging_mixin.py:115} INFO - [2022-12-21 21:46:44,977] {dagbag.py:507} INFO - Filling up the DagBag from /home/nayara/Downloads/EngDados/ALURA/api_twitter/venv/lib/python3.9/site-packages/airflow/example_dags/example_task_group_decorator.py
[2022-12-21 21:46:45,043] {processor.py:651} INFO - DAG(s) dict_keys(['example_task_group_decorator']) retrieved from /home/nayara/Downloads/EngDados/ALURA/api_twitter/venv/lib/python3.9/site-packages/airflow/example_dags/example_task_group_decorator.py
[2022-12-21 21:46:45,111] {logging_mixin.py:115} INFO - [2022-12-21 21:46:45,111] {dag.py:2379} INFO - Sync 1 DAGs
[2022-12-21 21:46:45,135] {logging_mixin.py:115} INFO - [2022-12-21 21:46:45,135] {dag.py:2927} INFO - Setting next_dagrun for example_task_group_decorator to 2022-12-21T00:46:45.134808+00:00, run_after=2022-12-22T00:46:45.134808+00:00
[2022-12-21 21:46:45,429] {processor.py:161} INFO - Processing /home/nayara/Downloads/EngDados/ALURA/api_twitter/venv/lib/python3.9/site-packages/airflow/example_dags/example_task_group_decorator.py took 0.475 seconds
[2022-12-21 21:47:35,721] {processor.py:153} INFO - Started process (PID=17404) to work on /home/nayara/Downloads/EngDados/ALURA/api_twitter/venv/lib/python3.9/site-packages/airflow/example_dags/example_task_group_decorator.py
[2022-12-21 21:47:35,737] {processor.py:641} INFO - Processing file /home/nayara/Downloads/EngDados/ALURA/api_twitter/venv/lib/python3.9/site-packages/airflow/example_dags/example_task_group_decorator.py for tasks to queue
[2022-12-21 21:47:35,737] {logging_mixin.py:115} INFO - [2022-12-21 21:47:35,737] {dagbag.py:507} INFO - Filling up the DagBag from /home/nayara/Downloads/EngDados/ALURA/api_twitter/venv/lib/python3.9/site-packages/airflow/example_dags/example_task_group_decorator.py
[2022-12-21 21:47:35,786] {processor.py:651} INFO - DAG(s) dict_keys(['example_task_group_decorator']) retrieved from /home/nayara/Downloads/EngDados/ALURA/api_twitter/venv/lib/python3.9/site-packages/airflow/example_dags/example_task_group_decorator.py
[2022-12-21 21:47:35,814] {logging_mixin.py:115} INFO - [2022-12-21 21:47:35,814] {dag.py:2379} INFO - Sync 1 DAGs
[2022-12-21 21:47:35,843] {logging_mixin.py:115} INFO - [2022-12-21 21:47:35,843] {dag.py:2927} INFO - Setting next_dagrun for example_task_group_decorator to 2022-12-21T00:47:35.843167+00:00, run_after=2022-12-22T00:47:35.843167+00:00
[2022-12-21 21:47:36,149] {processor.py:161} INFO - Processing /home/nayara/Downloads/EngDados/ALURA/api_twitter/venv/lib/python3.9/site-packages/airflow/example_dags/example_task_group_decorator.py took 0.436 seconds
[2022-12-21 21:48:18,615] {processor.py:153} INFO - Started process (PID=17450) to work on /home/nayara/Downloads/EngDados/ALURA/api_twitter/venv/lib/python3.9/site-packages/airflow/example_dags/example_task_group_decorator.py
[2022-12-21 21:48:18,654] {processor.py:641} INFO - Processing file /home/nayara/Downloads/EngDados/ALURA/api_twitter/venv/lib/python3.9/site-packages/airflow/example_dags/example_task_group_decorator.py for tasks to queue
[2022-12-21 21:48:18,655] {logging_mixin.py:115} INFO - [2022-12-21 21:48:18,654] {dagbag.py:507} INFO - Filling up the DagBag from /home/nayara/Downloads/EngDados/ALURA/api_twitter/venv/lib/python3.9/site-packages/airflow/example_dags/example_task_group_decorator.py
[2022-12-21 21:48:18,728] {processor.py:651} INFO - DAG(s) dict_keys(['example_task_group_decorator']) retrieved from /home/nayara/Downloads/EngDados/ALURA/api_twitter/venv/lib/python3.9/site-packages/airflow/example_dags/example_task_group_decorator.py
[2022-12-21 21:48:18,773] {logging_mixin.py:115} INFO - [2022-12-21 21:48:18,773] {dag.py:2379} INFO - Sync 1 DAGs
[2022-12-21 21:48:18,815] {logging_mixin.py:115} INFO - [2022-12-21 21:48:18,814] {dag.py:2927} INFO - Setting next_dagrun for example_task_group_decorator to 2022-12-21T00:48:18.814409+00:00, run_after=2022-12-22T00:48:18.814409+00:00
[2022-12-21 21:48:19,297] {processor.py:161} INFO - Processing /home/nayara/Downloads/EngDados/ALURA/api_twitter/venv/lib/python3.9/site-packages/airflow/example_dags/example_task_group_decorator.py took 0.687 seconds
[2022-12-21 21:49:00,641] {processor.py:153} INFO - Started process (PID=17504) to work on /home/nayara/Downloads/EngDados/ALURA/api_twitter/venv/lib/python3.9/site-packages/airflow/example_dags/example_task_group_decorator.py
[2022-12-21 21:49:00,654] {processor.py:641} INFO - Processing file /home/nayara/Downloads/EngDados/ALURA/api_twitter/venv/lib/python3.9/site-packages/airflow/example_dags/example_task_group_decorator.py for tasks to queue
[2022-12-21 21:49:00,657] {logging_mixin.py:115} INFO - [2022-12-21 21:49:00,657] {dagbag.py:507} INFO - Filling up the DagBag from /home/nayara/Downloads/EngDados/ALURA/api_twitter/venv/lib/python3.9/site-packages/airflow/example_dags/example_task_group_decorator.py
[2022-12-21 21:49:00,739] {processor.py:651} INFO - DAG(s) dict_keys(['example_task_group_decorator']) retrieved from /home/nayara/Downloads/EngDados/ALURA/api_twitter/venv/lib/python3.9/site-packages/airflow/example_dags/example_task_group_decorator.py
[2022-12-21 21:49:00,804] {logging_mixin.py:115} INFO - [2022-12-21 21:49:00,804] {dag.py:2379} INFO - Sync 1 DAGs
[2022-12-21 21:49:00,826] {logging_mixin.py:115} INFO - [2022-12-21 21:49:00,825] {dag.py:2927} INFO - Setting next_dagrun for example_task_group_decorator to 2022-12-21T00:49:00.825540+00:00, run_after=2022-12-22T00:49:00.825540+00:00
[2022-12-21 21:49:01,056] {processor.py:161} INFO - Processing /home/nayara/Downloads/EngDados/ALURA/api_twitter/venv/lib/python3.9/site-packages/airflow/example_dags/example_task_group_decorator.py took 0.432 seconds
[2022-12-21 21:50:06,935] {processor.py:153} INFO - Started process (PID=17676) to work on /home/nayara/Downloads/EngDados/ALURA/api_twitter/venv/lib/python3.9/site-packages/airflow/example_dags/example_task_group_decorator.py
[2022-12-21 21:50:06,956] {processor.py:641} INFO - Processing file /home/nayara/Downloads/EngDados/ALURA/api_twitter/venv/lib/python3.9/site-packages/airflow/example_dags/example_task_group_decorator.py for tasks to queue
[2022-12-21 21:50:06,956] {logging_mixin.py:115} INFO - [2022-12-21 21:50:06,956] {dagbag.py:507} INFO - Filling up the DagBag from /home/nayara/Downloads/EngDados/ALURA/api_twitter/venv/lib/python3.9/site-packages/airflow/example_dags/example_task_group_decorator.py
[2022-12-21 21:50:06,994] {processor.py:651} INFO - DAG(s) dict_keys(['example_task_group_decorator']) retrieved from /home/nayara/Downloads/EngDados/ALURA/api_twitter/venv/lib/python3.9/site-packages/airflow/example_dags/example_task_group_decorator.py
[2022-12-21 21:50:07,068] {logging_mixin.py:115} INFO - [2022-12-21 21:50:07,068] {dag.py:2379} INFO - Sync 1 DAGs
[2022-12-21 21:50:07,087] {logging_mixin.py:115} INFO - [2022-12-21 21:50:07,087] {dag.py:2927} INFO - Setting next_dagrun for example_task_group_decorator to 2022-12-21T00:50:07.087359+00:00, run_after=2022-12-22T00:50:07.087359+00:00
[2022-12-21 21:50:07,304] {processor.py:161} INFO - Processing /home/nayara/Downloads/EngDados/ALURA/api_twitter/venv/lib/python3.9/site-packages/airflow/example_dags/example_task_group_decorator.py took 0.376 seconds
[2022-12-21 21:50:47,811] {processor.py:153} INFO - Started process (PID=17796) to work on /home/nayara/Downloads/EngDados/ALURA/api_twitter/venv/lib/python3.9/site-packages/airflow/example_dags/example_task_group_decorator.py
[2022-12-21 21:50:47,812] {processor.py:641} INFO - Processing file /home/nayara/Downloads/EngDados/ALURA/api_twitter/venv/lib/python3.9/site-packages/airflow/example_dags/example_task_group_decorator.py for tasks to queue
[2022-12-21 21:50:47,813] {logging_mixin.py:115} INFO - [2022-12-21 21:50:47,813] {dagbag.py:507} INFO - Filling up the DagBag from /home/nayara/Downloads/EngDados/ALURA/api_twitter/venv/lib/python3.9/site-packages/airflow/example_dags/example_task_group_decorator.py
[2022-12-21 21:50:47,855] {processor.py:651} INFO - DAG(s) dict_keys(['example_task_group_decorator']) retrieved from /home/nayara/Downloads/EngDados/ALURA/api_twitter/venv/lib/python3.9/site-packages/airflow/example_dags/example_task_group_decorator.py
[2022-12-21 21:50:47,924] {logging_mixin.py:115} INFO - [2022-12-21 21:50:47,924] {dag.py:2379} INFO - Sync 1 DAGs
[2022-12-21 21:50:47,946] {logging_mixin.py:115} INFO - [2022-12-21 21:50:47,946] {dag.py:2927} INFO - Setting next_dagrun for example_task_group_decorator to 2022-12-21T00:50:47.946061+00:00, run_after=2022-12-22T00:50:47.946061+00:00
[2022-12-21 21:50:48,341] {processor.py:161} INFO - Processing /home/nayara/Downloads/EngDados/ALURA/api_twitter/venv/lib/python3.9/site-packages/airflow/example_dags/example_task_group_decorator.py took 0.534 seconds
[2022-12-21 21:51:32,690] {processor.py:153} INFO - Started process (PID=17888) to work on /home/nayara/Downloads/EngDados/ALURA/api_twitter/venv/lib/python3.9/site-packages/airflow/example_dags/example_task_group_decorator.py
[2022-12-21 21:51:32,772] {processor.py:641} INFO - Processing file /home/nayara/Downloads/EngDados/ALURA/api_twitter/venv/lib/python3.9/site-packages/airflow/example_dags/example_task_group_decorator.py for tasks to queue
[2022-12-21 21:51:32,774] {logging_mixin.py:115} INFO - [2022-12-21 21:51:32,774] {dagbag.py:507} INFO - Filling up the DagBag from /home/nayara/Downloads/EngDados/ALURA/api_twitter/venv/lib/python3.9/site-packages/airflow/example_dags/example_task_group_decorator.py
[2022-12-21 21:51:32,833] {processor.py:651} INFO - DAG(s) dict_keys(['example_task_group_decorator']) retrieved from /home/nayara/Downloads/EngDados/ALURA/api_twitter/venv/lib/python3.9/site-packages/airflow/example_dags/example_task_group_decorator.py
[2022-12-21 21:51:32,893] {logging_mixin.py:115} INFO - [2022-12-21 21:51:32,893] {dag.py:2379} INFO - Sync 1 DAGs
[2022-12-21 21:51:32,914] {logging_mixin.py:115} INFO - [2022-12-21 21:51:32,914] {dag.py:2927} INFO - Setting next_dagrun for example_task_group_decorator to 2022-12-21T00:51:32.914160+00:00, run_after=2022-12-22T00:51:32.914160+00:00
[2022-12-21 21:51:33,305] {processor.py:161} INFO - Processing /home/nayara/Downloads/EngDados/ALURA/api_twitter/venv/lib/python3.9/site-packages/airflow/example_dags/example_task_group_decorator.py took 0.627 seconds
[2022-12-21 21:52:12,463] {processor.py:153} INFO - Started process (PID=17986) to work on /home/nayara/Downloads/EngDados/ALURA/api_twitter/venv/lib/python3.9/site-packages/airflow/example_dags/example_task_group_decorator.py
[2022-12-21 21:52:12,512] {processor.py:641} INFO - Processing file /home/nayara/Downloads/EngDados/ALURA/api_twitter/venv/lib/python3.9/site-packages/airflow/example_dags/example_task_group_decorator.py for tasks to queue
[2022-12-21 21:52:12,515] {logging_mixin.py:115} INFO - [2022-12-21 21:52:12,514] {dagbag.py:507} INFO - Filling up the DagBag from /home/nayara/Downloads/EngDados/ALURA/api_twitter/venv/lib/python3.9/site-packages/airflow/example_dags/example_task_group_decorator.py
[2022-12-21 21:52:12,609] {processor.py:651} INFO - DAG(s) dict_keys(['example_task_group_decorator']) retrieved from /home/nayara/Downloads/EngDados/ALURA/api_twitter/venv/lib/python3.9/site-packages/airflow/example_dags/example_task_group_decorator.py
[2022-12-21 21:52:12,678] {logging_mixin.py:115} INFO - [2022-12-21 21:52:12,678] {dag.py:2379} INFO - Sync 1 DAGs
[2022-12-21 21:52:12,700] {logging_mixin.py:115} INFO - [2022-12-21 21:52:12,699] {dag.py:2927} INFO - Setting next_dagrun for example_task_group_decorator to 2022-12-21T00:52:12.699314+00:00, run_after=2022-12-22T00:52:12.699314+00:00
[2022-12-21 21:52:12,992] {processor.py:161} INFO - Processing /home/nayara/Downloads/EngDados/ALURA/api_twitter/venv/lib/python3.9/site-packages/airflow/example_dags/example_task_group_decorator.py took 0.547 seconds
[2022-12-21 21:52:54,717] {processor.py:153} INFO - Started process (PID=18193) to work on /home/nayara/Downloads/EngDados/ALURA/api_twitter/venv/lib/python3.9/site-packages/airflow/example_dags/example_task_group_decorator.py
[2022-12-21 21:52:54,731] {processor.py:641} INFO - Processing file /home/nayara/Downloads/EngDados/ALURA/api_twitter/venv/lib/python3.9/site-packages/airflow/example_dags/example_task_group_decorator.py for tasks to queue
[2022-12-21 21:52:54,732] {logging_mixin.py:115} INFO - [2022-12-21 21:52:54,732] {dagbag.py:507} INFO - Filling up the DagBag from /home/nayara/Downloads/EngDados/ALURA/api_twitter/venv/lib/python3.9/site-packages/airflow/example_dags/example_task_group_decorator.py
[2022-12-21 21:52:54,786] {processor.py:651} INFO - DAG(s) dict_keys(['example_task_group_decorator']) retrieved from /home/nayara/Downloads/EngDados/ALURA/api_twitter/venv/lib/python3.9/site-packages/airflow/example_dags/example_task_group_decorator.py
[2022-12-21 21:52:54,820] {logging_mixin.py:115} INFO - [2022-12-21 21:52:54,820] {dag.py:2379} INFO - Sync 1 DAGs
[2022-12-21 21:52:54,856] {logging_mixin.py:115} INFO - [2022-12-21 21:52:54,855] {dag.py:2927} INFO - Setting next_dagrun for example_task_group_decorator to 2022-12-21T00:52:54.855468+00:00, run_after=2022-12-22T00:52:54.855468+00:00
[2022-12-21 21:52:55,163] {processor.py:161} INFO - Processing /home/nayara/Downloads/EngDados/ALURA/api_twitter/venv/lib/python3.9/site-packages/airflow/example_dags/example_task_group_decorator.py took 0.452 seconds
[2022-12-21 21:53:40,846] {processor.py:153} INFO - Started process (PID=18250) to work on /home/nayara/Downloads/EngDados/ALURA/api_twitter/venv/lib/python3.9/site-packages/airflow/example_dags/example_task_group_decorator.py
[2022-12-21 21:53:40,849] {processor.py:641} INFO - Processing file /home/nayara/Downloads/EngDados/ALURA/api_twitter/venv/lib/python3.9/site-packages/airflow/example_dags/example_task_group_decorator.py for tasks to queue
[2022-12-21 21:53:40,852] {logging_mixin.py:115} INFO - [2022-12-21 21:53:40,851] {dagbag.py:507} INFO - Filling up the DagBag from /home/nayara/Downloads/EngDados/ALURA/api_twitter/venv/lib/python3.9/site-packages/airflow/example_dags/example_task_group_decorator.py
[2022-12-21 21:53:40,936] {processor.py:651} INFO - DAG(s) dict_keys(['example_task_group_decorator']) retrieved from /home/nayara/Downloads/EngDados/ALURA/api_twitter/venv/lib/python3.9/site-packages/airflow/example_dags/example_task_group_decorator.py
[2022-12-21 21:53:40,961] {logging_mixin.py:115} INFO - [2022-12-21 21:53:40,961] {dag.py:2379} INFO - Sync 1 DAGs
[2022-12-21 21:53:40,987] {logging_mixin.py:115} INFO - [2022-12-21 21:53:40,987] {dag.py:2927} INFO - Setting next_dagrun for example_task_group_decorator to 2022-12-21T00:53:40.986806+00:00, run_after=2022-12-22T00:53:40.986806+00:00
[2022-12-21 21:53:41,273] {processor.py:161} INFO - Processing /home/nayara/Downloads/EngDados/ALURA/api_twitter/venv/lib/python3.9/site-packages/airflow/example_dags/example_task_group_decorator.py took 0.444 seconds
[2022-12-21 21:54:15,909] {processor.py:153} INFO - Started process (PID=18381) to work on /home/nayara/Downloads/EngDados/ALURA/api_twitter/venv/lib/python3.9/site-packages/airflow/example_dags/example_task_group_decorator.py
[2022-12-21 21:54:15,911] {processor.py:641} INFO - Processing file /home/nayara/Downloads/EngDados/ALURA/api_twitter/venv/lib/python3.9/site-packages/airflow/example_dags/example_task_group_decorator.py for tasks to queue
[2022-12-21 21:54:15,912] {logging_mixin.py:115} INFO - [2022-12-21 21:54:15,912] {dagbag.py:507} INFO - Filling up the DagBag from /home/nayara/Downloads/EngDados/ALURA/api_twitter/venv/lib/python3.9/site-packages/airflow/example_dags/example_task_group_decorator.py
[2022-12-21 21:54:15,947] {processor.py:651} INFO - DAG(s) dict_keys(['example_task_group_decorator']) retrieved from /home/nayara/Downloads/EngDados/ALURA/api_twitter/venv/lib/python3.9/site-packages/airflow/example_dags/example_task_group_decorator.py
[2022-12-21 21:54:15,969] {logging_mixin.py:115} INFO - [2022-12-21 21:54:15,969] {dag.py:2379} INFO - Sync 1 DAGs
[2022-12-21 21:54:15,991] {logging_mixin.py:115} INFO - [2022-12-21 21:54:15,991] {dag.py:2927} INFO - Setting next_dagrun for example_task_group_decorator to 2022-12-21T00:54:15.990673+00:00, run_after=2022-12-22T00:54:15.990673+00:00
[2022-12-21 21:54:16,257] {processor.py:161} INFO - Processing /home/nayara/Downloads/EngDados/ALURA/api_twitter/venv/lib/python3.9/site-packages/airflow/example_dags/example_task_group_decorator.py took 0.361 seconds
[2022-12-21 21:55:07,819] {processor.py:153} INFO - Started process (PID=18476) to work on /home/nayara/Downloads/EngDados/ALURA/api_twitter/venv/lib/python3.9/site-packages/airflow/example_dags/example_task_group_decorator.py
[2022-12-21 21:55:07,849] {processor.py:641} INFO - Processing file /home/nayara/Downloads/EngDados/ALURA/api_twitter/venv/lib/python3.9/site-packages/airflow/example_dags/example_task_group_decorator.py for tasks to queue
[2022-12-21 21:55:07,850] {logging_mixin.py:115} INFO - [2022-12-21 21:55:07,850] {dagbag.py:507} INFO - Filling up the DagBag from /home/nayara/Downloads/EngDados/ALURA/api_twitter/venv/lib/python3.9/site-packages/airflow/example_dags/example_task_group_decorator.py
[2022-12-21 21:55:07,896] {processor.py:651} INFO - DAG(s) dict_keys(['example_task_group_decorator']) retrieved from /home/nayara/Downloads/EngDados/ALURA/api_twitter/venv/lib/python3.9/site-packages/airflow/example_dags/example_task_group_decorator.py
[2022-12-21 21:55:07,922] {logging_mixin.py:115} INFO - [2022-12-21 21:55:07,922] {dag.py:2379} INFO - Sync 1 DAGs
[2022-12-21 21:55:07,946] {logging_mixin.py:115} INFO - [2022-12-21 21:55:07,946] {dag.py:2927} INFO - Setting next_dagrun for example_task_group_decorator to 2022-12-21T00:55:07.945817+00:00, run_after=2022-12-22T00:55:07.945817+00:00
[2022-12-21 21:55:08,230] {processor.py:161} INFO - Processing /home/nayara/Downloads/EngDados/ALURA/api_twitter/venv/lib/python3.9/site-packages/airflow/example_dags/example_task_group_decorator.py took 0.415 seconds
