[2022-12-21 21:37:53,831] {processor.py:153} INFO - Started process (PID=16148) to work on /home/nayara/Downloads/EngDados/ALURA/api_twitter/venv/lib/python3.9/site-packages/airflow/example_dags/example_latest_only_with_trigger.py
[2022-12-21 21:37:53,832] {processor.py:641} INFO - Processing file /home/nayara/Downloads/EngDados/ALURA/api_twitter/venv/lib/python3.9/site-packages/airflow/example_dags/example_latest_only_with_trigger.py for tasks to queue
[2022-12-21 21:37:53,834] {logging_mixin.py:115} INFO - [2022-12-21 21:37:53,834] {dagbag.py:507} INFO - Filling up the DagBag from /home/nayara/Downloads/EngDados/ALURA/api_twitter/venv/lib/python3.9/site-packages/airflow/example_dags/example_latest_only_with_trigger.py
[2022-12-21 21:37:53,855] {processor.py:651} INFO - DAG(s) dict_keys(['latest_only_with_trigger']) retrieved from /home/nayara/Downloads/EngDados/ALURA/api_twitter/venv/lib/python3.9/site-packages/airflow/example_dags/example_latest_only_with_trigger.py
[2022-12-21 21:37:54,438] {logging_mixin.py:115} INFO - [2022-12-21 21:37:54,438] {manager.py:508} INFO - Created Permission View: can read on DAG:latest_only_with_trigger
[2022-12-21 21:37:54,702] {logging_mixin.py:115} INFO - [2022-12-21 21:37:54,701] {manager.py:508} INFO - Created Permission View: can delete on DAG:latest_only_with_trigger
[2022-12-21 21:37:54,920] {logging_mixin.py:115} INFO - [2022-12-21 21:37:54,919] {manager.py:508} INFO - Created Permission View: can edit on DAG:latest_only_with_trigger
[2022-12-21 21:37:54,921] {logging_mixin.py:115} INFO - [2022-12-21 21:37:54,921] {dag.py:2379} INFO - Sync 1 DAGs
[2022-12-21 21:37:54,965] {logging_mixin.py:115} INFO - [2022-12-21 21:37:54,965] {dag.py:2398} INFO - Creating ORM DAG for latest_only_with_trigger
[2022-12-21 21:37:55,016] {logging_mixin.py:115} INFO - [2022-12-21 21:37:55,016] {dag.py:2927} INFO - Setting next_dagrun for latest_only_with_trigger to 2022-12-21T20:37:55.015378+00:00, run_after=2022-12-22T00:37:55.015378+00:00
[2022-12-21 21:37:55,429] {processor.py:161} INFO - Processing /home/nayara/Downloads/EngDados/ALURA/api_twitter/venv/lib/python3.9/site-packages/airflow/example_dags/example_latest_only_with_trigger.py took 1.608 seconds
[2022-12-21 21:39:31,105] {processor.py:153} INFO - Started process (PID=16264) to work on /home/nayara/Downloads/EngDados/ALURA/api_twitter/venv/lib/python3.9/site-packages/airflow/example_dags/example_latest_only_with_trigger.py
[2022-12-21 21:39:31,129] {processor.py:641} INFO - Processing file /home/nayara/Downloads/EngDados/ALURA/api_twitter/venv/lib/python3.9/site-packages/airflow/example_dags/example_latest_only_with_trigger.py for tasks to queue
[2022-12-21 21:39:31,130] {logging_mixin.py:115} INFO - [2022-12-21 21:39:31,130] {dagbag.py:507} INFO - Filling up the DagBag from /home/nayara/Downloads/EngDados/ALURA/api_twitter/venv/lib/python3.9/site-packages/airflow/example_dags/example_latest_only_with_trigger.py
[2022-12-21 21:39:31,215] {processor.py:651} INFO - DAG(s) dict_keys(['latest_only_with_trigger']) retrieved from /home/nayara/Downloads/EngDados/ALURA/api_twitter/venv/lib/python3.9/site-packages/airflow/example_dags/example_latest_only_with_trigger.py
[2022-12-21 21:39:31,251] {logging_mixin.py:115} INFO - [2022-12-21 21:39:31,251] {dag.py:2379} INFO - Sync 1 DAGs
[2022-12-21 21:39:31,273] {logging_mixin.py:115} INFO - [2022-12-21 21:39:31,273] {dag.py:2927} INFO - Setting next_dagrun for latest_only_with_trigger to 2022-12-21T20:39:31.273026+00:00, run_after=2022-12-22T00:39:31.273026+00:00
[2022-12-21 21:39:31,732] {processor.py:161} INFO - Processing /home/nayara/Downloads/EngDados/ALURA/api_twitter/venv/lib/python3.9/site-packages/airflow/example_dags/example_latest_only_with_trigger.py took 0.640 seconds
[2022-12-21 21:40:19,940] {processor.py:153} INFO - Started process (PID=16329) to work on /home/nayara/Downloads/EngDados/ALURA/api_twitter/venv/lib/python3.9/site-packages/airflow/example_dags/example_latest_only_with_trigger.py
[2022-12-21 21:40:19,992] {processor.py:641} INFO - Processing file /home/nayara/Downloads/EngDados/ALURA/api_twitter/venv/lib/python3.9/site-packages/airflow/example_dags/example_latest_only_with_trigger.py for tasks to queue
[2022-12-21 21:40:19,993] {logging_mixin.py:115} INFO - [2022-12-21 21:40:19,992] {dagbag.py:507} INFO - Filling up the DagBag from /home/nayara/Downloads/EngDados/ALURA/api_twitter/venv/lib/python3.9/site-packages/airflow/example_dags/example_latest_only_with_trigger.py
[2022-12-21 21:40:20,004] {processor.py:651} INFO - DAG(s) dict_keys(['latest_only_with_trigger']) retrieved from /home/nayara/Downloads/EngDados/ALURA/api_twitter/venv/lib/python3.9/site-packages/airflow/example_dags/example_latest_only_with_trigger.py
[2022-12-21 21:40:20,026] {logging_mixin.py:115} INFO - [2022-12-21 21:40:20,026] {dag.py:2379} INFO - Sync 1 DAGs
[2022-12-21 21:40:20,048] {logging_mixin.py:115} INFO - [2022-12-21 21:40:20,048] {dag.py:2927} INFO - Setting next_dagrun for latest_only_with_trigger to 2022-12-21T20:40:20.048111+00:00, run_after=2022-12-22T00:40:20.048111+00:00
[2022-12-21 21:40:20,426] {processor.py:161} INFO - Processing /home/nayara/Downloads/EngDados/ALURA/api_twitter/venv/lib/python3.9/site-packages/airflow/example_dags/example_latest_only_with_trigger.py took 0.491 seconds
[2022-12-21 21:41:29,261] {processor.py:153} INFO - Started process (PID=16484) to work on /home/nayara/Downloads/EngDados/ALURA/api_twitter/venv/lib/python3.9/site-packages/airflow/example_dags/example_latest_only_with_trigger.py
[2022-12-21 21:41:29,264] {processor.py:641} INFO - Processing file /home/nayara/Downloads/EngDados/ALURA/api_twitter/venv/lib/python3.9/site-packages/airflow/example_dags/example_latest_only_with_trigger.py for tasks to queue
[2022-12-21 21:41:29,266] {logging_mixin.py:115} INFO - [2022-12-21 21:41:29,266] {dagbag.py:507} INFO - Filling up the DagBag from /home/nayara/Downloads/EngDados/ALURA/api_twitter/venv/lib/python3.9/site-packages/airflow/example_dags/example_latest_only_with_trigger.py
[2022-12-21 21:41:29,280] {processor.py:651} INFO - DAG(s) dict_keys(['latest_only_with_trigger']) retrieved from /home/nayara/Downloads/EngDados/ALURA/api_twitter/venv/lib/python3.9/site-packages/airflow/example_dags/example_latest_only_with_trigger.py
[2022-12-21 21:41:29,305] {logging_mixin.py:115} INFO - [2022-12-21 21:41:29,305] {dag.py:2379} INFO - Sync 1 DAGs
[2022-12-21 21:41:29,332] {logging_mixin.py:115} INFO - [2022-12-21 21:41:29,331] {dag.py:2927} INFO - Setting next_dagrun for latest_only_with_trigger to 2022-12-21T20:41:29.331474+00:00, run_after=2022-12-22T00:41:29.331474+00:00
[2022-12-21 21:41:29,693] {processor.py:161} INFO - Processing /home/nayara/Downloads/EngDados/ALURA/api_twitter/venv/lib/python3.9/site-packages/airflow/example_dags/example_latest_only_with_trigger.py took 0.450 seconds
[2022-12-21 21:42:20,436] {processor.py:153} INFO - Started process (PID=16568) to work on /home/nayara/Downloads/EngDados/ALURA/api_twitter/venv/lib/python3.9/site-packages/airflow/example_dags/example_latest_only_with_trigger.py
[2022-12-21 21:42:20,454] {processor.py:641} INFO - Processing file /home/nayara/Downloads/EngDados/ALURA/api_twitter/venv/lib/python3.9/site-packages/airflow/example_dags/example_latest_only_with_trigger.py for tasks to queue
[2022-12-21 21:42:20,457] {logging_mixin.py:115} INFO - [2022-12-21 21:42:20,456] {dagbag.py:507} INFO - Filling up the DagBag from /home/nayara/Downloads/EngDados/ALURA/api_twitter/venv/lib/python3.9/site-packages/airflow/example_dags/example_latest_only_with_trigger.py
[2022-12-21 21:42:20,475] {processor.py:651} INFO - DAG(s) dict_keys(['latest_only_with_trigger']) retrieved from /home/nayara/Downloads/EngDados/ALURA/api_twitter/venv/lib/python3.9/site-packages/airflow/example_dags/example_latest_only_with_trigger.py
[2022-12-21 21:42:20,501] {logging_mixin.py:115} INFO - [2022-12-21 21:42:20,501] {dag.py:2379} INFO - Sync 1 DAGs
[2022-12-21 21:42:20,528] {logging_mixin.py:115} INFO - [2022-12-21 21:42:20,528] {dag.py:2927} INFO - Setting next_dagrun for latest_only_with_trigger to 2022-12-21T20:42:20.527885+00:00, run_after=2022-12-22T00:42:20.527885+00:00
[2022-12-21 21:42:20,826] {processor.py:161} INFO - Processing /home/nayara/Downloads/EngDados/ALURA/api_twitter/venv/lib/python3.9/site-packages/airflow/example_dags/example_latest_only_with_trigger.py took 0.409 seconds
[2022-12-21 21:43:27,230] {processor.py:153} INFO - Started process (PID=16657) to work on /home/nayara/Downloads/EngDados/ALURA/api_twitter/venv/lib/python3.9/site-packages/airflow/example_dags/example_latest_only_with_trigger.py
[2022-12-21 21:43:27,233] {processor.py:641} INFO - Processing file /home/nayara/Downloads/EngDados/ALURA/api_twitter/venv/lib/python3.9/site-packages/airflow/example_dags/example_latest_only_with_trigger.py for tasks to queue
[2022-12-21 21:43:27,234] {logging_mixin.py:115} INFO - [2022-12-21 21:43:27,234] {dagbag.py:507} INFO - Filling up the DagBag from /home/nayara/Downloads/EngDados/ALURA/api_twitter/venv/lib/python3.9/site-packages/airflow/example_dags/example_latest_only_with_trigger.py
[2022-12-21 21:43:27,257] {processor.py:651} INFO - DAG(s) dict_keys(['latest_only_with_trigger']) retrieved from /home/nayara/Downloads/EngDados/ALURA/api_twitter/venv/lib/python3.9/site-packages/airflow/example_dags/example_latest_only_with_trigger.py
[2022-12-21 21:43:27,292] {logging_mixin.py:115} INFO - [2022-12-21 21:43:27,292] {dag.py:2379} INFO - Sync 1 DAGs
[2022-12-21 21:43:27,320] {logging_mixin.py:115} INFO - [2022-12-21 21:43:27,320] {dag.py:2927} INFO - Setting next_dagrun for latest_only_with_trigger to 2022-12-21T20:43:27.319713+00:00, run_after=2022-12-22T00:43:27.319713+00:00
[2022-12-21 21:43:27,649] {processor.py:161} INFO - Processing /home/nayara/Downloads/EngDados/ALURA/api_twitter/venv/lib/python3.9/site-packages/airflow/example_dags/example_latest_only_with_trigger.py took 0.430 seconds
[2022-12-21 21:44:23,328] {processor.py:153} INFO - Started process (PID=16718) to work on /home/nayara/Downloads/EngDados/ALURA/api_twitter/venv/lib/python3.9/site-packages/airflow/example_dags/example_latest_only_with_trigger.py
[2022-12-21 21:44:23,329] {processor.py:641} INFO - Processing file /home/nayara/Downloads/EngDados/ALURA/api_twitter/venv/lib/python3.9/site-packages/airflow/example_dags/example_latest_only_with_trigger.py for tasks to queue
[2022-12-21 21:44:23,330] {logging_mixin.py:115} INFO - [2022-12-21 21:44:23,330] {dagbag.py:507} INFO - Filling up the DagBag from /home/nayara/Downloads/EngDados/ALURA/api_twitter/venv/lib/python3.9/site-packages/airflow/example_dags/example_latest_only_with_trigger.py
[2022-12-21 21:44:23,341] {processor.py:651} INFO - DAG(s) dict_keys(['latest_only_with_trigger']) retrieved from /home/nayara/Downloads/EngDados/ALURA/api_twitter/venv/lib/python3.9/site-packages/airflow/example_dags/example_latest_only_with_trigger.py
[2022-12-21 21:44:23,361] {logging_mixin.py:115} INFO - [2022-12-21 21:44:23,361] {dag.py:2379} INFO - Sync 1 DAGs
[2022-12-21 21:44:23,389] {logging_mixin.py:115} INFO - [2022-12-21 21:44:23,388] {dag.py:2927} INFO - Setting next_dagrun for latest_only_with_trigger to 2022-12-21T20:44:23.388457+00:00, run_after=2022-12-22T00:44:23.388457+00:00
[2022-12-21 21:44:23,779] {processor.py:161} INFO - Processing /home/nayara/Downloads/EngDados/ALURA/api_twitter/venv/lib/python3.9/site-packages/airflow/example_dags/example_latest_only_with_trigger.py took 0.466 seconds
[2022-12-21 21:45:18,753] {processor.py:153} INFO - Started process (PID=16818) to work on /home/nayara/Downloads/EngDados/ALURA/api_twitter/venv/lib/python3.9/site-packages/airflow/example_dags/example_latest_only_with_trigger.py
[2022-12-21 21:45:18,756] {processor.py:641} INFO - Processing file /home/nayara/Downloads/EngDados/ALURA/api_twitter/venv/lib/python3.9/site-packages/airflow/example_dags/example_latest_only_with_trigger.py for tasks to queue
[2022-12-21 21:45:18,757] {logging_mixin.py:115} INFO - [2022-12-21 21:45:18,757] {dagbag.py:507} INFO - Filling up the DagBag from /home/nayara/Downloads/EngDados/ALURA/api_twitter/venv/lib/python3.9/site-packages/airflow/example_dags/example_latest_only_with_trigger.py
[2022-12-21 21:45:18,783] {processor.py:651} INFO - DAG(s) dict_keys(['latest_only_with_trigger']) retrieved from /home/nayara/Downloads/EngDados/ALURA/api_twitter/venv/lib/python3.9/site-packages/airflow/example_dags/example_latest_only_with_trigger.py
[2022-12-21 21:45:18,822] {logging_mixin.py:115} INFO - [2022-12-21 21:45:18,822] {dag.py:2379} INFO - Sync 1 DAGs
[2022-12-21 21:45:18,855] {logging_mixin.py:115} INFO - [2022-12-21 21:45:18,854] {dag.py:2927} INFO - Setting next_dagrun for latest_only_with_trigger to 2022-12-21T20:45:18.854460+00:00, run_after=2022-12-22T00:45:18.854460+00:00
[2022-12-21 21:45:19,158] {processor.py:161} INFO - Processing /home/nayara/Downloads/EngDados/ALURA/api_twitter/venv/lib/python3.9/site-packages/airflow/example_dags/example_latest_only_with_trigger.py took 0.418 seconds
[2022-12-21 21:46:18,271] {processor.py:153} INFO - Started process (PID=17093) to work on /home/nayara/Downloads/EngDados/ALURA/api_twitter/venv/lib/python3.9/site-packages/airflow/example_dags/example_latest_only_with_trigger.py
[2022-12-21 21:46:18,295] {processor.py:641} INFO - Processing file /home/nayara/Downloads/EngDados/ALURA/api_twitter/venv/lib/python3.9/site-packages/airflow/example_dags/example_latest_only_with_trigger.py for tasks to queue
[2022-12-21 21:46:18,297] {logging_mixin.py:115} INFO - [2022-12-21 21:46:18,297] {dagbag.py:507} INFO - Filling up the DagBag from /home/nayara/Downloads/EngDados/ALURA/api_twitter/venv/lib/python3.9/site-packages/airflow/example_dags/example_latest_only_with_trigger.py
[2022-12-21 21:46:18,310] {processor.py:651} INFO - DAG(s) dict_keys(['latest_only_with_trigger']) retrieved from /home/nayara/Downloads/EngDados/ALURA/api_twitter/venv/lib/python3.9/site-packages/airflow/example_dags/example_latest_only_with_trigger.py
[2022-12-21 21:46:18,347] {logging_mixin.py:115} INFO - [2022-12-21 21:46:18,347] {dag.py:2379} INFO - Sync 1 DAGs
[2022-12-21 21:46:18,379] {logging_mixin.py:115} INFO - [2022-12-21 21:46:18,378] {dag.py:2927} INFO - Setting next_dagrun for latest_only_with_trigger to 2022-12-21T20:46:18.378609+00:00, run_after=2022-12-22T00:46:18.378609+00:00
[2022-12-21 21:46:18,699] {processor.py:161} INFO - Processing /home/nayara/Downloads/EngDados/ALURA/api_twitter/venv/lib/python3.9/site-packages/airflow/example_dags/example_latest_only_with_trigger.py took 0.435 seconds
[2022-12-21 21:47:28,639] {processor.py:153} INFO - Started process (PID=17379) to work on /home/nayara/Downloads/EngDados/ALURA/api_twitter/venv/lib/python3.9/site-packages/airflow/example_dags/example_latest_only_with_trigger.py
[2022-12-21 21:47:28,653] {processor.py:641} INFO - Processing file /home/nayara/Downloads/EngDados/ALURA/api_twitter/venv/lib/python3.9/site-packages/airflow/example_dags/example_latest_only_with_trigger.py for tasks to queue
[2022-12-21 21:47:28,654] {logging_mixin.py:115} INFO - [2022-12-21 21:47:28,654] {dagbag.py:507} INFO - Filling up the DagBag from /home/nayara/Downloads/EngDados/ALURA/api_twitter/venv/lib/python3.9/site-packages/airflow/example_dags/example_latest_only_with_trigger.py
[2022-12-21 21:47:28,663] {processor.py:651} INFO - DAG(s) dict_keys(['latest_only_with_trigger']) retrieved from /home/nayara/Downloads/EngDados/ALURA/api_twitter/venv/lib/python3.9/site-packages/airflow/example_dags/example_latest_only_with_trigger.py
[2022-12-21 21:47:28,689] {logging_mixin.py:115} INFO - [2022-12-21 21:47:28,689] {dag.py:2379} INFO - Sync 1 DAGs
[2022-12-21 21:47:28,713] {logging_mixin.py:115} INFO - [2022-12-21 21:47:28,713] {dag.py:2927} INFO - Setting next_dagrun for latest_only_with_trigger to 2022-12-21T20:47:28.713230+00:00, run_after=2022-12-22T00:47:28.713230+00:00
[2022-12-21 21:47:29,023] {processor.py:161} INFO - Processing /home/nayara/Downloads/EngDados/ALURA/api_twitter/venv/lib/python3.9/site-packages/airflow/example_dags/example_latest_only_with_trigger.py took 0.388 seconds
[2022-12-21 21:48:32,091] {processor.py:153} INFO - Started process (PID=17459) to work on /home/nayara/Downloads/EngDados/ALURA/api_twitter/venv/lib/python3.9/site-packages/airflow/example_dags/example_latest_only_with_trigger.py
[2022-12-21 21:48:32,104] {processor.py:641} INFO - Processing file /home/nayara/Downloads/EngDados/ALURA/api_twitter/venv/lib/python3.9/site-packages/airflow/example_dags/example_latest_only_with_trigger.py for tasks to queue
[2022-12-21 21:48:32,104] {logging_mixin.py:115} INFO - [2022-12-21 21:48:32,104] {dagbag.py:507} INFO - Filling up the DagBag from /home/nayara/Downloads/EngDados/ALURA/api_twitter/venv/lib/python3.9/site-packages/airflow/example_dags/example_latest_only_with_trigger.py
[2022-12-21 21:48:32,116] {processor.py:651} INFO - DAG(s) dict_keys(['latest_only_with_trigger']) retrieved from /home/nayara/Downloads/EngDados/ALURA/api_twitter/venv/lib/python3.9/site-packages/airflow/example_dags/example_latest_only_with_trigger.py
[2022-12-21 21:48:32,140] {logging_mixin.py:115} INFO - [2022-12-21 21:48:32,140] {dag.py:2379} INFO - Sync 1 DAGs
[2022-12-21 21:48:32,171] {logging_mixin.py:115} INFO - [2022-12-21 21:48:32,171] {dag.py:2927} INFO - Setting next_dagrun for latest_only_with_trigger to 2022-12-21T20:48:32.170870+00:00, run_after=2022-12-22T00:48:32.170870+00:00
[2022-12-21 21:48:32,502] {processor.py:161} INFO - Processing /home/nayara/Downloads/EngDados/ALURA/api_twitter/venv/lib/python3.9/site-packages/airflow/example_dags/example_latest_only_with_trigger.py took 0.416 seconds
[2022-12-21 21:49:53,982] {processor.py:153} INFO - Started process (PID=17549) to work on /home/nayara/Downloads/EngDados/ALURA/api_twitter/venv/lib/python3.9/site-packages/airflow/example_dags/example_latest_only_with_trigger.py
[2022-12-21 21:49:53,984] {processor.py:641} INFO - Processing file /home/nayara/Downloads/EngDados/ALURA/api_twitter/venv/lib/python3.9/site-packages/airflow/example_dags/example_latest_only_with_trigger.py for tasks to queue
[2022-12-21 21:49:53,985] {logging_mixin.py:115} INFO - [2022-12-21 21:49:53,985] {dagbag.py:507} INFO - Filling up the DagBag from /home/nayara/Downloads/EngDados/ALURA/api_twitter/venv/lib/python3.9/site-packages/airflow/example_dags/example_latest_only_with_trigger.py
[2022-12-21 21:49:53,997] {processor.py:651} INFO - DAG(s) dict_keys(['latest_only_with_trigger']) retrieved from /home/nayara/Downloads/EngDados/ALURA/api_twitter/venv/lib/python3.9/site-packages/airflow/example_dags/example_latest_only_with_trigger.py
[2022-12-21 21:49:54,019] {logging_mixin.py:115} INFO - [2022-12-21 21:49:54,019] {dag.py:2379} INFO - Sync 1 DAGs
[2022-12-21 21:49:54,041] {logging_mixin.py:115} INFO - [2022-12-21 21:49:54,041] {dag.py:2927} INFO - Setting next_dagrun for latest_only_with_trigger to 2022-12-21T20:49:54.040729+00:00, run_after=2022-12-22T00:49:54.040729+00:00
[2022-12-21 21:49:54,324] {processor.py:161} INFO - Processing /home/nayara/Downloads/EngDados/ALURA/api_twitter/venv/lib/python3.9/site-packages/airflow/example_dags/example_latest_only_with_trigger.py took 0.349 seconds
[2022-12-21 21:50:53,386] {processor.py:153} INFO - Started process (PID=17804) to work on /home/nayara/Downloads/EngDados/ALURA/api_twitter/venv/lib/python3.9/site-packages/airflow/example_dags/example_latest_only_with_trigger.py
[2022-12-21 21:50:53,411] {processor.py:641} INFO - Processing file /home/nayara/Downloads/EngDados/ALURA/api_twitter/venv/lib/python3.9/site-packages/airflow/example_dags/example_latest_only_with_trigger.py for tasks to queue
[2022-12-21 21:50:53,412] {logging_mixin.py:115} INFO - [2022-12-21 21:50:53,412] {dagbag.py:507} INFO - Filling up the DagBag from /home/nayara/Downloads/EngDados/ALURA/api_twitter/venv/lib/python3.9/site-packages/airflow/example_dags/example_latest_only_with_trigger.py
[2022-12-21 21:50:53,422] {processor.py:651} INFO - DAG(s) dict_keys(['latest_only_with_trigger']) retrieved from /home/nayara/Downloads/EngDados/ALURA/api_twitter/venv/lib/python3.9/site-packages/airflow/example_dags/example_latest_only_with_trigger.py
[2022-12-21 21:50:53,444] {logging_mixin.py:115} INFO - [2022-12-21 21:50:53,443] {dag.py:2379} INFO - Sync 1 DAGs
[2022-12-21 21:50:53,466] {logging_mixin.py:115} INFO - [2022-12-21 21:50:53,466] {dag.py:2927} INFO - Setting next_dagrun for latest_only_with_trigger to 2022-12-21T20:50:53.465815+00:00, run_after=2022-12-22T00:50:53.465815+00:00
[2022-12-21 21:50:53,822] {processor.py:161} INFO - Processing /home/nayara/Downloads/EngDados/ALURA/api_twitter/venv/lib/python3.9/site-packages/airflow/example_dags/example_latest_only_with_trigger.py took 0.443 seconds
[2022-12-21 21:51:42,813] {processor.py:153} INFO - Started process (PID=17915) to work on /home/nayara/Downloads/EngDados/ALURA/api_twitter/venv/lib/python3.9/site-packages/airflow/example_dags/example_latest_only_with_trigger.py
[2022-12-21 21:51:42,829] {processor.py:641} INFO - Processing file /home/nayara/Downloads/EngDados/ALURA/api_twitter/venv/lib/python3.9/site-packages/airflow/example_dags/example_latest_only_with_trigger.py for tasks to queue
[2022-12-21 21:51:42,833] {logging_mixin.py:115} INFO - [2022-12-21 21:51:42,832] {dagbag.py:507} INFO - Filling up the DagBag from /home/nayara/Downloads/EngDados/ALURA/api_twitter/venv/lib/python3.9/site-packages/airflow/example_dags/example_latest_only_with_trigger.py
[2022-12-21 21:51:42,868] {processor.py:651} INFO - DAG(s) dict_keys(['latest_only_with_trigger']) retrieved from /home/nayara/Downloads/EngDados/ALURA/api_twitter/venv/lib/python3.9/site-packages/airflow/example_dags/example_latest_only_with_trigger.py
[2022-12-21 21:51:42,898] {logging_mixin.py:115} INFO - [2022-12-21 21:51:42,898] {dag.py:2379} INFO - Sync 1 DAGs
[2022-12-21 21:51:42,927] {logging_mixin.py:115} INFO - [2022-12-21 21:51:42,927] {dag.py:2927} INFO - Setting next_dagrun for latest_only_with_trigger to 2022-12-21T20:51:42.927225+00:00, run_after=2022-12-22T00:51:42.927225+00:00
[2022-12-21 21:51:43,326] {processor.py:161} INFO - Processing /home/nayara/Downloads/EngDados/ALURA/api_twitter/venv/lib/python3.9/site-packages/airflow/example_dags/example_latest_only_with_trigger.py took 0.530 seconds
[2022-12-21 21:52:40,422] {processor.py:153} INFO - Started process (PID=18180) to work on /home/nayara/Downloads/EngDados/ALURA/api_twitter/venv/lib/python3.9/site-packages/airflow/example_dags/example_latest_only_with_trigger.py
[2022-12-21 21:52:40,423] {processor.py:641} INFO - Processing file /home/nayara/Downloads/EngDados/ALURA/api_twitter/venv/lib/python3.9/site-packages/airflow/example_dags/example_latest_only_with_trigger.py for tasks to queue
[2022-12-21 21:52:40,424] {logging_mixin.py:115} INFO - [2022-12-21 21:52:40,424] {dagbag.py:507} INFO - Filling up the DagBag from /home/nayara/Downloads/EngDados/ALURA/api_twitter/venv/lib/python3.9/site-packages/airflow/example_dags/example_latest_only_with_trigger.py
[2022-12-21 21:52:40,434] {processor.py:651} INFO - DAG(s) dict_keys(['latest_only_with_trigger']) retrieved from /home/nayara/Downloads/EngDados/ALURA/api_twitter/venv/lib/python3.9/site-packages/airflow/example_dags/example_latest_only_with_trigger.py
[2022-12-21 21:52:40,455] {logging_mixin.py:115} INFO - [2022-12-21 21:52:40,455] {dag.py:2379} INFO - Sync 1 DAGs
[2022-12-21 21:52:40,477] {logging_mixin.py:115} INFO - [2022-12-21 21:52:40,477] {dag.py:2927} INFO - Setting next_dagrun for latest_only_with_trigger to 2022-12-21T20:52:40.477408+00:00, run_after=2022-12-22T00:52:40.477408+00:00
[2022-12-21 21:52:40,793] {processor.py:161} INFO - Processing /home/nayara/Downloads/EngDados/ALURA/api_twitter/venv/lib/python3.9/site-packages/airflow/example_dags/example_latest_only_with_trigger.py took 0.383 seconds
[2022-12-21 21:53:31,620] {processor.py:153} INFO - Started process (PID=18238) to work on /home/nayara/Downloads/EngDados/ALURA/api_twitter/venv/lib/python3.9/site-packages/airflow/example_dags/example_latest_only_with_trigger.py
[2022-12-21 21:53:31,621] {processor.py:641} INFO - Processing file /home/nayara/Downloads/EngDados/ALURA/api_twitter/venv/lib/python3.9/site-packages/airflow/example_dags/example_latest_only_with_trigger.py for tasks to queue
[2022-12-21 21:53:31,622] {logging_mixin.py:115} INFO - [2022-12-21 21:53:31,622] {dagbag.py:507} INFO - Filling up the DagBag from /home/nayara/Downloads/EngDados/ALURA/api_twitter/venv/lib/python3.9/site-packages/airflow/example_dags/example_latest_only_with_trigger.py
[2022-12-21 21:53:31,631] {processor.py:651} INFO - DAG(s) dict_keys(['latest_only_with_trigger']) retrieved from /home/nayara/Downloads/EngDados/ALURA/api_twitter/venv/lib/python3.9/site-packages/airflow/example_dags/example_latest_only_with_trigger.py
[2022-12-21 21:53:31,656] {logging_mixin.py:115} INFO - [2022-12-21 21:53:31,656] {dag.py:2379} INFO - Sync 1 DAGs
[2022-12-21 21:53:31,683] {logging_mixin.py:115} INFO - [2022-12-21 21:53:31,683] {dag.py:2927} INFO - Setting next_dagrun for latest_only_with_trigger to 2022-12-21T20:53:31.683397+00:00, run_after=2022-12-22T00:53:31.683397+00:00
[2022-12-21 21:53:32,055] {processor.py:161} INFO - Processing /home/nayara/Downloads/EngDados/ALURA/api_twitter/venv/lib/python3.9/site-packages/airflow/example_dags/example_latest_only_with_trigger.py took 0.440 seconds
[2022-12-21 21:54:24,015] {processor.py:153} INFO - Started process (PID=18399) to work on /home/nayara/Downloads/EngDados/ALURA/api_twitter/venv/lib/python3.9/site-packages/airflow/example_dags/example_latest_only_with_trigger.py
[2022-12-21 21:54:24,027] {processor.py:641} INFO - Processing file /home/nayara/Downloads/EngDados/ALURA/api_twitter/venv/lib/python3.9/site-packages/airflow/example_dags/example_latest_only_with_trigger.py for tasks to queue
[2022-12-21 21:54:24,028] {logging_mixin.py:115} INFO - [2022-12-21 21:54:24,028] {dagbag.py:507} INFO - Filling up the DagBag from /home/nayara/Downloads/EngDados/ALURA/api_twitter/venv/lib/python3.9/site-packages/airflow/example_dags/example_latest_only_with_trigger.py
[2022-12-21 21:54:24,042] {processor.py:651} INFO - DAG(s) dict_keys(['latest_only_with_trigger']) retrieved from /home/nayara/Downloads/EngDados/ALURA/api_twitter/venv/lib/python3.9/site-packages/airflow/example_dags/example_latest_only_with_trigger.py
[2022-12-21 21:54:24,064] {logging_mixin.py:115} INFO - [2022-12-21 21:54:24,064] {dag.py:2379} INFO - Sync 1 DAGs
[2022-12-21 21:54:24,086] {logging_mixin.py:115} INFO - [2022-12-21 21:54:24,086] {dag.py:2927} INFO - Setting next_dagrun for latest_only_with_trigger to 2022-12-21T20:54:24.085800+00:00, run_after=2022-12-22T00:54:24.085800+00:00
[2022-12-21 21:54:24,361] {processor.py:161} INFO - Processing /home/nayara/Downloads/EngDados/ALURA/api_twitter/venv/lib/python3.9/site-packages/airflow/example_dags/example_latest_only_with_trigger.py took 0.360 seconds
[2022-12-21 21:55:19,450] {processor.py:153} INFO - Started process (PID=18492) to work on /home/nayara/Downloads/EngDados/ALURA/api_twitter/venv/lib/python3.9/site-packages/airflow/example_dags/example_latest_only_with_trigger.py
[2022-12-21 21:55:19,456] {processor.py:641} INFO - Processing file /home/nayara/Downloads/EngDados/ALURA/api_twitter/venv/lib/python3.9/site-packages/airflow/example_dags/example_latest_only_with_trigger.py for tasks to queue
[2022-12-21 21:55:19,457] {logging_mixin.py:115} INFO - [2022-12-21 21:55:19,457] {dagbag.py:507} INFO - Filling up the DagBag from /home/nayara/Downloads/EngDados/ALURA/api_twitter/venv/lib/python3.9/site-packages/airflow/example_dags/example_latest_only_with_trigger.py
[2022-12-21 21:55:19,469] {processor.py:651} INFO - DAG(s) dict_keys(['latest_only_with_trigger']) retrieved from /home/nayara/Downloads/EngDados/ALURA/api_twitter/venv/lib/python3.9/site-packages/airflow/example_dags/example_latest_only_with_trigger.py
[2022-12-21 21:55:19,492] {logging_mixin.py:115} INFO - [2022-12-21 21:55:19,491] {dag.py:2379} INFO - Sync 1 DAGs
[2022-12-21 21:55:19,514] {logging_mixin.py:115} INFO - [2022-12-21 21:55:19,514] {dag.py:2927} INFO - Setting next_dagrun for latest_only_with_trigger to 2022-12-21T20:55:19.513832+00:00, run_after=2022-12-22T00:55:19.513832+00:00
[2022-12-21 21:55:19,796] {processor.py:161} INFO - Processing /home/nayara/Downloads/EngDados/ALURA/api_twitter/venv/lib/python3.9/site-packages/airflow/example_dags/example_latest_only_with_trigger.py took 0.358 seconds
