[2022-12-21 21:37:38,846] {processor.py:153} INFO - Started process (PID=16141) to work on /home/nayara/Downloads/EngDados/ALURA/api_twitter/venv/lib/python3.9/site-packages/airflow/example_dags/example_kubernetes_executor.py
[2022-12-21 21:37:38,848] {processor.py:641} INFO - Processing file /home/nayara/Downloads/EngDados/ALURA/api_twitter/venv/lib/python3.9/site-packages/airflow/example_dags/example_kubernetes_executor.py for tasks to queue
[2022-12-21 21:37:38,852] {logging_mixin.py:115} INFO - [2022-12-21 21:37:38,851] {dagbag.py:507} INFO - Filling up the DagBag from /home/nayara/Downloads/EngDados/ALURA/api_twitter/venv/lib/python3.9/site-packages/airflow/example_dags/example_kubernetes_executor.py
[2022-12-21 21:37:38,961] {logging_mixin.py:115} INFO - [2022-12-21 21:37:38,961] {example_kubernetes_executor.py:39} WARNING - The example_kubernetes_executor example DAG requires the kubernetes provider. Please install it with: pip install apache-airflow[cncf.kubernetes]
[2022-12-21 21:37:38,962] {processor.py:653} WARNING - No viable dags retrieved from /home/nayara/Downloads/EngDados/ALURA/api_twitter/venv/lib/python3.9/site-packages/airflow/example_dags/example_kubernetes_executor.py
[2022-12-21 21:37:38,991] {processor.py:161} INFO - Processing /home/nayara/Downloads/EngDados/ALURA/api_twitter/venv/lib/python3.9/site-packages/airflow/example_dags/example_kubernetes_executor.py took 0.164 seconds
[2022-12-21 21:39:04,019] {processor.py:153} INFO - Started process (PID=16226) to work on /home/nayara/Downloads/EngDados/ALURA/api_twitter/venv/lib/python3.9/site-packages/airflow/example_dags/example_kubernetes_executor.py
[2022-12-21 21:39:04,027] {processor.py:641} INFO - Processing file /home/nayara/Downloads/EngDados/ALURA/api_twitter/venv/lib/python3.9/site-packages/airflow/example_dags/example_kubernetes_executor.py for tasks to queue
[2022-12-21 21:39:04,030] {logging_mixin.py:115} INFO - [2022-12-21 21:39:04,030] {dagbag.py:507} INFO - Filling up the DagBag from /home/nayara/Downloads/EngDados/ALURA/api_twitter/venv/lib/python3.9/site-packages/airflow/example_dags/example_kubernetes_executor.py
[2022-12-21 21:39:04,105] {logging_mixin.py:115} INFO - [2022-12-21 21:39:04,105] {example_kubernetes_executor.py:39} WARNING - The example_kubernetes_executor example DAG requires the kubernetes provider. Please install it with: pip install apache-airflow[cncf.kubernetes]
[2022-12-21 21:39:04,106] {processor.py:653} WARNING - No viable dags retrieved from /home/nayara/Downloads/EngDados/ALURA/api_twitter/venv/lib/python3.9/site-packages/airflow/example_dags/example_kubernetes_executor.py
[2022-12-21 21:39:04,120] {processor.py:161} INFO - Processing /home/nayara/Downloads/EngDados/ALURA/api_twitter/venv/lib/python3.9/site-packages/airflow/example_dags/example_kubernetes_executor.py took 0.117 seconds
[2022-12-21 21:39:56,139] {processor.py:153} INFO - Started process (PID=16307) to work on /home/nayara/Downloads/EngDados/ALURA/api_twitter/venv/lib/python3.9/site-packages/airflow/example_dags/example_kubernetes_executor.py
[2022-12-21 21:39:56,140] {processor.py:641} INFO - Processing file /home/nayara/Downloads/EngDados/ALURA/api_twitter/venv/lib/python3.9/site-packages/airflow/example_dags/example_kubernetes_executor.py for tasks to queue
[2022-12-21 21:39:56,141] {logging_mixin.py:115} INFO - [2022-12-21 21:39:56,141] {dagbag.py:507} INFO - Filling up the DagBag from /home/nayara/Downloads/EngDados/ALURA/api_twitter/venv/lib/python3.9/site-packages/airflow/example_dags/example_kubernetes_executor.py
[2022-12-21 21:39:56,165] {logging_mixin.py:115} INFO - [2022-12-21 21:39:56,165] {example_kubernetes_executor.py:39} WARNING - The example_kubernetes_executor example DAG requires the kubernetes provider. Please install it with: pip install apache-airflow[cncf.kubernetes]
[2022-12-21 21:39:56,166] {processor.py:653} WARNING - No viable dags retrieved from /home/nayara/Downloads/EngDados/ALURA/api_twitter/venv/lib/python3.9/site-packages/airflow/example_dags/example_kubernetes_executor.py
[2022-12-21 21:39:56,181] {processor.py:161} INFO - Processing /home/nayara/Downloads/EngDados/ALURA/api_twitter/venv/lib/python3.9/site-packages/airflow/example_dags/example_kubernetes_executor.py took 0.051 seconds
[2022-12-21 21:40:56,120] {processor.py:153} INFO - Started process (PID=16399) to work on /home/nayara/Downloads/EngDados/ALURA/api_twitter/venv/lib/python3.9/site-packages/airflow/example_dags/example_kubernetes_executor.py
[2022-12-21 21:40:56,123] {processor.py:641} INFO - Processing file /home/nayara/Downloads/EngDados/ALURA/api_twitter/venv/lib/python3.9/site-packages/airflow/example_dags/example_kubernetes_executor.py for tasks to queue
[2022-12-21 21:40:56,126] {logging_mixin.py:115} INFO - [2022-12-21 21:40:56,125] {dagbag.py:507} INFO - Filling up the DagBag from /home/nayara/Downloads/EngDados/ALURA/api_twitter/venv/lib/python3.9/site-packages/airflow/example_dags/example_kubernetes_executor.py
[2022-12-21 21:40:56,166] {logging_mixin.py:115} INFO - [2022-12-21 21:40:56,166] {example_kubernetes_executor.py:39} WARNING - The example_kubernetes_executor example DAG requires the kubernetes provider. Please install it with: pip install apache-airflow[cncf.kubernetes]
[2022-12-21 21:40:56,166] {processor.py:653} WARNING - No viable dags retrieved from /home/nayara/Downloads/EngDados/ALURA/api_twitter/venv/lib/python3.9/site-packages/airflow/example_dags/example_kubernetes_executor.py
[2022-12-21 21:40:56,185] {processor.py:161} INFO - Processing /home/nayara/Downloads/EngDados/ALURA/api_twitter/venv/lib/python3.9/site-packages/airflow/example_dags/example_kubernetes_executor.py took 0.076 seconds
[2022-12-21 21:41:49,750] {processor.py:153} INFO - Started process (PID=16542) to work on /home/nayara/Downloads/EngDados/ALURA/api_twitter/venv/lib/python3.9/site-packages/airflow/example_dags/example_kubernetes_executor.py
[2022-12-21 21:41:49,834] {processor.py:641} INFO - Processing file /home/nayara/Downloads/EngDados/ALURA/api_twitter/venv/lib/python3.9/site-packages/airflow/example_dags/example_kubernetes_executor.py for tasks to queue
[2022-12-21 21:41:49,837] {logging_mixin.py:115} INFO - [2022-12-21 21:41:49,837] {dagbag.py:507} INFO - Filling up the DagBag from /home/nayara/Downloads/EngDados/ALURA/api_twitter/venv/lib/python3.9/site-packages/airflow/example_dags/example_kubernetes_executor.py
[2022-12-21 21:41:49,883] {logging_mixin.py:115} INFO - [2022-12-21 21:41:49,883] {example_kubernetes_executor.py:39} WARNING - The example_kubernetes_executor example DAG requires the kubernetes provider. Please install it with: pip install apache-airflow[cncf.kubernetes]
[2022-12-21 21:41:49,883] {processor.py:653} WARNING - No viable dags retrieved from /home/nayara/Downloads/EngDados/ALURA/api_twitter/venv/lib/python3.9/site-packages/airflow/example_dags/example_kubernetes_executor.py
[2022-12-21 21:41:49,900] {processor.py:161} INFO - Processing /home/nayara/Downloads/EngDados/ALURA/api_twitter/venv/lib/python3.9/site-packages/airflow/example_dags/example_kubernetes_executor.py took 0.161 seconds
[2022-12-21 21:42:38,849] {processor.py:153} INFO - Started process (PID=16584) to work on /home/nayara/Downloads/EngDados/ALURA/api_twitter/venv/lib/python3.9/site-packages/airflow/example_dags/example_kubernetes_executor.py
[2022-12-21 21:42:38,852] {processor.py:641} INFO - Processing file /home/nayara/Downloads/EngDados/ALURA/api_twitter/venv/lib/python3.9/site-packages/airflow/example_dags/example_kubernetes_executor.py for tasks to queue
[2022-12-21 21:42:38,854] {logging_mixin.py:115} INFO - [2022-12-21 21:42:38,853] {dagbag.py:507} INFO - Filling up the DagBag from /home/nayara/Downloads/EngDados/ALURA/api_twitter/venv/lib/python3.9/site-packages/airflow/example_dags/example_kubernetes_executor.py
[2022-12-21 21:42:38,890] {logging_mixin.py:115} INFO - [2022-12-21 21:42:38,890] {example_kubernetes_executor.py:39} WARNING - The example_kubernetes_executor example DAG requires the kubernetes provider. Please install it with: pip install apache-airflow[cncf.kubernetes]
[2022-12-21 21:42:38,890] {processor.py:653} WARNING - No viable dags retrieved from /home/nayara/Downloads/EngDados/ALURA/api_twitter/venv/lib/python3.9/site-packages/airflow/example_dags/example_kubernetes_executor.py
[2022-12-21 21:42:38,907] {processor.py:161} INFO - Processing /home/nayara/Downloads/EngDados/ALURA/api_twitter/venv/lib/python3.9/site-packages/airflow/example_dags/example_kubernetes_executor.py took 0.076 seconds
[2022-12-21 21:43:44,221] {processor.py:153} INFO - Started process (PID=16685) to work on /home/nayara/Downloads/EngDados/ALURA/api_twitter/venv/lib/python3.9/site-packages/airflow/example_dags/example_kubernetes_executor.py
[2022-12-21 21:43:44,222] {processor.py:641} INFO - Processing file /home/nayara/Downloads/EngDados/ALURA/api_twitter/venv/lib/python3.9/site-packages/airflow/example_dags/example_kubernetes_executor.py for tasks to queue
[2022-12-21 21:43:44,223] {logging_mixin.py:115} INFO - [2022-12-21 21:43:44,223] {dagbag.py:507} INFO - Filling up the DagBag from /home/nayara/Downloads/EngDados/ALURA/api_twitter/venv/lib/python3.9/site-packages/airflow/example_dags/example_kubernetes_executor.py
[2022-12-21 21:43:44,246] {logging_mixin.py:115} INFO - [2022-12-21 21:43:44,246] {example_kubernetes_executor.py:39} WARNING - The example_kubernetes_executor example DAG requires the kubernetes provider. Please install it with: pip install apache-airflow[cncf.kubernetes]
[2022-12-21 21:43:44,246] {processor.py:653} WARNING - No viable dags retrieved from /home/nayara/Downloads/EngDados/ALURA/api_twitter/venv/lib/python3.9/site-packages/airflow/example_dags/example_kubernetes_executor.py
[2022-12-21 21:43:44,259] {processor.py:161} INFO - Processing /home/nayara/Downloads/EngDados/ALURA/api_twitter/venv/lib/python3.9/site-packages/airflow/example_dags/example_kubernetes_executor.py took 0.044 seconds
[2022-12-21 21:44:32,781] {processor.py:153} INFO - Started process (PID=16726) to work on /home/nayara/Downloads/EngDados/ALURA/api_twitter/venv/lib/python3.9/site-packages/airflow/example_dags/example_kubernetes_executor.py
[2022-12-21 21:44:32,782] {processor.py:641} INFO - Processing file /home/nayara/Downloads/EngDados/ALURA/api_twitter/venv/lib/python3.9/site-packages/airflow/example_dags/example_kubernetes_executor.py for tasks to queue
[2022-12-21 21:44:32,783] {logging_mixin.py:115} INFO - [2022-12-21 21:44:32,783] {dagbag.py:507} INFO - Filling up the DagBag from /home/nayara/Downloads/EngDados/ALURA/api_twitter/venv/lib/python3.9/site-packages/airflow/example_dags/example_kubernetes_executor.py
[2022-12-21 21:44:32,801] {logging_mixin.py:115} INFO - [2022-12-21 21:44:32,801] {example_kubernetes_executor.py:39} WARNING - The example_kubernetes_executor example DAG requires the kubernetes provider. Please install it with: pip install apache-airflow[cncf.kubernetes]
[2022-12-21 21:44:32,801] {processor.py:653} WARNING - No viable dags retrieved from /home/nayara/Downloads/EngDados/ALURA/api_twitter/venv/lib/python3.9/site-packages/airflow/example_dags/example_kubernetes_executor.py
[2022-12-21 21:44:32,814] {processor.py:161} INFO - Processing /home/nayara/Downloads/EngDados/ALURA/api_twitter/venv/lib/python3.9/site-packages/airflow/example_dags/example_kubernetes_executor.py took 0.036 seconds
[2022-12-21 21:45:33,573] {processor.py:153} INFO - Started process (PID=16831) to work on /home/nayara/Downloads/EngDados/ALURA/api_twitter/venv/lib/python3.9/site-packages/airflow/example_dags/example_kubernetes_executor.py
[2022-12-21 21:45:33,592] {processor.py:641} INFO - Processing file /home/nayara/Downloads/EngDados/ALURA/api_twitter/venv/lib/python3.9/site-packages/airflow/example_dags/example_kubernetes_executor.py for tasks to queue
[2022-12-21 21:45:33,594] {logging_mixin.py:115} INFO - [2022-12-21 21:45:33,594] {dagbag.py:507} INFO - Filling up the DagBag from /home/nayara/Downloads/EngDados/ALURA/api_twitter/venv/lib/python3.9/site-packages/airflow/example_dags/example_kubernetes_executor.py
[2022-12-21 21:45:33,631] {logging_mixin.py:115} INFO - [2022-12-21 21:45:33,630] {example_kubernetes_executor.py:39} WARNING - The example_kubernetes_executor example DAG requires the kubernetes provider. Please install it with: pip install apache-airflow[cncf.kubernetes]
[2022-12-21 21:45:33,631] {processor.py:653} WARNING - No viable dags retrieved from /home/nayara/Downloads/EngDados/ALURA/api_twitter/venv/lib/python3.9/site-packages/airflow/example_dags/example_kubernetes_executor.py
[2022-12-21 21:45:33,652] {processor.py:161} INFO - Processing /home/nayara/Downloads/EngDados/ALURA/api_twitter/venv/lib/python3.9/site-packages/airflow/example_dags/example_kubernetes_executor.py took 0.098 seconds
[2022-12-21 21:46:32,294] {processor.py:153} INFO - Started process (PID=17221) to work on /home/nayara/Downloads/EngDados/ALURA/api_twitter/venv/lib/python3.9/site-packages/airflow/example_dags/example_kubernetes_executor.py
[2022-12-21 21:46:32,331] {processor.py:641} INFO - Processing file /home/nayara/Downloads/EngDados/ALURA/api_twitter/venv/lib/python3.9/site-packages/airflow/example_dags/example_kubernetes_executor.py for tasks to queue
[2022-12-21 21:46:32,335] {logging_mixin.py:115} INFO - [2022-12-21 21:46:32,335] {dagbag.py:507} INFO - Filling up the DagBag from /home/nayara/Downloads/EngDados/ALURA/api_twitter/venv/lib/python3.9/site-packages/airflow/example_dags/example_kubernetes_executor.py
[2022-12-21 21:46:32,415] {logging_mixin.py:115} INFO - [2022-12-21 21:46:32,415] {example_kubernetes_executor.py:39} WARNING - The example_kubernetes_executor example DAG requires the kubernetes provider. Please install it with: pip install apache-airflow[cncf.kubernetes]
[2022-12-21 21:46:32,416] {processor.py:653} WARNING - No viable dags retrieved from /home/nayara/Downloads/EngDados/ALURA/api_twitter/venv/lib/python3.9/site-packages/airflow/example_dags/example_kubernetes_executor.py
[2022-12-21 21:46:32,432] {processor.py:161} INFO - Processing /home/nayara/Downloads/EngDados/ALURA/api_twitter/venv/lib/python3.9/site-packages/airflow/example_dags/example_kubernetes_executor.py took 0.154 seconds
[2022-12-21 21:47:19,864] {processor.py:153} INFO - Started process (PID=17320) to work on /home/nayara/Downloads/EngDados/ALURA/api_twitter/venv/lib/python3.9/site-packages/airflow/example_dags/example_kubernetes_executor.py
[2022-12-21 21:47:19,884] {processor.py:641} INFO - Processing file /home/nayara/Downloads/EngDados/ALURA/api_twitter/venv/lib/python3.9/site-packages/airflow/example_dags/example_kubernetes_executor.py for tasks to queue
[2022-12-21 21:47:19,885] {logging_mixin.py:115} INFO - [2022-12-21 21:47:19,884] {dagbag.py:507} INFO - Filling up the DagBag from /home/nayara/Downloads/EngDados/ALURA/api_twitter/venv/lib/python3.9/site-packages/airflow/example_dags/example_kubernetes_executor.py
[2022-12-21 21:47:19,907] {logging_mixin.py:115} INFO - [2022-12-21 21:47:19,906] {example_kubernetes_executor.py:39} WARNING - The example_kubernetes_executor example DAG requires the kubernetes provider. Please install it with: pip install apache-airflow[cncf.kubernetes]
[2022-12-21 21:47:19,907] {processor.py:653} WARNING - No viable dags retrieved from /home/nayara/Downloads/EngDados/ALURA/api_twitter/venv/lib/python3.9/site-packages/airflow/example_dags/example_kubernetes_executor.py
[2022-12-21 21:47:19,920] {processor.py:161} INFO - Processing /home/nayara/Downloads/EngDados/ALURA/api_twitter/venv/lib/python3.9/site-packages/airflow/example_dags/example_kubernetes_executor.py took 0.061 seconds
[2022-12-21 21:48:07,048] {processor.py:153} INFO - Started process (PID=17437) to work on /home/nayara/Downloads/EngDados/ALURA/api_twitter/venv/lib/python3.9/site-packages/airflow/example_dags/example_kubernetes_executor.py
[2022-12-21 21:48:07,070] {processor.py:641} INFO - Processing file /home/nayara/Downloads/EngDados/ALURA/api_twitter/venv/lib/python3.9/site-packages/airflow/example_dags/example_kubernetes_executor.py for tasks to queue
[2022-12-21 21:48:07,072] {logging_mixin.py:115} INFO - [2022-12-21 21:48:07,072] {dagbag.py:507} INFO - Filling up the DagBag from /home/nayara/Downloads/EngDados/ALURA/api_twitter/venv/lib/python3.9/site-packages/airflow/example_dags/example_kubernetes_executor.py
[2022-12-21 21:48:07,102] {logging_mixin.py:115} INFO - [2022-12-21 21:48:07,102] {example_kubernetes_executor.py:39} WARNING - The example_kubernetes_executor example DAG requires the kubernetes provider. Please install it with: pip install apache-airflow[cncf.kubernetes]
[2022-12-21 21:48:07,103] {processor.py:653} WARNING - No viable dags retrieved from /home/nayara/Downloads/EngDados/ALURA/api_twitter/venv/lib/python3.9/site-packages/airflow/example_dags/example_kubernetes_executor.py
[2022-12-21 21:48:07,116] {processor.py:161} INFO - Processing /home/nayara/Downloads/EngDados/ALURA/api_twitter/venv/lib/python3.9/site-packages/airflow/example_dags/example_kubernetes_executor.py took 0.074 seconds
[2022-12-21 21:49:19,516] {processor.py:153} INFO - Started process (PID=17516) to work on /home/nayara/Downloads/EngDados/ALURA/api_twitter/venv/lib/python3.9/site-packages/airflow/example_dags/example_kubernetes_executor.py
[2022-12-21 21:49:19,598] {processor.py:641} INFO - Processing file /home/nayara/Downloads/EngDados/ALURA/api_twitter/venv/lib/python3.9/site-packages/airflow/example_dags/example_kubernetes_executor.py for tasks to queue
[2022-12-21 21:49:19,601] {logging_mixin.py:115} INFO - [2022-12-21 21:49:19,600] {dagbag.py:507} INFO - Filling up the DagBag from /home/nayara/Downloads/EngDados/ALURA/api_twitter/venv/lib/python3.9/site-packages/airflow/example_dags/example_kubernetes_executor.py
[2022-12-21 21:49:19,797] {logging_mixin.py:115} INFO - [2022-12-21 21:49:19,797] {example_kubernetes_executor.py:39} WARNING - The example_kubernetes_executor example DAG requires the kubernetes provider. Please install it with: pip install apache-airflow[cncf.kubernetes]
[2022-12-21 21:49:19,798] {processor.py:653} WARNING - No viable dags retrieved from /home/nayara/Downloads/EngDados/ALURA/api_twitter/venv/lib/python3.9/site-packages/airflow/example_dags/example_kubernetes_executor.py
[2022-12-21 21:49:19,819] {processor.py:161} INFO - Processing /home/nayara/Downloads/EngDados/ALURA/api_twitter/venv/lib/python3.9/site-packages/airflow/example_dags/example_kubernetes_executor.py took 0.312 seconds
[2022-12-21 21:50:14,747] {processor.py:153} INFO - Started process (PID=17682) to work on /home/nayara/Downloads/EngDados/ALURA/api_twitter/venv/lib/python3.9/site-packages/airflow/example_dags/example_kubernetes_executor.py
[2022-12-21 21:50:14,753] {processor.py:641} INFO - Processing file /home/nayara/Downloads/EngDados/ALURA/api_twitter/venv/lib/python3.9/site-packages/airflow/example_dags/example_kubernetes_executor.py for tasks to queue
[2022-12-21 21:50:14,754] {logging_mixin.py:115} INFO - [2022-12-21 21:50:14,754] {dagbag.py:507} INFO - Filling up the DagBag from /home/nayara/Downloads/EngDados/ALURA/api_twitter/venv/lib/python3.9/site-packages/airflow/example_dags/example_kubernetes_executor.py
[2022-12-21 21:50:14,772] {logging_mixin.py:115} INFO - [2022-12-21 21:50:14,772] {example_kubernetes_executor.py:39} WARNING - The example_kubernetes_executor example DAG requires the kubernetes provider. Please install it with: pip install apache-airflow[cncf.kubernetes]
[2022-12-21 21:50:14,772] {processor.py:653} WARNING - No viable dags retrieved from /home/nayara/Downloads/EngDados/ALURA/api_twitter/venv/lib/python3.9/site-packages/airflow/example_dags/example_kubernetes_executor.py
[2022-12-21 21:50:14,785] {processor.py:161} INFO - Processing /home/nayara/Downloads/EngDados/ALURA/api_twitter/venv/lib/python3.9/site-packages/airflow/example_dags/example_kubernetes_executor.py took 0.042 seconds
[2022-12-21 21:51:14,349] {processor.py:153} INFO - Started process (PID=17819) to work on /home/nayara/Downloads/EngDados/ALURA/api_twitter/venv/lib/python3.9/site-packages/airflow/example_dags/example_kubernetes_executor.py
[2022-12-21 21:51:14,389] {processor.py:641} INFO - Processing file /home/nayara/Downloads/EngDados/ALURA/api_twitter/venv/lib/python3.9/site-packages/airflow/example_dags/example_kubernetes_executor.py for tasks to queue
[2022-12-21 21:51:14,390] {logging_mixin.py:115} INFO - [2022-12-21 21:51:14,390] {dagbag.py:507} INFO - Filling up the DagBag from /home/nayara/Downloads/EngDados/ALURA/api_twitter/venv/lib/python3.9/site-packages/airflow/example_dags/example_kubernetes_executor.py
[2022-12-21 21:51:14,422] {logging_mixin.py:115} INFO - [2022-12-21 21:51:14,421] {example_kubernetes_executor.py:39} WARNING - The example_kubernetes_executor example DAG requires the kubernetes provider. Please install it with: pip install apache-airflow[cncf.kubernetes]
[2022-12-21 21:51:14,422] {processor.py:653} WARNING - No viable dags retrieved from /home/nayara/Downloads/EngDados/ALURA/api_twitter/venv/lib/python3.9/site-packages/airflow/example_dags/example_kubernetes_executor.py
[2022-12-21 21:51:14,435] {processor.py:161} INFO - Processing /home/nayara/Downloads/EngDados/ALURA/api_twitter/venv/lib/python3.9/site-packages/airflow/example_dags/example_kubernetes_executor.py took 0.095 seconds
[2022-12-21 21:52:01,200] {processor.py:153} INFO - Started process (PID=17961) to work on /home/nayara/Downloads/EngDados/ALURA/api_twitter/venv/lib/python3.9/site-packages/airflow/example_dags/example_kubernetes_executor.py
[2022-12-21 21:52:01,225] {processor.py:641} INFO - Processing file /home/nayara/Downloads/EngDados/ALURA/api_twitter/venv/lib/python3.9/site-packages/airflow/example_dags/example_kubernetes_executor.py for tasks to queue
[2022-12-21 21:52:01,226] {logging_mixin.py:115} INFO - [2022-12-21 21:52:01,225] {dagbag.py:507} INFO - Filling up the DagBag from /home/nayara/Downloads/EngDados/ALURA/api_twitter/venv/lib/python3.9/site-packages/airflow/example_dags/example_kubernetes_executor.py
[2022-12-21 21:52:01,246] {logging_mixin.py:115} INFO - [2022-12-21 21:52:01,246] {example_kubernetes_executor.py:39} WARNING - The example_kubernetes_executor example DAG requires the kubernetes provider. Please install it with: pip install apache-airflow[cncf.kubernetes]
[2022-12-21 21:52:01,246] {processor.py:653} WARNING - No viable dags retrieved from /home/nayara/Downloads/EngDados/ALURA/api_twitter/venv/lib/python3.9/site-packages/airflow/example_dags/example_kubernetes_executor.py
[2022-12-21 21:52:01,259] {processor.py:161} INFO - Processing /home/nayara/Downloads/EngDados/ALURA/api_twitter/venv/lib/python3.9/site-packages/airflow/example_dags/example_kubernetes_executor.py took 0.072 seconds
[2022-12-21 21:53:01,627] {processor.py:153} INFO - Started process (PID=18199) to work on /home/nayara/Downloads/EngDados/ALURA/api_twitter/venv/lib/python3.9/site-packages/airflow/example_dags/example_kubernetes_executor.py
[2022-12-21 21:53:01,635] {processor.py:641} INFO - Processing file /home/nayara/Downloads/EngDados/ALURA/api_twitter/venv/lib/python3.9/site-packages/airflow/example_dags/example_kubernetes_executor.py for tasks to queue
[2022-12-21 21:53:01,636] {logging_mixin.py:115} INFO - [2022-12-21 21:53:01,636] {dagbag.py:507} INFO - Filling up the DagBag from /home/nayara/Downloads/EngDados/ALURA/api_twitter/venv/lib/python3.9/site-packages/airflow/example_dags/example_kubernetes_executor.py
[2022-12-21 21:53:01,666] {logging_mixin.py:115} INFO - [2022-12-21 21:53:01,666] {example_kubernetes_executor.py:39} WARNING - The example_kubernetes_executor example DAG requires the kubernetes provider. Please install it with: pip install apache-airflow[cncf.kubernetes]
[2022-12-21 21:53:01,666] {processor.py:653} WARNING - No viable dags retrieved from /home/nayara/Downloads/EngDados/ALURA/api_twitter/venv/lib/python3.9/site-packages/airflow/example_dags/example_kubernetes_executor.py
[2022-12-21 21:53:01,687] {processor.py:161} INFO - Processing /home/nayara/Downloads/EngDados/ALURA/api_twitter/venv/lib/python3.9/site-packages/airflow/example_dags/example_kubernetes_executor.py took 0.066 seconds
[2022-12-21 21:53:51,435] {processor.py:153} INFO - Started process (PID=18335) to work on /home/nayara/Downloads/EngDados/ALURA/api_twitter/venv/lib/python3.9/site-packages/airflow/example_dags/example_kubernetes_executor.py
[2022-12-21 21:53:51,454] {processor.py:641} INFO - Processing file /home/nayara/Downloads/EngDados/ALURA/api_twitter/venv/lib/python3.9/site-packages/airflow/example_dags/example_kubernetes_executor.py for tasks to queue
[2022-12-21 21:53:51,455] {logging_mixin.py:115} INFO - [2022-12-21 21:53:51,455] {dagbag.py:507} INFO - Filling up the DagBag from /home/nayara/Downloads/EngDados/ALURA/api_twitter/venv/lib/python3.9/site-packages/airflow/example_dags/example_kubernetes_executor.py
[2022-12-21 21:53:51,478] {logging_mixin.py:115} INFO - [2022-12-21 21:53:51,478] {example_kubernetes_executor.py:39} WARNING - The example_kubernetes_executor example DAG requires the kubernetes provider. Please install it with: pip install apache-airflow[cncf.kubernetes]
[2022-12-21 21:53:51,479] {processor.py:653} WARNING - No viable dags retrieved from /home/nayara/Downloads/EngDados/ALURA/api_twitter/venv/lib/python3.9/site-packages/airflow/example_dags/example_kubernetes_executor.py
[2022-12-21 21:53:51,492] {processor.py:161} INFO - Processing /home/nayara/Downloads/EngDados/ALURA/api_twitter/venv/lib/python3.9/site-packages/airflow/example_dags/example_kubernetes_executor.py took 0.069 seconds
[2022-12-21 21:54:41,786] {processor.py:153} INFO - Started process (PID=18438) to work on /home/nayara/Downloads/EngDados/ALURA/api_twitter/venv/lib/python3.9/site-packages/airflow/example_dags/example_kubernetes_executor.py
[2022-12-21 21:54:41,788] {processor.py:641} INFO - Processing file /home/nayara/Downloads/EngDados/ALURA/api_twitter/venv/lib/python3.9/site-packages/airflow/example_dags/example_kubernetes_executor.py for tasks to queue
[2022-12-21 21:54:41,789] {logging_mixin.py:115} INFO - [2022-12-21 21:54:41,789] {dagbag.py:507} INFO - Filling up the DagBag from /home/nayara/Downloads/EngDados/ALURA/api_twitter/venv/lib/python3.9/site-packages/airflow/example_dags/example_kubernetes_executor.py
[2022-12-21 21:54:41,814] {logging_mixin.py:115} INFO - [2022-12-21 21:54:41,814] {example_kubernetes_executor.py:39} WARNING - The example_kubernetes_executor example DAG requires the kubernetes provider. Please install it with: pip install apache-airflow[cncf.kubernetes]
[2022-12-21 21:54:41,814] {processor.py:653} WARNING - No viable dags retrieved from /home/nayara/Downloads/EngDados/ALURA/api_twitter/venv/lib/python3.9/site-packages/airflow/example_dags/example_kubernetes_executor.py
[2022-12-21 21:54:41,827] {processor.py:161} INFO - Processing /home/nayara/Downloads/EngDados/ALURA/api_twitter/venv/lib/python3.9/site-packages/airflow/example_dags/example_kubernetes_executor.py took 0.049 seconds
