[2022-12-21 21:37:24,943] {processor.py:153} INFO - Started process (PID=16134) to work on /home/nayara/Downloads/EngDados/ALURA/api_twitter/venv/lib/python3.9/site-packages/airflow/example_dags/example_branch_operator.py
[2022-12-21 21:37:24,944] {processor.py:641} INFO - Processing file /home/nayara/Downloads/EngDados/ALURA/api_twitter/venv/lib/python3.9/site-packages/airflow/example_dags/example_branch_operator.py for tasks to queue
[2022-12-21 21:37:24,945] {logging_mixin.py:115} INFO - [2022-12-21 21:37:24,945] {dagbag.py:507} INFO - Filling up the DagBag from /home/nayara/Downloads/EngDados/ALURA/api_twitter/venv/lib/python3.9/site-packages/airflow/example_dags/example_branch_operator.py
[2022-12-21 21:37:24,970] {processor.py:651} INFO - DAG(s) dict_keys(['example_branch_operator']) retrieved from /home/nayara/Downloads/EngDados/ALURA/api_twitter/venv/lib/python3.9/site-packages/airflow/example_dags/example_branch_operator.py
[2022-12-21 21:37:25,501] {logging_mixin.py:115} INFO - [2022-12-21 21:37:25,501] {manager.py:508} INFO - Created Permission View: can read on DAG:example_branch_operator
[2022-12-21 21:37:25,864] {logging_mixin.py:115} INFO - [2022-12-21 21:37:25,863] {manager.py:508} INFO - Created Permission View: can delete on DAG:example_branch_operator
[2022-12-21 21:37:26,322] {logging_mixin.py:115} INFO - [2022-12-21 21:37:26,321] {manager.py:508} INFO - Created Permission View: can edit on DAG:example_branch_operator
[2022-12-21 21:37:26,323] {logging_mixin.py:115} INFO - [2022-12-21 21:37:26,322] {dag.py:2379} INFO - Sync 1 DAGs
[2022-12-21 21:37:26,379] {logging_mixin.py:115} INFO - [2022-12-21 21:37:26,379] {dag.py:2398} INFO - Creating ORM DAG for example_branch_operator
[2022-12-21 21:37:26,408] {logging_mixin.py:115} INFO - [2022-12-21 21:37:26,408] {dag.py:2927} INFO - Setting next_dagrun for example_branch_operator to 2022-12-21T00:00:00+00:00, run_after=2022-12-22T00:00:00+00:00
[2022-12-21 21:37:26,772] {processor.py:161} INFO - Processing /home/nayara/Downloads/EngDados/ALURA/api_twitter/venv/lib/python3.9/site-packages/airflow/example_dags/example_branch_operator.py took 1.839 seconds
[2022-12-21 21:38:55,841] {processor.py:153} INFO - Started process (PID=16219) to work on /home/nayara/Downloads/EngDados/ALURA/api_twitter/venv/lib/python3.9/site-packages/airflow/example_dags/example_branch_operator.py
[2022-12-21 21:38:55,870] {processor.py:641} INFO - Processing file /home/nayara/Downloads/EngDados/ALURA/api_twitter/venv/lib/python3.9/site-packages/airflow/example_dags/example_branch_operator.py for tasks to queue
[2022-12-21 21:38:55,873] {logging_mixin.py:115} INFO - [2022-12-21 21:38:55,873] {dagbag.py:507} INFO - Filling up the DagBag from /home/nayara/Downloads/EngDados/ALURA/api_twitter/venv/lib/python3.9/site-packages/airflow/example_dags/example_branch_operator.py
[2022-12-21 21:38:55,941] {processor.py:651} INFO - DAG(s) dict_keys(['example_branch_operator']) retrieved from /home/nayara/Downloads/EngDados/ALURA/api_twitter/venv/lib/python3.9/site-packages/airflow/example_dags/example_branch_operator.py
[2022-12-21 21:38:55,966] {logging_mixin.py:115} INFO - [2022-12-21 21:38:55,966] {dag.py:2379} INFO - Sync 1 DAGs
[2022-12-21 21:38:55,998] {logging_mixin.py:115} INFO - [2022-12-21 21:38:55,997] {dag.py:2927} INFO - Setting next_dagrun for example_branch_operator to 2022-12-21T00:00:00+00:00, run_after=2022-12-22T00:00:00+00:00
[2022-12-21 21:38:56,331] {processor.py:161} INFO - Processing /home/nayara/Downloads/EngDados/ALURA/api_twitter/venv/lib/python3.9/site-packages/airflow/example_dags/example_branch_operator.py took 0.506 seconds
[2022-12-21 21:39:50,293] {processor.py:153} INFO - Started process (PID=16303) to work on /home/nayara/Downloads/EngDados/ALURA/api_twitter/venv/lib/python3.9/site-packages/airflow/example_dags/example_branch_operator.py
[2022-12-21 21:39:50,307] {processor.py:641} INFO - Processing file /home/nayara/Downloads/EngDados/ALURA/api_twitter/venv/lib/python3.9/site-packages/airflow/example_dags/example_branch_operator.py for tasks to queue
[2022-12-21 21:39:50,308] {logging_mixin.py:115} INFO - [2022-12-21 21:39:50,308] {dagbag.py:507} INFO - Filling up the DagBag from /home/nayara/Downloads/EngDados/ALURA/api_twitter/venv/lib/python3.9/site-packages/airflow/example_dags/example_branch_operator.py
[2022-12-21 21:39:50,322] {processor.py:651} INFO - DAG(s) dict_keys(['example_branch_operator']) retrieved from /home/nayara/Downloads/EngDados/ALURA/api_twitter/venv/lib/python3.9/site-packages/airflow/example_dags/example_branch_operator.py
[2022-12-21 21:39:50,343] {logging_mixin.py:115} INFO - [2022-12-21 21:39:50,343] {dag.py:2379} INFO - Sync 1 DAGs
[2022-12-21 21:39:50,366] {logging_mixin.py:115} INFO - [2022-12-21 21:39:50,366] {dag.py:2927} INFO - Setting next_dagrun for example_branch_operator to 2022-12-21T00:00:00+00:00, run_after=2022-12-22T00:00:00+00:00
[2022-12-21 21:39:50,589] {processor.py:161} INFO - Processing /home/nayara/Downloads/EngDados/ALURA/api_twitter/venv/lib/python3.9/site-packages/airflow/example_dags/example_branch_operator.py took 0.302 seconds
[2022-12-21 21:40:32,403] {processor.py:153} INFO - Started process (PID=16374) to work on /home/nayara/Downloads/EngDados/ALURA/api_twitter/venv/lib/python3.9/site-packages/airflow/example_dags/example_branch_operator.py
[2022-12-21 21:40:32,405] {processor.py:641} INFO - Processing file /home/nayara/Downloads/EngDados/ALURA/api_twitter/venv/lib/python3.9/site-packages/airflow/example_dags/example_branch_operator.py for tasks to queue
[2022-12-21 21:40:32,406] {logging_mixin.py:115} INFO - [2022-12-21 21:40:32,406] {dagbag.py:507} INFO - Filling up the DagBag from /home/nayara/Downloads/EngDados/ALURA/api_twitter/venv/lib/python3.9/site-packages/airflow/example_dags/example_branch_operator.py
[2022-12-21 21:40:32,428] {processor.py:651} INFO - DAG(s) dict_keys(['example_branch_operator']) retrieved from /home/nayara/Downloads/EngDados/ALURA/api_twitter/venv/lib/python3.9/site-packages/airflow/example_dags/example_branch_operator.py
[2022-12-21 21:40:32,466] {logging_mixin.py:115} INFO - [2022-12-21 21:40:32,466] {dag.py:2379} INFO - Sync 1 DAGs
[2022-12-21 21:40:32,517] {logging_mixin.py:115} INFO - [2022-12-21 21:40:32,516] {dag.py:2927} INFO - Setting next_dagrun for example_branch_operator to 2022-12-21T00:00:00+00:00, run_after=2022-12-22T00:00:00+00:00
[2022-12-21 21:40:32,785] {processor.py:161} INFO - Processing /home/nayara/Downloads/EngDados/ALURA/api_twitter/venv/lib/python3.9/site-packages/airflow/example_dags/example_branch_operator.py took 0.387 seconds
[2022-12-21 21:41:41,790] {processor.py:153} INFO - Started process (PID=16499) to work on /home/nayara/Downloads/EngDados/ALURA/api_twitter/venv/lib/python3.9/site-packages/airflow/example_dags/example_branch_operator.py
[2022-12-21 21:41:41,888] {processor.py:641} INFO - Processing file /home/nayara/Downloads/EngDados/ALURA/api_twitter/venv/lib/python3.9/site-packages/airflow/example_dags/example_branch_operator.py for tasks to queue
[2022-12-21 21:41:41,892] {logging_mixin.py:115} INFO - [2022-12-21 21:41:41,891] {dagbag.py:507} INFO - Filling up the DagBag from /home/nayara/Downloads/EngDados/ALURA/api_twitter/venv/lib/python3.9/site-packages/airflow/example_dags/example_branch_operator.py
[2022-12-21 21:41:41,960] {processor.py:651} INFO - DAG(s) dict_keys(['example_branch_operator']) retrieved from /home/nayara/Downloads/EngDados/ALURA/api_twitter/venv/lib/python3.9/site-packages/airflow/example_dags/example_branch_operator.py
[2022-12-21 21:41:42,013] {logging_mixin.py:115} INFO - [2022-12-21 21:41:42,013] {dag.py:2379} INFO - Sync 1 DAGs
[2022-12-21 21:41:42,046] {logging_mixin.py:115} INFO - [2022-12-21 21:41:42,046] {dag.py:2927} INFO - Setting next_dagrun for example_branch_operator to 2022-12-21T00:00:00+00:00, run_after=2022-12-22T00:00:00+00:00
[2022-12-21 21:41:42,570] {processor.py:161} INFO - Processing /home/nayara/Downloads/EngDados/ALURA/api_twitter/venv/lib/python3.9/site-packages/airflow/example_dags/example_branch_operator.py took 0.784 seconds
[2022-12-21 21:42:31,986] {processor.py:153} INFO - Started process (PID=16578) to work on /home/nayara/Downloads/EngDados/ALURA/api_twitter/venv/lib/python3.9/site-packages/airflow/example_dags/example_branch_operator.py
[2022-12-21 21:42:32,003] {processor.py:641} INFO - Processing file /home/nayara/Downloads/EngDados/ALURA/api_twitter/venv/lib/python3.9/site-packages/airflow/example_dags/example_branch_operator.py for tasks to queue
[2022-12-21 21:42:32,003] {logging_mixin.py:115} INFO - [2022-12-21 21:42:32,003] {dagbag.py:507} INFO - Filling up the DagBag from /home/nayara/Downloads/EngDados/ALURA/api_twitter/venv/lib/python3.9/site-packages/airflow/example_dags/example_branch_operator.py
[2022-12-21 21:42:32,018] {processor.py:651} INFO - DAG(s) dict_keys(['example_branch_operator']) retrieved from /home/nayara/Downloads/EngDados/ALURA/api_twitter/venv/lib/python3.9/site-packages/airflow/example_dags/example_branch_operator.py
[2022-12-21 21:42:32,043] {logging_mixin.py:115} INFO - [2022-12-21 21:42:32,043] {dag.py:2379} INFO - Sync 1 DAGs
[2022-12-21 21:42:32,070] {logging_mixin.py:115} INFO - [2022-12-21 21:42:32,070] {dag.py:2927} INFO - Setting next_dagrun for example_branch_operator to 2022-12-21T00:00:00+00:00, run_after=2022-12-22T00:00:00+00:00
[2022-12-21 21:42:32,418] {processor.py:161} INFO - Processing /home/nayara/Downloads/EngDados/ALURA/api_twitter/venv/lib/python3.9/site-packages/airflow/example_dags/example_branch_operator.py took 0.446 seconds
[2022-12-21 21:43:21,077] {processor.py:153} INFO - Started process (PID=16648) to work on /home/nayara/Downloads/EngDados/ALURA/api_twitter/venv/lib/python3.9/site-packages/airflow/example_dags/example_branch_operator.py
[2022-12-21 21:43:21,093] {processor.py:641} INFO - Processing file /home/nayara/Downloads/EngDados/ALURA/api_twitter/venv/lib/python3.9/site-packages/airflow/example_dags/example_branch_operator.py for tasks to queue
[2022-12-21 21:43:21,096] {logging_mixin.py:115} INFO - [2022-12-21 21:43:21,096] {dagbag.py:507} INFO - Filling up the DagBag from /home/nayara/Downloads/EngDados/ALURA/api_twitter/venv/lib/python3.9/site-packages/airflow/example_dags/example_branch_operator.py
[2022-12-21 21:43:21,148] {processor.py:651} INFO - DAG(s) dict_keys(['example_branch_operator']) retrieved from /home/nayara/Downloads/EngDados/ALURA/api_twitter/venv/lib/python3.9/site-packages/airflow/example_dags/example_branch_operator.py
[2022-12-21 21:43:21,177] {logging_mixin.py:115} INFO - [2022-12-21 21:43:21,177] {dag.py:2379} INFO - Sync 1 DAGs
[2022-12-21 21:43:21,207] {logging_mixin.py:115} INFO - [2022-12-21 21:43:21,207] {dag.py:2927} INFO - Setting next_dagrun for example_branch_operator to 2022-12-21T00:00:00+00:00, run_after=2022-12-22T00:00:00+00:00
[2022-12-21 21:43:21,516] {processor.py:161} INFO - Processing /home/nayara/Downloads/EngDados/ALURA/api_twitter/venv/lib/python3.9/site-packages/airflow/example_dags/example_branch_operator.py took 0.448 seconds
[2022-12-21 21:44:05,320] {processor.py:153} INFO - Started process (PID=16703) to work on /home/nayara/Downloads/EngDados/ALURA/api_twitter/venv/lib/python3.9/site-packages/airflow/example_dags/example_branch_operator.py
[2022-12-21 21:44:05,336] {processor.py:641} INFO - Processing file /home/nayara/Downloads/EngDados/ALURA/api_twitter/venv/lib/python3.9/site-packages/airflow/example_dags/example_branch_operator.py for tasks to queue
[2022-12-21 21:44:05,337] {logging_mixin.py:115} INFO - [2022-12-21 21:44:05,337] {dagbag.py:507} INFO - Filling up the DagBag from /home/nayara/Downloads/EngDados/ALURA/api_twitter/venv/lib/python3.9/site-packages/airflow/example_dags/example_branch_operator.py
[2022-12-21 21:44:05,353] {processor.py:651} INFO - DAG(s) dict_keys(['example_branch_operator']) retrieved from /home/nayara/Downloads/EngDados/ALURA/api_twitter/venv/lib/python3.9/site-packages/airflow/example_dags/example_branch_operator.py
[2022-12-21 21:44:05,380] {logging_mixin.py:115} INFO - [2022-12-21 21:44:05,379] {dag.py:2379} INFO - Sync 1 DAGs
[2022-12-21 21:44:05,410] {logging_mixin.py:115} INFO - [2022-12-21 21:44:05,410] {dag.py:2927} INFO - Setting next_dagrun for example_branch_operator to 2022-12-21T00:00:00+00:00, run_after=2022-12-22T00:00:00+00:00
[2022-12-21 21:44:05,801] {processor.py:161} INFO - Processing /home/nayara/Downloads/EngDados/ALURA/api_twitter/venv/lib/python3.9/site-packages/airflow/example_dags/example_branch_operator.py took 0.488 seconds
[2022-12-21 21:44:54,454] {processor.py:153} INFO - Started process (PID=16758) to work on /home/nayara/Downloads/EngDados/ALURA/api_twitter/venv/lib/python3.9/site-packages/airflow/example_dags/example_branch_operator.py
[2022-12-21 21:44:54,552] {processor.py:641} INFO - Processing file /home/nayara/Downloads/EngDados/ALURA/api_twitter/venv/lib/python3.9/site-packages/airflow/example_dags/example_branch_operator.py for tasks to queue
[2022-12-21 21:44:54,555] {logging_mixin.py:115} INFO - [2022-12-21 21:44:54,554] {dagbag.py:507} INFO - Filling up the DagBag from /home/nayara/Downloads/EngDados/ALURA/api_twitter/venv/lib/python3.9/site-packages/airflow/example_dags/example_branch_operator.py
[2022-12-21 21:44:54,589] {processor.py:651} INFO - DAG(s) dict_keys(['example_branch_operator']) retrieved from /home/nayara/Downloads/EngDados/ALURA/api_twitter/venv/lib/python3.9/site-packages/airflow/example_dags/example_branch_operator.py
[2022-12-21 21:44:54,611] {logging_mixin.py:115} INFO - [2022-12-21 21:44:54,611] {dag.py:2379} INFO - Sync 1 DAGs
[2022-12-21 21:44:54,635] {logging_mixin.py:115} INFO - [2022-12-21 21:44:54,635] {dag.py:2927} INFO - Setting next_dagrun for example_branch_operator to 2022-12-21T00:00:00+00:00, run_after=2022-12-22T00:00:00+00:00
[2022-12-21 21:44:55,054] {processor.py:161} INFO - Processing /home/nayara/Downloads/EngDados/ALURA/api_twitter/venv/lib/python3.9/site-packages/airflow/example_dags/example_branch_operator.py took 0.604 seconds
[2022-12-21 21:45:56,905] {processor.py:153} INFO - Started process (PID=16913) to work on /home/nayara/Downloads/EngDados/ALURA/api_twitter/venv/lib/python3.9/site-packages/airflow/example_dags/example_branch_operator.py
[2022-12-21 21:45:56,929] {processor.py:641} INFO - Processing file /home/nayara/Downloads/EngDados/ALURA/api_twitter/venv/lib/python3.9/site-packages/airflow/example_dags/example_branch_operator.py for tasks to queue
[2022-12-21 21:45:56,931] {logging_mixin.py:115} INFO - [2022-12-21 21:45:56,931] {dagbag.py:507} INFO - Filling up the DagBag from /home/nayara/Downloads/EngDados/ALURA/api_twitter/venv/lib/python3.9/site-packages/airflow/example_dags/example_branch_operator.py
[2022-12-21 21:45:56,955] {processor.py:651} INFO - DAG(s) dict_keys(['example_branch_operator']) retrieved from /home/nayara/Downloads/EngDados/ALURA/api_twitter/venv/lib/python3.9/site-packages/airflow/example_dags/example_branch_operator.py
[2022-12-21 21:45:56,977] {logging_mixin.py:115} INFO - [2022-12-21 21:45:56,977] {dag.py:2379} INFO - Sync 1 DAGs
[2022-12-21 21:45:57,002] {logging_mixin.py:115} INFO - [2022-12-21 21:45:57,001] {dag.py:2927} INFO - Setting next_dagrun for example_branch_operator to 2022-12-21T00:00:00+00:00, run_after=2022-12-22T00:00:00+00:00
[2022-12-21 21:45:57,214] {processor.py:161} INFO - Processing /home/nayara/Downloads/EngDados/ALURA/api_twitter/venv/lib/python3.9/site-packages/airflow/example_dags/example_branch_operator.py took 0.314 seconds
[2022-12-21 21:46:56,668] {processor.py:153} INFO - Started process (PID=17286) to work on /home/nayara/Downloads/EngDados/ALURA/api_twitter/venv/lib/python3.9/site-packages/airflow/example_dags/example_branch_operator.py
[2022-12-21 21:46:56,786] {processor.py:641} INFO - Processing file /home/nayara/Downloads/EngDados/ALURA/api_twitter/venv/lib/python3.9/site-packages/airflow/example_dags/example_branch_operator.py for tasks to queue
[2022-12-21 21:46:56,790] {logging_mixin.py:115} INFO - [2022-12-21 21:46:56,790] {dagbag.py:507} INFO - Filling up the DagBag from /home/nayara/Downloads/EngDados/ALURA/api_twitter/venv/lib/python3.9/site-packages/airflow/example_dags/example_branch_operator.py
[2022-12-21 21:46:56,864] {processor.py:651} INFO - DAG(s) dict_keys(['example_branch_operator']) retrieved from /home/nayara/Downloads/EngDados/ALURA/api_twitter/venv/lib/python3.9/site-packages/airflow/example_dags/example_branch_operator.py
[2022-12-21 21:46:56,912] {logging_mixin.py:115} INFO - [2022-12-21 21:46:56,912] {dag.py:2379} INFO - Sync 1 DAGs
[2022-12-21 21:46:56,950] {logging_mixin.py:115} INFO - [2022-12-21 21:46:56,950] {dag.py:2927} INFO - Setting next_dagrun for example_branch_operator to 2022-12-21T00:00:00+00:00, run_after=2022-12-22T00:00:00+00:00
[2022-12-21 21:46:58,286] {processor.py:161} INFO - Processing /home/nayara/Downloads/EngDados/ALURA/api_twitter/venv/lib/python3.9/site-packages/airflow/example_dags/example_branch_operator.py took 1.639 seconds
[2022-12-21 21:47:44,608] {processor.py:153} INFO - Started process (PID=17414) to work on /home/nayara/Downloads/EngDados/ALURA/api_twitter/venv/lib/python3.9/site-packages/airflow/example_dags/example_branch_operator.py
[2022-12-21 21:47:44,628] {processor.py:641} INFO - Processing file /home/nayara/Downloads/EngDados/ALURA/api_twitter/venv/lib/python3.9/site-packages/airflow/example_dags/example_branch_operator.py for tasks to queue
[2022-12-21 21:47:44,632] {logging_mixin.py:115} INFO - [2022-12-21 21:47:44,632] {dagbag.py:507} INFO - Filling up the DagBag from /home/nayara/Downloads/EngDados/ALURA/api_twitter/venv/lib/python3.9/site-packages/airflow/example_dags/example_branch_operator.py
[2022-12-21 21:47:44,692] {processor.py:651} INFO - DAG(s) dict_keys(['example_branch_operator']) retrieved from /home/nayara/Downloads/EngDados/ALURA/api_twitter/venv/lib/python3.9/site-packages/airflow/example_dags/example_branch_operator.py
[2022-12-21 21:47:44,728] {logging_mixin.py:115} INFO - [2022-12-21 21:47:44,728] {dag.py:2379} INFO - Sync 1 DAGs
[2022-12-21 21:47:44,759] {logging_mixin.py:115} INFO - [2022-12-21 21:47:44,759] {dag.py:2927} INFO - Setting next_dagrun for example_branch_operator to 2022-12-21T00:00:00+00:00, run_after=2022-12-22T00:00:00+00:00
[2022-12-21 21:47:45,002] {processor.py:161} INFO - Processing /home/nayara/Downloads/EngDados/ALURA/api_twitter/venv/lib/python3.9/site-packages/airflow/example_dags/example_branch_operator.py took 0.409 seconds
[2022-12-21 21:48:48,126] {processor.py:153} INFO - Started process (PID=17474) to work on /home/nayara/Downloads/EngDados/ALURA/api_twitter/venv/lib/python3.9/site-packages/airflow/example_dags/example_branch_operator.py
[2022-12-21 21:48:48,145] {processor.py:641} INFO - Processing file /home/nayara/Downloads/EngDados/ALURA/api_twitter/venv/lib/python3.9/site-packages/airflow/example_dags/example_branch_operator.py for tasks to queue
[2022-12-21 21:48:48,147] {logging_mixin.py:115} INFO - [2022-12-21 21:48:48,146] {dagbag.py:507} INFO - Filling up the DagBag from /home/nayara/Downloads/EngDados/ALURA/api_twitter/venv/lib/python3.9/site-packages/airflow/example_dags/example_branch_operator.py
[2022-12-21 21:48:48,184] {processor.py:651} INFO - DAG(s) dict_keys(['example_branch_operator']) retrieved from /home/nayara/Downloads/EngDados/ALURA/api_twitter/venv/lib/python3.9/site-packages/airflow/example_dags/example_branch_operator.py
[2022-12-21 21:48:48,222] {logging_mixin.py:115} INFO - [2022-12-21 21:48:48,221] {dag.py:2379} INFO - Sync 1 DAGs
[2022-12-21 21:48:48,253] {logging_mixin.py:115} INFO - [2022-12-21 21:48:48,253] {dag.py:2927} INFO - Setting next_dagrun for example_branch_operator to 2022-12-21T00:00:00+00:00, run_after=2022-12-22T00:00:00+00:00
[2022-12-21 21:48:48,467] {processor.py:161} INFO - Processing /home/nayara/Downloads/EngDados/ALURA/api_twitter/venv/lib/python3.9/site-packages/airflow/example_dags/example_branch_operator.py took 0.353 seconds
[2022-12-21 21:49:42,316] {processor.py:153} INFO - Started process (PID=17535) to work on /home/nayara/Downloads/EngDados/ALURA/api_twitter/venv/lib/python3.9/site-packages/airflow/example_dags/example_branch_operator.py
[2022-12-21 21:49:42,333] {processor.py:641} INFO - Processing file /home/nayara/Downloads/EngDados/ALURA/api_twitter/venv/lib/python3.9/site-packages/airflow/example_dags/example_branch_operator.py for tasks to queue
[2022-12-21 21:49:42,334] {logging_mixin.py:115} INFO - [2022-12-21 21:49:42,334] {dagbag.py:507} INFO - Filling up the DagBag from /home/nayara/Downloads/EngDados/ALURA/api_twitter/venv/lib/python3.9/site-packages/airflow/example_dags/example_branch_operator.py
[2022-12-21 21:49:42,389] {processor.py:651} INFO - DAG(s) dict_keys(['example_branch_operator']) retrieved from /home/nayara/Downloads/EngDados/ALURA/api_twitter/venv/lib/python3.9/site-packages/airflow/example_dags/example_branch_operator.py
[2022-12-21 21:49:42,416] {logging_mixin.py:115} INFO - [2022-12-21 21:49:42,416] {dag.py:2379} INFO - Sync 1 DAGs
[2022-12-21 21:49:42,441] {logging_mixin.py:115} INFO - [2022-12-21 21:49:42,441] {dag.py:2927} INFO - Setting next_dagrun for example_branch_operator to 2022-12-21T00:00:00+00:00, run_after=2022-12-22T00:00:00+00:00
[2022-12-21 21:49:42,651] {processor.py:161} INFO - Processing /home/nayara/Downloads/EngDados/ALURA/api_twitter/venv/lib/python3.9/site-packages/airflow/example_dags/example_branch_operator.py took 0.349 seconds
[2022-12-21 21:50:28,869] {processor.py:153} INFO - Started process (PID=17759) to work on /home/nayara/Downloads/EngDados/ALURA/api_twitter/venv/lib/python3.9/site-packages/airflow/example_dags/example_branch_operator.py
[2022-12-21 21:50:28,907] {processor.py:641} INFO - Processing file /home/nayara/Downloads/EngDados/ALURA/api_twitter/venv/lib/python3.9/site-packages/airflow/example_dags/example_branch_operator.py for tasks to queue
[2022-12-21 21:50:28,908] {logging_mixin.py:115} INFO - [2022-12-21 21:50:28,907] {dagbag.py:507} INFO - Filling up the DagBag from /home/nayara/Downloads/EngDados/ALURA/api_twitter/venv/lib/python3.9/site-packages/airflow/example_dags/example_branch_operator.py
[2022-12-21 21:50:28,922] {processor.py:651} INFO - DAG(s) dict_keys(['example_branch_operator']) retrieved from /home/nayara/Downloads/EngDados/ALURA/api_twitter/venv/lib/python3.9/site-packages/airflow/example_dags/example_branch_operator.py
[2022-12-21 21:50:28,942] {logging_mixin.py:115} INFO - [2022-12-21 21:50:28,942] {dag.py:2379} INFO - Sync 1 DAGs
[2022-12-21 21:50:28,972] {logging_mixin.py:115} INFO - [2022-12-21 21:50:28,972] {dag.py:2927} INFO - Setting next_dagrun for example_branch_operator to 2022-12-21T00:00:00+00:00, run_after=2022-12-22T00:00:00+00:00
[2022-12-21 21:50:29,169] {processor.py:161} INFO - Processing /home/nayara/Downloads/EngDados/ALURA/api_twitter/venv/lib/python3.9/site-packages/airflow/example_dags/example_branch_operator.py took 0.305 seconds
[2022-12-21 21:51:26,077] {processor.py:153} INFO - Started process (PID=17880) to work on /home/nayara/Downloads/EngDados/ALURA/api_twitter/venv/lib/python3.9/site-packages/airflow/example_dags/example_branch_operator.py
[2022-12-21 21:51:26,079] {processor.py:641} INFO - Processing file /home/nayara/Downloads/EngDados/ALURA/api_twitter/venv/lib/python3.9/site-packages/airflow/example_dags/example_branch_operator.py for tasks to queue
[2022-12-21 21:51:26,080] {logging_mixin.py:115} INFO - [2022-12-21 21:51:26,080] {dagbag.py:507} INFO - Filling up the DagBag from /home/nayara/Downloads/EngDados/ALURA/api_twitter/venv/lib/python3.9/site-packages/airflow/example_dags/example_branch_operator.py
[2022-12-21 21:51:26,096] {processor.py:651} INFO - DAG(s) dict_keys(['example_branch_operator']) retrieved from /home/nayara/Downloads/EngDados/ALURA/api_twitter/venv/lib/python3.9/site-packages/airflow/example_dags/example_branch_operator.py
[2022-12-21 21:51:26,117] {logging_mixin.py:115} INFO - [2022-12-21 21:51:26,116] {dag.py:2379} INFO - Sync 1 DAGs
[2022-12-21 21:51:26,140] {logging_mixin.py:115} INFO - [2022-12-21 21:51:26,140] {dag.py:2927} INFO - Setting next_dagrun for example_branch_operator to 2022-12-21T00:00:00+00:00, run_after=2022-12-22T00:00:00+00:00
[2022-12-21 21:51:26,365] {processor.py:161} INFO - Processing /home/nayara/Downloads/EngDados/ALURA/api_twitter/venv/lib/python3.9/site-packages/airflow/example_dags/example_branch_operator.py took 0.302 seconds
[2022-12-21 21:52:14,151] {processor.py:153} INFO - Started process (PID=17987) to work on /home/nayara/Downloads/EngDados/ALURA/api_twitter/venv/lib/python3.9/site-packages/airflow/example_dags/example_branch_operator.py
[2022-12-21 21:52:14,177] {processor.py:641} INFO - Processing file /home/nayara/Downloads/EngDados/ALURA/api_twitter/venv/lib/python3.9/site-packages/airflow/example_dags/example_branch_operator.py for tasks to queue
[2022-12-21 21:52:14,178] {logging_mixin.py:115} INFO - [2022-12-21 21:52:14,178] {dagbag.py:507} INFO - Filling up the DagBag from /home/nayara/Downloads/EngDados/ALURA/api_twitter/venv/lib/python3.9/site-packages/airflow/example_dags/example_branch_operator.py
[2022-12-21 21:52:14,194] {processor.py:651} INFO - DAG(s) dict_keys(['example_branch_operator']) retrieved from /home/nayara/Downloads/EngDados/ALURA/api_twitter/venv/lib/python3.9/site-packages/airflow/example_dags/example_branch_operator.py
[2022-12-21 21:52:14,223] {logging_mixin.py:115} INFO - [2022-12-21 21:52:14,223] {dag.py:2379} INFO - Sync 1 DAGs
[2022-12-21 21:52:14,251] {logging_mixin.py:115} INFO - [2022-12-21 21:52:14,251] {dag.py:2927} INFO - Setting next_dagrun for example_branch_operator to 2022-12-21T00:00:00+00:00, run_after=2022-12-22T00:00:00+00:00
[2022-12-21 21:52:14,496] {processor.py:161} INFO - Processing /home/nayara/Downloads/EngDados/ALURA/api_twitter/venv/lib/python3.9/site-packages/airflow/example_dags/example_branch_operator.py took 0.363 seconds
[2022-12-21 21:52:58,833] {processor.py:153} INFO - Started process (PID=18196) to work on /home/nayara/Downloads/EngDados/ALURA/api_twitter/venv/lib/python3.9/site-packages/airflow/example_dags/example_branch_operator.py
[2022-12-21 21:52:58,853] {processor.py:641} INFO - Processing file /home/nayara/Downloads/EngDados/ALURA/api_twitter/venv/lib/python3.9/site-packages/airflow/example_dags/example_branch_operator.py for tasks to queue
[2022-12-21 21:52:58,854] {logging_mixin.py:115} INFO - [2022-12-21 21:52:58,854] {dagbag.py:507} INFO - Filling up the DagBag from /home/nayara/Downloads/EngDados/ALURA/api_twitter/venv/lib/python3.9/site-packages/airflow/example_dags/example_branch_operator.py
[2022-12-21 21:52:58,872] {processor.py:651} INFO - DAG(s) dict_keys(['example_branch_operator']) retrieved from /home/nayara/Downloads/EngDados/ALURA/api_twitter/venv/lib/python3.9/site-packages/airflow/example_dags/example_branch_operator.py
[2022-12-21 21:52:58,894] {logging_mixin.py:115} INFO - [2022-12-21 21:52:58,894] {dag.py:2379} INFO - Sync 1 DAGs
[2022-12-21 21:52:58,920] {logging_mixin.py:115} INFO - [2022-12-21 21:52:58,919] {dag.py:2927} INFO - Setting next_dagrun for example_branch_operator to 2022-12-21T00:00:00+00:00, run_after=2022-12-22T00:00:00+00:00
[2022-12-21 21:52:59,146] {processor.py:161} INFO - Processing /home/nayara/Downloads/EngDados/ALURA/api_twitter/venv/lib/python3.9/site-packages/airflow/example_dags/example_branch_operator.py took 0.317 seconds
[2022-12-21 21:53:47,433] {processor.py:153} INFO - Started process (PID=18320) to work on /home/nayara/Downloads/EngDados/ALURA/api_twitter/venv/lib/python3.9/site-packages/airflow/example_dags/example_branch_operator.py
[2022-12-21 21:53:47,435] {processor.py:641} INFO - Processing file /home/nayara/Downloads/EngDados/ALURA/api_twitter/venv/lib/python3.9/site-packages/airflow/example_dags/example_branch_operator.py for tasks to queue
[2022-12-21 21:53:47,436] {logging_mixin.py:115} INFO - [2022-12-21 21:53:47,436] {dagbag.py:507} INFO - Filling up the DagBag from /home/nayara/Downloads/EngDados/ALURA/api_twitter/venv/lib/python3.9/site-packages/airflow/example_dags/example_branch_operator.py
[2022-12-21 21:53:47,451] {processor.py:651} INFO - DAG(s) dict_keys(['example_branch_operator']) retrieved from /home/nayara/Downloads/EngDados/ALURA/api_twitter/venv/lib/python3.9/site-packages/airflow/example_dags/example_branch_operator.py
[2022-12-21 21:53:47,473] {logging_mixin.py:115} INFO - [2022-12-21 21:53:47,473] {dag.py:2379} INFO - Sync 1 DAGs
[2022-12-21 21:53:47,498] {logging_mixin.py:115} INFO - [2022-12-21 21:53:47,498] {dag.py:2927} INFO - Setting next_dagrun for example_branch_operator to 2022-12-21T00:00:00+00:00, run_after=2022-12-22T00:00:00+00:00
[2022-12-21 21:53:47,673] {processor.py:161} INFO - Processing /home/nayara/Downloads/EngDados/ALURA/api_twitter/venv/lib/python3.9/site-packages/airflow/example_dags/example_branch_operator.py took 0.251 seconds
[2022-12-21 21:54:37,793] {processor.py:153} INFO - Started process (PID=18416) to work on /home/nayara/Downloads/EngDados/ALURA/api_twitter/venv/lib/python3.9/site-packages/airflow/example_dags/example_branch_operator.py
[2022-12-21 21:54:37,806] {processor.py:641} INFO - Processing file /home/nayara/Downloads/EngDados/ALURA/api_twitter/venv/lib/python3.9/site-packages/airflow/example_dags/example_branch_operator.py for tasks to queue
[2022-12-21 21:54:37,809] {logging_mixin.py:115} INFO - [2022-12-21 21:54:37,809] {dagbag.py:507} INFO - Filling up the DagBag from /home/nayara/Downloads/EngDados/ALURA/api_twitter/venv/lib/python3.9/site-packages/airflow/example_dags/example_branch_operator.py
[2022-12-21 21:54:37,834] {processor.py:651} INFO - DAG(s) dict_keys(['example_branch_operator']) retrieved from /home/nayara/Downloads/EngDados/ALURA/api_twitter/venv/lib/python3.9/site-packages/airflow/example_dags/example_branch_operator.py
[2022-12-21 21:54:37,857] {logging_mixin.py:115} INFO - [2022-12-21 21:54:37,857] {dag.py:2379} INFO - Sync 1 DAGs
[2022-12-21 21:54:37,881] {logging_mixin.py:115} INFO - [2022-12-21 21:54:37,881] {dag.py:2927} INFO - Setting next_dagrun for example_branch_operator to 2022-12-21T00:00:00+00:00, run_after=2022-12-22T00:00:00+00:00
[2022-12-21 21:54:38,296] {processor.py:161} INFO - Processing /home/nayara/Downloads/EngDados/ALURA/api_twitter/venv/lib/python3.9/site-packages/airflow/example_dags/example_branch_operator.py took 0.511 seconds
