[2022-12-21 21:36:29,452] {processor.py:153} INFO - Started process (PID=15522) to work on /home/nayara/Downloads/EngDados/ALURA/api_twitter/venv/lib/python3.9/site-packages/airflow/example_dags/example_trigger_target_dag.py
[2022-12-21 21:36:29,453] {processor.py:641} INFO - Processing file /home/nayara/Downloads/EngDados/ALURA/api_twitter/venv/lib/python3.9/site-packages/airflow/example_dags/example_trigger_target_dag.py for tasks to queue
[2022-12-21 21:36:29,454] {logging_mixin.py:115} INFO - [2022-12-21 21:36:29,454] {dagbag.py:507} INFO - Filling up the DagBag from /home/nayara/Downloads/EngDados/ALURA/api_twitter/venv/lib/python3.9/site-packages/airflow/example_dags/example_trigger_target_dag.py
[2022-12-21 21:36:29,494] {processor.py:651} INFO - DAG(s) dict_keys(['example_trigger_target_dag']) retrieved from /home/nayara/Downloads/EngDados/ALURA/api_twitter/venv/lib/python3.9/site-packages/airflow/example_dags/example_trigger_target_dag.py
[2022-12-21 21:36:30,061] {logging_mixin.py:115} INFO - [2022-12-21 21:36:30,061] {manager.py:508} INFO - Created Permission View: can read on DAG:example_trigger_target_dag
[2022-12-21 21:36:30,542] {logging_mixin.py:115} INFO - [2022-12-21 21:36:30,542] {manager.py:508} INFO - Created Permission View: can delete on DAG:example_trigger_target_dag
[2022-12-21 21:36:30,760] {logging_mixin.py:115} INFO - [2022-12-21 21:36:30,760] {manager.py:508} INFO - Created Permission View: can edit on DAG:example_trigger_target_dag
[2022-12-21 21:36:30,760] {logging_mixin.py:115} INFO - [2022-12-21 21:36:30,760] {dag.py:2379} INFO - Sync 1 DAGs
[2022-12-21 21:36:30,788] {logging_mixin.py:115} INFO - [2022-12-21 21:36:30,787] {dag.py:2398} INFO - Creating ORM DAG for example_trigger_target_dag
[2022-12-21 21:36:30,808] {logging_mixin.py:115} INFO - [2022-12-21 21:36:30,808] {dag.py:2927} INFO - Setting next_dagrun for example_trigger_target_dag to None, run_after=None
[2022-12-21 21:36:31,101] {processor.py:161} INFO - Processing /home/nayara/Downloads/EngDados/ALURA/api_twitter/venv/lib/python3.9/site-packages/airflow/example_dags/example_trigger_target_dag.py took 1.662 seconds
[2022-12-21 21:38:24,336] {processor.py:153} INFO - Started process (PID=16180) to work on /home/nayara/Downloads/EngDados/ALURA/api_twitter/venv/lib/python3.9/site-packages/airflow/example_dags/example_trigger_target_dag.py
[2022-12-21 21:38:24,387] {processor.py:641} INFO - Processing file /home/nayara/Downloads/EngDados/ALURA/api_twitter/venv/lib/python3.9/site-packages/airflow/example_dags/example_trigger_target_dag.py for tasks to queue
[2022-12-21 21:38:24,387] {logging_mixin.py:115} INFO - [2022-12-21 21:38:24,387] {dagbag.py:507} INFO - Filling up the DagBag from /home/nayara/Downloads/EngDados/ALURA/api_twitter/venv/lib/python3.9/site-packages/airflow/example_dags/example_trigger_target_dag.py
[2022-12-21 21:38:25,177] {processor.py:651} INFO - DAG(s) dict_keys(['example_trigger_target_dag']) retrieved from /home/nayara/Downloads/EngDados/ALURA/api_twitter/venv/lib/python3.9/site-packages/airflow/example_dags/example_trigger_target_dag.py
[2022-12-21 21:38:25,220] {logging_mixin.py:115} INFO - [2022-12-21 21:38:25,220] {dag.py:2379} INFO - Sync 1 DAGs
[2022-12-21 21:38:25,281] {logging_mixin.py:115} INFO - [2022-12-21 21:38:25,281] {dag.py:2927} INFO - Setting next_dagrun for example_trigger_target_dag to None, run_after=None
[2022-12-21 21:38:25,890] {processor.py:161} INFO - Processing /home/nayara/Downloads/EngDados/ALURA/api_twitter/venv/lib/python3.9/site-packages/airflow/example_dags/example_trigger_target_dag.py took 1.579 seconds
[2022-12-21 21:39:17,393] {processor.py:153} INFO - Started process (PID=16248) to work on /home/nayara/Downloads/EngDados/ALURA/api_twitter/venv/lib/python3.9/site-packages/airflow/example_dags/example_trigger_target_dag.py
[2022-12-21 21:39:17,421] {processor.py:641} INFO - Processing file /home/nayara/Downloads/EngDados/ALURA/api_twitter/venv/lib/python3.9/site-packages/airflow/example_dags/example_trigger_target_dag.py for tasks to queue
[2022-12-21 21:39:17,422] {logging_mixin.py:115} INFO - [2022-12-21 21:39:17,422] {dagbag.py:507} INFO - Filling up the DagBag from /home/nayara/Downloads/EngDados/ALURA/api_twitter/venv/lib/python3.9/site-packages/airflow/example_dags/example_trigger_target_dag.py
[2022-12-21 21:39:17,450] {processor.py:651} INFO - DAG(s) dict_keys(['example_trigger_target_dag']) retrieved from /home/nayara/Downloads/EngDados/ALURA/api_twitter/venv/lib/python3.9/site-packages/airflow/example_dags/example_trigger_target_dag.py
[2022-12-21 21:39:17,476] {logging_mixin.py:115} INFO - [2022-12-21 21:39:17,476] {dag.py:2379} INFO - Sync 1 DAGs
[2022-12-21 21:39:17,510] {logging_mixin.py:115} INFO - [2022-12-21 21:39:17,510] {dag.py:2927} INFO - Setting next_dagrun for example_trigger_target_dag to None, run_after=None
[2022-12-21 21:39:18,161] {processor.py:161} INFO - Processing /home/nayara/Downloads/EngDados/ALURA/api_twitter/venv/lib/python3.9/site-packages/airflow/example_dags/example_trigger_target_dag.py took 0.775 seconds
[2022-12-21 21:40:05,754] {processor.py:153} INFO - Started process (PID=16317) to work on /home/nayara/Downloads/EngDados/ALURA/api_twitter/venv/lib/python3.9/site-packages/airflow/example_dags/example_trigger_target_dag.py
[2022-12-21 21:40:05,765] {processor.py:641} INFO - Processing file /home/nayara/Downloads/EngDados/ALURA/api_twitter/venv/lib/python3.9/site-packages/airflow/example_dags/example_trigger_target_dag.py for tasks to queue
[2022-12-21 21:40:05,765] {logging_mixin.py:115} INFO - [2022-12-21 21:40:05,765] {dagbag.py:507} INFO - Filling up the DagBag from /home/nayara/Downloads/EngDados/ALURA/api_twitter/venv/lib/python3.9/site-packages/airflow/example_dags/example_trigger_target_dag.py
[2022-12-21 21:40:05,790] {processor.py:651} INFO - DAG(s) dict_keys(['example_trigger_target_dag']) retrieved from /home/nayara/Downloads/EngDados/ALURA/api_twitter/venv/lib/python3.9/site-packages/airflow/example_dags/example_trigger_target_dag.py
[2022-12-21 21:40:05,808] {logging_mixin.py:115} INFO - [2022-12-21 21:40:05,808] {dag.py:2379} INFO - Sync 1 DAGs
[2022-12-21 21:40:05,832] {logging_mixin.py:115} INFO - [2022-12-21 21:40:05,832] {dag.py:2927} INFO - Setting next_dagrun for example_trigger_target_dag to None, run_after=None
[2022-12-21 21:40:06,054] {processor.py:161} INFO - Processing /home/nayara/Downloads/EngDados/ALURA/api_twitter/venv/lib/python3.9/site-packages/airflow/example_dags/example_trigger_target_dag.py took 0.312 seconds
[2022-12-21 21:40:45,967] {processor.py:153} INFO - Started process (PID=16393) to work on /home/nayara/Downloads/EngDados/ALURA/api_twitter/venv/lib/python3.9/site-packages/airflow/example_dags/example_trigger_target_dag.py
[2022-12-21 21:40:46,026] {processor.py:641} INFO - Processing file /home/nayara/Downloads/EngDados/ALURA/api_twitter/venv/lib/python3.9/site-packages/airflow/example_dags/example_trigger_target_dag.py for tasks to queue
[2022-12-21 21:40:46,030] {logging_mixin.py:115} INFO - [2022-12-21 21:40:46,029] {dagbag.py:507} INFO - Filling up the DagBag from /home/nayara/Downloads/EngDados/ALURA/api_twitter/venv/lib/python3.9/site-packages/airflow/example_dags/example_trigger_target_dag.py
[2022-12-21 21:40:46,102] {processor.py:651} INFO - DAG(s) dict_keys(['example_trigger_target_dag']) retrieved from /home/nayara/Downloads/EngDados/ALURA/api_twitter/venv/lib/python3.9/site-packages/airflow/example_dags/example_trigger_target_dag.py
[2022-12-21 21:40:46,127] {logging_mixin.py:115} INFO - [2022-12-21 21:40:46,127] {dag.py:2379} INFO - Sync 1 DAGs
[2022-12-21 21:40:46,154] {logging_mixin.py:115} INFO - [2022-12-21 21:40:46,154] {dag.py:2927} INFO - Setting next_dagrun for example_trigger_target_dag to None, run_after=None
[2022-12-21 21:40:46,850] {processor.py:161} INFO - Processing /home/nayara/Downloads/EngDados/ALURA/api_twitter/venv/lib/python3.9/site-packages/airflow/example_dags/example_trigger_target_dag.py took 0.903 seconds
[2022-12-21 21:41:37,822] {processor.py:153} INFO - Started process (PID=16495) to work on /home/nayara/Downloads/EngDados/ALURA/api_twitter/venv/lib/python3.9/site-packages/airflow/example_dags/example_trigger_target_dag.py
[2022-12-21 21:41:37,886] {processor.py:641} INFO - Processing file /home/nayara/Downloads/EngDados/ALURA/api_twitter/venv/lib/python3.9/site-packages/airflow/example_dags/example_trigger_target_dag.py for tasks to queue
[2022-12-21 21:41:37,889] {logging_mixin.py:115} INFO - [2022-12-21 21:41:37,888] {dagbag.py:507} INFO - Filling up the DagBag from /home/nayara/Downloads/EngDados/ALURA/api_twitter/venv/lib/python3.9/site-packages/airflow/example_dags/example_trigger_target_dag.py
[2022-12-21 21:41:37,963] {processor.py:651} INFO - DAG(s) dict_keys(['example_trigger_target_dag']) retrieved from /home/nayara/Downloads/EngDados/ALURA/api_twitter/venv/lib/python3.9/site-packages/airflow/example_dags/example_trigger_target_dag.py
[2022-12-21 21:41:37,986] {logging_mixin.py:115} INFO - [2022-12-21 21:41:37,985] {dag.py:2379} INFO - Sync 1 DAGs
[2022-12-21 21:41:38,011] {logging_mixin.py:115} INFO - [2022-12-21 21:41:38,011] {dag.py:2927} INFO - Setting next_dagrun for example_trigger_target_dag to None, run_after=None
[2022-12-21 21:41:38,427] {processor.py:161} INFO - Processing /home/nayara/Downloads/EngDados/ALURA/api_twitter/venv/lib/python3.9/site-packages/airflow/example_dags/example_trigger_target_dag.py took 0.622 seconds
[2022-12-21 21:42:27,052] {processor.py:153} INFO - Started process (PID=16575) to work on /home/nayara/Downloads/EngDados/ALURA/api_twitter/venv/lib/python3.9/site-packages/airflow/example_dags/example_trigger_target_dag.py
[2022-12-21 21:42:27,084] {processor.py:641} INFO - Processing file /home/nayara/Downloads/EngDados/ALURA/api_twitter/venv/lib/python3.9/site-packages/airflow/example_dags/example_trigger_target_dag.py for tasks to queue
[2022-12-21 21:42:27,086] {logging_mixin.py:115} INFO - [2022-12-21 21:42:27,086] {dagbag.py:507} INFO - Filling up the DagBag from /home/nayara/Downloads/EngDados/ALURA/api_twitter/venv/lib/python3.9/site-packages/airflow/example_dags/example_trigger_target_dag.py
[2022-12-21 21:42:27,169] {processor.py:651} INFO - DAG(s) dict_keys(['example_trigger_target_dag']) retrieved from /home/nayara/Downloads/EngDados/ALURA/api_twitter/venv/lib/python3.9/site-packages/airflow/example_dags/example_trigger_target_dag.py
[2022-12-21 21:42:27,194] {logging_mixin.py:115} INFO - [2022-12-21 21:42:27,194] {dag.py:2379} INFO - Sync 1 DAGs
[2022-12-21 21:42:27,219] {logging_mixin.py:115} INFO - [2022-12-21 21:42:27,219] {dag.py:2927} INFO - Setting next_dagrun for example_trigger_target_dag to None, run_after=None
[2022-12-21 21:42:27,616] {processor.py:161} INFO - Processing /home/nayara/Downloads/EngDados/ALURA/api_twitter/venv/lib/python3.9/site-packages/airflow/example_dags/example_trigger_target_dag.py took 0.582 seconds
[2022-12-21 21:43:09,069] {processor.py:153} INFO - Started process (PID=16619) to work on /home/nayara/Downloads/EngDados/ALURA/api_twitter/venv/lib/python3.9/site-packages/airflow/example_dags/example_trigger_target_dag.py
[2022-12-21 21:43:09,156] {processor.py:641} INFO - Processing file /home/nayara/Downloads/EngDados/ALURA/api_twitter/venv/lib/python3.9/site-packages/airflow/example_dags/example_trigger_target_dag.py for tasks to queue
[2022-12-21 21:43:09,157] {logging_mixin.py:115} INFO - [2022-12-21 21:43:09,157] {dagbag.py:507} INFO - Filling up the DagBag from /home/nayara/Downloads/EngDados/ALURA/api_twitter/venv/lib/python3.9/site-packages/airflow/example_dags/example_trigger_target_dag.py
[2022-12-21 21:43:09,178] {processor.py:651} INFO - DAG(s) dict_keys(['example_trigger_target_dag']) retrieved from /home/nayara/Downloads/EngDados/ALURA/api_twitter/venv/lib/python3.9/site-packages/airflow/example_dags/example_trigger_target_dag.py
[2022-12-21 21:43:09,200] {logging_mixin.py:115} INFO - [2022-12-21 21:43:09,200] {dag.py:2379} INFO - Sync 1 DAGs
[2022-12-21 21:43:09,224] {logging_mixin.py:115} INFO - [2022-12-21 21:43:09,224] {dag.py:2927} INFO - Setting next_dagrun for example_trigger_target_dag to None, run_after=None
[2022-12-21 21:43:09,794] {processor.py:161} INFO - Processing /home/nayara/Downloads/EngDados/ALURA/api_twitter/venv/lib/python3.9/site-packages/airflow/example_dags/example_trigger_target_dag.py took 0.745 seconds
[2022-12-21 21:43:55,746] {processor.py:153} INFO - Started process (PID=16694) to work on /home/nayara/Downloads/EngDados/ALURA/api_twitter/venv/lib/python3.9/site-packages/airflow/example_dags/example_trigger_target_dag.py
[2022-12-21 21:43:55,747] {processor.py:641} INFO - Processing file /home/nayara/Downloads/EngDados/ALURA/api_twitter/venv/lib/python3.9/site-packages/airflow/example_dags/example_trigger_target_dag.py for tasks to queue
[2022-12-21 21:43:55,748] {logging_mixin.py:115} INFO - [2022-12-21 21:43:55,748] {dagbag.py:507} INFO - Filling up the DagBag from /home/nayara/Downloads/EngDados/ALURA/api_twitter/venv/lib/python3.9/site-packages/airflow/example_dags/example_trigger_target_dag.py
[2022-12-21 21:43:55,771] {processor.py:651} INFO - DAG(s) dict_keys(['example_trigger_target_dag']) retrieved from /home/nayara/Downloads/EngDados/ALURA/api_twitter/venv/lib/python3.9/site-packages/airflow/example_dags/example_trigger_target_dag.py
[2022-12-21 21:43:55,790] {logging_mixin.py:115} INFO - [2022-12-21 21:43:55,790] {dag.py:2379} INFO - Sync 1 DAGs
[2022-12-21 21:43:55,812] {logging_mixin.py:115} INFO - [2022-12-21 21:43:55,812] {dag.py:2927} INFO - Setting next_dagrun for example_trigger_target_dag to None, run_after=None
[2022-12-21 21:43:56,024] {processor.py:161} INFO - Processing /home/nayara/Downloads/EngDados/ALURA/api_twitter/venv/lib/python3.9/site-packages/airflow/example_dags/example_trigger_target_dag.py took 0.282 seconds
[2022-12-21 21:44:41,796] {processor.py:153} INFO - Started process (PID=16746) to work on /home/nayara/Downloads/EngDados/ALURA/api_twitter/venv/lib/python3.9/site-packages/airflow/example_dags/example_trigger_target_dag.py
[2022-12-21 21:44:41,798] {processor.py:641} INFO - Processing file /home/nayara/Downloads/EngDados/ALURA/api_twitter/venv/lib/python3.9/site-packages/airflow/example_dags/example_trigger_target_dag.py for tasks to queue
[2022-12-21 21:44:41,801] {logging_mixin.py:115} INFO - [2022-12-21 21:44:41,801] {dagbag.py:507} INFO - Filling up the DagBag from /home/nayara/Downloads/EngDados/ALURA/api_twitter/venv/lib/python3.9/site-packages/airflow/example_dags/example_trigger_target_dag.py
[2022-12-21 21:44:41,861] {processor.py:651} INFO - DAG(s) dict_keys(['example_trigger_target_dag']) retrieved from /home/nayara/Downloads/EngDados/ALURA/api_twitter/venv/lib/python3.9/site-packages/airflow/example_dags/example_trigger_target_dag.py
[2022-12-21 21:44:41,880] {logging_mixin.py:115} INFO - [2022-12-21 21:44:41,880] {dag.py:2379} INFO - Sync 1 DAGs
[2022-12-21 21:44:41,902] {logging_mixin.py:115} INFO - [2022-12-21 21:44:41,902] {dag.py:2927} INFO - Setting next_dagrun for example_trigger_target_dag to None, run_after=None
[2022-12-21 21:44:42,343] {processor.py:161} INFO - Processing /home/nayara/Downloads/EngDados/ALURA/api_twitter/venv/lib/python3.9/site-packages/airflow/example_dags/example_trigger_target_dag.py took 0.561 seconds
[2022-12-21 21:45:21,797] {processor.py:153} INFO - Started process (PID=16820) to work on /home/nayara/Downloads/EngDados/ALURA/api_twitter/venv/lib/python3.9/site-packages/airflow/example_dags/example_trigger_target_dag.py
[2022-12-21 21:45:21,826] {processor.py:641} INFO - Processing file /home/nayara/Downloads/EngDados/ALURA/api_twitter/venv/lib/python3.9/site-packages/airflow/example_dags/example_trigger_target_dag.py for tasks to queue
[2022-12-21 21:45:21,827] {logging_mixin.py:115} INFO - [2022-12-21 21:45:21,827] {dagbag.py:507} INFO - Filling up the DagBag from /home/nayara/Downloads/EngDados/ALURA/api_twitter/venv/lib/python3.9/site-packages/airflow/example_dags/example_trigger_target_dag.py
[2022-12-21 21:45:21,854] {processor.py:651} INFO - DAG(s) dict_keys(['example_trigger_target_dag']) retrieved from /home/nayara/Downloads/EngDados/ALURA/api_twitter/venv/lib/python3.9/site-packages/airflow/example_dags/example_trigger_target_dag.py
[2022-12-21 21:45:21,875] {logging_mixin.py:115} INFO - [2022-12-21 21:45:21,875] {dag.py:2379} INFO - Sync 1 DAGs
[2022-12-21 21:45:21,902] {logging_mixin.py:115} INFO - [2022-12-21 21:45:21,901] {dag.py:2927} INFO - Setting next_dagrun for example_trigger_target_dag to None, run_after=None
[2022-12-21 21:45:22,517] {processor.py:161} INFO - Processing /home/nayara/Downloads/EngDados/ALURA/api_twitter/venv/lib/python3.9/site-packages/airflow/example_dags/example_trigger_target_dag.py took 0.726 seconds
[2022-12-21 21:46:01,924] {processor.py:153} INFO - Started process (PID=16917) to work on /home/nayara/Downloads/EngDados/ALURA/api_twitter/venv/lib/python3.9/site-packages/airflow/example_dags/example_trigger_target_dag.py
[2022-12-21 21:46:01,941] {processor.py:641} INFO - Processing file /home/nayara/Downloads/EngDados/ALURA/api_twitter/venv/lib/python3.9/site-packages/airflow/example_dags/example_trigger_target_dag.py for tasks to queue
[2022-12-21 21:46:01,944] {logging_mixin.py:115} INFO - [2022-12-21 21:46:01,943] {dagbag.py:507} INFO - Filling up the DagBag from /home/nayara/Downloads/EngDados/ALURA/api_twitter/venv/lib/python3.9/site-packages/airflow/example_dags/example_trigger_target_dag.py
[2022-12-21 21:46:02,002] {processor.py:651} INFO - DAG(s) dict_keys(['example_trigger_target_dag']) retrieved from /home/nayara/Downloads/EngDados/ALURA/api_twitter/venv/lib/python3.9/site-packages/airflow/example_dags/example_trigger_target_dag.py
[2022-12-21 21:46:02,024] {logging_mixin.py:115} INFO - [2022-12-21 21:46:02,024] {dag.py:2379} INFO - Sync 1 DAGs
[2022-12-21 21:46:02,047] {logging_mixin.py:115} INFO - [2022-12-21 21:46:02,047] {dag.py:2927} INFO - Setting next_dagrun for example_trigger_target_dag to None, run_after=None
[2022-12-21 21:46:02,512] {processor.py:161} INFO - Processing /home/nayara/Downloads/EngDados/ALURA/api_twitter/venv/lib/python3.9/site-packages/airflow/example_dags/example_trigger_target_dag.py took 0.604 seconds
[2022-12-21 21:46:40,973] {processor.py:153} INFO - Started process (PID=17232) to work on /home/nayara/Downloads/EngDados/ALURA/api_twitter/venv/lib/python3.9/site-packages/airflow/example_dags/example_trigger_target_dag.py
[2022-12-21 21:46:40,975] {processor.py:641} INFO - Processing file /home/nayara/Downloads/EngDados/ALURA/api_twitter/venv/lib/python3.9/site-packages/airflow/example_dags/example_trigger_target_dag.py for tasks to queue
[2022-12-21 21:46:40,978] {logging_mixin.py:115} INFO - [2022-12-21 21:46:40,978] {dagbag.py:507} INFO - Filling up the DagBag from /home/nayara/Downloads/EngDados/ALURA/api_twitter/venv/lib/python3.9/site-packages/airflow/example_dags/example_trigger_target_dag.py
[2022-12-21 21:46:41,026] {processor.py:651} INFO - DAG(s) dict_keys(['example_trigger_target_dag']) retrieved from /home/nayara/Downloads/EngDados/ALURA/api_twitter/venv/lib/python3.9/site-packages/airflow/example_dags/example_trigger_target_dag.py
[2022-12-21 21:46:41,057] {logging_mixin.py:115} INFO - [2022-12-21 21:46:41,057] {dag.py:2379} INFO - Sync 1 DAGs
[2022-12-21 21:46:41,087] {logging_mixin.py:115} INFO - [2022-12-21 21:46:41,087] {dag.py:2927} INFO - Setting next_dagrun for example_trigger_target_dag to None, run_after=None
[2022-12-21 21:46:41,339] {processor.py:161} INFO - Processing /home/nayara/Downloads/EngDados/ALURA/api_twitter/venv/lib/python3.9/site-packages/airflow/example_dags/example_trigger_target_dag.py took 0.383 seconds
[2022-12-21 21:47:31,959] {processor.py:153} INFO - Started process (PID=17383) to work on /home/nayara/Downloads/EngDados/ALURA/api_twitter/venv/lib/python3.9/site-packages/airflow/example_dags/example_trigger_target_dag.py
[2022-12-21 21:47:31,979] {processor.py:641} INFO - Processing file /home/nayara/Downloads/EngDados/ALURA/api_twitter/venv/lib/python3.9/site-packages/airflow/example_dags/example_trigger_target_dag.py for tasks to queue
[2022-12-21 21:47:31,982] {logging_mixin.py:115} INFO - [2022-12-21 21:47:31,981] {dagbag.py:507} INFO - Filling up the DagBag from /home/nayara/Downloads/EngDados/ALURA/api_twitter/venv/lib/python3.9/site-packages/airflow/example_dags/example_trigger_target_dag.py
[2022-12-21 21:47:32,064] {processor.py:651} INFO - DAG(s) dict_keys(['example_trigger_target_dag']) retrieved from /home/nayara/Downloads/EngDados/ALURA/api_twitter/venv/lib/python3.9/site-packages/airflow/example_dags/example_trigger_target_dag.py
[2022-12-21 21:47:32,091] {logging_mixin.py:115} INFO - [2022-12-21 21:47:32,091] {dag.py:2379} INFO - Sync 1 DAGs
[2022-12-21 21:47:32,118] {logging_mixin.py:115} INFO - [2022-12-21 21:47:32,118] {dag.py:2927} INFO - Setting next_dagrun for example_trigger_target_dag to None, run_after=None
[2022-12-21 21:47:32,480] {processor.py:161} INFO - Processing /home/nayara/Downloads/EngDados/ALURA/api_twitter/venv/lib/python3.9/site-packages/airflow/example_dags/example_trigger_target_dag.py took 0.540 seconds
[2022-12-21 21:48:13,969] {processor.py:153} INFO - Started process (PID=17446) to work on /home/nayara/Downloads/EngDados/ALURA/api_twitter/venv/lib/python3.9/site-packages/airflow/example_dags/example_trigger_target_dag.py
[2022-12-21 21:48:13,991] {processor.py:641} INFO - Processing file /home/nayara/Downloads/EngDados/ALURA/api_twitter/venv/lib/python3.9/site-packages/airflow/example_dags/example_trigger_target_dag.py for tasks to queue
[2022-12-21 21:48:13,994] {logging_mixin.py:115} INFO - [2022-12-21 21:48:13,993] {dagbag.py:507} INFO - Filling up the DagBag from /home/nayara/Downloads/EngDados/ALURA/api_twitter/venv/lib/python3.9/site-packages/airflow/example_dags/example_trigger_target_dag.py
[2022-12-21 21:48:14,041] {processor.py:651} INFO - DAG(s) dict_keys(['example_trigger_target_dag']) retrieved from /home/nayara/Downloads/EngDados/ALURA/api_twitter/venv/lib/python3.9/site-packages/airflow/example_dags/example_trigger_target_dag.py
[2022-12-21 21:48:14,072] {logging_mixin.py:115} INFO - [2022-12-21 21:48:14,072] {dag.py:2379} INFO - Sync 1 DAGs
[2022-12-21 21:48:14,101] {logging_mixin.py:115} INFO - [2022-12-21 21:48:14,101] {dag.py:2927} INFO - Setting next_dagrun for example_trigger_target_dag to None, run_after=None
[2022-12-21 21:48:14,346] {processor.py:161} INFO - Processing /home/nayara/Downloads/EngDados/ALURA/api_twitter/venv/lib/python3.9/site-packages/airflow/example_dags/example_trigger_target_dag.py took 0.384 seconds
[2022-12-21 21:48:56,628] {processor.py:153} INFO - Started process (PID=17500) to work on /home/nayara/Downloads/EngDados/ALURA/api_twitter/venv/lib/python3.9/site-packages/airflow/example_dags/example_trigger_target_dag.py
[2022-12-21 21:48:56,642] {processor.py:641} INFO - Processing file /home/nayara/Downloads/EngDados/ALURA/api_twitter/venv/lib/python3.9/site-packages/airflow/example_dags/example_trigger_target_dag.py for tasks to queue
[2022-12-21 21:48:56,644] {logging_mixin.py:115} INFO - [2022-12-21 21:48:56,644] {dagbag.py:507} INFO - Filling up the DagBag from /home/nayara/Downloads/EngDados/ALURA/api_twitter/venv/lib/python3.9/site-packages/airflow/example_dags/example_trigger_target_dag.py
[2022-12-21 21:48:56,702] {processor.py:651} INFO - DAG(s) dict_keys(['example_trigger_target_dag']) retrieved from /home/nayara/Downloads/EngDados/ALURA/api_twitter/venv/lib/python3.9/site-packages/airflow/example_dags/example_trigger_target_dag.py
[2022-12-21 21:48:56,722] {logging_mixin.py:115} INFO - [2022-12-21 21:48:56,722] {dag.py:2379} INFO - Sync 1 DAGs
[2022-12-21 21:48:56,746] {logging_mixin.py:115} INFO - [2022-12-21 21:48:56,746] {dag.py:2927} INFO - Setting next_dagrun for example_trigger_target_dag to None, run_after=None
[2022-12-21 21:48:57,011] {processor.py:161} INFO - Processing /home/nayara/Downloads/EngDados/ALURA/api_twitter/venv/lib/python3.9/site-packages/airflow/example_dags/example_trigger_target_dag.py took 0.397 seconds
[2022-12-21 21:50:03,099] {processor.py:153} INFO - Started process (PID=17638) to work on /home/nayara/Downloads/EngDados/ALURA/api_twitter/venv/lib/python3.9/site-packages/airflow/example_dags/example_trigger_target_dag.py
[2022-12-21 21:50:03,131] {processor.py:641} INFO - Processing file /home/nayara/Downloads/EngDados/ALURA/api_twitter/venv/lib/python3.9/site-packages/airflow/example_dags/example_trigger_target_dag.py for tasks to queue
[2022-12-21 21:50:03,131] {logging_mixin.py:115} INFO - [2022-12-21 21:50:03,131] {dagbag.py:507} INFO - Filling up the DagBag from /home/nayara/Downloads/EngDados/ALURA/api_twitter/venv/lib/python3.9/site-packages/airflow/example_dags/example_trigger_target_dag.py
[2022-12-21 21:50:03,152] {processor.py:651} INFO - DAG(s) dict_keys(['example_trigger_target_dag']) retrieved from /home/nayara/Downloads/EngDados/ALURA/api_twitter/venv/lib/python3.9/site-packages/airflow/example_dags/example_trigger_target_dag.py
[2022-12-21 21:50:03,182] {logging_mixin.py:115} INFO - [2022-12-21 21:50:03,182] {dag.py:2379} INFO - Sync 1 DAGs
[2022-12-21 21:50:03,206] {logging_mixin.py:115} INFO - [2022-12-21 21:50:03,205] {dag.py:2927} INFO - Setting next_dagrun for example_trigger_target_dag to None, run_after=None
[2022-12-21 21:50:03,388] {processor.py:161} INFO - Processing /home/nayara/Downloads/EngDados/ALURA/api_twitter/venv/lib/python3.9/site-packages/airflow/example_dags/example_trigger_target_dag.py took 0.292 seconds
[2022-12-21 21:50:42,781] {processor.py:153} INFO - Started process (PID=17791) to work on /home/nayara/Downloads/EngDados/ALURA/api_twitter/venv/lib/python3.9/site-packages/airflow/example_dags/example_trigger_target_dag.py
[2022-12-21 21:50:42,784] {processor.py:641} INFO - Processing file /home/nayara/Downloads/EngDados/ALURA/api_twitter/venv/lib/python3.9/site-packages/airflow/example_dags/example_trigger_target_dag.py for tasks to queue
[2022-12-21 21:50:42,787] {logging_mixin.py:115} INFO - [2022-12-21 21:50:42,786] {dagbag.py:507} INFO - Filling up the DagBag from /home/nayara/Downloads/EngDados/ALURA/api_twitter/venv/lib/python3.9/site-packages/airflow/example_dags/example_trigger_target_dag.py
[2022-12-21 21:50:42,852] {processor.py:651} INFO - DAG(s) dict_keys(['example_trigger_target_dag']) retrieved from /home/nayara/Downloads/EngDados/ALURA/api_twitter/venv/lib/python3.9/site-packages/airflow/example_dags/example_trigger_target_dag.py
[2022-12-21 21:50:42,877] {logging_mixin.py:115} INFO - [2022-12-21 21:50:42,877] {dag.py:2379} INFO - Sync 1 DAGs
[2022-12-21 21:50:42,901] {logging_mixin.py:115} INFO - [2022-12-21 21:50:42,901] {dag.py:2927} INFO - Setting next_dagrun for example_trigger_target_dag to None, run_after=None
[2022-12-21 21:50:43,211] {processor.py:161} INFO - Processing /home/nayara/Downloads/EngDados/ALURA/api_twitter/venv/lib/python3.9/site-packages/airflow/example_dags/example_trigger_target_dag.py took 0.449 seconds
[2022-12-21 21:51:22,738] {processor.py:153} INFO - Started process (PID=17877) to work on /home/nayara/Downloads/EngDados/ALURA/api_twitter/venv/lib/python3.9/site-packages/airflow/example_dags/example_trigger_target_dag.py
[2022-12-21 21:51:22,739] {processor.py:641} INFO - Processing file /home/nayara/Downloads/EngDados/ALURA/api_twitter/venv/lib/python3.9/site-packages/airflow/example_dags/example_trigger_target_dag.py for tasks to queue
[2022-12-21 21:51:22,740] {logging_mixin.py:115} INFO - [2022-12-21 21:51:22,739] {dagbag.py:507} INFO - Filling up the DagBag from /home/nayara/Downloads/EngDados/ALURA/api_twitter/venv/lib/python3.9/site-packages/airflow/example_dags/example_trigger_target_dag.py
[2022-12-21 21:51:22,760] {processor.py:651} INFO - DAG(s) dict_keys(['example_trigger_target_dag']) retrieved from /home/nayara/Downloads/EngDados/ALURA/api_twitter/venv/lib/python3.9/site-packages/airflow/example_dags/example_trigger_target_dag.py
[2022-12-21 21:51:22,779] {logging_mixin.py:115} INFO - [2022-12-21 21:51:22,779] {dag.py:2379} INFO - Sync 1 DAGs
[2022-12-21 21:51:22,799] {logging_mixin.py:115} INFO - [2022-12-21 21:51:22,799] {dag.py:2927} INFO - Setting next_dagrun for example_trigger_target_dag to None, run_after=None
[2022-12-21 21:51:23,033] {processor.py:161} INFO - Processing /home/nayara/Downloads/EngDados/ALURA/api_twitter/venv/lib/python3.9/site-packages/airflow/example_dags/example_trigger_target_dag.py took 0.301 seconds
[2022-12-21 21:52:08,419] {processor.py:153} INFO - Started process (PID=17967) to work on /home/nayara/Downloads/EngDados/ALURA/api_twitter/venv/lib/python3.9/site-packages/airflow/example_dags/example_trigger_target_dag.py
[2022-12-21 21:52:08,444] {processor.py:641} INFO - Processing file /home/nayara/Downloads/EngDados/ALURA/api_twitter/venv/lib/python3.9/site-packages/airflow/example_dags/example_trigger_target_dag.py for tasks to queue
[2022-12-21 21:52:08,446] {logging_mixin.py:115} INFO - [2022-12-21 21:52:08,446] {dagbag.py:507} INFO - Filling up the DagBag from /home/nayara/Downloads/EngDados/ALURA/api_twitter/venv/lib/python3.9/site-packages/airflow/example_dags/example_trigger_target_dag.py
[2022-12-21 21:52:08,478] {processor.py:651} INFO - DAG(s) dict_keys(['example_trigger_target_dag']) retrieved from /home/nayara/Downloads/EngDados/ALURA/api_twitter/venv/lib/python3.9/site-packages/airflow/example_dags/example_trigger_target_dag.py
[2022-12-21 21:52:08,498] {logging_mixin.py:115} INFO - [2022-12-21 21:52:08,498] {dag.py:2379} INFO - Sync 1 DAGs
[2022-12-21 21:52:08,520] {logging_mixin.py:115} INFO - [2022-12-21 21:52:08,519] {dag.py:2927} INFO - Setting next_dagrun for example_trigger_target_dag to None, run_after=None
[2022-12-21 21:52:08,742] {processor.py:161} INFO - Processing /home/nayara/Downloads/EngDados/ALURA/api_twitter/venv/lib/python3.9/site-packages/airflow/example_dags/example_trigger_target_dag.py took 0.337 seconds
[2022-12-21 21:52:50,390] {processor.py:153} INFO - Started process (PID=18187) to work on /home/nayara/Downloads/EngDados/ALURA/api_twitter/venv/lib/python3.9/site-packages/airflow/example_dags/example_trigger_target_dag.py
[2022-12-21 21:52:50,392] {processor.py:641} INFO - Processing file /home/nayara/Downloads/EngDados/ALURA/api_twitter/venv/lib/python3.9/site-packages/airflow/example_dags/example_trigger_target_dag.py for tasks to queue
[2022-12-21 21:52:50,393] {logging_mixin.py:115} INFO - [2022-12-21 21:52:50,393] {dagbag.py:507} INFO - Filling up the DagBag from /home/nayara/Downloads/EngDados/ALURA/api_twitter/venv/lib/python3.9/site-packages/airflow/example_dags/example_trigger_target_dag.py
[2022-12-21 21:52:50,427] {processor.py:651} INFO - DAG(s) dict_keys(['example_trigger_target_dag']) retrieved from /home/nayara/Downloads/EngDados/ALURA/api_twitter/venv/lib/python3.9/site-packages/airflow/example_dags/example_trigger_target_dag.py
[2022-12-21 21:52:50,449] {logging_mixin.py:115} INFO - [2022-12-21 21:52:50,449] {dag.py:2379} INFO - Sync 1 DAGs
[2022-12-21 21:52:50,474] {logging_mixin.py:115} INFO - [2022-12-21 21:52:50,474] {dag.py:2927} INFO - Setting next_dagrun for example_trigger_target_dag to None, run_after=None
[2022-12-21 21:52:50,709] {processor.py:161} INFO - Processing /home/nayara/Downloads/EngDados/ALURA/api_twitter/venv/lib/python3.9/site-packages/airflow/example_dags/example_trigger_target_dag.py took 0.327 seconds
[2022-12-21 21:53:36,596] {processor.py:153} INFO - Started process (PID=18244) to work on /home/nayara/Downloads/EngDados/ALURA/api_twitter/venv/lib/python3.9/site-packages/airflow/example_dags/example_trigger_target_dag.py
[2022-12-21 21:53:36,597] {processor.py:641} INFO - Processing file /home/nayara/Downloads/EngDados/ALURA/api_twitter/venv/lib/python3.9/site-packages/airflow/example_dags/example_trigger_target_dag.py for tasks to queue
[2022-12-21 21:53:36,598] {logging_mixin.py:115} INFO - [2022-12-21 21:53:36,598] {dagbag.py:507} INFO - Filling up the DagBag from /home/nayara/Downloads/EngDados/ALURA/api_twitter/venv/lib/python3.9/site-packages/airflow/example_dags/example_trigger_target_dag.py
[2022-12-21 21:53:36,622] {processor.py:651} INFO - DAG(s) dict_keys(['example_trigger_target_dag']) retrieved from /home/nayara/Downloads/EngDados/ALURA/api_twitter/venv/lib/python3.9/site-packages/airflow/example_dags/example_trigger_target_dag.py
[2022-12-21 21:53:36,643] {logging_mixin.py:115} INFO - [2022-12-21 21:53:36,643] {dag.py:2379} INFO - Sync 1 DAGs
[2022-12-21 21:53:36,669] {logging_mixin.py:115} INFO - [2022-12-21 21:53:36,669] {dag.py:2927} INFO - Setting next_dagrun for example_trigger_target_dag to None, run_after=None
[2022-12-21 21:53:36,966] {processor.py:161} INFO - Processing /home/nayara/Downloads/EngDados/ALURA/api_twitter/venv/lib/python3.9/site-packages/airflow/example_dags/example_trigger_target_dag.py took 0.376 seconds
[2022-12-21 21:54:12,385] {processor.py:153} INFO - Started process (PID=18378) to work on /home/nayara/Downloads/EngDados/ALURA/api_twitter/venv/lib/python3.9/site-packages/airflow/example_dags/example_trigger_target_dag.py
[2022-12-21 21:54:12,386] {processor.py:641} INFO - Processing file /home/nayara/Downloads/EngDados/ALURA/api_twitter/venv/lib/python3.9/site-packages/airflow/example_dags/example_trigger_target_dag.py for tasks to queue
[2022-12-21 21:54:12,387] {logging_mixin.py:115} INFO - [2022-12-21 21:54:12,387] {dagbag.py:507} INFO - Filling up the DagBag from /home/nayara/Downloads/EngDados/ALURA/api_twitter/venv/lib/python3.9/site-packages/airflow/example_dags/example_trigger_target_dag.py
[2022-12-21 21:54:12,412] {processor.py:651} INFO - DAG(s) dict_keys(['example_trigger_target_dag']) retrieved from /home/nayara/Downloads/EngDados/ALURA/api_twitter/venv/lib/python3.9/site-packages/airflow/example_dags/example_trigger_target_dag.py
[2022-12-21 21:54:12,431] {logging_mixin.py:115} INFO - [2022-12-21 21:54:12,431] {dag.py:2379} INFO - Sync 1 DAGs
[2022-12-21 21:54:12,453] {logging_mixin.py:115} INFO - [2022-12-21 21:54:12,453] {dag.py:2927} INFO - Setting next_dagrun for example_trigger_target_dag to None, run_after=None
[2022-12-21 21:54:12,657] {processor.py:161} INFO - Processing /home/nayara/Downloads/EngDados/ALURA/api_twitter/venv/lib/python3.9/site-packages/airflow/example_dags/example_trigger_target_dag.py took 0.280 seconds
[2022-12-21 21:54:46,968] {processor.py:153} INFO - Started process (PID=18445) to work on /home/nayara/Downloads/EngDados/ALURA/api_twitter/venv/lib/python3.9/site-packages/airflow/example_dags/example_trigger_target_dag.py
[2022-12-21 21:54:46,972] {processor.py:641} INFO - Processing file /home/nayara/Downloads/EngDados/ALURA/api_twitter/venv/lib/python3.9/site-packages/airflow/example_dags/example_trigger_target_dag.py for tasks to queue
[2022-12-21 21:54:46,974] {logging_mixin.py:115} INFO - [2022-12-21 21:54:46,973] {dagbag.py:507} INFO - Filling up the DagBag from /home/nayara/Downloads/EngDados/ALURA/api_twitter/venv/lib/python3.9/site-packages/airflow/example_dags/example_trigger_target_dag.py
[2022-12-21 21:54:47,019] {processor.py:651} INFO - DAG(s) dict_keys(['example_trigger_target_dag']) retrieved from /home/nayara/Downloads/EngDados/ALURA/api_twitter/venv/lib/python3.9/site-packages/airflow/example_dags/example_trigger_target_dag.py
[2022-12-21 21:54:47,050] {logging_mixin.py:115} INFO - [2022-12-21 21:54:47,050] {dag.py:2379} INFO - Sync 1 DAGs
[2022-12-21 21:54:47,084] {logging_mixin.py:115} INFO - [2022-12-21 21:54:47,084] {dag.py:2927} INFO - Setting next_dagrun for example_trigger_target_dag to None, run_after=None
[2022-12-21 21:54:47,431] {processor.py:161} INFO - Processing /home/nayara/Downloads/EngDados/ALURA/api_twitter/venv/lib/python3.9/site-packages/airflow/example_dags/example_trigger_target_dag.py took 0.483 seconds
[2022-12-21 21:55:25,203] {processor.py:153} INFO - Started process (PID=18496) to work on /home/nayara/Downloads/EngDados/ALURA/api_twitter/venv/lib/python3.9/site-packages/airflow/example_dags/example_trigger_target_dag.py
[2022-12-21 21:55:25,212] {processor.py:641} INFO - Processing file /home/nayara/Downloads/EngDados/ALURA/api_twitter/venv/lib/python3.9/site-packages/airflow/example_dags/example_trigger_target_dag.py for tasks to queue
[2022-12-21 21:55:25,213] {logging_mixin.py:115} INFO - [2022-12-21 21:55:25,213] {dagbag.py:507} INFO - Filling up the DagBag from /home/nayara/Downloads/EngDados/ALURA/api_twitter/venv/lib/python3.9/site-packages/airflow/example_dags/example_trigger_target_dag.py
[2022-12-21 21:55:25,249] {processor.py:651} INFO - DAG(s) dict_keys(['example_trigger_target_dag']) retrieved from /home/nayara/Downloads/EngDados/ALURA/api_twitter/venv/lib/python3.9/site-packages/airflow/example_dags/example_trigger_target_dag.py
[2022-12-21 21:55:25,268] {logging_mixin.py:115} INFO - [2022-12-21 21:55:25,268] {dag.py:2379} INFO - Sync 1 DAGs
[2022-12-21 21:55:25,289] {logging_mixin.py:115} INFO - [2022-12-21 21:55:25,289] {dag.py:2927} INFO - Setting next_dagrun for example_trigger_target_dag to None, run_after=None
[2022-12-21 21:55:25,566] {processor.py:161} INFO - Processing /home/nayara/Downloads/EngDados/ALURA/api_twitter/venv/lib/python3.9/site-packages/airflow/example_dags/example_trigger_target_dag.py took 0.376 seconds
