[2022-12-21 21:37:51,072] {processor.py:153} INFO - Started process (PID=16147) to work on /home/nayara/Downloads/EngDados/ALURA/api_twitter/venv/lib/python3.9/site-packages/airflow/example_dags/example_dag_decorator.py
[2022-12-21 21:37:51,074] {processor.py:641} INFO - Processing file /home/nayara/Downloads/EngDados/ALURA/api_twitter/venv/lib/python3.9/site-packages/airflow/example_dags/example_dag_decorator.py for tasks to queue
[2022-12-21 21:37:51,076] {logging_mixin.py:115} INFO - [2022-12-21 21:37:51,076] {dagbag.py:507} INFO - Filling up the DagBag from /home/nayara/Downloads/EngDados/ALURA/api_twitter/venv/lib/python3.9/site-packages/airflow/example_dags/example_dag_decorator.py
[2022-12-21 21:37:51,125] {processor.py:651} INFO - DAG(s) dict_keys(['example_dag_decorator']) retrieved from /home/nayara/Downloads/EngDados/ALURA/api_twitter/venv/lib/python3.9/site-packages/airflow/example_dags/example_dag_decorator.py
[2022-12-21 21:37:51,654] {logging_mixin.py:115} INFO - [2022-12-21 21:37:51,653] {manager.py:508} INFO - Created Permission View: can read on DAG:example_dag_decorator
[2022-12-21 21:37:51,950] {logging_mixin.py:115} INFO - [2022-12-21 21:37:51,949] {manager.py:508} INFO - Created Permission View: can delete on DAG:example_dag_decorator
[2022-12-21 21:37:52,305] {logging_mixin.py:115} INFO - [2022-12-21 21:37:52,304] {manager.py:508} INFO - Created Permission View: can edit on DAG:example_dag_decorator
[2022-12-21 21:37:52,306] {logging_mixin.py:115} INFO - [2022-12-21 21:37:52,305] {dag.py:2379} INFO - Sync 1 DAGs
[2022-12-21 21:37:52,348] {logging_mixin.py:115} INFO - [2022-12-21 21:37:52,347] {dag.py:2398} INFO - Creating ORM DAG for example_dag_decorator
[2022-12-21 21:37:52,396] {logging_mixin.py:115} INFO - [2022-12-21 21:37:52,396] {dag.py:2927} INFO - Setting next_dagrun for example_dag_decorator to None, run_after=None
[2022-12-21 21:37:52,678] {processor.py:161} INFO - Processing /home/nayara/Downloads/EngDados/ALURA/api_twitter/venv/lib/python3.9/site-packages/airflow/example_dags/example_dag_decorator.py took 1.620 seconds
[2022-12-21 21:39:29,039] {processor.py:153} INFO - Started process (PID=16262) to work on /home/nayara/Downloads/EngDados/ALURA/api_twitter/venv/lib/python3.9/site-packages/airflow/example_dags/example_dag_decorator.py
[2022-12-21 21:39:29,085] {processor.py:641} INFO - Processing file /home/nayara/Downloads/EngDados/ALURA/api_twitter/venv/lib/python3.9/site-packages/airflow/example_dags/example_dag_decorator.py for tasks to queue
[2022-12-21 21:39:29,088] {logging_mixin.py:115} INFO - [2022-12-21 21:39:29,088] {dagbag.py:507} INFO - Filling up the DagBag from /home/nayara/Downloads/EngDados/ALURA/api_twitter/venv/lib/python3.9/site-packages/airflow/example_dags/example_dag_decorator.py
[2022-12-21 21:39:29,472] {processor.py:651} INFO - DAG(s) dict_keys(['example_dag_decorator']) retrieved from /home/nayara/Downloads/EngDados/ALURA/api_twitter/venv/lib/python3.9/site-packages/airflow/example_dags/example_dag_decorator.py
[2022-12-21 21:39:29,547] {logging_mixin.py:115} INFO - [2022-12-21 21:39:29,547] {dag.py:2379} INFO - Sync 1 DAGs
[2022-12-21 21:39:29,567] {logging_mixin.py:115} INFO - [2022-12-21 21:39:29,567] {dag.py:2927} INFO - Setting next_dagrun for example_dag_decorator to None, run_after=None
[2022-12-21 21:39:29,999] {processor.py:161} INFO - Processing /home/nayara/Downloads/EngDados/ALURA/api_twitter/venv/lib/python3.9/site-packages/airflow/example_dags/example_dag_decorator.py took 0.965 seconds
[2022-12-21 21:40:18,462] {processor.py:153} INFO - Started process (PID=16328) to work on /home/nayara/Downloads/EngDados/ALURA/api_twitter/venv/lib/python3.9/site-packages/airflow/example_dags/example_dag_decorator.py
[2022-12-21 21:40:18,463] {processor.py:641} INFO - Processing file /home/nayara/Downloads/EngDados/ALURA/api_twitter/venv/lib/python3.9/site-packages/airflow/example_dags/example_dag_decorator.py for tasks to queue
[2022-12-21 21:40:18,465] {logging_mixin.py:115} INFO - [2022-12-21 21:40:18,464] {dagbag.py:507} INFO - Filling up the DagBag from /home/nayara/Downloads/EngDados/ALURA/api_twitter/venv/lib/python3.9/site-packages/airflow/example_dags/example_dag_decorator.py
[2022-12-21 21:40:18,495] {processor.py:651} INFO - DAG(s) dict_keys(['example_dag_decorator']) retrieved from /home/nayara/Downloads/EngDados/ALURA/api_twitter/venv/lib/python3.9/site-packages/airflow/example_dags/example_dag_decorator.py
[2022-12-21 21:40:18,515] {logging_mixin.py:115} INFO - [2022-12-21 21:40:18,514] {dag.py:2379} INFO - Sync 1 DAGs
[2022-12-21 21:40:18,535] {logging_mixin.py:115} INFO - [2022-12-21 21:40:18,535] {dag.py:2927} INFO - Setting next_dagrun for example_dag_decorator to None, run_after=None
[2022-12-21 21:40:18,752] {processor.py:161} INFO - Processing /home/nayara/Downloads/EngDados/ALURA/api_twitter/venv/lib/python3.9/site-packages/airflow/example_dags/example_dag_decorator.py took 0.303 seconds
[2022-12-21 21:41:28,198] {processor.py:153} INFO - Started process (PID=16483) to work on /home/nayara/Downloads/EngDados/ALURA/api_twitter/venv/lib/python3.9/site-packages/airflow/example_dags/example_dag_decorator.py
[2022-12-21 21:41:28,267] {processor.py:641} INFO - Processing file /home/nayara/Downloads/EngDados/ALURA/api_twitter/venv/lib/python3.9/site-packages/airflow/example_dags/example_dag_decorator.py for tasks to queue
[2022-12-21 21:41:28,272] {logging_mixin.py:115} INFO - [2022-12-21 21:41:28,271] {dagbag.py:507} INFO - Filling up the DagBag from /home/nayara/Downloads/EngDados/ALURA/api_twitter/venv/lib/python3.9/site-packages/airflow/example_dags/example_dag_decorator.py
[2022-12-21 21:41:28,332] {processor.py:651} INFO - DAG(s) dict_keys(['example_dag_decorator']) retrieved from /home/nayara/Downloads/EngDados/ALURA/api_twitter/venv/lib/python3.9/site-packages/airflow/example_dags/example_dag_decorator.py
[2022-12-21 21:41:28,409] {logging_mixin.py:115} INFO - [2022-12-21 21:41:28,409] {dag.py:2379} INFO - Sync 1 DAGs
[2022-12-21 21:41:28,434] {logging_mixin.py:115} INFO - [2022-12-21 21:41:28,434] {dag.py:2927} INFO - Setting next_dagrun for example_dag_decorator to None, run_after=None
[2022-12-21 21:41:28,786] {processor.py:161} INFO - Processing /home/nayara/Downloads/EngDados/ALURA/api_twitter/venv/lib/python3.9/site-packages/airflow/example_dags/example_dag_decorator.py took 0.601 seconds
[2022-12-21 21:42:18,940] {processor.py:153} INFO - Started process (PID=16566) to work on /home/nayara/Downloads/EngDados/ALURA/api_twitter/venv/lib/python3.9/site-packages/airflow/example_dags/example_dag_decorator.py
[2022-12-21 21:42:18,942] {processor.py:641} INFO - Processing file /home/nayara/Downloads/EngDados/ALURA/api_twitter/venv/lib/python3.9/site-packages/airflow/example_dags/example_dag_decorator.py for tasks to queue
[2022-12-21 21:42:18,942] {logging_mixin.py:115} INFO - [2022-12-21 21:42:18,942] {dagbag.py:507} INFO - Filling up the DagBag from /home/nayara/Downloads/EngDados/ALURA/api_twitter/venv/lib/python3.9/site-packages/airflow/example_dags/example_dag_decorator.py
[2022-12-21 21:42:18,986] {processor.py:651} INFO - DAG(s) dict_keys(['example_dag_decorator']) retrieved from /home/nayara/Downloads/EngDados/ALURA/api_twitter/venv/lib/python3.9/site-packages/airflow/example_dags/example_dag_decorator.py
[2022-12-21 21:42:19,012] {logging_mixin.py:115} INFO - [2022-12-21 21:42:19,012] {dag.py:2379} INFO - Sync 1 DAGs
[2022-12-21 21:42:19,042] {logging_mixin.py:115} INFO - [2022-12-21 21:42:19,042] {dag.py:2927} INFO - Setting next_dagrun for example_dag_decorator to None, run_after=None
[2022-12-21 21:42:19,284] {processor.py:161} INFO - Processing /home/nayara/Downloads/EngDados/ALURA/api_twitter/venv/lib/python3.9/site-packages/airflow/example_dags/example_dag_decorator.py took 0.349 seconds
[2022-12-21 21:43:26,197] {processor.py:153} INFO - Started process (PID=16655) to work on /home/nayara/Downloads/EngDados/ALURA/api_twitter/venv/lib/python3.9/site-packages/airflow/example_dags/example_dag_decorator.py
[2022-12-21 21:43:26,223] {processor.py:641} INFO - Processing file /home/nayara/Downloads/EngDados/ALURA/api_twitter/venv/lib/python3.9/site-packages/airflow/example_dags/example_dag_decorator.py for tasks to queue
[2022-12-21 21:43:26,225] {logging_mixin.py:115} INFO - [2022-12-21 21:43:26,224] {dagbag.py:507} INFO - Filling up the DagBag from /home/nayara/Downloads/EngDados/ALURA/api_twitter/venv/lib/python3.9/site-packages/airflow/example_dags/example_dag_decorator.py
[2022-12-21 21:43:26,261] {processor.py:651} INFO - DAG(s) dict_keys(['example_dag_decorator']) retrieved from /home/nayara/Downloads/EngDados/ALURA/api_twitter/venv/lib/python3.9/site-packages/airflow/example_dags/example_dag_decorator.py
[2022-12-21 21:43:26,285] {logging_mixin.py:115} INFO - [2022-12-21 21:43:26,285] {dag.py:2379} INFO - Sync 1 DAGs
[2022-12-21 21:43:26,309] {logging_mixin.py:115} INFO - [2022-12-21 21:43:26,309] {dag.py:2927} INFO - Setting next_dagrun for example_dag_decorator to None, run_after=None
[2022-12-21 21:43:26,551] {processor.py:161} INFO - Processing /home/nayara/Downloads/EngDados/ALURA/api_twitter/venv/lib/python3.9/site-packages/airflow/example_dags/example_dag_decorator.py took 0.359 seconds
[2022-12-21 21:44:21,853] {processor.py:153} INFO - Started process (PID=16717) to work on /home/nayara/Downloads/EngDados/ALURA/api_twitter/venv/lib/python3.9/site-packages/airflow/example_dags/example_dag_decorator.py
[2022-12-21 21:44:21,855] {processor.py:641} INFO - Processing file /home/nayara/Downloads/EngDados/ALURA/api_twitter/venv/lib/python3.9/site-packages/airflow/example_dags/example_dag_decorator.py for tasks to queue
[2022-12-21 21:44:21,856] {logging_mixin.py:115} INFO - [2022-12-21 21:44:21,856] {dagbag.py:507} INFO - Filling up the DagBag from /home/nayara/Downloads/EngDados/ALURA/api_twitter/venv/lib/python3.9/site-packages/airflow/example_dags/example_dag_decorator.py
[2022-12-21 21:44:21,908] {processor.py:651} INFO - DAG(s) dict_keys(['example_dag_decorator']) retrieved from /home/nayara/Downloads/EngDados/ALURA/api_twitter/venv/lib/python3.9/site-packages/airflow/example_dags/example_dag_decorator.py
[2022-12-21 21:44:21,963] {logging_mixin.py:115} INFO - [2022-12-21 21:44:21,963] {dag.py:2379} INFO - Sync 1 DAGs
[2022-12-21 21:44:21,981] {logging_mixin.py:115} INFO - [2022-12-21 21:44:21,981] {dag.py:2927} INFO - Setting next_dagrun for example_dag_decorator to None, run_after=None
[2022-12-21 21:44:22,170] {processor.py:161} INFO - Processing /home/nayara/Downloads/EngDados/ALURA/api_twitter/venv/lib/python3.9/site-packages/airflow/example_dags/example_dag_decorator.py took 0.329 seconds
[2022-12-21 21:45:16,909] {processor.py:153} INFO - Started process (PID=16817) to work on /home/nayara/Downloads/EngDados/ALURA/api_twitter/venv/lib/python3.9/site-packages/airflow/example_dags/example_dag_decorator.py
[2022-12-21 21:45:16,925] {processor.py:641} INFO - Processing file /home/nayara/Downloads/EngDados/ALURA/api_twitter/venv/lib/python3.9/site-packages/airflow/example_dags/example_dag_decorator.py for tasks to queue
[2022-12-21 21:45:16,927] {logging_mixin.py:115} INFO - [2022-12-21 21:45:16,926] {dagbag.py:507} INFO - Filling up the DagBag from /home/nayara/Downloads/EngDados/ALURA/api_twitter/venv/lib/python3.9/site-packages/airflow/example_dags/example_dag_decorator.py
[2022-12-21 21:45:16,994] {processor.py:651} INFO - DAG(s) dict_keys(['example_dag_decorator']) retrieved from /home/nayara/Downloads/EngDados/ALURA/api_twitter/venv/lib/python3.9/site-packages/airflow/example_dags/example_dag_decorator.py
[2022-12-21 21:45:17,019] {logging_mixin.py:115} INFO - [2022-12-21 21:45:17,019] {dag.py:2379} INFO - Sync 1 DAGs
[2022-12-21 21:45:17,044] {logging_mixin.py:115} INFO - [2022-12-21 21:45:17,044] {dag.py:2927} INFO - Setting next_dagrun for example_dag_decorator to None, run_after=None
[2022-12-21 21:45:17,427] {processor.py:161} INFO - Processing /home/nayara/Downloads/EngDados/ALURA/api_twitter/venv/lib/python3.9/site-packages/airflow/example_dags/example_dag_decorator.py took 0.532 seconds
[2022-12-21 21:46:17,360] {processor.py:153} INFO - Started process (PID=17092) to work on /home/nayara/Downloads/EngDados/ALURA/api_twitter/venv/lib/python3.9/site-packages/airflow/example_dags/example_dag_decorator.py
[2022-12-21 21:46:17,396] {processor.py:641} INFO - Processing file /home/nayara/Downloads/EngDados/ALURA/api_twitter/venv/lib/python3.9/site-packages/airflow/example_dags/example_dag_decorator.py for tasks to queue
[2022-12-21 21:46:17,400] {logging_mixin.py:115} INFO - [2022-12-21 21:46:17,399] {dagbag.py:507} INFO - Filling up the DagBag from /home/nayara/Downloads/EngDados/ALURA/api_twitter/venv/lib/python3.9/site-packages/airflow/example_dags/example_dag_decorator.py
[2022-12-21 21:46:17,490] {processor.py:651} INFO - DAG(s) dict_keys(['example_dag_decorator']) retrieved from /home/nayara/Downloads/EngDados/ALURA/api_twitter/venv/lib/python3.9/site-packages/airflow/example_dags/example_dag_decorator.py
[2022-12-21 21:46:17,517] {logging_mixin.py:115} INFO - [2022-12-21 21:46:17,517] {dag.py:2379} INFO - Sync 1 DAGs
[2022-12-21 21:46:17,552] {logging_mixin.py:115} INFO - [2022-12-21 21:46:17,552] {dag.py:2927} INFO - Setting next_dagrun for example_dag_decorator to None, run_after=None
[2022-12-21 21:46:17,752] {processor.py:161} INFO - Processing /home/nayara/Downloads/EngDados/ALURA/api_twitter/venv/lib/python3.9/site-packages/airflow/example_dags/example_dag_decorator.py took 0.409 seconds
[2022-12-21 21:47:26,982] {processor.py:153} INFO - Started process (PID=17349) to work on /home/nayara/Downloads/EngDados/ALURA/api_twitter/venv/lib/python3.9/site-packages/airflow/example_dags/example_dag_decorator.py
[2022-12-21 21:47:26,987] {processor.py:641} INFO - Processing file /home/nayara/Downloads/EngDados/ALURA/api_twitter/venv/lib/python3.9/site-packages/airflow/example_dags/example_dag_decorator.py for tasks to queue
[2022-12-21 21:47:26,988] {logging_mixin.py:115} INFO - [2022-12-21 21:47:26,988] {dagbag.py:507} INFO - Filling up the DagBag from /home/nayara/Downloads/EngDados/ALURA/api_twitter/venv/lib/python3.9/site-packages/airflow/example_dags/example_dag_decorator.py
[2022-12-21 21:47:27,021] {processor.py:651} INFO - DAG(s) dict_keys(['example_dag_decorator']) retrieved from /home/nayara/Downloads/EngDados/ALURA/api_twitter/venv/lib/python3.9/site-packages/airflow/example_dags/example_dag_decorator.py
[2022-12-21 21:47:27,084] {logging_mixin.py:115} INFO - [2022-12-21 21:47:27,084] {dag.py:2379} INFO - Sync 1 DAGs
[2022-12-21 21:47:27,104] {logging_mixin.py:115} INFO - [2022-12-21 21:47:27,104] {dag.py:2927} INFO - Setting next_dagrun for example_dag_decorator to None, run_after=None
[2022-12-21 21:47:27,330] {processor.py:161} INFO - Processing /home/nayara/Downloads/EngDados/ALURA/api_twitter/venv/lib/python3.9/site-packages/airflow/example_dags/example_dag_decorator.py took 0.361 seconds
[2022-12-21 21:48:30,570] {processor.py:153} INFO - Started process (PID=17458) to work on /home/nayara/Downloads/EngDados/ALURA/api_twitter/venv/lib/python3.9/site-packages/airflow/example_dags/example_dag_decorator.py
[2022-12-21 21:48:30,582] {processor.py:641} INFO - Processing file /home/nayara/Downloads/EngDados/ALURA/api_twitter/venv/lib/python3.9/site-packages/airflow/example_dags/example_dag_decorator.py for tasks to queue
[2022-12-21 21:48:30,584] {logging_mixin.py:115} INFO - [2022-12-21 21:48:30,584] {dagbag.py:507} INFO - Filling up the DagBag from /home/nayara/Downloads/EngDados/ALURA/api_twitter/venv/lib/python3.9/site-packages/airflow/example_dags/example_dag_decorator.py
[2022-12-21 21:48:30,630] {processor.py:651} INFO - DAG(s) dict_keys(['example_dag_decorator']) retrieved from /home/nayara/Downloads/EngDados/ALURA/api_twitter/venv/lib/python3.9/site-packages/airflow/example_dags/example_dag_decorator.py
[2022-12-21 21:48:30,653] {logging_mixin.py:115} INFO - [2022-12-21 21:48:30,653] {dag.py:2379} INFO - Sync 1 DAGs
[2022-12-21 21:48:30,679] {logging_mixin.py:115} INFO - [2022-12-21 21:48:30,679] {dag.py:2927} INFO - Setting next_dagrun for example_dag_decorator to None, run_after=None
[2022-12-21 21:48:30,967] {processor.py:161} INFO - Processing /home/nayara/Downloads/EngDados/ALURA/api_twitter/venv/lib/python3.9/site-packages/airflow/example_dags/example_dag_decorator.py took 0.418 seconds
[2022-12-21 21:49:52,100] {processor.py:153} INFO - Started process (PID=17548) to work on /home/nayara/Downloads/EngDados/ALURA/api_twitter/venv/lib/python3.9/site-packages/airflow/example_dags/example_dag_decorator.py
[2022-12-21 21:49:52,109] {processor.py:641} INFO - Processing file /home/nayara/Downloads/EngDados/ALURA/api_twitter/venv/lib/python3.9/site-packages/airflow/example_dags/example_dag_decorator.py for tasks to queue
[2022-12-21 21:49:52,111] {logging_mixin.py:115} INFO - [2022-12-21 21:49:52,110] {dagbag.py:507} INFO - Filling up the DagBag from /home/nayara/Downloads/EngDados/ALURA/api_twitter/venv/lib/python3.9/site-packages/airflow/example_dags/example_dag_decorator.py
[2022-12-21 21:49:52,341] {processor.py:651} INFO - DAG(s) dict_keys(['example_dag_decorator']) retrieved from /home/nayara/Downloads/EngDados/ALURA/api_twitter/venv/lib/python3.9/site-packages/airflow/example_dags/example_dag_decorator.py
[2022-12-21 21:49:52,434] {logging_mixin.py:115} INFO - [2022-12-21 21:49:52,434] {dag.py:2379} INFO - Sync 1 DAGs
[2022-12-21 21:49:52,452] {logging_mixin.py:115} INFO - [2022-12-21 21:49:52,451] {dag.py:2927} INFO - Setting next_dagrun for example_dag_decorator to None, run_after=None
[2022-12-21 21:49:52,650] {processor.py:161} INFO - Processing /home/nayara/Downloads/EngDados/ALURA/api_twitter/venv/lib/python3.9/site-packages/airflow/example_dags/example_dag_decorator.py took 0.559 seconds
[2022-12-21 21:50:51,925] {processor.py:153} INFO - Started process (PID=17802) to work on /home/nayara/Downloads/EngDados/ALURA/api_twitter/venv/lib/python3.9/site-packages/airflow/example_dags/example_dag_decorator.py
[2022-12-21 21:50:51,927] {processor.py:641} INFO - Processing file /home/nayara/Downloads/EngDados/ALURA/api_twitter/venv/lib/python3.9/site-packages/airflow/example_dags/example_dag_decorator.py for tasks to queue
[2022-12-21 21:50:51,928] {logging_mixin.py:115} INFO - [2022-12-21 21:50:51,928] {dagbag.py:507} INFO - Filling up the DagBag from /home/nayara/Downloads/EngDados/ALURA/api_twitter/venv/lib/python3.9/site-packages/airflow/example_dags/example_dag_decorator.py
[2022-12-21 21:50:51,972] {processor.py:651} INFO - DAG(s) dict_keys(['example_dag_decorator']) retrieved from /home/nayara/Downloads/EngDados/ALURA/api_twitter/venv/lib/python3.9/site-packages/airflow/example_dags/example_dag_decorator.py
[2022-12-21 21:50:52,032] {logging_mixin.py:115} INFO - [2022-12-21 21:50:52,032] {dag.py:2379} INFO - Sync 1 DAGs
[2022-12-21 21:50:52,050] {logging_mixin.py:115} INFO - [2022-12-21 21:50:52,050] {dag.py:2927} INFO - Setting next_dagrun for example_dag_decorator to None, run_after=None
[2022-12-21 21:50:52,298] {processor.py:161} INFO - Processing /home/nayara/Downloads/EngDados/ALURA/api_twitter/venv/lib/python3.9/site-packages/airflow/example_dags/example_dag_decorator.py took 0.381 seconds
[2022-12-21 21:51:40,906] {processor.py:153} INFO - Started process (PID=17914) to work on /home/nayara/Downloads/EngDados/ALURA/api_twitter/venv/lib/python3.9/site-packages/airflow/example_dags/example_dag_decorator.py
[2022-12-21 21:51:40,928] {processor.py:641} INFO - Processing file /home/nayara/Downloads/EngDados/ALURA/api_twitter/venv/lib/python3.9/site-packages/airflow/example_dags/example_dag_decorator.py for tasks to queue
[2022-12-21 21:51:40,929] {logging_mixin.py:115} INFO - [2022-12-21 21:51:40,929] {dagbag.py:507} INFO - Filling up the DagBag from /home/nayara/Downloads/EngDados/ALURA/api_twitter/venv/lib/python3.9/site-packages/airflow/example_dags/example_dag_decorator.py
[2022-12-21 21:51:40,997] {processor.py:651} INFO - DAG(s) dict_keys(['example_dag_decorator']) retrieved from /home/nayara/Downloads/EngDados/ALURA/api_twitter/venv/lib/python3.9/site-packages/airflow/example_dags/example_dag_decorator.py
[2022-12-21 21:51:41,074] {logging_mixin.py:115} INFO - [2022-12-21 21:51:41,074] {dag.py:2379} INFO - Sync 1 DAGs
[2022-12-21 21:51:41,098] {logging_mixin.py:115} INFO - [2022-12-21 21:51:41,098] {dag.py:2927} INFO - Setting next_dagrun for example_dag_decorator to None, run_after=None
[2022-12-21 21:51:41,300] {processor.py:161} INFO - Processing /home/nayara/Downloads/EngDados/ALURA/api_twitter/venv/lib/python3.9/site-packages/airflow/example_dags/example_dag_decorator.py took 0.413 seconds
[2022-12-21 21:52:39,811] {processor.py:153} INFO - Started process (PID=18179) to work on /home/nayara/Downloads/EngDados/ALURA/api_twitter/venv/lib/python3.9/site-packages/airflow/example_dags/example_dag_decorator.py
[2022-12-21 21:52:39,814] {processor.py:641} INFO - Processing file /home/nayara/Downloads/EngDados/ALURA/api_twitter/venv/lib/python3.9/site-packages/airflow/example_dags/example_dag_decorator.py for tasks to queue
[2022-12-21 21:52:39,815] {logging_mixin.py:115} INFO - [2022-12-21 21:52:39,815] {dagbag.py:507} INFO - Filling up the DagBag from /home/nayara/Downloads/EngDados/ALURA/api_twitter/venv/lib/python3.9/site-packages/airflow/example_dags/example_dag_decorator.py
[2022-12-21 21:52:39,852] {processor.py:651} INFO - DAG(s) dict_keys(['example_dag_decorator']) retrieved from /home/nayara/Downloads/EngDados/ALURA/api_twitter/venv/lib/python3.9/site-packages/airflow/example_dags/example_dag_decorator.py
[2022-12-21 21:52:39,909] {logging_mixin.py:115} INFO - [2022-12-21 21:52:39,909] {dag.py:2379} INFO - Sync 1 DAGs
[2022-12-21 21:52:39,928] {logging_mixin.py:115} INFO - [2022-12-21 21:52:39,927] {dag.py:2927} INFO - Setting next_dagrun for example_dag_decorator to None, run_after=None
[2022-12-21 21:52:40,157] {processor.py:161} INFO - Processing /home/nayara/Downloads/EngDados/ALURA/api_twitter/venv/lib/python3.9/site-packages/airflow/example_dags/example_dag_decorator.py took 0.358 seconds
[2022-12-21 21:53:30,901] {processor.py:153} INFO - Started process (PID=18237) to work on /home/nayara/Downloads/EngDados/ALURA/api_twitter/venv/lib/python3.9/site-packages/airflow/example_dags/example_dag_decorator.py
[2022-12-21 21:53:30,903] {processor.py:641} INFO - Processing file /home/nayara/Downloads/EngDados/ALURA/api_twitter/venv/lib/python3.9/site-packages/airflow/example_dags/example_dag_decorator.py for tasks to queue
[2022-12-21 21:53:30,904] {logging_mixin.py:115} INFO - [2022-12-21 21:53:30,903] {dagbag.py:507} INFO - Filling up the DagBag from /home/nayara/Downloads/EngDados/ALURA/api_twitter/venv/lib/python3.9/site-packages/airflow/example_dags/example_dag_decorator.py
[2022-12-21 21:53:30,953] {processor.py:651} INFO - DAG(s) dict_keys(['example_dag_decorator']) retrieved from /home/nayara/Downloads/EngDados/ALURA/api_twitter/venv/lib/python3.9/site-packages/airflow/example_dags/example_dag_decorator.py
[2022-12-21 21:53:30,976] {logging_mixin.py:115} INFO - [2022-12-21 21:53:30,976] {dag.py:2379} INFO - Sync 1 DAGs
[2022-12-21 21:53:31,000] {logging_mixin.py:115} INFO - [2022-12-21 21:53:31,000] {dag.py:2927} INFO - Setting next_dagrun for example_dag_decorator to None, run_after=None
[2022-12-21 21:53:31,219] {processor.py:161} INFO - Processing /home/nayara/Downloads/EngDados/ALURA/api_twitter/venv/lib/python3.9/site-packages/airflow/example_dags/example_dag_decorator.py took 0.325 seconds
[2022-12-21 21:54:22,616] {processor.py:153} INFO - Started process (PID=18398) to work on /home/nayara/Downloads/EngDados/ALURA/api_twitter/venv/lib/python3.9/site-packages/airflow/example_dags/example_dag_decorator.py
[2022-12-21 21:54:22,661] {processor.py:641} INFO - Processing file /home/nayara/Downloads/EngDados/ALURA/api_twitter/venv/lib/python3.9/site-packages/airflow/example_dags/example_dag_decorator.py for tasks to queue
[2022-12-21 21:54:22,664] {logging_mixin.py:115} INFO - [2022-12-21 21:54:22,663] {dagbag.py:507} INFO - Filling up the DagBag from /home/nayara/Downloads/EngDados/ALURA/api_twitter/venv/lib/python3.9/site-packages/airflow/example_dags/example_dag_decorator.py
[2022-12-21 21:54:22,716] {processor.py:651} INFO - DAG(s) dict_keys(['example_dag_decorator']) retrieved from /home/nayara/Downloads/EngDados/ALURA/api_twitter/venv/lib/python3.9/site-packages/airflow/example_dags/example_dag_decorator.py
[2022-12-21 21:54:22,735] {logging_mixin.py:115} INFO - [2022-12-21 21:54:22,735] {dag.py:2379} INFO - Sync 1 DAGs
[2022-12-21 21:54:22,756] {logging_mixin.py:115} INFO - [2022-12-21 21:54:22,755] {dag.py:2927} INFO - Setting next_dagrun for example_dag_decorator to None, run_after=None
[2022-12-21 21:54:23,061] {processor.py:161} INFO - Processing /home/nayara/Downloads/EngDados/ALURA/api_twitter/venv/lib/python3.9/site-packages/airflow/example_dags/example_dag_decorator.py took 0.457 seconds
[2022-12-21 21:55:17,999] {processor.py:153} INFO - Started process (PID=18491) to work on /home/nayara/Downloads/EngDados/ALURA/api_twitter/venv/lib/python3.9/site-packages/airflow/example_dags/example_dag_decorator.py
[2022-12-21 21:55:18,020] {processor.py:641} INFO - Processing file /home/nayara/Downloads/EngDados/ALURA/api_twitter/venv/lib/python3.9/site-packages/airflow/example_dags/example_dag_decorator.py for tasks to queue
[2022-12-21 21:55:18,021] {logging_mixin.py:115} INFO - [2022-12-21 21:55:18,021] {dagbag.py:507} INFO - Filling up the DagBag from /home/nayara/Downloads/EngDados/ALURA/api_twitter/venv/lib/python3.9/site-packages/airflow/example_dags/example_dag_decorator.py
[2022-12-21 21:55:18,055] {processor.py:651} INFO - DAG(s) dict_keys(['example_dag_decorator']) retrieved from /home/nayara/Downloads/EngDados/ALURA/api_twitter/venv/lib/python3.9/site-packages/airflow/example_dags/example_dag_decorator.py
[2022-12-21 21:55:18,074] {logging_mixin.py:115} INFO - [2022-12-21 21:55:18,074] {dag.py:2379} INFO - Sync 1 DAGs
[2022-12-21 21:55:18,095] {logging_mixin.py:115} INFO - [2022-12-21 21:55:18,095] {dag.py:2927} INFO - Setting next_dagrun for example_dag_decorator to None, run_after=None
[2022-12-21 21:55:18,350] {processor.py:161} INFO - Processing /home/nayara/Downloads/EngDados/ALURA/api_twitter/venv/lib/python3.9/site-packages/airflow/example_dags/example_dag_decorator.py took 0.362 seconds
