[2022-12-21 21:37:47,058] {processor.py:153} INFO - Started process (PID=16145) to work on /home/nayara/Downloads/EngDados/ALURA/api_twitter/venv/lib/python3.9/site-packages/airflow/example_dags/example_latest_only.py
[2022-12-21 21:37:47,061] {processor.py:641} INFO - Processing file /home/nayara/Downloads/EngDados/ALURA/api_twitter/venv/lib/python3.9/site-packages/airflow/example_dags/example_latest_only.py for tasks to queue
[2022-12-21 21:37:47,064] {logging_mixin.py:115} INFO - [2022-12-21 21:37:47,063] {dagbag.py:507} INFO - Filling up the DagBag from /home/nayara/Downloads/EngDados/ALURA/api_twitter/venv/lib/python3.9/site-packages/airflow/example_dags/example_latest_only.py
[2022-12-21 21:37:47,131] {processor.py:651} INFO - DAG(s) dict_keys(['latest_only']) retrieved from /home/nayara/Downloads/EngDados/ALURA/api_twitter/venv/lib/python3.9/site-packages/airflow/example_dags/example_latest_only.py
[2022-12-21 21:37:47,787] {logging_mixin.py:115} INFO - [2022-12-21 21:37:47,786] {manager.py:508} INFO - Created Permission View: can read on DAG:latest_only
[2022-12-21 21:37:48,015] {logging_mixin.py:115} INFO - [2022-12-21 21:37:48,014] {manager.py:508} INFO - Created Permission View: can delete on DAG:latest_only
[2022-12-21 21:37:48,222] {logging_mixin.py:115} INFO - [2022-12-21 21:37:48,221] {manager.py:508} INFO - Created Permission View: can edit on DAG:latest_only
[2022-12-21 21:37:48,223] {logging_mixin.py:115} INFO - [2022-12-21 21:37:48,223] {dag.py:2379} INFO - Sync 1 DAGs
[2022-12-21 21:37:48,255] {logging_mixin.py:115} INFO - [2022-12-21 21:37:48,255] {dag.py:2398} INFO - Creating ORM DAG for latest_only
[2022-12-21 21:37:48,274] {logging_mixin.py:115} INFO - [2022-12-21 21:37:48,273] {dag.py:2927} INFO - Setting next_dagrun for latest_only to 2022-12-21T20:37:48.273593+00:00, run_after=2022-12-22T00:37:48.273593+00:00
[2022-12-21 21:37:48,593] {processor.py:161} INFO - Processing /home/nayara/Downloads/EngDados/ALURA/api_twitter/venv/lib/python3.9/site-packages/airflow/example_dags/example_latest_only.py took 1.552 seconds
[2022-12-21 21:39:10,223] {processor.py:153} INFO - Started process (PID=16230) to work on /home/nayara/Downloads/EngDados/ALURA/api_twitter/venv/lib/python3.9/site-packages/airflow/example_dags/example_latest_only.py
[2022-12-21 21:39:10,307] {processor.py:641} INFO - Processing file /home/nayara/Downloads/EngDados/ALURA/api_twitter/venv/lib/python3.9/site-packages/airflow/example_dags/example_latest_only.py for tasks to queue
[2022-12-21 21:39:10,308] {logging_mixin.py:115} INFO - [2022-12-21 21:39:10,308] {dagbag.py:507} INFO - Filling up the DagBag from /home/nayara/Downloads/EngDados/ALURA/api_twitter/venv/lib/python3.9/site-packages/airflow/example_dags/example_latest_only.py
[2022-12-21 21:39:10,416] {processor.py:651} INFO - DAG(s) dict_keys(['latest_only']) retrieved from /home/nayara/Downloads/EngDados/ALURA/api_twitter/venv/lib/python3.9/site-packages/airflow/example_dags/example_latest_only.py
[2022-12-21 21:39:10,459] {logging_mixin.py:115} INFO - [2022-12-21 21:39:10,458] {dag.py:2379} INFO - Sync 1 DAGs
[2022-12-21 21:39:10,488] {logging_mixin.py:115} INFO - [2022-12-21 21:39:10,488] {dag.py:2927} INFO - Setting next_dagrun for latest_only to 2022-12-21T20:39:10.487629+00:00, run_after=2022-12-22T00:39:10.487629+00:00
[2022-12-21 21:39:10,915] {processor.py:161} INFO - Processing /home/nayara/Downloads/EngDados/ALURA/api_twitter/venv/lib/python3.9/site-packages/airflow/example_dags/example_latest_only.py took 0.712 seconds
[2022-12-21 21:40:15,607] {processor.py:153} INFO - Started process (PID=16326) to work on /home/nayara/Downloads/EngDados/ALURA/api_twitter/venv/lib/python3.9/site-packages/airflow/example_dags/example_latest_only.py
[2022-12-21 21:40:15,623] {processor.py:641} INFO - Processing file /home/nayara/Downloads/EngDados/ALURA/api_twitter/venv/lib/python3.9/site-packages/airflow/example_dags/example_latest_only.py for tasks to queue
[2022-12-21 21:40:15,625] {logging_mixin.py:115} INFO - [2022-12-21 21:40:15,625] {dagbag.py:507} INFO - Filling up the DagBag from /home/nayara/Downloads/EngDados/ALURA/api_twitter/venv/lib/python3.9/site-packages/airflow/example_dags/example_latest_only.py
[2022-12-21 21:40:15,638] {processor.py:651} INFO - DAG(s) dict_keys(['latest_only']) retrieved from /home/nayara/Downloads/EngDados/ALURA/api_twitter/venv/lib/python3.9/site-packages/airflow/example_dags/example_latest_only.py
[2022-12-21 21:40:15,661] {logging_mixin.py:115} INFO - [2022-12-21 21:40:15,661] {dag.py:2379} INFO - Sync 1 DAGs
[2022-12-21 21:40:15,684] {logging_mixin.py:115} INFO - [2022-12-21 21:40:15,683] {dag.py:2927} INFO - Setting next_dagrun for latest_only to 2022-12-21T20:40:15.683545+00:00, run_after=2022-12-22T00:40:15.683545+00:00
[2022-12-21 21:40:15,977] {processor.py:161} INFO - Processing /home/nayara/Downloads/EngDados/ALURA/api_twitter/venv/lib/python3.9/site-packages/airflow/example_dags/example_latest_only.py took 0.382 seconds
[2022-12-21 21:41:25,259] {processor.py:153} INFO - Started process (PID=16479) to work on /home/nayara/Downloads/EngDados/ALURA/api_twitter/venv/lib/python3.9/site-packages/airflow/example_dags/example_latest_only.py
[2022-12-21 21:41:25,283] {processor.py:641} INFO - Processing file /home/nayara/Downloads/EngDados/ALURA/api_twitter/venv/lib/python3.9/site-packages/airflow/example_dags/example_latest_only.py for tasks to queue
[2022-12-21 21:41:25,284] {logging_mixin.py:115} INFO - [2022-12-21 21:41:25,284] {dagbag.py:507} INFO - Filling up the DagBag from /home/nayara/Downloads/EngDados/ALURA/api_twitter/venv/lib/python3.9/site-packages/airflow/example_dags/example_latest_only.py
[2022-12-21 21:41:25,292] {processor.py:651} INFO - DAG(s) dict_keys(['latest_only']) retrieved from /home/nayara/Downloads/EngDados/ALURA/api_twitter/venv/lib/python3.9/site-packages/airflow/example_dags/example_latest_only.py
[2022-12-21 21:41:25,315] {logging_mixin.py:115} INFO - [2022-12-21 21:41:25,314] {dag.py:2379} INFO - Sync 1 DAGs
[2022-12-21 21:41:25,342] {logging_mixin.py:115} INFO - [2022-12-21 21:41:25,341] {dag.py:2927} INFO - Setting next_dagrun for latest_only to 2022-12-21T20:41:25.341383+00:00, run_after=2022-12-22T00:41:25.341383+00:00
[2022-12-21 21:41:25,661] {processor.py:161} INFO - Processing /home/nayara/Downloads/EngDados/ALURA/api_twitter/venv/lib/python3.9/site-packages/airflow/example_dags/example_latest_only.py took 0.412 seconds
[2022-12-21 21:42:16,816] {processor.py:153} INFO - Started process (PID=16564) to work on /home/nayara/Downloads/EngDados/ALURA/api_twitter/venv/lib/python3.9/site-packages/airflow/example_dags/example_latest_only.py
[2022-12-21 21:42:16,828] {processor.py:641} INFO - Processing file /home/nayara/Downloads/EngDados/ALURA/api_twitter/venv/lib/python3.9/site-packages/airflow/example_dags/example_latest_only.py for tasks to queue
[2022-12-21 21:42:16,829] {logging_mixin.py:115} INFO - [2022-12-21 21:42:16,829] {dagbag.py:507} INFO - Filling up the DagBag from /home/nayara/Downloads/EngDados/ALURA/api_twitter/venv/lib/python3.9/site-packages/airflow/example_dags/example_latest_only.py
[2022-12-21 21:42:16,838] {processor.py:651} INFO - DAG(s) dict_keys(['latest_only']) retrieved from /home/nayara/Downloads/EngDados/ALURA/api_twitter/venv/lib/python3.9/site-packages/airflow/example_dags/example_latest_only.py
[2022-12-21 21:42:16,866] {logging_mixin.py:115} INFO - [2022-12-21 21:42:16,866] {dag.py:2379} INFO - Sync 1 DAGs
[2022-12-21 21:42:16,894] {logging_mixin.py:115} INFO - [2022-12-21 21:42:16,894] {dag.py:2927} INFO - Setting next_dagrun for latest_only to 2022-12-21T20:42:16.893766+00:00, run_after=2022-12-22T00:42:16.893766+00:00
[2022-12-21 21:42:17,271] {processor.py:161} INFO - Processing /home/nayara/Downloads/EngDados/ALURA/api_twitter/venv/lib/python3.9/site-packages/airflow/example_dags/example_latest_only.py took 0.466 seconds
[2022-12-21 21:43:23,373] {processor.py:153} INFO - Started process (PID=16650) to work on /home/nayara/Downloads/EngDados/ALURA/api_twitter/venv/lib/python3.9/site-packages/airflow/example_dags/example_latest_only.py
[2022-12-21 21:43:23,425] {processor.py:641} INFO - Processing file /home/nayara/Downloads/EngDados/ALURA/api_twitter/venv/lib/python3.9/site-packages/airflow/example_dags/example_latest_only.py for tasks to queue
[2022-12-21 21:43:23,429] {logging_mixin.py:115} INFO - [2022-12-21 21:43:23,428] {dagbag.py:507} INFO - Filling up the DagBag from /home/nayara/Downloads/EngDados/ALURA/api_twitter/venv/lib/python3.9/site-packages/airflow/example_dags/example_latest_only.py
[2022-12-21 21:43:23,461] {processor.py:651} INFO - DAG(s) dict_keys(['latest_only']) retrieved from /home/nayara/Downloads/EngDados/ALURA/api_twitter/venv/lib/python3.9/site-packages/airflow/example_dags/example_latest_only.py
[2022-12-21 21:43:23,491] {logging_mixin.py:115} INFO - [2022-12-21 21:43:23,491] {dag.py:2379} INFO - Sync 1 DAGs
[2022-12-21 21:43:23,515] {logging_mixin.py:115} INFO - [2022-12-21 21:43:23,515] {dag.py:2927} INFO - Setting next_dagrun for latest_only to 2022-12-21T20:43:23.514840+00:00, run_after=2022-12-22T00:43:23.514840+00:00
[2022-12-21 21:43:23,819] {processor.py:161} INFO - Processing /home/nayara/Downloads/EngDados/ALURA/api_twitter/venv/lib/python3.9/site-packages/airflow/example_dags/example_latest_only.py took 0.451 seconds
[2022-12-21 21:44:19,265] {processor.py:153} INFO - Started process (PID=16715) to work on /home/nayara/Downloads/EngDados/ALURA/api_twitter/venv/lib/python3.9/site-packages/airflow/example_dags/example_latest_only.py
[2022-12-21 21:44:19,304] {processor.py:641} INFO - Processing file /home/nayara/Downloads/EngDados/ALURA/api_twitter/venv/lib/python3.9/site-packages/airflow/example_dags/example_latest_only.py for tasks to queue
[2022-12-21 21:44:19,306] {logging_mixin.py:115} INFO - [2022-12-21 21:44:19,306] {dagbag.py:507} INFO - Filling up the DagBag from /home/nayara/Downloads/EngDados/ALURA/api_twitter/venv/lib/python3.9/site-packages/airflow/example_dags/example_latest_only.py
[2022-12-21 21:44:19,330] {processor.py:651} INFO - DAG(s) dict_keys(['latest_only']) retrieved from /home/nayara/Downloads/EngDados/ALURA/api_twitter/venv/lib/python3.9/site-packages/airflow/example_dags/example_latest_only.py
[2022-12-21 21:44:19,354] {logging_mixin.py:115} INFO - [2022-12-21 21:44:19,354] {dag.py:2379} INFO - Sync 1 DAGs
[2022-12-21 21:44:19,377] {logging_mixin.py:115} INFO - [2022-12-21 21:44:19,377] {dag.py:2927} INFO - Setting next_dagrun for latest_only to 2022-12-21T20:44:19.376700+00:00, run_after=2022-12-22T00:44:19.376700+00:00
[2022-12-21 21:44:19,658] {processor.py:161} INFO - Processing /home/nayara/Downloads/EngDados/ALURA/api_twitter/venv/lib/python3.9/site-packages/airflow/example_dags/example_latest_only.py took 0.396 seconds
[2022-12-21 21:45:14,545] {processor.py:153} INFO - Started process (PID=16811) to work on /home/nayara/Downloads/EngDados/ALURA/api_twitter/venv/lib/python3.9/site-packages/airflow/example_dags/example_latest_only.py
[2022-12-21 21:45:14,572] {processor.py:641} INFO - Processing file /home/nayara/Downloads/EngDados/ALURA/api_twitter/venv/lib/python3.9/site-packages/airflow/example_dags/example_latest_only.py for tasks to queue
[2022-12-21 21:45:14,572] {logging_mixin.py:115} INFO - [2022-12-21 21:45:14,572] {dagbag.py:507} INFO - Filling up the DagBag from /home/nayara/Downloads/EngDados/ALURA/api_twitter/venv/lib/python3.9/site-packages/airflow/example_dags/example_latest_only.py
[2022-12-21 21:45:14,581] {processor.py:651} INFO - DAG(s) dict_keys(['latest_only']) retrieved from /home/nayara/Downloads/EngDados/ALURA/api_twitter/venv/lib/python3.9/site-packages/airflow/example_dags/example_latest_only.py
[2022-12-21 21:45:14,602] {logging_mixin.py:115} INFO - [2022-12-21 21:45:14,602] {dag.py:2379} INFO - Sync 1 DAGs
[2022-12-21 21:45:14,629] {logging_mixin.py:115} INFO - [2022-12-21 21:45:14,629] {dag.py:2927} INFO - Setting next_dagrun for latest_only to 2022-12-21T20:45:14.628075+00:00, run_after=2022-12-22T00:45:14.628075+00:00
[2022-12-21 21:45:15,059] {processor.py:161} INFO - Processing /home/nayara/Downloads/EngDados/ALURA/api_twitter/venv/lib/python3.9/site-packages/airflow/example_dags/example_latest_only.py took 0.518 seconds
[2022-12-21 21:46:14,386] {processor.py:153} INFO - Started process (PID=17033) to work on /home/nayara/Downloads/EngDados/ALURA/api_twitter/venv/lib/python3.9/site-packages/airflow/example_dags/example_latest_only.py
[2022-12-21 21:46:14,388] {processor.py:641} INFO - Processing file /home/nayara/Downloads/EngDados/ALURA/api_twitter/venv/lib/python3.9/site-packages/airflow/example_dags/example_latest_only.py for tasks to queue
[2022-12-21 21:46:14,390] {logging_mixin.py:115} INFO - [2022-12-21 21:46:14,390] {dagbag.py:507} INFO - Filling up the DagBag from /home/nayara/Downloads/EngDados/ALURA/api_twitter/venv/lib/python3.9/site-packages/airflow/example_dags/example_latest_only.py
[2022-12-21 21:46:14,403] {processor.py:651} INFO - DAG(s) dict_keys(['latest_only']) retrieved from /home/nayara/Downloads/EngDados/ALURA/api_twitter/venv/lib/python3.9/site-packages/airflow/example_dags/example_latest_only.py
[2022-12-21 21:46:14,431] {logging_mixin.py:115} INFO - [2022-12-21 21:46:14,431] {dag.py:2379} INFO - Sync 1 DAGs
[2022-12-21 21:46:14,458] {logging_mixin.py:115} INFO - [2022-12-21 21:46:14,458] {dag.py:2927} INFO - Setting next_dagrun for latest_only to 2022-12-21T20:46:14.458065+00:00, run_after=2022-12-22T00:46:14.458065+00:00
[2022-12-21 21:46:15,161] {processor.py:161} INFO - Processing /home/nayara/Downloads/EngDados/ALURA/api_twitter/venv/lib/python3.9/site-packages/airflow/example_dags/example_latest_only.py took 0.791 seconds
[2022-12-21 21:47:24,412] {processor.py:153} INFO - Started process (PID=17325) to work on /home/nayara/Downloads/EngDados/ALURA/api_twitter/venv/lib/python3.9/site-packages/airflow/example_dags/example_latest_only.py
[2022-12-21 21:47:24,532] {processor.py:641} INFO - Processing file /home/nayara/Downloads/EngDados/ALURA/api_twitter/venv/lib/python3.9/site-packages/airflow/example_dags/example_latest_only.py for tasks to queue
[2022-12-21 21:47:24,535] {logging_mixin.py:115} INFO - [2022-12-21 21:47:24,534] {dagbag.py:507} INFO - Filling up the DagBag from /home/nayara/Downloads/EngDados/ALURA/api_twitter/venv/lib/python3.9/site-packages/airflow/example_dags/example_latest_only.py
[2022-12-21 21:47:24,560] {processor.py:651} INFO - DAG(s) dict_keys(['latest_only']) retrieved from /home/nayara/Downloads/EngDados/ALURA/api_twitter/venv/lib/python3.9/site-packages/airflow/example_dags/example_latest_only.py
[2022-12-21 21:47:25,114] {logging_mixin.py:115} INFO - [2022-12-21 21:47:25,114] {dag.py:2379} INFO - Sync 1 DAGs
[2022-12-21 21:47:25,141] {logging_mixin.py:115} INFO - [2022-12-21 21:47:25,141] {dag.py:2927} INFO - Setting next_dagrun for latest_only to 2022-12-21T20:47:25.141416+00:00, run_after=2022-12-22T00:47:25.141416+00:00
[2022-12-21 21:47:25,595] {processor.py:161} INFO - Processing /home/nayara/Downloads/EngDados/ALURA/api_twitter/venv/lib/python3.9/site-packages/airflow/example_dags/example_latest_only.py took 1.187 seconds
[2022-12-21 21:48:27,684] {processor.py:153} INFO - Started process (PID=17456) to work on /home/nayara/Downloads/EngDados/ALURA/api_twitter/venv/lib/python3.9/site-packages/airflow/example_dags/example_latest_only.py
[2022-12-21 21:48:27,686] {processor.py:641} INFO - Processing file /home/nayara/Downloads/EngDados/ALURA/api_twitter/venv/lib/python3.9/site-packages/airflow/example_dags/example_latest_only.py for tasks to queue
[2022-12-21 21:48:27,687] {logging_mixin.py:115} INFO - [2022-12-21 21:48:27,687] {dagbag.py:507} INFO - Filling up the DagBag from /home/nayara/Downloads/EngDados/ALURA/api_twitter/venv/lib/python3.9/site-packages/airflow/example_dags/example_latest_only.py
[2022-12-21 21:48:27,698] {processor.py:651} INFO - DAG(s) dict_keys(['latest_only']) retrieved from /home/nayara/Downloads/EngDados/ALURA/api_twitter/venv/lib/python3.9/site-packages/airflow/example_dags/example_latest_only.py
[2022-12-21 21:48:27,718] {logging_mixin.py:115} INFO - [2022-12-21 21:48:27,718] {dag.py:2379} INFO - Sync 1 DAGs
[2022-12-21 21:48:27,745] {logging_mixin.py:115} INFO - [2022-12-21 21:48:27,745] {dag.py:2927} INFO - Setting next_dagrun for latest_only to 2022-12-21T20:48:27.745084+00:00, run_after=2022-12-22T00:48:27.745084+00:00
[2022-12-21 21:48:28,075] {processor.py:161} INFO - Processing /home/nayara/Downloads/EngDados/ALURA/api_twitter/venv/lib/python3.9/site-packages/airflow/example_dags/example_latest_only.py took 0.401 seconds
[2022-12-21 21:49:50,035] {processor.py:153} INFO - Started process (PID=17541) to work on /home/nayara/Downloads/EngDados/ALURA/api_twitter/venv/lib/python3.9/site-packages/airflow/example_dags/example_latest_only.py
[2022-12-21 21:49:50,042] {processor.py:641} INFO - Processing file /home/nayara/Downloads/EngDados/ALURA/api_twitter/venv/lib/python3.9/site-packages/airflow/example_dags/example_latest_only.py for tasks to queue
[2022-12-21 21:49:50,043] {logging_mixin.py:115} INFO - [2022-12-21 21:49:50,043] {dagbag.py:507} INFO - Filling up the DagBag from /home/nayara/Downloads/EngDados/ALURA/api_twitter/venv/lib/python3.9/site-packages/airflow/example_dags/example_latest_only.py
[2022-12-21 21:49:50,063] {processor.py:651} INFO - DAG(s) dict_keys(['latest_only']) retrieved from /home/nayara/Downloads/EngDados/ALURA/api_twitter/venv/lib/python3.9/site-packages/airflow/example_dags/example_latest_only.py
[2022-12-21 21:49:50,091] {logging_mixin.py:115} INFO - [2022-12-21 21:49:50,091] {dag.py:2379} INFO - Sync 1 DAGs
[2022-12-21 21:49:50,116] {logging_mixin.py:115} INFO - [2022-12-21 21:49:50,116] {dag.py:2927} INFO - Setting next_dagrun for latest_only to 2022-12-21T20:49:50.115934+00:00, run_after=2022-12-22T00:49:50.115934+00:00
[2022-12-21 21:49:50,479] {processor.py:161} INFO - Processing /home/nayara/Downloads/EngDados/ALURA/api_twitter/venv/lib/python3.9/site-packages/airflow/example_dags/example_latest_only.py took 0.449 seconds
[2022-12-21 21:50:48,637] {processor.py:153} INFO - Started process (PID=17797) to work on /home/nayara/Downloads/EngDados/ALURA/api_twitter/venv/lib/python3.9/site-packages/airflow/example_dags/example_latest_only.py
[2022-12-21 21:50:48,709] {processor.py:641} INFO - Processing file /home/nayara/Downloads/EngDados/ALURA/api_twitter/venv/lib/python3.9/site-packages/airflow/example_dags/example_latest_only.py for tasks to queue
[2022-12-21 21:50:48,712] {logging_mixin.py:115} INFO - [2022-12-21 21:50:48,711] {dagbag.py:507} INFO - Filling up the DagBag from /home/nayara/Downloads/EngDados/ALURA/api_twitter/venv/lib/python3.9/site-packages/airflow/example_dags/example_latest_only.py
[2022-12-21 21:50:48,746] {processor.py:651} INFO - DAG(s) dict_keys(['latest_only']) retrieved from /home/nayara/Downloads/EngDados/ALURA/api_twitter/venv/lib/python3.9/site-packages/airflow/example_dags/example_latest_only.py
[2022-12-21 21:50:48,806] {logging_mixin.py:115} INFO - [2022-12-21 21:50:48,806] {dag.py:2379} INFO - Sync 1 DAGs
[2022-12-21 21:50:48,832] {logging_mixin.py:115} INFO - [2022-12-21 21:50:48,832] {dag.py:2927} INFO - Setting next_dagrun for latest_only to 2022-12-21T20:50:48.832388+00:00, run_after=2022-12-22T00:50:48.832388+00:00
[2022-12-21 21:50:49,193] {processor.py:161} INFO - Processing /home/nayara/Downloads/EngDados/ALURA/api_twitter/venv/lib/python3.9/site-packages/airflow/example_dags/example_latest_only.py took 0.572 seconds
[2022-12-21 21:51:38,511] {processor.py:153} INFO - Started process (PID=17910) to work on /home/nayara/Downloads/EngDados/ALURA/api_twitter/venv/lib/python3.9/site-packages/airflow/example_dags/example_latest_only.py
[2022-12-21 21:51:38,551] {processor.py:641} INFO - Processing file /home/nayara/Downloads/EngDados/ALURA/api_twitter/venv/lib/python3.9/site-packages/airflow/example_dags/example_latest_only.py for tasks to queue
[2022-12-21 21:51:38,554] {logging_mixin.py:115} INFO - [2022-12-21 21:51:38,554] {dagbag.py:507} INFO - Filling up the DagBag from /home/nayara/Downloads/EngDados/ALURA/api_twitter/venv/lib/python3.9/site-packages/airflow/example_dags/example_latest_only.py
[2022-12-21 21:51:38,592] {processor.py:651} INFO - DAG(s) dict_keys(['latest_only']) retrieved from /home/nayara/Downloads/EngDados/ALURA/api_twitter/venv/lib/python3.9/site-packages/airflow/example_dags/example_latest_only.py
[2022-12-21 21:51:38,640] {logging_mixin.py:115} INFO - [2022-12-21 21:51:38,639] {dag.py:2379} INFO - Sync 1 DAGs
[2022-12-21 21:51:38,671] {logging_mixin.py:115} INFO - [2022-12-21 21:51:38,671] {dag.py:2927} INFO - Setting next_dagrun for latest_only to 2022-12-21T20:51:38.671186+00:00, run_after=2022-12-22T00:51:38.671186+00:00
[2022-12-21 21:51:39,143] {processor.py:161} INFO - Processing /home/nayara/Downloads/EngDados/ALURA/api_twitter/venv/lib/python3.9/site-packages/airflow/example_dags/example_latest_only.py took 0.642 seconds
[2022-12-21 21:52:37,969] {processor.py:153} INFO - Started process (PID=18177) to work on /home/nayara/Downloads/EngDados/ALURA/api_twitter/venv/lib/python3.9/site-packages/airflow/example_dags/example_latest_only.py
[2022-12-21 21:52:37,978] {processor.py:641} INFO - Processing file /home/nayara/Downloads/EngDados/ALURA/api_twitter/venv/lib/python3.9/site-packages/airflow/example_dags/example_latest_only.py for tasks to queue
[2022-12-21 21:52:37,979] {logging_mixin.py:115} INFO - [2022-12-21 21:52:37,979] {dagbag.py:507} INFO - Filling up the DagBag from /home/nayara/Downloads/EngDados/ALURA/api_twitter/venv/lib/python3.9/site-packages/airflow/example_dags/example_latest_only.py
[2022-12-21 21:52:37,988] {processor.py:651} INFO - DAG(s) dict_keys(['latest_only']) retrieved from /home/nayara/Downloads/EngDados/ALURA/api_twitter/venv/lib/python3.9/site-packages/airflow/example_dags/example_latest_only.py
[2022-12-21 21:52:38,015] {logging_mixin.py:115} INFO - [2022-12-21 21:52:38,015] {dag.py:2379} INFO - Sync 1 DAGs
[2022-12-21 21:52:38,044] {logging_mixin.py:115} INFO - [2022-12-21 21:52:38,044] {dag.py:2927} INFO - Setting next_dagrun for latest_only to 2022-12-21T20:52:38.044359+00:00, run_after=2022-12-22T00:52:38.044359+00:00
[2022-12-21 21:52:38,409] {processor.py:161} INFO - Processing /home/nayara/Downloads/EngDados/ALURA/api_twitter/venv/lib/python3.9/site-packages/airflow/example_dags/example_latest_only.py took 0.447 seconds
[2022-12-21 21:53:29,092] {processor.py:153} INFO - Started process (PID=18235) to work on /home/nayara/Downloads/EngDados/ALURA/api_twitter/venv/lib/python3.9/site-packages/airflow/example_dags/example_latest_only.py
[2022-12-21 21:53:29,095] {processor.py:641} INFO - Processing file /home/nayara/Downloads/EngDados/ALURA/api_twitter/venv/lib/python3.9/site-packages/airflow/example_dags/example_latest_only.py for tasks to queue
[2022-12-21 21:53:29,096] {logging_mixin.py:115} INFO - [2022-12-21 21:53:29,096] {dagbag.py:507} INFO - Filling up the DagBag from /home/nayara/Downloads/EngDados/ALURA/api_twitter/venv/lib/python3.9/site-packages/airflow/example_dags/example_latest_only.py
[2022-12-21 21:53:29,108] {processor.py:651} INFO - DAG(s) dict_keys(['latest_only']) retrieved from /home/nayara/Downloads/EngDados/ALURA/api_twitter/venv/lib/python3.9/site-packages/airflow/example_dags/example_latest_only.py
[2022-12-21 21:53:29,140] {logging_mixin.py:115} INFO - [2022-12-21 21:53:29,140] {dag.py:2379} INFO - Sync 1 DAGs
[2022-12-21 21:53:29,175] {logging_mixin.py:115} INFO - [2022-12-21 21:53:29,175] {dag.py:2927} INFO - Setting next_dagrun for latest_only to 2022-12-21T20:53:29.175309+00:00, run_after=2022-12-22T00:53:29.175309+00:00
[2022-12-21 21:53:29,539] {processor.py:161} INFO - Processing /home/nayara/Downloads/EngDados/ALURA/api_twitter/venv/lib/python3.9/site-packages/airflow/example_dags/example_latest_only.py took 0.454 seconds
[2022-12-21 21:54:20,015] {processor.py:153} INFO - Started process (PID=18384) to work on /home/nayara/Downloads/EngDados/ALURA/api_twitter/venv/lib/python3.9/site-packages/airflow/example_dags/example_latest_only.py
[2022-12-21 21:54:20,025] {processor.py:641} INFO - Processing file /home/nayara/Downloads/EngDados/ALURA/api_twitter/venv/lib/python3.9/site-packages/airflow/example_dags/example_latest_only.py for tasks to queue
[2022-12-21 21:54:20,027] {logging_mixin.py:115} INFO - [2022-12-21 21:54:20,026] {dagbag.py:507} INFO - Filling up the DagBag from /home/nayara/Downloads/EngDados/ALURA/api_twitter/venv/lib/python3.9/site-packages/airflow/example_dags/example_latest_only.py
[2022-12-21 21:54:20,038] {processor.py:651} INFO - DAG(s) dict_keys(['latest_only']) retrieved from /home/nayara/Downloads/EngDados/ALURA/api_twitter/venv/lib/python3.9/site-packages/airflow/example_dags/example_latest_only.py
[2022-12-21 21:54:20,059] {logging_mixin.py:115} INFO - [2022-12-21 21:54:20,059] {dag.py:2379} INFO - Sync 1 DAGs
[2022-12-21 21:54:20,081] {logging_mixin.py:115} INFO - [2022-12-21 21:54:20,081] {dag.py:2927} INFO - Setting next_dagrun for latest_only to 2022-12-21T20:54:20.081430+00:00, run_after=2022-12-22T00:54:20.081430+00:00
[2022-12-21 21:54:20,387] {processor.py:161} INFO - Processing /home/nayara/Downloads/EngDados/ALURA/api_twitter/venv/lib/python3.9/site-packages/airflow/example_dags/example_latest_only.py took 0.385 seconds
[2022-12-21 21:55:14,874] {processor.py:153} INFO - Started process (PID=18488) to work on /home/nayara/Downloads/EngDados/ALURA/api_twitter/venv/lib/python3.9/site-packages/airflow/example_dags/example_latest_only.py
[2022-12-21 21:55:14,903] {processor.py:641} INFO - Processing file /home/nayara/Downloads/EngDados/ALURA/api_twitter/venv/lib/python3.9/site-packages/airflow/example_dags/example_latest_only.py for tasks to queue
[2022-12-21 21:55:14,906] {logging_mixin.py:115} INFO - [2022-12-21 21:55:14,905] {dagbag.py:507} INFO - Filling up the DagBag from /home/nayara/Downloads/EngDados/ALURA/api_twitter/venv/lib/python3.9/site-packages/airflow/example_dags/example_latest_only.py
[2022-12-21 21:55:14,931] {processor.py:651} INFO - DAG(s) dict_keys(['latest_only']) retrieved from /home/nayara/Downloads/EngDados/ALURA/api_twitter/venv/lib/python3.9/site-packages/airflow/example_dags/example_latest_only.py
[2022-12-21 21:55:14,959] {logging_mixin.py:115} INFO - [2022-12-21 21:55:14,959] {dag.py:2379} INFO - Sync 1 DAGs
[2022-12-21 21:55:14,982] {logging_mixin.py:115} INFO - [2022-12-21 21:55:14,982] {dag.py:2927} INFO - Setting next_dagrun for latest_only to 2022-12-21T20:55:14.981892+00:00, run_after=2022-12-22T00:55:14.981892+00:00
[2022-12-21 21:55:15,360] {processor.py:161} INFO - Processing /home/nayara/Downloads/EngDados/ALURA/api_twitter/venv/lib/python3.9/site-packages/airflow/example_dags/example_latest_only.py took 0.497 seconds
