[2022-12-21 21:37:03,343] {processor.py:153} INFO - Started process (PID=15904) to work on /home/nayara/Downloads/EngDados/ALURA/api_twitter/venv/lib/python3.9/site-packages/airflow/example_dags/example_xcom.py
[2022-12-21 21:37:03,344] {processor.py:641} INFO - Processing file /home/nayara/Downloads/EngDados/ALURA/api_twitter/venv/lib/python3.9/site-packages/airflow/example_dags/example_xcom.py for tasks to queue
[2022-12-21 21:37:03,346] {logging_mixin.py:115} INFO - [2022-12-21 21:37:03,345] {dagbag.py:507} INFO - Filling up the DagBag from /home/nayara/Downloads/EngDados/ALURA/api_twitter/venv/lib/python3.9/site-packages/airflow/example_dags/example_xcom.py
[2022-12-21 21:37:03,465] {processor.py:651} INFO - DAG(s) dict_keys(['example_xcom']) retrieved from /home/nayara/Downloads/EngDados/ALURA/api_twitter/venv/lib/python3.9/site-packages/airflow/example_dags/example_xcom.py
[2022-12-21 21:37:05,026] {logging_mixin.py:115} INFO - [2022-12-21 21:37:05,025] {manager.py:508} INFO - Created Permission View: can read on DAG:example_xcom
[2022-12-21 21:37:05,342] {logging_mixin.py:115} INFO - [2022-12-21 21:37:05,342] {manager.py:508} INFO - Created Permission View: can delete on DAG:example_xcom
[2022-12-21 21:37:05,561] {logging_mixin.py:115} INFO - [2022-12-21 21:37:05,561] {manager.py:508} INFO - Created Permission View: can edit on DAG:example_xcom
[2022-12-21 21:37:05,561] {logging_mixin.py:115} INFO - [2022-12-21 21:37:05,561] {dag.py:2379} INFO - Sync 1 DAGs
[2022-12-21 21:37:05,573] {logging_mixin.py:115} INFO - [2022-12-21 21:37:05,573] {dag.py:2398} INFO - Creating ORM DAG for example_xcom
[2022-12-21 21:37:05,584] {logging_mixin.py:115} INFO - [2022-12-21 21:37:05,584] {dag.py:2927} INFO - Setting next_dagrun for example_xcom to 2021-01-01T00:00:00+00:00, run_after=2021-01-01T00:00:00+00:00
[2022-12-21 21:37:06,225] {processor.py:161} INFO - Processing /home/nayara/Downloads/EngDados/ALURA/api_twitter/venv/lib/python3.9/site-packages/airflow/example_dags/example_xcom.py took 2.888 seconds
[2022-12-21 21:38:43,778] {processor.py:153} INFO - Started process (PID=16208) to work on /home/nayara/Downloads/EngDados/ALURA/api_twitter/venv/lib/python3.9/site-packages/airflow/example_dags/example_xcom.py
[2022-12-21 21:38:43,812] {processor.py:641} INFO - Processing file /home/nayara/Downloads/EngDados/ALURA/api_twitter/venv/lib/python3.9/site-packages/airflow/example_dags/example_xcom.py for tasks to queue
[2022-12-21 21:38:43,814] {logging_mixin.py:115} INFO - [2022-12-21 21:38:43,814] {dagbag.py:507} INFO - Filling up the DagBag from /home/nayara/Downloads/EngDados/ALURA/api_twitter/venv/lib/python3.9/site-packages/airflow/example_dags/example_xcom.py
[2022-12-21 21:38:44,029] {processor.py:651} INFO - DAG(s) dict_keys(['example_xcom']) retrieved from /home/nayara/Downloads/EngDados/ALURA/api_twitter/venv/lib/python3.9/site-packages/airflow/example_dags/example_xcom.py
[2022-12-21 21:38:44,102] {logging_mixin.py:115} INFO - [2022-12-21 21:38:44,102] {dag.py:2379} INFO - Sync 1 DAGs
[2022-12-21 21:38:44,126] {logging_mixin.py:115} INFO - [2022-12-21 21:38:44,125] {dag.py:2927} INFO - Setting next_dagrun for example_xcom to 2021-01-01T00:00:00+00:00, run_after=2021-01-01T00:00:00+00:00
[2022-12-21 21:38:44,594] {processor.py:161} INFO - Processing /home/nayara/Downloads/EngDados/ALURA/api_twitter/venv/lib/python3.9/site-packages/airflow/example_dags/example_xcom.py took 0.820 seconds
[2022-12-21 21:39:41,297] {processor.py:153} INFO - Started process (PID=16284) to work on /home/nayara/Downloads/EngDados/ALURA/api_twitter/venv/lib/python3.9/site-packages/airflow/example_dags/example_xcom.py
[2022-12-21 21:39:41,299] {processor.py:641} INFO - Processing file /home/nayara/Downloads/EngDados/ALURA/api_twitter/venv/lib/python3.9/site-packages/airflow/example_dags/example_xcom.py for tasks to queue
[2022-12-21 21:39:41,300] {logging_mixin.py:115} INFO - [2022-12-21 21:39:41,300] {dagbag.py:507} INFO - Filling up the DagBag from /home/nayara/Downloads/EngDados/ALURA/api_twitter/venv/lib/python3.9/site-packages/airflow/example_dags/example_xcom.py
[2022-12-21 21:39:41,331] {processor.py:651} INFO - DAG(s) dict_keys(['example_xcom']) retrieved from /home/nayara/Downloads/EngDados/ALURA/api_twitter/venv/lib/python3.9/site-packages/airflow/example_dags/example_xcom.py
[2022-12-21 21:39:41,403] {logging_mixin.py:115} INFO - [2022-12-21 21:39:41,403] {dag.py:2379} INFO - Sync 1 DAGs
[2022-12-21 21:39:41,424] {logging_mixin.py:115} INFO - [2022-12-21 21:39:41,424] {dag.py:2927} INFO - Setting next_dagrun for example_xcom to 2021-01-01T00:00:00+00:00, run_after=2021-01-01T00:00:00+00:00
[2022-12-21 21:39:41,815] {processor.py:161} INFO - Processing /home/nayara/Downloads/EngDados/ALURA/api_twitter/venv/lib/python3.9/site-packages/airflow/example_dags/example_xcom.py took 0.525 seconds
[2022-12-21 21:40:22,471] {processor.py:153} INFO - Started process (PID=16343) to work on /home/nayara/Downloads/EngDados/ALURA/api_twitter/venv/lib/python3.9/site-packages/airflow/example_dags/example_xcom.py
[2022-12-21 21:40:22,474] {processor.py:641} INFO - Processing file /home/nayara/Downloads/EngDados/ALURA/api_twitter/venv/lib/python3.9/site-packages/airflow/example_dags/example_xcom.py for tasks to queue
[2022-12-21 21:40:22,477] {logging_mixin.py:115} INFO - [2022-12-21 21:40:22,476] {dagbag.py:507} INFO - Filling up the DagBag from /home/nayara/Downloads/EngDados/ALURA/api_twitter/venv/lib/python3.9/site-packages/airflow/example_dags/example_xcom.py
[2022-12-21 21:40:22,533] {processor.py:651} INFO - DAG(s) dict_keys(['example_xcom']) retrieved from /home/nayara/Downloads/EngDados/ALURA/api_twitter/venv/lib/python3.9/site-packages/airflow/example_dags/example_xcom.py
[2022-12-21 21:40:22,555] {logging_mixin.py:115} INFO - [2022-12-21 21:40:22,555] {dag.py:2379} INFO - Sync 1 DAGs
[2022-12-21 21:40:22,578] {logging_mixin.py:115} INFO - [2022-12-21 21:40:22,578] {dag.py:2927} INFO - Setting next_dagrun for example_xcom to 2021-01-01T00:00:00+00:00, run_after=2021-01-01T00:00:00+00:00
[2022-12-21 21:40:22,770] {processor.py:161} INFO - Processing /home/nayara/Downloads/EngDados/ALURA/api_twitter/venv/lib/python3.9/site-packages/airflow/example_dags/example_xcom.py took 0.315 seconds
[2022-12-21 21:41:11,161] {processor.py:153} INFO - Started process (PID=16411) to work on /home/nayara/Downloads/EngDados/ALURA/api_twitter/venv/lib/python3.9/site-packages/airflow/example_dags/example_xcom.py
[2022-12-21 21:41:11,209] {processor.py:641} INFO - Processing file /home/nayara/Downloads/EngDados/ALURA/api_twitter/venv/lib/python3.9/site-packages/airflow/example_dags/example_xcom.py for tasks to queue
[2022-12-21 21:41:11,213] {logging_mixin.py:115} INFO - [2022-12-21 21:41:11,212] {dagbag.py:507} INFO - Filling up the DagBag from /home/nayara/Downloads/EngDados/ALURA/api_twitter/venv/lib/python3.9/site-packages/airflow/example_dags/example_xcom.py
[2022-12-21 21:41:11,321] {processor.py:651} INFO - DAG(s) dict_keys(['example_xcom']) retrieved from /home/nayara/Downloads/EngDados/ALURA/api_twitter/venv/lib/python3.9/site-packages/airflow/example_dags/example_xcom.py
[2022-12-21 21:41:11,349] {logging_mixin.py:115} INFO - [2022-12-21 21:41:11,349] {dag.py:2379} INFO - Sync 1 DAGs
[2022-12-21 21:41:11,373] {logging_mixin.py:115} INFO - [2022-12-21 21:41:11,373] {dag.py:2927} INFO - Setting next_dagrun for example_xcom to 2021-01-01T00:00:00+00:00, run_after=2021-01-01T00:00:00+00:00
[2022-12-21 21:41:11,965] {processor.py:161} INFO - Processing /home/nayara/Downloads/EngDados/ALURA/api_twitter/venv/lib/python3.9/site-packages/airflow/example_dags/example_xcom.py took 0.812 seconds
[2022-12-21 21:42:07,635] {processor.py:153} INFO - Started process (PID=16556) to work on /home/nayara/Downloads/EngDados/ALURA/api_twitter/venv/lib/python3.9/site-packages/airflow/example_dags/example_xcom.py
[2022-12-21 21:42:07,653] {processor.py:641} INFO - Processing file /home/nayara/Downloads/EngDados/ALURA/api_twitter/venv/lib/python3.9/site-packages/airflow/example_dags/example_xcom.py for tasks to queue
[2022-12-21 21:42:07,655] {logging_mixin.py:115} INFO - [2022-12-21 21:42:07,655] {dagbag.py:507} INFO - Filling up the DagBag from /home/nayara/Downloads/EngDados/ALURA/api_twitter/venv/lib/python3.9/site-packages/airflow/example_dags/example_xcom.py
[2022-12-21 21:42:07,735] {processor.py:651} INFO - DAG(s) dict_keys(['example_xcom']) retrieved from /home/nayara/Downloads/EngDados/ALURA/api_twitter/venv/lib/python3.9/site-packages/airflow/example_dags/example_xcom.py
[2022-12-21 21:42:07,803] {logging_mixin.py:115} INFO - [2022-12-21 21:42:07,803] {dag.py:2379} INFO - Sync 1 DAGs
[2022-12-21 21:42:07,833] {logging_mixin.py:115} INFO - [2022-12-21 21:42:07,833] {dag.py:2927} INFO - Setting next_dagrun for example_xcom to 2021-01-01T00:00:00+00:00, run_after=2021-01-01T00:00:00+00:00
[2022-12-21 21:42:08,059] {processor.py:161} INFO - Processing /home/nayara/Downloads/EngDados/ALURA/api_twitter/venv/lib/python3.9/site-packages/airflow/example_dags/example_xcom.py took 0.439 seconds
[2022-12-21 21:42:50,264] {processor.py:153} INFO - Started process (PID=16605) to work on /home/nayara/Downloads/EngDados/ALURA/api_twitter/venv/lib/python3.9/site-packages/airflow/example_dags/example_xcom.py
[2022-12-21 21:42:50,281] {processor.py:641} INFO - Processing file /home/nayara/Downloads/EngDados/ALURA/api_twitter/venv/lib/python3.9/site-packages/airflow/example_dags/example_xcom.py for tasks to queue
[2022-12-21 21:42:50,281] {logging_mixin.py:115} INFO - [2022-12-21 21:42:50,281] {dagbag.py:507} INFO - Filling up the DagBag from /home/nayara/Downloads/EngDados/ALURA/api_twitter/venv/lib/python3.9/site-packages/airflow/example_dags/example_xcom.py
[2022-12-21 21:42:50,306] {processor.py:651} INFO - DAG(s) dict_keys(['example_xcom']) retrieved from /home/nayara/Downloads/EngDados/ALURA/api_twitter/venv/lib/python3.9/site-packages/airflow/example_dags/example_xcom.py
[2022-12-21 21:42:50,326] {logging_mixin.py:115} INFO - [2022-12-21 21:42:50,326] {dag.py:2379} INFO - Sync 1 DAGs
[2022-12-21 21:42:50,349] {logging_mixin.py:115} INFO - [2022-12-21 21:42:50,349] {dag.py:2927} INFO - Setting next_dagrun for example_xcom to 2021-01-01T00:00:00+00:00, run_after=2021-01-01T00:00:00+00:00
[2022-12-21 21:42:50,569] {processor.py:161} INFO - Processing /home/nayara/Downloads/EngDados/ALURA/api_twitter/venv/lib/python3.9/site-packages/airflow/example_dags/example_xcom.py took 0.310 seconds
[2022-12-21 21:43:37,373] {processor.py:153} INFO - Started process (PID=16680) to work on /home/nayara/Downloads/EngDados/ALURA/api_twitter/venv/lib/python3.9/site-packages/airflow/example_dags/example_xcom.py
[2022-12-21 21:43:37,387] {processor.py:641} INFO - Processing file /home/nayara/Downloads/EngDados/ALURA/api_twitter/venv/lib/python3.9/site-packages/airflow/example_dags/example_xcom.py for tasks to queue
[2022-12-21 21:43:37,388] {logging_mixin.py:115} INFO - [2022-12-21 21:43:37,388] {dagbag.py:507} INFO - Filling up the DagBag from /home/nayara/Downloads/EngDados/ALURA/api_twitter/venv/lib/python3.9/site-packages/airflow/example_dags/example_xcom.py
[2022-12-21 21:43:37,411] {processor.py:651} INFO - DAG(s) dict_keys(['example_xcom']) retrieved from /home/nayara/Downloads/EngDados/ALURA/api_twitter/venv/lib/python3.9/site-packages/airflow/example_dags/example_xcom.py
[2022-12-21 21:43:37,466] {logging_mixin.py:115} INFO - [2022-12-21 21:43:37,466] {dag.py:2379} INFO - Sync 1 DAGs
[2022-12-21 21:43:37,485] {logging_mixin.py:115} INFO - [2022-12-21 21:43:37,485] {dag.py:2927} INFO - Setting next_dagrun for example_xcom to 2021-01-01T00:00:00+00:00, run_after=2021-01-01T00:00:00+00:00
[2022-12-21 21:43:38,090] {processor.py:161} INFO - Processing /home/nayara/Downloads/EngDados/ALURA/api_twitter/venv/lib/python3.9/site-packages/airflow/example_dags/example_xcom.py took 0.722 seconds
[2022-12-21 21:44:16,489] {processor.py:153} INFO - Started process (PID=16713) to work on /home/nayara/Downloads/EngDados/ALURA/api_twitter/venv/lib/python3.9/site-packages/airflow/example_dags/example_xcom.py
[2022-12-21 21:44:16,491] {processor.py:641} INFO - Processing file /home/nayara/Downloads/EngDados/ALURA/api_twitter/venv/lib/python3.9/site-packages/airflow/example_dags/example_xcom.py for tasks to queue
[2022-12-21 21:44:16,492] {logging_mixin.py:115} INFO - [2022-12-21 21:44:16,491] {dagbag.py:507} INFO - Filling up the DagBag from /home/nayara/Downloads/EngDados/ALURA/api_twitter/venv/lib/python3.9/site-packages/airflow/example_dags/example_xcom.py
[2022-12-21 21:44:16,516] {processor.py:651} INFO - DAG(s) dict_keys(['example_xcom']) retrieved from /home/nayara/Downloads/EngDados/ALURA/api_twitter/venv/lib/python3.9/site-packages/airflow/example_dags/example_xcom.py
[2022-12-21 21:44:16,571] {logging_mixin.py:115} INFO - [2022-12-21 21:44:16,571] {dag.py:2379} INFO - Sync 1 DAGs
[2022-12-21 21:44:16,590] {logging_mixin.py:115} INFO - [2022-12-21 21:44:16,590] {dag.py:2927} INFO - Setting next_dagrun for example_xcom to 2021-01-01T00:00:00+00:00, run_after=2021-01-01T00:00:00+00:00
[2022-12-21 21:44:16,812] {processor.py:161} INFO - Processing /home/nayara/Downloads/EngDados/ALURA/api_twitter/venv/lib/python3.9/site-packages/airflow/example_dags/example_xcom.py took 0.333 seconds
[2022-12-21 21:45:08,387] {processor.py:153} INFO - Started process (PID=16772) to work on /home/nayara/Downloads/EngDados/ALURA/api_twitter/venv/lib/python3.9/site-packages/airflow/example_dags/example_xcom.py
[2022-12-21 21:45:08,399] {processor.py:641} INFO - Processing file /home/nayara/Downloads/EngDados/ALURA/api_twitter/venv/lib/python3.9/site-packages/airflow/example_dags/example_xcom.py for tasks to queue
[2022-12-21 21:45:08,399] {logging_mixin.py:115} INFO - [2022-12-21 21:45:08,399] {dagbag.py:507} INFO - Filling up the DagBag from /home/nayara/Downloads/EngDados/ALURA/api_twitter/venv/lib/python3.9/site-packages/airflow/example_dags/example_xcom.py
[2022-12-21 21:45:08,422] {processor.py:651} INFO - DAG(s) dict_keys(['example_xcom']) retrieved from /home/nayara/Downloads/EngDados/ALURA/api_twitter/venv/lib/python3.9/site-packages/airflow/example_dags/example_xcom.py
[2022-12-21 21:45:08,442] {logging_mixin.py:115} INFO - [2022-12-21 21:45:08,441] {dag.py:2379} INFO - Sync 1 DAGs
[2022-12-21 21:45:08,463] {logging_mixin.py:115} INFO - [2022-12-21 21:45:08,463] {dag.py:2927} INFO - Setting next_dagrun for example_xcom to 2021-01-01T00:00:00+00:00, run_after=2021-01-01T00:00:00+00:00
[2022-12-21 21:45:08,655] {processor.py:161} INFO - Processing /home/nayara/Downloads/EngDados/ALURA/api_twitter/venv/lib/python3.9/site-packages/airflow/example_dags/example_xcom.py took 0.273 seconds
[2022-12-21 21:45:50,404] {processor.py:153} INFO - Started process (PID=16905) to work on /home/nayara/Downloads/EngDados/ALURA/api_twitter/venv/lib/python3.9/site-packages/airflow/example_dags/example_xcom.py
[2022-12-21 21:45:50,405] {processor.py:641} INFO - Processing file /home/nayara/Downloads/EngDados/ALURA/api_twitter/venv/lib/python3.9/site-packages/airflow/example_dags/example_xcom.py for tasks to queue
[2022-12-21 21:45:50,406] {logging_mixin.py:115} INFO - [2022-12-21 21:45:50,406] {dagbag.py:507} INFO - Filling up the DagBag from /home/nayara/Downloads/EngDados/ALURA/api_twitter/venv/lib/python3.9/site-packages/airflow/example_dags/example_xcom.py
[2022-12-21 21:45:50,449] {processor.py:651} INFO - DAG(s) dict_keys(['example_xcom']) retrieved from /home/nayara/Downloads/EngDados/ALURA/api_twitter/venv/lib/python3.9/site-packages/airflow/example_dags/example_xcom.py
[2022-12-21 21:45:50,474] {logging_mixin.py:115} INFO - [2022-12-21 21:45:50,474] {dag.py:2379} INFO - Sync 1 DAGs
[2022-12-21 21:45:50,501] {logging_mixin.py:115} INFO - [2022-12-21 21:45:50,501] {dag.py:2927} INFO - Setting next_dagrun for example_xcom to 2021-01-01T00:00:00+00:00, run_after=2021-01-01T00:00:00+00:00
[2022-12-21 21:45:50,772] {processor.py:161} INFO - Processing /home/nayara/Downloads/EngDados/ALURA/api_twitter/venv/lib/python3.9/site-packages/airflow/example_dags/example_xcom.py took 0.374 seconds
[2022-12-21 21:46:48,271] {processor.py:153} INFO - Started process (PID=17262) to work on /home/nayara/Downloads/EngDados/ALURA/api_twitter/venv/lib/python3.9/site-packages/airflow/example_dags/example_xcom.py
[2022-12-21 21:46:48,287] {processor.py:641} INFO - Processing file /home/nayara/Downloads/EngDados/ALURA/api_twitter/venv/lib/python3.9/site-packages/airflow/example_dags/example_xcom.py for tasks to queue
[2022-12-21 21:46:48,288] {logging_mixin.py:115} INFO - [2022-12-21 21:46:48,288] {dagbag.py:507} INFO - Filling up the DagBag from /home/nayara/Downloads/EngDados/ALURA/api_twitter/venv/lib/python3.9/site-packages/airflow/example_dags/example_xcom.py
[2022-12-21 21:46:48,322] {processor.py:651} INFO - DAG(s) dict_keys(['example_xcom']) retrieved from /home/nayara/Downloads/EngDados/ALURA/api_twitter/venv/lib/python3.9/site-packages/airflow/example_dags/example_xcom.py
[2022-12-21 21:46:48,398] {logging_mixin.py:115} INFO - [2022-12-21 21:46:48,398] {dag.py:2379} INFO - Sync 1 DAGs
[2022-12-21 21:46:48,426] {logging_mixin.py:115} INFO - [2022-12-21 21:46:48,426] {dag.py:2927} INFO - Setting next_dagrun for example_xcom to 2021-01-01T00:00:00+00:00, run_after=2021-01-01T00:00:00+00:00
[2022-12-21 21:46:48,771] {processor.py:161} INFO - Processing /home/nayara/Downloads/EngDados/ALURA/api_twitter/venv/lib/python3.9/site-packages/airflow/example_dags/example_xcom.py took 0.505 seconds
[2022-12-21 21:47:38,815] {processor.py:153} INFO - Started process (PID=17409) to work on /home/nayara/Downloads/EngDados/ALURA/api_twitter/venv/lib/python3.9/site-packages/airflow/example_dags/example_xcom.py
[2022-12-21 21:47:38,825] {processor.py:641} INFO - Processing file /home/nayara/Downloads/EngDados/ALURA/api_twitter/venv/lib/python3.9/site-packages/airflow/example_dags/example_xcom.py for tasks to queue
[2022-12-21 21:47:38,827] {logging_mixin.py:115} INFO - [2022-12-21 21:47:38,826] {dagbag.py:507} INFO - Filling up the DagBag from /home/nayara/Downloads/EngDados/ALURA/api_twitter/venv/lib/python3.9/site-packages/airflow/example_dags/example_xcom.py
[2022-12-21 21:47:38,858] {processor.py:651} INFO - DAG(s) dict_keys(['example_xcom']) retrieved from /home/nayara/Downloads/EngDados/ALURA/api_twitter/venv/lib/python3.9/site-packages/airflow/example_dags/example_xcom.py
[2022-12-21 21:47:38,886] {logging_mixin.py:115} INFO - [2022-12-21 21:47:38,885] {dag.py:2379} INFO - Sync 1 DAGs
[2022-12-21 21:47:38,922] {logging_mixin.py:115} INFO - [2022-12-21 21:47:38,922] {dag.py:2927} INFO - Setting next_dagrun for example_xcom to 2021-01-01T00:00:00+00:00, run_after=2021-01-01T00:00:00+00:00
[2022-12-21 21:47:39,216] {processor.py:161} INFO - Processing /home/nayara/Downloads/EngDados/ALURA/api_twitter/venv/lib/python3.9/site-packages/airflow/example_dags/example_xcom.py took 0.411 seconds
[2022-12-21 21:48:22,048] {processor.py:153} INFO - Started process (PID=17452) to work on /home/nayara/Downloads/EngDados/ALURA/api_twitter/venv/lib/python3.9/site-packages/airflow/example_dags/example_xcom.py
[2022-12-21 21:48:22,066] {processor.py:641} INFO - Processing file /home/nayara/Downloads/EngDados/ALURA/api_twitter/venv/lib/python3.9/site-packages/airflow/example_dags/example_xcom.py for tasks to queue
[2022-12-21 21:48:22,067] {logging_mixin.py:115} INFO - [2022-12-21 21:48:22,067] {dagbag.py:507} INFO - Filling up the DagBag from /home/nayara/Downloads/EngDados/ALURA/api_twitter/venv/lib/python3.9/site-packages/airflow/example_dags/example_xcom.py
[2022-12-21 21:48:22,111] {processor.py:651} INFO - DAG(s) dict_keys(['example_xcom']) retrieved from /home/nayara/Downloads/EngDados/ALURA/api_twitter/venv/lib/python3.9/site-packages/airflow/example_dags/example_xcom.py
[2022-12-21 21:48:22,136] {logging_mixin.py:115} INFO - [2022-12-21 21:48:22,136] {dag.py:2379} INFO - Sync 1 DAGs
[2022-12-21 21:48:22,166] {logging_mixin.py:115} INFO - [2022-12-21 21:48:22,165] {dag.py:2927} INFO - Setting next_dagrun for example_xcom to 2021-01-01T00:00:00+00:00, run_after=2021-01-01T00:00:00+00:00
[2022-12-21 21:48:22,385] {processor.py:161} INFO - Processing /home/nayara/Downloads/EngDados/ALURA/api_twitter/venv/lib/python3.9/site-packages/airflow/example_dags/example_xcom.py took 0.358 seconds
[2022-12-21 21:49:04,013] {processor.py:153} INFO - Started process (PID=17507) to work on /home/nayara/Downloads/EngDados/ALURA/api_twitter/venv/lib/python3.9/site-packages/airflow/example_dags/example_xcom.py
[2022-12-21 21:49:04,019] {processor.py:641} INFO - Processing file /home/nayara/Downloads/EngDados/ALURA/api_twitter/venv/lib/python3.9/site-packages/airflow/example_dags/example_xcom.py for tasks to queue
[2022-12-21 21:49:04,019] {logging_mixin.py:115} INFO - [2022-12-21 21:49:04,019] {dagbag.py:507} INFO - Filling up the DagBag from /home/nayara/Downloads/EngDados/ALURA/api_twitter/venv/lib/python3.9/site-packages/airflow/example_dags/example_xcom.py
[2022-12-21 21:49:04,065] {processor.py:651} INFO - DAG(s) dict_keys(['example_xcom']) retrieved from /home/nayara/Downloads/EngDados/ALURA/api_twitter/venv/lib/python3.9/site-packages/airflow/example_dags/example_xcom.py
[2022-12-21 21:49:04,170] {logging_mixin.py:115} INFO - [2022-12-21 21:49:04,170] {dag.py:2379} INFO - Sync 1 DAGs
[2022-12-21 21:49:04,206] {logging_mixin.py:115} INFO - [2022-12-21 21:49:04,206] {dag.py:2927} INFO - Setting next_dagrun for example_xcom to 2021-01-01T00:00:00+00:00, run_after=2021-01-01T00:00:00+00:00
[2022-12-21 21:49:04,536] {processor.py:161} INFO - Processing /home/nayara/Downloads/EngDados/ALURA/api_twitter/venv/lib/python3.9/site-packages/airflow/example_dags/example_xcom.py took 0.528 seconds
[2022-12-21 21:50:09,318] {processor.py:153} INFO - Started process (PID=17678) to work on /home/nayara/Downloads/EngDados/ALURA/api_twitter/venv/lib/python3.9/site-packages/airflow/example_dags/example_xcom.py
[2022-12-21 21:50:09,320] {processor.py:641} INFO - Processing file /home/nayara/Downloads/EngDados/ALURA/api_twitter/venv/lib/python3.9/site-packages/airflow/example_dags/example_xcom.py for tasks to queue
[2022-12-21 21:50:09,320] {logging_mixin.py:115} INFO - [2022-12-21 21:50:09,320] {dagbag.py:507} INFO - Filling up the DagBag from /home/nayara/Downloads/EngDados/ALURA/api_twitter/venv/lib/python3.9/site-packages/airflow/example_dags/example_xcom.py
[2022-12-21 21:50:09,348] {processor.py:651} INFO - DAG(s) dict_keys(['example_xcom']) retrieved from /home/nayara/Downloads/EngDados/ALURA/api_twitter/venv/lib/python3.9/site-packages/airflow/example_dags/example_xcom.py
[2022-12-21 21:50:09,405] {logging_mixin.py:115} INFO - [2022-12-21 21:50:09,405] {dag.py:2379} INFO - Sync 1 DAGs
[2022-12-21 21:50:09,423] {logging_mixin.py:115} INFO - [2022-12-21 21:50:09,423] {dag.py:2927} INFO - Setting next_dagrun for example_xcom to 2021-01-01T00:00:00+00:00, run_after=2021-01-01T00:00:00+00:00
[2022-12-21 21:50:09,600] {processor.py:161} INFO - Processing /home/nayara/Downloads/EngDados/ALURA/api_twitter/venv/lib/python3.9/site-packages/airflow/example_dags/example_xcom.py took 0.286 seconds
[2022-12-21 21:51:03,895] {processor.py:153} INFO - Started process (PID=17811) to work on /home/nayara/Downloads/EngDados/ALURA/api_twitter/venv/lib/python3.9/site-packages/airflow/example_dags/example_xcom.py
[2022-12-21 21:51:03,896] {processor.py:641} INFO - Processing file /home/nayara/Downloads/EngDados/ALURA/api_twitter/venv/lib/python3.9/site-packages/airflow/example_dags/example_xcom.py for tasks to queue
[2022-12-21 21:51:03,897] {logging_mixin.py:115} INFO - [2022-12-21 21:51:03,897] {dagbag.py:507} INFO - Filling up the DagBag from /home/nayara/Downloads/EngDados/ALURA/api_twitter/venv/lib/python3.9/site-packages/airflow/example_dags/example_xcom.py
[2022-12-21 21:51:03,921] {processor.py:651} INFO - DAG(s) dict_keys(['example_xcom']) retrieved from /home/nayara/Downloads/EngDados/ALURA/api_twitter/venv/lib/python3.9/site-packages/airflow/example_dags/example_xcom.py
[2022-12-21 21:51:03,979] {logging_mixin.py:115} INFO - [2022-12-21 21:51:03,979] {dag.py:2379} INFO - Sync 1 DAGs
[2022-12-21 21:51:03,998] {logging_mixin.py:115} INFO - [2022-12-21 21:51:03,998] {dag.py:2927} INFO - Setting next_dagrun for example_xcom to 2021-01-01T00:00:00+00:00, run_after=2021-01-01T00:00:00+00:00
[2022-12-21 21:51:04,237] {processor.py:161} INFO - Processing /home/nayara/Downloads/EngDados/ALURA/api_twitter/venv/lib/python3.9/site-packages/airflow/example_dags/example_xcom.py took 0.349 seconds
[2022-12-21 21:51:48,989] {processor.py:153} INFO - Started process (PID=17945) to work on /home/nayara/Downloads/EngDados/ALURA/api_twitter/venv/lib/python3.9/site-packages/airflow/example_dags/example_xcom.py
[2022-12-21 21:51:49,036] {processor.py:641} INFO - Processing file /home/nayara/Downloads/EngDados/ALURA/api_twitter/venv/lib/python3.9/site-packages/airflow/example_dags/example_xcom.py for tasks to queue
[2022-12-21 21:51:49,037] {logging_mixin.py:115} INFO - [2022-12-21 21:51:49,037] {dagbag.py:507} INFO - Filling up the DagBag from /home/nayara/Downloads/EngDados/ALURA/api_twitter/venv/lib/python3.9/site-packages/airflow/example_dags/example_xcom.py
[2022-12-21 21:51:49,086] {processor.py:651} INFO - DAG(s) dict_keys(['example_xcom']) retrieved from /home/nayara/Downloads/EngDados/ALURA/api_twitter/venv/lib/python3.9/site-packages/airflow/example_dags/example_xcom.py
[2022-12-21 21:51:49,163] {logging_mixin.py:115} INFO - [2022-12-21 21:51:49,163] {dag.py:2379} INFO - Sync 1 DAGs
[2022-12-21 21:51:49,192] {logging_mixin.py:115} INFO - [2022-12-21 21:51:49,192] {dag.py:2927} INFO - Setting next_dagrun for example_xcom to 2021-01-01T00:00:00+00:00, run_after=2021-01-01T00:00:00+00:00
[2022-12-21 21:51:49,571] {processor.py:161} INFO - Processing /home/nayara/Downloads/EngDados/ALURA/api_twitter/venv/lib/python3.9/site-packages/airflow/example_dags/example_xcom.py took 0.603 seconds
[2022-12-21 21:52:30,581] {processor.py:153} INFO - Started process (PID=18115) to work on /home/nayara/Downloads/EngDados/ALURA/api_twitter/venv/lib/python3.9/site-packages/airflow/example_dags/example_xcom.py
[2022-12-21 21:52:30,606] {processor.py:641} INFO - Processing file /home/nayara/Downloads/EngDados/ALURA/api_twitter/venv/lib/python3.9/site-packages/airflow/example_dags/example_xcom.py for tasks to queue
[2022-12-21 21:52:30,608] {logging_mixin.py:115} INFO - [2022-12-21 21:52:30,608] {dagbag.py:507} INFO - Filling up the DagBag from /home/nayara/Downloads/EngDados/ALURA/api_twitter/venv/lib/python3.9/site-packages/airflow/example_dags/example_xcom.py
[2022-12-21 21:52:30,645] {processor.py:651} INFO - DAG(s) dict_keys(['example_xcom']) retrieved from /home/nayara/Downloads/EngDados/ALURA/api_twitter/venv/lib/python3.9/site-packages/airflow/example_dags/example_xcom.py
[2022-12-21 21:52:30,670] {logging_mixin.py:115} INFO - [2022-12-21 21:52:30,670] {dag.py:2379} INFO - Sync 1 DAGs
[2022-12-21 21:52:30,698] {logging_mixin.py:115} INFO - [2022-12-21 21:52:30,698] {dag.py:2927} INFO - Setting next_dagrun for example_xcom to 2021-01-01T00:00:00+00:00, run_after=2021-01-01T00:00:00+00:00
[2022-12-21 21:52:31,122] {processor.py:161} INFO - Processing /home/nayara/Downloads/EngDados/ALURA/api_twitter/venv/lib/python3.9/site-packages/airflow/example_dags/example_xcom.py took 0.546 seconds
[2022-12-21 21:53:09,837] {processor.py:153} INFO - Started process (PID=18218) to work on /home/nayara/Downloads/EngDados/ALURA/api_twitter/venv/lib/python3.9/site-packages/airflow/example_dags/example_xcom.py
[2022-12-21 21:53:09,855] {processor.py:641} INFO - Processing file /home/nayara/Downloads/EngDados/ALURA/api_twitter/venv/lib/python3.9/site-packages/airflow/example_dags/example_xcom.py for tasks to queue
[2022-12-21 21:53:09,856] {logging_mixin.py:115} INFO - [2022-12-21 21:53:09,856] {dagbag.py:507} INFO - Filling up the DagBag from /home/nayara/Downloads/EngDados/ALURA/api_twitter/venv/lib/python3.9/site-packages/airflow/example_dags/example_xcom.py
[2022-12-21 21:53:09,880] {processor.py:651} INFO - DAG(s) dict_keys(['example_xcom']) retrieved from /home/nayara/Downloads/EngDados/ALURA/api_twitter/venv/lib/python3.9/site-packages/airflow/example_dags/example_xcom.py
[2022-12-21 21:53:09,901] {logging_mixin.py:115} INFO - [2022-12-21 21:53:09,901] {dag.py:2379} INFO - Sync 1 DAGs
[2022-12-21 21:53:09,925] {logging_mixin.py:115} INFO - [2022-12-21 21:53:09,924] {dag.py:2927} INFO - Setting next_dagrun for example_xcom to 2021-01-01T00:00:00+00:00, run_after=2021-01-01T00:00:00+00:00
[2022-12-21 21:53:10,135] {processor.py:161} INFO - Processing /home/nayara/Downloads/EngDados/ALURA/api_twitter/venv/lib/python3.9/site-packages/airflow/example_dags/example_xcom.py took 0.303 seconds
[2022-12-21 21:54:01,559] {processor.py:153} INFO - Started process (PID=18367) to work on /home/nayara/Downloads/EngDados/ALURA/api_twitter/venv/lib/python3.9/site-packages/airflow/example_dags/example_xcom.py
[2022-12-21 21:54:01,565] {processor.py:641} INFO - Processing file /home/nayara/Downloads/EngDados/ALURA/api_twitter/venv/lib/python3.9/site-packages/airflow/example_dags/example_xcom.py for tasks to queue
[2022-12-21 21:54:01,566] {logging_mixin.py:115} INFO - [2022-12-21 21:54:01,565] {dagbag.py:507} INFO - Filling up the DagBag from /home/nayara/Downloads/EngDados/ALURA/api_twitter/venv/lib/python3.9/site-packages/airflow/example_dags/example_xcom.py
[2022-12-21 21:54:01,602] {processor.py:651} INFO - DAG(s) dict_keys(['example_xcom']) retrieved from /home/nayara/Downloads/EngDados/ALURA/api_twitter/venv/lib/python3.9/site-packages/airflow/example_dags/example_xcom.py
[2022-12-21 21:54:01,630] {logging_mixin.py:115} INFO - [2022-12-21 21:54:01,630] {dag.py:2379} INFO - Sync 1 DAGs
[2022-12-21 21:54:01,657] {logging_mixin.py:115} INFO - [2022-12-21 21:54:01,657] {dag.py:2927} INFO - Setting next_dagrun for example_xcom to 2021-01-01T00:00:00+00:00, run_after=2021-01-01T00:00:00+00:00
[2022-12-21 21:54:02,044] {processor.py:161} INFO - Processing /home/nayara/Downloads/EngDados/ALURA/api_twitter/venv/lib/python3.9/site-packages/airflow/example_dags/example_xcom.py took 0.490 seconds
[2022-12-21 21:54:52,769] {processor.py:153} INFO - Started process (PID=18451) to work on /home/nayara/Downloads/EngDados/ALURA/api_twitter/venv/lib/python3.9/site-packages/airflow/example_dags/example_xcom.py
[2022-12-21 21:54:52,772] {processor.py:641} INFO - Processing file /home/nayara/Downloads/EngDados/ALURA/api_twitter/venv/lib/python3.9/site-packages/airflow/example_dags/example_xcom.py for tasks to queue
[2022-12-21 21:54:52,775] {logging_mixin.py:115} INFO - [2022-12-21 21:54:52,775] {dagbag.py:507} INFO - Filling up the DagBag from /home/nayara/Downloads/EngDados/ALURA/api_twitter/venv/lib/python3.9/site-packages/airflow/example_dags/example_xcom.py
[2022-12-21 21:54:52,849] {processor.py:651} INFO - DAG(s) dict_keys(['example_xcom']) retrieved from /home/nayara/Downloads/EngDados/ALURA/api_twitter/venv/lib/python3.9/site-packages/airflow/example_dags/example_xcom.py
[2022-12-21 21:54:52,879] {logging_mixin.py:115} INFO - [2022-12-21 21:54:52,878] {dag.py:2379} INFO - Sync 1 DAGs
[2022-12-21 21:54:52,906] {logging_mixin.py:115} INFO - [2022-12-21 21:54:52,906] {dag.py:2927} INFO - Setting next_dagrun for example_xcom to 2021-01-01T00:00:00+00:00, run_after=2021-01-01T00:00:00+00:00
[2022-12-21 21:54:53,211] {processor.py:161} INFO - Processing /home/nayara/Downloads/EngDados/ALURA/api_twitter/venv/lib/python3.9/site-packages/airflow/example_dags/example_xcom.py took 0.458 seconds
[2022-12-21 21:55:30,732] {processor.py:153} INFO - Started process (PID=18505) to work on /home/nayara/Downloads/EngDados/ALURA/api_twitter/venv/lib/python3.9/site-packages/airflow/example_dags/example_xcom.py
[2022-12-21 21:55:30,735] {processor.py:641} INFO - Processing file /home/nayara/Downloads/EngDados/ALURA/api_twitter/venv/lib/python3.9/site-packages/airflow/example_dags/example_xcom.py for tasks to queue
[2022-12-21 21:55:30,738] {logging_mixin.py:115} INFO - [2022-12-21 21:55:30,737] {dagbag.py:507} INFO - Filling up the DagBag from /home/nayara/Downloads/EngDados/ALURA/api_twitter/venv/lib/python3.9/site-packages/airflow/example_dags/example_xcom.py
[2022-12-21 21:55:30,837] {processor.py:651} INFO - DAG(s) dict_keys(['example_xcom']) retrieved from /home/nayara/Downloads/EngDados/ALURA/api_twitter/venv/lib/python3.9/site-packages/airflow/example_dags/example_xcom.py
[2022-12-21 21:55:30,867] {logging_mixin.py:115} INFO - [2022-12-21 21:55:30,866] {dag.py:2379} INFO - Sync 1 DAGs
[2022-12-21 21:55:30,889] {logging_mixin.py:115} INFO - [2022-12-21 21:55:30,889] {dag.py:2927} INFO - Setting next_dagrun for example_xcom to 2021-01-01T00:00:00+00:00, run_after=2021-01-01T00:00:00+00:00
[2022-12-21 21:55:31,146] {processor.py:161} INFO - Processing /home/nayara/Downloads/EngDados/ALURA/api_twitter/venv/lib/python3.9/site-packages/airflow/example_dags/example_xcom.py took 0.428 seconds
