[2022-12-21 21:36:48,227] {processor.py:153} INFO - Started process (PID=15741) to work on /home/nayara/Downloads/EngDados/ALURA/api_twitter/venv/lib/python3.9/site-packages/airflow/example_dags/example_short_circuit_operator.py
[2022-12-21 21:36:48,227] {processor.py:641} INFO - Processing file /home/nayara/Downloads/EngDados/ALURA/api_twitter/venv/lib/python3.9/site-packages/airflow/example_dags/example_short_circuit_operator.py for tasks to queue
[2022-12-21 21:36:48,228] {logging_mixin.py:115} INFO - [2022-12-21 21:36:48,228] {dagbag.py:507} INFO - Filling up the DagBag from /home/nayara/Downloads/EngDados/ALURA/api_twitter/venv/lib/python3.9/site-packages/airflow/example_dags/example_short_circuit_operator.py
[2022-12-21 21:36:48,327] {processor.py:651} INFO - DAG(s) dict_keys(['example_short_circuit_operator']) retrieved from /home/nayara/Downloads/EngDados/ALURA/api_twitter/venv/lib/python3.9/site-packages/airflow/example_dags/example_short_circuit_operator.py
[2022-12-21 21:36:49,432] {logging_mixin.py:115} INFO - [2022-12-21 21:36:49,432] {manager.py:508} INFO - Created Permission View: can read on DAG:example_short_circuit_operator
[2022-12-21 21:36:49,741] {logging_mixin.py:115} INFO - [2022-12-21 21:36:49,740] {manager.py:508} INFO - Created Permission View: can delete on DAG:example_short_circuit_operator
[2022-12-21 21:36:50,471] {logging_mixin.py:115} INFO - [2022-12-21 21:36:50,471] {manager.py:508} INFO - Created Permission View: can edit on DAG:example_short_circuit_operator
[2022-12-21 21:36:50,471] {logging_mixin.py:115} INFO - [2022-12-21 21:36:50,471] {dag.py:2379} INFO - Sync 1 DAGs
[2022-12-21 21:36:50,484] {logging_mixin.py:115} INFO - [2022-12-21 21:36:50,484] {dag.py:2398} INFO - Creating ORM DAG for example_short_circuit_operator
[2022-12-21 21:36:51,143] {logging_mixin.py:115} INFO - [2022-12-21 21:36:51,142] {dag.py:2927} INFO - Setting next_dagrun for example_short_circuit_operator to 2022-12-21T00:36:51.141472+00:00, run_after=2022-12-22T00:36:51.141472+00:00
[2022-12-21 21:36:51,967] {processor.py:161} INFO - Processing /home/nayara/Downloads/EngDados/ALURA/api_twitter/venv/lib/python3.9/site-packages/airflow/example_dags/example_short_circuit_operator.py took 3.751 seconds
[2022-12-21 21:38:39,817] {processor.py:153} INFO - Started process (PID=16205) to work on /home/nayara/Downloads/EngDados/ALURA/api_twitter/venv/lib/python3.9/site-packages/airflow/example_dags/example_short_circuit_operator.py
[2022-12-21 21:38:39,819] {processor.py:641} INFO - Processing file /home/nayara/Downloads/EngDados/ALURA/api_twitter/venv/lib/python3.9/site-packages/airflow/example_dags/example_short_circuit_operator.py for tasks to queue
[2022-12-21 21:38:39,822] {logging_mixin.py:115} INFO - [2022-12-21 21:38:39,821] {dagbag.py:507} INFO - Filling up the DagBag from /home/nayara/Downloads/EngDados/ALURA/api_twitter/venv/lib/python3.9/site-packages/airflow/example_dags/example_short_circuit_operator.py
[2022-12-21 21:38:39,877] {processor.py:651} INFO - DAG(s) dict_keys(['example_short_circuit_operator']) retrieved from /home/nayara/Downloads/EngDados/ALURA/api_twitter/venv/lib/python3.9/site-packages/airflow/example_dags/example_short_circuit_operator.py
[2022-12-21 21:38:39,917] {logging_mixin.py:115} INFO - [2022-12-21 21:38:39,916] {dag.py:2379} INFO - Sync 1 DAGs
[2022-12-21 21:38:39,946] {logging_mixin.py:115} INFO - [2022-12-21 21:38:39,946] {dag.py:2927} INFO - Setting next_dagrun for example_short_circuit_operator to 2022-12-21T00:38:39.945818+00:00, run_after=2022-12-22T00:38:39.945818+00:00
[2022-12-21 21:38:40,981] {processor.py:161} INFO - Processing /home/nayara/Downloads/EngDados/ALURA/api_twitter/venv/lib/python3.9/site-packages/airflow/example_dags/example_short_circuit_operator.py took 1.180 seconds
[2022-12-21 21:39:25,572] {processor.py:153} INFO - Started process (PID=16260) to work on /home/nayara/Downloads/EngDados/ALURA/api_twitter/venv/lib/python3.9/site-packages/airflow/example_dags/example_short_circuit_operator.py
[2022-12-21 21:39:25,576] {processor.py:641} INFO - Processing file /home/nayara/Downloads/EngDados/ALURA/api_twitter/venv/lib/python3.9/site-packages/airflow/example_dags/example_short_circuit_operator.py for tasks to queue
[2022-12-21 21:39:25,577] {logging_mixin.py:115} INFO - [2022-12-21 21:39:25,577] {dagbag.py:507} INFO - Filling up the DagBag from /home/nayara/Downloads/EngDados/ALURA/api_twitter/venv/lib/python3.9/site-packages/airflow/example_dags/example_short_circuit_operator.py
[2022-12-21 21:39:25,590] {processor.py:651} INFO - DAG(s) dict_keys(['example_short_circuit_operator']) retrieved from /home/nayara/Downloads/EngDados/ALURA/api_twitter/venv/lib/python3.9/site-packages/airflow/example_dags/example_short_circuit_operator.py
[2022-12-21 21:39:25,616] {logging_mixin.py:115} INFO - [2022-12-21 21:39:25,615] {dag.py:2379} INFO - Sync 1 DAGs
[2022-12-21 21:39:25,641] {logging_mixin.py:115} INFO - [2022-12-21 21:39:25,641] {dag.py:2927} INFO - Setting next_dagrun for example_short_circuit_operator to 2022-12-21T00:39:25.641185+00:00, run_after=2022-12-22T00:39:25.641185+00:00
[2022-12-21 21:39:26,155] {processor.py:161} INFO - Processing /home/nayara/Downloads/EngDados/ALURA/api_twitter/venv/lib/python3.9/site-packages/airflow/example_dags/example_short_circuit_operator.py took 0.586 seconds
[2022-12-21 21:40:14,570] {processor.py:153} INFO - Started process (PID=16325) to work on /home/nayara/Downloads/EngDados/ALURA/api_twitter/venv/lib/python3.9/site-packages/airflow/example_dags/example_short_circuit_operator.py
[2022-12-21 21:40:14,571] {processor.py:641} INFO - Processing file /home/nayara/Downloads/EngDados/ALURA/api_twitter/venv/lib/python3.9/site-packages/airflow/example_dags/example_short_circuit_operator.py for tasks to queue
[2022-12-21 21:40:14,572] {logging_mixin.py:115} INFO - [2022-12-21 21:40:14,572] {dagbag.py:507} INFO - Filling up the DagBag from /home/nayara/Downloads/EngDados/ALURA/api_twitter/venv/lib/python3.9/site-packages/airflow/example_dags/example_short_circuit_operator.py
[2022-12-21 21:40:14,583] {processor.py:651} INFO - DAG(s) dict_keys(['example_short_circuit_operator']) retrieved from /home/nayara/Downloads/EngDados/ALURA/api_twitter/venv/lib/python3.9/site-packages/airflow/example_dags/example_short_circuit_operator.py
[2022-12-21 21:40:14,605] {logging_mixin.py:115} INFO - [2022-12-21 21:40:14,605] {dag.py:2379} INFO - Sync 1 DAGs
[2022-12-21 21:40:14,627] {logging_mixin.py:115} INFO - [2022-12-21 21:40:14,626] {dag.py:2927} INFO - Setting next_dagrun for example_short_circuit_operator to 2022-12-21T00:40:14.626463+00:00, run_after=2022-12-22T00:40:14.626463+00:00
[2022-12-21 21:40:14,948] {processor.py:161} INFO - Processing /home/nayara/Downloads/EngDados/ALURA/api_twitter/venv/lib/python3.9/site-packages/airflow/example_dags/example_short_circuit_operator.py took 0.381 seconds
[2022-12-21 21:41:07,394] {processor.py:153} INFO - Started process (PID=16409) to work on /home/nayara/Downloads/EngDados/ALURA/api_twitter/venv/lib/python3.9/site-packages/airflow/example_dags/example_short_circuit_operator.py
[2022-12-21 21:41:07,413] {processor.py:641} INFO - Processing file /home/nayara/Downloads/EngDados/ALURA/api_twitter/venv/lib/python3.9/site-packages/airflow/example_dags/example_short_circuit_operator.py for tasks to queue
[2022-12-21 21:41:07,414] {logging_mixin.py:115} INFO - [2022-12-21 21:41:07,414] {dagbag.py:507} INFO - Filling up the DagBag from /home/nayara/Downloads/EngDados/ALURA/api_twitter/venv/lib/python3.9/site-packages/airflow/example_dags/example_short_circuit_operator.py
[2022-12-21 21:41:07,433] {processor.py:651} INFO - DAG(s) dict_keys(['example_short_circuit_operator']) retrieved from /home/nayara/Downloads/EngDados/ALURA/api_twitter/venv/lib/python3.9/site-packages/airflow/example_dags/example_short_circuit_operator.py
[2022-12-21 21:41:07,469] {logging_mixin.py:115} INFO - [2022-12-21 21:41:07,469] {dag.py:2379} INFO - Sync 1 DAGs
[2022-12-21 21:41:07,500] {logging_mixin.py:115} INFO - [2022-12-21 21:41:07,500] {dag.py:2927} INFO - Setting next_dagrun for example_short_circuit_operator to 2022-12-21T00:41:07.499753+00:00, run_after=2022-12-22T00:41:07.499753+00:00
[2022-12-21 21:41:07,979] {processor.py:161} INFO - Processing /home/nayara/Downloads/EngDados/ALURA/api_twitter/venv/lib/python3.9/site-packages/airflow/example_dags/example_short_circuit_operator.py took 0.591 seconds
[2022-12-21 21:42:04,925] {processor.py:153} INFO - Started process (PID=16553) to work on /home/nayara/Downloads/EngDados/ALURA/api_twitter/venv/lib/python3.9/site-packages/airflow/example_dags/example_short_circuit_operator.py
[2022-12-21 21:42:04,942] {processor.py:641} INFO - Processing file /home/nayara/Downloads/EngDados/ALURA/api_twitter/venv/lib/python3.9/site-packages/airflow/example_dags/example_short_circuit_operator.py for tasks to queue
[2022-12-21 21:42:04,944] {logging_mixin.py:115} INFO - [2022-12-21 21:42:04,944] {dagbag.py:507} INFO - Filling up the DagBag from /home/nayara/Downloads/EngDados/ALURA/api_twitter/venv/lib/python3.9/site-packages/airflow/example_dags/example_short_circuit_operator.py
[2022-12-21 21:42:04,972] {processor.py:651} INFO - DAG(s) dict_keys(['example_short_circuit_operator']) retrieved from /home/nayara/Downloads/EngDados/ALURA/api_twitter/venv/lib/python3.9/site-packages/airflow/example_dags/example_short_circuit_operator.py
[2022-12-21 21:42:05,010] {logging_mixin.py:115} INFO - [2022-12-21 21:42:05,010] {dag.py:2379} INFO - Sync 1 DAGs
[2022-12-21 21:42:05,036] {logging_mixin.py:115} INFO - [2022-12-21 21:42:05,036] {dag.py:2927} INFO - Setting next_dagrun for example_short_circuit_operator to 2022-12-21T00:42:05.036205+00:00, run_after=2022-12-22T00:42:05.036205+00:00
[2022-12-21 21:42:05,306] {processor.py:161} INFO - Processing /home/nayara/Downloads/EngDados/ALURA/api_twitter/venv/lib/python3.9/site-packages/airflow/example_dags/example_short_circuit_operator.py took 0.395 seconds
[2022-12-21 21:42:45,772] {processor.py:153} INFO - Started process (PID=16588) to work on /home/nayara/Downloads/EngDados/ALURA/api_twitter/venv/lib/python3.9/site-packages/airflow/example_dags/example_short_circuit_operator.py
[2022-12-21 21:42:45,786] {processor.py:641} INFO - Processing file /home/nayara/Downloads/EngDados/ALURA/api_twitter/venv/lib/python3.9/site-packages/airflow/example_dags/example_short_circuit_operator.py for tasks to queue
[2022-12-21 21:42:45,788] {logging_mixin.py:115} INFO - [2022-12-21 21:42:45,788] {dagbag.py:507} INFO - Filling up the DagBag from /home/nayara/Downloads/EngDados/ALURA/api_twitter/venv/lib/python3.9/site-packages/airflow/example_dags/example_short_circuit_operator.py
[2022-12-21 21:42:45,811] {processor.py:651} INFO - DAG(s) dict_keys(['example_short_circuit_operator']) retrieved from /home/nayara/Downloads/EngDados/ALURA/api_twitter/venv/lib/python3.9/site-packages/airflow/example_dags/example_short_circuit_operator.py
[2022-12-21 21:42:45,863] {logging_mixin.py:115} INFO - [2022-12-21 21:42:45,862] {dag.py:2379} INFO - Sync 1 DAGs
[2022-12-21 21:42:45,901] {logging_mixin.py:115} INFO - [2022-12-21 21:42:45,901] {dag.py:2927} INFO - Setting next_dagrun for example_short_circuit_operator to 2022-12-21T00:42:45.900731+00:00, run_after=2022-12-22T00:42:45.900731+00:00
[2022-12-21 21:42:47,028] {processor.py:161} INFO - Processing /home/nayara/Downloads/EngDados/ALURA/api_twitter/venv/lib/python3.9/site-packages/airflow/example_dags/example_short_circuit_operator.py took 1.265 seconds
[2022-12-21 21:43:34,650] {processor.py:153} INFO - Started process (PID=16675) to work on /home/nayara/Downloads/EngDados/ALURA/api_twitter/venv/lib/python3.9/site-packages/airflow/example_dags/example_short_circuit_operator.py
[2022-12-21 21:43:34,651] {processor.py:641} INFO - Processing file /home/nayara/Downloads/EngDados/ALURA/api_twitter/venv/lib/python3.9/site-packages/airflow/example_dags/example_short_circuit_operator.py for tasks to queue
[2022-12-21 21:43:34,651] {logging_mixin.py:115} INFO - [2022-12-21 21:43:34,651] {dagbag.py:507} INFO - Filling up the DagBag from /home/nayara/Downloads/EngDados/ALURA/api_twitter/venv/lib/python3.9/site-packages/airflow/example_dags/example_short_circuit_operator.py
[2022-12-21 21:43:34,662] {processor.py:651} INFO - DAG(s) dict_keys(['example_short_circuit_operator']) retrieved from /home/nayara/Downloads/EngDados/ALURA/api_twitter/venv/lib/python3.9/site-packages/airflow/example_dags/example_short_circuit_operator.py
[2022-12-21 21:43:34,683] {logging_mixin.py:115} INFO - [2022-12-21 21:43:34,683] {dag.py:2379} INFO - Sync 1 DAGs
[2022-12-21 21:43:34,705] {logging_mixin.py:115} INFO - [2022-12-21 21:43:34,705] {dag.py:2927} INFO - Setting next_dagrun for example_short_circuit_operator to 2022-12-21T00:43:34.705489+00:00, run_after=2022-12-22T00:43:34.705489+00:00
[2022-12-21 21:43:35,086] {processor.py:161} INFO - Processing /home/nayara/Downloads/EngDados/ALURA/api_twitter/venv/lib/python3.9/site-packages/airflow/example_dags/example_short_circuit_operator.py took 0.440 seconds
[2022-12-21 21:44:13,523] {processor.py:153} INFO - Started process (PID=16711) to work on /home/nayara/Downloads/EngDados/ALURA/api_twitter/venv/lib/python3.9/site-packages/airflow/example_dags/example_short_circuit_operator.py
[2022-12-21 21:44:13,524] {processor.py:641} INFO - Processing file /home/nayara/Downloads/EngDados/ALURA/api_twitter/venv/lib/python3.9/site-packages/airflow/example_dags/example_short_circuit_operator.py for tasks to queue
[2022-12-21 21:44:13,525] {logging_mixin.py:115} INFO - [2022-12-21 21:44:13,525] {dagbag.py:507} INFO - Filling up the DagBag from /home/nayara/Downloads/EngDados/ALURA/api_twitter/venv/lib/python3.9/site-packages/airflow/example_dags/example_short_circuit_operator.py
[2022-12-21 21:44:13,538] {processor.py:651} INFO - DAG(s) dict_keys(['example_short_circuit_operator']) retrieved from /home/nayara/Downloads/EngDados/ALURA/api_twitter/venv/lib/python3.9/site-packages/airflow/example_dags/example_short_circuit_operator.py
[2022-12-21 21:44:13,560] {logging_mixin.py:115} INFO - [2022-12-21 21:44:13,559] {dag.py:2379} INFO - Sync 1 DAGs
[2022-12-21 21:44:13,581] {logging_mixin.py:115} INFO - [2022-12-21 21:44:13,581] {dag.py:2927} INFO - Setting next_dagrun for example_short_circuit_operator to 2022-12-21T00:44:13.581461+00:00, run_after=2022-12-22T00:44:13.581461+00:00
[2022-12-21 21:44:13,848] {processor.py:161} INFO - Processing /home/nayara/Downloads/EngDados/ALURA/api_twitter/venv/lib/python3.9/site-packages/airflow/example_dags/example_short_circuit_operator.py took 0.337 seconds
[2022-12-21 21:45:05,921] {processor.py:153} INFO - Started process (PID=16769) to work on /home/nayara/Downloads/EngDados/ALURA/api_twitter/venv/lib/python3.9/site-packages/airflow/example_dags/example_short_circuit_operator.py
[2022-12-21 21:45:05,922] {processor.py:641} INFO - Processing file /home/nayara/Downloads/EngDados/ALURA/api_twitter/venv/lib/python3.9/site-packages/airflow/example_dags/example_short_circuit_operator.py for tasks to queue
[2022-12-21 21:45:05,923] {logging_mixin.py:115} INFO - [2022-12-21 21:45:05,923] {dagbag.py:507} INFO - Filling up the DagBag from /home/nayara/Downloads/EngDados/ALURA/api_twitter/venv/lib/python3.9/site-packages/airflow/example_dags/example_short_circuit_operator.py
[2022-12-21 21:45:05,934] {processor.py:651} INFO - DAG(s) dict_keys(['example_short_circuit_operator']) retrieved from /home/nayara/Downloads/EngDados/ALURA/api_twitter/venv/lib/python3.9/site-packages/airflow/example_dags/example_short_circuit_operator.py
[2022-12-21 21:45:05,955] {logging_mixin.py:115} INFO - [2022-12-21 21:45:05,955] {dag.py:2379} INFO - Sync 1 DAGs
[2022-12-21 21:45:05,976] {logging_mixin.py:115} INFO - [2022-12-21 21:45:05,976] {dag.py:2927} INFO - Setting next_dagrun for example_short_circuit_operator to 2022-12-21T00:45:05.976263+00:00, run_after=2022-12-22T00:45:05.976263+00:00
[2022-12-21 21:45:06,311] {processor.py:161} INFO - Processing /home/nayara/Downloads/EngDados/ALURA/api_twitter/venv/lib/python3.9/site-packages/airflow/example_dags/example_short_circuit_operator.py took 0.394 seconds
[2022-12-21 21:45:47,935] {processor.py:153} INFO - Started process (PID=16903) to work on /home/nayara/Downloads/EngDados/ALURA/api_twitter/venv/lib/python3.9/site-packages/airflow/example_dags/example_short_circuit_operator.py
[2022-12-21 21:45:47,938] {processor.py:641} INFO - Processing file /home/nayara/Downloads/EngDados/ALURA/api_twitter/venv/lib/python3.9/site-packages/airflow/example_dags/example_short_circuit_operator.py for tasks to queue
[2022-12-21 21:45:47,941] {logging_mixin.py:115} INFO - [2022-12-21 21:45:47,940] {dagbag.py:507} INFO - Filling up the DagBag from /home/nayara/Downloads/EngDados/ALURA/api_twitter/venv/lib/python3.9/site-packages/airflow/example_dags/example_short_circuit_operator.py
[2022-12-21 21:45:47,987] {processor.py:651} INFO - DAG(s) dict_keys(['example_short_circuit_operator']) retrieved from /home/nayara/Downloads/EngDados/ALURA/api_twitter/venv/lib/python3.9/site-packages/airflow/example_dags/example_short_circuit_operator.py
[2022-12-21 21:45:48,016] {logging_mixin.py:115} INFO - [2022-12-21 21:45:48,016] {dag.py:2379} INFO - Sync 1 DAGs
[2022-12-21 21:45:48,044] {logging_mixin.py:115} INFO - [2022-12-21 21:45:48,043] {dag.py:2927} INFO - Setting next_dagrun for example_short_circuit_operator to 2022-12-21T00:45:48.043606+00:00, run_after=2022-12-22T00:45:48.043606+00:00
[2022-12-21 21:45:48,484] {processor.py:161} INFO - Processing /home/nayara/Downloads/EngDados/ALURA/api_twitter/venv/lib/python3.9/site-packages/airflow/example_dags/example_short_circuit_operator.py took 0.566 seconds
[2022-12-21 21:46:27,275] {processor.py:153} INFO - Started process (PID=17213) to work on /home/nayara/Downloads/EngDados/ALURA/api_twitter/venv/lib/python3.9/site-packages/airflow/example_dags/example_short_circuit_operator.py
[2022-12-21 21:46:27,278] {processor.py:641} INFO - Processing file /home/nayara/Downloads/EngDados/ALURA/api_twitter/venv/lib/python3.9/site-packages/airflow/example_dags/example_short_circuit_operator.py for tasks to queue
[2022-12-21 21:46:27,281] {logging_mixin.py:115} INFO - [2022-12-21 21:46:27,281] {dagbag.py:507} INFO - Filling up the DagBag from /home/nayara/Downloads/EngDados/ALURA/api_twitter/venv/lib/python3.9/site-packages/airflow/example_dags/example_short_circuit_operator.py
[2022-12-21 21:46:27,314] {processor.py:651} INFO - DAG(s) dict_keys(['example_short_circuit_operator']) retrieved from /home/nayara/Downloads/EngDados/ALURA/api_twitter/venv/lib/python3.9/site-packages/airflow/example_dags/example_short_circuit_operator.py
[2022-12-21 21:46:27,343] {logging_mixin.py:115} INFO - [2022-12-21 21:46:27,343] {dag.py:2379} INFO - Sync 1 DAGs
[2022-12-21 21:46:27,373] {logging_mixin.py:115} INFO - [2022-12-21 21:46:27,372] {dag.py:2927} INFO - Setting next_dagrun for example_short_circuit_operator to 2022-12-21T00:46:27.372600+00:00, run_after=2022-12-22T00:46:27.372600+00:00
[2022-12-21 21:46:27,811] {processor.py:161} INFO - Processing /home/nayara/Downloads/EngDados/ALURA/api_twitter/venv/lib/python3.9/site-packages/airflow/example_dags/example_short_circuit_operator.py took 0.552 seconds
[2022-12-21 21:47:11,808] {processor.py:153} INFO - Started process (PID=17312) to work on /home/nayara/Downloads/EngDados/ALURA/api_twitter/venv/lib/python3.9/site-packages/airflow/example_dags/example_short_circuit_operator.py
[2022-12-21 21:47:11,810] {processor.py:641} INFO - Processing file /home/nayara/Downloads/EngDados/ALURA/api_twitter/venv/lib/python3.9/site-packages/airflow/example_dags/example_short_circuit_operator.py for tasks to queue
[2022-12-21 21:47:11,811] {logging_mixin.py:115} INFO - [2022-12-21 21:47:11,811] {dagbag.py:507} INFO - Filling up the DagBag from /home/nayara/Downloads/EngDados/ALURA/api_twitter/venv/lib/python3.9/site-packages/airflow/example_dags/example_short_circuit_operator.py
[2022-12-21 21:47:11,824] {processor.py:651} INFO - DAG(s) dict_keys(['example_short_circuit_operator']) retrieved from /home/nayara/Downloads/EngDados/ALURA/api_twitter/venv/lib/python3.9/site-packages/airflow/example_dags/example_short_circuit_operator.py
[2022-12-21 21:47:11,847] {logging_mixin.py:115} INFO - [2022-12-21 21:47:11,846] {dag.py:2379} INFO - Sync 1 DAGs
[2022-12-21 21:47:11,869] {logging_mixin.py:115} INFO - [2022-12-21 21:47:11,869] {dag.py:2927} INFO - Setting next_dagrun for example_short_circuit_operator to 2022-12-21T00:47:11.868681+00:00, run_after=2022-12-22T00:47:11.868681+00:00
[2022-12-21 21:47:12,186] {processor.py:161} INFO - Processing /home/nayara/Downloads/EngDados/ALURA/api_twitter/venv/lib/python3.9/site-packages/airflow/example_dags/example_short_circuit_operator.py took 0.389 seconds
[2022-12-21 21:47:58,087] {processor.py:153} INFO - Started process (PID=17425) to work on /home/nayara/Downloads/EngDados/ALURA/api_twitter/venv/lib/python3.9/site-packages/airflow/example_dags/example_short_circuit_operator.py
[2022-12-21 21:47:58,109] {processor.py:641} INFO - Processing file /home/nayara/Downloads/EngDados/ALURA/api_twitter/venv/lib/python3.9/site-packages/airflow/example_dags/example_short_circuit_operator.py for tasks to queue
[2022-12-21 21:47:58,112] {logging_mixin.py:115} INFO - [2022-12-21 21:47:58,112] {dagbag.py:507} INFO - Filling up the DagBag from /home/nayara/Downloads/EngDados/ALURA/api_twitter/venv/lib/python3.9/site-packages/airflow/example_dags/example_short_circuit_operator.py
[2022-12-21 21:47:58,168] {processor.py:651} INFO - DAG(s) dict_keys(['example_short_circuit_operator']) retrieved from /home/nayara/Downloads/EngDados/ALURA/api_twitter/venv/lib/python3.9/site-packages/airflow/example_dags/example_short_circuit_operator.py
[2022-12-21 21:47:58,200] {logging_mixin.py:115} INFO - [2022-12-21 21:47:58,200] {dag.py:2379} INFO - Sync 1 DAGs
[2022-12-21 21:47:58,230] {logging_mixin.py:115} INFO - [2022-12-21 21:47:58,229] {dag.py:2927} INFO - Setting next_dagrun for example_short_circuit_operator to 2022-12-21T00:47:58.229536+00:00, run_after=2022-12-22T00:47:58.229536+00:00
[2022-12-21 21:47:58,500] {processor.py:161} INFO - Processing /home/nayara/Downloads/EngDados/ALURA/api_twitter/venv/lib/python3.9/site-packages/airflow/example_dags/example_short_circuit_operator.py took 0.432 seconds
[2022-12-21 21:48:40,964] {processor.py:153} INFO - Started process (PID=17469) to work on /home/nayara/Downloads/EngDados/ALURA/api_twitter/venv/lib/python3.9/site-packages/airflow/example_dags/example_short_circuit_operator.py
[2022-12-21 21:48:40,975] {processor.py:641} INFO - Processing file /home/nayara/Downloads/EngDados/ALURA/api_twitter/venv/lib/python3.9/site-packages/airflow/example_dags/example_short_circuit_operator.py for tasks to queue
[2022-12-21 21:48:40,977] {logging_mixin.py:115} INFO - [2022-12-21 21:48:40,977] {dagbag.py:507} INFO - Filling up the DagBag from /home/nayara/Downloads/EngDados/ALURA/api_twitter/venv/lib/python3.9/site-packages/airflow/example_dags/example_short_circuit_operator.py
[2022-12-21 21:48:41,014] {processor.py:651} INFO - DAG(s) dict_keys(['example_short_circuit_operator']) retrieved from /home/nayara/Downloads/EngDados/ALURA/api_twitter/venv/lib/python3.9/site-packages/airflow/example_dags/example_short_circuit_operator.py
[2022-12-21 21:48:41,049] {logging_mixin.py:115} INFO - [2022-12-21 21:48:41,049] {dag.py:2379} INFO - Sync 1 DAGs
[2022-12-21 21:48:41,093] {logging_mixin.py:115} INFO - [2022-12-21 21:48:41,093] {dag.py:2927} INFO - Setting next_dagrun for example_short_circuit_operator to 2022-12-21T00:48:41.093032+00:00, run_after=2022-12-22T00:48:41.093032+00:00
[2022-12-21 21:48:41,462] {processor.py:161} INFO - Processing /home/nayara/Downloads/EngDados/ALURA/api_twitter/venv/lib/python3.9/site-packages/airflow/example_dags/example_short_circuit_operator.py took 0.509 seconds
[2022-12-21 21:49:31,438] {processor.py:153} INFO - Started process (PID=17525) to work on /home/nayara/Downloads/EngDados/ALURA/api_twitter/venv/lib/python3.9/site-packages/airflow/example_dags/example_short_circuit_operator.py
[2022-12-21 21:49:31,462] {processor.py:641} INFO - Processing file /home/nayara/Downloads/EngDados/ALURA/api_twitter/venv/lib/python3.9/site-packages/airflow/example_dags/example_short_circuit_operator.py for tasks to queue
[2022-12-21 21:49:31,463] {logging_mixin.py:115} INFO - [2022-12-21 21:49:31,463] {dagbag.py:507} INFO - Filling up the DagBag from /home/nayara/Downloads/EngDados/ALURA/api_twitter/venv/lib/python3.9/site-packages/airflow/example_dags/example_short_circuit_operator.py
[2022-12-21 21:49:31,493] {processor.py:651} INFO - DAG(s) dict_keys(['example_short_circuit_operator']) retrieved from /home/nayara/Downloads/EngDados/ALURA/api_twitter/venv/lib/python3.9/site-packages/airflow/example_dags/example_short_circuit_operator.py
[2022-12-21 21:49:31,516] {logging_mixin.py:115} INFO - [2022-12-21 21:49:31,516] {dag.py:2379} INFO - Sync 1 DAGs
[2022-12-21 21:49:31,538] {logging_mixin.py:115} INFO - [2022-12-21 21:49:31,538] {dag.py:2927} INFO - Setting next_dagrun for example_short_circuit_operator to 2022-12-21T00:49:31.538256+00:00, run_after=2022-12-22T00:49:31.538256+00:00
[2022-12-21 21:49:31,910] {processor.py:161} INFO - Processing /home/nayara/Downloads/EngDados/ALURA/api_twitter/venv/lib/python3.9/site-packages/airflow/example_dags/example_short_circuit_operator.py took 0.476 seconds
[2022-12-21 21:50:21,946] {processor.py:153} INFO - Started process (PID=17688) to work on /home/nayara/Downloads/EngDados/ALURA/api_twitter/venv/lib/python3.9/site-packages/airflow/example_dags/example_short_circuit_operator.py
[2022-12-21 21:50:21,967] {processor.py:641} INFO - Processing file /home/nayara/Downloads/EngDados/ALURA/api_twitter/venv/lib/python3.9/site-packages/airflow/example_dags/example_short_circuit_operator.py for tasks to queue
[2022-12-21 21:50:21,967] {logging_mixin.py:115} INFO - [2022-12-21 21:50:21,967] {dagbag.py:507} INFO - Filling up the DagBag from /home/nayara/Downloads/EngDados/ALURA/api_twitter/venv/lib/python3.9/site-packages/airflow/example_dags/example_short_circuit_operator.py
[2022-12-21 21:50:21,980] {processor.py:651} INFO - DAG(s) dict_keys(['example_short_circuit_operator']) retrieved from /home/nayara/Downloads/EngDados/ALURA/api_twitter/venv/lib/python3.9/site-packages/airflow/example_dags/example_short_circuit_operator.py
[2022-12-21 21:50:22,012] {logging_mixin.py:115} INFO - [2022-12-21 21:50:22,012] {dag.py:2379} INFO - Sync 1 DAGs
[2022-12-21 21:50:22,037] {logging_mixin.py:115} INFO - [2022-12-21 21:50:22,037] {dag.py:2927} INFO - Setting next_dagrun for example_short_circuit_operator to 2022-12-21T00:50:22.037402+00:00, run_after=2022-12-22T00:50:22.037402+00:00
[2022-12-21 21:50:22,465] {processor.py:161} INFO - Processing /home/nayara/Downloads/EngDados/ALURA/api_twitter/venv/lib/python3.9/site-packages/airflow/example_dags/example_short_circuit_operator.py took 0.527 seconds
[2022-12-21 21:51:00,660] {processor.py:153} INFO - Started process (PID=17809) to work on /home/nayara/Downloads/EngDados/ALURA/api_twitter/venv/lib/python3.9/site-packages/airflow/example_dags/example_short_circuit_operator.py
[2022-12-21 21:51:00,689] {processor.py:641} INFO - Processing file /home/nayara/Downloads/EngDados/ALURA/api_twitter/venv/lib/python3.9/site-packages/airflow/example_dags/example_short_circuit_operator.py for tasks to queue
[2022-12-21 21:51:00,691] {logging_mixin.py:115} INFO - [2022-12-21 21:51:00,690] {dagbag.py:507} INFO - Filling up the DagBag from /home/nayara/Downloads/EngDados/ALURA/api_twitter/venv/lib/python3.9/site-packages/airflow/example_dags/example_short_circuit_operator.py
[2022-12-21 21:51:00,713] {processor.py:651} INFO - DAG(s) dict_keys(['example_short_circuit_operator']) retrieved from /home/nayara/Downloads/EngDados/ALURA/api_twitter/venv/lib/python3.9/site-packages/airflow/example_dags/example_short_circuit_operator.py
[2022-12-21 21:51:00,736] {logging_mixin.py:115} INFO - [2022-12-21 21:51:00,735] {dag.py:2379} INFO - Sync 1 DAGs
[2022-12-21 21:51:00,758] {logging_mixin.py:115} INFO - [2022-12-21 21:51:00,757] {dag.py:2927} INFO - Setting next_dagrun for example_short_circuit_operator to 2022-12-21T00:51:00.757591+00:00, run_after=2022-12-22T00:51:00.757591+00:00
[2022-12-21 21:51:01,094] {processor.py:161} INFO - Processing /home/nayara/Downloads/EngDados/ALURA/api_twitter/venv/lib/python3.9/site-packages/airflow/example_dags/example_short_circuit_operator.py took 0.449 seconds
[2022-12-21 21:51:36,908] {processor.py:153} INFO - Started process (PID=17907) to work on /home/nayara/Downloads/EngDados/ALURA/api_twitter/venv/lib/python3.9/site-packages/airflow/example_dags/example_short_circuit_operator.py
[2022-12-21 21:51:36,910] {processor.py:641} INFO - Processing file /home/nayara/Downloads/EngDados/ALURA/api_twitter/venv/lib/python3.9/site-packages/airflow/example_dags/example_short_circuit_operator.py for tasks to queue
[2022-12-21 21:51:36,913] {logging_mixin.py:115} INFO - [2022-12-21 21:51:36,912] {dagbag.py:507} INFO - Filling up the DagBag from /home/nayara/Downloads/EngDados/ALURA/api_twitter/venv/lib/python3.9/site-packages/airflow/example_dags/example_short_circuit_operator.py
[2022-12-21 21:51:36,951] {processor.py:651} INFO - DAG(s) dict_keys(['example_short_circuit_operator']) retrieved from /home/nayara/Downloads/EngDados/ALURA/api_twitter/venv/lib/python3.9/site-packages/airflow/example_dags/example_short_circuit_operator.py
[2022-12-21 21:51:36,978] {logging_mixin.py:115} INFO - [2022-12-21 21:51:36,978] {dag.py:2379} INFO - Sync 1 DAGs
[2022-12-21 21:51:37,003] {logging_mixin.py:115} INFO - [2022-12-21 21:51:37,003] {dag.py:2927} INFO - Setting next_dagrun for example_short_circuit_operator to 2022-12-21T00:51:37.002805+00:00, run_after=2022-12-22T00:51:37.002805+00:00
[2022-12-21 21:51:37,308] {processor.py:161} INFO - Processing /home/nayara/Downloads/EngDados/ALURA/api_twitter/venv/lib/python3.9/site-packages/airflow/example_dags/example_short_circuit_operator.py took 0.425 seconds
[2022-12-21 21:52:28,015] {processor.py:153} INFO - Started process (PID=18111) to work on /home/nayara/Downloads/EngDados/ALURA/api_twitter/venv/lib/python3.9/site-packages/airflow/example_dags/example_short_circuit_operator.py
[2022-12-21 21:52:28,017] {processor.py:641} INFO - Processing file /home/nayara/Downloads/EngDados/ALURA/api_twitter/venv/lib/python3.9/site-packages/airflow/example_dags/example_short_circuit_operator.py for tasks to queue
[2022-12-21 21:52:28,018] {logging_mixin.py:115} INFO - [2022-12-21 21:52:28,018] {dagbag.py:507} INFO - Filling up the DagBag from /home/nayara/Downloads/EngDados/ALURA/api_twitter/venv/lib/python3.9/site-packages/airflow/example_dags/example_short_circuit_operator.py
[2022-12-21 21:52:28,035] {processor.py:651} INFO - DAG(s) dict_keys(['example_short_circuit_operator']) retrieved from /home/nayara/Downloads/EngDados/ALURA/api_twitter/venv/lib/python3.9/site-packages/airflow/example_dags/example_short_circuit_operator.py
[2022-12-21 21:52:28,062] {logging_mixin.py:115} INFO - [2022-12-21 21:52:28,061] {dag.py:2379} INFO - Sync 1 DAGs
[2022-12-21 21:52:28,091] {logging_mixin.py:115} INFO - [2022-12-21 21:52:28,091] {dag.py:2927} INFO - Setting next_dagrun for example_short_circuit_operator to 2022-12-21T00:52:28.091430+00:00, run_after=2022-12-22T00:52:28.091430+00:00
[2022-12-21 21:52:28,432] {processor.py:161} INFO - Processing /home/nayara/Downloads/EngDados/ALURA/api_twitter/venv/lib/python3.9/site-packages/airflow/example_dags/example_short_circuit_operator.py took 0.425 seconds
[2022-12-21 21:53:07,624] {processor.py:153} INFO - Started process (PID=18216) to work on /home/nayara/Downloads/EngDados/ALURA/api_twitter/venv/lib/python3.9/site-packages/airflow/example_dags/example_short_circuit_operator.py
[2022-12-21 21:53:07,631] {processor.py:641} INFO - Processing file /home/nayara/Downloads/EngDados/ALURA/api_twitter/venv/lib/python3.9/site-packages/airflow/example_dags/example_short_circuit_operator.py for tasks to queue
[2022-12-21 21:53:07,634] {logging_mixin.py:115} INFO - [2022-12-21 21:53:07,633] {dagbag.py:507} INFO - Filling up the DagBag from /home/nayara/Downloads/EngDados/ALURA/api_twitter/venv/lib/python3.9/site-packages/airflow/example_dags/example_short_circuit_operator.py
[2022-12-21 21:53:07,664] {processor.py:651} INFO - DAG(s) dict_keys(['example_short_circuit_operator']) retrieved from /home/nayara/Downloads/EngDados/ALURA/api_twitter/venv/lib/python3.9/site-packages/airflow/example_dags/example_short_circuit_operator.py
[2022-12-21 21:53:07,699] {logging_mixin.py:115} INFO - [2022-12-21 21:53:07,699] {dag.py:2379} INFO - Sync 1 DAGs
[2022-12-21 21:53:07,734] {logging_mixin.py:115} INFO - [2022-12-21 21:53:07,734] {dag.py:2927} INFO - Setting next_dagrun for example_short_circuit_operator to 2022-12-21T00:53:07.733564+00:00, run_after=2022-12-22T00:53:07.733564+00:00
[2022-12-21 21:53:08,039] {processor.py:161} INFO - Processing /home/nayara/Downloads/EngDados/ALURA/api_twitter/venv/lib/python3.9/site-packages/airflow/example_dags/example_short_circuit_operator.py took 0.431 seconds
[2022-12-21 21:53:59,040] {processor.py:153} INFO - Started process (PID=18353) to work on /home/nayara/Downloads/EngDados/ALURA/api_twitter/venv/lib/python3.9/site-packages/airflow/example_dags/example_short_circuit_operator.py
[2022-12-21 21:53:59,043] {processor.py:641} INFO - Processing file /home/nayara/Downloads/EngDados/ALURA/api_twitter/venv/lib/python3.9/site-packages/airflow/example_dags/example_short_circuit_operator.py for tasks to queue
[2022-12-21 21:53:59,046] {logging_mixin.py:115} INFO - [2022-12-21 21:53:59,046] {dagbag.py:507} INFO - Filling up the DagBag from /home/nayara/Downloads/EngDados/ALURA/api_twitter/venv/lib/python3.9/site-packages/airflow/example_dags/example_short_circuit_operator.py
[2022-12-21 21:53:59,069] {processor.py:651} INFO - DAG(s) dict_keys(['example_short_circuit_operator']) retrieved from /home/nayara/Downloads/EngDados/ALURA/api_twitter/venv/lib/python3.9/site-packages/airflow/example_dags/example_short_circuit_operator.py
[2022-12-21 21:53:59,092] {logging_mixin.py:115} INFO - [2022-12-21 21:53:59,092] {dag.py:2379} INFO - Sync 1 DAGs
[2022-12-21 21:53:59,117] {logging_mixin.py:115} INFO - [2022-12-21 21:53:59,117] {dag.py:2927} INFO - Setting next_dagrun for example_short_circuit_operator to 2022-12-21T00:53:59.116722+00:00, run_after=2022-12-22T00:53:59.116722+00:00
[2022-12-21 21:53:59,386] {processor.py:161} INFO - Processing /home/nayara/Downloads/EngDados/ALURA/api_twitter/venv/lib/python3.9/site-packages/airflow/example_dags/example_short_circuit_operator.py took 0.361 seconds
[2022-12-21 21:54:49,739] {processor.py:153} INFO - Started process (PID=18449) to work on /home/nayara/Downloads/EngDados/ALURA/api_twitter/venv/lib/python3.9/site-packages/airflow/example_dags/example_short_circuit_operator.py
[2022-12-21 21:54:49,740] {processor.py:641} INFO - Processing file /home/nayara/Downloads/EngDados/ALURA/api_twitter/venv/lib/python3.9/site-packages/airflow/example_dags/example_short_circuit_operator.py for tasks to queue
[2022-12-21 21:54:49,740] {logging_mixin.py:115} INFO - [2022-12-21 21:54:49,740] {dagbag.py:507} INFO - Filling up the DagBag from /home/nayara/Downloads/EngDados/ALURA/api_twitter/venv/lib/python3.9/site-packages/airflow/example_dags/example_short_circuit_operator.py
[2022-12-21 21:54:49,753] {processor.py:651} INFO - DAG(s) dict_keys(['example_short_circuit_operator']) retrieved from /home/nayara/Downloads/EngDados/ALURA/api_twitter/venv/lib/python3.9/site-packages/airflow/example_dags/example_short_circuit_operator.py
[2022-12-21 21:54:49,776] {logging_mixin.py:115} INFO - [2022-12-21 21:54:49,776] {dag.py:2379} INFO - Sync 1 DAGs
[2022-12-21 21:54:49,800] {logging_mixin.py:115} INFO - [2022-12-21 21:54:49,800] {dag.py:2927} INFO - Setting next_dagrun for example_short_circuit_operator to 2022-12-21T00:54:49.799753+00:00, run_after=2022-12-22T00:54:49.799753+00:00
[2022-12-21 21:54:50,072] {processor.py:161} INFO - Processing /home/nayara/Downloads/EngDados/ALURA/api_twitter/venv/lib/python3.9/site-packages/airflow/example_dags/example_short_circuit_operator.py took 0.339 seconds
[2022-12-21 21:55:27,484] {processor.py:153} INFO - Started process (PID=18498) to work on /home/nayara/Downloads/EngDados/ALURA/api_twitter/venv/lib/python3.9/site-packages/airflow/example_dags/example_short_circuit_operator.py
[2022-12-21 21:55:27,596] {processor.py:641} INFO - Processing file /home/nayara/Downloads/EngDados/ALURA/api_twitter/venv/lib/python3.9/site-packages/airflow/example_dags/example_short_circuit_operator.py for tasks to queue
[2022-12-21 21:55:27,598] {logging_mixin.py:115} INFO - [2022-12-21 21:55:27,598] {dagbag.py:507} INFO - Filling up the DagBag from /home/nayara/Downloads/EngDados/ALURA/api_twitter/venv/lib/python3.9/site-packages/airflow/example_dags/example_short_circuit_operator.py
[2022-12-21 21:55:27,629] {processor.py:651} INFO - DAG(s) dict_keys(['example_short_circuit_operator']) retrieved from /home/nayara/Downloads/EngDados/ALURA/api_twitter/venv/lib/python3.9/site-packages/airflow/example_dags/example_short_circuit_operator.py
[2022-12-21 21:55:27,653] {logging_mixin.py:115} INFO - [2022-12-21 21:55:27,652] {dag.py:2379} INFO - Sync 1 DAGs
[2022-12-21 21:55:27,675] {logging_mixin.py:115} INFO - [2022-12-21 21:55:27,675] {dag.py:2927} INFO - Setting next_dagrun for example_short_circuit_operator to 2022-12-21T00:55:27.675469+00:00, run_after=2022-12-22T00:55:27.675469+00:00
[2022-12-21 21:55:28,122] {processor.py:161} INFO - Processing /home/nayara/Downloads/EngDados/ALURA/api_twitter/venv/lib/python3.9/site-packages/airflow/example_dags/example_short_circuit_operator.py took 0.643 seconds
