[2022-12-21 21:36:22,951] {processor.py:153} INFO - Started process (PID=15443) to work on /home/nayara/Downloads/EngDados/ALURA/api_twitter/venv/lib/python3.9/site-packages/airflow/example_dags/example_xcomargs.py
[2022-12-21 21:36:22,952] {processor.py:641} INFO - Processing file /home/nayara/Downloads/EngDados/ALURA/api_twitter/venv/lib/python3.9/site-packages/airflow/example_dags/example_xcomargs.py for tasks to queue
[2022-12-21 21:36:22,953] {logging_mixin.py:115} INFO - [2022-12-21 21:36:22,953] {dagbag.py:507} INFO - Filling up the DagBag from /home/nayara/Downloads/EngDados/ALURA/api_twitter/venv/lib/python3.9/site-packages/airflow/example_dags/example_xcomargs.py
[2022-12-21 21:36:24,134] {processor.py:651} INFO - DAG(s) dict_keys(['example_xcom_args', 'example_xcom_args_with_operators']) retrieved from /home/nayara/Downloads/EngDados/ALURA/api_twitter/venv/lib/python3.9/site-packages/airflow/example_dags/example_xcomargs.py
[2022-12-21 21:36:25,640] {logging_mixin.py:115} INFO - [2022-12-21 21:36:25,640] {manager.py:508} INFO - Created Permission View: can read on DAG:example_xcom_args
[2022-12-21 21:36:25,959] {logging_mixin.py:115} INFO - [2022-12-21 21:36:25,959] {manager.py:508} INFO - Created Permission View: can delete on DAG:example_xcom_args
[2022-12-21 21:36:26,422] {logging_mixin.py:115} INFO - [2022-12-21 21:36:26,421] {manager.py:508} INFO - Created Permission View: can edit on DAG:example_xcom_args
[2022-12-21 21:36:27,083] {logging_mixin.py:115} INFO - [2022-12-21 21:36:27,083] {manager.py:508} INFO - Created Permission View: can read on DAG:example_xcom_args_with_operators
[2022-12-21 21:36:27,302] {logging_mixin.py:115} INFO - [2022-12-21 21:36:27,301] {manager.py:508} INFO - Created Permission View: can delete on DAG:example_xcom_args_with_operators
[2022-12-21 21:36:27,716] {logging_mixin.py:115} INFO - [2022-12-21 21:36:27,715] {manager.py:508} INFO - Created Permission View: can edit on DAG:example_xcom_args_with_operators
[2022-12-21 21:36:27,717] {logging_mixin.py:115} INFO - [2022-12-21 21:36:27,716] {dag.py:2379} INFO - Sync 2 DAGs
[2022-12-21 21:36:27,744] {logging_mixin.py:115} INFO - [2022-12-21 21:36:27,743] {dag.py:2398} INFO - Creating ORM DAG for example_xcom_args_with_operators
[2022-12-21 21:36:27,745] {logging_mixin.py:115} INFO - [2022-12-21 21:36:27,745] {dag.py:2398} INFO - Creating ORM DAG for example_xcom_args
[2022-12-21 21:36:27,759] {logging_mixin.py:115} INFO - [2022-12-21 21:36:27,759] {dag.py:2927} INFO - Setting next_dagrun for example_xcom_args to None, run_after=None
[2022-12-21 21:36:27,760] {logging_mixin.py:115} INFO - [2022-12-21 21:36:27,760] {dag.py:2927} INFO - Setting next_dagrun for example_xcom_args_with_operators to None, run_after=None
[2022-12-21 21:36:28,058] {processor.py:161} INFO - Processing /home/nayara/Downloads/EngDados/ALURA/api_twitter/venv/lib/python3.9/site-packages/airflow/example_dags/example_xcomargs.py took 5.112 seconds
[2022-12-21 21:38:22,498] {processor.py:153} INFO - Started process (PID=16178) to work on /home/nayara/Downloads/EngDados/ALURA/api_twitter/venv/lib/python3.9/site-packages/airflow/example_dags/example_xcomargs.py
[2022-12-21 21:38:22,519] {processor.py:641} INFO - Processing file /home/nayara/Downloads/EngDados/ALURA/api_twitter/venv/lib/python3.9/site-packages/airflow/example_dags/example_xcomargs.py for tasks to queue
[2022-12-21 21:38:22,522] {logging_mixin.py:115} INFO - [2022-12-21 21:38:22,522] {dagbag.py:507} INFO - Filling up the DagBag from /home/nayara/Downloads/EngDados/ALURA/api_twitter/venv/lib/python3.9/site-packages/airflow/example_dags/example_xcomargs.py
[2022-12-21 21:38:22,592] {processor.py:651} INFO - DAG(s) dict_keys(['example_xcom_args', 'example_xcom_args_with_operators']) retrieved from /home/nayara/Downloads/EngDados/ALURA/api_twitter/venv/lib/python3.9/site-packages/airflow/example_dags/example_xcomargs.py
[2022-12-21 21:38:22,716] {logging_mixin.py:115} INFO - [2022-12-21 21:38:22,716] {dag.py:2379} INFO - Sync 2 DAGs
[2022-12-21 21:38:22,740] {logging_mixin.py:115} INFO - [2022-12-21 21:38:22,740] {dag.py:2927} INFO - Setting next_dagrun for example_xcom_args to None, run_after=None
[2022-12-21 21:38:22,740] {logging_mixin.py:115} INFO - [2022-12-21 21:38:22,740] {dag.py:2927} INFO - Setting next_dagrun for example_xcom_args_with_operators to None, run_after=None
[2022-12-21 21:38:22,956] {processor.py:161} INFO - Processing /home/nayara/Downloads/EngDados/ALURA/api_twitter/venv/lib/python3.9/site-packages/airflow/example_dags/example_xcomargs.py took 0.472 seconds
[2022-12-21 21:39:15,815] {processor.py:153} INFO - Started process (PID=16247) to work on /home/nayara/Downloads/EngDados/ALURA/api_twitter/venv/lib/python3.9/site-packages/airflow/example_dags/example_xcomargs.py
[2022-12-21 21:39:15,829] {processor.py:641} INFO - Processing file /home/nayara/Downloads/EngDados/ALURA/api_twitter/venv/lib/python3.9/site-packages/airflow/example_dags/example_xcomargs.py for tasks to queue
[2022-12-21 21:39:15,831] {logging_mixin.py:115} INFO - [2022-12-21 21:39:15,831] {dagbag.py:507} INFO - Filling up the DagBag from /home/nayara/Downloads/EngDados/ALURA/api_twitter/venv/lib/python3.9/site-packages/airflow/example_dags/example_xcomargs.py
[2022-12-21 21:39:15,869] {processor.py:651} INFO - DAG(s) dict_keys(['example_xcom_args', 'example_xcom_args_with_operators']) retrieved from /home/nayara/Downloads/EngDados/ALURA/api_twitter/venv/lib/python3.9/site-packages/airflow/example_dags/example_xcomargs.py
[2022-12-21 21:39:15,939] {logging_mixin.py:115} INFO - [2022-12-21 21:39:15,939] {dag.py:2379} INFO - Sync 2 DAGs
[2022-12-21 21:39:15,966] {logging_mixin.py:115} INFO - [2022-12-21 21:39:15,966] {dag.py:2927} INFO - Setting next_dagrun for example_xcom_args to None, run_after=None
[2022-12-21 21:39:15,967] {logging_mixin.py:115} INFO - [2022-12-21 21:39:15,966] {dag.py:2927} INFO - Setting next_dagrun for example_xcom_args_with_operators to None, run_after=None
[2022-12-21 21:39:16,181] {processor.py:161} INFO - Processing /home/nayara/Downloads/EngDados/ALURA/api_twitter/venv/lib/python3.9/site-packages/airflow/example_dags/example_xcomargs.py took 0.383 seconds
[2022-12-21 21:40:05,135] {processor.py:153} INFO - Started process (PID=16315) to work on /home/nayara/Downloads/EngDados/ALURA/api_twitter/venv/lib/python3.9/site-packages/airflow/example_dags/example_xcomargs.py
[2022-12-21 21:40:05,153] {processor.py:641} INFO - Processing file /home/nayara/Downloads/EngDados/ALURA/api_twitter/venv/lib/python3.9/site-packages/airflow/example_dags/example_xcomargs.py for tasks to queue
[2022-12-21 21:40:05,154] {logging_mixin.py:115} INFO - [2022-12-21 21:40:05,154] {dagbag.py:507} INFO - Filling up the DagBag from /home/nayara/Downloads/EngDados/ALURA/api_twitter/venv/lib/python3.9/site-packages/airflow/example_dags/example_xcomargs.py
[2022-12-21 21:40:05,188] {processor.py:651} INFO - DAG(s) dict_keys(['example_xcom_args', 'example_xcom_args_with_operators']) retrieved from /home/nayara/Downloads/EngDados/ALURA/api_twitter/venv/lib/python3.9/site-packages/airflow/example_dags/example_xcomargs.py
[2022-12-21 21:40:05,244] {logging_mixin.py:115} INFO - [2022-12-21 21:40:05,244] {dag.py:2379} INFO - Sync 2 DAGs
[2022-12-21 21:40:05,265] {logging_mixin.py:115} INFO - [2022-12-21 21:40:05,265] {dag.py:2927} INFO - Setting next_dagrun for example_xcom_args to None, run_after=None
[2022-12-21 21:40:05,265] {logging_mixin.py:115} INFO - [2022-12-21 21:40:05,265] {dag.py:2927} INFO - Setting next_dagrun for example_xcom_args_with_operators to None, run_after=None
[2022-12-21 21:40:05,457] {processor.py:161} INFO - Processing /home/nayara/Downloads/EngDados/ALURA/api_twitter/venv/lib/python3.9/site-packages/airflow/example_dags/example_xcomargs.py took 0.334 seconds
[2022-12-21 21:40:44,485] {processor.py:153} INFO - Started process (PID=16392) to work on /home/nayara/Downloads/EngDados/ALURA/api_twitter/venv/lib/python3.9/site-packages/airflow/example_dags/example_xcomargs.py
[2022-12-21 21:40:44,503] {processor.py:641} INFO - Processing file /home/nayara/Downloads/EngDados/ALURA/api_twitter/venv/lib/python3.9/site-packages/airflow/example_dags/example_xcomargs.py for tasks to queue
[2022-12-21 21:40:44,506] {logging_mixin.py:115} INFO - [2022-12-21 21:40:44,505] {dagbag.py:507} INFO - Filling up the DagBag from /home/nayara/Downloads/EngDados/ALURA/api_twitter/venv/lib/python3.9/site-packages/airflow/example_dags/example_xcomargs.py
[2022-12-21 21:40:44,588] {processor.py:651} INFO - DAG(s) dict_keys(['example_xcom_args', 'example_xcom_args_with_operators']) retrieved from /home/nayara/Downloads/EngDados/ALURA/api_twitter/venv/lib/python3.9/site-packages/airflow/example_dags/example_xcomargs.py
[2022-12-21 21:40:44,616] {logging_mixin.py:115} INFO - [2022-12-21 21:40:44,616] {dag.py:2379} INFO - Sync 2 DAGs
[2022-12-21 21:40:44,639] {logging_mixin.py:115} INFO - [2022-12-21 21:40:44,639] {dag.py:2927} INFO - Setting next_dagrun for example_xcom_args to None, run_after=None
[2022-12-21 21:40:44,639] {logging_mixin.py:115} INFO - [2022-12-21 21:40:44,639] {dag.py:2927} INFO - Setting next_dagrun for example_xcom_args_with_operators to None, run_after=None
[2022-12-21 21:40:44,954] {processor.py:161} INFO - Processing /home/nayara/Downloads/EngDados/ALURA/api_twitter/venv/lib/python3.9/site-packages/airflow/example_dags/example_xcomargs.py took 0.486 seconds
[2022-12-21 21:41:35,037] {processor.py:153} INFO - Started process (PID=16489) to work on /home/nayara/Downloads/EngDados/ALURA/api_twitter/venv/lib/python3.9/site-packages/airflow/example_dags/example_xcomargs.py
[2022-12-21 21:41:35,038] {processor.py:641} INFO - Processing file /home/nayara/Downloads/EngDados/ALURA/api_twitter/venv/lib/python3.9/site-packages/airflow/example_dags/example_xcomargs.py for tasks to queue
[2022-12-21 21:41:35,038] {logging_mixin.py:115} INFO - [2022-12-21 21:41:35,038] {dagbag.py:507} INFO - Filling up the DagBag from /home/nayara/Downloads/EngDados/ALURA/api_twitter/venv/lib/python3.9/site-packages/airflow/example_dags/example_xcomargs.py
[2022-12-21 21:41:35,077] {processor.py:651} INFO - DAG(s) dict_keys(['example_xcom_args', 'example_xcom_args_with_operators']) retrieved from /home/nayara/Downloads/EngDados/ALURA/api_twitter/venv/lib/python3.9/site-packages/airflow/example_dags/example_xcomargs.py
[2022-12-21 21:41:35,146] {logging_mixin.py:115} INFO - [2022-12-21 21:41:35,146] {dag.py:2379} INFO - Sync 2 DAGs
[2022-12-21 21:41:35,169] {logging_mixin.py:115} INFO - [2022-12-21 21:41:35,169] {dag.py:2927} INFO - Setting next_dagrun for example_xcom_args to None, run_after=None
[2022-12-21 21:41:35,169] {logging_mixin.py:115} INFO - [2022-12-21 21:41:35,169] {dag.py:2927} INFO - Setting next_dagrun for example_xcom_args_with_operators to None, run_after=None
[2022-12-21 21:41:36,089] {processor.py:161} INFO - Processing /home/nayara/Downloads/EngDados/ALURA/api_twitter/venv/lib/python3.9/site-packages/airflow/example_dags/example_xcomargs.py took 1.056 seconds
[2022-12-21 21:42:25,451] {processor.py:153} INFO - Started process (PID=16574) to work on /home/nayara/Downloads/EngDados/ALURA/api_twitter/venv/lib/python3.9/site-packages/airflow/example_dags/example_xcomargs.py
[2022-12-21 21:42:25,458] {processor.py:641} INFO - Processing file /home/nayara/Downloads/EngDados/ALURA/api_twitter/venv/lib/python3.9/site-packages/airflow/example_dags/example_xcomargs.py for tasks to queue
[2022-12-21 21:42:25,459] {logging_mixin.py:115} INFO - [2022-12-21 21:42:25,458] {dagbag.py:507} INFO - Filling up the DagBag from /home/nayara/Downloads/EngDados/ALURA/api_twitter/venv/lib/python3.9/site-packages/airflow/example_dags/example_xcomargs.py
[2022-12-21 21:42:25,487] {processor.py:651} INFO - DAG(s) dict_keys(['example_xcom_args', 'example_xcom_args_with_operators']) retrieved from /home/nayara/Downloads/EngDados/ALURA/api_twitter/venv/lib/python3.9/site-packages/airflow/example_dags/example_xcomargs.py
[2022-12-21 21:42:25,514] {logging_mixin.py:115} INFO - [2022-12-21 21:42:25,514] {dag.py:2379} INFO - Sync 2 DAGs
[2022-12-21 21:42:25,540] {logging_mixin.py:115} INFO - [2022-12-21 21:42:25,540] {dag.py:2927} INFO - Setting next_dagrun for example_xcom_args to None, run_after=None
[2022-12-21 21:42:25,541] {logging_mixin.py:115} INFO - [2022-12-21 21:42:25,541] {dag.py:2927} INFO - Setting next_dagrun for example_xcom_args_with_operators to None, run_after=None
[2022-12-21 21:42:25,853] {processor.py:161} INFO - Processing /home/nayara/Downloads/EngDados/ALURA/api_twitter/venv/lib/python3.9/site-packages/airflow/example_dags/example_xcomargs.py took 0.406 seconds
[2022-12-21 21:43:06,790] {processor.py:153} INFO - Started process (PID=16617) to work on /home/nayara/Downloads/EngDados/ALURA/api_twitter/venv/lib/python3.9/site-packages/airflow/example_dags/example_xcomargs.py
[2022-12-21 21:43:06,880] {processor.py:641} INFO - Processing file /home/nayara/Downloads/EngDados/ALURA/api_twitter/venv/lib/python3.9/site-packages/airflow/example_dags/example_xcomargs.py for tasks to queue
[2022-12-21 21:43:06,882] {logging_mixin.py:115} INFO - [2022-12-21 21:43:06,882] {dagbag.py:507} INFO - Filling up the DagBag from /home/nayara/Downloads/EngDados/ALURA/api_twitter/venv/lib/python3.9/site-packages/airflow/example_dags/example_xcomargs.py
[2022-12-21 21:43:06,927] {processor.py:651} INFO - DAG(s) dict_keys(['example_xcom_args', 'example_xcom_args_with_operators']) retrieved from /home/nayara/Downloads/EngDados/ALURA/api_twitter/venv/lib/python3.9/site-packages/airflow/example_dags/example_xcomargs.py
[2022-12-21 21:43:07,001] {logging_mixin.py:115} INFO - [2022-12-21 21:43:07,001] {dag.py:2379} INFO - Sync 2 DAGs
[2022-12-21 21:43:07,021] {logging_mixin.py:115} INFO - [2022-12-21 21:43:07,021] {dag.py:2927} INFO - Setting next_dagrun for example_xcom_args to None, run_after=None
[2022-12-21 21:43:07,021] {logging_mixin.py:115} INFO - [2022-12-21 21:43:07,021] {dag.py:2927} INFO - Setting next_dagrun for example_xcom_args_with_operators to None, run_after=None
[2022-12-21 21:43:07,962] {processor.py:161} INFO - Processing /home/nayara/Downloads/EngDados/ALURA/api_twitter/venv/lib/python3.9/site-packages/airflow/example_dags/example_xcomargs.py took 1.180 seconds
[2022-12-21 21:43:54,939] {processor.py:153} INFO - Started process (PID=16693) to work on /home/nayara/Downloads/EngDados/ALURA/api_twitter/venv/lib/python3.9/site-packages/airflow/example_dags/example_xcomargs.py
[2022-12-21 21:43:54,957] {processor.py:641} INFO - Processing file /home/nayara/Downloads/EngDados/ALURA/api_twitter/venv/lib/python3.9/site-packages/airflow/example_dags/example_xcomargs.py for tasks to queue
[2022-12-21 21:43:54,958] {logging_mixin.py:115} INFO - [2022-12-21 21:43:54,958] {dagbag.py:507} INFO - Filling up the DagBag from /home/nayara/Downloads/EngDados/ALURA/api_twitter/venv/lib/python3.9/site-packages/airflow/example_dags/example_xcomargs.py
[2022-12-21 21:43:54,981] {processor.py:651} INFO - DAG(s) dict_keys(['example_xcom_args', 'example_xcom_args_with_operators']) retrieved from /home/nayara/Downloads/EngDados/ALURA/api_twitter/venv/lib/python3.9/site-packages/airflow/example_dags/example_xcomargs.py
[2022-12-21 21:43:55,039] {logging_mixin.py:115} INFO - [2022-12-21 21:43:55,039] {dag.py:2379} INFO - Sync 2 DAGs
[2022-12-21 21:43:55,057] {logging_mixin.py:115} INFO - [2022-12-21 21:43:55,057] {dag.py:2927} INFO - Setting next_dagrun for example_xcom_args to None, run_after=None
[2022-12-21 21:43:55,058] {logging_mixin.py:115} INFO - [2022-12-21 21:43:55,058] {dag.py:2927} INFO - Setting next_dagrun for example_xcom_args_with_operators to None, run_after=None
[2022-12-21 21:43:55,260] {processor.py:161} INFO - Processing /home/nayara/Downloads/EngDados/ALURA/api_twitter/venv/lib/python3.9/site-packages/airflow/example_dags/example_xcomargs.py took 0.324 seconds
[2022-12-21 21:44:40,097] {processor.py:153} INFO - Started process (PID=16744) to work on /home/nayara/Downloads/EngDados/ALURA/api_twitter/venv/lib/python3.9/site-packages/airflow/example_dags/example_xcomargs.py
[2022-12-21 21:44:40,110] {processor.py:641} INFO - Processing file /home/nayara/Downloads/EngDados/ALURA/api_twitter/venv/lib/python3.9/site-packages/airflow/example_dags/example_xcomargs.py for tasks to queue
[2022-12-21 21:44:40,111] {logging_mixin.py:115} INFO - [2022-12-21 21:44:40,111] {dagbag.py:507} INFO - Filling up the DagBag from /home/nayara/Downloads/EngDados/ALURA/api_twitter/venv/lib/python3.9/site-packages/airflow/example_dags/example_xcomargs.py
[2022-12-21 21:44:40,139] {processor.py:651} INFO - DAG(s) dict_keys(['example_xcom_args', 'example_xcom_args_with_operators']) retrieved from /home/nayara/Downloads/EngDados/ALURA/api_twitter/venv/lib/python3.9/site-packages/airflow/example_dags/example_xcomargs.py
[2022-12-21 21:44:40,208] {logging_mixin.py:115} INFO - [2022-12-21 21:44:40,208] {dag.py:2379} INFO - Sync 2 DAGs
[2022-12-21 21:44:40,230] {logging_mixin.py:115} INFO - [2022-12-21 21:44:40,230] {dag.py:2927} INFO - Setting next_dagrun for example_xcom_args to None, run_after=None
[2022-12-21 21:44:40,230] {logging_mixin.py:115} INFO - [2022-12-21 21:44:40,230] {dag.py:2927} INFO - Setting next_dagrun for example_xcom_args_with_operators to None, run_after=None
[2022-12-21 21:44:40,659] {processor.py:161} INFO - Processing /home/nayara/Downloads/EngDados/ALURA/api_twitter/venv/lib/python3.9/site-packages/airflow/example_dags/example_xcomargs.py took 0.570 seconds
[2022-12-21 21:45:20,344] {processor.py:153} INFO - Started process (PID=16819) to work on /home/nayara/Downloads/EngDados/ALURA/api_twitter/venv/lib/python3.9/site-packages/airflow/example_dags/example_xcomargs.py
[2022-12-21 21:45:20,381] {processor.py:641} INFO - Processing file /home/nayara/Downloads/EngDados/ALURA/api_twitter/venv/lib/python3.9/site-packages/airflow/example_dags/example_xcomargs.py for tasks to queue
[2022-12-21 21:45:20,382] {logging_mixin.py:115} INFO - [2022-12-21 21:45:20,382] {dagbag.py:507} INFO - Filling up the DagBag from /home/nayara/Downloads/EngDados/ALURA/api_twitter/venv/lib/python3.9/site-packages/airflow/example_dags/example_xcomargs.py
[2022-12-21 21:45:20,410] {processor.py:651} INFO - DAG(s) dict_keys(['example_xcom_args', 'example_xcom_args_with_operators']) retrieved from /home/nayara/Downloads/EngDados/ALURA/api_twitter/venv/lib/python3.9/site-packages/airflow/example_dags/example_xcomargs.py
[2022-12-21 21:45:20,437] {logging_mixin.py:115} INFO - [2022-12-21 21:45:20,437] {dag.py:2379} INFO - Sync 2 DAGs
[2022-12-21 21:45:20,460] {logging_mixin.py:115} INFO - [2022-12-21 21:45:20,460] {dag.py:2927} INFO - Setting next_dagrun for example_xcom_args to None, run_after=None
[2022-12-21 21:45:20,461] {logging_mixin.py:115} INFO - [2022-12-21 21:45:20,461] {dag.py:2927} INFO - Setting next_dagrun for example_xcom_args_with_operators to None, run_after=None
[2022-12-21 21:45:20,660] {processor.py:161} INFO - Processing /home/nayara/Downloads/EngDados/ALURA/api_twitter/venv/lib/python3.9/site-packages/airflow/example_dags/example_xcomargs.py took 0.331 seconds
[2022-12-21 21:46:00,907] {processor.py:153} INFO - Started process (PID=16916) to work on /home/nayara/Downloads/EngDados/ALURA/api_twitter/venv/lib/python3.9/site-packages/airflow/example_dags/example_xcomargs.py
[2022-12-21 21:46:00,918] {processor.py:641} INFO - Processing file /home/nayara/Downloads/EngDados/ALURA/api_twitter/venv/lib/python3.9/site-packages/airflow/example_dags/example_xcomargs.py for tasks to queue
[2022-12-21 21:46:00,921] {logging_mixin.py:115} INFO - [2022-12-21 21:46:00,920] {dagbag.py:507} INFO - Filling up the DagBag from /home/nayara/Downloads/EngDados/ALURA/api_twitter/venv/lib/python3.9/site-packages/airflow/example_dags/example_xcomargs.py
[2022-12-21 21:46:00,967] {processor.py:651} INFO - DAG(s) dict_keys(['example_xcom_args', 'example_xcom_args_with_operators']) retrieved from /home/nayara/Downloads/EngDados/ALURA/api_twitter/venv/lib/python3.9/site-packages/airflow/example_dags/example_xcomargs.py
[2022-12-21 21:46:00,990] {logging_mixin.py:115} INFO - [2022-12-21 21:46:00,990] {dag.py:2379} INFO - Sync 2 DAGs
[2022-12-21 21:46:01,012] {logging_mixin.py:115} INFO - [2022-12-21 21:46:01,012] {dag.py:2927} INFO - Setting next_dagrun for example_xcom_args to None, run_after=None
[2022-12-21 21:46:01,013] {logging_mixin.py:115} INFO - [2022-12-21 21:46:01,013] {dag.py:2927} INFO - Setting next_dagrun for example_xcom_args_with_operators to None, run_after=None
[2022-12-21 21:46:01,205] {processor.py:161} INFO - Processing /home/nayara/Downloads/EngDados/ALURA/api_twitter/venv/lib/python3.9/site-packages/airflow/example_dags/example_xcomargs.py took 0.314 seconds
[2022-12-21 21:46:38,929] {processor.py:153} INFO - Started process (PID=17231) to work on /home/nayara/Downloads/EngDados/ALURA/api_twitter/venv/lib/python3.9/site-packages/airflow/example_dags/example_xcomargs.py
[2022-12-21 21:46:38,943] {processor.py:641} INFO - Processing file /home/nayara/Downloads/EngDados/ALURA/api_twitter/venv/lib/python3.9/site-packages/airflow/example_dags/example_xcomargs.py for tasks to queue
[2022-12-21 21:46:38,946] {logging_mixin.py:115} INFO - [2022-12-21 21:46:38,945] {dagbag.py:507} INFO - Filling up the DagBag from /home/nayara/Downloads/EngDados/ALURA/api_twitter/venv/lib/python3.9/site-packages/airflow/example_dags/example_xcomargs.py
[2022-12-21 21:46:38,987] {processor.py:651} INFO - DAG(s) dict_keys(['example_xcom_args', 'example_xcom_args_with_operators']) retrieved from /home/nayara/Downloads/EngDados/ALURA/api_twitter/venv/lib/python3.9/site-packages/airflow/example_dags/example_xcomargs.py
[2022-12-21 21:46:39,065] {logging_mixin.py:115} INFO - [2022-12-21 21:46:39,065] {dag.py:2379} INFO - Sync 2 DAGs
[2022-12-21 21:46:39,088] {logging_mixin.py:115} INFO - [2022-12-21 21:46:39,088] {dag.py:2927} INFO - Setting next_dagrun for example_xcom_args to None, run_after=None
[2022-12-21 21:46:39,088] {logging_mixin.py:115} INFO - [2022-12-21 21:46:39,088] {dag.py:2927} INFO - Setting next_dagrun for example_xcom_args_with_operators to None, run_after=None
[2022-12-21 21:46:39,539] {processor.py:161} INFO - Processing /home/nayara/Downloads/EngDados/ALURA/api_twitter/venv/lib/python3.9/site-packages/airflow/example_dags/example_xcomargs.py took 0.631 seconds
[2022-12-21 21:47:30,122] {processor.py:153} INFO - Started process (PID=17382) to work on /home/nayara/Downloads/EngDados/ALURA/api_twitter/venv/lib/python3.9/site-packages/airflow/example_dags/example_xcomargs.py
[2022-12-21 21:47:30,227] {processor.py:641} INFO - Processing file /home/nayara/Downloads/EngDados/ALURA/api_twitter/venv/lib/python3.9/site-packages/airflow/example_dags/example_xcomargs.py for tasks to queue
[2022-12-21 21:47:30,231] {logging_mixin.py:115} INFO - [2022-12-21 21:47:30,230] {dagbag.py:507} INFO - Filling up the DagBag from /home/nayara/Downloads/EngDados/ALURA/api_twitter/venv/lib/python3.9/site-packages/airflow/example_dags/example_xcomargs.py
[2022-12-21 21:47:30,316] {processor.py:651} INFO - DAG(s) dict_keys(['example_xcom_args', 'example_xcom_args_with_operators']) retrieved from /home/nayara/Downloads/EngDados/ALURA/api_twitter/venv/lib/python3.9/site-packages/airflow/example_dags/example_xcomargs.py
[2022-12-21 21:47:30,360] {logging_mixin.py:115} INFO - [2022-12-21 21:47:30,359] {dag.py:2379} INFO - Sync 2 DAGs
[2022-12-21 21:47:30,398] {logging_mixin.py:115} INFO - [2022-12-21 21:47:30,398] {dag.py:2927} INFO - Setting next_dagrun for example_xcom_args to None, run_after=None
[2022-12-21 21:47:30,399] {logging_mixin.py:115} INFO - [2022-12-21 21:47:30,399] {dag.py:2927} INFO - Setting next_dagrun for example_xcom_args_with_operators to None, run_after=None
[2022-12-21 21:47:30,718] {processor.py:161} INFO - Processing /home/nayara/Downloads/EngDados/ALURA/api_twitter/venv/lib/python3.9/site-packages/airflow/example_dags/example_xcomargs.py took 0.607 seconds
[2022-12-21 21:48:12,276] {processor.py:153} INFO - Started process (PID=17444) to work on /home/nayara/Downloads/EngDados/ALURA/api_twitter/venv/lib/python3.9/site-packages/airflow/example_dags/example_xcomargs.py
[2022-12-21 21:48:12,292] {processor.py:641} INFO - Processing file /home/nayara/Downloads/EngDados/ALURA/api_twitter/venv/lib/python3.9/site-packages/airflow/example_dags/example_xcomargs.py for tasks to queue
[2022-12-21 21:48:12,296] {logging_mixin.py:115} INFO - [2022-12-21 21:48:12,295] {dagbag.py:507} INFO - Filling up the DagBag from /home/nayara/Downloads/EngDados/ALURA/api_twitter/venv/lib/python3.9/site-packages/airflow/example_dags/example_xcomargs.py
[2022-12-21 21:48:12,393] {processor.py:651} INFO - DAG(s) dict_keys(['example_xcom_args', 'example_xcom_args_with_operators']) retrieved from /home/nayara/Downloads/EngDados/ALURA/api_twitter/venv/lib/python3.9/site-packages/airflow/example_dags/example_xcomargs.py
[2022-12-21 21:48:12,450] {logging_mixin.py:115} INFO - [2022-12-21 21:48:12,450] {dag.py:2379} INFO - Sync 2 DAGs
[2022-12-21 21:48:12,482] {logging_mixin.py:115} INFO - [2022-12-21 21:48:12,481] {dag.py:2927} INFO - Setting next_dagrun for example_xcom_args to None, run_after=None
[2022-12-21 21:48:12,483] {logging_mixin.py:115} INFO - [2022-12-21 21:48:12,483] {dag.py:2927} INFO - Setting next_dagrun for example_xcom_args_with_operators to None, run_after=None
[2022-12-21 21:48:12,760] {processor.py:161} INFO - Processing /home/nayara/Downloads/EngDados/ALURA/api_twitter/venv/lib/python3.9/site-packages/airflow/example_dags/example_xcomargs.py took 0.503 seconds
[2022-12-21 21:48:54,890] {processor.py:153} INFO - Started process (PID=17499) to work on /home/nayara/Downloads/EngDados/ALURA/api_twitter/venv/lib/python3.9/site-packages/airflow/example_dags/example_xcomargs.py
[2022-12-21 21:48:54,898] {processor.py:641} INFO - Processing file /home/nayara/Downloads/EngDados/ALURA/api_twitter/venv/lib/python3.9/site-packages/airflow/example_dags/example_xcomargs.py for tasks to queue
[2022-12-21 21:48:54,899] {logging_mixin.py:115} INFO - [2022-12-21 21:48:54,899] {dagbag.py:507} INFO - Filling up the DagBag from /home/nayara/Downloads/EngDados/ALURA/api_twitter/venv/lib/python3.9/site-packages/airflow/example_dags/example_xcomargs.py
[2022-12-21 21:48:54,943] {processor.py:651} INFO - DAG(s) dict_keys(['example_xcom_args', 'example_xcom_args_with_operators']) retrieved from /home/nayara/Downloads/EngDados/ALURA/api_twitter/venv/lib/python3.9/site-packages/airflow/example_dags/example_xcomargs.py
[2022-12-21 21:48:55,024] {logging_mixin.py:115} INFO - [2022-12-21 21:48:55,024] {dag.py:2379} INFO - Sync 2 DAGs
[2022-12-21 21:48:55,054] {logging_mixin.py:115} INFO - [2022-12-21 21:48:55,054] {dag.py:2927} INFO - Setting next_dagrun for example_xcom_args to None, run_after=None
[2022-12-21 21:48:55,054] {logging_mixin.py:115} INFO - [2022-12-21 21:48:55,054] {dag.py:2927} INFO - Setting next_dagrun for example_xcom_args_with_operators to None, run_after=None
[2022-12-21 21:48:55,269] {processor.py:161} INFO - Processing /home/nayara/Downloads/EngDados/ALURA/api_twitter/venv/lib/python3.9/site-packages/airflow/example_dags/example_xcomargs.py took 0.401 seconds
[2022-12-21 21:50:01,555] {processor.py:153} INFO - Started process (PID=17620) to work on /home/nayara/Downloads/EngDados/ALURA/api_twitter/venv/lib/python3.9/site-packages/airflow/example_dags/example_xcomargs.py
[2022-12-21 21:50:01,587] {processor.py:641} INFO - Processing file /home/nayara/Downloads/EngDados/ALURA/api_twitter/venv/lib/python3.9/site-packages/airflow/example_dags/example_xcomargs.py for tasks to queue
[2022-12-21 21:50:01,587] {logging_mixin.py:115} INFO - [2022-12-21 21:50:01,587] {dagbag.py:507} INFO - Filling up the DagBag from /home/nayara/Downloads/EngDados/ALURA/api_twitter/venv/lib/python3.9/site-packages/airflow/example_dags/example_xcomargs.py
[2022-12-21 21:50:01,647] {processor.py:651} INFO - DAG(s) dict_keys(['example_xcom_args', 'example_xcom_args_with_operators']) retrieved from /home/nayara/Downloads/EngDados/ALURA/api_twitter/venv/lib/python3.9/site-packages/airflow/example_dags/example_xcomargs.py
[2022-12-21 21:50:01,717] {logging_mixin.py:115} INFO - [2022-12-21 21:50:01,717] {dag.py:2379} INFO - Sync 2 DAGs
[2022-12-21 21:50:01,736] {logging_mixin.py:115} INFO - [2022-12-21 21:50:01,736] {dag.py:2927} INFO - Setting next_dagrun for example_xcom_args to None, run_after=None
[2022-12-21 21:50:01,736] {logging_mixin.py:115} INFO - [2022-12-21 21:50:01,736] {dag.py:2927} INFO - Setting next_dagrun for example_xcom_args_with_operators to None, run_after=None
[2022-12-21 21:50:01,991] {processor.py:161} INFO - Processing /home/nayara/Downloads/EngDados/ALURA/api_twitter/venv/lib/python3.9/site-packages/airflow/example_dags/example_xcomargs.py took 0.440 seconds
[2022-12-21 21:50:41,510] {processor.py:153} INFO - Started process (PID=17790) to work on /home/nayara/Downloads/EngDados/ALURA/api_twitter/venv/lib/python3.9/site-packages/airflow/example_dags/example_xcomargs.py
[2022-12-21 21:50:41,543] {processor.py:641} INFO - Processing file /home/nayara/Downloads/EngDados/ALURA/api_twitter/venv/lib/python3.9/site-packages/airflow/example_dags/example_xcomargs.py for tasks to queue
[2022-12-21 21:50:41,546] {logging_mixin.py:115} INFO - [2022-12-21 21:50:41,545] {dagbag.py:507} INFO - Filling up the DagBag from /home/nayara/Downloads/EngDados/ALURA/api_twitter/venv/lib/python3.9/site-packages/airflow/example_dags/example_xcomargs.py
[2022-12-21 21:50:41,613] {processor.py:651} INFO - DAG(s) dict_keys(['example_xcom_args', 'example_xcom_args_with_operators']) retrieved from /home/nayara/Downloads/EngDados/ALURA/api_twitter/venv/lib/python3.9/site-packages/airflow/example_dags/example_xcomargs.py
[2022-12-21 21:50:41,641] {logging_mixin.py:115} INFO - [2022-12-21 21:50:41,640] {dag.py:2379} INFO - Sync 2 DAGs
[2022-12-21 21:50:41,664] {logging_mixin.py:115} INFO - [2022-12-21 21:50:41,664] {dag.py:2927} INFO - Setting next_dagrun for example_xcom_args to None, run_after=None
[2022-12-21 21:50:41,664] {logging_mixin.py:115} INFO - [2022-12-21 21:50:41,664] {dag.py:2927} INFO - Setting next_dagrun for example_xcom_args_with_operators to None, run_after=None
[2022-12-21 21:50:41,892] {processor.py:161} INFO - Processing /home/nayara/Downloads/EngDados/ALURA/api_twitter/venv/lib/python3.9/site-packages/airflow/example_dags/example_xcomargs.py took 0.397 seconds
[2022-12-21 21:51:21,270] {processor.py:153} INFO - Started process (PID=17876) to work on /home/nayara/Downloads/EngDados/ALURA/api_twitter/venv/lib/python3.9/site-packages/airflow/example_dags/example_xcomargs.py
[2022-12-21 21:51:21,282] {processor.py:641} INFO - Processing file /home/nayara/Downloads/EngDados/ALURA/api_twitter/venv/lib/python3.9/site-packages/airflow/example_dags/example_xcomargs.py for tasks to queue
[2022-12-21 21:51:21,283] {logging_mixin.py:115} INFO - [2022-12-21 21:51:21,283] {dagbag.py:507} INFO - Filling up the DagBag from /home/nayara/Downloads/EngDados/ALURA/api_twitter/venv/lib/python3.9/site-packages/airflow/example_dags/example_xcomargs.py
[2022-12-21 21:51:21,308] {processor.py:651} INFO - DAG(s) dict_keys(['example_xcom_args', 'example_xcom_args_with_operators']) retrieved from /home/nayara/Downloads/EngDados/ALURA/api_twitter/venv/lib/python3.9/site-packages/airflow/example_dags/example_xcomargs.py
[2022-12-21 21:51:21,365] {logging_mixin.py:115} INFO - [2022-12-21 21:51:21,365] {dag.py:2379} INFO - Sync 2 DAGs
[2022-12-21 21:51:21,384] {logging_mixin.py:115} INFO - [2022-12-21 21:51:21,384] {dag.py:2927} INFO - Setting next_dagrun for example_xcom_args to None, run_after=None
[2022-12-21 21:51:21,385] {logging_mixin.py:115} INFO - [2022-12-21 21:51:21,384] {dag.py:2927} INFO - Setting next_dagrun for example_xcom_args_with_operators to None, run_after=None
[2022-12-21 21:51:21,630] {processor.py:161} INFO - Processing /home/nayara/Downloads/EngDados/ALURA/api_twitter/venv/lib/python3.9/site-packages/airflow/example_dags/example_xcomargs.py took 0.363 seconds
[2022-12-21 21:52:06,950] {processor.py:153} INFO - Started process (PID=17966) to work on /home/nayara/Downloads/EngDados/ALURA/api_twitter/venv/lib/python3.9/site-packages/airflow/example_dags/example_xcomargs.py
[2022-12-21 21:52:06,981] {processor.py:641} INFO - Processing file /home/nayara/Downloads/EngDados/ALURA/api_twitter/venv/lib/python3.9/site-packages/airflow/example_dags/example_xcomargs.py for tasks to queue
[2022-12-21 21:52:06,982] {logging_mixin.py:115} INFO - [2022-12-21 21:52:06,981] {dagbag.py:507} INFO - Filling up the DagBag from /home/nayara/Downloads/EngDados/ALURA/api_twitter/venv/lib/python3.9/site-packages/airflow/example_dags/example_xcomargs.py
[2022-12-21 21:52:07,007] {processor.py:651} INFO - DAG(s) dict_keys(['example_xcom_args', 'example_xcom_args_with_operators']) retrieved from /home/nayara/Downloads/EngDados/ALURA/api_twitter/venv/lib/python3.9/site-packages/airflow/example_dags/example_xcomargs.py
[2022-12-21 21:52:07,068] {logging_mixin.py:115} INFO - [2022-12-21 21:52:07,068] {dag.py:2379} INFO - Sync 2 DAGs
[2022-12-21 21:52:07,087] {logging_mixin.py:115} INFO - [2022-12-21 21:52:07,087] {dag.py:2927} INFO - Setting next_dagrun for example_xcom_args to None, run_after=None
[2022-12-21 21:52:07,087] {logging_mixin.py:115} INFO - [2022-12-21 21:52:07,087] {dag.py:2927} INFO - Setting next_dagrun for example_xcom_args_with_operators to None, run_after=None
[2022-12-21 21:52:07,310] {processor.py:161} INFO - Processing /home/nayara/Downloads/EngDados/ALURA/api_twitter/venv/lib/python3.9/site-packages/airflow/example_dags/example_xcomargs.py took 0.365 seconds
[2022-12-21 21:52:48,797] {processor.py:153} INFO - Started process (PID=18186) to work on /home/nayara/Downloads/EngDados/ALURA/api_twitter/venv/lib/python3.9/site-packages/airflow/example_dags/example_xcomargs.py
[2022-12-21 21:52:48,798] {processor.py:641} INFO - Processing file /home/nayara/Downloads/EngDados/ALURA/api_twitter/venv/lib/python3.9/site-packages/airflow/example_dags/example_xcomargs.py for tasks to queue
[2022-12-21 21:52:48,798] {logging_mixin.py:115} INFO - [2022-12-21 21:52:48,798] {dagbag.py:507} INFO - Filling up the DagBag from /home/nayara/Downloads/EngDados/ALURA/api_twitter/venv/lib/python3.9/site-packages/airflow/example_dags/example_xcomargs.py
[2022-12-21 21:52:48,823] {processor.py:651} INFO - DAG(s) dict_keys(['example_xcom_args', 'example_xcom_args_with_operators']) retrieved from /home/nayara/Downloads/EngDados/ALURA/api_twitter/venv/lib/python3.9/site-packages/airflow/example_dags/example_xcomargs.py
[2022-12-21 21:52:48,847] {logging_mixin.py:115} INFO - [2022-12-21 21:52:48,847] {dag.py:2379} INFO - Sync 2 DAGs
[2022-12-21 21:52:48,869] {logging_mixin.py:115} INFO - [2022-12-21 21:52:48,869] {dag.py:2927} INFO - Setting next_dagrun for example_xcom_args to None, run_after=None
[2022-12-21 21:52:48,869] {logging_mixin.py:115} INFO - [2022-12-21 21:52:48,869] {dag.py:2927} INFO - Setting next_dagrun for example_xcom_args_with_operators to None, run_after=None
[2022-12-21 21:52:49,198] {processor.py:161} INFO - Processing /home/nayara/Downloads/EngDados/ALURA/api_twitter/venv/lib/python3.9/site-packages/airflow/example_dags/example_xcomargs.py took 0.406 seconds
[2022-12-21 21:53:24,489] {processor.py:153} INFO - Started process (PID=18232) to work on /home/nayara/Downloads/EngDados/ALURA/api_twitter/venv/lib/python3.9/site-packages/airflow/example_dags/example_xcomargs.py
[2022-12-21 21:53:24,512] {processor.py:641} INFO - Processing file /home/nayara/Downloads/EngDados/ALURA/api_twitter/venv/lib/python3.9/site-packages/airflow/example_dags/example_xcomargs.py for tasks to queue
[2022-12-21 21:53:24,514] {logging_mixin.py:115} INFO - [2022-12-21 21:53:24,514] {dagbag.py:507} INFO - Filling up the DagBag from /home/nayara/Downloads/EngDados/ALURA/api_twitter/venv/lib/python3.9/site-packages/airflow/example_dags/example_xcomargs.py
[2022-12-21 21:53:24,584] {processor.py:651} INFO - DAG(s) dict_keys(['example_xcom_args', 'example_xcom_args_with_operators']) retrieved from /home/nayara/Downloads/EngDados/ALURA/api_twitter/venv/lib/python3.9/site-packages/airflow/example_dags/example_xcomargs.py
[2022-12-21 21:53:24,617] {logging_mixin.py:115} INFO - [2022-12-21 21:53:24,616] {dag.py:2379} INFO - Sync 2 DAGs
[2022-12-21 21:53:24,647] {logging_mixin.py:115} INFO - [2022-12-21 21:53:24,647] {dag.py:2927} INFO - Setting next_dagrun for example_xcom_args to None, run_after=None
[2022-12-21 21:53:24,648] {logging_mixin.py:115} INFO - [2022-12-21 21:53:24,648] {dag.py:2927} INFO - Setting next_dagrun for example_xcom_args_with_operators to None, run_after=None
[2022-12-21 21:53:24,896] {processor.py:161} INFO - Processing /home/nayara/Downloads/EngDados/ALURA/api_twitter/venv/lib/python3.9/site-packages/airflow/example_dags/example_xcomargs.py took 0.416 seconds
[2022-12-21 21:54:11,695] {processor.py:153} INFO - Started process (PID=18375) to work on /home/nayara/Downloads/EngDados/ALURA/api_twitter/venv/lib/python3.9/site-packages/airflow/example_dags/example_xcomargs.py
[2022-12-21 21:54:11,711] {processor.py:641} INFO - Processing file /home/nayara/Downloads/EngDados/ALURA/api_twitter/venv/lib/python3.9/site-packages/airflow/example_dags/example_xcomargs.py for tasks to queue
[2022-12-21 21:54:11,712] {logging_mixin.py:115} INFO - [2022-12-21 21:54:11,712] {dagbag.py:507} INFO - Filling up the DagBag from /home/nayara/Downloads/EngDados/ALURA/api_twitter/venv/lib/python3.9/site-packages/airflow/example_dags/example_xcomargs.py
[2022-12-21 21:54:11,737] {processor.py:651} INFO - DAG(s) dict_keys(['example_xcom_args', 'example_xcom_args_with_operators']) retrieved from /home/nayara/Downloads/EngDados/ALURA/api_twitter/venv/lib/python3.9/site-packages/airflow/example_dags/example_xcomargs.py
[2022-12-21 21:54:11,759] {logging_mixin.py:115} INFO - [2022-12-21 21:54:11,759] {dag.py:2379} INFO - Sync 2 DAGs
[2022-12-21 21:54:11,781] {logging_mixin.py:115} INFO - [2022-12-21 21:54:11,780] {dag.py:2927} INFO - Setting next_dagrun for example_xcom_args to None, run_after=None
[2022-12-21 21:54:11,781] {logging_mixin.py:115} INFO - [2022-12-21 21:54:11,781] {dag.py:2927} INFO - Setting next_dagrun for example_xcom_args_with_operators to None, run_after=None
[2022-12-21 21:54:11,969] {processor.py:161} INFO - Processing /home/nayara/Downloads/EngDados/ALURA/api_twitter/venv/lib/python3.9/site-packages/airflow/example_dags/example_xcomargs.py took 0.280 seconds
[2022-12-21 21:54:44,772] {processor.py:153} INFO - Started process (PID=18444) to work on /home/nayara/Downloads/EngDados/ALURA/api_twitter/venv/lib/python3.9/site-packages/airflow/example_dags/example_xcomargs.py
[2022-12-21 21:54:44,828] {processor.py:641} INFO - Processing file /home/nayara/Downloads/EngDados/ALURA/api_twitter/venv/lib/python3.9/site-packages/airflow/example_dags/example_xcomargs.py for tasks to queue
[2022-12-21 21:54:44,831] {logging_mixin.py:115} INFO - [2022-12-21 21:54:44,830] {dagbag.py:507} INFO - Filling up the DagBag from /home/nayara/Downloads/EngDados/ALURA/api_twitter/venv/lib/python3.9/site-packages/airflow/example_dags/example_xcomargs.py
[2022-12-21 21:54:44,940] {processor.py:651} INFO - DAG(s) dict_keys(['example_xcom_args', 'example_xcom_args_with_operators']) retrieved from /home/nayara/Downloads/EngDados/ALURA/api_twitter/venv/lib/python3.9/site-packages/airflow/example_dags/example_xcomargs.py
[2022-12-21 21:54:44,975] {logging_mixin.py:115} INFO - [2022-12-21 21:54:44,975] {dag.py:2379} INFO - Sync 2 DAGs
[2022-12-21 21:54:45,007] {logging_mixin.py:115} INFO - [2022-12-21 21:54:45,007] {dag.py:2927} INFO - Setting next_dagrun for example_xcom_args to None, run_after=None
[2022-12-21 21:54:45,008] {logging_mixin.py:115} INFO - [2022-12-21 21:54:45,008] {dag.py:2927} INFO - Setting next_dagrun for example_xcom_args_with_operators to None, run_after=None
[2022-12-21 21:54:45,818] {processor.py:161} INFO - Processing /home/nayara/Downloads/EngDados/ALURA/api_twitter/venv/lib/python3.9/site-packages/airflow/example_dags/example_xcomargs.py took 1.049 seconds
[2022-12-21 21:55:23,749] {processor.py:153} INFO - Started process (PID=18495) to work on /home/nayara/Downloads/EngDados/ALURA/api_twitter/venv/lib/python3.9/site-packages/airflow/example_dags/example_xcomargs.py
[2022-12-21 21:55:23,756] {processor.py:641} INFO - Processing file /home/nayara/Downloads/EngDados/ALURA/api_twitter/venv/lib/python3.9/site-packages/airflow/example_dags/example_xcomargs.py for tasks to queue
[2022-12-21 21:55:23,757] {logging_mixin.py:115} INFO - [2022-12-21 21:55:23,757] {dagbag.py:507} INFO - Filling up the DagBag from /home/nayara/Downloads/EngDados/ALURA/api_twitter/venv/lib/python3.9/site-packages/airflow/example_dags/example_xcomargs.py
[2022-12-21 21:55:23,785] {processor.py:651} INFO - DAG(s) dict_keys(['example_xcom_args', 'example_xcom_args_with_operators']) retrieved from /home/nayara/Downloads/EngDados/ALURA/api_twitter/venv/lib/python3.9/site-packages/airflow/example_dags/example_xcomargs.py
[2022-12-21 21:55:23,808] {logging_mixin.py:115} INFO - [2022-12-21 21:55:23,808] {dag.py:2379} INFO - Sync 2 DAGs
[2022-12-21 21:55:23,829] {logging_mixin.py:115} INFO - [2022-12-21 21:55:23,829] {dag.py:2927} INFO - Setting next_dagrun for example_xcom_args to None, run_after=None
[2022-12-21 21:55:23,830] {logging_mixin.py:115} INFO - [2022-12-21 21:55:23,830] {dag.py:2927} INFO - Setting next_dagrun for example_xcom_args_with_operators to None, run_after=None
[2022-12-21 21:55:24,072] {processor.py:161} INFO - Processing /home/nayara/Downloads/EngDados/ALURA/api_twitter/venv/lib/python3.9/site-packages/airflow/example_dags/example_xcomargs.py took 0.335 seconds
