[2022-12-21 21:37:35,258] {processor.py:153} INFO - Started process (PID=16138) to work on /home/nayara/Downloads/EngDados/ALURA/api_twitter/venv/lib/python3.9/site-packages/airflow/example_dags/example_branch_labels.py
[2022-12-21 21:37:35,259] {processor.py:641} INFO - Processing file /home/nayara/Downloads/EngDados/ALURA/api_twitter/venv/lib/python3.9/site-packages/airflow/example_dags/example_branch_labels.py for tasks to queue
[2022-12-21 21:37:35,261] {logging_mixin.py:115} INFO - [2022-12-21 21:37:35,260] {dagbag.py:507} INFO - Filling up the DagBag from /home/nayara/Downloads/EngDados/ALURA/api_twitter/venv/lib/python3.9/site-packages/airflow/example_dags/example_branch_labels.py
[2022-12-21 21:37:35,273] {processor.py:651} INFO - DAG(s) dict_keys(['example_branch_labels']) retrieved from /home/nayara/Downloads/EngDados/ALURA/api_twitter/venv/lib/python3.9/site-packages/airflow/example_dags/example_branch_labels.py
[2022-12-21 21:37:35,827] {logging_mixin.py:115} INFO - [2022-12-21 21:37:35,826] {manager.py:508} INFO - Created Permission View: can read on DAG:example_branch_labels
[2022-12-21 21:37:36,090] {logging_mixin.py:115} INFO - [2022-12-21 21:37:36,089] {manager.py:508} INFO - Created Permission View: can delete on DAG:example_branch_labels
[2022-12-21 21:37:36,330] {logging_mixin.py:115} INFO - [2022-12-21 21:37:36,329] {manager.py:508} INFO - Created Permission View: can edit on DAG:example_branch_labels
[2022-12-21 21:37:36,331] {logging_mixin.py:115} INFO - [2022-12-21 21:37:36,330] {dag.py:2379} INFO - Sync 1 DAGs
[2022-12-21 21:37:36,426] {logging_mixin.py:115} INFO - [2022-12-21 21:37:36,424] {dag.py:2398} INFO - Creating ORM DAG for example_branch_labels
[2022-12-21 21:37:36,458] {logging_mixin.py:115} INFO - [2022-12-21 21:37:36,458] {dag.py:2927} INFO - Setting next_dagrun for example_branch_labels to 2022-12-21T00:00:00+00:00, run_after=2022-12-22T00:00:00+00:00
[2022-12-21 21:37:37,079] {processor.py:161} INFO - Processing /home/nayara/Downloads/EngDados/ALURA/api_twitter/venv/lib/python3.9/site-packages/airflow/example_dags/example_branch_labels.py took 1.831 seconds
[2022-12-21 21:39:01,687] {processor.py:153} INFO - Started process (PID=16225) to work on /home/nayara/Downloads/EngDados/ALURA/api_twitter/venv/lib/python3.9/site-packages/airflow/example_dags/example_branch_labels.py
[2022-12-21 21:39:01,776] {processor.py:641} INFO - Processing file /home/nayara/Downloads/EngDados/ALURA/api_twitter/venv/lib/python3.9/site-packages/airflow/example_dags/example_branch_labels.py for tasks to queue
[2022-12-21 21:39:01,779] {logging_mixin.py:115} INFO - [2022-12-21 21:39:01,778] {dagbag.py:507} INFO - Filling up the DagBag from /home/nayara/Downloads/EngDados/ALURA/api_twitter/venv/lib/python3.9/site-packages/airflow/example_dags/example_branch_labels.py
[2022-12-21 21:39:01,862] {processor.py:651} INFO - DAG(s) dict_keys(['example_branch_labels']) retrieved from /home/nayara/Downloads/EngDados/ALURA/api_twitter/venv/lib/python3.9/site-packages/airflow/example_dags/example_branch_labels.py
[2022-12-21 21:39:01,932] {logging_mixin.py:115} INFO - [2022-12-21 21:39:01,932] {dag.py:2379} INFO - Sync 1 DAGs
[2022-12-21 21:39:01,963] {logging_mixin.py:115} INFO - [2022-12-21 21:39:01,962] {dag.py:2927} INFO - Setting next_dagrun for example_branch_labels to 2022-12-21T00:00:00+00:00, run_after=2022-12-22T00:00:00+00:00
[2022-12-21 21:39:02,374] {processor.py:161} INFO - Processing /home/nayara/Downloads/EngDados/ALURA/api_twitter/venv/lib/python3.9/site-packages/airflow/example_dags/example_branch_labels.py took 0.698 seconds
[2022-12-21 21:39:54,581] {processor.py:153} INFO - Started process (PID=16306) to work on /home/nayara/Downloads/EngDados/ALURA/api_twitter/venv/lib/python3.9/site-packages/airflow/example_dags/example_branch_labels.py
[2022-12-21 21:39:54,583] {processor.py:641} INFO - Processing file /home/nayara/Downloads/EngDados/ALURA/api_twitter/venv/lib/python3.9/site-packages/airflow/example_dags/example_branch_labels.py for tasks to queue
[2022-12-21 21:39:54,584] {logging_mixin.py:115} INFO - [2022-12-21 21:39:54,584] {dagbag.py:507} INFO - Filling up the DagBag from /home/nayara/Downloads/EngDados/ALURA/api_twitter/venv/lib/python3.9/site-packages/airflow/example_dags/example_branch_labels.py
[2022-12-21 21:39:54,596] {processor.py:651} INFO - DAG(s) dict_keys(['example_branch_labels']) retrieved from /home/nayara/Downloads/EngDados/ALURA/api_twitter/venv/lib/python3.9/site-packages/airflow/example_dags/example_branch_labels.py
[2022-12-21 21:39:54,617] {logging_mixin.py:115} INFO - [2022-12-21 21:39:54,617] {dag.py:2379} INFO - Sync 1 DAGs
[2022-12-21 21:39:54,640] {logging_mixin.py:115} INFO - [2022-12-21 21:39:54,640] {dag.py:2927} INFO - Setting next_dagrun for example_branch_labels to 2022-12-21T00:00:00+00:00, run_after=2022-12-22T00:00:00+00:00
[2022-12-21 21:39:54,832] {processor.py:161} INFO - Processing /home/nayara/Downloads/EngDados/ALURA/api_twitter/venv/lib/python3.9/site-packages/airflow/example_dags/example_branch_labels.py took 0.263 seconds
[2022-12-21 21:40:54,635] {processor.py:153} INFO - Started process (PID=16398) to work on /home/nayara/Downloads/EngDados/ALURA/api_twitter/venv/lib/python3.9/site-packages/airflow/example_dags/example_branch_labels.py
[2022-12-21 21:40:54,662] {processor.py:641} INFO - Processing file /home/nayara/Downloads/EngDados/ALURA/api_twitter/venv/lib/python3.9/site-packages/airflow/example_dags/example_branch_labels.py for tasks to queue
[2022-12-21 21:40:54,663] {logging_mixin.py:115} INFO - [2022-12-21 21:40:54,663] {dagbag.py:507} INFO - Filling up the DagBag from /home/nayara/Downloads/EngDados/ALURA/api_twitter/venv/lib/python3.9/site-packages/airflow/example_dags/example_branch_labels.py
[2022-12-21 21:40:54,672] {processor.py:651} INFO - DAG(s) dict_keys(['example_branch_labels']) retrieved from /home/nayara/Downloads/EngDados/ALURA/api_twitter/venv/lib/python3.9/site-packages/airflow/example_dags/example_branch_labels.py
[2022-12-21 21:40:54,701] {logging_mixin.py:115} INFO - [2022-12-21 21:40:54,700] {dag.py:2379} INFO - Sync 1 DAGs
[2022-12-21 21:40:54,736] {logging_mixin.py:115} INFO - [2022-12-21 21:40:54,736] {dag.py:2927} INFO - Setting next_dagrun for example_branch_labels to 2022-12-21T00:00:00+00:00, run_after=2022-12-22T00:00:00+00:00
[2022-12-21 21:40:55,006] {processor.py:161} INFO - Processing /home/nayara/Downloads/EngDados/ALURA/api_twitter/venv/lib/python3.9/site-packages/airflow/example_dags/example_branch_labels.py took 0.381 seconds
[2022-12-21 21:41:47,511] {processor.py:153} INFO - Started process (PID=16516) to work on /home/nayara/Downloads/EngDados/ALURA/api_twitter/venv/lib/python3.9/site-packages/airflow/example_dags/example_branch_labels.py
[2022-12-21 21:41:47,525] {processor.py:641} INFO - Processing file /home/nayara/Downloads/EngDados/ALURA/api_twitter/venv/lib/python3.9/site-packages/airflow/example_dags/example_branch_labels.py for tasks to queue
[2022-12-21 21:41:47,525] {logging_mixin.py:115} INFO - [2022-12-21 21:41:47,525] {dagbag.py:507} INFO - Filling up the DagBag from /home/nayara/Downloads/EngDados/ALURA/api_twitter/venv/lib/python3.9/site-packages/airflow/example_dags/example_branch_labels.py
[2022-12-21 21:41:47,534] {processor.py:651} INFO - DAG(s) dict_keys(['example_branch_labels']) retrieved from /home/nayara/Downloads/EngDados/ALURA/api_twitter/venv/lib/python3.9/site-packages/airflow/example_dags/example_branch_labels.py
[2022-12-21 21:41:47,561] {logging_mixin.py:115} INFO - [2022-12-21 21:41:47,561] {dag.py:2379} INFO - Sync 1 DAGs
[2022-12-21 21:41:47,590] {logging_mixin.py:115} INFO - [2022-12-21 21:41:47,590] {dag.py:2927} INFO - Setting next_dagrun for example_branch_labels to 2022-12-21T00:00:00+00:00, run_after=2022-12-22T00:00:00+00:00
[2022-12-21 21:41:48,051] {processor.py:161} INFO - Processing /home/nayara/Downloads/EngDados/ALURA/api_twitter/venv/lib/python3.9/site-packages/airflow/example_dags/example_branch_labels.py took 0.545 seconds
[2022-12-21 21:42:37,264] {processor.py:153} INFO - Started process (PID=16583) to work on /home/nayara/Downloads/EngDados/ALURA/api_twitter/venv/lib/python3.9/site-packages/airflow/example_dags/example_branch_labels.py
[2022-12-21 21:42:37,275] {processor.py:641} INFO - Processing file /home/nayara/Downloads/EngDados/ALURA/api_twitter/venv/lib/python3.9/site-packages/airflow/example_dags/example_branch_labels.py for tasks to queue
[2022-12-21 21:42:37,276] {logging_mixin.py:115} INFO - [2022-12-21 21:42:37,276] {dagbag.py:507} INFO - Filling up the DagBag from /home/nayara/Downloads/EngDados/ALURA/api_twitter/venv/lib/python3.9/site-packages/airflow/example_dags/example_branch_labels.py
[2022-12-21 21:42:37,284] {processor.py:651} INFO - DAG(s) dict_keys(['example_branch_labels']) retrieved from /home/nayara/Downloads/EngDados/ALURA/api_twitter/venv/lib/python3.9/site-packages/airflow/example_dags/example_branch_labels.py
[2022-12-21 21:42:37,310] {logging_mixin.py:115} INFO - [2022-12-21 21:42:37,310] {dag.py:2379} INFO - Sync 1 DAGs
[2022-12-21 21:42:37,338] {logging_mixin.py:115} INFO - [2022-12-21 21:42:37,338] {dag.py:2927} INFO - Setting next_dagrun for example_branch_labels to 2022-12-21T00:00:00+00:00, run_after=2022-12-22T00:00:00+00:00
[2022-12-21 21:42:37,712] {processor.py:161} INFO - Processing /home/nayara/Downloads/EngDados/ALURA/api_twitter/venv/lib/python3.9/site-packages/airflow/example_dags/example_branch_labels.py took 0.460 seconds
[2022-12-21 21:43:42,793] {processor.py:153} INFO - Started process (PID=16684) to work on /home/nayara/Downloads/EngDados/ALURA/api_twitter/venv/lib/python3.9/site-packages/airflow/example_dags/example_branch_labels.py
[2022-12-21 21:43:42,820] {processor.py:641} INFO - Processing file /home/nayara/Downloads/EngDados/ALURA/api_twitter/venv/lib/python3.9/site-packages/airflow/example_dags/example_branch_labels.py for tasks to queue
[2022-12-21 21:43:42,821] {logging_mixin.py:115} INFO - [2022-12-21 21:43:42,821] {dagbag.py:507} INFO - Filling up the DagBag from /home/nayara/Downloads/EngDados/ALURA/api_twitter/venv/lib/python3.9/site-packages/airflow/example_dags/example_branch_labels.py
[2022-12-21 21:43:42,831] {processor.py:651} INFO - DAG(s) dict_keys(['example_branch_labels']) retrieved from /home/nayara/Downloads/EngDados/ALURA/api_twitter/venv/lib/python3.9/site-packages/airflow/example_dags/example_branch_labels.py
[2022-12-21 21:43:42,851] {logging_mixin.py:115} INFO - [2022-12-21 21:43:42,851] {dag.py:2379} INFO - Sync 1 DAGs
[2022-12-21 21:43:42,876] {logging_mixin.py:115} INFO - [2022-12-21 21:43:42,876] {dag.py:2927} INFO - Setting next_dagrun for example_branch_labels to 2022-12-21T00:00:00+00:00, run_after=2022-12-22T00:00:00+00:00
[2022-12-21 21:43:43,115] {processor.py:161} INFO - Processing /home/nayara/Downloads/EngDados/ALURA/api_twitter/venv/lib/python3.9/site-packages/airflow/example_dags/example_branch_labels.py took 0.330 seconds
[2022-12-21 21:44:31,206] {processor.py:153} INFO - Started process (PID=16725) to work on /home/nayara/Downloads/EngDados/ALURA/api_twitter/venv/lib/python3.9/site-packages/airflow/example_dags/example_branch_labels.py
[2022-12-21 21:44:31,207] {processor.py:641} INFO - Processing file /home/nayara/Downloads/EngDados/ALURA/api_twitter/venv/lib/python3.9/site-packages/airflow/example_dags/example_branch_labels.py for tasks to queue
[2022-12-21 21:44:31,207] {logging_mixin.py:115} INFO - [2022-12-21 21:44:31,207] {dagbag.py:507} INFO - Filling up the DagBag from /home/nayara/Downloads/EngDados/ALURA/api_twitter/venv/lib/python3.9/site-packages/airflow/example_dags/example_branch_labels.py
[2022-12-21 21:44:31,214] {processor.py:651} INFO - DAG(s) dict_keys(['example_branch_labels']) retrieved from /home/nayara/Downloads/EngDados/ALURA/api_twitter/venv/lib/python3.9/site-packages/airflow/example_dags/example_branch_labels.py
[2022-12-21 21:44:31,235] {logging_mixin.py:115} INFO - [2022-12-21 21:44:31,235] {dag.py:2379} INFO - Sync 1 DAGs
[2022-12-21 21:44:31,259] {logging_mixin.py:115} INFO - [2022-12-21 21:44:31,258] {dag.py:2927} INFO - Setting next_dagrun for example_branch_labels to 2022-12-21T00:00:00+00:00, run_after=2022-12-22T00:00:00+00:00
[2022-12-21 21:44:31,445] {processor.py:161} INFO - Processing /home/nayara/Downloads/EngDados/ALURA/api_twitter/venv/lib/python3.9/site-packages/airflow/example_dags/example_branch_labels.py took 0.243 seconds
[2022-12-21 21:45:32,077] {processor.py:153} INFO - Started process (PID=16830) to work on /home/nayara/Downloads/EngDados/ALURA/api_twitter/venv/lib/python3.9/site-packages/airflow/example_dags/example_branch_labels.py
[2022-12-21 21:45:32,095] {processor.py:641} INFO - Processing file /home/nayara/Downloads/EngDados/ALURA/api_twitter/venv/lib/python3.9/site-packages/airflow/example_dags/example_branch_labels.py for tasks to queue
[2022-12-21 21:45:32,095] {logging_mixin.py:115} INFO - [2022-12-21 21:45:32,095] {dagbag.py:507} INFO - Filling up the DagBag from /home/nayara/Downloads/EngDados/ALURA/api_twitter/venv/lib/python3.9/site-packages/airflow/example_dags/example_branch_labels.py
[2022-12-21 21:45:32,109] {processor.py:651} INFO - DAG(s) dict_keys(['example_branch_labels']) retrieved from /home/nayara/Downloads/EngDados/ALURA/api_twitter/venv/lib/python3.9/site-packages/airflow/example_dags/example_branch_labels.py
[2022-12-21 21:45:32,139] {logging_mixin.py:115} INFO - [2022-12-21 21:45:32,139] {dag.py:2379} INFO - Sync 1 DAGs
[2022-12-21 21:45:32,171] {logging_mixin.py:115} INFO - [2022-12-21 21:45:32,171] {dag.py:2927} INFO - Setting next_dagrun for example_branch_labels to 2022-12-21T00:00:00+00:00, run_after=2022-12-22T00:00:00+00:00
[2022-12-21 21:45:32,400] {processor.py:161} INFO - Processing /home/nayara/Downloads/EngDados/ALURA/api_twitter/venv/lib/python3.9/site-packages/airflow/example_dags/example_branch_labels.py took 0.328 seconds
[2022-12-21 21:46:31,318] {processor.py:153} INFO - Started process (PID=17220) to work on /home/nayara/Downloads/EngDados/ALURA/api_twitter/venv/lib/python3.9/site-packages/airflow/example_dags/example_branch_labels.py
[2022-12-21 21:46:31,362] {processor.py:641} INFO - Processing file /home/nayara/Downloads/EngDados/ALURA/api_twitter/venv/lib/python3.9/site-packages/airflow/example_dags/example_branch_labels.py for tasks to queue
[2022-12-21 21:46:31,364] {logging_mixin.py:115} INFO - [2022-12-21 21:46:31,363] {dagbag.py:507} INFO - Filling up the DagBag from /home/nayara/Downloads/EngDados/ALURA/api_twitter/venv/lib/python3.9/site-packages/airflow/example_dags/example_branch_labels.py
[2022-12-21 21:46:31,380] {processor.py:651} INFO - DAG(s) dict_keys(['example_branch_labels']) retrieved from /home/nayara/Downloads/EngDados/ALURA/api_twitter/venv/lib/python3.9/site-packages/airflow/example_dags/example_branch_labels.py
[2022-12-21 21:46:31,425] {logging_mixin.py:115} INFO - [2022-12-21 21:46:31,425] {dag.py:2379} INFO - Sync 1 DAGs
[2022-12-21 21:46:31,470] {logging_mixin.py:115} INFO - [2022-12-21 21:46:31,470] {dag.py:2927} INFO - Setting next_dagrun for example_branch_labels to 2022-12-21T00:00:00+00:00, run_after=2022-12-22T00:00:00+00:00
[2022-12-21 21:46:32,026] {processor.py:161} INFO - Processing /home/nayara/Downloads/EngDados/ALURA/api_twitter/venv/lib/python3.9/site-packages/airflow/example_dags/example_branch_labels.py took 0.717 seconds
[2022-12-21 21:47:19,108] {processor.py:153} INFO - Started process (PID=17318) to work on /home/nayara/Downloads/EngDados/ALURA/api_twitter/venv/lib/python3.9/site-packages/airflow/example_dags/example_branch_labels.py
[2022-12-21 21:47:19,171] {processor.py:641} INFO - Processing file /home/nayara/Downloads/EngDados/ALURA/api_twitter/venv/lib/python3.9/site-packages/airflow/example_dags/example_branch_labels.py for tasks to queue
[2022-12-21 21:47:19,173] {logging_mixin.py:115} INFO - [2022-12-21 21:47:19,173] {dagbag.py:507} INFO - Filling up the DagBag from /home/nayara/Downloads/EngDados/ALURA/api_twitter/venv/lib/python3.9/site-packages/airflow/example_dags/example_branch_labels.py
[2022-12-21 21:47:19,190] {processor.py:651} INFO - DAG(s) dict_keys(['example_branch_labels']) retrieved from /home/nayara/Downloads/EngDados/ALURA/api_twitter/venv/lib/python3.9/site-packages/airflow/example_dags/example_branch_labels.py
[2022-12-21 21:47:19,232] {logging_mixin.py:115} INFO - [2022-12-21 21:47:19,232] {dag.py:2379} INFO - Sync 1 DAGs
[2022-12-21 21:47:19,256] {logging_mixin.py:115} INFO - [2022-12-21 21:47:19,256] {dag.py:2927} INFO - Setting next_dagrun for example_branch_labels to 2022-12-21T00:00:00+00:00, run_after=2022-12-22T00:00:00+00:00
[2022-12-21 21:47:19,488] {processor.py:161} INFO - Processing /home/nayara/Downloads/EngDados/ALURA/api_twitter/venv/lib/python3.9/site-packages/airflow/example_dags/example_branch_labels.py took 0.393 seconds
[2022-12-21 21:48:06,144] {processor.py:153} INFO - Started process (PID=17436) to work on /home/nayara/Downloads/EngDados/ALURA/api_twitter/venv/lib/python3.9/site-packages/airflow/example_dags/example_branch_labels.py
[2022-12-21 21:48:06,194] {processor.py:641} INFO - Processing file /home/nayara/Downloads/EngDados/ALURA/api_twitter/venv/lib/python3.9/site-packages/airflow/example_dags/example_branch_labels.py for tasks to queue
[2022-12-21 21:48:06,198] {logging_mixin.py:115} INFO - [2022-12-21 21:48:06,197] {dagbag.py:507} INFO - Filling up the DagBag from /home/nayara/Downloads/EngDados/ALURA/api_twitter/venv/lib/python3.9/site-packages/airflow/example_dags/example_branch_labels.py
[2022-12-21 21:48:06,230] {processor.py:651} INFO - DAG(s) dict_keys(['example_branch_labels']) retrieved from /home/nayara/Downloads/EngDados/ALURA/api_twitter/venv/lib/python3.9/site-packages/airflow/example_dags/example_branch_labels.py
[2022-12-21 21:48:06,257] {logging_mixin.py:115} INFO - [2022-12-21 21:48:06,257] {dag.py:2379} INFO - Sync 1 DAGs
[2022-12-21 21:48:06,286] {logging_mixin.py:115} INFO - [2022-12-21 21:48:06,286] {dag.py:2927} INFO - Setting next_dagrun for example_branch_labels to 2022-12-21T00:00:00+00:00, run_after=2022-12-22T00:00:00+00:00
[2022-12-21 21:48:06,848] {processor.py:161} INFO - Processing /home/nayara/Downloads/EngDados/ALURA/api_twitter/venv/lib/python3.9/site-packages/airflow/example_dags/example_branch_labels.py took 0.718 seconds
[2022-12-21 21:49:18,212] {processor.py:153} INFO - Started process (PID=17515) to work on /home/nayara/Downloads/EngDados/ALURA/api_twitter/venv/lib/python3.9/site-packages/airflow/example_dags/example_branch_labels.py
[2022-12-21 21:49:18,219] {processor.py:641} INFO - Processing file /home/nayara/Downloads/EngDados/ALURA/api_twitter/venv/lib/python3.9/site-packages/airflow/example_dags/example_branch_labels.py for tasks to queue
[2022-12-21 21:49:18,220] {logging_mixin.py:115} INFO - [2022-12-21 21:49:18,220] {dagbag.py:507} INFO - Filling up the DagBag from /home/nayara/Downloads/EngDados/ALURA/api_twitter/venv/lib/python3.9/site-packages/airflow/example_dags/example_branch_labels.py
[2022-12-21 21:49:18,271] {processor.py:651} INFO - DAG(s) dict_keys(['example_branch_labels']) retrieved from /home/nayara/Downloads/EngDados/ALURA/api_twitter/venv/lib/python3.9/site-packages/airflow/example_dags/example_branch_labels.py
[2022-12-21 21:49:18,299] {logging_mixin.py:115} INFO - [2022-12-21 21:49:18,299] {dag.py:2379} INFO - Sync 1 DAGs
[2022-12-21 21:49:18,323] {logging_mixin.py:115} INFO - [2022-12-21 21:49:18,323] {dag.py:2927} INFO - Setting next_dagrun for example_branch_labels to 2022-12-21T00:00:00+00:00, run_after=2022-12-22T00:00:00+00:00
[2022-12-21 21:49:18,615] {processor.py:161} INFO - Processing /home/nayara/Downloads/EngDados/ALURA/api_twitter/venv/lib/python3.9/site-packages/airflow/example_dags/example_branch_labels.py took 0.409 seconds
[2022-12-21 21:50:13,302] {processor.py:153} INFO - Started process (PID=17681) to work on /home/nayara/Downloads/EngDados/ALURA/api_twitter/venv/lib/python3.9/site-packages/airflow/example_dags/example_branch_labels.py
[2022-12-21 21:50:13,322] {processor.py:641} INFO - Processing file /home/nayara/Downloads/EngDados/ALURA/api_twitter/venv/lib/python3.9/site-packages/airflow/example_dags/example_branch_labels.py for tasks to queue
[2022-12-21 21:50:13,324] {logging_mixin.py:115} INFO - [2022-12-21 21:50:13,324] {dagbag.py:507} INFO - Filling up the DagBag from /home/nayara/Downloads/EngDados/ALURA/api_twitter/venv/lib/python3.9/site-packages/airflow/example_dags/example_branch_labels.py
[2022-12-21 21:50:13,348] {processor.py:651} INFO - DAG(s) dict_keys(['example_branch_labels']) retrieved from /home/nayara/Downloads/EngDados/ALURA/api_twitter/venv/lib/python3.9/site-packages/airflow/example_dags/example_branch_labels.py
[2022-12-21 21:50:13,372] {logging_mixin.py:115} INFO - [2022-12-21 21:50:13,372] {dag.py:2379} INFO - Sync 1 DAGs
[2022-12-21 21:50:13,395] {logging_mixin.py:115} INFO - [2022-12-21 21:50:13,395] {dag.py:2927} INFO - Setting next_dagrun for example_branch_labels to 2022-12-21T00:00:00+00:00, run_after=2022-12-22T00:00:00+00:00
[2022-12-21 21:50:13,655] {processor.py:161} INFO - Processing /home/nayara/Downloads/EngDados/ALURA/api_twitter/venv/lib/python3.9/site-packages/airflow/example_dags/example_branch_labels.py took 0.357 seconds
[2022-12-21 21:51:13,791] {processor.py:153} INFO - Started process (PID=17818) to work on /home/nayara/Downloads/EngDados/ALURA/api_twitter/venv/lib/python3.9/site-packages/airflow/example_dags/example_branch_labels.py
[2022-12-21 21:51:13,822] {processor.py:641} INFO - Processing file /home/nayara/Downloads/EngDados/ALURA/api_twitter/venv/lib/python3.9/site-packages/airflow/example_dags/example_branch_labels.py for tasks to queue
[2022-12-21 21:51:13,824] {logging_mixin.py:115} INFO - [2022-12-21 21:51:13,823] {dagbag.py:507} INFO - Filling up the DagBag from /home/nayara/Downloads/EngDados/ALURA/api_twitter/venv/lib/python3.9/site-packages/airflow/example_dags/example_branch_labels.py
[2022-12-21 21:51:13,846] {processor.py:651} INFO - DAG(s) dict_keys(['example_branch_labels']) retrieved from /home/nayara/Downloads/EngDados/ALURA/api_twitter/venv/lib/python3.9/site-packages/airflow/example_dags/example_branch_labels.py
[2022-12-21 21:51:13,871] {logging_mixin.py:115} INFO - [2022-12-21 21:51:13,871] {dag.py:2379} INFO - Sync 1 DAGs
[2022-12-21 21:51:13,908] {logging_mixin.py:115} INFO - [2022-12-21 21:51:13,908] {dag.py:2927} INFO - Setting next_dagrun for example_branch_labels to 2022-12-21T00:00:00+00:00, run_after=2022-12-22T00:00:00+00:00
[2022-12-21 21:51:14,152] {processor.py:161} INFO - Processing /home/nayara/Downloads/EngDados/ALURA/api_twitter/venv/lib/python3.9/site-packages/airflow/example_dags/example_branch_labels.py took 0.375 seconds
[2022-12-21 21:51:59,627] {processor.py:153} INFO - Started process (PID=17960) to work on /home/nayara/Downloads/EngDados/ALURA/api_twitter/venv/lib/python3.9/site-packages/airflow/example_dags/example_branch_labels.py
[2022-12-21 21:51:59,648] {processor.py:641} INFO - Processing file /home/nayara/Downloads/EngDados/ALURA/api_twitter/venv/lib/python3.9/site-packages/airflow/example_dags/example_branch_labels.py for tasks to queue
[2022-12-21 21:51:59,651] {logging_mixin.py:115} INFO - [2022-12-21 21:51:59,651] {dagbag.py:507} INFO - Filling up the DagBag from /home/nayara/Downloads/EngDados/ALURA/api_twitter/venv/lib/python3.9/site-packages/airflow/example_dags/example_branch_labels.py
[2022-12-21 21:51:59,682] {processor.py:651} INFO - DAG(s) dict_keys(['example_branch_labels']) retrieved from /home/nayara/Downloads/EngDados/ALURA/api_twitter/venv/lib/python3.9/site-packages/airflow/example_dags/example_branch_labels.py
[2022-12-21 21:51:59,721] {logging_mixin.py:115} INFO - [2022-12-21 21:51:59,720] {dag.py:2379} INFO - Sync 1 DAGs
[2022-12-21 21:51:59,744] {logging_mixin.py:115} INFO - [2022-12-21 21:51:59,744] {dag.py:2927} INFO - Setting next_dagrun for example_branch_labels to 2022-12-21T00:00:00+00:00, run_after=2022-12-22T00:00:00+00:00
[2022-12-21 21:52:00,019] {processor.py:161} INFO - Processing /home/nayara/Downloads/EngDados/ALURA/api_twitter/venv/lib/python3.9/site-packages/airflow/example_dags/example_branch_labels.py took 0.408 seconds
[2022-12-21 21:53:00,845] {processor.py:153} INFO - Started process (PID=18198) to work on /home/nayara/Downloads/EngDados/ALURA/api_twitter/venv/lib/python3.9/site-packages/airflow/example_dags/example_branch_labels.py
[2022-12-21 21:53:00,909] {processor.py:641} INFO - Processing file /home/nayara/Downloads/EngDados/ALURA/api_twitter/venv/lib/python3.9/site-packages/airflow/example_dags/example_branch_labels.py for tasks to queue
[2022-12-21 21:53:00,910] {logging_mixin.py:115} INFO - [2022-12-21 21:53:00,909] {dagbag.py:507} INFO - Filling up the DagBag from /home/nayara/Downloads/EngDados/ALURA/api_twitter/venv/lib/python3.9/site-packages/airflow/example_dags/example_branch_labels.py
[2022-12-21 21:53:00,920] {processor.py:651} INFO - DAG(s) dict_keys(['example_branch_labels']) retrieved from /home/nayara/Downloads/EngDados/ALURA/api_twitter/venv/lib/python3.9/site-packages/airflow/example_dags/example_branch_labels.py
[2022-12-21 21:53:00,944] {logging_mixin.py:115} INFO - [2022-12-21 21:53:00,944] {dag.py:2379} INFO - Sync 1 DAGs
[2022-12-21 21:53:00,970] {logging_mixin.py:115} INFO - [2022-12-21 21:53:00,970] {dag.py:2927} INFO - Setting next_dagrun for example_branch_labels to 2022-12-21T00:00:00+00:00, run_after=2022-12-22T00:00:00+00:00
[2022-12-21 21:53:01,463] {processor.py:161} INFO - Processing /home/nayara/Downloads/EngDados/ALURA/api_twitter/venv/lib/python3.9/site-packages/airflow/example_dags/example_branch_labels.py took 0.625 seconds
[2022-12-21 21:53:49,168] {processor.py:153} INFO - Started process (PID=18322) to work on /home/nayara/Downloads/EngDados/ALURA/api_twitter/venv/lib/python3.9/site-packages/airflow/example_dags/example_branch_labels.py
[2022-12-21 21:53:49,169] {processor.py:641} INFO - Processing file /home/nayara/Downloads/EngDados/ALURA/api_twitter/venv/lib/python3.9/site-packages/airflow/example_dags/example_branch_labels.py for tasks to queue
[2022-12-21 21:53:49,170] {logging_mixin.py:115} INFO - [2022-12-21 21:53:49,170] {dagbag.py:507} INFO - Filling up the DagBag from /home/nayara/Downloads/EngDados/ALURA/api_twitter/venv/lib/python3.9/site-packages/airflow/example_dags/example_branch_labels.py
[2022-12-21 21:53:49,179] {processor.py:651} INFO - DAG(s) dict_keys(['example_branch_labels']) retrieved from /home/nayara/Downloads/EngDados/ALURA/api_twitter/venv/lib/python3.9/site-packages/airflow/example_dags/example_branch_labels.py
[2022-12-21 21:53:49,200] {logging_mixin.py:115} INFO - [2022-12-21 21:53:49,200] {dag.py:2379} INFO - Sync 1 DAGs
[2022-12-21 21:53:49,224] {logging_mixin.py:115} INFO - [2022-12-21 21:53:49,224] {dag.py:2927} INFO - Setting next_dagrun for example_branch_labels to 2022-12-21T00:00:00+00:00, run_after=2022-12-22T00:00:00+00:00
[2022-12-21 21:53:49,719] {processor.py:161} INFO - Processing /home/nayara/Downloads/EngDados/ALURA/api_twitter/venv/lib/python3.9/site-packages/airflow/example_dags/example_branch_labels.py took 0.560 seconds
[2022-12-21 21:54:40,785] {processor.py:153} INFO - Started process (PID=18432) to work on /home/nayara/Downloads/EngDados/ALURA/api_twitter/venv/lib/python3.9/site-packages/airflow/example_dags/example_branch_labels.py
[2022-12-21 21:54:40,882] {processor.py:641} INFO - Processing file /home/nayara/Downloads/EngDados/ALURA/api_twitter/venv/lib/python3.9/site-packages/airflow/example_dags/example_branch_labels.py for tasks to queue
[2022-12-21 21:54:40,884] {logging_mixin.py:115} INFO - [2022-12-21 21:54:40,884] {dagbag.py:507} INFO - Filling up the DagBag from /home/nayara/Downloads/EngDados/ALURA/api_twitter/venv/lib/python3.9/site-packages/airflow/example_dags/example_branch_labels.py
[2022-12-21 21:54:40,903] {processor.py:651} INFO - DAG(s) dict_keys(['example_branch_labels']) retrieved from /home/nayara/Downloads/EngDados/ALURA/api_twitter/venv/lib/python3.9/site-packages/airflow/example_dags/example_branch_labels.py
[2022-12-21 21:54:40,930] {logging_mixin.py:115} INFO - [2022-12-21 21:54:40,929] {dag.py:2379} INFO - Sync 1 DAGs
[2022-12-21 21:54:40,957] {logging_mixin.py:115} INFO - [2022-12-21 21:54:40,956] {dag.py:2927} INFO - Setting next_dagrun for example_branch_labels to 2022-12-21T00:00:00+00:00, run_after=2022-12-22T00:00:00+00:00
[2022-12-21 21:54:41,299] {processor.py:161} INFO - Processing /home/nayara/Downloads/EngDados/ALURA/api_twitter/venv/lib/python3.9/site-packages/airflow/example_dags/example_branch_labels.py took 0.519 seconds
