[2022-12-21 21:37:44,578] {processor.py:153} INFO - Started process (PID=16144) to work on /home/nayara/Downloads/EngDados/ALURA/api_twitter/venv/lib/python3.9/site-packages/airflow/example_dags/example_nested_branch_dag.py
[2022-12-21 21:37:44,580] {processor.py:641} INFO - Processing file /home/nayara/Downloads/EngDados/ALURA/api_twitter/venv/lib/python3.9/site-packages/airflow/example_dags/example_nested_branch_dag.py for tasks to queue
[2022-12-21 21:37:44,582] {logging_mixin.py:115} INFO - [2022-12-21 21:37:44,582] {dagbag.py:507} INFO - Filling up the DagBag from /home/nayara/Downloads/EngDados/ALURA/api_twitter/venv/lib/python3.9/site-packages/airflow/example_dags/example_nested_branch_dag.py
[2022-12-21 21:37:44,603] {processor.py:651} INFO - DAG(s) dict_keys(['example_nested_branch_dag']) retrieved from /home/nayara/Downloads/EngDados/ALURA/api_twitter/venv/lib/python3.9/site-packages/airflow/example_dags/example_nested_branch_dag.py
[2022-12-21 21:37:45,110] {logging_mixin.py:115} INFO - [2022-12-21 21:37:45,110] {manager.py:508} INFO - Created Permission View: can read on DAG:example_nested_branch_dag
[2022-12-21 21:37:45,362] {logging_mixin.py:115} INFO - [2022-12-21 21:37:45,362] {manager.py:508} INFO - Created Permission View: can delete on DAG:example_nested_branch_dag
[2022-12-21 21:37:45,546] {logging_mixin.py:115} INFO - [2022-12-21 21:37:45,546] {manager.py:508} INFO - Created Permission View: can edit on DAG:example_nested_branch_dag
[2022-12-21 21:37:45,547] {logging_mixin.py:115} INFO - [2022-12-21 21:37:45,547] {dag.py:2379} INFO - Sync 1 DAGs
[2022-12-21 21:37:45,559] {logging_mixin.py:115} INFO - [2022-12-21 21:37:45,559] {dag.py:2398} INFO - Creating ORM DAG for example_nested_branch_dag
[2022-12-21 21:37:45,574] {logging_mixin.py:115} INFO - [2022-12-21 21:37:45,574] {dag.py:2927} INFO - Setting next_dagrun for example_nested_branch_dag to 2022-12-21T00:00:00+00:00, run_after=2022-12-22T00:00:00+00:00
[2022-12-21 21:37:45,865] {processor.py:161} INFO - Processing /home/nayara/Downloads/EngDados/ALURA/api_twitter/venv/lib/python3.9/site-packages/airflow/example_dags/example_nested_branch_dag.py took 1.301 seconds
[2022-12-21 21:39:07,966] {processor.py:153} INFO - Started process (PID=16229) to work on /home/nayara/Downloads/EngDados/ALURA/api_twitter/venv/lib/python3.9/site-packages/airflow/example_dags/example_nested_branch_dag.py
[2022-12-21 21:39:08,065] {processor.py:641} INFO - Processing file /home/nayara/Downloads/EngDados/ALURA/api_twitter/venv/lib/python3.9/site-packages/airflow/example_dags/example_nested_branch_dag.py for tasks to queue
[2022-12-21 21:39:08,068] {logging_mixin.py:115} INFO - [2022-12-21 21:39:08,067] {dagbag.py:507} INFO - Filling up the DagBag from /home/nayara/Downloads/EngDados/ALURA/api_twitter/venv/lib/python3.9/site-packages/airflow/example_dags/example_nested_branch_dag.py
[2022-12-21 21:39:08,192] {processor.py:651} INFO - DAG(s) dict_keys(['example_nested_branch_dag']) retrieved from /home/nayara/Downloads/EngDados/ALURA/api_twitter/venv/lib/python3.9/site-packages/airflow/example_dags/example_nested_branch_dag.py
[2022-12-21 21:39:08,233] {logging_mixin.py:115} INFO - [2022-12-21 21:39:08,233] {dag.py:2379} INFO - Sync 1 DAGs
[2022-12-21 21:39:08,272] {logging_mixin.py:115} INFO - [2022-12-21 21:39:08,272] {dag.py:2927} INFO - Setting next_dagrun for example_nested_branch_dag to 2022-12-21T00:00:00+00:00, run_after=2022-12-22T00:00:00+00:00
[2022-12-21 21:39:08,586] {processor.py:161} INFO - Processing /home/nayara/Downloads/EngDados/ALURA/api_twitter/venv/lib/python3.9/site-packages/airflow/example_dags/example_nested_branch_dag.py took 0.627 seconds
[2022-12-21 21:40:00,130] {processor.py:153} INFO - Started process (PID=16311) to work on /home/nayara/Downloads/EngDados/ALURA/api_twitter/venv/lib/python3.9/site-packages/airflow/example_dags/example_nested_branch_dag.py
[2022-12-21 21:40:00,132] {processor.py:641} INFO - Processing file /home/nayara/Downloads/EngDados/ALURA/api_twitter/venv/lib/python3.9/site-packages/airflow/example_dags/example_nested_branch_dag.py for tasks to queue
[2022-12-21 21:40:00,134] {logging_mixin.py:115} INFO - [2022-12-21 21:40:00,134] {dagbag.py:507} INFO - Filling up the DagBag from /home/nayara/Downloads/EngDados/ALURA/api_twitter/venv/lib/python3.9/site-packages/airflow/example_dags/example_nested_branch_dag.py
[2022-12-21 21:40:00,170] {processor.py:651} INFO - DAG(s) dict_keys(['example_nested_branch_dag']) retrieved from /home/nayara/Downloads/EngDados/ALURA/api_twitter/venv/lib/python3.9/site-packages/airflow/example_dags/example_nested_branch_dag.py
[2022-12-21 21:40:00,214] {logging_mixin.py:115} INFO - [2022-12-21 21:40:00,213] {dag.py:2379} INFO - Sync 1 DAGs
[2022-12-21 21:40:00,238] {logging_mixin.py:115} INFO - [2022-12-21 21:40:00,238] {dag.py:2927} INFO - Setting next_dagrun for example_nested_branch_dag to 2022-12-21T00:00:00+00:00, run_after=2022-12-22T00:00:00+00:00
[2022-12-21 21:40:00,641] {processor.py:161} INFO - Processing /home/nayara/Downloads/EngDados/ALURA/api_twitter/venv/lib/python3.9/site-packages/airflow/example_dags/example_nested_branch_dag.py took 0.524 seconds
[2022-12-21 21:41:00,733] {processor.py:153} INFO - Started process (PID=16405) to work on /home/nayara/Downloads/EngDados/ALURA/api_twitter/venv/lib/python3.9/site-packages/airflow/example_dags/example_nested_branch_dag.py
[2022-12-21 21:41:00,734] {processor.py:641} INFO - Processing file /home/nayara/Downloads/EngDados/ALURA/api_twitter/venv/lib/python3.9/site-packages/airflow/example_dags/example_nested_branch_dag.py for tasks to queue
[2022-12-21 21:41:00,735] {logging_mixin.py:115} INFO - [2022-12-21 21:41:00,735] {dagbag.py:507} INFO - Filling up the DagBag from /home/nayara/Downloads/EngDados/ALURA/api_twitter/venv/lib/python3.9/site-packages/airflow/example_dags/example_nested_branch_dag.py
[2022-12-21 21:41:00,750] {processor.py:651} INFO - DAG(s) dict_keys(['example_nested_branch_dag']) retrieved from /home/nayara/Downloads/EngDados/ALURA/api_twitter/venv/lib/python3.9/site-packages/airflow/example_dags/example_nested_branch_dag.py
[2022-12-21 21:41:00,776] {logging_mixin.py:115} INFO - [2022-12-21 21:41:00,775] {dag.py:2379} INFO - Sync 1 DAGs
[2022-12-21 21:41:00,806] {logging_mixin.py:115} INFO - [2022-12-21 21:41:00,806] {dag.py:2927} INFO - Setting next_dagrun for example_nested_branch_dag to 2022-12-21T00:00:00+00:00, run_after=2022-12-22T00:00:00+00:00
[2022-12-21 21:41:01,095] {processor.py:161} INFO - Processing /home/nayara/Downloads/EngDados/ALURA/api_twitter/venv/lib/python3.9/site-packages/airflow/example_dags/example_nested_branch_dag.py took 0.365 seconds
[2022-12-21 21:42:15,149] {processor.py:153} INFO - Started process (PID=16563) to work on /home/nayara/Downloads/EngDados/ALURA/api_twitter/venv/lib/python3.9/site-packages/airflow/example_dags/example_nested_branch_dag.py
[2022-12-21 21:42:15,170] {processor.py:641} INFO - Processing file /home/nayara/Downloads/EngDados/ALURA/api_twitter/venv/lib/python3.9/site-packages/airflow/example_dags/example_nested_branch_dag.py for tasks to queue
[2022-12-21 21:42:15,173] {logging_mixin.py:115} INFO - [2022-12-21 21:42:15,173] {dagbag.py:507} INFO - Filling up the DagBag from /home/nayara/Downloads/EngDados/ALURA/api_twitter/venv/lib/python3.9/site-packages/airflow/example_dags/example_nested_branch_dag.py
[2022-12-21 21:42:15,228] {processor.py:651} INFO - DAG(s) dict_keys(['example_nested_branch_dag']) retrieved from /home/nayara/Downloads/EngDados/ALURA/api_twitter/venv/lib/python3.9/site-packages/airflow/example_dags/example_nested_branch_dag.py
[2022-12-21 21:42:15,256] {logging_mixin.py:115} INFO - [2022-12-21 21:42:15,256] {dag.py:2379} INFO - Sync 1 DAGs
[2022-12-21 21:42:15,283] {logging_mixin.py:115} INFO - [2022-12-21 21:42:15,283] {dag.py:2927} INFO - Setting next_dagrun for example_nested_branch_dag to 2022-12-21T00:00:00+00:00, run_after=2022-12-22T00:00:00+00:00
[2022-12-21 21:42:15,706] {processor.py:161} INFO - Processing /home/nayara/Downloads/EngDados/ALURA/api_twitter/venv/lib/python3.9/site-packages/airflow/example_dags/example_nested_branch_dag.py took 0.573 seconds
[2022-12-21 21:43:22,618] {processor.py:153} INFO - Started process (PID=16649) to work on /home/nayara/Downloads/EngDados/ALURA/api_twitter/venv/lib/python3.9/site-packages/airflow/example_dags/example_nested_branch_dag.py
[2022-12-21 21:43:22,620] {processor.py:641} INFO - Processing file /home/nayara/Downloads/EngDados/ALURA/api_twitter/venv/lib/python3.9/site-packages/airflow/example_dags/example_nested_branch_dag.py for tasks to queue
[2022-12-21 21:43:22,620] {logging_mixin.py:115} INFO - [2022-12-21 21:43:22,620] {dagbag.py:507} INFO - Filling up the DagBag from /home/nayara/Downloads/EngDados/ALURA/api_twitter/venv/lib/python3.9/site-packages/airflow/example_dags/example_nested_branch_dag.py
[2022-12-21 21:43:22,634] {processor.py:651} INFO - DAG(s) dict_keys(['example_nested_branch_dag']) retrieved from /home/nayara/Downloads/EngDados/ALURA/api_twitter/venv/lib/python3.9/site-packages/airflow/example_dags/example_nested_branch_dag.py
[2022-12-21 21:43:22,658] {logging_mixin.py:115} INFO - [2022-12-21 21:43:22,657] {dag.py:2379} INFO - Sync 1 DAGs
[2022-12-21 21:43:22,684] {logging_mixin.py:115} INFO - [2022-12-21 21:43:22,684] {dag.py:2927} INFO - Setting next_dagrun for example_nested_branch_dag to 2022-12-21T00:00:00+00:00, run_after=2022-12-22T00:00:00+00:00
[2022-12-21 21:43:22,958] {processor.py:161} INFO - Processing /home/nayara/Downloads/EngDados/ALURA/api_twitter/venv/lib/python3.9/site-packages/airflow/example_dags/example_nested_branch_dag.py took 0.344 seconds
[2022-12-21 21:44:17,928] {processor.py:153} INFO - Started process (PID=16714) to work on /home/nayara/Downloads/EngDados/ALURA/api_twitter/venv/lib/python3.9/site-packages/airflow/example_dags/example_nested_branch_dag.py
[2022-12-21 21:44:17,947] {processor.py:641} INFO - Processing file /home/nayara/Downloads/EngDados/ALURA/api_twitter/venv/lib/python3.9/site-packages/airflow/example_dags/example_nested_branch_dag.py for tasks to queue
[2022-12-21 21:44:17,948] {logging_mixin.py:115} INFO - [2022-12-21 21:44:17,948] {dagbag.py:507} INFO - Filling up the DagBag from /home/nayara/Downloads/EngDados/ALURA/api_twitter/venv/lib/python3.9/site-packages/airflow/example_dags/example_nested_branch_dag.py
[2022-12-21 21:44:17,960] {processor.py:651} INFO - DAG(s) dict_keys(['example_nested_branch_dag']) retrieved from /home/nayara/Downloads/EngDados/ALURA/api_twitter/venv/lib/python3.9/site-packages/airflow/example_dags/example_nested_branch_dag.py
[2022-12-21 21:44:17,980] {logging_mixin.py:115} INFO - [2022-12-21 21:44:17,980] {dag.py:2379} INFO - Sync 1 DAGs
[2022-12-21 21:44:18,004] {logging_mixin.py:115} INFO - [2022-12-21 21:44:18,003] {dag.py:2927} INFO - Setting next_dagrun for example_nested_branch_dag to 2022-12-21T00:00:00+00:00, run_after=2022-12-22T00:00:00+00:00
[2022-12-21 21:44:18,192] {processor.py:161} INFO - Processing /home/nayara/Downloads/EngDados/ALURA/api_twitter/venv/lib/python3.9/site-packages/airflow/example_dags/example_nested_branch_dag.py took 0.267 seconds
[2022-12-21 21:45:12,922] {processor.py:153} INFO - Started process (PID=16791) to work on /home/nayara/Downloads/EngDados/ALURA/api_twitter/venv/lib/python3.9/site-packages/airflow/example_dags/example_nested_branch_dag.py
[2022-12-21 21:45:12,950] {processor.py:641} INFO - Processing file /home/nayara/Downloads/EngDados/ALURA/api_twitter/venv/lib/python3.9/site-packages/airflow/example_dags/example_nested_branch_dag.py for tasks to queue
[2022-12-21 21:45:12,953] {logging_mixin.py:115} INFO - [2022-12-21 21:45:12,952] {dagbag.py:507} INFO - Filling up the DagBag from /home/nayara/Downloads/EngDados/ALURA/api_twitter/venv/lib/python3.9/site-packages/airflow/example_dags/example_nested_branch_dag.py
[2022-12-21 21:45:12,987] {processor.py:651} INFO - DAG(s) dict_keys(['example_nested_branch_dag']) retrieved from /home/nayara/Downloads/EngDados/ALURA/api_twitter/venv/lib/python3.9/site-packages/airflow/example_dags/example_nested_branch_dag.py
[2022-12-21 21:45:13,024] {logging_mixin.py:115} INFO - [2022-12-21 21:45:13,023] {dag.py:2379} INFO - Sync 1 DAGs
[2022-12-21 21:45:13,062] {logging_mixin.py:115} INFO - [2022-12-21 21:45:13,062] {dag.py:2927} INFO - Setting next_dagrun for example_nested_branch_dag to 2022-12-21T00:00:00+00:00, run_after=2022-12-22T00:00:00+00:00
[2022-12-21 21:45:13,481] {processor.py:161} INFO - Processing /home/nayara/Downloads/EngDados/ALURA/api_twitter/venv/lib/python3.9/site-packages/airflow/example_dags/example_nested_branch_dag.py took 0.575 seconds
[2022-12-21 21:46:12,889] {processor.py:153} INFO - Started process (PID=17031) to work on /home/nayara/Downloads/EngDados/ALURA/api_twitter/venv/lib/python3.9/site-packages/airflow/example_dags/example_nested_branch_dag.py
[2022-12-21 21:46:12,914] {processor.py:641} INFO - Processing file /home/nayara/Downloads/EngDados/ALURA/api_twitter/venv/lib/python3.9/site-packages/airflow/example_dags/example_nested_branch_dag.py for tasks to queue
[2022-12-21 21:46:12,916] {logging_mixin.py:115} INFO - [2022-12-21 21:46:12,916] {dagbag.py:507} INFO - Filling up the DagBag from /home/nayara/Downloads/EngDados/ALURA/api_twitter/venv/lib/python3.9/site-packages/airflow/example_dags/example_nested_branch_dag.py
[2022-12-21 21:46:12,949] {processor.py:651} INFO - DAG(s) dict_keys(['example_nested_branch_dag']) retrieved from /home/nayara/Downloads/EngDados/ALURA/api_twitter/venv/lib/python3.9/site-packages/airflow/example_dags/example_nested_branch_dag.py
[2022-12-21 21:46:12,970] {logging_mixin.py:115} INFO - [2022-12-21 21:46:12,970] {dag.py:2379} INFO - Sync 1 DAGs
[2022-12-21 21:46:12,993] {logging_mixin.py:115} INFO - [2022-12-21 21:46:12,993] {dag.py:2927} INFO - Setting next_dagrun for example_nested_branch_dag to 2022-12-21T00:00:00+00:00, run_after=2022-12-22T00:00:00+00:00
[2022-12-21 21:46:13,195] {processor.py:161} INFO - Processing /home/nayara/Downloads/EngDados/ALURA/api_twitter/venv/lib/python3.9/site-packages/airflow/example_dags/example_nested_branch_dag.py took 0.320 seconds
[2022-12-21 21:47:22,983] {processor.py:153} INFO - Started process (PID=17324) to work on /home/nayara/Downloads/EngDados/ALURA/api_twitter/venv/lib/python3.9/site-packages/airflow/example_dags/example_nested_branch_dag.py
[2022-12-21 21:47:23,001] {processor.py:641} INFO - Processing file /home/nayara/Downloads/EngDados/ALURA/api_twitter/venv/lib/python3.9/site-packages/airflow/example_dags/example_nested_branch_dag.py for tasks to queue
[2022-12-21 21:47:23,003] {logging_mixin.py:115} INFO - [2022-12-21 21:47:23,002] {dagbag.py:507} INFO - Filling up the DagBag from /home/nayara/Downloads/EngDados/ALURA/api_twitter/venv/lib/python3.9/site-packages/airflow/example_dags/example_nested_branch_dag.py
[2022-12-21 21:47:23,024] {processor.py:651} INFO - DAG(s) dict_keys(['example_nested_branch_dag']) retrieved from /home/nayara/Downloads/EngDados/ALURA/api_twitter/venv/lib/python3.9/site-packages/airflow/example_dags/example_nested_branch_dag.py
[2022-12-21 21:47:23,044] {logging_mixin.py:115} INFO - [2022-12-21 21:47:23,044] {dag.py:2379} INFO - Sync 1 DAGs
[2022-12-21 21:47:23,068] {logging_mixin.py:115} INFO - [2022-12-21 21:47:23,067] {dag.py:2927} INFO - Setting next_dagrun for example_nested_branch_dag to 2022-12-21T00:00:00+00:00, run_after=2022-12-22T00:00:00+00:00
[2022-12-21 21:47:23,288] {processor.py:161} INFO - Processing /home/nayara/Downloads/EngDados/ALURA/api_twitter/venv/lib/python3.9/site-packages/airflow/example_dags/example_nested_branch_dag.py took 0.319 seconds
[2022-12-21 21:48:26,378] {processor.py:153} INFO - Started process (PID=17455) to work on /home/nayara/Downloads/EngDados/ALURA/api_twitter/venv/lib/python3.9/site-packages/airflow/example_dags/example_nested_branch_dag.py
[2022-12-21 21:48:26,398] {processor.py:641} INFO - Processing file /home/nayara/Downloads/EngDados/ALURA/api_twitter/venv/lib/python3.9/site-packages/airflow/example_dags/example_nested_branch_dag.py for tasks to queue
[2022-12-21 21:48:26,401] {logging_mixin.py:115} INFO - [2022-12-21 21:48:26,400] {dagbag.py:507} INFO - Filling up the DagBag from /home/nayara/Downloads/EngDados/ALURA/api_twitter/venv/lib/python3.9/site-packages/airflow/example_dags/example_nested_branch_dag.py
[2022-12-21 21:48:26,461] {processor.py:651} INFO - DAG(s) dict_keys(['example_nested_branch_dag']) retrieved from /home/nayara/Downloads/EngDados/ALURA/api_twitter/venv/lib/python3.9/site-packages/airflow/example_dags/example_nested_branch_dag.py
[2022-12-21 21:48:26,502] {logging_mixin.py:115} INFO - [2022-12-21 21:48:26,502] {dag.py:2379} INFO - Sync 1 DAGs
[2022-12-21 21:48:26,531] {logging_mixin.py:115} INFO - [2022-12-21 21:48:26,530] {dag.py:2927} INFO - Setting next_dagrun for example_nested_branch_dag to 2022-12-21T00:00:00+00:00, run_after=2022-12-22T00:00:00+00:00
[2022-12-21 21:48:26,739] {processor.py:161} INFO - Processing /home/nayara/Downloads/EngDados/ALURA/api_twitter/venv/lib/python3.9/site-packages/airflow/example_dags/example_nested_branch_dag.py took 0.379 seconds
[2022-12-21 21:49:48,084] {processor.py:153} INFO - Started process (PID=17540) to work on /home/nayara/Downloads/EngDados/ALURA/api_twitter/venv/lib/python3.9/site-packages/airflow/example_dags/example_nested_branch_dag.py
[2022-12-21 21:49:48,131] {processor.py:641} INFO - Processing file /home/nayara/Downloads/EngDados/ALURA/api_twitter/venv/lib/python3.9/site-packages/airflow/example_dags/example_nested_branch_dag.py for tasks to queue
[2022-12-21 21:49:48,132] {logging_mixin.py:115} INFO - [2022-12-21 21:49:48,132] {dagbag.py:507} INFO - Filling up the DagBag from /home/nayara/Downloads/EngDados/ALURA/api_twitter/venv/lib/python3.9/site-packages/airflow/example_dags/example_nested_branch_dag.py
[2022-12-21 21:49:48,249] {processor.py:651} INFO - DAG(s) dict_keys(['example_nested_branch_dag']) retrieved from /home/nayara/Downloads/EngDados/ALURA/api_twitter/venv/lib/python3.9/site-packages/airflow/example_dags/example_nested_branch_dag.py
[2022-12-21 21:49:48,275] {logging_mixin.py:115} INFO - [2022-12-21 21:49:48,275] {dag.py:2379} INFO - Sync 1 DAGs
[2022-12-21 21:49:48,300] {logging_mixin.py:115} INFO - [2022-12-21 21:49:48,299] {dag.py:2927} INFO - Setting next_dagrun for example_nested_branch_dag to 2022-12-21T00:00:00+00:00, run_after=2022-12-22T00:00:00+00:00
[2022-12-21 21:49:48,917] {processor.py:161} INFO - Processing /home/nayara/Downloads/EngDados/ALURA/api_twitter/venv/lib/python3.9/site-packages/airflow/example_dags/example_nested_branch_dag.py took 0.836 seconds
[2022-12-21 21:50:35,873] {processor.py:153} INFO - Started process (PID=17784) to work on /home/nayara/Downloads/EngDados/ALURA/api_twitter/venv/lib/python3.9/site-packages/airflow/example_dags/example_nested_branch_dag.py
[2022-12-21 21:50:35,894] {processor.py:641} INFO - Processing file /home/nayara/Downloads/EngDados/ALURA/api_twitter/venv/lib/python3.9/site-packages/airflow/example_dags/example_nested_branch_dag.py for tasks to queue
[2022-12-21 21:50:35,895] {logging_mixin.py:115} INFO - [2022-12-21 21:50:35,894] {dagbag.py:507} INFO - Filling up the DagBag from /home/nayara/Downloads/EngDados/ALURA/api_twitter/venv/lib/python3.9/site-packages/airflow/example_dags/example_nested_branch_dag.py
[2022-12-21 21:50:35,913] {processor.py:651} INFO - DAG(s) dict_keys(['example_nested_branch_dag']) retrieved from /home/nayara/Downloads/EngDados/ALURA/api_twitter/venv/lib/python3.9/site-packages/airflow/example_dags/example_nested_branch_dag.py
[2022-12-21 21:50:35,942] {logging_mixin.py:115} INFO - [2022-12-21 21:50:35,942] {dag.py:2379} INFO - Sync 1 DAGs
[2022-12-21 21:50:35,976] {logging_mixin.py:115} INFO - [2022-12-21 21:50:35,975] {dag.py:2927} INFO - Setting next_dagrun for example_nested_branch_dag to 2022-12-21T00:00:00+00:00, run_after=2022-12-22T00:00:00+00:00
[2022-12-21 21:50:36,262] {processor.py:161} INFO - Processing /home/nayara/Downloads/EngDados/ALURA/api_twitter/venv/lib/python3.9/site-packages/airflow/example_dags/example_nested_branch_dag.py took 0.398 seconds
[2022-12-21 21:51:31,225] {processor.py:153} INFO - Started process (PID=17886) to work on /home/nayara/Downloads/EngDados/ALURA/api_twitter/venv/lib/python3.9/site-packages/airflow/example_dags/example_nested_branch_dag.py
[2022-12-21 21:51:31,239] {processor.py:641} INFO - Processing file /home/nayara/Downloads/EngDados/ALURA/api_twitter/venv/lib/python3.9/site-packages/airflow/example_dags/example_nested_branch_dag.py for tasks to queue
[2022-12-21 21:51:31,240] {logging_mixin.py:115} INFO - [2022-12-21 21:51:31,240] {dagbag.py:507} INFO - Filling up the DagBag from /home/nayara/Downloads/EngDados/ALURA/api_twitter/venv/lib/python3.9/site-packages/airflow/example_dags/example_nested_branch_dag.py
[2022-12-21 21:51:31,255] {processor.py:651} INFO - DAG(s) dict_keys(['example_nested_branch_dag']) retrieved from /home/nayara/Downloads/EngDados/ALURA/api_twitter/venv/lib/python3.9/site-packages/airflow/example_dags/example_nested_branch_dag.py
[2022-12-21 21:51:31,276] {logging_mixin.py:115} INFO - [2022-12-21 21:51:31,276] {dag.py:2379} INFO - Sync 1 DAGs
[2022-12-21 21:51:31,304] {logging_mixin.py:115} INFO - [2022-12-21 21:51:31,304] {dag.py:2927} INFO - Setting next_dagrun for example_nested_branch_dag to 2022-12-21T00:00:00+00:00, run_after=2022-12-22T00:00:00+00:00
[2022-12-21 21:51:31,553] {processor.py:161} INFO - Processing /home/nayara/Downloads/EngDados/ALURA/api_twitter/venv/lib/python3.9/site-packages/airflow/example_dags/example_nested_branch_dag.py took 0.335 seconds
[2022-12-21 21:52:19,014] {processor.py:153} INFO - Started process (PID=17991) to work on /home/nayara/Downloads/EngDados/ALURA/api_twitter/venv/lib/python3.9/site-packages/airflow/example_dags/example_nested_branch_dag.py
[2022-12-21 21:52:19,015] {processor.py:641} INFO - Processing file /home/nayara/Downloads/EngDados/ALURA/api_twitter/venv/lib/python3.9/site-packages/airflow/example_dags/example_nested_branch_dag.py for tasks to queue
[2022-12-21 21:52:19,017] {logging_mixin.py:115} INFO - [2022-12-21 21:52:19,017] {dagbag.py:507} INFO - Filling up the DagBag from /home/nayara/Downloads/EngDados/ALURA/api_twitter/venv/lib/python3.9/site-packages/airflow/example_dags/example_nested_branch_dag.py
[2022-12-21 21:52:19,043] {processor.py:651} INFO - DAG(s) dict_keys(['example_nested_branch_dag']) retrieved from /home/nayara/Downloads/EngDados/ALURA/api_twitter/venv/lib/python3.9/site-packages/airflow/example_dags/example_nested_branch_dag.py
[2022-12-21 21:52:19,082] {logging_mixin.py:115} INFO - [2022-12-21 21:52:19,082] {dag.py:2379} INFO - Sync 1 DAGs
[2022-12-21 21:52:19,118] {logging_mixin.py:115} INFO - [2022-12-21 21:52:19,118] {dag.py:2927} INFO - Setting next_dagrun for example_nested_branch_dag to 2022-12-21T00:00:00+00:00, run_after=2022-12-22T00:00:00+00:00
[2022-12-21 21:52:19,423] {processor.py:161} INFO - Processing /home/nayara/Downloads/EngDados/ALURA/api_twitter/venv/lib/python3.9/site-packages/airflow/example_dags/example_nested_branch_dag.py took 0.418 seconds
[2022-12-21 21:53:16,815] {processor.py:153} INFO - Started process (PID=18227) to work on /home/nayara/Downloads/EngDados/ALURA/api_twitter/venv/lib/python3.9/site-packages/airflow/example_dags/example_nested_branch_dag.py
[2022-12-21 21:53:16,834] {processor.py:641} INFO - Processing file /home/nayara/Downloads/EngDados/ALURA/api_twitter/venv/lib/python3.9/site-packages/airflow/example_dags/example_nested_branch_dag.py for tasks to queue
[2022-12-21 21:53:16,838] {logging_mixin.py:115} INFO - [2022-12-21 21:53:16,837] {dagbag.py:507} INFO - Filling up the DagBag from /home/nayara/Downloads/EngDados/ALURA/api_twitter/venv/lib/python3.9/site-packages/airflow/example_dags/example_nested_branch_dag.py
[2022-12-21 21:53:16,869] {processor.py:651} INFO - DAG(s) dict_keys(['example_nested_branch_dag']) retrieved from /home/nayara/Downloads/EngDados/ALURA/api_twitter/venv/lib/python3.9/site-packages/airflow/example_dags/example_nested_branch_dag.py
[2022-12-21 21:53:16,906] {logging_mixin.py:115} INFO - [2022-12-21 21:53:16,906] {dag.py:2379} INFO - Sync 1 DAGs
[2022-12-21 21:53:16,942] {logging_mixin.py:115} INFO - [2022-12-21 21:53:16,942] {dag.py:2927} INFO - Setting next_dagrun for example_nested_branch_dag to 2022-12-21T00:00:00+00:00, run_after=2022-12-22T00:00:00+00:00
[2022-12-21 21:53:17,263] {processor.py:161} INFO - Processing /home/nayara/Downloads/EngDados/ALURA/api_twitter/venv/lib/python3.9/site-packages/airflow/example_dags/example_nested_branch_dag.py took 0.467 seconds
[2022-12-21 21:54:08,856] {processor.py:153} INFO - Started process (PID=18373) to work on /home/nayara/Downloads/EngDados/ALURA/api_twitter/venv/lib/python3.9/site-packages/airflow/example_dags/example_nested_branch_dag.py
[2022-12-21 21:54:08,871] {processor.py:641} INFO - Processing file /home/nayara/Downloads/EngDados/ALURA/api_twitter/venv/lib/python3.9/site-packages/airflow/example_dags/example_nested_branch_dag.py for tasks to queue
[2022-12-21 21:54:08,872] {logging_mixin.py:115} INFO - [2022-12-21 21:54:08,872] {dagbag.py:507} INFO - Filling up the DagBag from /home/nayara/Downloads/EngDados/ALURA/api_twitter/venv/lib/python3.9/site-packages/airflow/example_dags/example_nested_branch_dag.py
[2022-12-21 21:54:08,885] {processor.py:651} INFO - DAG(s) dict_keys(['example_nested_branch_dag']) retrieved from /home/nayara/Downloads/EngDados/ALURA/api_twitter/venv/lib/python3.9/site-packages/airflow/example_dags/example_nested_branch_dag.py
[2022-12-21 21:54:08,906] {logging_mixin.py:115} INFO - [2022-12-21 21:54:08,906] {dag.py:2379} INFO - Sync 1 DAGs
[2022-12-21 21:54:08,930] {logging_mixin.py:115} INFO - [2022-12-21 21:54:08,930] {dag.py:2927} INFO - Setting next_dagrun for example_nested_branch_dag to 2022-12-21T00:00:00+00:00, run_after=2022-12-22T00:00:00+00:00
[2022-12-21 21:54:09,132] {processor.py:161} INFO - Processing /home/nayara/Downloads/EngDados/ALURA/api_twitter/venv/lib/python3.9/site-packages/airflow/example_dags/example_nested_branch_dag.py took 0.280 seconds
[2022-12-21 21:55:00,501] {processor.py:153} INFO - Started process (PID=18464) to work on /home/nayara/Downloads/EngDados/ALURA/api_twitter/venv/lib/python3.9/site-packages/airflow/example_dags/example_nested_branch_dag.py
[2022-12-21 21:55:00,523] {processor.py:641} INFO - Processing file /home/nayara/Downloads/EngDados/ALURA/api_twitter/venv/lib/python3.9/site-packages/airflow/example_dags/example_nested_branch_dag.py for tasks to queue
[2022-12-21 21:55:00,525] {logging_mixin.py:115} INFO - [2022-12-21 21:55:00,525] {dagbag.py:507} INFO - Filling up the DagBag from /home/nayara/Downloads/EngDados/ALURA/api_twitter/venv/lib/python3.9/site-packages/airflow/example_dags/example_nested_branch_dag.py
[2022-12-21 21:55:00,573] {processor.py:651} INFO - DAG(s) dict_keys(['example_nested_branch_dag']) retrieved from /home/nayara/Downloads/EngDados/ALURA/api_twitter/venv/lib/python3.9/site-packages/airflow/example_dags/example_nested_branch_dag.py
[2022-12-21 21:55:00,600] {logging_mixin.py:115} INFO - [2022-12-21 21:55:00,600] {dag.py:2379} INFO - Sync 1 DAGs
[2022-12-21 21:55:00,625] {logging_mixin.py:115} INFO - [2022-12-21 21:55:00,624] {dag.py:2927} INFO - Setting next_dagrun for example_nested_branch_dag to 2022-12-21T00:00:00+00:00, run_after=2022-12-22T00:00:00+00:00
[2022-12-21 21:55:01,294] {processor.py:161} INFO - Processing /home/nayara/Downloads/EngDados/ALURA/api_twitter/venv/lib/python3.9/site-packages/airflow/example_dags/example_nested_branch_dag.py took 0.808 seconds
