[2022-12-21 21:37:40,103] {processor.py:153} INFO - Started process (PID=16142) to work on /home/nayara/Downloads/EngDados/ALURA/api_twitter/venv/lib/python3.9/site-packages/airflow/example_dags/example_branch_python_dop_operator_3.py
[2022-12-21 21:37:40,105] {processor.py:641} INFO - Processing file /home/nayara/Downloads/EngDados/ALURA/api_twitter/venv/lib/python3.9/site-packages/airflow/example_dags/example_branch_python_dop_operator_3.py for tasks to queue
[2022-12-21 21:37:40,108] {logging_mixin.py:115} INFO - [2022-12-21 21:37:40,107] {dagbag.py:507} INFO - Filling up the DagBag from /home/nayara/Downloads/EngDados/ALURA/api_twitter/venv/lib/python3.9/site-packages/airflow/example_dags/example_branch_python_dop_operator_3.py
[2022-12-21 21:37:40,132] {processor.py:651} INFO - DAG(s) dict_keys(['example_branch_dop_operator_v3']) retrieved from /home/nayara/Downloads/EngDados/ALURA/api_twitter/venv/lib/python3.9/site-packages/airflow/example_dags/example_branch_python_dop_operator_3.py
[2022-12-21 21:37:40,620] {logging_mixin.py:115} INFO - [2022-12-21 21:37:40,619] {manager.py:508} INFO - Created Permission View: can read on DAG:example_branch_dop_operator_v3
[2022-12-21 21:37:40,880] {logging_mixin.py:115} INFO - [2022-12-21 21:37:40,880] {manager.py:508} INFO - Created Permission View: can delete on DAG:example_branch_dop_operator_v3
[2022-12-21 21:37:41,222] {logging_mixin.py:115} INFO - [2022-12-21 21:37:41,222] {manager.py:508} INFO - Created Permission View: can edit on DAG:example_branch_dop_operator_v3
[2022-12-21 21:37:41,223] {logging_mixin.py:115} INFO - [2022-12-21 21:37:41,223] {dag.py:2379} INFO - Sync 1 DAGs
[2022-12-21 21:37:41,242] {logging_mixin.py:115} INFO - [2022-12-21 21:37:41,241] {dag.py:2398} INFO - Creating ORM DAG for example_branch_dop_operator_v3
[2022-12-21 21:37:41,265] {logging_mixin.py:115} INFO - [2022-12-21 21:37:41,265] {dag.py:2927} INFO - Setting next_dagrun for example_branch_dop_operator_v3 to 2022-12-22T00:36:00+00:00, run_after=2022-12-22T00:37:00+00:00
[2022-12-21 21:37:41,542] {processor.py:161} INFO - Processing /home/nayara/Downloads/EngDados/ALURA/api_twitter/venv/lib/python3.9/site-packages/airflow/example_dags/example_branch_python_dop_operator_3.py took 1.457 seconds
[2022-12-21 21:39:05,347] {processor.py:153} INFO - Started process (PID=16227) to work on /home/nayara/Downloads/EngDados/ALURA/api_twitter/venv/lib/python3.9/site-packages/airflow/example_dags/example_branch_python_dop_operator_3.py
[2022-12-21 21:39:05,351] {processor.py:641} INFO - Processing file /home/nayara/Downloads/EngDados/ALURA/api_twitter/venv/lib/python3.9/site-packages/airflow/example_dags/example_branch_python_dop_operator_3.py for tasks to queue
[2022-12-21 21:39:05,354] {logging_mixin.py:115} INFO - [2022-12-21 21:39:05,354] {dagbag.py:507} INFO - Filling up the DagBag from /home/nayara/Downloads/EngDados/ALURA/api_twitter/venv/lib/python3.9/site-packages/airflow/example_dags/example_branch_python_dop_operator_3.py
[2022-12-21 21:39:05,410] {processor.py:651} INFO - DAG(s) dict_keys(['example_branch_dop_operator_v3']) retrieved from /home/nayara/Downloads/EngDados/ALURA/api_twitter/venv/lib/python3.9/site-packages/airflow/example_dags/example_branch_python_dop_operator_3.py
[2022-12-21 21:39:05,438] {logging_mixin.py:115} INFO - [2022-12-21 21:39:05,438] {dag.py:2379} INFO - Sync 1 DAGs
[2022-12-21 21:39:05,474] {logging_mixin.py:115} INFO - [2022-12-21 21:39:05,473] {dag.py:2927} INFO - Setting next_dagrun for example_branch_dop_operator_v3 to 2022-12-22T00:38:00+00:00, run_after=2022-12-22T00:39:00+00:00
[2022-12-21 21:39:05,839] {processor.py:161} INFO - Processing /home/nayara/Downloads/EngDados/ALURA/api_twitter/venv/lib/python3.9/site-packages/airflow/example_dags/example_branch_python_dop_operator_3.py took 0.509 seconds
[2022-12-21 21:39:57,285] {processor.py:153} INFO - Started process (PID=16308) to work on /home/nayara/Downloads/EngDados/ALURA/api_twitter/venv/lib/python3.9/site-packages/airflow/example_dags/example_branch_python_dop_operator_3.py
[2022-12-21 21:39:57,294] {processor.py:641} INFO - Processing file /home/nayara/Downloads/EngDados/ALURA/api_twitter/venv/lib/python3.9/site-packages/airflow/example_dags/example_branch_python_dop_operator_3.py for tasks to queue
[2022-12-21 21:39:57,295] {logging_mixin.py:115} INFO - [2022-12-21 21:39:57,295] {dagbag.py:507} INFO - Filling up the DagBag from /home/nayara/Downloads/EngDados/ALURA/api_twitter/venv/lib/python3.9/site-packages/airflow/example_dags/example_branch_python_dop_operator_3.py
[2022-12-21 21:39:57,313] {processor.py:651} INFO - DAG(s) dict_keys(['example_branch_dop_operator_v3']) retrieved from /home/nayara/Downloads/EngDados/ALURA/api_twitter/venv/lib/python3.9/site-packages/airflow/example_dags/example_branch_python_dop_operator_3.py
[2022-12-21 21:39:57,333] {logging_mixin.py:115} INFO - [2022-12-21 21:39:57,333] {dag.py:2379} INFO - Sync 1 DAGs
[2022-12-21 21:39:57,360] {logging_mixin.py:115} INFO - [2022-12-21 21:39:57,360] {dag.py:2927} INFO - Setting next_dagrun for example_branch_dop_operator_v3 to 2022-12-22T00:38:00+00:00, run_after=2022-12-22T00:39:00+00:00
[2022-12-21 21:39:57,636] {processor.py:161} INFO - Processing /home/nayara/Downloads/EngDados/ALURA/api_twitter/venv/lib/python3.9/site-packages/airflow/example_dags/example_branch_python_dop_operator_3.py took 0.362 seconds
[2022-12-21 21:40:57,359] {processor.py:153} INFO - Started process (PID=16401) to work on /home/nayara/Downloads/EngDados/ALURA/api_twitter/venv/lib/python3.9/site-packages/airflow/example_dags/example_branch_python_dop_operator_3.py
[2022-12-21 21:40:57,360] {processor.py:641} INFO - Processing file /home/nayara/Downloads/EngDados/ALURA/api_twitter/venv/lib/python3.9/site-packages/airflow/example_dags/example_branch_python_dop_operator_3.py for tasks to queue
[2022-12-21 21:40:57,361] {logging_mixin.py:115} INFO - [2022-12-21 21:40:57,361] {dagbag.py:507} INFO - Filling up the DagBag from /home/nayara/Downloads/EngDados/ALURA/api_twitter/venv/lib/python3.9/site-packages/airflow/example_dags/example_branch_python_dop_operator_3.py
[2022-12-21 21:40:57,380] {processor.py:651} INFO - DAG(s) dict_keys(['example_branch_dop_operator_v3']) retrieved from /home/nayara/Downloads/EngDados/ALURA/api_twitter/venv/lib/python3.9/site-packages/airflow/example_dags/example_branch_python_dop_operator_3.py
[2022-12-21 21:40:57,410] {logging_mixin.py:115} INFO - [2022-12-21 21:40:57,410] {dag.py:2379} INFO - Sync 1 DAGs
[2022-12-21 21:40:57,452] {logging_mixin.py:115} INFO - [2022-12-21 21:40:57,452] {dag.py:2927} INFO - Setting next_dagrun for example_branch_dop_operator_v3 to 2022-12-22T00:39:00+00:00, run_after=2022-12-22T00:40:00+00:00
[2022-12-21 21:40:57,770] {processor.py:161} INFO - Processing /home/nayara/Downloads/EngDados/ALURA/api_twitter/venv/lib/python3.9/site-packages/airflow/example_dags/example_branch_python_dop_operator_3.py took 0.418 seconds
[2022-12-21 21:41:51,038] {processor.py:153} INFO - Started process (PID=16543) to work on /home/nayara/Downloads/EngDados/ALURA/api_twitter/venv/lib/python3.9/site-packages/airflow/example_dags/example_branch_python_dop_operator_3.py
[2022-12-21 21:41:51,040] {processor.py:641} INFO - Processing file /home/nayara/Downloads/EngDados/ALURA/api_twitter/venv/lib/python3.9/site-packages/airflow/example_dags/example_branch_python_dop_operator_3.py for tasks to queue
[2022-12-21 21:41:51,042] {logging_mixin.py:115} INFO - [2022-12-21 21:41:51,042] {dagbag.py:507} INFO - Filling up the DagBag from /home/nayara/Downloads/EngDados/ALURA/api_twitter/venv/lib/python3.9/site-packages/airflow/example_dags/example_branch_python_dop_operator_3.py
[2022-12-21 21:41:51,073] {processor.py:651} INFO - DAG(s) dict_keys(['example_branch_dop_operator_v3']) retrieved from /home/nayara/Downloads/EngDados/ALURA/api_twitter/venv/lib/python3.9/site-packages/airflow/example_dags/example_branch_python_dop_operator_3.py
[2022-12-21 21:41:51,099] {logging_mixin.py:115} INFO - [2022-12-21 21:41:51,099] {dag.py:2379} INFO - Sync 1 DAGs
[2022-12-21 21:41:51,131] {logging_mixin.py:115} INFO - [2022-12-21 21:41:51,131] {dag.py:2927} INFO - Setting next_dagrun for example_branch_dop_operator_v3 to 2022-12-22T00:40:00+00:00, run_after=2022-12-22T00:41:00+00:00
[2022-12-21 21:41:51,537] {processor.py:161} INFO - Processing /home/nayara/Downloads/EngDados/ALURA/api_twitter/venv/lib/python3.9/site-packages/airflow/example_dags/example_branch_python_dop_operator_3.py took 0.515 seconds
[2022-12-21 21:42:52,735] {processor.py:153} INFO - Started process (PID=16608) to work on /home/nayara/Downloads/EngDados/ALURA/api_twitter/venv/lib/python3.9/site-packages/airflow/example_dags/example_branch_python_dop_operator_3.py
[2022-12-21 21:42:52,765] {processor.py:641} INFO - Processing file /home/nayara/Downloads/EngDados/ALURA/api_twitter/venv/lib/python3.9/site-packages/airflow/example_dags/example_branch_python_dop_operator_3.py for tasks to queue
[2022-12-21 21:42:52,767] {logging_mixin.py:115} INFO - [2022-12-21 21:42:52,766] {dagbag.py:507} INFO - Filling up the DagBag from /home/nayara/Downloads/EngDados/ALURA/api_twitter/venv/lib/python3.9/site-packages/airflow/example_dags/example_branch_python_dop_operator_3.py
[2022-12-21 21:42:52,791] {processor.py:651} INFO - DAG(s) dict_keys(['example_branch_dop_operator_v3']) retrieved from /home/nayara/Downloads/EngDados/ALURA/api_twitter/venv/lib/python3.9/site-packages/airflow/example_dags/example_branch_python_dop_operator_3.py
[2022-12-21 21:42:52,812] {logging_mixin.py:115} INFO - [2022-12-21 21:42:52,812] {dag.py:2379} INFO - Sync 1 DAGs
[2022-12-21 21:42:52,843] {logging_mixin.py:115} INFO - [2022-12-21 21:42:52,842] {dag.py:2927} INFO - Setting next_dagrun for example_branch_dop_operator_v3 to 2022-12-22T00:41:00+00:00, run_after=2022-12-22T00:42:00+00:00
[2022-12-21 21:42:53,382] {processor.py:161} INFO - Processing /home/nayara/Downloads/EngDados/ALURA/api_twitter/venv/lib/python3.9/site-packages/airflow/example_dags/example_branch_python_dop_operator_3.py took 0.653 seconds
[2022-12-21 21:43:45,198] {processor.py:153} INFO - Started process (PID=16686) to work on /home/nayara/Downloads/EngDados/ALURA/api_twitter/venv/lib/python3.9/site-packages/airflow/example_dags/example_branch_python_dop_operator_3.py
[2022-12-21 21:43:45,222] {processor.py:641} INFO - Processing file /home/nayara/Downloads/EngDados/ALURA/api_twitter/venv/lib/python3.9/site-packages/airflow/example_dags/example_branch_python_dop_operator_3.py for tasks to queue
[2022-12-21 21:43:45,223] {logging_mixin.py:115} INFO - [2022-12-21 21:43:45,223] {dagbag.py:507} INFO - Filling up the DagBag from /home/nayara/Downloads/EngDados/ALURA/api_twitter/venv/lib/python3.9/site-packages/airflow/example_dags/example_branch_python_dop_operator_3.py
[2022-12-21 21:43:45,236] {processor.py:651} INFO - DAG(s) dict_keys(['example_branch_dop_operator_v3']) retrieved from /home/nayara/Downloads/EngDados/ALURA/api_twitter/venv/lib/python3.9/site-packages/airflow/example_dags/example_branch_python_dop_operator_3.py
[2022-12-21 21:43:45,257] {logging_mixin.py:115} INFO - [2022-12-21 21:43:45,257] {dag.py:2379} INFO - Sync 1 DAGs
[2022-12-21 21:43:45,284] {logging_mixin.py:115} INFO - [2022-12-21 21:43:45,283] {dag.py:2927} INFO - Setting next_dagrun for example_branch_dop_operator_v3 to 2022-12-22T00:42:00+00:00, run_after=2022-12-22T00:43:00+00:00
[2022-12-21 21:43:45,646] {processor.py:161} INFO - Processing /home/nayara/Downloads/EngDados/ALURA/api_twitter/venv/lib/python3.9/site-packages/airflow/example_dags/example_branch_python_dop_operator_3.py took 0.451 seconds
[2022-12-21 21:44:33,918] {processor.py:153} INFO - Started process (PID=16727) to work on /home/nayara/Downloads/EngDados/ALURA/api_twitter/venv/lib/python3.9/site-packages/airflow/example_dags/example_branch_python_dop_operator_3.py
[2022-12-21 21:44:33,919] {processor.py:641} INFO - Processing file /home/nayara/Downloads/EngDados/ALURA/api_twitter/venv/lib/python3.9/site-packages/airflow/example_dags/example_branch_python_dop_operator_3.py for tasks to queue
[2022-12-21 21:44:33,919] {logging_mixin.py:115} INFO - [2022-12-21 21:44:33,919] {dagbag.py:507} INFO - Filling up the DagBag from /home/nayara/Downloads/EngDados/ALURA/api_twitter/venv/lib/python3.9/site-packages/airflow/example_dags/example_branch_python_dop_operator_3.py
[2022-12-21 21:44:33,932] {processor.py:651} INFO - DAG(s) dict_keys(['example_branch_dop_operator_v3']) retrieved from /home/nayara/Downloads/EngDados/ALURA/api_twitter/venv/lib/python3.9/site-packages/airflow/example_dags/example_branch_python_dop_operator_3.py
[2022-12-21 21:44:33,952] {logging_mixin.py:115} INFO - [2022-12-21 21:44:33,952] {dag.py:2379} INFO - Sync 1 DAGs
[2022-12-21 21:44:33,979] {logging_mixin.py:115} INFO - [2022-12-21 21:44:33,979] {dag.py:2927} INFO - Setting next_dagrun for example_branch_dop_operator_v3 to 2022-12-22T00:43:00+00:00, run_after=2022-12-22T00:44:00+00:00
[2022-12-21 21:44:34,268] {processor.py:161} INFO - Processing /home/nayara/Downloads/EngDados/ALURA/api_twitter/venv/lib/python3.9/site-packages/airflow/example_dags/example_branch_python_dop_operator_3.py took 0.354 seconds
[2022-12-21 21:45:34,842] {processor.py:153} INFO - Started process (PID=16832) to work on /home/nayara/Downloads/EngDados/ALURA/api_twitter/venv/lib/python3.9/site-packages/airflow/example_dags/example_branch_python_dop_operator_3.py
[2022-12-21 21:45:34,846] {processor.py:641} INFO - Processing file /home/nayara/Downloads/EngDados/ALURA/api_twitter/venv/lib/python3.9/site-packages/airflow/example_dags/example_branch_python_dop_operator_3.py for tasks to queue
[2022-12-21 21:45:34,850] {logging_mixin.py:115} INFO - [2022-12-21 21:45:34,849] {dagbag.py:507} INFO - Filling up the DagBag from /home/nayara/Downloads/EngDados/ALURA/api_twitter/venv/lib/python3.9/site-packages/airflow/example_dags/example_branch_python_dop_operator_3.py
[2022-12-21 21:45:34,896] {processor.py:651} INFO - DAG(s) dict_keys(['example_branch_dop_operator_v3']) retrieved from /home/nayara/Downloads/EngDados/ALURA/api_twitter/venv/lib/python3.9/site-packages/airflow/example_dags/example_branch_python_dop_operator_3.py
[2022-12-21 21:45:34,925] {logging_mixin.py:115} INFO - [2022-12-21 21:45:34,925] {dag.py:2379} INFO - Sync 1 DAGs
[2022-12-21 21:45:34,958] {logging_mixin.py:115} INFO - [2022-12-21 21:45:34,958] {dag.py:2927} INFO - Setting next_dagrun for example_branch_dop_operator_v3 to 2022-12-22T00:44:00+00:00, run_after=2022-12-22T00:45:00+00:00
[2022-12-21 21:45:35,299] {processor.py:161} INFO - Processing /home/nayara/Downloads/EngDados/ALURA/api_twitter/venv/lib/python3.9/site-packages/airflow/example_dags/example_branch_python_dop_operator_3.py took 0.475 seconds
[2022-12-21 21:46:32,970] {processor.py:153} INFO - Started process (PID=17222) to work on /home/nayara/Downloads/EngDados/ALURA/api_twitter/venv/lib/python3.9/site-packages/airflow/example_dags/example_branch_python_dop_operator_3.py
[2022-12-21 21:46:32,972] {processor.py:641} INFO - Processing file /home/nayara/Downloads/EngDados/ALURA/api_twitter/venv/lib/python3.9/site-packages/airflow/example_dags/example_branch_python_dop_operator_3.py for tasks to queue
[2022-12-21 21:46:32,973] {logging_mixin.py:115} INFO - [2022-12-21 21:46:32,973] {dagbag.py:507} INFO - Filling up the DagBag from /home/nayara/Downloads/EngDados/ALURA/api_twitter/venv/lib/python3.9/site-packages/airflow/example_dags/example_branch_python_dop_operator_3.py
[2022-12-21 21:46:32,992] {processor.py:651} INFO - DAG(s) dict_keys(['example_branch_dop_operator_v3']) retrieved from /home/nayara/Downloads/EngDados/ALURA/api_twitter/venv/lib/python3.9/site-packages/airflow/example_dags/example_branch_python_dop_operator_3.py
[2022-12-21 21:46:33,017] {logging_mixin.py:115} INFO - [2022-12-21 21:46:33,017] {dag.py:2379} INFO - Sync 1 DAGs
[2022-12-21 21:46:33,050] {logging_mixin.py:115} INFO - [2022-12-21 21:46:33,050] {dag.py:2927} INFO - Setting next_dagrun for example_branch_dop_operator_v3 to 2022-12-22T00:45:00+00:00, run_after=2022-12-22T00:46:00+00:00
[2022-12-21 21:46:33,343] {processor.py:161} INFO - Processing /home/nayara/Downloads/EngDados/ALURA/api_twitter/venv/lib/python3.9/site-packages/airflow/example_dags/example_branch_python_dop_operator_3.py took 0.383 seconds
[2022-12-21 21:47:21,032] {processor.py:153} INFO - Started process (PID=17321) to work on /home/nayara/Downloads/EngDados/ALURA/api_twitter/venv/lib/python3.9/site-packages/airflow/example_dags/example_branch_python_dop_operator_3.py
[2022-12-21 21:47:21,101] {processor.py:641} INFO - Processing file /home/nayara/Downloads/EngDados/ALURA/api_twitter/venv/lib/python3.9/site-packages/airflow/example_dags/example_branch_python_dop_operator_3.py for tasks to queue
[2022-12-21 21:47:21,103] {logging_mixin.py:115} INFO - [2022-12-21 21:47:21,103] {dagbag.py:507} INFO - Filling up the DagBag from /home/nayara/Downloads/EngDados/ALURA/api_twitter/venv/lib/python3.9/site-packages/airflow/example_dags/example_branch_python_dop_operator_3.py
[2022-12-21 21:47:21,137] {processor.py:651} INFO - DAG(s) dict_keys(['example_branch_dop_operator_v3']) retrieved from /home/nayara/Downloads/EngDados/ALURA/api_twitter/venv/lib/python3.9/site-packages/airflow/example_dags/example_branch_python_dop_operator_3.py
[2022-12-21 21:47:21,157] {logging_mixin.py:115} INFO - [2022-12-21 21:47:21,156] {dag.py:2379} INFO - Sync 1 DAGs
[2022-12-21 21:47:21,184] {logging_mixin.py:115} INFO - [2022-12-21 21:47:21,183] {dag.py:2927} INFO - Setting next_dagrun for example_branch_dop_operator_v3 to 2022-12-22T00:46:00+00:00, run_after=2022-12-22T00:47:00+00:00
[2022-12-21 21:47:21,582] {processor.py:161} INFO - Processing /home/nayara/Downloads/EngDados/ALURA/api_twitter/venv/lib/python3.9/site-packages/airflow/example_dags/example_branch_python_dop_operator_3.py took 0.560 seconds
[2022-12-21 21:48:25,141] {processor.py:153} INFO - Started process (PID=17454) to work on /home/nayara/Downloads/EngDados/ALURA/api_twitter/venv/lib/python3.9/site-packages/airflow/example_dags/example_branch_python_dop_operator_3.py
[2022-12-21 21:48:25,153] {processor.py:641} INFO - Processing file /home/nayara/Downloads/EngDados/ALURA/api_twitter/venv/lib/python3.9/site-packages/airflow/example_dags/example_branch_python_dop_operator_3.py for tasks to queue
[2022-12-21 21:48:25,154] {logging_mixin.py:115} INFO - [2022-12-21 21:48:25,154] {dagbag.py:507} INFO - Filling up the DagBag from /home/nayara/Downloads/EngDados/ALURA/api_twitter/venv/lib/python3.9/site-packages/airflow/example_dags/example_branch_python_dop_operator_3.py
[2022-12-21 21:48:25,170] {processor.py:651} INFO - DAG(s) dict_keys(['example_branch_dop_operator_v3']) retrieved from /home/nayara/Downloads/EngDados/ALURA/api_twitter/venv/lib/python3.9/site-packages/airflow/example_dags/example_branch_python_dop_operator_3.py
[2022-12-21 21:48:25,195] {logging_mixin.py:115} INFO - [2022-12-21 21:48:25,195] {dag.py:2379} INFO - Sync 1 DAGs
[2022-12-21 21:48:25,230] {logging_mixin.py:115} INFO - [2022-12-21 21:48:25,230] {dag.py:2927} INFO - Setting next_dagrun for example_branch_dop_operator_v3 to 2022-12-22T00:47:00+00:00, run_after=2022-12-22T00:48:00+00:00
[2022-12-21 21:48:25,511] {processor.py:161} INFO - Processing /home/nayara/Downloads/EngDados/ALURA/api_twitter/venv/lib/python3.9/site-packages/airflow/example_dags/example_branch_python_dop_operator_3.py took 0.380 seconds
[2022-12-21 21:49:45,187] {processor.py:153} INFO - Started process (PID=17537) to work on /home/nayara/Downloads/EngDados/ALURA/api_twitter/venv/lib/python3.9/site-packages/airflow/example_dags/example_branch_python_dop_operator_3.py
[2022-12-21 21:49:45,197] {processor.py:641} INFO - Processing file /home/nayara/Downloads/EngDados/ALURA/api_twitter/venv/lib/python3.9/site-packages/airflow/example_dags/example_branch_python_dop_operator_3.py for tasks to queue
[2022-12-21 21:49:45,198] {logging_mixin.py:115} INFO - [2022-12-21 21:49:45,198] {dagbag.py:507} INFO - Filling up the DagBag from /home/nayara/Downloads/EngDados/ALURA/api_twitter/venv/lib/python3.9/site-packages/airflow/example_dags/example_branch_python_dop_operator_3.py
[2022-12-21 21:49:45,210] {processor.py:651} INFO - DAG(s) dict_keys(['example_branch_dop_operator_v3']) retrieved from /home/nayara/Downloads/EngDados/ALURA/api_twitter/venv/lib/python3.9/site-packages/airflow/example_dags/example_branch_python_dop_operator_3.py
[2022-12-21 21:49:45,230] {logging_mixin.py:115} INFO - [2022-12-21 21:49:45,230] {dag.py:2379} INFO - Sync 1 DAGs
[2022-12-21 21:49:45,257] {logging_mixin.py:115} INFO - [2022-12-21 21:49:45,257] {dag.py:2927} INFO - Setting next_dagrun for example_branch_dop_operator_v3 to 2022-12-22T00:48:00+00:00, run_after=2022-12-22T00:49:00+00:00
[2022-12-21 21:49:45,584] {processor.py:161} INFO - Processing /home/nayara/Downloads/EngDados/ALURA/api_twitter/venv/lib/python3.9/site-packages/airflow/example_dags/example_branch_python_dop_operator_3.py took 0.400 seconds
[2022-12-21 21:50:31,682] {processor.py:153} INFO - Started process (PID=17762) to work on /home/nayara/Downloads/EngDados/ALURA/api_twitter/venv/lib/python3.9/site-packages/airflow/example_dags/example_branch_python_dop_operator_3.py
[2022-12-21 21:50:31,705] {processor.py:641} INFO - Processing file /home/nayara/Downloads/EngDados/ALURA/api_twitter/venv/lib/python3.9/site-packages/airflow/example_dags/example_branch_python_dop_operator_3.py for tasks to queue
[2022-12-21 21:50:31,705] {logging_mixin.py:115} INFO - [2022-12-21 21:50:31,705] {dagbag.py:507} INFO - Filling up the DagBag from /home/nayara/Downloads/EngDados/ALURA/api_twitter/venv/lib/python3.9/site-packages/airflow/example_dags/example_branch_python_dop_operator_3.py
[2022-12-21 21:50:31,718] {processor.py:651} INFO - DAG(s) dict_keys(['example_branch_dop_operator_v3']) retrieved from /home/nayara/Downloads/EngDados/ALURA/api_twitter/venv/lib/python3.9/site-packages/airflow/example_dags/example_branch_python_dop_operator_3.py
[2022-12-21 21:50:31,737] {logging_mixin.py:115} INFO - [2022-12-21 21:50:31,737] {dag.py:2379} INFO - Sync 1 DAGs
[2022-12-21 21:50:31,764] {logging_mixin.py:115} INFO - [2022-12-21 21:50:31,764] {dag.py:2927} INFO - Setting next_dagrun for example_branch_dop_operator_v3 to 2022-12-22T00:49:00+00:00, run_after=2022-12-22T00:50:00+00:00
[2022-12-21 21:50:32,091] {processor.py:161} INFO - Processing /home/nayara/Downloads/EngDados/ALURA/api_twitter/venv/lib/python3.9/site-packages/airflow/example_dags/example_branch_python_dop_operator_3.py took 0.412 seconds
[2022-12-21 21:51:28,918] {processor.py:153} INFO - Started process (PID=17882) to work on /home/nayara/Downloads/EngDados/ALURA/api_twitter/venv/lib/python3.9/site-packages/airflow/example_dags/example_branch_python_dop_operator_3.py
[2022-12-21 21:51:28,920] {processor.py:641} INFO - Processing file /home/nayara/Downloads/EngDados/ALURA/api_twitter/venv/lib/python3.9/site-packages/airflow/example_dags/example_branch_python_dop_operator_3.py for tasks to queue
[2022-12-21 21:51:28,921] {logging_mixin.py:115} INFO - [2022-12-21 21:51:28,921] {dagbag.py:507} INFO - Filling up the DagBag from /home/nayara/Downloads/EngDados/ALURA/api_twitter/venv/lib/python3.9/site-packages/airflow/example_dags/example_branch_python_dop_operator_3.py
[2022-12-21 21:51:28,937] {processor.py:651} INFO - DAG(s) dict_keys(['example_branch_dop_operator_v3']) retrieved from /home/nayara/Downloads/EngDados/ALURA/api_twitter/venv/lib/python3.9/site-packages/airflow/example_dags/example_branch_python_dop_operator_3.py
[2022-12-21 21:51:28,956] {logging_mixin.py:115} INFO - [2022-12-21 21:51:28,956] {dag.py:2379} INFO - Sync 1 DAGs
[2022-12-21 21:51:28,984] {logging_mixin.py:115} INFO - [2022-12-21 21:51:28,984] {dag.py:2927} INFO - Setting next_dagrun for example_branch_dop_operator_v3 to 2022-12-22T00:50:00+00:00, run_after=2022-12-22T00:51:00+00:00
[2022-12-21 21:51:29,356] {processor.py:161} INFO - Processing /home/nayara/Downloads/EngDados/ALURA/api_twitter/venv/lib/python3.9/site-packages/airflow/example_dags/example_branch_python_dop_operator_3.py took 0.443 seconds
[2022-12-21 21:52:16,747] {processor.py:153} INFO - Started process (PID=17989) to work on /home/nayara/Downloads/EngDados/ALURA/api_twitter/venv/lib/python3.9/site-packages/airflow/example_dags/example_branch_python_dop_operator_3.py
[2022-12-21 21:52:16,768] {processor.py:641} INFO - Processing file /home/nayara/Downloads/EngDados/ALURA/api_twitter/venv/lib/python3.9/site-packages/airflow/example_dags/example_branch_python_dop_operator_3.py for tasks to queue
[2022-12-21 21:52:16,770] {logging_mixin.py:115} INFO - [2022-12-21 21:52:16,770] {dagbag.py:507} INFO - Filling up the DagBag from /home/nayara/Downloads/EngDados/ALURA/api_twitter/venv/lib/python3.9/site-packages/airflow/example_dags/example_branch_python_dop_operator_3.py
[2022-12-21 21:52:16,805] {processor.py:651} INFO - DAG(s) dict_keys(['example_branch_dop_operator_v3']) retrieved from /home/nayara/Downloads/EngDados/ALURA/api_twitter/venv/lib/python3.9/site-packages/airflow/example_dags/example_branch_python_dop_operator_3.py
[2022-12-21 21:52:16,832] {logging_mixin.py:115} INFO - [2022-12-21 21:52:16,832] {dag.py:2379} INFO - Sync 1 DAGs
[2022-12-21 21:52:16,875] {logging_mixin.py:115} INFO - [2022-12-21 21:52:16,875] {dag.py:2927} INFO - Setting next_dagrun for example_branch_dop_operator_v3 to 2022-12-22T00:51:00+00:00, run_after=2022-12-22T00:52:00+00:00
[2022-12-21 21:52:17,201] {processor.py:161} INFO - Processing /home/nayara/Downloads/EngDados/ALURA/api_twitter/venv/lib/python3.9/site-packages/airflow/example_dags/example_branch_python_dop_operator_3.py took 0.472 seconds
[2022-12-21 21:53:14,175] {processor.py:153} INFO - Started process (PID=18225) to work on /home/nayara/Downloads/EngDados/ALURA/api_twitter/venv/lib/python3.9/site-packages/airflow/example_dags/example_branch_python_dop_operator_3.py
[2022-12-21 21:53:14,199] {processor.py:641} INFO - Processing file /home/nayara/Downloads/EngDados/ALURA/api_twitter/venv/lib/python3.9/site-packages/airflow/example_dags/example_branch_python_dop_operator_3.py for tasks to queue
[2022-12-21 21:53:14,200] {logging_mixin.py:115} INFO - [2022-12-21 21:53:14,200] {dagbag.py:507} INFO - Filling up the DagBag from /home/nayara/Downloads/EngDados/ALURA/api_twitter/venv/lib/python3.9/site-packages/airflow/example_dags/example_branch_python_dop_operator_3.py
[2022-12-21 21:53:14,237] {processor.py:651} INFO - DAG(s) dict_keys(['example_branch_dop_operator_v3']) retrieved from /home/nayara/Downloads/EngDados/ALURA/api_twitter/venv/lib/python3.9/site-packages/airflow/example_dags/example_branch_python_dop_operator_3.py
[2022-12-21 21:53:14,279] {logging_mixin.py:115} INFO - [2022-12-21 21:53:14,278] {dag.py:2379} INFO - Sync 1 DAGs
[2022-12-21 21:53:14,324] {logging_mixin.py:115} INFO - [2022-12-21 21:53:14,324] {dag.py:2927} INFO - Setting next_dagrun for example_branch_dop_operator_v3 to 2022-12-22T00:52:00+00:00, run_after=2022-12-22T00:53:00+00:00
[2022-12-21 21:53:14,635] {processor.py:161} INFO - Processing /home/nayara/Downloads/EngDados/ALURA/api_twitter/venv/lib/python3.9/site-packages/airflow/example_dags/example_branch_python_dop_operator_3.py took 0.470 seconds
[2022-12-21 21:54:05,686] {processor.py:153} INFO - Started process (PID=18370) to work on /home/nayara/Downloads/EngDados/ALURA/api_twitter/venv/lib/python3.9/site-packages/airflow/example_dags/example_branch_python_dop_operator_3.py
[2022-12-21 21:54:05,687] {processor.py:641} INFO - Processing file /home/nayara/Downloads/EngDados/ALURA/api_twitter/venv/lib/python3.9/site-packages/airflow/example_dags/example_branch_python_dop_operator_3.py for tasks to queue
[2022-12-21 21:54:05,688] {logging_mixin.py:115} INFO - [2022-12-21 21:54:05,688] {dagbag.py:507} INFO - Filling up the DagBag from /home/nayara/Downloads/EngDados/ALURA/api_twitter/venv/lib/python3.9/site-packages/airflow/example_dags/example_branch_python_dop_operator_3.py
[2022-12-21 21:54:05,700] {processor.py:651} INFO - DAG(s) dict_keys(['example_branch_dop_operator_v3']) retrieved from /home/nayara/Downloads/EngDados/ALURA/api_twitter/venv/lib/python3.9/site-packages/airflow/example_dags/example_branch_python_dop_operator_3.py
[2022-12-21 21:54:05,720] {logging_mixin.py:115} INFO - [2022-12-21 21:54:05,720] {dag.py:2379} INFO - Sync 1 DAGs
[2022-12-21 21:54:05,748] {logging_mixin.py:115} INFO - [2022-12-21 21:54:05,748] {dag.py:2927} INFO - Setting next_dagrun for example_branch_dop_operator_v3 to 2022-12-22T00:53:00+00:00, run_after=2022-12-22T00:54:00+00:00
[2022-12-21 21:54:06,026] {processor.py:161} INFO - Processing /home/nayara/Downloads/EngDados/ALURA/api_twitter/venv/lib/python3.9/site-packages/airflow/example_dags/example_branch_python_dop_operator_3.py took 0.344 seconds
[2022-12-21 21:54:56,980] {processor.py:153} INFO - Started process (PID=18455) to work on /home/nayara/Downloads/EngDados/ALURA/api_twitter/venv/lib/python3.9/site-packages/airflow/example_dags/example_branch_python_dop_operator_3.py
[2022-12-21 21:54:57,004] {processor.py:641} INFO - Processing file /home/nayara/Downloads/EngDados/ALURA/api_twitter/venv/lib/python3.9/site-packages/airflow/example_dags/example_branch_python_dop_operator_3.py for tasks to queue
[2022-12-21 21:54:57,005] {logging_mixin.py:115} INFO - [2022-12-21 21:54:57,005] {dagbag.py:507} INFO - Filling up the DagBag from /home/nayara/Downloads/EngDados/ALURA/api_twitter/venv/lib/python3.9/site-packages/airflow/example_dags/example_branch_python_dop_operator_3.py
[2022-12-21 21:54:57,021] {processor.py:651} INFO - DAG(s) dict_keys(['example_branch_dop_operator_v3']) retrieved from /home/nayara/Downloads/EngDados/ALURA/api_twitter/venv/lib/python3.9/site-packages/airflow/example_dags/example_branch_python_dop_operator_3.py
[2022-12-21 21:54:57,052] {logging_mixin.py:115} INFO - [2022-12-21 21:54:57,052] {dag.py:2379} INFO - Sync 1 DAGs
[2022-12-21 21:54:57,096] {logging_mixin.py:115} INFO - [2022-12-21 21:54:57,096] {dag.py:2927} INFO - Setting next_dagrun for example_branch_dop_operator_v3 to 2022-12-22T00:53:00+00:00, run_after=2022-12-22T00:54:00+00:00
[2022-12-21 21:54:57,436] {processor.py:161} INFO - Processing /home/nayara/Downloads/EngDados/ALURA/api_twitter/venv/lib/python3.9/site-packages/airflow/example_dags/example_branch_python_dop_operator_3.py took 0.464 seconds
