[2022-12-21 21:38:02,623] {processor.py:153} INFO - Started process (PID=16151) to work on /home/nayara/Downloads/EngDados/ALURA/api_twitter/venv/lib/python3.9/site-packages/airflow/example_dags/example_branch_datetime_operator.py
[2022-12-21 21:38:02,625] {processor.py:641} INFO - Processing file /home/nayara/Downloads/EngDados/ALURA/api_twitter/venv/lib/python3.9/site-packages/airflow/example_dags/example_branch_datetime_operator.py for tasks to queue
[2022-12-21 21:38:02,628] {logging_mixin.py:115} INFO - [2022-12-21 21:38:02,627] {dagbag.py:507} INFO - Filling up the DagBag from /home/nayara/Downloads/EngDados/ALURA/api_twitter/venv/lib/python3.9/site-packages/airflow/example_dags/example_branch_datetime_operator.py
[2022-12-21 21:38:02,675] {processor.py:651} INFO - DAG(s) dict_keys(['example_branch_datetime_operator_2']) retrieved from /home/nayara/Downloads/EngDados/ALURA/api_twitter/venv/lib/python3.9/site-packages/airflow/example_dags/example_branch_datetime_operator.py
[2022-12-21 21:38:04,492] {logging_mixin.py:115} INFO - [2022-12-21 21:38:04,492] {manager.py:508} INFO - Created Permission View: can read on DAG:example_branch_datetime_operator_2
[2022-12-21 21:38:05,923] {logging_mixin.py:115} INFO - [2022-12-21 21:38:05,923] {manager.py:508} INFO - Created Permission View: can delete on DAG:example_branch_datetime_operator_2
[2022-12-21 21:38:06,594] {logging_mixin.py:115} INFO - [2022-12-21 21:38:06,593] {manager.py:508} INFO - Created Permission View: can edit on DAG:example_branch_datetime_operator_2
[2022-12-21 21:38:06,603] {logging_mixin.py:115} INFO - [2022-12-21 21:38:06,603] {dag.py:2379} INFO - Sync 1 DAGs
[2022-12-21 21:38:07,241] {logging_mixin.py:115} INFO - [2022-12-21 21:38:07,241] {dag.py:2398} INFO - Creating ORM DAG for example_branch_datetime_operator_2
[2022-12-21 21:38:08,243] {logging_mixin.py:115} INFO - [2022-12-21 21:38:08,242] {dag.py:2927} INFO - Setting next_dagrun for example_branch_datetime_operator_2 to 2022-12-21T00:00:00+00:00, run_after=2022-12-22T00:00:00+00:00
[2022-12-21 21:38:10,416] {processor.py:161} INFO - Processing /home/nayara/Downloads/EngDados/ALURA/api_twitter/venv/lib/python3.9/site-packages/airflow/example_dags/example_branch_datetime_operator.py took 7.808 seconds
[2022-12-21 21:39:36,300] {processor.py:153} INFO - Started process (PID=16267) to work on /home/nayara/Downloads/EngDados/ALURA/api_twitter/venv/lib/python3.9/site-packages/airflow/example_dags/example_branch_datetime_operator.py
[2022-12-21 21:39:36,341] {processor.py:641} INFO - Processing file /home/nayara/Downloads/EngDados/ALURA/api_twitter/venv/lib/python3.9/site-packages/airflow/example_dags/example_branch_datetime_operator.py for tasks to queue
[2022-12-21 21:39:36,342] {logging_mixin.py:115} INFO - [2022-12-21 21:39:36,342] {dagbag.py:507} INFO - Filling up the DagBag from /home/nayara/Downloads/EngDados/ALURA/api_twitter/venv/lib/python3.9/site-packages/airflow/example_dags/example_branch_datetime_operator.py
[2022-12-21 21:39:36,393] {processor.py:651} INFO - DAG(s) dict_keys(['example_branch_datetime_operator_2']) retrieved from /home/nayara/Downloads/EngDados/ALURA/api_twitter/venv/lib/python3.9/site-packages/airflow/example_dags/example_branch_datetime_operator.py
[2022-12-21 21:39:36,416] {logging_mixin.py:115} INFO - [2022-12-21 21:39:36,416] {dag.py:2379} INFO - Sync 1 DAGs
[2022-12-21 21:39:36,439] {logging_mixin.py:115} INFO - [2022-12-21 21:39:36,439] {dag.py:2927} INFO - Setting next_dagrun for example_branch_datetime_operator_2 to 2022-12-21T00:00:00+00:00, run_after=2022-12-22T00:00:00+00:00
[2022-12-21 21:39:37,027] {processor.py:161} INFO - Processing /home/nayara/Downloads/EngDados/ALURA/api_twitter/venv/lib/python3.9/site-packages/airflow/example_dags/example_branch_datetime_operator.py took 0.732 seconds
[2022-12-21 21:40:36,738] {processor.py:153} INFO - Started process (PID=16382) to work on /home/nayara/Downloads/EngDados/ALURA/api_twitter/venv/lib/python3.9/site-packages/airflow/example_dags/example_branch_datetime_operator.py
[2022-12-21 21:40:36,752] {processor.py:641} INFO - Processing file /home/nayara/Downloads/EngDados/ALURA/api_twitter/venv/lib/python3.9/site-packages/airflow/example_dags/example_branch_datetime_operator.py for tasks to queue
[2022-12-21 21:40:36,753] {logging_mixin.py:115} INFO - [2022-12-21 21:40:36,753] {dagbag.py:507} INFO - Filling up the DagBag from /home/nayara/Downloads/EngDados/ALURA/api_twitter/venv/lib/python3.9/site-packages/airflow/example_dags/example_branch_datetime_operator.py
[2022-12-21 21:40:36,774] {processor.py:651} INFO - DAG(s) dict_keys(['example_branch_datetime_operator_2']) retrieved from /home/nayara/Downloads/EngDados/ALURA/api_twitter/venv/lib/python3.9/site-packages/airflow/example_dags/example_branch_datetime_operator.py
[2022-12-21 21:40:36,810] {logging_mixin.py:115} INFO - [2022-12-21 21:40:36,810] {dag.py:2379} INFO - Sync 1 DAGs
[2022-12-21 21:40:36,863] {logging_mixin.py:115} INFO - [2022-12-21 21:40:36,862] {dag.py:2927} INFO - Setting next_dagrun for example_branch_datetime_operator_2 to 2022-12-21T00:00:00+00:00, run_after=2022-12-22T00:00:00+00:00
[2022-12-21 21:40:37,229] {processor.py:161} INFO - Processing /home/nayara/Downloads/EngDados/ALURA/api_twitter/venv/lib/python3.9/site-packages/airflow/example_dags/example_branch_datetime_operator.py took 0.499 seconds
[2022-12-21 21:41:57,508] {processor.py:153} INFO - Started process (PID=16547) to work on /home/nayara/Downloads/EngDados/ALURA/api_twitter/venv/lib/python3.9/site-packages/airflow/example_dags/example_branch_datetime_operator.py
[2022-12-21 21:41:57,534] {processor.py:641} INFO - Processing file /home/nayara/Downloads/EngDados/ALURA/api_twitter/venv/lib/python3.9/site-packages/airflow/example_dags/example_branch_datetime_operator.py for tasks to queue
[2022-12-21 21:41:57,536] {logging_mixin.py:115} INFO - [2022-12-21 21:41:57,536] {dagbag.py:507} INFO - Filling up the DagBag from /home/nayara/Downloads/EngDados/ALURA/api_twitter/venv/lib/python3.9/site-packages/airflow/example_dags/example_branch_datetime_operator.py
[2022-12-21 21:41:57,585] {processor.py:651} INFO - DAG(s) dict_keys(['example_branch_datetime_operator_2']) retrieved from /home/nayara/Downloads/EngDados/ALURA/api_twitter/venv/lib/python3.9/site-packages/airflow/example_dags/example_branch_datetime_operator.py
[2022-12-21 21:41:57,616] {logging_mixin.py:115} INFO - [2022-12-21 21:41:57,616] {dag.py:2379} INFO - Sync 1 DAGs
[2022-12-21 21:41:57,645] {logging_mixin.py:115} INFO - [2022-12-21 21:41:57,645] {dag.py:2927} INFO - Setting next_dagrun for example_branch_datetime_operator_2 to 2022-12-21T00:00:00+00:00, run_after=2022-12-22T00:00:00+00:00
[2022-12-21 21:41:57,955] {processor.py:161} INFO - Processing /home/nayara/Downloads/EngDados/ALURA/api_twitter/venv/lib/python3.9/site-packages/airflow/example_dags/example_branch_datetime_operator.py took 0.468 seconds
[2022-12-21 21:42:58,873] {processor.py:153} INFO - Started process (PID=16612) to work on /home/nayara/Downloads/EngDados/ALURA/api_twitter/venv/lib/python3.9/site-packages/airflow/example_dags/example_branch_datetime_operator.py
[2022-12-21 21:42:58,906] {processor.py:641} INFO - Processing file /home/nayara/Downloads/EngDados/ALURA/api_twitter/venv/lib/python3.9/site-packages/airflow/example_dags/example_branch_datetime_operator.py for tasks to queue
[2022-12-21 21:42:58,907] {logging_mixin.py:115} INFO - [2022-12-21 21:42:58,907] {dagbag.py:507} INFO - Filling up the DagBag from /home/nayara/Downloads/EngDados/ALURA/api_twitter/venv/lib/python3.9/site-packages/airflow/example_dags/example_branch_datetime_operator.py
[2022-12-21 21:42:58,917] {processor.py:651} INFO - DAG(s) dict_keys(['example_branch_datetime_operator_2']) retrieved from /home/nayara/Downloads/EngDados/ALURA/api_twitter/venv/lib/python3.9/site-packages/airflow/example_dags/example_branch_datetime_operator.py
[2022-12-21 21:42:58,939] {logging_mixin.py:115} INFO - [2022-12-21 21:42:58,938] {dag.py:2379} INFO - Sync 1 DAGs
[2022-12-21 21:42:58,964] {logging_mixin.py:115} INFO - [2022-12-21 21:42:58,964] {dag.py:2927} INFO - Setting next_dagrun for example_branch_datetime_operator_2 to 2022-12-21T00:00:00+00:00, run_after=2022-12-22T00:00:00+00:00
[2022-12-21 21:42:59,235] {processor.py:161} INFO - Processing /home/nayara/Downloads/EngDados/ALURA/api_twitter/venv/lib/python3.9/site-packages/airflow/example_dags/example_branch_datetime_operator.py took 0.366 seconds
[2022-12-21 21:44:06,109] {processor.py:153} INFO - Started process (PID=16704) to work on /home/nayara/Downloads/EngDados/ALURA/api_twitter/venv/lib/python3.9/site-packages/airflow/example_dags/example_branch_datetime_operator.py
[2022-12-21 21:44:06,123] {processor.py:641} INFO - Processing file /home/nayara/Downloads/EngDados/ALURA/api_twitter/venv/lib/python3.9/site-packages/airflow/example_dags/example_branch_datetime_operator.py for tasks to queue
[2022-12-21 21:44:06,124] {logging_mixin.py:115} INFO - [2022-12-21 21:44:06,124] {dagbag.py:507} INFO - Filling up the DagBag from /home/nayara/Downloads/EngDados/ALURA/api_twitter/venv/lib/python3.9/site-packages/airflow/example_dags/example_branch_datetime_operator.py
[2022-12-21 21:44:06,137] {processor.py:651} INFO - DAG(s) dict_keys(['example_branch_datetime_operator_2']) retrieved from /home/nayara/Downloads/EngDados/ALURA/api_twitter/venv/lib/python3.9/site-packages/airflow/example_dags/example_branch_datetime_operator.py
[2022-12-21 21:44:06,157] {logging_mixin.py:115} INFO - [2022-12-21 21:44:06,157] {dag.py:2379} INFO - Sync 1 DAGs
[2022-12-21 21:44:06,181] {logging_mixin.py:115} INFO - [2022-12-21 21:44:06,181] {dag.py:2927} INFO - Setting next_dagrun for example_branch_datetime_operator_2 to 2022-12-21T00:00:00+00:00, run_after=2022-12-22T00:00:00+00:00
[2022-12-21 21:44:06,397] {processor.py:161} INFO - Processing /home/nayara/Downloads/EngDados/ALURA/api_twitter/venv/lib/python3.9/site-packages/airflow/example_dags/example_branch_datetime_operator.py took 0.300 seconds
[2022-12-21 21:44:56,601] {processor.py:153} INFO - Started process (PID=16759) to work on /home/nayara/Downloads/EngDados/ALURA/api_twitter/venv/lib/python3.9/site-packages/airflow/example_dags/example_branch_datetime_operator.py
[2022-12-21 21:44:56,675] {processor.py:641} INFO - Processing file /home/nayara/Downloads/EngDados/ALURA/api_twitter/venv/lib/python3.9/site-packages/airflow/example_dags/example_branch_datetime_operator.py for tasks to queue
[2022-12-21 21:44:56,677] {logging_mixin.py:115} INFO - [2022-12-21 21:44:56,676] {dagbag.py:507} INFO - Filling up the DagBag from /home/nayara/Downloads/EngDados/ALURA/api_twitter/venv/lib/python3.9/site-packages/airflow/example_dags/example_branch_datetime_operator.py
[2022-12-21 21:44:56,710] {processor.py:651} INFO - DAG(s) dict_keys(['example_branch_datetime_operator_2']) retrieved from /home/nayara/Downloads/EngDados/ALURA/api_twitter/venv/lib/python3.9/site-packages/airflow/example_dags/example_branch_datetime_operator.py
[2022-12-21 21:44:56,733] {logging_mixin.py:115} INFO - [2022-12-21 21:44:56,733] {dag.py:2379} INFO - Sync 1 DAGs
[2022-12-21 21:44:56,767] {logging_mixin.py:115} INFO - [2022-12-21 21:44:56,767] {dag.py:2927} INFO - Setting next_dagrun for example_branch_datetime_operator_2 to 2022-12-21T00:00:00+00:00, run_after=2022-12-22T00:00:00+00:00
[2022-12-21 21:44:56,960] {processor.py:161} INFO - Processing /home/nayara/Downloads/EngDados/ALURA/api_twitter/venv/lib/python3.9/site-packages/airflow/example_dags/example_branch_datetime_operator.py took 0.366 seconds
[2022-12-21 21:45:57,837] {processor.py:153} INFO - Started process (PID=16914) to work on /home/nayara/Downloads/EngDados/ALURA/api_twitter/venv/lib/python3.9/site-packages/airflow/example_dags/example_branch_datetime_operator.py
[2022-12-21 21:45:57,858] {processor.py:641} INFO - Processing file /home/nayara/Downloads/EngDados/ALURA/api_twitter/venv/lib/python3.9/site-packages/airflow/example_dags/example_branch_datetime_operator.py for tasks to queue
[2022-12-21 21:45:57,860] {logging_mixin.py:115} INFO - [2022-12-21 21:45:57,860] {dagbag.py:507} INFO - Filling up the DagBag from /home/nayara/Downloads/EngDados/ALURA/api_twitter/venv/lib/python3.9/site-packages/airflow/example_dags/example_branch_datetime_operator.py
[2022-12-21 21:45:57,885] {processor.py:651} INFO - DAG(s) dict_keys(['example_branch_datetime_operator_2']) retrieved from /home/nayara/Downloads/EngDados/ALURA/api_twitter/venv/lib/python3.9/site-packages/airflow/example_dags/example_branch_datetime_operator.py
[2022-12-21 21:45:57,907] {logging_mixin.py:115} INFO - [2022-12-21 21:45:57,907] {dag.py:2379} INFO - Sync 1 DAGs
[2022-12-21 21:45:57,932] {logging_mixin.py:115} INFO - [2022-12-21 21:45:57,932] {dag.py:2927} INFO - Setting next_dagrun for example_branch_datetime_operator_2 to 2022-12-21T00:00:00+00:00, run_after=2022-12-22T00:00:00+00:00
[2022-12-21 21:45:58,142] {processor.py:161} INFO - Processing /home/nayara/Downloads/EngDados/ALURA/api_twitter/venv/lib/python3.9/site-packages/airflow/example_dags/example_branch_datetime_operator.py took 0.320 seconds
[2022-12-21 21:47:00,482] {processor.py:153} INFO - Started process (PID=17287) to work on /home/nayara/Downloads/EngDados/ALURA/api_twitter/venv/lib/python3.9/site-packages/airflow/example_dags/example_branch_datetime_operator.py
[2022-12-21 21:47:00,498] {processor.py:641} INFO - Processing file /home/nayara/Downloads/EngDados/ALURA/api_twitter/venv/lib/python3.9/site-packages/airflow/example_dags/example_branch_datetime_operator.py for tasks to queue
[2022-12-21 21:47:00,499] {logging_mixin.py:115} INFO - [2022-12-21 21:47:00,499] {dagbag.py:507} INFO - Filling up the DagBag from /home/nayara/Downloads/EngDados/ALURA/api_twitter/venv/lib/python3.9/site-packages/airflow/example_dags/example_branch_datetime_operator.py
[2022-12-21 21:47:00,515] {processor.py:651} INFO - DAG(s) dict_keys(['example_branch_datetime_operator_2']) retrieved from /home/nayara/Downloads/EngDados/ALURA/api_twitter/venv/lib/python3.9/site-packages/airflow/example_dags/example_branch_datetime_operator.py
[2022-12-21 21:47:00,550] {logging_mixin.py:115} INFO - [2022-12-21 21:47:00,549] {dag.py:2379} INFO - Sync 1 DAGs
[2022-12-21 21:47:00,598] {logging_mixin.py:115} INFO - [2022-12-21 21:47:00,598] {dag.py:2927} INFO - Setting next_dagrun for example_branch_datetime_operator_2 to 2022-12-21T00:00:00+00:00, run_after=2022-12-22T00:00:00+00:00
[2022-12-21 21:47:01,125] {processor.py:161} INFO - Processing /home/nayara/Downloads/EngDados/ALURA/api_twitter/venv/lib/python3.9/site-packages/airflow/example_dags/example_branch_datetime_operator.py took 0.651 seconds
[2022-12-21 21:48:08,239] {processor.py:153} INFO - Started process (PID=17441) to work on /home/nayara/Downloads/EngDados/ALURA/api_twitter/venv/lib/python3.9/site-packages/airflow/example_dags/example_branch_datetime_operator.py
[2022-12-21 21:48:08,311] {processor.py:641} INFO - Processing file /home/nayara/Downloads/EngDados/ALURA/api_twitter/venv/lib/python3.9/site-packages/airflow/example_dags/example_branch_datetime_operator.py for tasks to queue
[2022-12-21 21:48:08,314] {logging_mixin.py:115} INFO - [2022-12-21 21:48:08,313] {dagbag.py:507} INFO - Filling up the DagBag from /home/nayara/Downloads/EngDados/ALURA/api_twitter/venv/lib/python3.9/site-packages/airflow/example_dags/example_branch_datetime_operator.py
[2022-12-21 21:48:08,368] {processor.py:651} INFO - DAG(s) dict_keys(['example_branch_datetime_operator_2']) retrieved from /home/nayara/Downloads/EngDados/ALURA/api_twitter/venv/lib/python3.9/site-packages/airflow/example_dags/example_branch_datetime_operator.py
[2022-12-21 21:48:08,400] {logging_mixin.py:115} INFO - [2022-12-21 21:48:08,400] {dag.py:2379} INFO - Sync 1 DAGs
[2022-12-21 21:48:08,430] {logging_mixin.py:115} INFO - [2022-12-21 21:48:08,430] {dag.py:2927} INFO - Setting next_dagrun for example_branch_datetime_operator_2 to 2022-12-21T00:00:00+00:00, run_after=2022-12-22T00:00:00+00:00
[2022-12-21 21:48:09,009] {processor.py:161} INFO - Processing /home/nayara/Downloads/EngDados/ALURA/api_twitter/venv/lib/python3.9/site-packages/airflow/example_dags/example_branch_datetime_operator.py took 0.788 seconds
[2022-12-21 21:49:20,980] {processor.py:153} INFO - Started process (PID=17517) to work on /home/nayara/Downloads/EngDados/ALURA/api_twitter/venv/lib/python3.9/site-packages/airflow/example_dags/example_branch_datetime_operator.py
[2022-12-21 21:49:21,008] {processor.py:641} INFO - Processing file /home/nayara/Downloads/EngDados/ALURA/api_twitter/venv/lib/python3.9/site-packages/airflow/example_dags/example_branch_datetime_operator.py for tasks to queue
[2022-12-21 21:49:21,009] {logging_mixin.py:115} INFO - [2022-12-21 21:49:21,009] {dagbag.py:507} INFO - Filling up the DagBag from /home/nayara/Downloads/EngDados/ALURA/api_twitter/venv/lib/python3.9/site-packages/airflow/example_dags/example_branch_datetime_operator.py
[2022-12-21 21:49:21,036] {processor.py:651} INFO - DAG(s) dict_keys(['example_branch_datetime_operator_2']) retrieved from /home/nayara/Downloads/EngDados/ALURA/api_twitter/venv/lib/python3.9/site-packages/airflow/example_dags/example_branch_datetime_operator.py
[2022-12-21 21:49:21,055] {logging_mixin.py:115} INFO - [2022-12-21 21:49:21,055] {dag.py:2379} INFO - Sync 1 DAGs
[2022-12-21 21:49:21,079] {logging_mixin.py:115} INFO - [2022-12-21 21:49:21,079] {dag.py:2927} INFO - Setting next_dagrun for example_branch_datetime_operator_2 to 2022-12-21T00:00:00+00:00, run_after=2022-12-22T00:00:00+00:00
[2022-12-21 21:49:21,301] {processor.py:161} INFO - Processing /home/nayara/Downloads/EngDados/ALURA/api_twitter/venv/lib/python3.9/site-packages/airflow/example_dags/example_branch_datetime_operator.py took 0.329 seconds
[2022-12-21 21:50:16,142] {processor.py:153} INFO - Started process (PID=17683) to work on /home/nayara/Downloads/EngDados/ALURA/api_twitter/venv/lib/python3.9/site-packages/airflow/example_dags/example_branch_datetime_operator.py
[2022-12-21 21:50:16,153] {processor.py:641} INFO - Processing file /home/nayara/Downloads/EngDados/ALURA/api_twitter/venv/lib/python3.9/site-packages/airflow/example_dags/example_branch_datetime_operator.py for tasks to queue
[2022-12-21 21:50:16,154] {logging_mixin.py:115} INFO - [2022-12-21 21:50:16,154] {dagbag.py:507} INFO - Filling up the DagBag from /home/nayara/Downloads/EngDados/ALURA/api_twitter/venv/lib/python3.9/site-packages/airflow/example_dags/example_branch_datetime_operator.py
[2022-12-21 21:50:16,166] {processor.py:651} INFO - DAG(s) dict_keys(['example_branch_datetime_operator_2']) retrieved from /home/nayara/Downloads/EngDados/ALURA/api_twitter/venv/lib/python3.9/site-packages/airflow/example_dags/example_branch_datetime_operator.py
[2022-12-21 21:50:16,187] {logging_mixin.py:115} INFO - [2022-12-21 21:50:16,187] {dag.py:2379} INFO - Sync 1 DAGs
[2022-12-21 21:50:16,213] {logging_mixin.py:115} INFO - [2022-12-21 21:50:16,213] {dag.py:2927} INFO - Setting next_dagrun for example_branch_datetime_operator_2 to 2022-12-21T00:00:00+00:00, run_after=2022-12-22T00:00:00+00:00
[2022-12-21 21:50:16,529] {processor.py:161} INFO - Processing /home/nayara/Downloads/EngDados/ALURA/api_twitter/venv/lib/python3.9/site-packages/airflow/example_dags/example_branch_datetime_operator.py took 0.397 seconds
[2022-12-21 21:51:15,627] {processor.py:153} INFO - Started process (PID=17820) to work on /home/nayara/Downloads/EngDados/ALURA/api_twitter/venv/lib/python3.9/site-packages/airflow/example_dags/example_branch_datetime_operator.py
[2022-12-21 21:51:15,656] {processor.py:641} INFO - Processing file /home/nayara/Downloads/EngDados/ALURA/api_twitter/venv/lib/python3.9/site-packages/airflow/example_dags/example_branch_datetime_operator.py for tasks to queue
[2022-12-21 21:51:15,658] {logging_mixin.py:115} INFO - [2022-12-21 21:51:15,657] {dagbag.py:507} INFO - Filling up the DagBag from /home/nayara/Downloads/EngDados/ALURA/api_twitter/venv/lib/python3.9/site-packages/airflow/example_dags/example_branch_datetime_operator.py
[2022-12-21 21:51:15,678] {processor.py:651} INFO - DAG(s) dict_keys(['example_branch_datetime_operator_2']) retrieved from /home/nayara/Downloads/EngDados/ALURA/api_twitter/venv/lib/python3.9/site-packages/airflow/example_dags/example_branch_datetime_operator.py
[2022-12-21 21:51:15,700] {logging_mixin.py:115} INFO - [2022-12-21 21:51:15,700] {dag.py:2379} INFO - Sync 1 DAGs
[2022-12-21 21:51:15,723] {logging_mixin.py:115} INFO - [2022-12-21 21:51:15,723] {dag.py:2927} INFO - Setting next_dagrun for example_branch_datetime_operator_2 to 2022-12-21T00:00:00+00:00, run_after=2022-12-22T00:00:00+00:00
[2022-12-21 21:51:15,954] {processor.py:161} INFO - Processing /home/nayara/Downloads/EngDados/ALURA/api_twitter/venv/lib/python3.9/site-packages/airflow/example_dags/example_branch_datetime_operator.py took 0.340 seconds
[2022-12-21 21:52:02,346] {processor.py:153} INFO - Started process (PID=17962) to work on /home/nayara/Downloads/EngDados/ALURA/api_twitter/venv/lib/python3.9/site-packages/airflow/example_dags/example_branch_datetime_operator.py
[2022-12-21 21:52:02,370] {processor.py:641} INFO - Processing file /home/nayara/Downloads/EngDados/ALURA/api_twitter/venv/lib/python3.9/site-packages/airflow/example_dags/example_branch_datetime_operator.py for tasks to queue
[2022-12-21 21:52:02,370] {logging_mixin.py:115} INFO - [2022-12-21 21:52:02,370] {dagbag.py:507} INFO - Filling up the DagBag from /home/nayara/Downloads/EngDados/ALURA/api_twitter/venv/lib/python3.9/site-packages/airflow/example_dags/example_branch_datetime_operator.py
[2022-12-21 21:52:02,385] {processor.py:651} INFO - DAG(s) dict_keys(['example_branch_datetime_operator_2']) retrieved from /home/nayara/Downloads/EngDados/ALURA/api_twitter/venv/lib/python3.9/site-packages/airflow/example_dags/example_branch_datetime_operator.py
[2022-12-21 21:52:02,407] {logging_mixin.py:115} INFO - [2022-12-21 21:52:02,407] {dag.py:2379} INFO - Sync 1 DAGs
[2022-12-21 21:52:02,431] {logging_mixin.py:115} INFO - [2022-12-21 21:52:02,430] {dag.py:2927} INFO - Setting next_dagrun for example_branch_datetime_operator_2 to 2022-12-21T00:00:00+00:00, run_after=2022-12-22T00:00:00+00:00
[2022-12-21 21:52:02,649] {processor.py:161} INFO - Processing /home/nayara/Downloads/EngDados/ALURA/api_twitter/venv/lib/python3.9/site-packages/airflow/example_dags/example_branch_datetime_operator.py took 0.314 seconds
[2022-12-21 21:53:02,779] {processor.py:153} INFO - Started process (PID=18200) to work on /home/nayara/Downloads/EngDados/ALURA/api_twitter/venv/lib/python3.9/site-packages/airflow/example_dags/example_branch_datetime_operator.py
[2022-12-21 21:53:02,813] {processor.py:641} INFO - Processing file /home/nayara/Downloads/EngDados/ALURA/api_twitter/venv/lib/python3.9/site-packages/airflow/example_dags/example_branch_datetime_operator.py for tasks to queue
[2022-12-21 21:53:02,815] {logging_mixin.py:115} INFO - [2022-12-21 21:53:02,814] {dagbag.py:507} INFO - Filling up the DagBag from /home/nayara/Downloads/EngDados/ALURA/api_twitter/venv/lib/python3.9/site-packages/airflow/example_dags/example_branch_datetime_operator.py
[2022-12-21 21:53:02,830] {processor.py:651} INFO - DAG(s) dict_keys(['example_branch_datetime_operator_2']) retrieved from /home/nayara/Downloads/EngDados/ALURA/api_twitter/venv/lib/python3.9/site-packages/airflow/example_dags/example_branch_datetime_operator.py
[2022-12-21 21:53:02,855] {logging_mixin.py:115} INFO - [2022-12-21 21:53:02,854] {dag.py:2379} INFO - Sync 1 DAGs
[2022-12-21 21:53:02,889] {logging_mixin.py:115} INFO - [2022-12-21 21:53:02,889] {dag.py:2927} INFO - Setting next_dagrun for example_branch_datetime_operator_2 to 2022-12-21T00:00:00+00:00, run_after=2022-12-22T00:00:00+00:00
[2022-12-21 21:53:03,090] {processor.py:161} INFO - Processing /home/nayara/Downloads/EngDados/ALURA/api_twitter/venv/lib/python3.9/site-packages/airflow/example_dags/example_branch_datetime_operator.py took 0.322 seconds
[2022-12-21 21:53:52,598] {processor.py:153} INFO - Started process (PID=18339) to work on /home/nayara/Downloads/EngDados/ALURA/api_twitter/venv/lib/python3.9/site-packages/airflow/example_dags/example_branch_datetime_operator.py
[2022-12-21 21:53:52,612] {processor.py:641} INFO - Processing file /home/nayara/Downloads/EngDados/ALURA/api_twitter/venv/lib/python3.9/site-packages/airflow/example_dags/example_branch_datetime_operator.py for tasks to queue
[2022-12-21 21:53:52,615] {logging_mixin.py:115} INFO - [2022-12-21 21:53:52,614] {dagbag.py:507} INFO - Filling up the DagBag from /home/nayara/Downloads/EngDados/ALURA/api_twitter/venv/lib/python3.9/site-packages/airflow/example_dags/example_branch_datetime_operator.py
[2022-12-21 21:53:52,657] {processor.py:651} INFO - DAG(s) dict_keys(['example_branch_datetime_operator_2']) retrieved from /home/nayara/Downloads/EngDados/ALURA/api_twitter/venv/lib/python3.9/site-packages/airflow/example_dags/example_branch_datetime_operator.py
[2022-12-21 21:53:52,687] {logging_mixin.py:115} INFO - [2022-12-21 21:53:52,687] {dag.py:2379} INFO - Sync 1 DAGs
[2022-12-21 21:53:52,714] {logging_mixin.py:115} INFO - [2022-12-21 21:53:52,714] {dag.py:2927} INFO - Setting next_dagrun for example_branch_datetime_operator_2 to 2022-12-21T00:00:00+00:00, run_after=2022-12-22T00:00:00+00:00
[2022-12-21 21:53:53,012] {processor.py:161} INFO - Processing /home/nayara/Downloads/EngDados/ALURA/api_twitter/venv/lib/python3.9/site-packages/airflow/example_dags/example_branch_datetime_operator.py took 0.429 seconds
[2022-12-21 21:54:43,206] {processor.py:153} INFO - Started process (PID=18439) to work on /home/nayara/Downloads/EngDados/ALURA/api_twitter/venv/lib/python3.9/site-packages/airflow/example_dags/example_branch_datetime_operator.py
[2022-12-21 21:54:43,217] {processor.py:641} INFO - Processing file /home/nayara/Downloads/EngDados/ALURA/api_twitter/venv/lib/python3.9/site-packages/airflow/example_dags/example_branch_datetime_operator.py for tasks to queue
[2022-12-21 21:54:43,219] {logging_mixin.py:115} INFO - [2022-12-21 21:54:43,219] {dagbag.py:507} INFO - Filling up the DagBag from /home/nayara/Downloads/EngDados/ALURA/api_twitter/venv/lib/python3.9/site-packages/airflow/example_dags/example_branch_datetime_operator.py
[2022-12-21 21:54:43,251] {processor.py:651} INFO - DAG(s) dict_keys(['example_branch_datetime_operator_2']) retrieved from /home/nayara/Downloads/EngDados/ALURA/api_twitter/venv/lib/python3.9/site-packages/airflow/example_dags/example_branch_datetime_operator.py
[2022-12-21 21:54:43,286] {logging_mixin.py:115} INFO - [2022-12-21 21:54:43,286] {dag.py:2379} INFO - Sync 1 DAGs
[2022-12-21 21:54:43,319] {logging_mixin.py:115} INFO - [2022-12-21 21:54:43,319] {dag.py:2927} INFO - Setting next_dagrun for example_branch_datetime_operator_2 to 2022-12-21T00:00:00+00:00, run_after=2022-12-22T00:00:00+00:00
[2022-12-21 21:54:43,637] {processor.py:161} INFO - Processing /home/nayara/Downloads/EngDados/ALURA/api_twitter/venv/lib/python3.9/site-packages/airflow/example_dags/example_branch_datetime_operator.py took 0.443 seconds
