[2022-12-21 21:37:32,328] {processor.py:153} INFO - Started process (PID=16136) to work on /home/nayara/Downloads/EngDados/ALURA/api_twitter/venv/lib/python3.9/site-packages/airflow/example_dags/example_branch_operator_decorator.py
[2022-12-21 21:37:32,330] {processor.py:641} INFO - Processing file /home/nayara/Downloads/EngDados/ALURA/api_twitter/venv/lib/python3.9/site-packages/airflow/example_dags/example_branch_operator_decorator.py for tasks to queue
[2022-12-21 21:37:32,333] {logging_mixin.py:115} INFO - [2022-12-21 21:37:32,332] {dagbag.py:507} INFO - Filling up the DagBag from /home/nayara/Downloads/EngDados/ALURA/api_twitter/venv/lib/python3.9/site-packages/airflow/example_dags/example_branch_operator_decorator.py
[2022-12-21 21:37:32,406] {processor.py:651} INFO - DAG(s) dict_keys(['example_branch_python_operator_decorator']) retrieved from /home/nayara/Downloads/EngDados/ALURA/api_twitter/venv/lib/python3.9/site-packages/airflow/example_dags/example_branch_operator_decorator.py
[2022-12-21 21:37:33,055] {logging_mixin.py:115} INFO - [2022-12-21 21:37:33,055] {manager.py:508} INFO - Created Permission View: can read on DAG:example_branch_python_operator_decorator
[2022-12-21 21:37:33,273] {logging_mixin.py:115} INFO - [2022-12-21 21:37:33,273] {manager.py:508} INFO - Created Permission View: can delete on DAG:example_branch_python_operator_decorator
[2022-12-21 21:37:33,481] {logging_mixin.py:115} INFO - [2022-12-21 21:37:33,480] {manager.py:508} INFO - Created Permission View: can edit on DAG:example_branch_python_operator_decorator
[2022-12-21 21:37:33,481] {logging_mixin.py:115} INFO - [2022-12-21 21:37:33,481] {dag.py:2379} INFO - Sync 1 DAGs
[2022-12-21 21:37:33,529] {logging_mixin.py:115} INFO - [2022-12-21 21:37:33,528] {dag.py:2398} INFO - Creating ORM DAG for example_branch_python_operator_decorator
[2022-12-21 21:37:33,555] {logging_mixin.py:115} INFO - [2022-12-21 21:37:33,555] {dag.py:2927} INFO - Setting next_dagrun for example_branch_python_operator_decorator to 2022-12-21T00:00:00+00:00, run_after=2022-12-22T00:00:00+00:00
[2022-12-21 21:37:34,005] {processor.py:161} INFO - Processing /home/nayara/Downloads/EngDados/ALURA/api_twitter/venv/lib/python3.9/site-packages/airflow/example_dags/example_branch_operator_decorator.py took 1.694 seconds
[2022-12-21 21:38:59,614] {processor.py:153} INFO - Started process (PID=16224) to work on /home/nayara/Downloads/EngDados/ALURA/api_twitter/venv/lib/python3.9/site-packages/airflow/example_dags/example_branch_operator_decorator.py
[2022-12-21 21:38:59,694] {processor.py:641} INFO - Processing file /home/nayara/Downloads/EngDados/ALURA/api_twitter/venv/lib/python3.9/site-packages/airflow/example_dags/example_branch_operator_decorator.py for tasks to queue
[2022-12-21 21:38:59,697] {logging_mixin.py:115} INFO - [2022-12-21 21:38:59,697] {dagbag.py:507} INFO - Filling up the DagBag from /home/nayara/Downloads/EngDados/ALURA/api_twitter/venv/lib/python3.9/site-packages/airflow/example_dags/example_branch_operator_decorator.py
[2022-12-21 21:38:59,852] {processor.py:651} INFO - DAG(s) dict_keys(['example_branch_python_operator_decorator']) retrieved from /home/nayara/Downloads/EngDados/ALURA/api_twitter/venv/lib/python3.9/site-packages/airflow/example_dags/example_branch_operator_decorator.py
[2022-12-21 21:38:59,895] {logging_mixin.py:115} INFO - [2022-12-21 21:38:59,895] {dag.py:2379} INFO - Sync 1 DAGs
[2022-12-21 21:38:59,925] {logging_mixin.py:115} INFO - [2022-12-21 21:38:59,924] {dag.py:2927} INFO - Setting next_dagrun for example_branch_python_operator_decorator to 2022-12-21T00:00:00+00:00, run_after=2022-12-22T00:00:00+00:00
[2022-12-21 21:39:00,565] {processor.py:161} INFO - Processing /home/nayara/Downloads/EngDados/ALURA/api_twitter/venv/lib/python3.9/site-packages/airflow/example_dags/example_branch_operator_decorator.py took 0.967 seconds
[2022-12-21 21:39:53,108] {processor.py:153} INFO - Started process (PID=16305) to work on /home/nayara/Downloads/EngDados/ALURA/api_twitter/venv/lib/python3.9/site-packages/airflow/example_dags/example_branch_operator_decorator.py
[2022-12-21 21:39:53,111] {processor.py:641} INFO - Processing file /home/nayara/Downloads/EngDados/ALURA/api_twitter/venv/lib/python3.9/site-packages/airflow/example_dags/example_branch_operator_decorator.py for tasks to queue
[2022-12-21 21:39:53,113] {logging_mixin.py:115} INFO - [2022-12-21 21:39:53,112] {dagbag.py:507} INFO - Filling up the DagBag from /home/nayara/Downloads/EngDados/ALURA/api_twitter/venv/lib/python3.9/site-packages/airflow/example_dags/example_branch_operator_decorator.py
[2022-12-21 21:39:53,140] {processor.py:651} INFO - DAG(s) dict_keys(['example_branch_python_operator_decorator']) retrieved from /home/nayara/Downloads/EngDados/ALURA/api_twitter/venv/lib/python3.9/site-packages/airflow/example_dags/example_branch_operator_decorator.py
[2022-12-21 21:39:53,160] {logging_mixin.py:115} INFO - [2022-12-21 21:39:53,160] {dag.py:2379} INFO - Sync 1 DAGs
[2022-12-21 21:39:53,183] {logging_mixin.py:115} INFO - [2022-12-21 21:39:53,183] {dag.py:2927} INFO - Setting next_dagrun for example_branch_python_operator_decorator to 2022-12-21T00:00:00+00:00, run_after=2022-12-22T00:00:00+00:00
[2022-12-21 21:39:53,390] {processor.py:161} INFO - Processing /home/nayara/Downloads/EngDados/ALURA/api_twitter/venv/lib/python3.9/site-packages/airflow/example_dags/example_branch_operator_decorator.py took 0.295 seconds
[2022-12-21 21:40:52,801] {processor.py:153} INFO - Started process (PID=16397) to work on /home/nayara/Downloads/EngDados/ALURA/api_twitter/venv/lib/python3.9/site-packages/airflow/example_dags/example_branch_operator_decorator.py
[2022-12-21 21:40:52,803] {processor.py:641} INFO - Processing file /home/nayara/Downloads/EngDados/ALURA/api_twitter/venv/lib/python3.9/site-packages/airflow/example_dags/example_branch_operator_decorator.py for tasks to queue
[2022-12-21 21:40:52,805] {logging_mixin.py:115} INFO - [2022-12-21 21:40:52,805] {dagbag.py:507} INFO - Filling up the DagBag from /home/nayara/Downloads/EngDados/ALURA/api_twitter/venv/lib/python3.9/site-packages/airflow/example_dags/example_branch_operator_decorator.py
[2022-12-21 21:40:52,841] {processor.py:651} INFO - DAG(s) dict_keys(['example_branch_python_operator_decorator']) retrieved from /home/nayara/Downloads/EngDados/ALURA/api_twitter/venv/lib/python3.9/site-packages/airflow/example_dags/example_branch_operator_decorator.py
[2022-12-21 21:40:52,867] {logging_mixin.py:115} INFO - [2022-12-21 21:40:52,867] {dag.py:2379} INFO - Sync 1 DAGs
[2022-12-21 21:40:52,895] {logging_mixin.py:115} INFO - [2022-12-21 21:40:52,895] {dag.py:2927} INFO - Setting next_dagrun for example_branch_python_operator_decorator to 2022-12-21T00:00:00+00:00, run_after=2022-12-22T00:00:00+00:00
[2022-12-21 21:40:53,215] {processor.py:161} INFO - Processing /home/nayara/Downloads/EngDados/ALURA/api_twitter/venv/lib/python3.9/site-packages/airflow/example_dags/example_branch_operator_decorator.py took 0.425 seconds
[2022-12-21 21:41:45,882] {processor.py:153} INFO - Started process (PID=16501) to work on /home/nayara/Downloads/EngDados/ALURA/api_twitter/venv/lib/python3.9/site-packages/airflow/example_dags/example_branch_operator_decorator.py
[2022-12-21 21:41:45,902] {processor.py:641} INFO - Processing file /home/nayara/Downloads/EngDados/ALURA/api_twitter/venv/lib/python3.9/site-packages/airflow/example_dags/example_branch_operator_decorator.py for tasks to queue
[2022-12-21 21:41:45,906] {logging_mixin.py:115} INFO - [2022-12-21 21:41:45,905] {dagbag.py:507} INFO - Filling up the DagBag from /home/nayara/Downloads/EngDados/ALURA/api_twitter/venv/lib/python3.9/site-packages/airflow/example_dags/example_branch_operator_decorator.py
[2022-12-21 21:41:45,964] {processor.py:651} INFO - DAG(s) dict_keys(['example_branch_python_operator_decorator']) retrieved from /home/nayara/Downloads/EngDados/ALURA/api_twitter/venv/lib/python3.9/site-packages/airflow/example_dags/example_branch_operator_decorator.py
[2022-12-21 21:41:45,988] {logging_mixin.py:115} INFO - [2022-12-21 21:41:45,988] {dag.py:2379} INFO - Sync 1 DAGs
[2022-12-21 21:41:46,018] {logging_mixin.py:115} INFO - [2022-12-21 21:41:46,018] {dag.py:2927} INFO - Setting next_dagrun for example_branch_python_operator_decorator to 2022-12-21T00:00:00+00:00, run_after=2022-12-22T00:00:00+00:00
[2022-12-21 21:41:46,408] {processor.py:161} INFO - Processing /home/nayara/Downloads/EngDados/ALURA/api_twitter/venv/lib/python3.9/site-packages/airflow/example_dags/example_branch_operator_decorator.py took 0.545 seconds
[2022-12-21 21:42:35,673] {processor.py:153} INFO - Started process (PID=16580) to work on /home/nayara/Downloads/EngDados/ALURA/api_twitter/venv/lib/python3.9/site-packages/airflow/example_dags/example_branch_operator_decorator.py
[2022-12-21 21:42:35,692] {processor.py:641} INFO - Processing file /home/nayara/Downloads/EngDados/ALURA/api_twitter/venv/lib/python3.9/site-packages/airflow/example_dags/example_branch_operator_decorator.py for tasks to queue
[2022-12-21 21:42:35,692] {logging_mixin.py:115} INFO - [2022-12-21 21:42:35,692] {dagbag.py:507} INFO - Filling up the DagBag from /home/nayara/Downloads/EngDados/ALURA/api_twitter/venv/lib/python3.9/site-packages/airflow/example_dags/example_branch_operator_decorator.py
[2022-12-21 21:42:35,719] {processor.py:651} INFO - DAG(s) dict_keys(['example_branch_python_operator_decorator']) retrieved from /home/nayara/Downloads/EngDados/ALURA/api_twitter/venv/lib/python3.9/site-packages/airflow/example_dags/example_branch_operator_decorator.py
[2022-12-21 21:42:35,746] {logging_mixin.py:115} INFO - [2022-12-21 21:42:35,746] {dag.py:2379} INFO - Sync 1 DAGs
[2022-12-21 21:42:35,775] {logging_mixin.py:115} INFO - [2022-12-21 21:42:35,775] {dag.py:2927} INFO - Setting next_dagrun for example_branch_python_operator_decorator to 2022-12-21T00:00:00+00:00, run_after=2022-12-22T00:00:00+00:00
[2022-12-21 21:42:36,137] {processor.py:161} INFO - Processing /home/nayara/Downloads/EngDados/ALURA/api_twitter/venv/lib/python3.9/site-packages/airflow/example_dags/example_branch_operator_decorator.py took 0.471 seconds
[2022-12-21 21:43:41,383] {processor.py:153} INFO - Started process (PID=16683) to work on /home/nayara/Downloads/EngDados/ALURA/api_twitter/venv/lib/python3.9/site-packages/airflow/example_dags/example_branch_operator_decorator.py
[2022-12-21 21:43:41,384] {processor.py:641} INFO - Processing file /home/nayara/Downloads/EngDados/ALURA/api_twitter/venv/lib/python3.9/site-packages/airflow/example_dags/example_branch_operator_decorator.py for tasks to queue
[2022-12-21 21:43:41,386] {logging_mixin.py:115} INFO - [2022-12-21 21:43:41,386] {dagbag.py:507} INFO - Filling up the DagBag from /home/nayara/Downloads/EngDados/ALURA/api_twitter/venv/lib/python3.9/site-packages/airflow/example_dags/example_branch_operator_decorator.py
[2022-12-21 21:43:41,414] {processor.py:651} INFO - DAG(s) dict_keys(['example_branch_python_operator_decorator']) retrieved from /home/nayara/Downloads/EngDados/ALURA/api_twitter/venv/lib/python3.9/site-packages/airflow/example_dags/example_branch_operator_decorator.py
[2022-12-21 21:43:41,438] {logging_mixin.py:115} INFO - [2022-12-21 21:43:41,438] {dag.py:2379} INFO - Sync 1 DAGs
[2022-12-21 21:43:41,462] {logging_mixin.py:115} INFO - [2022-12-21 21:43:41,462] {dag.py:2927} INFO - Setting next_dagrun for example_branch_python_operator_decorator to 2022-12-21T00:00:00+00:00, run_after=2022-12-22T00:00:00+00:00
[2022-12-21 21:43:41,726] {processor.py:161} INFO - Processing /home/nayara/Downloads/EngDados/ALURA/api_twitter/venv/lib/python3.9/site-packages/airflow/example_dags/example_branch_operator_decorator.py took 0.356 seconds
[2022-12-21 21:44:30,342] {processor.py:153} INFO - Started process (PID=16724) to work on /home/nayara/Downloads/EngDados/ALURA/api_twitter/venv/lib/python3.9/site-packages/airflow/example_dags/example_branch_operator_decorator.py
[2022-12-21 21:44:30,366] {processor.py:641} INFO - Processing file /home/nayara/Downloads/EngDados/ALURA/api_twitter/venv/lib/python3.9/site-packages/airflow/example_dags/example_branch_operator_decorator.py for tasks to queue
[2022-12-21 21:44:30,367] {logging_mixin.py:115} INFO - [2022-12-21 21:44:30,367] {dagbag.py:507} INFO - Filling up the DagBag from /home/nayara/Downloads/EngDados/ALURA/api_twitter/venv/lib/python3.9/site-packages/airflow/example_dags/example_branch_operator_decorator.py
[2022-12-21 21:44:30,415] {processor.py:651} INFO - DAG(s) dict_keys(['example_branch_python_operator_decorator']) retrieved from /home/nayara/Downloads/EngDados/ALURA/api_twitter/venv/lib/python3.9/site-packages/airflow/example_dags/example_branch_operator_decorator.py
[2022-12-21 21:44:30,437] {logging_mixin.py:115} INFO - [2022-12-21 21:44:30,437] {dag.py:2379} INFO - Sync 1 DAGs
[2022-12-21 21:44:30,460] {logging_mixin.py:115} INFO - [2022-12-21 21:44:30,460] {dag.py:2927} INFO - Setting next_dagrun for example_branch_python_operator_decorator to 2022-12-21T00:00:00+00:00, run_after=2022-12-22T00:00:00+00:00
[2022-12-21 21:44:30,656] {processor.py:161} INFO - Processing /home/nayara/Downloads/EngDados/ALURA/api_twitter/venv/lib/python3.9/site-packages/airflow/example_dags/example_branch_operator_decorator.py took 0.327 seconds
[2022-12-21 21:45:30,202] {processor.py:153} INFO - Started process (PID=16829) to work on /home/nayara/Downloads/EngDados/ALURA/api_twitter/venv/lib/python3.9/site-packages/airflow/example_dags/example_branch_operator_decorator.py
[2022-12-21 21:45:30,353] {processor.py:641} INFO - Processing file /home/nayara/Downloads/EngDados/ALURA/api_twitter/venv/lib/python3.9/site-packages/airflow/example_dags/example_branch_operator_decorator.py for tasks to queue
[2022-12-21 21:45:30,356] {logging_mixin.py:115} INFO - [2022-12-21 21:45:30,355] {dagbag.py:507} INFO - Filling up the DagBag from /home/nayara/Downloads/EngDados/ALURA/api_twitter/venv/lib/python3.9/site-packages/airflow/example_dags/example_branch_operator_decorator.py
[2022-12-21 21:45:30,468] {processor.py:651} INFO - DAG(s) dict_keys(['example_branch_python_operator_decorator']) retrieved from /home/nayara/Downloads/EngDados/ALURA/api_twitter/venv/lib/python3.9/site-packages/airflow/example_dags/example_branch_operator_decorator.py
[2022-12-21 21:45:30,503] {logging_mixin.py:115} INFO - [2022-12-21 21:45:30,503] {dag.py:2379} INFO - Sync 1 DAGs
[2022-12-21 21:45:30,540] {logging_mixin.py:115} INFO - [2022-12-21 21:45:30,540] {dag.py:2927} INFO - Setting next_dagrun for example_branch_python_operator_decorator to 2022-12-21T00:00:00+00:00, run_after=2022-12-22T00:00:00+00:00
[2022-12-21 21:45:30,896] {processor.py:161} INFO - Processing /home/nayara/Downloads/EngDados/ALURA/api_twitter/venv/lib/python3.9/site-packages/airflow/example_dags/example_branch_operator_decorator.py took 0.701 seconds
[2022-12-21 21:46:29,337] {processor.py:153} INFO - Started process (PID=17214) to work on /home/nayara/Downloads/EngDados/ALURA/api_twitter/venv/lib/python3.9/site-packages/airflow/example_dags/example_branch_operator_decorator.py
[2022-12-21 21:46:29,374] {processor.py:641} INFO - Processing file /home/nayara/Downloads/EngDados/ALURA/api_twitter/venv/lib/python3.9/site-packages/airflow/example_dags/example_branch_operator_decorator.py for tasks to queue
[2022-12-21 21:46:29,377] {logging_mixin.py:115} INFO - [2022-12-21 21:46:29,376] {dagbag.py:507} INFO - Filling up the DagBag from /home/nayara/Downloads/EngDados/ALURA/api_twitter/venv/lib/python3.9/site-packages/airflow/example_dags/example_branch_operator_decorator.py
[2022-12-21 21:46:29,453] {processor.py:651} INFO - DAG(s) dict_keys(['example_branch_python_operator_decorator']) retrieved from /home/nayara/Downloads/EngDados/ALURA/api_twitter/venv/lib/python3.9/site-packages/airflow/example_dags/example_branch_operator_decorator.py
[2022-12-21 21:46:29,486] {logging_mixin.py:115} INFO - [2022-12-21 21:46:29,486] {dag.py:2379} INFO - Sync 1 DAGs
[2022-12-21 21:46:29,523] {logging_mixin.py:115} INFO - [2022-12-21 21:46:29,522] {dag.py:2927} INFO - Setting next_dagrun for example_branch_python_operator_decorator to 2022-12-21T00:00:00+00:00, run_after=2022-12-22T00:00:00+00:00
[2022-12-21 21:46:30,204] {processor.py:161} INFO - Processing /home/nayara/Downloads/EngDados/ALURA/api_twitter/venv/lib/python3.9/site-packages/airflow/example_dags/example_branch_operator_decorator.py took 0.884 seconds
[2022-12-21 21:47:17,639] {processor.py:153} INFO - Started process (PID=17317) to work on /home/nayara/Downloads/EngDados/ALURA/api_twitter/venv/lib/python3.9/site-packages/airflow/example_dags/example_branch_operator_decorator.py
[2022-12-21 21:47:17,659] {processor.py:641} INFO - Processing file /home/nayara/Downloads/EngDados/ALURA/api_twitter/venv/lib/python3.9/site-packages/airflow/example_dags/example_branch_operator_decorator.py for tasks to queue
[2022-12-21 21:47:17,661] {logging_mixin.py:115} INFO - [2022-12-21 21:47:17,660] {dagbag.py:507} INFO - Filling up the DagBag from /home/nayara/Downloads/EngDados/ALURA/api_twitter/venv/lib/python3.9/site-packages/airflow/example_dags/example_branch_operator_decorator.py
[2022-12-21 21:47:17,686] {processor.py:651} INFO - DAG(s) dict_keys(['example_branch_python_operator_decorator']) retrieved from /home/nayara/Downloads/EngDados/ALURA/api_twitter/venv/lib/python3.9/site-packages/airflow/example_dags/example_branch_operator_decorator.py
[2022-12-21 21:47:17,708] {logging_mixin.py:115} INFO - [2022-12-21 21:47:17,708] {dag.py:2379} INFO - Sync 1 DAGs
[2022-12-21 21:47:17,734] {logging_mixin.py:115} INFO - [2022-12-21 21:47:17,734] {dag.py:2927} INFO - Setting next_dagrun for example_branch_python_operator_decorator to 2022-12-21T00:00:00+00:00, run_after=2022-12-22T00:00:00+00:00
[2022-12-21 21:47:17,974] {processor.py:161} INFO - Processing /home/nayara/Downloads/EngDados/ALURA/api_twitter/venv/lib/python3.9/site-packages/airflow/example_dags/example_branch_operator_decorator.py took 0.344 seconds
[2022-12-21 21:48:04,568] {processor.py:153} INFO - Started process (PID=17434) to work on /home/nayara/Downloads/EngDados/ALURA/api_twitter/venv/lib/python3.9/site-packages/airflow/example_dags/example_branch_operator_decorator.py
[2022-12-21 21:48:04,609] {processor.py:641} INFO - Processing file /home/nayara/Downloads/EngDados/ALURA/api_twitter/venv/lib/python3.9/site-packages/airflow/example_dags/example_branch_operator_decorator.py for tasks to queue
[2022-12-21 21:48:04,612] {logging_mixin.py:115} INFO - [2022-12-21 21:48:04,612] {dagbag.py:507} INFO - Filling up the DagBag from /home/nayara/Downloads/EngDados/ALURA/api_twitter/venv/lib/python3.9/site-packages/airflow/example_dags/example_branch_operator_decorator.py
[2022-12-21 21:48:04,710] {processor.py:651} INFO - DAG(s) dict_keys(['example_branch_python_operator_decorator']) retrieved from /home/nayara/Downloads/EngDados/ALURA/api_twitter/venv/lib/python3.9/site-packages/airflow/example_dags/example_branch_operator_decorator.py
[2022-12-21 21:48:04,736] {logging_mixin.py:115} INFO - [2022-12-21 21:48:04,736] {dag.py:2379} INFO - Sync 1 DAGs
[2022-12-21 21:48:04,763] {logging_mixin.py:115} INFO - [2022-12-21 21:48:04,763] {dag.py:2927} INFO - Setting next_dagrun for example_branch_python_operator_decorator to 2022-12-21T00:00:00+00:00, run_after=2022-12-22T00:00:00+00:00
[2022-12-21 21:48:04,963] {processor.py:161} INFO - Processing /home/nayara/Downloads/EngDados/ALURA/api_twitter/venv/lib/python3.9/site-packages/airflow/example_dags/example_branch_operator_decorator.py took 0.411 seconds
[2022-12-21 21:49:13,130] {processor.py:153} INFO - Started process (PID=17511) to work on /home/nayara/Downloads/EngDados/ALURA/api_twitter/venv/lib/python3.9/site-packages/airflow/example_dags/example_branch_operator_decorator.py
[2022-12-21 21:49:13,175] {processor.py:641} INFO - Processing file /home/nayara/Downloads/EngDados/ALURA/api_twitter/venv/lib/python3.9/site-packages/airflow/example_dags/example_branch_operator_decorator.py for tasks to queue
[2022-12-21 21:49:13,216] {logging_mixin.py:115} INFO - [2022-12-21 21:49:13,204] {dagbag.py:507} INFO - Filling up the DagBag from /home/nayara/Downloads/EngDados/ALURA/api_twitter/venv/lib/python3.9/site-packages/airflow/example_dags/example_branch_operator_decorator.py
[2022-12-21 21:49:15,180] {processor.py:651} INFO - DAG(s) dict_keys(['example_branch_python_operator_decorator']) retrieved from /home/nayara/Downloads/EngDados/ALURA/api_twitter/venv/lib/python3.9/site-packages/airflow/example_dags/example_branch_operator_decorator.py
[2022-12-21 21:49:15,845] {logging_mixin.py:115} INFO - [2022-12-21 21:49:15,845] {dag.py:2379} INFO - Sync 1 DAGs
[2022-12-21 21:49:16,302] {logging_mixin.py:115} INFO - [2022-12-21 21:49:16,300] {dag.py:2927} INFO - Setting next_dagrun for example_branch_python_operator_decorator to 2022-12-21T00:00:00+00:00, run_after=2022-12-22T00:00:00+00:00
[2022-12-21 21:49:16,703] {processor.py:161} INFO - Processing /home/nayara/Downloads/EngDados/ALURA/api_twitter/venv/lib/python3.9/site-packages/airflow/example_dags/example_branch_operator_decorator.py took 3.875 seconds
[2022-12-21 21:50:11,847] {processor.py:153} INFO - Started process (PID=17680) to work on /home/nayara/Downloads/EngDados/ALURA/api_twitter/venv/lib/python3.9/site-packages/airflow/example_dags/example_branch_operator_decorator.py
[2022-12-21 21:50:11,866] {processor.py:641} INFO - Processing file /home/nayara/Downloads/EngDados/ALURA/api_twitter/venv/lib/python3.9/site-packages/airflow/example_dags/example_branch_operator_decorator.py for tasks to queue
[2022-12-21 21:50:11,867] {logging_mixin.py:115} INFO - [2022-12-21 21:50:11,867] {dagbag.py:507} INFO - Filling up the DagBag from /home/nayara/Downloads/EngDados/ALURA/api_twitter/venv/lib/python3.9/site-packages/airflow/example_dags/example_branch_operator_decorator.py
[2022-12-21 21:50:11,902] {processor.py:651} INFO - DAG(s) dict_keys(['example_branch_python_operator_decorator']) retrieved from /home/nayara/Downloads/EngDados/ALURA/api_twitter/venv/lib/python3.9/site-packages/airflow/example_dags/example_branch_operator_decorator.py
[2022-12-21 21:50:11,933] {logging_mixin.py:115} INFO - [2022-12-21 21:50:11,933] {dag.py:2379} INFO - Sync 1 DAGs
[2022-12-21 21:50:11,972] {logging_mixin.py:115} INFO - [2022-12-21 21:50:11,972] {dag.py:2927} INFO - Setting next_dagrun for example_branch_python_operator_decorator to 2022-12-21T00:00:00+00:00, run_after=2022-12-22T00:00:00+00:00
[2022-12-21 21:50:12,163] {processor.py:161} INFO - Processing /home/nayara/Downloads/EngDados/ALURA/api_twitter/venv/lib/python3.9/site-packages/airflow/example_dags/example_branch_operator_decorator.py took 0.320 seconds
[2022-12-21 21:51:12,120] {processor.py:153} INFO - Started process (PID=17817) to work on /home/nayara/Downloads/EngDados/ALURA/api_twitter/venv/lib/python3.9/site-packages/airflow/example_dags/example_branch_operator_decorator.py
[2022-12-21 21:51:12,122] {processor.py:641} INFO - Processing file /home/nayara/Downloads/EngDados/ALURA/api_twitter/venv/lib/python3.9/site-packages/airflow/example_dags/example_branch_operator_decorator.py for tasks to queue
[2022-12-21 21:51:12,123] {logging_mixin.py:115} INFO - [2022-12-21 21:51:12,123] {dagbag.py:507} INFO - Filling up the DagBag from /home/nayara/Downloads/EngDados/ALURA/api_twitter/venv/lib/python3.9/site-packages/airflow/example_dags/example_branch_operator_decorator.py
[2022-12-21 21:51:12,148] {processor.py:651} INFO - DAG(s) dict_keys(['example_branch_python_operator_decorator']) retrieved from /home/nayara/Downloads/EngDados/ALURA/api_twitter/venv/lib/python3.9/site-packages/airflow/example_dags/example_branch_operator_decorator.py
[2022-12-21 21:51:12,169] {logging_mixin.py:115} INFO - [2022-12-21 21:51:12,169] {dag.py:2379} INFO - Sync 1 DAGs
[2022-12-21 21:51:12,192] {logging_mixin.py:115} INFO - [2022-12-21 21:51:12,192] {dag.py:2927} INFO - Setting next_dagrun for example_branch_python_operator_decorator to 2022-12-21T00:00:00+00:00, run_after=2022-12-22T00:00:00+00:00
[2022-12-21 21:51:12,434] {processor.py:161} INFO - Processing /home/nayara/Downloads/EngDados/ALURA/api_twitter/venv/lib/python3.9/site-packages/airflow/example_dags/example_branch_operator_decorator.py took 0.326 seconds
[2022-12-21 21:51:57,965] {processor.py:153} INFO - Started process (PID=17959) to work on /home/nayara/Downloads/EngDados/ALURA/api_twitter/venv/lib/python3.9/site-packages/airflow/example_dags/example_branch_operator_decorator.py
[2022-12-21 21:51:57,987] {processor.py:641} INFO - Processing file /home/nayara/Downloads/EngDados/ALURA/api_twitter/venv/lib/python3.9/site-packages/airflow/example_dags/example_branch_operator_decorator.py for tasks to queue
[2022-12-21 21:51:57,987] {logging_mixin.py:115} INFO - [2022-12-21 21:51:57,987] {dagbag.py:507} INFO - Filling up the DagBag from /home/nayara/Downloads/EngDados/ALURA/api_twitter/venv/lib/python3.9/site-packages/airflow/example_dags/example_branch_operator_decorator.py
[2022-12-21 21:51:58,020] {processor.py:651} INFO - DAG(s) dict_keys(['example_branch_python_operator_decorator']) retrieved from /home/nayara/Downloads/EngDados/ALURA/api_twitter/venv/lib/python3.9/site-packages/airflow/example_dags/example_branch_operator_decorator.py
[2022-12-21 21:51:58,042] {logging_mixin.py:115} INFO - [2022-12-21 21:51:58,042] {dag.py:2379} INFO - Sync 1 DAGs
[2022-12-21 21:51:58,069] {logging_mixin.py:115} INFO - [2022-12-21 21:51:58,069] {dag.py:2927} INFO - Setting next_dagrun for example_branch_python_operator_decorator to 2022-12-21T00:00:00+00:00, run_after=2022-12-22T00:00:00+00:00
[2022-12-21 21:51:58,330] {processor.py:161} INFO - Processing /home/nayara/Downloads/EngDados/ALURA/api_twitter/venv/lib/python3.9/site-packages/airflow/example_dags/example_branch_operator_decorator.py took 0.376 seconds
[2022-12-21 21:52:59,393] {processor.py:153} INFO - Started process (PID=18197) to work on /home/nayara/Downloads/EngDados/ALURA/api_twitter/venv/lib/python3.9/site-packages/airflow/example_dags/example_branch_operator_decorator.py
[2022-12-21 21:52:59,394] {processor.py:641} INFO - Processing file /home/nayara/Downloads/EngDados/ALURA/api_twitter/venv/lib/python3.9/site-packages/airflow/example_dags/example_branch_operator_decorator.py for tasks to queue
[2022-12-21 21:52:59,395] {logging_mixin.py:115} INFO - [2022-12-21 21:52:59,395] {dagbag.py:507} INFO - Filling up the DagBag from /home/nayara/Downloads/EngDados/ALURA/api_twitter/venv/lib/python3.9/site-packages/airflow/example_dags/example_branch_operator_decorator.py
[2022-12-21 21:52:59,421] {processor.py:651} INFO - DAG(s) dict_keys(['example_branch_python_operator_decorator']) retrieved from /home/nayara/Downloads/EngDados/ALURA/api_twitter/venv/lib/python3.9/site-packages/airflow/example_dags/example_branch_operator_decorator.py
[2022-12-21 21:52:59,442] {logging_mixin.py:115} INFO - [2022-12-21 21:52:59,442] {dag.py:2379} INFO - Sync 1 DAGs
[2022-12-21 21:52:59,467] {logging_mixin.py:115} INFO - [2022-12-21 21:52:59,467] {dag.py:2927} INFO - Setting next_dagrun for example_branch_python_operator_decorator to 2022-12-21T00:00:00+00:00, run_after=2022-12-22T00:00:00+00:00
[2022-12-21 21:52:59,671] {processor.py:161} INFO - Processing /home/nayara/Downloads/EngDados/ALURA/api_twitter/venv/lib/python3.9/site-packages/airflow/example_dags/example_branch_operator_decorator.py took 0.287 seconds
[2022-12-21 21:53:48,762] {processor.py:153} INFO - Started process (PID=18321) to work on /home/nayara/Downloads/EngDados/ALURA/api_twitter/venv/lib/python3.9/site-packages/airflow/example_dags/example_branch_operator_decorator.py
[2022-12-21 21:53:48,763] {processor.py:641} INFO - Processing file /home/nayara/Downloads/EngDados/ALURA/api_twitter/venv/lib/python3.9/site-packages/airflow/example_dags/example_branch_operator_decorator.py for tasks to queue
[2022-12-21 21:53:48,764] {logging_mixin.py:115} INFO - [2022-12-21 21:53:48,764] {dagbag.py:507} INFO - Filling up the DagBag from /home/nayara/Downloads/EngDados/ALURA/api_twitter/venv/lib/python3.9/site-packages/airflow/example_dags/example_branch_operator_decorator.py
[2022-12-21 21:53:48,788] {processor.py:651} INFO - DAG(s) dict_keys(['example_branch_python_operator_decorator']) retrieved from /home/nayara/Downloads/EngDados/ALURA/api_twitter/venv/lib/python3.9/site-packages/airflow/example_dags/example_branch_operator_decorator.py
[2022-12-21 21:53:48,809] {logging_mixin.py:115} INFO - [2022-12-21 21:53:48,809] {dag.py:2379} INFO - Sync 1 DAGs
[2022-12-21 21:53:48,834] {logging_mixin.py:115} INFO - [2022-12-21 21:53:48,834] {dag.py:2927} INFO - Setting next_dagrun for example_branch_python_operator_decorator to 2022-12-21T00:00:00+00:00, run_after=2022-12-22T00:00:00+00:00
[2022-12-21 21:53:49,041] {processor.py:161} INFO - Processing /home/nayara/Downloads/EngDados/ALURA/api_twitter/venv/lib/python3.9/site-packages/airflow/example_dags/example_branch_operator_decorator.py took 0.283 seconds
[2022-12-21 21:54:39,445] {processor.py:153} INFO - Started process (PID=18430) to work on /home/nayara/Downloads/EngDados/ALURA/api_twitter/venv/lib/python3.9/site-packages/airflow/example_dags/example_branch_operator_decorator.py
[2022-12-21 21:54:39,446] {processor.py:641} INFO - Processing file /home/nayara/Downloads/EngDados/ALURA/api_twitter/venv/lib/python3.9/site-packages/airflow/example_dags/example_branch_operator_decorator.py for tasks to queue
[2022-12-21 21:54:39,447] {logging_mixin.py:115} INFO - [2022-12-21 21:54:39,447] {dagbag.py:507} INFO - Filling up the DagBag from /home/nayara/Downloads/EngDados/ALURA/api_twitter/venv/lib/python3.9/site-packages/airflow/example_dags/example_branch_operator_decorator.py
[2022-12-21 21:54:39,478] {processor.py:651} INFO - DAG(s) dict_keys(['example_branch_python_operator_decorator']) retrieved from /home/nayara/Downloads/EngDados/ALURA/api_twitter/venv/lib/python3.9/site-packages/airflow/example_dags/example_branch_operator_decorator.py
[2022-12-21 21:54:39,502] {logging_mixin.py:115} INFO - [2022-12-21 21:54:39,501] {dag.py:2379} INFO - Sync 1 DAGs
[2022-12-21 21:54:39,528] {logging_mixin.py:115} INFO - [2022-12-21 21:54:39,528] {dag.py:2927} INFO - Setting next_dagrun for example_branch_python_operator_decorator to 2022-12-21T00:00:00+00:00, run_after=2022-12-22T00:00:00+00:00
[2022-12-21 21:54:39,701] {processor.py:161} INFO - Processing /home/nayara/Downloads/EngDados/ALURA/api_twitter/venv/lib/python3.9/site-packages/airflow/example_dags/example_branch_operator_decorator.py took 0.262 seconds
