[2022-12-21 21:37:18,193] {processor.py:153} INFO - Started process (PID=16048) to work on /home/nayara/Downloads/EngDados/ALURA/api_twitter/venv/lib/python3.9/site-packages/airflow/example_dags/example_sla_dag.py
[2022-12-21 21:37:18,194] {processor.py:641} INFO - Processing file /home/nayara/Downloads/EngDados/ALURA/api_twitter/venv/lib/python3.9/site-packages/airflow/example_dags/example_sla_dag.py for tasks to queue
[2022-12-21 21:37:18,195] {logging_mixin.py:115} INFO - [2022-12-21 21:37:18,195] {dagbag.py:507} INFO - Filling up the DagBag from /home/nayara/Downloads/EngDados/ALURA/api_twitter/venv/lib/python3.9/site-packages/airflow/example_dags/example_sla_dag.py
[2022-12-21 21:37:18,274] {processor.py:651} INFO - DAG(s) dict_keys(['example_sla_dag']) retrieved from /home/nayara/Downloads/EngDados/ALURA/api_twitter/venv/lib/python3.9/site-packages/airflow/example_dags/example_sla_dag.py
[2022-12-21 21:37:20,177] {logging_mixin.py:115} INFO - [2022-12-21 21:37:20,177] {manager.py:508} INFO - Created Permission View: can read on DAG:example_sla_dag
[2022-12-21 21:37:20,417] {logging_mixin.py:115} INFO - [2022-12-21 21:37:20,417] {manager.py:508} INFO - Created Permission View: can delete on DAG:example_sla_dag
[2022-12-21 21:37:20,680] {logging_mixin.py:115} INFO - [2022-12-21 21:37:20,679] {manager.py:508} INFO - Created Permission View: can edit on DAG:example_sla_dag
[2022-12-21 21:37:20,680] {logging_mixin.py:115} INFO - [2022-12-21 21:37:20,680] {dag.py:2379} INFO - Sync 1 DAGs
[2022-12-21 21:37:20,693] {logging_mixin.py:115} INFO - [2022-12-21 21:37:20,693] {dag.py:2398} INFO - Creating ORM DAG for example_sla_dag
[2022-12-21 21:37:21,071] {logging_mixin.py:115} INFO - [2022-12-21 21:37:21,071] {dag.py:2927} INFO - Setting next_dagrun for example_sla_dag to 2022-12-22T00:34:00+00:00, run_after=2022-12-22T00:36:00+00:00
[2022-12-21 21:37:21,663] {processor.py:161} INFO - Processing /home/nayara/Downloads/EngDados/ALURA/api_twitter/venv/lib/python3.9/site-packages/airflow/example_dags/example_sla_dag.py took 3.479 seconds
[2022-12-21 21:38:52,344] {processor.py:153} INFO - Started process (PID=16215) to work on /home/nayara/Downloads/EngDados/ALURA/api_twitter/venv/lib/python3.9/site-packages/airflow/example_dags/example_sla_dag.py
[2022-12-21 21:38:52,346] {processor.py:641} INFO - Processing file /home/nayara/Downloads/EngDados/ALURA/api_twitter/venv/lib/python3.9/site-packages/airflow/example_dags/example_sla_dag.py for tasks to queue
[2022-12-21 21:38:52,348] {logging_mixin.py:115} INFO - [2022-12-21 21:38:52,348] {dagbag.py:507} INFO - Filling up the DagBag from /home/nayara/Downloads/EngDados/ALURA/api_twitter/venv/lib/python3.9/site-packages/airflow/example_dags/example_sla_dag.py
[2022-12-21 21:38:52,379] {processor.py:651} INFO - DAG(s) dict_keys(['example_sla_dag']) retrieved from /home/nayara/Downloads/EngDados/ALURA/api_twitter/venv/lib/python3.9/site-packages/airflow/example_dags/example_sla_dag.py
[2022-12-21 21:38:52,401] {logging_mixin.py:115} INFO - [2022-12-21 21:38:52,401] {dag.py:2379} INFO - Sync 1 DAGs
[2022-12-21 21:38:52,429] {logging_mixin.py:115} INFO - [2022-12-21 21:38:52,429] {dag.py:2927} INFO - Setting next_dagrun for example_sla_dag to 2022-12-22T00:36:00+00:00, run_after=2022-12-22T00:38:00+00:00
[2022-12-21 21:38:52,708] {processor.py:161} INFO - Processing /home/nayara/Downloads/EngDados/ALURA/api_twitter/venv/lib/python3.9/site-packages/airflow/example_dags/example_sla_dag.py took 0.376 seconds
[2022-12-21 21:39:47,309] {processor.py:153} INFO - Started process (PID=16299) to work on /home/nayara/Downloads/EngDados/ALURA/api_twitter/venv/lib/python3.9/site-packages/airflow/example_dags/example_sla_dag.py
[2022-12-21 21:39:47,332] {processor.py:641} INFO - Processing file /home/nayara/Downloads/EngDados/ALURA/api_twitter/venv/lib/python3.9/site-packages/airflow/example_dags/example_sla_dag.py for tasks to queue
[2022-12-21 21:39:47,333] {logging_mixin.py:115} INFO - [2022-12-21 21:39:47,333] {dagbag.py:507} INFO - Filling up the DagBag from /home/nayara/Downloads/EngDados/ALURA/api_twitter/venv/lib/python3.9/site-packages/airflow/example_dags/example_sla_dag.py
[2022-12-21 21:39:47,359] {processor.py:651} INFO - DAG(s) dict_keys(['example_sla_dag']) retrieved from /home/nayara/Downloads/EngDados/ALURA/api_twitter/venv/lib/python3.9/site-packages/airflow/example_dags/example_sla_dag.py
[2022-12-21 21:39:47,384] {logging_mixin.py:115} INFO - [2022-12-21 21:39:47,383] {dag.py:2379} INFO - Sync 1 DAGs
[2022-12-21 21:39:47,412] {logging_mixin.py:115} INFO - [2022-12-21 21:39:47,412] {dag.py:2927} INFO - Setting next_dagrun for example_sla_dag to 2022-12-22T00:36:00+00:00, run_after=2022-12-22T00:38:00+00:00
[2022-12-21 21:39:47,626] {processor.py:161} INFO - Processing /home/nayara/Downloads/EngDados/ALURA/api_twitter/venv/lib/python3.9/site-packages/airflow/example_dags/example_sla_dag.py took 0.323 seconds
[2022-12-21 21:40:28,368] {processor.py:153} INFO - Started process (PID=16363) to work on /home/nayara/Downloads/EngDados/ALURA/api_twitter/venv/lib/python3.9/site-packages/airflow/example_dags/example_sla_dag.py
[2022-12-21 21:40:28,370] {processor.py:641} INFO - Processing file /home/nayara/Downloads/EngDados/ALURA/api_twitter/venv/lib/python3.9/site-packages/airflow/example_dags/example_sla_dag.py for tasks to queue
[2022-12-21 21:40:28,371] {logging_mixin.py:115} INFO - [2022-12-21 21:40:28,371] {dagbag.py:507} INFO - Filling up the DagBag from /home/nayara/Downloads/EngDados/ALURA/api_twitter/venv/lib/python3.9/site-packages/airflow/example_dags/example_sla_dag.py
[2022-12-21 21:40:28,403] {processor.py:651} INFO - DAG(s) dict_keys(['example_sla_dag']) retrieved from /home/nayara/Downloads/EngDados/ALURA/api_twitter/venv/lib/python3.9/site-packages/airflow/example_dags/example_sla_dag.py
[2022-12-21 21:40:28,430] {logging_mixin.py:115} INFO - [2022-12-21 21:40:28,430] {dag.py:2379} INFO - Sync 1 DAGs
[2022-12-21 21:40:28,477] {logging_mixin.py:115} INFO - [2022-12-21 21:40:28,476] {dag.py:2927} INFO - Setting next_dagrun for example_sla_dag to 2022-12-22T00:38:00+00:00, run_after=2022-12-22T00:40:00+00:00
[2022-12-21 21:40:28,910] {processor.py:161} INFO - Processing /home/nayara/Downloads/EngDados/ALURA/api_twitter/venv/lib/python3.9/site-packages/airflow/example_dags/example_sla_dag.py took 0.554 seconds
[2022-12-21 21:41:19,637] {processor.py:153} INFO - Started process (PID=16416) to work on /home/nayara/Downloads/EngDados/ALURA/api_twitter/venv/lib/python3.9/site-packages/airflow/example_dags/example_sla_dag.py
[2022-12-21 21:41:19,731] {processor.py:641} INFO - Processing file /home/nayara/Downloads/EngDados/ALURA/api_twitter/venv/lib/python3.9/site-packages/airflow/example_dags/example_sla_dag.py for tasks to queue
[2022-12-21 21:41:19,735] {logging_mixin.py:115} INFO - [2022-12-21 21:41:19,735] {dagbag.py:507} INFO - Filling up the DagBag from /home/nayara/Downloads/EngDados/ALURA/api_twitter/venv/lib/python3.9/site-packages/airflow/example_dags/example_sla_dag.py
[2022-12-21 21:41:19,799] {processor.py:651} INFO - DAG(s) dict_keys(['example_sla_dag']) retrieved from /home/nayara/Downloads/EngDados/ALURA/api_twitter/venv/lib/python3.9/site-packages/airflow/example_dags/example_sla_dag.py
[2022-12-21 21:41:20,248] {logging_mixin.py:115} INFO - [2022-12-21 21:41:20,248] {dag.py:2379} INFO - Sync 1 DAGs
[2022-12-21 21:41:20,291] {logging_mixin.py:115} INFO - [2022-12-21 21:41:20,291] {dag.py:2927} INFO - Setting next_dagrun for example_sla_dag to 2022-12-22T00:38:00+00:00, run_after=2022-12-22T00:40:00+00:00
[2022-12-21 21:41:21,282] {processor.py:161} INFO - Processing /home/nayara/Downloads/EngDados/ALURA/api_twitter/venv/lib/python3.9/site-packages/airflow/example_dags/example_sla_dag.py took 1.649 seconds
[2022-12-21 21:42:11,657] {processor.py:153} INFO - Started process (PID=16561) to work on /home/nayara/Downloads/EngDados/ALURA/api_twitter/venv/lib/python3.9/site-packages/airflow/example_dags/example_sla_dag.py
[2022-12-21 21:42:11,664] {processor.py:641} INFO - Processing file /home/nayara/Downloads/EngDados/ALURA/api_twitter/venv/lib/python3.9/site-packages/airflow/example_dags/example_sla_dag.py for tasks to queue
[2022-12-21 21:42:11,666] {logging_mixin.py:115} INFO - [2022-12-21 21:42:11,666] {dagbag.py:507} INFO - Filling up the DagBag from /home/nayara/Downloads/EngDados/ALURA/api_twitter/venv/lib/python3.9/site-packages/airflow/example_dags/example_sla_dag.py
[2022-12-21 21:42:11,706] {processor.py:651} INFO - DAG(s) dict_keys(['example_sla_dag']) retrieved from /home/nayara/Downloads/EngDados/ALURA/api_twitter/venv/lib/python3.9/site-packages/airflow/example_dags/example_sla_dag.py
[2022-12-21 21:42:11,736] {logging_mixin.py:115} INFO - [2022-12-21 21:42:11,735] {dag.py:2379} INFO - Sync 1 DAGs
[2022-12-21 21:42:11,775] {logging_mixin.py:115} INFO - [2022-12-21 21:42:11,774] {dag.py:2927} INFO - Setting next_dagrun for example_sla_dag to 2022-12-22T00:40:00+00:00, run_after=2022-12-22T00:42:00+00:00
[2022-12-21 21:42:12,075] {processor.py:161} INFO - Processing /home/nayara/Downloads/EngDados/ALURA/api_twitter/venv/lib/python3.9/site-packages/airflow/example_dags/example_sla_dag.py took 0.437 seconds
[2022-12-21 21:43:17,229] {processor.py:153} INFO - Started process (PID=16626) to work on /home/nayara/Downloads/EngDados/ALURA/api_twitter/venv/lib/python3.9/site-packages/airflow/example_dags/example_sla_dag.py
[2022-12-21 21:43:17,270] {processor.py:641} INFO - Processing file /home/nayara/Downloads/EngDados/ALURA/api_twitter/venv/lib/python3.9/site-packages/airflow/example_dags/example_sla_dag.py for tasks to queue
[2022-12-21 21:43:17,271] {logging_mixin.py:115} INFO - [2022-12-21 21:43:17,270] {dagbag.py:507} INFO - Filling up the DagBag from /home/nayara/Downloads/EngDados/ALURA/api_twitter/venv/lib/python3.9/site-packages/airflow/example_dags/example_sla_dag.py
[2022-12-21 21:43:17,309] {processor.py:651} INFO - DAG(s) dict_keys(['example_sla_dag']) retrieved from /home/nayara/Downloads/EngDados/ALURA/api_twitter/venv/lib/python3.9/site-packages/airflow/example_dags/example_sla_dag.py
[2022-12-21 21:43:17,341] {logging_mixin.py:115} INFO - [2022-12-21 21:43:17,341] {dag.py:2379} INFO - Sync 1 DAGs
[2022-12-21 21:43:17,380] {logging_mixin.py:115} INFO - [2022-12-21 21:43:17,380] {dag.py:2927} INFO - Setting next_dagrun for example_sla_dag to 2022-12-22T00:40:00+00:00, run_after=2022-12-22T00:42:00+00:00
[2022-12-21 21:43:17,675] {processor.py:161} INFO - Processing /home/nayara/Downloads/EngDados/ALURA/api_twitter/venv/lib/python3.9/site-packages/airflow/example_dags/example_sla_dag.py took 0.460 seconds
[2022-12-21 21:44:02,310] {processor.py:153} INFO - Started process (PID=16701) to work on /home/nayara/Downloads/EngDados/ALURA/api_twitter/venv/lib/python3.9/site-packages/airflow/example_dags/example_sla_dag.py
[2022-12-21 21:44:02,311] {processor.py:641} INFO - Processing file /home/nayara/Downloads/EngDados/ALURA/api_twitter/venv/lib/python3.9/site-packages/airflow/example_dags/example_sla_dag.py for tasks to queue
[2022-12-21 21:44:02,312] {logging_mixin.py:115} INFO - [2022-12-21 21:44:02,312] {dagbag.py:507} INFO - Filling up the DagBag from /home/nayara/Downloads/EngDados/ALURA/api_twitter/venv/lib/python3.9/site-packages/airflow/example_dags/example_sla_dag.py
[2022-12-21 21:44:02,336] {processor.py:651} INFO - DAG(s) dict_keys(['example_sla_dag']) retrieved from /home/nayara/Downloads/EngDados/ALURA/api_twitter/venv/lib/python3.9/site-packages/airflow/example_dags/example_sla_dag.py
[2022-12-21 21:44:02,355] {logging_mixin.py:115} INFO - [2022-12-21 21:44:02,355] {dag.py:2379} INFO - Sync 1 DAGs
[2022-12-21 21:44:02,380] {logging_mixin.py:115} INFO - [2022-12-21 21:44:02,380] {dag.py:2927} INFO - Setting next_dagrun for example_sla_dag to 2022-12-22T00:42:00+00:00, run_after=2022-12-22T00:44:00+00:00
[2022-12-21 21:44:02,653] {processor.py:161} INFO - Processing /home/nayara/Downloads/EngDados/ALURA/api_twitter/venv/lib/python3.9/site-packages/airflow/example_dags/example_sla_dag.py took 0.355 seconds
[2022-12-21 21:44:51,152] {processor.py:153} INFO - Started process (PID=16756) to work on /home/nayara/Downloads/EngDados/ALURA/api_twitter/venv/lib/python3.9/site-packages/airflow/example_dags/example_sla_dag.py
[2022-12-21 21:44:51,176] {processor.py:641} INFO - Processing file /home/nayara/Downloads/EngDados/ALURA/api_twitter/venv/lib/python3.9/site-packages/airflow/example_dags/example_sla_dag.py for tasks to queue
[2022-12-21 21:44:51,179] {logging_mixin.py:115} INFO - [2022-12-21 21:44:51,178] {dagbag.py:507} INFO - Filling up the DagBag from /home/nayara/Downloads/EngDados/ALURA/api_twitter/venv/lib/python3.9/site-packages/airflow/example_dags/example_sla_dag.py
[2022-12-21 21:44:51,220] {processor.py:651} INFO - DAG(s) dict_keys(['example_sla_dag']) retrieved from /home/nayara/Downloads/EngDados/ALURA/api_twitter/venv/lib/python3.9/site-packages/airflow/example_dags/example_sla_dag.py
[2022-12-21 21:44:51,239] {logging_mixin.py:115} INFO - [2022-12-21 21:44:51,239] {dag.py:2379} INFO - Sync 1 DAGs
[2022-12-21 21:44:51,264] {logging_mixin.py:115} INFO - [2022-12-21 21:44:51,264] {dag.py:2927} INFO - Setting next_dagrun for example_sla_dag to 2022-12-22T00:42:00+00:00, run_after=2022-12-22T00:44:00+00:00
[2022-12-21 21:44:51,707] {processor.py:161} INFO - Processing /home/nayara/Downloads/EngDados/ALURA/api_twitter/venv/lib/python3.9/site-packages/airflow/example_dags/example_sla_dag.py took 0.567 seconds
[2022-12-21 21:45:53,809] {processor.py:153} INFO - Started process (PID=16907) to work on /home/nayara/Downloads/EngDados/ALURA/api_twitter/venv/lib/python3.9/site-packages/airflow/example_dags/example_sla_dag.py
[2022-12-21 21:45:53,842] {processor.py:641} INFO - Processing file /home/nayara/Downloads/EngDados/ALURA/api_twitter/venv/lib/python3.9/site-packages/airflow/example_dags/example_sla_dag.py for tasks to queue
[2022-12-21 21:45:53,846] {logging_mixin.py:115} INFO - [2022-12-21 21:45:53,846] {dagbag.py:507} INFO - Filling up the DagBag from /home/nayara/Downloads/EngDados/ALURA/api_twitter/venv/lib/python3.9/site-packages/airflow/example_dags/example_sla_dag.py
[2022-12-21 21:45:53,934] {processor.py:651} INFO - DAG(s) dict_keys(['example_sla_dag']) retrieved from /home/nayara/Downloads/EngDados/ALURA/api_twitter/venv/lib/python3.9/site-packages/airflow/example_dags/example_sla_dag.py
[2022-12-21 21:45:53,959] {logging_mixin.py:115} INFO - [2022-12-21 21:45:53,959] {dag.py:2379} INFO - Sync 1 DAGs
[2022-12-21 21:45:53,995] {logging_mixin.py:115} INFO - [2022-12-21 21:45:53,994] {dag.py:2927} INFO - Setting next_dagrun for example_sla_dag to 2022-12-22T00:42:00+00:00, run_after=2022-12-22T00:44:00+00:00
[2022-12-21 21:45:54,233] {processor.py:161} INFO - Processing /home/nayara/Downloads/EngDados/ALURA/api_twitter/venv/lib/python3.9/site-packages/airflow/example_dags/example_sla_dag.py took 0.429 seconds
[2022-12-21 21:46:52,630] {processor.py:153} INFO - Started process (PID=17268) to work on /home/nayara/Downloads/EngDados/ALURA/api_twitter/venv/lib/python3.9/site-packages/airflow/example_dags/example_sla_dag.py
[2022-12-21 21:46:52,651] {processor.py:641} INFO - Processing file /home/nayara/Downloads/EngDados/ALURA/api_twitter/venv/lib/python3.9/site-packages/airflow/example_dags/example_sla_dag.py for tasks to queue
[2022-12-21 21:46:52,652] {logging_mixin.py:115} INFO - [2022-12-21 21:46:52,652] {dagbag.py:507} INFO - Filling up the DagBag from /home/nayara/Downloads/EngDados/ALURA/api_twitter/venv/lib/python3.9/site-packages/airflow/example_dags/example_sla_dag.py
[2022-12-21 21:46:52,682] {processor.py:651} INFO - DAG(s) dict_keys(['example_sla_dag']) retrieved from /home/nayara/Downloads/EngDados/ALURA/api_twitter/venv/lib/python3.9/site-packages/airflow/example_dags/example_sla_dag.py
[2022-12-21 21:46:52,706] {logging_mixin.py:115} INFO - [2022-12-21 21:46:52,706] {dag.py:2379} INFO - Sync 1 DAGs
[2022-12-21 21:46:52,737] {logging_mixin.py:115} INFO - [2022-12-21 21:46:52,737] {dag.py:2927} INFO - Setting next_dagrun for example_sla_dag to 2022-12-22T00:44:00+00:00, run_after=2022-12-22T00:46:00+00:00
[2022-12-21 21:46:53,337] {processor.py:161} INFO - Processing /home/nayara/Downloads/EngDados/ALURA/api_twitter/venv/lib/python3.9/site-packages/airflow/example_dags/example_sla_dag.py took 0.712 seconds
[2022-12-21 21:47:42,122] {processor.py:153} INFO - Started process (PID=17412) to work on /home/nayara/Downloads/EngDados/ALURA/api_twitter/venv/lib/python3.9/site-packages/airflow/example_dags/example_sla_dag.py
[2022-12-21 21:47:42,149] {processor.py:641} INFO - Processing file /home/nayara/Downloads/EngDados/ALURA/api_twitter/venv/lib/python3.9/site-packages/airflow/example_dags/example_sla_dag.py for tasks to queue
[2022-12-21 21:47:42,152] {logging_mixin.py:115} INFO - [2022-12-21 21:47:42,151] {dagbag.py:507} INFO - Filling up the DagBag from /home/nayara/Downloads/EngDados/ALURA/api_twitter/venv/lib/python3.9/site-packages/airflow/example_dags/example_sla_dag.py
[2022-12-21 21:47:42,234] {processor.py:651} INFO - DAG(s) dict_keys(['example_sla_dag']) retrieved from /home/nayara/Downloads/EngDados/ALURA/api_twitter/venv/lib/python3.9/site-packages/airflow/example_dags/example_sla_dag.py
[2022-12-21 21:47:42,255] {logging_mixin.py:115} INFO - [2022-12-21 21:47:42,255] {dag.py:2379} INFO - Sync 1 DAGs
[2022-12-21 21:47:42,284] {logging_mixin.py:115} INFO - [2022-12-21 21:47:42,284] {dag.py:2927} INFO - Setting next_dagrun for example_sla_dag to 2022-12-22T00:44:00+00:00, run_after=2022-12-22T00:46:00+00:00
[2022-12-21 21:47:42,803] {processor.py:161} INFO - Processing /home/nayara/Downloads/EngDados/ALURA/api_twitter/venv/lib/python3.9/site-packages/airflow/example_dags/example_sla_dag.py took 0.698 seconds
[2022-12-21 21:48:45,092] {processor.py:153} INFO - Started process (PID=17472) to work on /home/nayara/Downloads/EngDados/ALURA/api_twitter/venv/lib/python3.9/site-packages/airflow/example_dags/example_sla_dag.py
[2022-12-21 21:48:45,112] {processor.py:641} INFO - Processing file /home/nayara/Downloads/EngDados/ALURA/api_twitter/venv/lib/python3.9/site-packages/airflow/example_dags/example_sla_dag.py for tasks to queue
[2022-12-21 21:48:45,113] {logging_mixin.py:115} INFO - [2022-12-21 21:48:45,113] {dagbag.py:507} INFO - Filling up the DagBag from /home/nayara/Downloads/EngDados/ALURA/api_twitter/venv/lib/python3.9/site-packages/airflow/example_dags/example_sla_dag.py
[2022-12-21 21:48:45,172] {processor.py:651} INFO - DAG(s) dict_keys(['example_sla_dag']) retrieved from /home/nayara/Downloads/EngDados/ALURA/api_twitter/venv/lib/python3.9/site-packages/airflow/example_dags/example_sla_dag.py
[2022-12-21 21:48:45,197] {logging_mixin.py:115} INFO - [2022-12-21 21:48:45,197] {dag.py:2379} INFO - Sync 1 DAGs
[2022-12-21 21:48:45,229] {logging_mixin.py:115} INFO - [2022-12-21 21:48:45,229] {dag.py:2927} INFO - Setting next_dagrun for example_sla_dag to 2022-12-22T00:46:00+00:00, run_after=2022-12-22T00:48:00+00:00
[2022-12-21 21:48:45,501] {processor.py:161} INFO - Processing /home/nayara/Downloads/EngDados/ALURA/api_twitter/venv/lib/python3.9/site-packages/airflow/example_dags/example_sla_dag.py took 0.419 seconds
[2022-12-21 21:49:35,619] {processor.py:153} INFO - Started process (PID=17531) to work on /home/nayara/Downloads/EngDados/ALURA/api_twitter/venv/lib/python3.9/site-packages/airflow/example_dags/example_sla_dag.py
[2022-12-21 21:49:35,621] {processor.py:641} INFO - Processing file /home/nayara/Downloads/EngDados/ALURA/api_twitter/venv/lib/python3.9/site-packages/airflow/example_dags/example_sla_dag.py for tasks to queue
[2022-12-21 21:49:35,622] {logging_mixin.py:115} INFO - [2022-12-21 21:49:35,621] {dagbag.py:507} INFO - Filling up the DagBag from /home/nayara/Downloads/EngDados/ALURA/api_twitter/venv/lib/python3.9/site-packages/airflow/example_dags/example_sla_dag.py
[2022-12-21 21:49:35,649] {processor.py:651} INFO - DAG(s) dict_keys(['example_sla_dag']) retrieved from /home/nayara/Downloads/EngDados/ALURA/api_twitter/venv/lib/python3.9/site-packages/airflow/example_dags/example_sla_dag.py
[2022-12-21 21:49:35,674] {logging_mixin.py:115} INFO - [2022-12-21 21:49:35,673] {dag.py:2379} INFO - Sync 1 DAGs
[2022-12-21 21:49:35,720] {logging_mixin.py:115} INFO - [2022-12-21 21:49:35,720] {dag.py:2927} INFO - Setting next_dagrun for example_sla_dag to 2022-12-22T00:46:00+00:00, run_after=2022-12-22T00:48:00+00:00
[2022-12-21 21:49:36,103] {processor.py:161} INFO - Processing /home/nayara/Downloads/EngDados/ALURA/api_twitter/venv/lib/python3.9/site-packages/airflow/example_dags/example_sla_dag.py took 0.489 seconds
[2022-12-21 21:50:25,947] {processor.py:153} INFO - Started process (PID=17691) to work on /home/nayara/Downloads/EngDados/ALURA/api_twitter/venv/lib/python3.9/site-packages/airflow/example_dags/example_sla_dag.py
[2022-12-21 21:50:25,967] {processor.py:641} INFO - Processing file /home/nayara/Downloads/EngDados/ALURA/api_twitter/venv/lib/python3.9/site-packages/airflow/example_dags/example_sla_dag.py for tasks to queue
[2022-12-21 21:50:25,969] {logging_mixin.py:115} INFO - [2022-12-21 21:50:25,969] {dagbag.py:507} INFO - Filling up the DagBag from /home/nayara/Downloads/EngDados/ALURA/api_twitter/venv/lib/python3.9/site-packages/airflow/example_dags/example_sla_dag.py
[2022-12-21 21:50:26,026] {processor.py:651} INFO - DAG(s) dict_keys(['example_sla_dag']) retrieved from /home/nayara/Downloads/EngDados/ALURA/api_twitter/venv/lib/python3.9/site-packages/airflow/example_dags/example_sla_dag.py
[2022-12-21 21:50:26,054] {logging_mixin.py:115} INFO - [2022-12-21 21:50:26,054] {dag.py:2379} INFO - Sync 1 DAGs
[2022-12-21 21:50:26,090] {logging_mixin.py:115} INFO - [2022-12-21 21:50:26,089] {dag.py:2927} INFO - Setting next_dagrun for example_sla_dag to 2022-12-22T00:48:00+00:00, run_after=2022-12-22T00:50:00+00:00
[2022-12-21 21:50:26,446] {processor.py:161} INFO - Processing /home/nayara/Downloads/EngDados/ALURA/api_twitter/venv/lib/python3.9/site-packages/airflow/example_dags/example_sla_dag.py took 0.512 seconds
[2022-12-21 21:51:09,576] {processor.py:153} INFO - Started process (PID=17815) to work on /home/nayara/Downloads/EngDados/ALURA/api_twitter/venv/lib/python3.9/site-packages/airflow/example_dags/example_sla_dag.py
[2022-12-21 21:51:09,578] {processor.py:641} INFO - Processing file /home/nayara/Downloads/EngDados/ALURA/api_twitter/venv/lib/python3.9/site-packages/airflow/example_dags/example_sla_dag.py for tasks to queue
[2022-12-21 21:51:09,580] {logging_mixin.py:115} INFO - [2022-12-21 21:51:09,579] {dagbag.py:507} INFO - Filling up the DagBag from /home/nayara/Downloads/EngDados/ALURA/api_twitter/venv/lib/python3.9/site-packages/airflow/example_dags/example_sla_dag.py
[2022-12-21 21:51:09,605] {processor.py:651} INFO - DAG(s) dict_keys(['example_sla_dag']) retrieved from /home/nayara/Downloads/EngDados/ALURA/api_twitter/venv/lib/python3.9/site-packages/airflow/example_dags/example_sla_dag.py
[2022-12-21 21:51:09,626] {logging_mixin.py:115} INFO - [2022-12-21 21:51:09,625] {dag.py:2379} INFO - Sync 1 DAGs
[2022-12-21 21:51:09,652] {logging_mixin.py:115} INFO - [2022-12-21 21:51:09,651] {dag.py:2927} INFO - Setting next_dagrun for example_sla_dag to 2022-12-22T00:48:00+00:00, run_after=2022-12-22T00:50:00+00:00
[2022-12-21 21:51:09,882] {processor.py:161} INFO - Processing /home/nayara/Downloads/EngDados/ALURA/api_twitter/venv/lib/python3.9/site-packages/airflow/example_dags/example_sla_dag.py took 0.320 seconds
[2022-12-21 21:51:55,767] {processor.py:153} INFO - Started process (PID=17957) to work on /home/nayara/Downloads/EngDados/ALURA/api_twitter/venv/lib/python3.9/site-packages/airflow/example_dags/example_sla_dag.py
[2022-12-21 21:51:55,798] {processor.py:641} INFO - Processing file /home/nayara/Downloads/EngDados/ALURA/api_twitter/venv/lib/python3.9/site-packages/airflow/example_dags/example_sla_dag.py for tasks to queue
[2022-12-21 21:51:55,799] {logging_mixin.py:115} INFO - [2022-12-21 21:51:55,799] {dagbag.py:507} INFO - Filling up the DagBag from /home/nayara/Downloads/EngDados/ALURA/api_twitter/venv/lib/python3.9/site-packages/airflow/example_dags/example_sla_dag.py
[2022-12-21 21:51:55,829] {processor.py:651} INFO - DAG(s) dict_keys(['example_sla_dag']) retrieved from /home/nayara/Downloads/EngDados/ALURA/api_twitter/venv/lib/python3.9/site-packages/airflow/example_dags/example_sla_dag.py
[2022-12-21 21:51:55,848] {logging_mixin.py:115} INFO - [2022-12-21 21:51:55,847] {dag.py:2379} INFO - Sync 1 DAGs
[2022-12-21 21:51:55,873] {logging_mixin.py:115} INFO - [2022-12-21 21:51:55,873] {dag.py:2927} INFO - Setting next_dagrun for example_sla_dag to 2022-12-22T00:48:00+00:00, run_after=2022-12-22T00:50:00+00:00
[2022-12-21 21:51:56,088] {processor.py:161} INFO - Processing /home/nayara/Downloads/EngDados/ALURA/api_twitter/venv/lib/python3.9/site-packages/airflow/example_dags/example_sla_dag.py took 0.330 seconds
[2022-12-21 21:52:56,253] {processor.py:153} INFO - Started process (PID=18194) to work on /home/nayara/Downloads/EngDados/ALURA/api_twitter/venv/lib/python3.9/site-packages/airflow/example_dags/example_sla_dag.py
[2022-12-21 21:52:56,269] {processor.py:641} INFO - Processing file /home/nayara/Downloads/EngDados/ALURA/api_twitter/venv/lib/python3.9/site-packages/airflow/example_dags/example_sla_dag.py for tasks to queue
[2022-12-21 21:52:56,271] {logging_mixin.py:115} INFO - [2022-12-21 21:52:56,271] {dagbag.py:507} INFO - Filling up the DagBag from /home/nayara/Downloads/EngDados/ALURA/api_twitter/venv/lib/python3.9/site-packages/airflow/example_dags/example_sla_dag.py
[2022-12-21 21:52:56,302] {processor.py:651} INFO - DAG(s) dict_keys(['example_sla_dag']) retrieved from /home/nayara/Downloads/EngDados/ALURA/api_twitter/venv/lib/python3.9/site-packages/airflow/example_dags/example_sla_dag.py
[2022-12-21 21:52:56,323] {logging_mixin.py:115} INFO - [2022-12-21 21:52:56,323] {dag.py:2379} INFO - Sync 1 DAGs
[2022-12-21 21:52:56,354] {logging_mixin.py:115} INFO - [2022-12-21 21:52:56,354] {dag.py:2927} INFO - Setting next_dagrun for example_sla_dag to 2022-12-22T00:50:00+00:00, run_after=2022-12-22T00:52:00+00:00
[2022-12-21 21:52:56,659] {processor.py:161} INFO - Processing /home/nayara/Downloads/EngDados/ALURA/api_twitter/venv/lib/python3.9/site-packages/airflow/example_dags/example_sla_dag.py took 0.412 seconds
[2022-12-21 21:53:45,186] {processor.py:153} INFO - Started process (PID=18316) to work on /home/nayara/Downloads/EngDados/ALURA/api_twitter/venv/lib/python3.9/site-packages/airflow/example_dags/example_sla_dag.py
[2022-12-21 21:53:45,187] {processor.py:641} INFO - Processing file /home/nayara/Downloads/EngDados/ALURA/api_twitter/venv/lib/python3.9/site-packages/airflow/example_dags/example_sla_dag.py for tasks to queue
[2022-12-21 21:53:45,188] {logging_mixin.py:115} INFO - [2022-12-21 21:53:45,188] {dagbag.py:507} INFO - Filling up the DagBag from /home/nayara/Downloads/EngDados/ALURA/api_twitter/venv/lib/python3.9/site-packages/airflow/example_dags/example_sla_dag.py
[2022-12-21 21:53:45,223] {processor.py:651} INFO - DAG(s) dict_keys(['example_sla_dag']) retrieved from /home/nayara/Downloads/EngDados/ALURA/api_twitter/venv/lib/python3.9/site-packages/airflow/example_dags/example_sla_dag.py
[2022-12-21 21:53:45,249] {logging_mixin.py:115} INFO - [2022-12-21 21:53:45,249] {dag.py:2379} INFO - Sync 1 DAGs
[2022-12-21 21:53:45,283] {logging_mixin.py:115} INFO - [2022-12-21 21:53:45,283] {dag.py:2927} INFO - Setting next_dagrun for example_sla_dag to 2022-12-22T00:50:00+00:00, run_after=2022-12-22T00:52:00+00:00
[2022-12-21 21:53:45,511] {processor.py:161} INFO - Processing /home/nayara/Downloads/EngDados/ALURA/api_twitter/venv/lib/python3.9/site-packages/airflow/example_dags/example_sla_dag.py took 0.336 seconds
[2022-12-21 21:54:34,017] {processor.py:153} INFO - Started process (PID=18409) to work on /home/nayara/Downloads/EngDados/ALURA/api_twitter/venv/lib/python3.9/site-packages/airflow/example_dags/example_sla_dag.py
[2022-12-21 21:54:34,019] {processor.py:641} INFO - Processing file /home/nayara/Downloads/EngDados/ALURA/api_twitter/venv/lib/python3.9/site-packages/airflow/example_dags/example_sla_dag.py for tasks to queue
[2022-12-21 21:54:34,021] {logging_mixin.py:115} INFO - [2022-12-21 21:54:34,021] {dagbag.py:507} INFO - Filling up the DagBag from /home/nayara/Downloads/EngDados/ALURA/api_twitter/venv/lib/python3.9/site-packages/airflow/example_dags/example_sla_dag.py
[2022-12-21 21:54:34,061] {processor.py:651} INFO - DAG(s) dict_keys(['example_sla_dag']) retrieved from /home/nayara/Downloads/EngDados/ALURA/api_twitter/venv/lib/python3.9/site-packages/airflow/example_dags/example_sla_dag.py
[2022-12-21 21:54:34,086] {logging_mixin.py:115} INFO - [2022-12-21 21:54:34,086] {dag.py:2379} INFO - Sync 1 DAGs
[2022-12-21 21:54:34,123] {logging_mixin.py:115} INFO - [2022-12-21 21:54:34,123] {dag.py:2927} INFO - Setting next_dagrun for example_sla_dag to 2022-12-22T00:52:00+00:00, run_after=2022-12-22T00:54:00+00:00
[2022-12-21 21:54:34,505] {processor.py:161} INFO - Processing /home/nayara/Downloads/EngDados/ALURA/api_twitter/venv/lib/python3.9/site-packages/airflow/example_dags/example_sla_dag.py took 0.505 seconds
[2022-12-21 21:55:31,563] {processor.py:153} INFO - Started process (PID=18506) to work on /home/nayara/Downloads/EngDados/ALURA/api_twitter/venv/lib/python3.9/site-packages/airflow/example_dags/example_sla_dag.py
[2022-12-21 21:55:31,581] {processor.py:641} INFO - Processing file /home/nayara/Downloads/EngDados/ALURA/api_twitter/venv/lib/python3.9/site-packages/airflow/example_dags/example_sla_dag.py for tasks to queue
[2022-12-21 21:55:31,582] {logging_mixin.py:115} INFO - [2022-12-21 21:55:31,582] {dagbag.py:507} INFO - Filling up the DagBag from /home/nayara/Downloads/EngDados/ALURA/api_twitter/venv/lib/python3.9/site-packages/airflow/example_dags/example_sla_dag.py
[2022-12-21 21:55:31,643] {processor.py:651} INFO - DAG(s) dict_keys(['example_sla_dag']) retrieved from /home/nayara/Downloads/EngDados/ALURA/api_twitter/venv/lib/python3.9/site-packages/airflow/example_dags/example_sla_dag.py
[2022-12-21 21:55:31,670] {logging_mixin.py:115} INFO - [2022-12-21 21:55:31,670] {dag.py:2379} INFO - Sync 1 DAGs
[2022-12-21 21:55:31,703] {logging_mixin.py:115} INFO - [2022-12-21 21:55:31,703] {dag.py:2927} INFO - Setting next_dagrun for example_sla_dag to 2022-12-22T00:52:00+00:00, run_after=2022-12-22T00:54:00+00:00
[2022-12-21 21:55:31,908] {processor.py:161} INFO - Processing /home/nayara/Downloads/EngDados/ALURA/api_twitter/venv/lib/python3.9/site-packages/airflow/example_dags/example_sla_dag.py took 0.363 seconds
