[2022-12-21 21:36:40,803] {processor.py:153} INFO - Started process (PID=15667) to work on /home/nayara/Downloads/EngDados/ALURA/api_twitter/venv/lib/python3.9/site-packages/airflow/example_dags/tutorial.py
[2022-12-21 21:36:40,804] {processor.py:641} INFO - Processing file /home/nayara/Downloads/EngDados/ALURA/api_twitter/venv/lib/python3.9/site-packages/airflow/example_dags/tutorial.py for tasks to queue
[2022-12-21 21:36:40,805] {logging_mixin.py:115} INFO - [2022-12-21 21:36:40,805] {dagbag.py:507} INFO - Filling up the DagBag from /home/nayara/Downloads/EngDados/ALURA/api_twitter/venv/lib/python3.9/site-packages/airflow/example_dags/tutorial.py
[2022-12-21 21:36:40,816] {processor.py:651} INFO - DAG(s) dict_keys(['tutorial']) retrieved from /home/nayara/Downloads/EngDados/ALURA/api_twitter/venv/lib/python3.9/site-packages/airflow/example_dags/tutorial.py
[2022-12-21 21:36:42,401] {logging_mixin.py:115} INFO - [2022-12-21 21:36:42,401] {manager.py:508} INFO - Created Permission View: can read on DAG:tutorial
[2022-12-21 21:36:43,001] {logging_mixin.py:115} INFO - [2022-12-21 21:36:43,000] {manager.py:508} INFO - Created Permission View: can delete on DAG:tutorial
[2022-12-21 21:36:43,441] {logging_mixin.py:115} INFO - [2022-12-21 21:36:43,441] {manager.py:508} INFO - Created Permission View: can edit on DAG:tutorial
[2022-12-21 21:36:43,442] {logging_mixin.py:115} INFO - [2022-12-21 21:36:43,442] {dag.py:2379} INFO - Sync 1 DAGs
[2022-12-21 21:36:43,477] {logging_mixin.py:115} INFO - [2022-12-21 21:36:43,477] {dag.py:2398} INFO - Creating ORM DAG for tutorial
[2022-12-21 21:36:43,491] {logging_mixin.py:115} INFO - [2022-12-21 21:36:43,491] {dag.py:2927} INFO - Setting next_dagrun for tutorial to 2022-12-21T00:36:43.490841+00:00, run_after=2022-12-22T00:36:43.490841+00:00
[2022-12-21 21:36:44,198] {processor.py:161} INFO - Processing /home/nayara/Downloads/EngDados/ALURA/api_twitter/venv/lib/python3.9/site-packages/airflow/example_dags/tutorial.py took 3.399 seconds
[2022-12-21 21:38:36,573] {processor.py:153} INFO - Started process (PID=16201) to work on /home/nayara/Downloads/EngDados/ALURA/api_twitter/venv/lib/python3.9/site-packages/airflow/example_dags/tutorial.py
[2022-12-21 21:38:36,588] {processor.py:641} INFO - Processing file /home/nayara/Downloads/EngDados/ALURA/api_twitter/venv/lib/python3.9/site-packages/airflow/example_dags/tutorial.py for tasks to queue
[2022-12-21 21:38:36,591] {logging_mixin.py:115} INFO - [2022-12-21 21:38:36,590] {dagbag.py:507} INFO - Filling up the DagBag from /home/nayara/Downloads/EngDados/ALURA/api_twitter/venv/lib/python3.9/site-packages/airflow/example_dags/tutorial.py
[2022-12-21 21:38:36,614] {processor.py:651} INFO - DAG(s) dict_keys(['tutorial']) retrieved from /home/nayara/Downloads/EngDados/ALURA/api_twitter/venv/lib/python3.9/site-packages/airflow/example_dags/tutorial.py
[2022-12-21 21:38:36,658] {logging_mixin.py:115} INFO - [2022-12-21 21:38:36,658] {dag.py:2379} INFO - Sync 1 DAGs
[2022-12-21 21:38:36,720] {logging_mixin.py:115} INFO - [2022-12-21 21:38:36,720] {dag.py:2927} INFO - Setting next_dagrun for tutorial to 2022-12-21T00:38:36.720130+00:00, run_after=2022-12-22T00:38:36.720130+00:00
[2022-12-21 21:38:37,103] {processor.py:161} INFO - Processing /home/nayara/Downloads/EngDados/ALURA/api_twitter/venv/lib/python3.9/site-packages/airflow/example_dags/tutorial.py took 0.539 seconds
[2022-12-21 21:39:23,198] {processor.py:153} INFO - Started process (PID=16257) to work on /home/nayara/Downloads/EngDados/ALURA/api_twitter/venv/lib/python3.9/site-packages/airflow/example_dags/tutorial.py
[2022-12-21 21:39:23,225] {processor.py:641} INFO - Processing file /home/nayara/Downloads/EngDados/ALURA/api_twitter/venv/lib/python3.9/site-packages/airflow/example_dags/tutorial.py for tasks to queue
[2022-12-21 21:39:23,227] {logging_mixin.py:115} INFO - [2022-12-21 21:39:23,227] {dagbag.py:507} INFO - Filling up the DagBag from /home/nayara/Downloads/EngDados/ALURA/api_twitter/venv/lib/python3.9/site-packages/airflow/example_dags/tutorial.py
[2022-12-21 21:39:23,259] {processor.py:651} INFO - DAG(s) dict_keys(['tutorial']) retrieved from /home/nayara/Downloads/EngDados/ALURA/api_twitter/venv/lib/python3.9/site-packages/airflow/example_dags/tutorial.py
[2022-12-21 21:39:23,303] {logging_mixin.py:115} INFO - [2022-12-21 21:39:23,303] {dag.py:2379} INFO - Sync 1 DAGs
[2022-12-21 21:39:23,326] {logging_mixin.py:115} INFO - [2022-12-21 21:39:23,325] {dag.py:2927} INFO - Setting next_dagrun for tutorial to 2022-12-21T00:39:23.325646+00:00, run_after=2022-12-22T00:39:23.325646+00:00
[2022-12-21 21:39:23,573] {processor.py:161} INFO - Processing /home/nayara/Downloads/EngDados/ALURA/api_twitter/venv/lib/python3.9/site-packages/airflow/example_dags/tutorial.py took 0.391 seconds
[2022-12-21 21:40:11,480] {processor.py:153} INFO - Started process (PID=16321) to work on /home/nayara/Downloads/EngDados/ALURA/api_twitter/venv/lib/python3.9/site-packages/airflow/example_dags/tutorial.py
[2022-12-21 21:40:11,482] {processor.py:641} INFO - Processing file /home/nayara/Downloads/EngDados/ALURA/api_twitter/venv/lib/python3.9/site-packages/airflow/example_dags/tutorial.py for tasks to queue
[2022-12-21 21:40:11,483] {logging_mixin.py:115} INFO - [2022-12-21 21:40:11,483] {dagbag.py:507} INFO - Filling up the DagBag from /home/nayara/Downloads/EngDados/ALURA/api_twitter/venv/lib/python3.9/site-packages/airflow/example_dags/tutorial.py
[2022-12-21 21:40:11,494] {processor.py:651} INFO - DAG(s) dict_keys(['tutorial']) retrieved from /home/nayara/Downloads/EngDados/ALURA/api_twitter/venv/lib/python3.9/site-packages/airflow/example_dags/tutorial.py
[2022-12-21 21:40:11,516] {logging_mixin.py:115} INFO - [2022-12-21 21:40:11,516] {dag.py:2379} INFO - Sync 1 DAGs
[2022-12-21 21:40:11,539] {logging_mixin.py:115} INFO - [2022-12-21 21:40:11,539] {dag.py:2927} INFO - Setting next_dagrun for tutorial to 2022-12-21T00:40:11.539288+00:00, run_after=2022-12-22T00:40:11.539288+00:00
[2022-12-21 21:40:11,818] {processor.py:161} INFO - Processing /home/nayara/Downloads/EngDados/ALURA/api_twitter/venv/lib/python3.9/site-packages/airflow/example_dags/tutorial.py took 0.350 seconds
[2022-12-21 21:41:03,920] {processor.py:153} INFO - Started process (PID=16407) to work on /home/nayara/Downloads/EngDados/ALURA/api_twitter/venv/lib/python3.9/site-packages/airflow/example_dags/tutorial.py
[2022-12-21 21:41:03,996] {processor.py:641} INFO - Processing file /home/nayara/Downloads/EngDados/ALURA/api_twitter/venv/lib/python3.9/site-packages/airflow/example_dags/tutorial.py for tasks to queue
[2022-12-21 21:41:03,997] {logging_mixin.py:115} INFO - [2022-12-21 21:41:03,997] {dagbag.py:507} INFO - Filling up the DagBag from /home/nayara/Downloads/EngDados/ALURA/api_twitter/venv/lib/python3.9/site-packages/airflow/example_dags/tutorial.py
[2022-12-21 21:41:04,007] {processor.py:651} INFO - DAG(s) dict_keys(['tutorial']) retrieved from /home/nayara/Downloads/EngDados/ALURA/api_twitter/venv/lib/python3.9/site-packages/airflow/example_dags/tutorial.py
[2022-12-21 21:41:04,043] {logging_mixin.py:115} INFO - [2022-12-21 21:41:04,043] {dag.py:2379} INFO - Sync 1 DAGs
[2022-12-21 21:41:04,083] {logging_mixin.py:115} INFO - [2022-12-21 21:41:04,083] {dag.py:2927} INFO - Setting next_dagrun for tutorial to 2022-12-21T00:41:04.082987+00:00, run_after=2022-12-22T00:41:04.082987+00:00
[2022-12-21 21:41:04,535] {processor.py:161} INFO - Processing /home/nayara/Downloads/EngDados/ALURA/api_twitter/venv/lib/python3.9/site-packages/airflow/example_dags/tutorial.py took 0.635 seconds
[2022-12-21 21:42:01,984] {processor.py:153} INFO - Started process (PID=16550) to work on /home/nayara/Downloads/EngDados/ALURA/api_twitter/venv/lib/python3.9/site-packages/airflow/example_dags/tutorial.py
[2022-12-21 21:42:02,010] {processor.py:641} INFO - Processing file /home/nayara/Downloads/EngDados/ALURA/api_twitter/venv/lib/python3.9/site-packages/airflow/example_dags/tutorial.py for tasks to queue
[2022-12-21 21:42:02,011] {logging_mixin.py:115} INFO - [2022-12-21 21:42:02,011] {dagbag.py:507} INFO - Filling up the DagBag from /home/nayara/Downloads/EngDados/ALURA/api_twitter/venv/lib/python3.9/site-packages/airflow/example_dags/tutorial.py
[2022-12-21 21:42:02,018] {processor.py:651} INFO - DAG(s) dict_keys(['tutorial']) retrieved from /home/nayara/Downloads/EngDados/ALURA/api_twitter/venv/lib/python3.9/site-packages/airflow/example_dags/tutorial.py
[2022-12-21 21:42:02,042] {logging_mixin.py:115} INFO - [2022-12-21 21:42:02,042] {dag.py:2379} INFO - Sync 1 DAGs
[2022-12-21 21:42:02,068] {logging_mixin.py:115} INFO - [2022-12-21 21:42:02,068] {dag.py:2927} INFO - Setting next_dagrun for tutorial to 2022-12-21T00:42:02.067760+00:00, run_after=2022-12-22T00:42:02.067760+00:00
[2022-12-21 21:42:02,321] {processor.py:161} INFO - Processing /home/nayara/Downloads/EngDados/ALURA/api_twitter/venv/lib/python3.9/site-packages/airflow/example_dags/tutorial.py took 0.345 seconds
[2022-12-21 21:42:42,226] {processor.py:153} INFO - Started process (PID=16586) to work on /home/nayara/Downloads/EngDados/ALURA/api_twitter/venv/lib/python3.9/site-packages/airflow/example_dags/tutorial.py
[2022-12-21 21:42:42,242] {processor.py:641} INFO - Processing file /home/nayara/Downloads/EngDados/ALURA/api_twitter/venv/lib/python3.9/site-packages/airflow/example_dags/tutorial.py for tasks to queue
[2022-12-21 21:42:42,243] {logging_mixin.py:115} INFO - [2022-12-21 21:42:42,242] {dagbag.py:507} INFO - Filling up the DagBag from /home/nayara/Downloads/EngDados/ALURA/api_twitter/venv/lib/python3.9/site-packages/airflow/example_dags/tutorial.py
[2022-12-21 21:42:42,255] {processor.py:651} INFO - DAG(s) dict_keys(['tutorial']) retrieved from /home/nayara/Downloads/EngDados/ALURA/api_twitter/venv/lib/python3.9/site-packages/airflow/example_dags/tutorial.py
[2022-12-21 21:42:42,288] {logging_mixin.py:115} INFO - [2022-12-21 21:42:42,288] {dag.py:2379} INFO - Sync 1 DAGs
[2022-12-21 21:42:42,315] {logging_mixin.py:115} INFO - [2022-12-21 21:42:42,315] {dag.py:2927} INFO - Setting next_dagrun for tutorial to 2022-12-21T00:42:42.315387+00:00, run_after=2022-12-22T00:42:42.315387+00:00
[2022-12-21 21:42:42,801] {processor.py:161} INFO - Processing /home/nayara/Downloads/EngDados/ALURA/api_twitter/venv/lib/python3.9/site-packages/airflow/example_dags/tutorial.py took 0.592 seconds
[2022-12-21 21:43:31,551] {processor.py:153} INFO - Started process (PID=16673) to work on /home/nayara/Downloads/EngDados/ALURA/api_twitter/venv/lib/python3.9/site-packages/airflow/example_dags/tutorial.py
[2022-12-21 21:43:31,581] {processor.py:641} INFO - Processing file /home/nayara/Downloads/EngDados/ALURA/api_twitter/venv/lib/python3.9/site-packages/airflow/example_dags/tutorial.py for tasks to queue
[2022-12-21 21:43:31,582] {logging_mixin.py:115} INFO - [2022-12-21 21:43:31,582] {dagbag.py:507} INFO - Filling up the DagBag from /home/nayara/Downloads/EngDados/ALURA/api_twitter/venv/lib/python3.9/site-packages/airflow/example_dags/tutorial.py
[2022-12-21 21:43:31,590] {processor.py:651} INFO - DAG(s) dict_keys(['tutorial']) retrieved from /home/nayara/Downloads/EngDados/ALURA/api_twitter/venv/lib/python3.9/site-packages/airflow/example_dags/tutorial.py
[2022-12-21 21:43:31,614] {logging_mixin.py:115} INFO - [2022-12-21 21:43:31,614] {dag.py:2379} INFO - Sync 1 DAGs
[2022-12-21 21:43:31,641] {logging_mixin.py:115} INFO - [2022-12-21 21:43:31,641] {dag.py:2927} INFO - Setting next_dagrun for tutorial to 2022-12-21T00:43:31.641441+00:00, run_after=2022-12-22T00:43:31.641441+00:00
[2022-12-21 21:43:31,963] {processor.py:161} INFO - Processing /home/nayara/Downloads/EngDados/ALURA/api_twitter/venv/lib/python3.9/site-packages/airflow/example_dags/tutorial.py took 0.416 seconds
[2022-12-21 21:44:10,909] {processor.py:153} INFO - Started process (PID=16709) to work on /home/nayara/Downloads/EngDados/ALURA/api_twitter/venv/lib/python3.9/site-packages/airflow/example_dags/tutorial.py
[2022-12-21 21:44:10,921] {processor.py:641} INFO - Processing file /home/nayara/Downloads/EngDados/ALURA/api_twitter/venv/lib/python3.9/site-packages/airflow/example_dags/tutorial.py for tasks to queue
[2022-12-21 21:44:10,922] {logging_mixin.py:115} INFO - [2022-12-21 21:44:10,922] {dagbag.py:507} INFO - Filling up the DagBag from /home/nayara/Downloads/EngDados/ALURA/api_twitter/venv/lib/python3.9/site-packages/airflow/example_dags/tutorial.py
[2022-12-21 21:44:10,933] {processor.py:651} INFO - DAG(s) dict_keys(['tutorial']) retrieved from /home/nayara/Downloads/EngDados/ALURA/api_twitter/venv/lib/python3.9/site-packages/airflow/example_dags/tutorial.py
[2022-12-21 21:44:10,953] {logging_mixin.py:115} INFO - [2022-12-21 21:44:10,953] {dag.py:2379} INFO - Sync 1 DAGs
[2022-12-21 21:44:10,976] {logging_mixin.py:115} INFO - [2022-12-21 21:44:10,976] {dag.py:2927} INFO - Setting next_dagrun for tutorial to 2022-12-21T00:44:10.975855+00:00, run_after=2022-12-22T00:44:10.975855+00:00
[2022-12-21 21:44:11,251] {processor.py:161} INFO - Processing /home/nayara/Downloads/EngDados/ALURA/api_twitter/venv/lib/python3.9/site-packages/airflow/example_dags/tutorial.py took 0.345 seconds
[2022-12-21 21:45:03,181] {processor.py:153} INFO - Started process (PID=16767) to work on /home/nayara/Downloads/EngDados/ALURA/api_twitter/venv/lib/python3.9/site-packages/airflow/example_dags/tutorial.py
[2022-12-21 21:45:03,209] {processor.py:641} INFO - Processing file /home/nayara/Downloads/EngDados/ALURA/api_twitter/venv/lib/python3.9/site-packages/airflow/example_dags/tutorial.py for tasks to queue
[2022-12-21 21:45:03,210] {logging_mixin.py:115} INFO - [2022-12-21 21:45:03,210] {dagbag.py:507} INFO - Filling up the DagBag from /home/nayara/Downloads/EngDados/ALURA/api_twitter/venv/lib/python3.9/site-packages/airflow/example_dags/tutorial.py
[2022-12-21 21:45:03,217] {processor.py:651} INFO - DAG(s) dict_keys(['tutorial']) retrieved from /home/nayara/Downloads/EngDados/ALURA/api_twitter/venv/lib/python3.9/site-packages/airflow/example_dags/tutorial.py
[2022-12-21 21:45:03,237] {logging_mixin.py:115} INFO - [2022-12-21 21:45:03,237] {dag.py:2379} INFO - Sync 1 DAGs
[2022-12-21 21:45:03,260] {logging_mixin.py:115} INFO - [2022-12-21 21:45:03,260] {dag.py:2927} INFO - Setting next_dagrun for tutorial to 2022-12-21T00:45:03.260341+00:00, run_after=2022-12-22T00:45:03.260341+00:00
[2022-12-21 21:45:03,531] {processor.py:161} INFO - Processing /home/nayara/Downloads/EngDados/ALURA/api_twitter/venv/lib/python3.9/site-packages/airflow/example_dags/tutorial.py took 0.355 seconds
[2022-12-21 21:45:44,921] {processor.py:153} INFO - Started process (PID=16901) to work on /home/nayara/Downloads/EngDados/ALURA/api_twitter/venv/lib/python3.9/site-packages/airflow/example_dags/tutorial.py
[2022-12-21 21:45:44,946] {processor.py:641} INFO - Processing file /home/nayara/Downloads/EngDados/ALURA/api_twitter/venv/lib/python3.9/site-packages/airflow/example_dags/tutorial.py for tasks to queue
[2022-12-21 21:45:44,948] {logging_mixin.py:115} INFO - [2022-12-21 21:45:44,948] {dagbag.py:507} INFO - Filling up the DagBag from /home/nayara/Downloads/EngDados/ALURA/api_twitter/venv/lib/python3.9/site-packages/airflow/example_dags/tutorial.py
[2022-12-21 21:45:44,965] {processor.py:651} INFO - DAG(s) dict_keys(['tutorial']) retrieved from /home/nayara/Downloads/EngDados/ALURA/api_twitter/venv/lib/python3.9/site-packages/airflow/example_dags/tutorial.py
[2022-12-21 21:45:45,003] {logging_mixin.py:115} INFO - [2022-12-21 21:45:45,002] {dag.py:2379} INFO - Sync 1 DAGs
[2022-12-21 21:45:45,029] {logging_mixin.py:115} INFO - [2022-12-21 21:45:45,029] {dag.py:2927} INFO - Setting next_dagrun for tutorial to 2022-12-21T00:45:45.028909+00:00, run_after=2022-12-22T00:45:45.028909+00:00
[2022-12-21 21:45:45,339] {processor.py:161} INFO - Processing /home/nayara/Downloads/EngDados/ALURA/api_twitter/venv/lib/python3.9/site-packages/airflow/example_dags/tutorial.py took 0.435 seconds
[2022-12-21 21:46:24,442] {processor.py:153} INFO - Started process (PID=17198) to work on /home/nayara/Downloads/EngDados/ALURA/api_twitter/venv/lib/python3.9/site-packages/airflow/example_dags/tutorial.py
[2022-12-21 21:46:24,451] {processor.py:641} INFO - Processing file /home/nayara/Downloads/EngDados/ALURA/api_twitter/venv/lib/python3.9/site-packages/airflow/example_dags/tutorial.py for tasks to queue
[2022-12-21 21:46:24,452] {logging_mixin.py:115} INFO - [2022-12-21 21:46:24,452] {dagbag.py:507} INFO - Filling up the DagBag from /home/nayara/Downloads/EngDados/ALURA/api_twitter/venv/lib/python3.9/site-packages/airflow/example_dags/tutorial.py
[2022-12-21 21:46:24,470] {processor.py:651} INFO - DAG(s) dict_keys(['tutorial']) retrieved from /home/nayara/Downloads/EngDados/ALURA/api_twitter/venv/lib/python3.9/site-packages/airflow/example_dags/tutorial.py
[2022-12-21 21:46:24,509] {logging_mixin.py:115} INFO - [2022-12-21 21:46:24,509] {dag.py:2379} INFO - Sync 1 DAGs
[2022-12-21 21:46:24,547] {logging_mixin.py:115} INFO - [2022-12-21 21:46:24,546] {dag.py:2927} INFO - Setting next_dagrun for tutorial to 2022-12-21T00:46:24.546436+00:00, run_after=2022-12-22T00:46:24.546436+00:00
[2022-12-21 21:46:25,006] {processor.py:161} INFO - Processing /home/nayara/Downloads/EngDados/ALURA/api_twitter/venv/lib/python3.9/site-packages/airflow/example_dags/tutorial.py took 0.571 seconds
[2022-12-21 21:47:08,442] {processor.py:153} INFO - Started process (PID=17308) to work on /home/nayara/Downloads/EngDados/ALURA/api_twitter/venv/lib/python3.9/site-packages/airflow/example_dags/tutorial.py
[2022-12-21 21:47:08,543] {processor.py:641} INFO - Processing file /home/nayara/Downloads/EngDados/ALURA/api_twitter/venv/lib/python3.9/site-packages/airflow/example_dags/tutorial.py for tasks to queue
[2022-12-21 21:47:08,545] {logging_mixin.py:115} INFO - [2022-12-21 21:47:08,545] {dagbag.py:507} INFO - Filling up the DagBag from /home/nayara/Downloads/EngDados/ALURA/api_twitter/venv/lib/python3.9/site-packages/airflow/example_dags/tutorial.py
[2022-12-21 21:47:08,577] {processor.py:651} INFO - DAG(s) dict_keys(['tutorial']) retrieved from /home/nayara/Downloads/EngDados/ALURA/api_twitter/venv/lib/python3.9/site-packages/airflow/example_dags/tutorial.py
[2022-12-21 21:47:08,627] {logging_mixin.py:115} INFO - [2022-12-21 21:47:08,627] {dag.py:2379} INFO - Sync 1 DAGs
[2022-12-21 21:47:08,655] {logging_mixin.py:115} INFO - [2022-12-21 21:47:08,655] {dag.py:2927} INFO - Setting next_dagrun for tutorial to 2022-12-21T00:47:08.655204+00:00, run_after=2022-12-22T00:47:08.655204+00:00
[2022-12-21 21:47:09,281] {processor.py:161} INFO - Processing /home/nayara/Downloads/EngDados/ALURA/api_twitter/venv/lib/python3.9/site-packages/airflow/example_dags/tutorial.py took 0.854 seconds
[2022-12-21 21:47:54,624] {processor.py:153} INFO - Started process (PID=17422) to work on /home/nayara/Downloads/EngDados/ALURA/api_twitter/venv/lib/python3.9/site-packages/airflow/example_dags/tutorial.py
[2022-12-21 21:47:54,641] {processor.py:641} INFO - Processing file /home/nayara/Downloads/EngDados/ALURA/api_twitter/venv/lib/python3.9/site-packages/airflow/example_dags/tutorial.py for tasks to queue
[2022-12-21 21:47:54,642] {logging_mixin.py:115} INFO - [2022-12-21 21:47:54,642] {dagbag.py:507} INFO - Filling up the DagBag from /home/nayara/Downloads/EngDados/ALURA/api_twitter/venv/lib/python3.9/site-packages/airflow/example_dags/tutorial.py
[2022-12-21 21:47:54,652] {processor.py:651} INFO - DAG(s) dict_keys(['tutorial']) retrieved from /home/nayara/Downloads/EngDados/ALURA/api_twitter/venv/lib/python3.9/site-packages/airflow/example_dags/tutorial.py
[2022-12-21 21:47:54,675] {logging_mixin.py:115} INFO - [2022-12-21 21:47:54,675] {dag.py:2379} INFO - Sync 1 DAGs
[2022-12-21 21:47:54,701] {logging_mixin.py:115} INFO - [2022-12-21 21:47:54,701] {dag.py:2927} INFO - Setting next_dagrun for tutorial to 2022-12-21T00:47:54.701371+00:00, run_after=2022-12-22T00:47:54.701371+00:00
[2022-12-21 21:47:55,109] {processor.py:161} INFO - Processing /home/nayara/Downloads/EngDados/ALURA/api_twitter/venv/lib/python3.9/site-packages/airflow/example_dags/tutorial.py took 0.491 seconds
[2022-12-21 21:48:37,498] {processor.py:153} INFO - Started process (PID=17466) to work on /home/nayara/Downloads/EngDados/ALURA/api_twitter/venv/lib/python3.9/site-packages/airflow/example_dags/tutorial.py
[2022-12-21 21:48:37,507] {processor.py:641} INFO - Processing file /home/nayara/Downloads/EngDados/ALURA/api_twitter/venv/lib/python3.9/site-packages/airflow/example_dags/tutorial.py for tasks to queue
[2022-12-21 21:48:37,508] {logging_mixin.py:115} INFO - [2022-12-21 21:48:37,508] {dagbag.py:507} INFO - Filling up the DagBag from /home/nayara/Downloads/EngDados/ALURA/api_twitter/venv/lib/python3.9/site-packages/airflow/example_dags/tutorial.py
[2022-12-21 21:48:37,522] {processor.py:651} INFO - DAG(s) dict_keys(['tutorial']) retrieved from /home/nayara/Downloads/EngDados/ALURA/api_twitter/venv/lib/python3.9/site-packages/airflow/example_dags/tutorial.py
[2022-12-21 21:48:37,548] {logging_mixin.py:115} INFO - [2022-12-21 21:48:37,548] {dag.py:2379} INFO - Sync 1 DAGs
[2022-12-21 21:48:37,579] {logging_mixin.py:115} INFO - [2022-12-21 21:48:37,579] {dag.py:2927} INFO - Setting next_dagrun for tutorial to 2022-12-21T00:48:37.578753+00:00, run_after=2022-12-22T00:48:37.578753+00:00
[2022-12-21 21:48:37,887] {processor.py:161} INFO - Processing /home/nayara/Downloads/EngDados/ALURA/api_twitter/venv/lib/python3.9/site-packages/airflow/example_dags/tutorial.py took 0.395 seconds
[2022-12-21 21:49:27,988] {processor.py:153} INFO - Started process (PID=17523) to work on /home/nayara/Downloads/EngDados/ALURA/api_twitter/venv/lib/python3.9/site-packages/airflow/example_dags/tutorial.py
[2022-12-21 21:49:27,989] {processor.py:641} INFO - Processing file /home/nayara/Downloads/EngDados/ALURA/api_twitter/venv/lib/python3.9/site-packages/airflow/example_dags/tutorial.py for tasks to queue
[2022-12-21 21:49:27,990] {logging_mixin.py:115} INFO - [2022-12-21 21:49:27,990] {dagbag.py:507} INFO - Filling up the DagBag from /home/nayara/Downloads/EngDados/ALURA/api_twitter/venv/lib/python3.9/site-packages/airflow/example_dags/tutorial.py
[2022-12-21 21:49:27,999] {processor.py:651} INFO - DAG(s) dict_keys(['tutorial']) retrieved from /home/nayara/Downloads/EngDados/ALURA/api_twitter/venv/lib/python3.9/site-packages/airflow/example_dags/tutorial.py
[2022-12-21 21:49:28,044] {logging_mixin.py:115} INFO - [2022-12-21 21:49:28,044] {dag.py:2379} INFO - Sync 1 DAGs
[2022-12-21 21:49:28,159] {logging_mixin.py:115} INFO - [2022-12-21 21:49:28,159] {dag.py:2927} INFO - Setting next_dagrun for tutorial to 2022-12-21T00:49:28.066714+00:00, run_after=2022-12-22T00:49:28.066714+00:00
[2022-12-21 21:49:28,496] {processor.py:161} INFO - Processing /home/nayara/Downloads/EngDados/ALURA/api_twitter/venv/lib/python3.9/site-packages/airflow/example_dags/tutorial.py took 0.511 seconds
[2022-12-21 21:50:19,114] {processor.py:153} INFO - Started process (PID=17685) to work on /home/nayara/Downloads/EngDados/ALURA/api_twitter/venv/lib/python3.9/site-packages/airflow/example_dags/tutorial.py
[2022-12-21 21:50:19,144] {processor.py:641} INFO - Processing file /home/nayara/Downloads/EngDados/ALURA/api_twitter/venv/lib/python3.9/site-packages/airflow/example_dags/tutorial.py for tasks to queue
[2022-12-21 21:50:19,145] {logging_mixin.py:115} INFO - [2022-12-21 21:50:19,145] {dagbag.py:507} INFO - Filling up the DagBag from /home/nayara/Downloads/EngDados/ALURA/api_twitter/venv/lib/python3.9/site-packages/airflow/example_dags/tutorial.py
[2022-12-21 21:50:19,163] {processor.py:651} INFO - DAG(s) dict_keys(['tutorial']) retrieved from /home/nayara/Downloads/EngDados/ALURA/api_twitter/venv/lib/python3.9/site-packages/airflow/example_dags/tutorial.py
[2022-12-21 21:50:19,191] {logging_mixin.py:115} INFO - [2022-12-21 21:50:19,191] {dag.py:2379} INFO - Sync 1 DAGs
[2022-12-21 21:50:19,223] {logging_mixin.py:115} INFO - [2022-12-21 21:50:19,223] {dag.py:2927} INFO - Setting next_dagrun for tutorial to 2022-12-21T00:50:19.222964+00:00, run_after=2022-12-22T00:50:19.222964+00:00
[2022-12-21 21:50:19,550] {processor.py:161} INFO - Processing /home/nayara/Downloads/EngDados/ALURA/api_twitter/venv/lib/python3.9/site-packages/airflow/example_dags/tutorial.py took 0.440 seconds
[2022-12-21 21:50:58,114] {processor.py:153} INFO - Started process (PID=17807) to work on /home/nayara/Downloads/EngDados/ALURA/api_twitter/venv/lib/python3.9/site-packages/airflow/example_dags/tutorial.py
[2022-12-21 21:50:58,133] {processor.py:641} INFO - Processing file /home/nayara/Downloads/EngDados/ALURA/api_twitter/venv/lib/python3.9/site-packages/airflow/example_dags/tutorial.py for tasks to queue
[2022-12-21 21:50:58,135] {logging_mixin.py:115} INFO - [2022-12-21 21:50:58,134] {dagbag.py:507} INFO - Filling up the DagBag from /home/nayara/Downloads/EngDados/ALURA/api_twitter/venv/lib/python3.9/site-packages/airflow/example_dags/tutorial.py
[2022-12-21 21:50:58,146] {processor.py:651} INFO - DAG(s) dict_keys(['tutorial']) retrieved from /home/nayara/Downloads/EngDados/ALURA/api_twitter/venv/lib/python3.9/site-packages/airflow/example_dags/tutorial.py
[2022-12-21 21:50:58,167] {logging_mixin.py:115} INFO - [2022-12-21 21:50:58,167] {dag.py:2379} INFO - Sync 1 DAGs
[2022-12-21 21:50:58,190] {logging_mixin.py:115} INFO - [2022-12-21 21:50:58,189] {dag.py:2927} INFO - Setting next_dagrun for tutorial to 2022-12-21T00:50:58.189565+00:00, run_after=2022-12-22T00:50:58.189565+00:00
[2022-12-21 21:50:58,606] {processor.py:161} INFO - Processing /home/nayara/Downloads/EngDados/ALURA/api_twitter/venv/lib/python3.9/site-packages/airflow/example_dags/tutorial.py took 0.506 seconds
[2022-12-21 21:51:34,461] {processor.py:153} INFO - Started process (PID=17889) to work on /home/nayara/Downloads/EngDados/ALURA/api_twitter/venv/lib/python3.9/site-packages/airflow/example_dags/tutorial.py
[2022-12-21 21:51:34,477] {processor.py:641} INFO - Processing file /home/nayara/Downloads/EngDados/ALURA/api_twitter/venv/lib/python3.9/site-packages/airflow/example_dags/tutorial.py for tasks to queue
[2022-12-21 21:51:34,477] {logging_mixin.py:115} INFO - [2022-12-21 21:51:34,477] {dagbag.py:507} INFO - Filling up the DagBag from /home/nayara/Downloads/EngDados/ALURA/api_twitter/venv/lib/python3.9/site-packages/airflow/example_dags/tutorial.py
[2022-12-21 21:51:34,488] {processor.py:651} INFO - DAG(s) dict_keys(['tutorial']) retrieved from /home/nayara/Downloads/EngDados/ALURA/api_twitter/venv/lib/python3.9/site-packages/airflow/example_dags/tutorial.py
[2022-12-21 21:51:34,510] {logging_mixin.py:115} INFO - [2022-12-21 21:51:34,510] {dag.py:2379} INFO - Sync 1 DAGs
[2022-12-21 21:51:34,532] {logging_mixin.py:115} INFO - [2022-12-21 21:51:34,532] {dag.py:2927} INFO - Setting next_dagrun for tutorial to 2022-12-21T00:51:34.531789+00:00, run_after=2022-12-22T00:51:34.531789+00:00
[2022-12-21 21:51:34,813] {processor.py:161} INFO - Processing /home/nayara/Downloads/EngDados/ALURA/api_twitter/venv/lib/python3.9/site-packages/airflow/example_dags/tutorial.py took 0.363 seconds
[2022-12-21 21:52:24,910] {processor.py:153} INFO - Started process (PID=18080) to work on /home/nayara/Downloads/EngDados/ALURA/api_twitter/venv/lib/python3.9/site-packages/airflow/example_dags/tutorial.py
[2022-12-21 21:52:24,929] {processor.py:641} INFO - Processing file /home/nayara/Downloads/EngDados/ALURA/api_twitter/venv/lib/python3.9/site-packages/airflow/example_dags/tutorial.py for tasks to queue
[2022-12-21 21:52:24,930] {logging_mixin.py:115} INFO - [2022-12-21 21:52:24,930] {dagbag.py:507} INFO - Filling up the DagBag from /home/nayara/Downloads/EngDados/ALURA/api_twitter/venv/lib/python3.9/site-packages/airflow/example_dags/tutorial.py
[2022-12-21 21:52:24,943] {processor.py:651} INFO - DAG(s) dict_keys(['tutorial']) retrieved from /home/nayara/Downloads/EngDados/ALURA/api_twitter/venv/lib/python3.9/site-packages/airflow/example_dags/tutorial.py
[2022-12-21 21:52:24,971] {logging_mixin.py:115} INFO - [2022-12-21 21:52:24,971] {dag.py:2379} INFO - Sync 1 DAGs
[2022-12-21 21:52:24,999] {logging_mixin.py:115} INFO - [2022-12-21 21:52:24,999] {dag.py:2927} INFO - Setting next_dagrun for tutorial to 2022-12-21T00:52:24.998286+00:00, run_after=2022-12-22T00:52:24.998286+00:00
[2022-12-21 21:52:25,391] {processor.py:161} INFO - Processing /home/nayara/Downloads/EngDados/ALURA/api_twitter/venv/lib/python3.9/site-packages/airflow/example_dags/tutorial.py took 0.503 seconds
[2022-12-21 21:53:04,452] {processor.py:153} INFO - Started process (PID=18202) to work on /home/nayara/Downloads/EngDados/ALURA/api_twitter/venv/lib/python3.9/site-packages/airflow/example_dags/tutorial.py
[2022-12-21 21:53:04,473] {processor.py:641} INFO - Processing file /home/nayara/Downloads/EngDados/ALURA/api_twitter/venv/lib/python3.9/site-packages/airflow/example_dags/tutorial.py for tasks to queue
[2022-12-21 21:53:04,474] {logging_mixin.py:115} INFO - [2022-12-21 21:53:04,474] {dagbag.py:507} INFO - Filling up the DagBag from /home/nayara/Downloads/EngDados/ALURA/api_twitter/venv/lib/python3.9/site-packages/airflow/example_dags/tutorial.py
[2022-12-21 21:53:04,483] {processor.py:651} INFO - DAG(s) dict_keys(['tutorial']) retrieved from /home/nayara/Downloads/EngDados/ALURA/api_twitter/venv/lib/python3.9/site-packages/airflow/example_dags/tutorial.py
[2022-12-21 21:53:04,507] {logging_mixin.py:115} INFO - [2022-12-21 21:53:04,507] {dag.py:2379} INFO - Sync 1 DAGs
[2022-12-21 21:53:04,533] {logging_mixin.py:115} INFO - [2022-12-21 21:53:04,533] {dag.py:2927} INFO - Setting next_dagrun for tutorial to 2022-12-21T00:53:04.532473+00:00, run_after=2022-12-22T00:53:04.532473+00:00
[2022-12-21 21:53:04,843] {processor.py:161} INFO - Processing /home/nayara/Downloads/EngDados/ALURA/api_twitter/venv/lib/python3.9/site-packages/airflow/example_dags/tutorial.py took 0.399 seconds
[2022-12-21 21:53:42,406] {processor.py:153} INFO - Started process (PID=18251) to work on /home/nayara/Downloads/EngDados/ALURA/api_twitter/venv/lib/python3.9/site-packages/airflow/example_dags/tutorial.py
[2022-12-21 21:53:42,407] {processor.py:641} INFO - Processing file /home/nayara/Downloads/EngDados/ALURA/api_twitter/venv/lib/python3.9/site-packages/airflow/example_dags/tutorial.py for tasks to queue
[2022-12-21 21:53:42,408] {logging_mixin.py:115} INFO - [2022-12-21 21:53:42,408] {dagbag.py:507} INFO - Filling up the DagBag from /home/nayara/Downloads/EngDados/ALURA/api_twitter/venv/lib/python3.9/site-packages/airflow/example_dags/tutorial.py
[2022-12-21 21:53:42,420] {processor.py:651} INFO - DAG(s) dict_keys(['tutorial']) retrieved from /home/nayara/Downloads/EngDados/ALURA/api_twitter/venv/lib/python3.9/site-packages/airflow/example_dags/tutorial.py
[2022-12-21 21:53:42,451] {logging_mixin.py:115} INFO - [2022-12-21 21:53:42,451] {dag.py:2379} INFO - Sync 1 DAGs
[2022-12-21 21:53:42,487] {logging_mixin.py:115} INFO - [2022-12-21 21:53:42,487] {dag.py:2927} INFO - Setting next_dagrun for tutorial to 2022-12-21T00:53:42.487115+00:00, run_after=2022-12-22T00:53:42.487115+00:00
[2022-12-21 21:53:42,760] {processor.py:161} INFO - Processing /home/nayara/Downloads/EngDados/ALURA/api_twitter/venv/lib/python3.9/site-packages/airflow/example_dags/tutorial.py took 0.358 seconds
[2022-12-21 21:54:32,434] {processor.py:153} INFO - Started process (PID=18407) to work on /home/nayara/Downloads/EngDados/ALURA/api_twitter/venv/lib/python3.9/site-packages/airflow/example_dags/tutorial.py
[2022-12-21 21:54:32,437] {processor.py:641} INFO - Processing file /home/nayara/Downloads/EngDados/ALURA/api_twitter/venv/lib/python3.9/site-packages/airflow/example_dags/tutorial.py for tasks to queue
[2022-12-21 21:54:32,439] {logging_mixin.py:115} INFO - [2022-12-21 21:54:32,438] {dagbag.py:507} INFO - Filling up the DagBag from /home/nayara/Downloads/EngDados/ALURA/api_twitter/venv/lib/python3.9/site-packages/airflow/example_dags/tutorial.py
[2022-12-21 21:54:32,463] {processor.py:651} INFO - DAG(s) dict_keys(['tutorial']) retrieved from /home/nayara/Downloads/EngDados/ALURA/api_twitter/venv/lib/python3.9/site-packages/airflow/example_dags/tutorial.py
[2022-12-21 21:54:32,489] {logging_mixin.py:115} INFO - [2022-12-21 21:54:32,489] {dag.py:2379} INFO - Sync 1 DAGs
[2022-12-21 21:54:32,520] {logging_mixin.py:115} INFO - [2022-12-21 21:54:32,519] {dag.py:2927} INFO - Setting next_dagrun for tutorial to 2022-12-21T00:54:32.519365+00:00, run_after=2022-12-22T00:54:32.519365+00:00
[2022-12-21 21:54:32,801] {processor.py:161} INFO - Processing /home/nayara/Downloads/EngDados/ALURA/api_twitter/venv/lib/python3.9/site-packages/airflow/example_dags/tutorial.py took 0.384 seconds
[2022-12-21 21:55:09,404] {processor.py:153} INFO - Started process (PID=18479) to work on /home/nayara/Downloads/EngDados/ALURA/api_twitter/venv/lib/python3.9/site-packages/airflow/example_dags/tutorial.py
[2022-12-21 21:55:09,412] {processor.py:641} INFO - Processing file /home/nayara/Downloads/EngDados/ALURA/api_twitter/venv/lib/python3.9/site-packages/airflow/example_dags/tutorial.py for tasks to queue
[2022-12-21 21:55:09,413] {logging_mixin.py:115} INFO - [2022-12-21 21:55:09,413] {dagbag.py:507} INFO - Filling up the DagBag from /home/nayara/Downloads/EngDados/ALURA/api_twitter/venv/lib/python3.9/site-packages/airflow/example_dags/tutorial.py
[2022-12-21 21:55:09,420] {processor.py:651} INFO - DAG(s) dict_keys(['tutorial']) retrieved from /home/nayara/Downloads/EngDados/ALURA/api_twitter/venv/lib/python3.9/site-packages/airflow/example_dags/tutorial.py
[2022-12-21 21:55:09,440] {logging_mixin.py:115} INFO - [2022-12-21 21:55:09,440] {dag.py:2379} INFO - Sync 1 DAGs
[2022-12-21 21:55:09,463] {logging_mixin.py:115} INFO - [2022-12-21 21:55:09,463] {dag.py:2927} INFO - Setting next_dagrun for tutorial to 2022-12-21T00:55:09.462540+00:00, run_after=2022-12-22T00:55:09.462540+00:00
[2022-12-21 21:55:09,767] {processor.py:161} INFO - Processing /home/nayara/Downloads/EngDados/ALURA/api_twitter/venv/lib/python3.9/site-packages/airflow/example_dags/tutorial.py took 0.368 seconds
