[2022-12-21 21:36:54,386] {processor.py:153} INFO - Started process (PID=15837) to work on /home/nayara/Downloads/EngDados/ALURA/api_twitter/venv/lib/python3.9/site-packages/airflow/example_dags/tutorial_etl_dag.py
[2022-12-21 21:36:54,388] {processor.py:641} INFO - Processing file /home/nayara/Downloads/EngDados/ALURA/api_twitter/venv/lib/python3.9/site-packages/airflow/example_dags/tutorial_etl_dag.py for tasks to queue
[2022-12-21 21:36:54,391] {logging_mixin.py:115} INFO - [2022-12-21 21:36:54,391] {dagbag.py:507} INFO - Filling up the DagBag from /home/nayara/Downloads/EngDados/ALURA/api_twitter/venv/lib/python3.9/site-packages/airflow/example_dags/tutorial_etl_dag.py
[2022-12-21 21:36:54,484] {processor.py:651} INFO - DAG(s) dict_keys(['tutorial_etl_dag']) retrieved from /home/nayara/Downloads/EngDados/ALURA/api_twitter/venv/lib/python3.9/site-packages/airflow/example_dags/tutorial_etl_dag.py
[2022-12-21 21:36:58,434] {logging_mixin.py:115} INFO - [2022-12-21 21:36:58,433] {manager.py:508} INFO - Created Permission View: can read on DAG:tutorial_etl_dag
[2022-12-21 21:36:59,443] {logging_mixin.py:115} INFO - [2022-12-21 21:36:59,442] {manager.py:508} INFO - Created Permission View: can delete on DAG:tutorial_etl_dag
[2022-12-21 21:37:00,093] {logging_mixin.py:115} INFO - [2022-12-21 21:37:00,092] {manager.py:508} INFO - Created Permission View: can edit on DAG:tutorial_etl_dag
[2022-12-21 21:37:00,093] {logging_mixin.py:115} INFO - [2022-12-21 21:37:00,093] {dag.py:2379} INFO - Sync 1 DAGs
[2022-12-21 21:37:00,117] {logging_mixin.py:115} INFO - [2022-12-21 21:37:00,117] {dag.py:2398} INFO - Creating ORM DAG for tutorial_etl_dag
[2022-12-21 21:37:00,129] {logging_mixin.py:115} INFO - [2022-12-21 21:37:00,129] {dag.py:2927} INFO - Setting next_dagrun for tutorial_etl_dag to None, run_after=None
[2022-12-21 21:37:01,135] {processor.py:161} INFO - Processing /home/nayara/Downloads/EngDados/ALURA/api_twitter/venv/lib/python3.9/site-packages/airflow/example_dags/tutorial_etl_dag.py took 6.764 seconds
[2022-12-21 21:38:42,092] {processor.py:153} INFO - Started process (PID=16207) to work on /home/nayara/Downloads/EngDados/ALURA/api_twitter/venv/lib/python3.9/site-packages/airflow/example_dags/tutorial_etl_dag.py
[2022-12-21 21:38:42,112] {processor.py:641} INFO - Processing file /home/nayara/Downloads/EngDados/ALURA/api_twitter/venv/lib/python3.9/site-packages/airflow/example_dags/tutorial_etl_dag.py for tasks to queue
[2022-12-21 21:38:42,114] {logging_mixin.py:115} INFO - [2022-12-21 21:38:42,114] {dagbag.py:507} INFO - Filling up the DagBag from /home/nayara/Downloads/EngDados/ALURA/api_twitter/venv/lib/python3.9/site-packages/airflow/example_dags/tutorial_etl_dag.py
[2022-12-21 21:38:42,166] {processor.py:651} INFO - DAG(s) dict_keys(['tutorial_etl_dag']) retrieved from /home/nayara/Downloads/EngDados/ALURA/api_twitter/venv/lib/python3.9/site-packages/airflow/example_dags/tutorial_etl_dag.py
[2022-12-21 21:38:42,191] {logging_mixin.py:115} INFO - [2022-12-21 21:38:42,191] {dag.py:2379} INFO - Sync 1 DAGs
[2022-12-21 21:38:42,215] {logging_mixin.py:115} INFO - [2022-12-21 21:38:42,214] {dag.py:2927} INFO - Setting next_dagrun for tutorial_etl_dag to None, run_after=None
[2022-12-21 21:38:42,629] {processor.py:161} INFO - Processing /home/nayara/Downloads/EngDados/ALURA/api_twitter/venv/lib/python3.9/site-packages/airflow/example_dags/tutorial_etl_dag.py took 0.542 seconds
[2022-12-21 21:39:39,447] {processor.py:153} INFO - Started process (PID=16273) to work on /home/nayara/Downloads/EngDados/ALURA/api_twitter/venv/lib/python3.9/site-packages/airflow/example_dags/tutorial_etl_dag.py
[2022-12-21 21:39:39,473] {processor.py:641} INFO - Processing file /home/nayara/Downloads/EngDados/ALURA/api_twitter/venv/lib/python3.9/site-packages/airflow/example_dags/tutorial_etl_dag.py for tasks to queue
[2022-12-21 21:39:39,476] {logging_mixin.py:115} INFO - [2022-12-21 21:39:39,475] {dagbag.py:507} INFO - Filling up the DagBag from /home/nayara/Downloads/EngDados/ALURA/api_twitter/venv/lib/python3.9/site-packages/airflow/example_dags/tutorial_etl_dag.py
[2022-12-21 21:39:39,519] {processor.py:651} INFO - DAG(s) dict_keys(['tutorial_etl_dag']) retrieved from /home/nayara/Downloads/EngDados/ALURA/api_twitter/venv/lib/python3.9/site-packages/airflow/example_dags/tutorial_etl_dag.py
[2022-12-21 21:39:39,558] {logging_mixin.py:115} INFO - [2022-12-21 21:39:39,558] {dag.py:2379} INFO - Sync 1 DAGs
[2022-12-21 21:39:39,582] {logging_mixin.py:115} INFO - [2022-12-21 21:39:39,582] {dag.py:2927} INFO - Setting next_dagrun for tutorial_etl_dag to None, run_after=None
[2022-12-21 21:39:40,194] {processor.py:161} INFO - Processing /home/nayara/Downloads/EngDados/ALURA/api_twitter/venv/lib/python3.9/site-packages/airflow/example_dags/tutorial_etl_dag.py took 0.762 seconds
[2022-12-21 21:40:21,483] {processor.py:153} INFO - Started process (PID=16342) to work on /home/nayara/Downloads/EngDados/ALURA/api_twitter/venv/lib/python3.9/site-packages/airflow/example_dags/tutorial_etl_dag.py
[2022-12-21 21:40:21,486] {processor.py:641} INFO - Processing file /home/nayara/Downloads/EngDados/ALURA/api_twitter/venv/lib/python3.9/site-packages/airflow/example_dags/tutorial_etl_dag.py for tasks to queue
[2022-12-21 21:40:21,487] {logging_mixin.py:115} INFO - [2022-12-21 21:40:21,487] {dagbag.py:507} INFO - Filling up the DagBag from /home/nayara/Downloads/EngDados/ALURA/api_twitter/venv/lib/python3.9/site-packages/airflow/example_dags/tutorial_etl_dag.py
[2022-12-21 21:40:21,501] {processor.py:651} INFO - DAG(s) dict_keys(['tutorial_etl_dag']) retrieved from /home/nayara/Downloads/EngDados/ALURA/api_twitter/venv/lib/python3.9/site-packages/airflow/example_dags/tutorial_etl_dag.py
[2022-12-21 21:40:21,521] {logging_mixin.py:115} INFO - [2022-12-21 21:40:21,520] {dag.py:2379} INFO - Sync 1 DAGs
[2022-12-21 21:40:21,545] {logging_mixin.py:115} INFO - [2022-12-21 21:40:21,545] {dag.py:2927} INFO - Setting next_dagrun for tutorial_etl_dag to None, run_after=None
[2022-12-21 21:40:21,831] {processor.py:161} INFO - Processing /home/nayara/Downloads/EngDados/ALURA/api_twitter/venv/lib/python3.9/site-packages/airflow/example_dags/tutorial_etl_dag.py took 0.362 seconds
[2022-12-21 21:41:09,131] {processor.py:153} INFO - Started process (PID=16410) to work on /home/nayara/Downloads/EngDados/ALURA/api_twitter/venv/lib/python3.9/site-packages/airflow/example_dags/tutorial_etl_dag.py
[2022-12-21 21:41:09,279] {processor.py:641} INFO - Processing file /home/nayara/Downloads/EngDados/ALURA/api_twitter/venv/lib/python3.9/site-packages/airflow/example_dags/tutorial_etl_dag.py for tasks to queue
[2022-12-21 21:41:09,281] {logging_mixin.py:115} INFO - [2022-12-21 21:41:09,280] {dagbag.py:507} INFO - Filling up the DagBag from /home/nayara/Downloads/EngDados/ALURA/api_twitter/venv/lib/python3.9/site-packages/airflow/example_dags/tutorial_etl_dag.py
[2022-12-21 21:41:09,295] {processor.py:651} INFO - DAG(s) dict_keys(['tutorial_etl_dag']) retrieved from /home/nayara/Downloads/EngDados/ALURA/api_twitter/venv/lib/python3.9/site-packages/airflow/example_dags/tutorial_etl_dag.py
[2022-12-21 21:41:09,331] {logging_mixin.py:115} INFO - [2022-12-21 21:41:09,330] {dag.py:2379} INFO - Sync 1 DAGs
[2022-12-21 21:41:09,372] {logging_mixin.py:115} INFO - [2022-12-21 21:41:09,372] {dag.py:2927} INFO - Setting next_dagrun for tutorial_etl_dag to None, run_after=None
[2022-12-21 21:41:10,051] {processor.py:161} INFO - Processing /home/nayara/Downloads/EngDados/ALURA/api_twitter/venv/lib/python3.9/site-packages/airflow/example_dags/tutorial_etl_dag.py took 0.932 seconds
[2022-12-21 21:42:05,959] {processor.py:153} INFO - Started process (PID=16554) to work on /home/nayara/Downloads/EngDados/ALURA/api_twitter/venv/lib/python3.9/site-packages/airflow/example_dags/tutorial_etl_dag.py
[2022-12-21 21:42:06,042] {processor.py:641} INFO - Processing file /home/nayara/Downloads/EngDados/ALURA/api_twitter/venv/lib/python3.9/site-packages/airflow/example_dags/tutorial_etl_dag.py for tasks to queue
[2022-12-21 21:42:06,044] {logging_mixin.py:115} INFO - [2022-12-21 21:42:06,044] {dagbag.py:507} INFO - Filling up the DagBag from /home/nayara/Downloads/EngDados/ALURA/api_twitter/venv/lib/python3.9/site-packages/airflow/example_dags/tutorial_etl_dag.py
[2022-12-21 21:42:06,072] {processor.py:651} INFO - DAG(s) dict_keys(['tutorial_etl_dag']) retrieved from /home/nayara/Downloads/EngDados/ALURA/api_twitter/venv/lib/python3.9/site-packages/airflow/example_dags/tutorial_etl_dag.py
[2022-12-21 21:42:06,103] {logging_mixin.py:115} INFO - [2022-12-21 21:42:06,103] {dag.py:2379} INFO - Sync 1 DAGs
[2022-12-21 21:42:06,135] {logging_mixin.py:115} INFO - [2022-12-21 21:42:06,135] {dag.py:2927} INFO - Setting next_dagrun for tutorial_etl_dag to None, run_after=None
[2022-12-21 21:42:06,309] {processor.py:161} INFO - Processing /home/nayara/Downloads/EngDados/ALURA/api_twitter/venv/lib/python3.9/site-packages/airflow/example_dags/tutorial_etl_dag.py took 0.361 seconds
[2022-12-21 21:42:48,727] {processor.py:153} INFO - Started process (PID=16604) to work on /home/nayara/Downloads/EngDados/ALURA/api_twitter/venv/lib/python3.9/site-packages/airflow/example_dags/tutorial_etl_dag.py
[2022-12-21 21:42:48,743] {processor.py:641} INFO - Processing file /home/nayara/Downloads/EngDados/ALURA/api_twitter/venv/lib/python3.9/site-packages/airflow/example_dags/tutorial_etl_dag.py for tasks to queue
[2022-12-21 21:42:48,746] {logging_mixin.py:115} INFO - [2022-12-21 21:42:48,746] {dagbag.py:507} INFO - Filling up the DagBag from /home/nayara/Downloads/EngDados/ALURA/api_twitter/venv/lib/python3.9/site-packages/airflow/example_dags/tutorial_etl_dag.py
[2022-12-21 21:42:48,794] {processor.py:651} INFO - DAG(s) dict_keys(['tutorial_etl_dag']) retrieved from /home/nayara/Downloads/EngDados/ALURA/api_twitter/venv/lib/python3.9/site-packages/airflow/example_dags/tutorial_etl_dag.py
[2022-12-21 21:42:48,833] {logging_mixin.py:115} INFO - [2022-12-21 21:42:48,833] {dag.py:2379} INFO - Sync 1 DAGs
[2022-12-21 21:42:48,863] {logging_mixin.py:115} INFO - [2022-12-21 21:42:48,863] {dag.py:2927} INFO - Setting next_dagrun for tutorial_etl_dag to None, run_after=None
[2022-12-21 21:42:49,183] {processor.py:161} INFO - Processing /home/nayara/Downloads/EngDados/ALURA/api_twitter/venv/lib/python3.9/site-packages/airflow/example_dags/tutorial_etl_dag.py took 0.462 seconds
[2022-12-21 21:43:35,550] {processor.py:153} INFO - Started process (PID=16677) to work on /home/nayara/Downloads/EngDados/ALURA/api_twitter/venv/lib/python3.9/site-packages/airflow/example_dags/tutorial_etl_dag.py
[2022-12-21 21:43:35,551] {processor.py:641} INFO - Processing file /home/nayara/Downloads/EngDados/ALURA/api_twitter/venv/lib/python3.9/site-packages/airflow/example_dags/tutorial_etl_dag.py for tasks to queue
[2022-12-21 21:43:35,552] {logging_mixin.py:115} INFO - [2022-12-21 21:43:35,551] {dagbag.py:507} INFO - Filling up the DagBag from /home/nayara/Downloads/EngDados/ALURA/api_twitter/venv/lib/python3.9/site-packages/airflow/example_dags/tutorial_etl_dag.py
[2022-12-21 21:43:35,560] {processor.py:651} INFO - DAG(s) dict_keys(['tutorial_etl_dag']) retrieved from /home/nayara/Downloads/EngDados/ALURA/api_twitter/venv/lib/python3.9/site-packages/airflow/example_dags/tutorial_etl_dag.py
[2022-12-21 21:43:35,586] {logging_mixin.py:115} INFO - [2022-12-21 21:43:35,585] {dag.py:2379} INFO - Sync 1 DAGs
[2022-12-21 21:43:35,615] {logging_mixin.py:115} INFO - [2022-12-21 21:43:35,615] {dag.py:2927} INFO - Setting next_dagrun for tutorial_etl_dag to None, run_after=None
[2022-12-21 21:43:35,988] {processor.py:161} INFO - Processing /home/nayara/Downloads/EngDados/ALURA/api_twitter/venv/lib/python3.9/site-packages/airflow/example_dags/tutorial_etl_dag.py took 0.442 seconds
[2022-12-21 21:44:14,932] {processor.py:153} INFO - Started process (PID=16712) to work on /home/nayara/Downloads/EngDados/ALURA/api_twitter/venv/lib/python3.9/site-packages/airflow/example_dags/tutorial_etl_dag.py
[2022-12-21 21:44:14,937] {processor.py:641} INFO - Processing file /home/nayara/Downloads/EngDados/ALURA/api_twitter/venv/lib/python3.9/site-packages/airflow/example_dags/tutorial_etl_dag.py for tasks to queue
[2022-12-21 21:44:14,937] {logging_mixin.py:115} INFO - [2022-12-21 21:44:14,937] {dagbag.py:507} INFO - Filling up the DagBag from /home/nayara/Downloads/EngDados/ALURA/api_twitter/venv/lib/python3.9/site-packages/airflow/example_dags/tutorial_etl_dag.py
[2022-12-21 21:44:14,950] {processor.py:651} INFO - DAG(s) dict_keys(['tutorial_etl_dag']) retrieved from /home/nayara/Downloads/EngDados/ALURA/api_twitter/venv/lib/python3.9/site-packages/airflow/example_dags/tutorial_etl_dag.py
[2022-12-21 21:44:14,973] {logging_mixin.py:115} INFO - [2022-12-21 21:44:14,973] {dag.py:2379} INFO - Sync 1 DAGs
[2022-12-21 21:44:14,995] {logging_mixin.py:115} INFO - [2022-12-21 21:44:14,995] {dag.py:2927} INFO - Setting next_dagrun for tutorial_etl_dag to None, run_after=None
[2022-12-21 21:44:15,195] {processor.py:161} INFO - Processing /home/nayara/Downloads/EngDados/ALURA/api_twitter/venv/lib/python3.9/site-packages/airflow/example_dags/tutorial_etl_dag.py took 0.273 seconds
[2022-12-21 21:45:07,589] {processor.py:153} INFO - Started process (PID=16771) to work on /home/nayara/Downloads/EngDados/ALURA/api_twitter/venv/lib/python3.9/site-packages/airflow/example_dags/tutorial_etl_dag.py
[2022-12-21 21:45:07,591] {processor.py:641} INFO - Processing file /home/nayara/Downloads/EngDados/ALURA/api_twitter/venv/lib/python3.9/site-packages/airflow/example_dags/tutorial_etl_dag.py for tasks to queue
[2022-12-21 21:45:07,592] {logging_mixin.py:115} INFO - [2022-12-21 21:45:07,592] {dagbag.py:507} INFO - Filling up the DagBag from /home/nayara/Downloads/EngDados/ALURA/api_twitter/venv/lib/python3.9/site-packages/airflow/example_dags/tutorial_etl_dag.py
[2022-12-21 21:45:07,603] {processor.py:651} INFO - DAG(s) dict_keys(['tutorial_etl_dag']) retrieved from /home/nayara/Downloads/EngDados/ALURA/api_twitter/venv/lib/python3.9/site-packages/airflow/example_dags/tutorial_etl_dag.py
[2022-12-21 21:45:07,623] {logging_mixin.py:115} INFO - [2022-12-21 21:45:07,623] {dag.py:2379} INFO - Sync 1 DAGs
[2022-12-21 21:45:07,644] {logging_mixin.py:115} INFO - [2022-12-21 21:45:07,644] {dag.py:2927} INFO - Setting next_dagrun for tutorial_etl_dag to None, run_after=None
[2022-12-21 21:45:07,860] {processor.py:161} INFO - Processing /home/nayara/Downloads/EngDados/ALURA/api_twitter/venv/lib/python3.9/site-packages/airflow/example_dags/tutorial_etl_dag.py took 0.282 seconds
[2022-12-21 21:45:49,610] {processor.py:153} INFO - Started process (PID=16904) to work on /home/nayara/Downloads/EngDados/ALURA/api_twitter/venv/lib/python3.9/site-packages/airflow/example_dags/tutorial_etl_dag.py
[2022-12-21 21:45:49,626] {processor.py:641} INFO - Processing file /home/nayara/Downloads/EngDados/ALURA/api_twitter/venv/lib/python3.9/site-packages/airflow/example_dags/tutorial_etl_dag.py for tasks to queue
[2022-12-21 21:45:49,628] {logging_mixin.py:115} INFO - [2022-12-21 21:45:49,628] {dagbag.py:507} INFO - Filling up the DagBag from /home/nayara/Downloads/EngDados/ALURA/api_twitter/venv/lib/python3.9/site-packages/airflow/example_dags/tutorial_etl_dag.py
[2022-12-21 21:45:49,660] {processor.py:651} INFO - DAG(s) dict_keys(['tutorial_etl_dag']) retrieved from /home/nayara/Downloads/EngDados/ALURA/api_twitter/venv/lib/python3.9/site-packages/airflow/example_dags/tutorial_etl_dag.py
[2022-12-21 21:45:49,686] {logging_mixin.py:115} INFO - [2022-12-21 21:45:49,686] {dag.py:2379} INFO - Sync 1 DAGs
[2022-12-21 21:45:49,711] {logging_mixin.py:115} INFO - [2022-12-21 21:45:49,711] {dag.py:2927} INFO - Setting next_dagrun for tutorial_etl_dag to None, run_after=None
[2022-12-21 21:45:50,142] {processor.py:161} INFO - Processing /home/nayara/Downloads/EngDados/ALURA/api_twitter/venv/lib/python3.9/site-packages/airflow/example_dags/tutorial_etl_dag.py took 0.550 seconds
[2022-12-21 21:46:46,783] {processor.py:153} INFO - Started process (PID=17236) to work on /home/nayara/Downloads/EngDados/ALURA/api_twitter/venv/lib/python3.9/site-packages/airflow/example_dags/tutorial_etl_dag.py
[2022-12-21 21:46:46,806] {processor.py:641} INFO - Processing file /home/nayara/Downloads/EngDados/ALURA/api_twitter/venv/lib/python3.9/site-packages/airflow/example_dags/tutorial_etl_dag.py for tasks to queue
[2022-12-21 21:46:46,809] {logging_mixin.py:115} INFO - [2022-12-21 21:46:46,808] {dagbag.py:507} INFO - Filling up the DagBag from /home/nayara/Downloads/EngDados/ALURA/api_twitter/venv/lib/python3.9/site-packages/airflow/example_dags/tutorial_etl_dag.py
[2022-12-21 21:46:46,856] {processor.py:651} INFO - DAG(s) dict_keys(['tutorial_etl_dag']) retrieved from /home/nayara/Downloads/EngDados/ALURA/api_twitter/venv/lib/python3.9/site-packages/airflow/example_dags/tutorial_etl_dag.py
[2022-12-21 21:46:46,890] {logging_mixin.py:115} INFO - [2022-12-21 21:46:46,890] {dag.py:2379} INFO - Sync 1 DAGs
[2022-12-21 21:46:46,916] {logging_mixin.py:115} INFO - [2022-12-21 21:46:46,916] {dag.py:2927} INFO - Setting next_dagrun for tutorial_etl_dag to None, run_after=None
[2022-12-21 21:46:47,137] {processor.py:161} INFO - Processing /home/nayara/Downloads/EngDados/ALURA/api_twitter/venv/lib/python3.9/site-packages/airflow/example_dags/tutorial_etl_dag.py took 0.373 seconds
[2022-12-21 21:47:37,322] {processor.py:153} INFO - Started process (PID=17406) to work on /home/nayara/Downloads/EngDados/ALURA/api_twitter/venv/lib/python3.9/site-packages/airflow/example_dags/tutorial_etl_dag.py
[2022-12-21 21:47:37,325] {processor.py:641} INFO - Processing file /home/nayara/Downloads/EngDados/ALURA/api_twitter/venv/lib/python3.9/site-packages/airflow/example_dags/tutorial_etl_dag.py for tasks to queue
[2022-12-21 21:47:37,328] {logging_mixin.py:115} INFO - [2022-12-21 21:47:37,327] {dagbag.py:507} INFO - Filling up the DagBag from /home/nayara/Downloads/EngDados/ALURA/api_twitter/venv/lib/python3.9/site-packages/airflow/example_dags/tutorial_etl_dag.py
[2022-12-21 21:47:37,368] {processor.py:651} INFO - DAG(s) dict_keys(['tutorial_etl_dag']) retrieved from /home/nayara/Downloads/EngDados/ALURA/api_twitter/venv/lib/python3.9/site-packages/airflow/example_dags/tutorial_etl_dag.py
[2022-12-21 21:47:37,397] {logging_mixin.py:115} INFO - [2022-12-21 21:47:37,397] {dag.py:2379} INFO - Sync 1 DAGs
[2022-12-21 21:47:37,423] {logging_mixin.py:115} INFO - [2022-12-21 21:47:37,423] {dag.py:2927} INFO - Setting next_dagrun for tutorial_etl_dag to None, run_after=None
[2022-12-21 21:47:37,653] {processor.py:161} INFO - Processing /home/nayara/Downloads/EngDados/ALURA/api_twitter/venv/lib/python3.9/site-packages/airflow/example_dags/tutorial_etl_dag.py took 0.349 seconds
[2022-12-21 21:48:20,402] {processor.py:153} INFO - Started process (PID=17451) to work on /home/nayara/Downloads/EngDados/ALURA/api_twitter/venv/lib/python3.9/site-packages/airflow/example_dags/tutorial_etl_dag.py
[2022-12-21 21:48:20,405] {processor.py:641} INFO - Processing file /home/nayara/Downloads/EngDados/ALURA/api_twitter/venv/lib/python3.9/site-packages/airflow/example_dags/tutorial_etl_dag.py for tasks to queue
[2022-12-21 21:48:20,407] {logging_mixin.py:115} INFO - [2022-12-21 21:48:20,406] {dagbag.py:507} INFO - Filling up the DagBag from /home/nayara/Downloads/EngDados/ALURA/api_twitter/venv/lib/python3.9/site-packages/airflow/example_dags/tutorial_etl_dag.py
[2022-12-21 21:48:20,440] {processor.py:651} INFO - DAG(s) dict_keys(['tutorial_etl_dag']) retrieved from /home/nayara/Downloads/EngDados/ALURA/api_twitter/venv/lib/python3.9/site-packages/airflow/example_dags/tutorial_etl_dag.py
[2022-12-21 21:48:20,467] {logging_mixin.py:115} INFO - [2022-12-21 21:48:20,467] {dag.py:2379} INFO - Sync 1 DAGs
[2022-12-21 21:48:20,493] {logging_mixin.py:115} INFO - [2022-12-21 21:48:20,493] {dag.py:2927} INFO - Setting next_dagrun for tutorial_etl_dag to None, run_after=None
[2022-12-21 21:48:20,911] {processor.py:161} INFO - Processing /home/nayara/Downloads/EngDados/ALURA/api_twitter/venv/lib/python3.9/site-packages/airflow/example_dags/tutorial_etl_dag.py took 0.523 seconds
[2022-12-21 21:49:02,484] {processor.py:153} INFO - Started process (PID=17506) to work on /home/nayara/Downloads/EngDados/ALURA/api_twitter/venv/lib/python3.9/site-packages/airflow/example_dags/tutorial_etl_dag.py
[2022-12-21 21:49:02,488] {processor.py:641} INFO - Processing file /home/nayara/Downloads/EngDados/ALURA/api_twitter/venv/lib/python3.9/site-packages/airflow/example_dags/tutorial_etl_dag.py for tasks to queue
[2022-12-21 21:49:02,491] {logging_mixin.py:115} INFO - [2022-12-21 21:49:02,491] {dagbag.py:507} INFO - Filling up the DagBag from /home/nayara/Downloads/EngDados/ALURA/api_twitter/venv/lib/python3.9/site-packages/airflow/example_dags/tutorial_etl_dag.py
[2022-12-21 21:49:02,518] {processor.py:651} INFO - DAG(s) dict_keys(['tutorial_etl_dag']) retrieved from /home/nayara/Downloads/EngDados/ALURA/api_twitter/venv/lib/python3.9/site-packages/airflow/example_dags/tutorial_etl_dag.py
[2022-12-21 21:49:02,542] {logging_mixin.py:115} INFO - [2022-12-21 21:49:02,542] {dag.py:2379} INFO - Sync 1 DAGs
[2022-12-21 21:49:02,569] {logging_mixin.py:115} INFO - [2022-12-21 21:49:02,568] {dag.py:2927} INFO - Setting next_dagrun for tutorial_etl_dag to None, run_after=None
[2022-12-21 21:49:02,888] {processor.py:161} INFO - Processing /home/nayara/Downloads/EngDados/ALURA/api_twitter/venv/lib/python3.9/site-packages/airflow/example_dags/tutorial_etl_dag.py took 0.425 seconds
[2022-12-21 21:50:08,398] {processor.py:153} INFO - Started process (PID=17677) to work on /home/nayara/Downloads/EngDados/ALURA/api_twitter/venv/lib/python3.9/site-packages/airflow/example_dags/tutorial_etl_dag.py
[2022-12-21 21:50:08,401] {processor.py:641} INFO - Processing file /home/nayara/Downloads/EngDados/ALURA/api_twitter/venv/lib/python3.9/site-packages/airflow/example_dags/tutorial_etl_dag.py for tasks to queue
[2022-12-21 21:50:08,403] {logging_mixin.py:115} INFO - [2022-12-21 21:50:08,403] {dagbag.py:507} INFO - Filling up the DagBag from /home/nayara/Downloads/EngDados/ALURA/api_twitter/venv/lib/python3.9/site-packages/airflow/example_dags/tutorial_etl_dag.py
[2022-12-21 21:50:08,445] {processor.py:651} INFO - DAG(s) dict_keys(['tutorial_etl_dag']) retrieved from /home/nayara/Downloads/EngDados/ALURA/api_twitter/venv/lib/python3.9/site-packages/airflow/example_dags/tutorial_etl_dag.py
[2022-12-21 21:50:08,475] {logging_mixin.py:115} INFO - [2022-12-21 21:50:08,475] {dag.py:2379} INFO - Sync 1 DAGs
[2022-12-21 21:50:08,498] {logging_mixin.py:115} INFO - [2022-12-21 21:50:08,497] {dag.py:2927} INFO - Setting next_dagrun for tutorial_etl_dag to None, run_after=None
[2022-12-21 21:50:08,675] {processor.py:161} INFO - Processing /home/nayara/Downloads/EngDados/ALURA/api_twitter/venv/lib/python3.9/site-packages/airflow/example_dags/tutorial_etl_dag.py took 0.293 seconds
[2022-12-21 21:51:02,412] {processor.py:153} INFO - Started process (PID=17810) to work on /home/nayara/Downloads/EngDados/ALURA/api_twitter/venv/lib/python3.9/site-packages/airflow/example_dags/tutorial_etl_dag.py
[2022-12-21 21:51:02,423] {processor.py:641} INFO - Processing file /home/nayara/Downloads/EngDados/ALURA/api_twitter/venv/lib/python3.9/site-packages/airflow/example_dags/tutorial_etl_dag.py for tasks to queue
[2022-12-21 21:51:02,424] {logging_mixin.py:115} INFO - [2022-12-21 21:51:02,424] {dagbag.py:507} INFO - Filling up the DagBag from /home/nayara/Downloads/EngDados/ALURA/api_twitter/venv/lib/python3.9/site-packages/airflow/example_dags/tutorial_etl_dag.py
[2022-12-21 21:51:02,435] {processor.py:651} INFO - DAG(s) dict_keys(['tutorial_etl_dag']) retrieved from /home/nayara/Downloads/EngDados/ALURA/api_twitter/venv/lib/python3.9/site-packages/airflow/example_dags/tutorial_etl_dag.py
[2022-12-21 21:51:02,455] {logging_mixin.py:115} INFO - [2022-12-21 21:51:02,455] {dag.py:2379} INFO - Sync 1 DAGs
[2022-12-21 21:51:02,477] {logging_mixin.py:115} INFO - [2022-12-21 21:51:02,477] {dag.py:2927} INFO - Setting next_dagrun for tutorial_etl_dag to None, run_after=None
[2022-12-21 21:51:02,713] {processor.py:161} INFO - Processing /home/nayara/Downloads/EngDados/ALURA/api_twitter/venv/lib/python3.9/site-packages/airflow/example_dags/tutorial_etl_dag.py took 0.307 seconds
[2022-12-21 21:51:46,821] {processor.py:153} INFO - Started process (PID=17918) to work on /home/nayara/Downloads/EngDados/ALURA/api_twitter/venv/lib/python3.9/site-packages/airflow/example_dags/tutorial_etl_dag.py
[2022-12-21 21:51:46,837] {processor.py:641} INFO - Processing file /home/nayara/Downloads/EngDados/ALURA/api_twitter/venv/lib/python3.9/site-packages/airflow/example_dags/tutorial_etl_dag.py for tasks to queue
[2022-12-21 21:51:46,841] {logging_mixin.py:115} INFO - [2022-12-21 21:51:46,840] {dagbag.py:507} INFO - Filling up the DagBag from /home/nayara/Downloads/EngDados/ALURA/api_twitter/venv/lib/python3.9/site-packages/airflow/example_dags/tutorial_etl_dag.py
[2022-12-21 21:51:46,891] {processor.py:651} INFO - DAG(s) dict_keys(['tutorial_etl_dag']) retrieved from /home/nayara/Downloads/EngDados/ALURA/api_twitter/venv/lib/python3.9/site-packages/airflow/example_dags/tutorial_etl_dag.py
[2022-12-21 21:51:46,938] {logging_mixin.py:115} INFO - [2022-12-21 21:51:46,938] {dag.py:2379} INFO - Sync 1 DAGs
[2022-12-21 21:51:46,966] {logging_mixin.py:115} INFO - [2022-12-21 21:51:46,966] {dag.py:2927} INFO - Setting next_dagrun for tutorial_etl_dag to None, run_after=None
[2022-12-21 21:51:47,232] {processor.py:161} INFO - Processing /home/nayara/Downloads/EngDados/ALURA/api_twitter/venv/lib/python3.9/site-packages/airflow/example_dags/tutorial_etl_dag.py took 0.432 seconds
[2022-12-21 21:52:28,859] {processor.py:153} INFO - Started process (PID=18112) to work on /home/nayara/Downloads/EngDados/ALURA/api_twitter/venv/lib/python3.9/site-packages/airflow/example_dags/tutorial_etl_dag.py
[2022-12-21 21:52:28,887] {processor.py:641} INFO - Processing file /home/nayara/Downloads/EngDados/ALURA/api_twitter/venv/lib/python3.9/site-packages/airflow/example_dags/tutorial_etl_dag.py for tasks to queue
[2022-12-21 21:52:28,889] {logging_mixin.py:115} INFO - [2022-12-21 21:52:28,888] {dagbag.py:507} INFO - Filling up the DagBag from /home/nayara/Downloads/EngDados/ALURA/api_twitter/venv/lib/python3.9/site-packages/airflow/example_dags/tutorial_etl_dag.py
[2022-12-21 21:52:28,912] {processor.py:651} INFO - DAG(s) dict_keys(['tutorial_etl_dag']) retrieved from /home/nayara/Downloads/EngDados/ALURA/api_twitter/venv/lib/python3.9/site-packages/airflow/example_dags/tutorial_etl_dag.py
[2022-12-21 21:52:28,965] {logging_mixin.py:115} INFO - [2022-12-21 21:52:28,964] {dag.py:2379} INFO - Sync 1 DAGs
[2022-12-21 21:52:28,996] {logging_mixin.py:115} INFO - [2022-12-21 21:52:28,996] {dag.py:2927} INFO - Setting next_dagrun for tutorial_etl_dag to None, run_after=None
[2022-12-21 21:52:29,212] {processor.py:161} INFO - Processing /home/nayara/Downloads/EngDados/ALURA/api_twitter/venv/lib/python3.9/site-packages/airflow/example_dags/tutorial_etl_dag.py took 0.362 seconds
[2022-12-21 21:53:08,432] {processor.py:153} INFO - Started process (PID=18217) to work on /home/nayara/Downloads/EngDados/ALURA/api_twitter/venv/lib/python3.9/site-packages/airflow/example_dags/tutorial_etl_dag.py
[2022-12-21 21:53:08,451] {processor.py:641} INFO - Processing file /home/nayara/Downloads/EngDados/ALURA/api_twitter/venv/lib/python3.9/site-packages/airflow/example_dags/tutorial_etl_dag.py for tasks to queue
[2022-12-21 21:53:08,452] {logging_mixin.py:115} INFO - [2022-12-21 21:53:08,452] {dagbag.py:507} INFO - Filling up the DagBag from /home/nayara/Downloads/EngDados/ALURA/api_twitter/venv/lib/python3.9/site-packages/airflow/example_dags/tutorial_etl_dag.py
[2022-12-21 21:53:08,462] {processor.py:651} INFO - DAG(s) dict_keys(['tutorial_etl_dag']) retrieved from /home/nayara/Downloads/EngDados/ALURA/api_twitter/venv/lib/python3.9/site-packages/airflow/example_dags/tutorial_etl_dag.py
[2022-12-21 21:53:08,488] {logging_mixin.py:115} INFO - [2022-12-21 21:53:08,488] {dag.py:2379} INFO - Sync 1 DAGs
[2022-12-21 21:53:08,520] {logging_mixin.py:115} INFO - [2022-12-21 21:53:08,520] {dag.py:2927} INFO - Setting next_dagrun for tutorial_etl_dag to None, run_after=None
[2022-12-21 21:53:08,748] {processor.py:161} INFO - Processing /home/nayara/Downloads/EngDados/ALURA/api_twitter/venv/lib/python3.9/site-packages/airflow/example_dags/tutorial_etl_dag.py took 0.320 seconds
[2022-12-21 21:54:00,476] {processor.py:153} INFO - Started process (PID=18354) to work on /home/nayara/Downloads/EngDados/ALURA/api_twitter/venv/lib/python3.9/site-packages/airflow/example_dags/tutorial_etl_dag.py
[2022-12-21 21:54:00,488] {processor.py:641} INFO - Processing file /home/nayara/Downloads/EngDados/ALURA/api_twitter/venv/lib/python3.9/site-packages/airflow/example_dags/tutorial_etl_dag.py for tasks to queue
[2022-12-21 21:54:00,489] {logging_mixin.py:115} INFO - [2022-12-21 21:54:00,489] {dagbag.py:507} INFO - Filling up the DagBag from /home/nayara/Downloads/EngDados/ALURA/api_twitter/venv/lib/python3.9/site-packages/airflow/example_dags/tutorial_etl_dag.py
[2022-12-21 21:54:00,498] {processor.py:651} INFO - DAG(s) dict_keys(['tutorial_etl_dag']) retrieved from /home/nayara/Downloads/EngDados/ALURA/api_twitter/venv/lib/python3.9/site-packages/airflow/example_dags/tutorial_etl_dag.py
[2022-12-21 21:54:00,519] {logging_mixin.py:115} INFO - [2022-12-21 21:54:00,519] {dag.py:2379} INFO - Sync 1 DAGs
[2022-12-21 21:54:00,541] {logging_mixin.py:115} INFO - [2022-12-21 21:54:00,541] {dag.py:2927} INFO - Setting next_dagrun for tutorial_etl_dag to None, run_after=None
[2022-12-21 21:54:00,798] {processor.py:161} INFO - Processing /home/nayara/Downloads/EngDados/ALURA/api_twitter/venv/lib/python3.9/site-packages/airflow/example_dags/tutorial_etl_dag.py took 0.326 seconds
[2022-12-21 21:54:51,233] {processor.py:153} INFO - Started process (PID=18450) to work on /home/nayara/Downloads/EngDados/ALURA/api_twitter/venv/lib/python3.9/site-packages/airflow/example_dags/tutorial_etl_dag.py
[2022-12-21 21:54:51,257] {processor.py:641} INFO - Processing file /home/nayara/Downloads/EngDados/ALURA/api_twitter/venv/lib/python3.9/site-packages/airflow/example_dags/tutorial_etl_dag.py for tasks to queue
[2022-12-21 21:54:51,260] {logging_mixin.py:115} INFO - [2022-12-21 21:54:51,259] {dagbag.py:507} INFO - Filling up the DagBag from /home/nayara/Downloads/EngDados/ALURA/api_twitter/venv/lib/python3.9/site-packages/airflow/example_dags/tutorial_etl_dag.py
[2022-12-21 21:54:51,307] {processor.py:651} INFO - DAG(s) dict_keys(['tutorial_etl_dag']) retrieved from /home/nayara/Downloads/EngDados/ALURA/api_twitter/venv/lib/python3.9/site-packages/airflow/example_dags/tutorial_etl_dag.py
[2022-12-21 21:54:51,356] {logging_mixin.py:115} INFO - [2022-12-21 21:54:51,356] {dag.py:2379} INFO - Sync 1 DAGs
[2022-12-21 21:54:51,390] {logging_mixin.py:115} INFO - [2022-12-21 21:54:51,390] {dag.py:2927} INFO - Setting next_dagrun for tutorial_etl_dag to None, run_after=None
[2022-12-21 21:54:51,596] {processor.py:161} INFO - Processing /home/nayara/Downloads/EngDados/ALURA/api_twitter/venv/lib/python3.9/site-packages/airflow/example_dags/tutorial_etl_dag.py took 0.378 seconds
[2022-12-21 21:55:29,279] {processor.py:153} INFO - Started process (PID=18504) to work on /home/nayara/Downloads/EngDados/ALURA/api_twitter/venv/lib/python3.9/site-packages/airflow/example_dags/tutorial_etl_dag.py
[2022-12-21 21:55:29,305] {processor.py:641} INFO - Processing file /home/nayara/Downloads/EngDados/ALURA/api_twitter/venv/lib/python3.9/site-packages/airflow/example_dags/tutorial_etl_dag.py for tasks to queue
[2022-12-21 21:55:29,306] {logging_mixin.py:115} INFO - [2022-12-21 21:55:29,306] {dagbag.py:507} INFO - Filling up the DagBag from /home/nayara/Downloads/EngDados/ALURA/api_twitter/venv/lib/python3.9/site-packages/airflow/example_dags/tutorial_etl_dag.py
[2022-12-21 21:55:29,323] {processor.py:651} INFO - DAG(s) dict_keys(['tutorial_etl_dag']) retrieved from /home/nayara/Downloads/EngDados/ALURA/api_twitter/venv/lib/python3.9/site-packages/airflow/example_dags/tutorial_etl_dag.py
[2022-12-21 21:55:29,359] {logging_mixin.py:115} INFO - [2022-12-21 21:55:29,359] {dag.py:2379} INFO - Sync 1 DAGs
[2022-12-21 21:55:29,385] {logging_mixin.py:115} INFO - [2022-12-21 21:55:29,385] {dag.py:2927} INFO - Setting next_dagrun for tutorial_etl_dag to None, run_after=None
[2022-12-21 21:55:29,623] {processor.py:161} INFO - Processing /home/nayara/Downloads/EngDados/ALURA/api_twitter/venv/lib/python3.9/site-packages/airflow/example_dags/tutorial_etl_dag.py took 0.359 seconds
