[2022-12-21 21:37:14,090] {processor.py:153} INFO - Started process (PID=16025) to work on /home/nayara/Downloads/EngDados/ALURA/api_twitter/venv/lib/python3.9/site-packages/airflow/example_dags/tutorial_taskflow_api_etl.py
[2022-12-21 21:37:14,094] {processor.py:641} INFO - Processing file /home/nayara/Downloads/EngDados/ALURA/api_twitter/venv/lib/python3.9/site-packages/airflow/example_dags/tutorial_taskflow_api_etl.py for tasks to queue
[2022-12-21 21:37:14,096] {logging_mixin.py:115} INFO - [2022-12-21 21:37:14,095] {dagbag.py:507} INFO - Filling up the DagBag from /home/nayara/Downloads/EngDados/ALURA/api_twitter/venv/lib/python3.9/site-packages/airflow/example_dags/tutorial_taskflow_api_etl.py
[2022-12-21 21:37:14,165] {processor.py:651} INFO - DAG(s) dict_keys(['tutorial_taskflow_api_etl']) retrieved from /home/nayara/Downloads/EngDados/ALURA/api_twitter/venv/lib/python3.9/site-packages/airflow/example_dags/tutorial_taskflow_api_etl.py
[2022-12-21 21:37:15,042] {logging_mixin.py:115} INFO - [2022-12-21 21:37:15,042] {manager.py:508} INFO - Created Permission View: can read on DAG:tutorial_taskflow_api_etl
[2022-12-21 21:37:15,385] {logging_mixin.py:115} INFO - [2022-12-21 21:37:15,384] {manager.py:508} INFO - Created Permission View: can delete on DAG:tutorial_taskflow_api_etl
[2022-12-21 21:37:15,603] {logging_mixin.py:115} INFO - [2022-12-21 21:37:15,602] {manager.py:508} INFO - Created Permission View: can edit on DAG:tutorial_taskflow_api_etl
[2022-12-21 21:37:15,604] {logging_mixin.py:115} INFO - [2022-12-21 21:37:15,604] {dag.py:2379} INFO - Sync 1 DAGs
[2022-12-21 21:37:15,666] {logging_mixin.py:115} INFO - [2022-12-21 21:37:15,666] {dag.py:2398} INFO - Creating ORM DAG for tutorial_taskflow_api_etl
[2022-12-21 21:37:15,692] {logging_mixin.py:115} INFO - [2022-12-21 21:37:15,692] {dag.py:2927} INFO - Setting next_dagrun for tutorial_taskflow_api_etl to None, run_after=None
[2022-12-21 21:37:16,107] {processor.py:161} INFO - Processing /home/nayara/Downloads/EngDados/ALURA/api_twitter/venv/lib/python3.9/site-packages/airflow/example_dags/tutorial_taskflow_api_etl.py took 2.034 seconds
[2022-12-21 21:38:50,293] {processor.py:153} INFO - Started process (PID=16214) to work on /home/nayara/Downloads/EngDados/ALURA/api_twitter/venv/lib/python3.9/site-packages/airflow/example_dags/tutorial_taskflow_api_etl.py
[2022-12-21 21:38:50,310] {processor.py:641} INFO - Processing file /home/nayara/Downloads/EngDados/ALURA/api_twitter/venv/lib/python3.9/site-packages/airflow/example_dags/tutorial_taskflow_api_etl.py for tasks to queue
[2022-12-21 21:38:50,312] {logging_mixin.py:115} INFO - [2022-12-21 21:38:50,312] {dagbag.py:507} INFO - Filling up the DagBag from /home/nayara/Downloads/EngDados/ALURA/api_twitter/venv/lib/python3.9/site-packages/airflow/example_dags/tutorial_taskflow_api_etl.py
[2022-12-21 21:38:50,453] {processor.py:651} INFO - DAG(s) dict_keys(['tutorial_taskflow_api_etl']) retrieved from /home/nayara/Downloads/EngDados/ALURA/api_twitter/venv/lib/python3.9/site-packages/airflow/example_dags/tutorial_taskflow_api_etl.py
[2022-12-21 21:38:50,516] {logging_mixin.py:115} INFO - [2022-12-21 21:38:50,516] {dag.py:2379} INFO - Sync 1 DAGs
[2022-12-21 21:38:50,537] {logging_mixin.py:115} INFO - [2022-12-21 21:38:50,536] {dag.py:2927} INFO - Setting next_dagrun for tutorial_taskflow_api_etl to None, run_after=None
[2022-12-21 21:38:50,835] {processor.py:161} INFO - Processing /home/nayara/Downloads/EngDados/ALURA/api_twitter/venv/lib/python3.9/site-packages/airflow/example_dags/tutorial_taskflow_api_etl.py took 0.559 seconds
[2022-12-21 21:39:45,748] {processor.py:153} INFO - Started process (PID=16298) to work on /home/nayara/Downloads/EngDados/ALURA/api_twitter/venv/lib/python3.9/site-packages/airflow/example_dags/tutorial_taskflow_api_etl.py
[2022-12-21 21:39:45,749] {processor.py:641} INFO - Processing file /home/nayara/Downloads/EngDados/ALURA/api_twitter/venv/lib/python3.9/site-packages/airflow/example_dags/tutorial_taskflow_api_etl.py for tasks to queue
[2022-12-21 21:39:45,751] {logging_mixin.py:115} INFO - [2022-12-21 21:39:45,750] {dagbag.py:507} INFO - Filling up the DagBag from /home/nayara/Downloads/EngDados/ALURA/api_twitter/venv/lib/python3.9/site-packages/airflow/example_dags/tutorial_taskflow_api_etl.py
[2022-12-21 21:39:45,774] {processor.py:651} INFO - DAG(s) dict_keys(['tutorial_taskflow_api_etl']) retrieved from /home/nayara/Downloads/EngDados/ALURA/api_twitter/venv/lib/python3.9/site-packages/airflow/example_dags/tutorial_taskflow_api_etl.py
[2022-12-21 21:39:45,829] {logging_mixin.py:115} INFO - [2022-12-21 21:39:45,829] {dag.py:2379} INFO - Sync 1 DAGs
[2022-12-21 21:39:45,852] {logging_mixin.py:115} INFO - [2022-12-21 21:39:45,852] {dag.py:2927} INFO - Setting next_dagrun for tutorial_taskflow_api_etl to None, run_after=None
[2022-12-21 21:39:46,172] {processor.py:161} INFO - Processing /home/nayara/Downloads/EngDados/ALURA/api_twitter/venv/lib/python3.9/site-packages/airflow/example_dags/tutorial_taskflow_api_etl.py took 0.432 seconds
[2022-12-21 21:40:27,745] {processor.py:153} INFO - Started process (PID=16354) to work on /home/nayara/Downloads/EngDados/ALURA/api_twitter/venv/lib/python3.9/site-packages/airflow/example_dags/tutorial_taskflow_api_etl.py
[2022-12-21 21:40:27,747] {processor.py:641} INFO - Processing file /home/nayara/Downloads/EngDados/ALURA/api_twitter/venv/lib/python3.9/site-packages/airflow/example_dags/tutorial_taskflow_api_etl.py for tasks to queue
[2022-12-21 21:40:27,748] {logging_mixin.py:115} INFO - [2022-12-21 21:40:27,748] {dagbag.py:507} INFO - Filling up the DagBag from /home/nayara/Downloads/EngDados/ALURA/api_twitter/venv/lib/python3.9/site-packages/airflow/example_dags/tutorial_taskflow_api_etl.py
[2022-12-21 21:40:27,788] {processor.py:651} INFO - DAG(s) dict_keys(['tutorial_taskflow_api_etl']) retrieved from /home/nayara/Downloads/EngDados/ALURA/api_twitter/venv/lib/python3.9/site-packages/airflow/example_dags/tutorial_taskflow_api_etl.py
[2022-12-21 21:40:27,817] {logging_mixin.py:115} INFO - [2022-12-21 21:40:27,817] {dag.py:2379} INFO - Sync 1 DAGs
[2022-12-21 21:40:27,847] {logging_mixin.py:115} INFO - [2022-12-21 21:40:27,847] {dag.py:2927} INFO - Setting next_dagrun for tutorial_taskflow_api_etl to None, run_after=None
[2022-12-21 21:40:28,101] {processor.py:161} INFO - Processing /home/nayara/Downloads/EngDados/ALURA/api_twitter/venv/lib/python3.9/site-packages/airflow/example_dags/tutorial_taskflow_api_etl.py took 0.361 seconds
[2022-12-21 21:41:16,915] {processor.py:153} INFO - Started process (PID=16414) to work on /home/nayara/Downloads/EngDados/ALURA/api_twitter/venv/lib/python3.9/site-packages/airflow/example_dags/tutorial_taskflow_api_etl.py
[2022-12-21 21:41:16,985] {processor.py:641} INFO - Processing file /home/nayara/Downloads/EngDados/ALURA/api_twitter/venv/lib/python3.9/site-packages/airflow/example_dags/tutorial_taskflow_api_etl.py for tasks to queue
[2022-12-21 21:41:16,988] {logging_mixin.py:115} INFO - [2022-12-21 21:41:16,988] {dagbag.py:507} INFO - Filling up the DagBag from /home/nayara/Downloads/EngDados/ALURA/api_twitter/venv/lib/python3.9/site-packages/airflow/example_dags/tutorial_taskflow_api_etl.py
[2022-12-21 21:41:17,100] {processor.py:651} INFO - DAG(s) dict_keys(['tutorial_taskflow_api_etl']) retrieved from /home/nayara/Downloads/EngDados/ALURA/api_twitter/venv/lib/python3.9/site-packages/airflow/example_dags/tutorial_taskflow_api_etl.py
[2022-12-21 21:41:17,131] {logging_mixin.py:115} INFO - [2022-12-21 21:41:17,130] {dag.py:2379} INFO - Sync 1 DAGs
[2022-12-21 21:41:17,164] {logging_mixin.py:115} INFO - [2022-12-21 21:41:17,164] {dag.py:2927} INFO - Setting next_dagrun for tutorial_taskflow_api_etl to None, run_after=None
[2022-12-21 21:41:17,658] {processor.py:161} INFO - Processing /home/nayara/Downloads/EngDados/ALURA/api_twitter/venv/lib/python3.9/site-packages/airflow/example_dags/tutorial_taskflow_api_etl.py took 0.746 seconds
[2022-12-21 21:42:10,971] {processor.py:153} INFO - Started process (PID=16560) to work on /home/nayara/Downloads/EngDados/ALURA/api_twitter/venv/lib/python3.9/site-packages/airflow/example_dags/tutorial_taskflow_api_etl.py
[2022-12-21 21:42:10,979] {processor.py:641} INFO - Processing file /home/nayara/Downloads/EngDados/ALURA/api_twitter/venv/lib/python3.9/site-packages/airflow/example_dags/tutorial_taskflow_api_etl.py for tasks to queue
[2022-12-21 21:42:10,981] {logging_mixin.py:115} INFO - [2022-12-21 21:42:10,981] {dagbag.py:507} INFO - Filling up the DagBag from /home/nayara/Downloads/EngDados/ALURA/api_twitter/venv/lib/python3.9/site-packages/airflow/example_dags/tutorial_taskflow_api_etl.py
[2022-12-21 21:42:11,048] {processor.py:651} INFO - DAG(s) dict_keys(['tutorial_taskflow_api_etl']) retrieved from /home/nayara/Downloads/EngDados/ALURA/api_twitter/venv/lib/python3.9/site-packages/airflow/example_dags/tutorial_taskflow_api_etl.py
[2022-12-21 21:42:11,127] {logging_mixin.py:115} INFO - [2022-12-21 21:42:11,127] {dag.py:2379} INFO - Sync 1 DAGs
[2022-12-21 21:42:11,151] {logging_mixin.py:115} INFO - [2022-12-21 21:42:11,151] {dag.py:2927} INFO - Setting next_dagrun for tutorial_taskflow_api_etl to None, run_after=None
[2022-12-21 21:42:11,413] {processor.py:161} INFO - Processing /home/nayara/Downloads/EngDados/ALURA/api_twitter/venv/lib/python3.9/site-packages/airflow/example_dags/tutorial_taskflow_api_etl.py took 0.456 seconds
[2022-12-21 21:43:16,065] {processor.py:153} INFO - Started process (PID=16623) to work on /home/nayara/Downloads/EngDados/ALURA/api_twitter/venv/lib/python3.9/site-packages/airflow/example_dags/tutorial_taskflow_api_etl.py
[2022-12-21 21:43:16,150] {processor.py:641} INFO - Processing file /home/nayara/Downloads/EngDados/ALURA/api_twitter/venv/lib/python3.9/site-packages/airflow/example_dags/tutorial_taskflow_api_etl.py for tasks to queue
[2022-12-21 21:43:16,152] {logging_mixin.py:115} INFO - [2022-12-21 21:43:16,152] {dagbag.py:507} INFO - Filling up the DagBag from /home/nayara/Downloads/EngDados/ALURA/api_twitter/venv/lib/python3.9/site-packages/airflow/example_dags/tutorial_taskflow_api_etl.py
[2022-12-21 21:43:16,205] {processor.py:651} INFO - DAG(s) dict_keys(['tutorial_taskflow_api_etl']) retrieved from /home/nayara/Downloads/EngDados/ALURA/api_twitter/venv/lib/python3.9/site-packages/airflow/example_dags/tutorial_taskflow_api_etl.py
[2022-12-21 21:43:16,263] {logging_mixin.py:115} INFO - [2022-12-21 21:43:16,262] {dag.py:2379} INFO - Sync 1 DAGs
[2022-12-21 21:43:16,282] {logging_mixin.py:115} INFO - [2022-12-21 21:43:16,282] {dag.py:2927} INFO - Setting next_dagrun for tutorial_taskflow_api_etl to None, run_after=None
[2022-12-21 21:43:16,856] {processor.py:161} INFO - Processing /home/nayara/Downloads/EngDados/ALURA/api_twitter/venv/lib/python3.9/site-packages/airflow/example_dags/tutorial_taskflow_api_etl.py took 0.806 seconds
[2022-12-21 21:44:00,935] {processor.py:153} INFO - Started process (PID=16700) to work on /home/nayara/Downloads/EngDados/ALURA/api_twitter/venv/lib/python3.9/site-packages/airflow/example_dags/tutorial_taskflow_api_etl.py
[2022-12-21 21:44:00,950] {processor.py:641} INFO - Processing file /home/nayara/Downloads/EngDados/ALURA/api_twitter/venv/lib/python3.9/site-packages/airflow/example_dags/tutorial_taskflow_api_etl.py for tasks to queue
[2022-12-21 21:44:00,950] {logging_mixin.py:115} INFO - [2022-12-21 21:44:00,950] {dagbag.py:507} INFO - Filling up the DagBag from /home/nayara/Downloads/EngDados/ALURA/api_twitter/venv/lib/python3.9/site-packages/airflow/example_dags/tutorial_taskflow_api_etl.py
[2022-12-21 21:44:00,971] {processor.py:651} INFO - DAG(s) dict_keys(['tutorial_taskflow_api_etl']) retrieved from /home/nayara/Downloads/EngDados/ALURA/api_twitter/venv/lib/python3.9/site-packages/airflow/example_dags/tutorial_taskflow_api_etl.py
[2022-12-21 21:44:00,990] {logging_mixin.py:115} INFO - [2022-12-21 21:44:00,990] {dag.py:2379} INFO - Sync 1 DAGs
[2022-12-21 21:44:01,011] {logging_mixin.py:115} INFO - [2022-12-21 21:44:01,011] {dag.py:2927} INFO - Setting next_dagrun for tutorial_taskflow_api_etl to None, run_after=None
[2022-12-21 21:44:01,213] {processor.py:161} INFO - Processing /home/nayara/Downloads/EngDados/ALURA/api_twitter/venv/lib/python3.9/site-packages/airflow/example_dags/tutorial_taskflow_api_etl.py took 0.282 seconds
[2022-12-21 21:44:48,525] {processor.py:153} INFO - Started process (PID=16754) to work on /home/nayara/Downloads/EngDados/ALURA/api_twitter/venv/lib/python3.9/site-packages/airflow/example_dags/tutorial_taskflow_api_etl.py
[2022-12-21 21:44:48,551] {processor.py:641} INFO - Processing file /home/nayara/Downloads/EngDados/ALURA/api_twitter/venv/lib/python3.9/site-packages/airflow/example_dags/tutorial_taskflow_api_etl.py for tasks to queue
[2022-12-21 21:44:48,553] {logging_mixin.py:115} INFO - [2022-12-21 21:44:48,553] {dagbag.py:507} INFO - Filling up the DagBag from /home/nayara/Downloads/EngDados/ALURA/api_twitter/venv/lib/python3.9/site-packages/airflow/example_dags/tutorial_taskflow_api_etl.py
[2022-12-21 21:44:48,621] {processor.py:651} INFO - DAG(s) dict_keys(['tutorial_taskflow_api_etl']) retrieved from /home/nayara/Downloads/EngDados/ALURA/api_twitter/venv/lib/python3.9/site-packages/airflow/example_dags/tutorial_taskflow_api_etl.py
[2022-12-21 21:44:48,695] {logging_mixin.py:115} INFO - [2022-12-21 21:44:48,695] {dag.py:2379} INFO - Sync 1 DAGs
[2022-12-21 21:44:48,716] {logging_mixin.py:115} INFO - [2022-12-21 21:44:48,716] {dag.py:2927} INFO - Setting next_dagrun for tutorial_taskflow_api_etl to None, run_after=None
[2022-12-21 21:44:49,554] {processor.py:161} INFO - Processing /home/nayara/Downloads/EngDados/ALURA/api_twitter/venv/lib/python3.9/site-packages/airflow/example_dags/tutorial_taskflow_api_etl.py took 1.042 seconds
[2022-12-21 21:45:29,114] {processor.py:153} INFO - Started process (PID=16825) to work on /home/nayara/Downloads/EngDados/ALURA/api_twitter/venv/lib/python3.9/site-packages/airflow/example_dags/tutorial_taskflow_api_etl.py
[2022-12-21 21:45:29,122] {processor.py:641} INFO - Processing file /home/nayara/Downloads/EngDados/ALURA/api_twitter/venv/lib/python3.9/site-packages/airflow/example_dags/tutorial_taskflow_api_etl.py for tasks to queue
[2022-12-21 21:45:29,124] {logging_mixin.py:115} INFO - [2022-12-21 21:45:29,124] {dagbag.py:507} INFO - Filling up the DagBag from /home/nayara/Downloads/EngDados/ALURA/api_twitter/venv/lib/python3.9/site-packages/airflow/example_dags/tutorial_taskflow_api_etl.py
[2022-12-21 21:45:29,185] {processor.py:651} INFO - DAG(s) dict_keys(['tutorial_taskflow_api_etl']) retrieved from /home/nayara/Downloads/EngDados/ALURA/api_twitter/venv/lib/python3.9/site-packages/airflow/example_dags/tutorial_taskflow_api_etl.py
[2022-12-21 21:45:29,227] {logging_mixin.py:115} INFO - [2022-12-21 21:45:29,227] {dag.py:2379} INFO - Sync 1 DAGs
[2022-12-21 21:45:29,284] {logging_mixin.py:115} INFO - [2022-12-21 21:45:29,284] {dag.py:2927} INFO - Setting next_dagrun for tutorial_taskflow_api_etl to None, run_after=None
[2022-12-21 21:45:29,656] {processor.py:161} INFO - Processing /home/nayara/Downloads/EngDados/ALURA/api_twitter/venv/lib/python3.9/site-packages/airflow/example_dags/tutorial_taskflow_api_etl.py took 0.553 seconds
[2022-12-21 21:46:09,977] {processor.py:153} INFO - Started process (PID=16976) to work on /home/nayara/Downloads/EngDados/ALURA/api_twitter/venv/lib/python3.9/site-packages/airflow/example_dags/tutorial_taskflow_api_etl.py
[2022-12-21 21:46:09,978] {processor.py:641} INFO - Processing file /home/nayara/Downloads/EngDados/ALURA/api_twitter/venv/lib/python3.9/site-packages/airflow/example_dags/tutorial_taskflow_api_etl.py for tasks to queue
[2022-12-21 21:46:09,978] {logging_mixin.py:115} INFO - [2022-12-21 21:46:09,978] {dagbag.py:507} INFO - Filling up the DagBag from /home/nayara/Downloads/EngDados/ALURA/api_twitter/venv/lib/python3.9/site-packages/airflow/example_dags/tutorial_taskflow_api_etl.py
[2022-12-21 21:46:10,001] {processor.py:651} INFO - DAG(s) dict_keys(['tutorial_taskflow_api_etl']) retrieved from /home/nayara/Downloads/EngDados/ALURA/api_twitter/venv/lib/python3.9/site-packages/airflow/example_dags/tutorial_taskflow_api_etl.py
[2022-12-21 21:46:10,022] {logging_mixin.py:115} INFO - [2022-12-21 21:46:10,022] {dag.py:2379} INFO - Sync 1 DAGs
[2022-12-21 21:46:10,046] {logging_mixin.py:115} INFO - [2022-12-21 21:46:10,046] {dag.py:2927} INFO - Setting next_dagrun for tutorial_taskflow_api_etl to None, run_after=None
[2022-12-21 21:46:10,267] {processor.py:161} INFO - Processing /home/nayara/Downloads/EngDados/ALURA/api_twitter/venv/lib/python3.9/site-packages/airflow/example_dags/tutorial_taskflow_api_etl.py took 0.296 seconds
[2022-12-21 21:47:14,828] {processor.py:153} INFO - Started process (PID=17314) to work on /home/nayara/Downloads/EngDados/ALURA/api_twitter/venv/lib/python3.9/site-packages/airflow/example_dags/tutorial_taskflow_api_etl.py
[2022-12-21 21:47:14,845] {processor.py:641} INFO - Processing file /home/nayara/Downloads/EngDados/ALURA/api_twitter/venv/lib/python3.9/site-packages/airflow/example_dags/tutorial_taskflow_api_etl.py for tasks to queue
[2022-12-21 21:47:14,847] {logging_mixin.py:115} INFO - [2022-12-21 21:47:14,847] {dagbag.py:507} INFO - Filling up the DagBag from /home/nayara/Downloads/EngDados/ALURA/api_twitter/venv/lib/python3.9/site-packages/airflow/example_dags/tutorial_taskflow_api_etl.py
[2022-12-21 21:47:14,874] {processor.py:651} INFO - DAG(s) dict_keys(['tutorial_taskflow_api_etl']) retrieved from /home/nayara/Downloads/EngDados/ALURA/api_twitter/venv/lib/python3.9/site-packages/airflow/example_dags/tutorial_taskflow_api_etl.py
[2022-12-21 21:47:14,941] {logging_mixin.py:115} INFO - [2022-12-21 21:47:14,941] {dag.py:2379} INFO - Sync 1 DAGs
[2022-12-21 21:47:14,966] {logging_mixin.py:115} INFO - [2022-12-21 21:47:14,965] {dag.py:2927} INFO - Setting next_dagrun for tutorial_taskflow_api_etl to None, run_after=None
[2022-12-21 21:47:15,310] {processor.py:161} INFO - Processing /home/nayara/Downloads/EngDados/ALURA/api_twitter/venv/lib/python3.9/site-packages/airflow/example_dags/tutorial_taskflow_api_etl.py took 0.495 seconds
[2022-12-21 21:48:01,103] {processor.py:153} INFO - Started process (PID=17427) to work on /home/nayara/Downloads/EngDados/ALURA/api_twitter/venv/lib/python3.9/site-packages/airflow/example_dags/tutorial_taskflow_api_etl.py
[2022-12-21 21:48:01,169] {processor.py:641} INFO - Processing file /home/nayara/Downloads/EngDados/ALURA/api_twitter/venv/lib/python3.9/site-packages/airflow/example_dags/tutorial_taskflow_api_etl.py for tasks to queue
[2022-12-21 21:48:01,172] {logging_mixin.py:115} INFO - [2022-12-21 21:48:01,172] {dagbag.py:507} INFO - Filling up the DagBag from /home/nayara/Downloads/EngDados/ALURA/api_twitter/venv/lib/python3.9/site-packages/airflow/example_dags/tutorial_taskflow_api_etl.py
[2022-12-21 21:48:01,268] {processor.py:651} INFO - DAG(s) dict_keys(['tutorial_taskflow_api_etl']) retrieved from /home/nayara/Downloads/EngDados/ALURA/api_twitter/venv/lib/python3.9/site-packages/airflow/example_dags/tutorial_taskflow_api_etl.py
[2022-12-21 21:48:01,290] {logging_mixin.py:115} INFO - [2022-12-21 21:48:01,290] {dag.py:2379} INFO - Sync 1 DAGs
[2022-12-21 21:48:01,318] {logging_mixin.py:115} INFO - [2022-12-21 21:48:01,318] {dag.py:2927} INFO - Setting next_dagrun for tutorial_taskflow_api_etl to None, run_after=None
[2022-12-21 21:48:01,518] {processor.py:161} INFO - Processing /home/nayara/Downloads/EngDados/ALURA/api_twitter/venv/lib/python3.9/site-packages/airflow/example_dags/tutorial_taskflow_api_etl.py took 0.433 seconds
[2022-12-21 21:48:43,400] {processor.py:153} INFO - Started process (PID=17471) to work on /home/nayara/Downloads/EngDados/ALURA/api_twitter/venv/lib/python3.9/site-packages/airflow/example_dags/tutorial_taskflow_api_etl.py
[2022-12-21 21:48:43,407] {processor.py:641} INFO - Processing file /home/nayara/Downloads/EngDados/ALURA/api_twitter/venv/lib/python3.9/site-packages/airflow/example_dags/tutorial_taskflow_api_etl.py for tasks to queue
[2022-12-21 21:48:43,409] {logging_mixin.py:115} INFO - [2022-12-21 21:48:43,408] {dagbag.py:507} INFO - Filling up the DagBag from /home/nayara/Downloads/EngDados/ALURA/api_twitter/venv/lib/python3.9/site-packages/airflow/example_dags/tutorial_taskflow_api_etl.py
[2022-12-21 21:48:43,437] {processor.py:651} INFO - DAG(s) dict_keys(['tutorial_taskflow_api_etl']) retrieved from /home/nayara/Downloads/EngDados/ALURA/api_twitter/venv/lib/python3.9/site-packages/airflow/example_dags/tutorial_taskflow_api_etl.py
[2022-12-21 21:48:43,464] {logging_mixin.py:115} INFO - [2022-12-21 21:48:43,464] {dag.py:2379} INFO - Sync 1 DAGs
[2022-12-21 21:48:43,491] {logging_mixin.py:115} INFO - [2022-12-21 21:48:43,491] {dag.py:2927} INFO - Setting next_dagrun for tutorial_taskflow_api_etl to None, run_after=None
[2022-12-21 21:48:43,699] {processor.py:161} INFO - Processing /home/nayara/Downloads/EngDados/ALURA/api_twitter/venv/lib/python3.9/site-packages/airflow/example_dags/tutorial_taskflow_api_etl.py took 0.304 seconds
[2022-12-21 21:49:33,912] {processor.py:153} INFO - Started process (PID=17527) to work on /home/nayara/Downloads/EngDados/ALURA/api_twitter/venv/lib/python3.9/site-packages/airflow/example_dags/tutorial_taskflow_api_etl.py
[2022-12-21 21:49:33,915] {processor.py:641} INFO - Processing file /home/nayara/Downloads/EngDados/ALURA/api_twitter/venv/lib/python3.9/site-packages/airflow/example_dags/tutorial_taskflow_api_etl.py for tasks to queue
[2022-12-21 21:49:33,917] {logging_mixin.py:115} INFO - [2022-12-21 21:49:33,916] {dagbag.py:507} INFO - Filling up the DagBag from /home/nayara/Downloads/EngDados/ALURA/api_twitter/venv/lib/python3.9/site-packages/airflow/example_dags/tutorial_taskflow_api_etl.py
[2022-12-21 21:49:33,949] {processor.py:651} INFO - DAG(s) dict_keys(['tutorial_taskflow_api_etl']) retrieved from /home/nayara/Downloads/EngDados/ALURA/api_twitter/venv/lib/python3.9/site-packages/airflow/example_dags/tutorial_taskflow_api_etl.py
[2022-12-21 21:49:34,006] {logging_mixin.py:115} INFO - [2022-12-21 21:49:34,006] {dag.py:2379} INFO - Sync 1 DAGs
[2022-12-21 21:49:34,026] {logging_mixin.py:115} INFO - [2022-12-21 21:49:34,026] {dag.py:2927} INFO - Setting next_dagrun for tutorial_taskflow_api_etl to None, run_after=None
[2022-12-21 21:49:34,243] {processor.py:161} INFO - Processing /home/nayara/Downloads/EngDados/ALURA/api_twitter/venv/lib/python3.9/site-packages/airflow/example_dags/tutorial_taskflow_api_etl.py took 0.347 seconds
[2022-12-21 21:50:25,057] {processor.py:153} INFO - Started process (PID=17690) to work on /home/nayara/Downloads/EngDados/ALURA/api_twitter/venv/lib/python3.9/site-packages/airflow/example_dags/tutorial_taskflow_api_etl.py
[2022-12-21 21:50:25,082] {processor.py:641} INFO - Processing file /home/nayara/Downloads/EngDados/ALURA/api_twitter/venv/lib/python3.9/site-packages/airflow/example_dags/tutorial_taskflow_api_etl.py for tasks to queue
[2022-12-21 21:50:25,083] {logging_mixin.py:115} INFO - [2022-12-21 21:50:25,083] {dagbag.py:507} INFO - Filling up the DagBag from /home/nayara/Downloads/EngDados/ALURA/api_twitter/venv/lib/python3.9/site-packages/airflow/example_dags/tutorial_taskflow_api_etl.py
[2022-12-21 21:50:25,106] {processor.py:651} INFO - DAG(s) dict_keys(['tutorial_taskflow_api_etl']) retrieved from /home/nayara/Downloads/EngDados/ALURA/api_twitter/venv/lib/python3.9/site-packages/airflow/example_dags/tutorial_taskflow_api_etl.py
[2022-12-21 21:50:25,128] {logging_mixin.py:115} INFO - [2022-12-21 21:50:25,127] {dag.py:2379} INFO - Sync 1 DAGs
[2022-12-21 21:50:25,160] {logging_mixin.py:115} INFO - [2022-12-21 21:50:25,160] {dag.py:2927} INFO - Setting next_dagrun for tutorial_taskflow_api_etl to None, run_after=None
[2022-12-21 21:50:25,425] {processor.py:161} INFO - Processing /home/nayara/Downloads/EngDados/ALURA/api_twitter/venv/lib/python3.9/site-packages/airflow/example_dags/tutorial_taskflow_api_etl.py took 0.372 seconds
[2022-12-21 21:51:08,121] {processor.py:153} INFO - Started process (PID=17814) to work on /home/nayara/Downloads/EngDados/ALURA/api_twitter/venv/lib/python3.9/site-packages/airflow/example_dags/tutorial_taskflow_api_etl.py
[2022-12-21 21:51:08,123] {processor.py:641} INFO - Processing file /home/nayara/Downloads/EngDados/ALURA/api_twitter/venv/lib/python3.9/site-packages/airflow/example_dags/tutorial_taskflow_api_etl.py for tasks to queue
[2022-12-21 21:51:08,124] {logging_mixin.py:115} INFO - [2022-12-21 21:51:08,124] {dagbag.py:507} INFO - Filling up the DagBag from /home/nayara/Downloads/EngDados/ALURA/api_twitter/venv/lib/python3.9/site-packages/airflow/example_dags/tutorial_taskflow_api_etl.py
[2022-12-21 21:51:08,147] {processor.py:651} INFO - DAG(s) dict_keys(['tutorial_taskflow_api_etl']) retrieved from /home/nayara/Downloads/EngDados/ALURA/api_twitter/venv/lib/python3.9/site-packages/airflow/example_dags/tutorial_taskflow_api_etl.py
[2022-12-21 21:51:08,203] {logging_mixin.py:115} INFO - [2022-12-21 21:51:08,203] {dag.py:2379} INFO - Sync 1 DAGs
[2022-12-21 21:51:08,224] {logging_mixin.py:115} INFO - [2022-12-21 21:51:08,224] {dag.py:2927} INFO - Setting next_dagrun for tutorial_taskflow_api_etl to None, run_after=None
[2022-12-21 21:51:08,444] {processor.py:161} INFO - Processing /home/nayara/Downloads/EngDados/ALURA/api_twitter/venv/lib/python3.9/site-packages/airflow/example_dags/tutorial_taskflow_api_etl.py took 0.336 seconds
[2022-12-21 21:51:54,317] {processor.py:153} INFO - Started process (PID=17956) to work on /home/nayara/Downloads/EngDados/ALURA/api_twitter/venv/lib/python3.9/site-packages/airflow/example_dags/tutorial_taskflow_api_etl.py
[2022-12-21 21:51:54,332] {processor.py:641} INFO - Processing file /home/nayara/Downloads/EngDados/ALURA/api_twitter/venv/lib/python3.9/site-packages/airflow/example_dags/tutorial_taskflow_api_etl.py for tasks to queue
[2022-12-21 21:51:54,336] {logging_mixin.py:115} INFO - [2022-12-21 21:51:54,335] {dagbag.py:507} INFO - Filling up the DagBag from /home/nayara/Downloads/EngDados/ALURA/api_twitter/venv/lib/python3.9/site-packages/airflow/example_dags/tutorial_taskflow_api_etl.py
[2022-12-21 21:51:54,385] {processor.py:651} INFO - DAG(s) dict_keys(['tutorial_taskflow_api_etl']) retrieved from /home/nayara/Downloads/EngDados/ALURA/api_twitter/venv/lib/python3.9/site-packages/airflow/example_dags/tutorial_taskflow_api_etl.py
[2022-12-21 21:51:54,441] {logging_mixin.py:115} INFO - [2022-12-21 21:51:54,440] {dag.py:2379} INFO - Sync 1 DAGs
[2022-12-21 21:51:54,460] {logging_mixin.py:115} INFO - [2022-12-21 21:51:54,459] {dag.py:2927} INFO - Setting next_dagrun for tutorial_taskflow_api_etl to None, run_after=None
[2022-12-21 21:51:54,683] {processor.py:161} INFO - Processing /home/nayara/Downloads/EngDados/ALURA/api_twitter/venv/lib/python3.9/site-packages/airflow/example_dags/tutorial_taskflow_api_etl.py took 0.382 seconds
[2022-12-21 21:52:36,422] {processor.py:153} INFO - Started process (PID=18173) to work on /home/nayara/Downloads/EngDados/ALURA/api_twitter/venv/lib/python3.9/site-packages/airflow/example_dags/tutorial_taskflow_api_etl.py
[2022-12-21 21:52:36,435] {processor.py:641} INFO - Processing file /home/nayara/Downloads/EngDados/ALURA/api_twitter/venv/lib/python3.9/site-packages/airflow/example_dags/tutorial_taskflow_api_etl.py for tasks to queue
[2022-12-21 21:52:36,436] {logging_mixin.py:115} INFO - [2022-12-21 21:52:36,436] {dagbag.py:507} INFO - Filling up the DagBag from /home/nayara/Downloads/EngDados/ALURA/api_twitter/venv/lib/python3.9/site-packages/airflow/example_dags/tutorial_taskflow_api_etl.py
[2022-12-21 21:52:36,464] {processor.py:651} INFO - DAG(s) dict_keys(['tutorial_taskflow_api_etl']) retrieved from /home/nayara/Downloads/EngDados/ALURA/api_twitter/venv/lib/python3.9/site-packages/airflow/example_dags/tutorial_taskflow_api_etl.py
[2022-12-21 21:52:36,484] {logging_mixin.py:115} INFO - [2022-12-21 21:52:36,484] {dag.py:2379} INFO - Sync 1 DAGs
[2022-12-21 21:52:36,505] {logging_mixin.py:115} INFO - [2022-12-21 21:52:36,505] {dag.py:2927} INFO - Setting next_dagrun for tutorial_taskflow_api_etl to None, run_after=None
[2022-12-21 21:52:36,816] {processor.py:161} INFO - Processing /home/nayara/Downloads/EngDados/ALURA/api_twitter/venv/lib/python3.9/site-packages/airflow/example_dags/tutorial_taskflow_api_etl.py took 0.406 seconds
[2022-12-21 21:53:27,646] {processor.py:153} INFO - Started process (PID=18234) to work on /home/nayara/Downloads/EngDados/ALURA/api_twitter/venv/lib/python3.9/site-packages/airflow/example_dags/tutorial_taskflow_api_etl.py
[2022-12-21 21:53:27,676] {processor.py:641} INFO - Processing file /home/nayara/Downloads/EngDados/ALURA/api_twitter/venv/lib/python3.9/site-packages/airflow/example_dags/tutorial_taskflow_api_etl.py for tasks to queue
[2022-12-21 21:53:27,679] {logging_mixin.py:115} INFO - [2022-12-21 21:53:27,678] {dagbag.py:507} INFO - Filling up the DagBag from /home/nayara/Downloads/EngDados/ALURA/api_twitter/venv/lib/python3.9/site-packages/airflow/example_dags/tutorial_taskflow_api_etl.py
[2022-12-21 21:53:27,737] {processor.py:651} INFO - DAG(s) dict_keys(['tutorial_taskflow_api_etl']) retrieved from /home/nayara/Downloads/EngDados/ALURA/api_twitter/venv/lib/python3.9/site-packages/airflow/example_dags/tutorial_taskflow_api_etl.py
[2022-12-21 21:53:27,759] {logging_mixin.py:115} INFO - [2022-12-21 21:53:27,759] {dag.py:2379} INFO - Sync 1 DAGs
[2022-12-21 21:53:27,784] {logging_mixin.py:115} INFO - [2022-12-21 21:53:27,784] {dag.py:2927} INFO - Setting next_dagrun for tutorial_taskflow_api_etl to None, run_after=None
[2022-12-21 21:53:27,993] {processor.py:161} INFO - Processing /home/nayara/Downloads/EngDados/ALURA/api_twitter/venv/lib/python3.9/site-packages/airflow/example_dags/tutorial_taskflow_api_etl.py took 0.359 seconds
[2022-12-21 21:54:18,353] {processor.py:153} INFO - Started process (PID=18383) to work on /home/nayara/Downloads/EngDados/ALURA/api_twitter/venv/lib/python3.9/site-packages/airflow/example_dags/tutorial_taskflow_api_etl.py
[2022-12-21 21:54:18,359] {processor.py:641} INFO - Processing file /home/nayara/Downloads/EngDados/ALURA/api_twitter/venv/lib/python3.9/site-packages/airflow/example_dags/tutorial_taskflow_api_etl.py for tasks to queue
[2022-12-21 21:54:18,360] {logging_mixin.py:115} INFO - [2022-12-21 21:54:18,360] {dagbag.py:507} INFO - Filling up the DagBag from /home/nayara/Downloads/EngDados/ALURA/api_twitter/venv/lib/python3.9/site-packages/airflow/example_dags/tutorial_taskflow_api_etl.py
[2022-12-21 21:54:18,383] {processor.py:651} INFO - DAG(s) dict_keys(['tutorial_taskflow_api_etl']) retrieved from /home/nayara/Downloads/EngDados/ALURA/api_twitter/venv/lib/python3.9/site-packages/airflow/example_dags/tutorial_taskflow_api_etl.py
[2022-12-21 21:54:18,402] {logging_mixin.py:115} INFO - [2022-12-21 21:54:18,402] {dag.py:2379} INFO - Sync 1 DAGs
[2022-12-21 21:54:18,423] {logging_mixin.py:115} INFO - [2022-12-21 21:54:18,423] {dag.py:2927} INFO - Setting next_dagrun for tutorial_taskflow_api_etl to None, run_after=None
[2022-12-21 21:54:18,699] {processor.py:161} INFO - Processing /home/nayara/Downloads/EngDados/ALURA/api_twitter/venv/lib/python3.9/site-packages/airflow/example_dags/tutorial_taskflow_api_etl.py took 0.357 seconds
[2022-12-21 21:55:13,843] {processor.py:153} INFO - Started process (PID=18487) to work on /home/nayara/Downloads/EngDados/ALURA/api_twitter/venv/lib/python3.9/site-packages/airflow/example_dags/tutorial_taskflow_api_etl.py
[2022-12-21 21:55:13,858] {processor.py:641} INFO - Processing file /home/nayara/Downloads/EngDados/ALURA/api_twitter/venv/lib/python3.9/site-packages/airflow/example_dags/tutorial_taskflow_api_etl.py for tasks to queue
[2022-12-21 21:55:13,858] {logging_mixin.py:115} INFO - [2022-12-21 21:55:13,858] {dagbag.py:507} INFO - Filling up the DagBag from /home/nayara/Downloads/EngDados/ALURA/api_twitter/venv/lib/python3.9/site-packages/airflow/example_dags/tutorial_taskflow_api_etl.py
[2022-12-21 21:55:13,896] {processor.py:651} INFO - DAG(s) dict_keys(['tutorial_taskflow_api_etl']) retrieved from /home/nayara/Downloads/EngDados/ALURA/api_twitter/venv/lib/python3.9/site-packages/airflow/example_dags/tutorial_taskflow_api_etl.py
[2022-12-21 21:55:13,927] {logging_mixin.py:115} INFO - [2022-12-21 21:55:13,927] {dag.py:2379} INFO - Sync 1 DAGs
[2022-12-21 21:55:13,967] {logging_mixin.py:115} INFO - [2022-12-21 21:55:13,967] {dag.py:2927} INFO - Setting next_dagrun for tutorial_taskflow_api_etl to None, run_after=None
[2022-12-21 21:55:14,431] {processor.py:161} INFO - Processing /home/nayara/Downloads/EngDados/ALURA/api_twitter/venv/lib/python3.9/site-packages/airflow/example_dags/tutorial_taskflow_api_etl.py took 0.595 seconds
