[2022-12-21 21:36:20,460] {processor.py:153} INFO - Started process (PID=15418) to work on /home/nayara/Downloads/EngDados/ALURA/api_twitter/venv/lib/python3.9/site-packages/airflow/example_dags/plugins/workday.py
[2022-12-21 21:36:20,477] {processor.py:641} INFO - Processing file /home/nayara/Downloads/EngDados/ALURA/api_twitter/venv/lib/python3.9/site-packages/airflow/example_dags/plugins/workday.py for tasks to queue
[2022-12-21 21:36:20,478] {logging_mixin.py:115} INFO - [2022-12-21 21:36:20,478] {dagbag.py:507} INFO - Filling up the DagBag from /home/nayara/Downloads/EngDados/ALURA/api_twitter/venv/lib/python3.9/site-packages/airflow/example_dags/plugins/workday.py
[2022-12-21 21:36:20,485] {processor.py:653} WARNING - No viable dags retrieved from /home/nayara/Downloads/EngDados/ALURA/api_twitter/venv/lib/python3.9/site-packages/airflow/example_dags/plugins/workday.py
[2022-12-21 21:36:20,535] {processor.py:161} INFO - Processing /home/nayara/Downloads/EngDados/ALURA/api_twitter/venv/lib/python3.9/site-packages/airflow/example_dags/plugins/workday.py took 0.079 seconds
[2022-12-21 21:38:20,851] {processor.py:153} INFO - Started process (PID=16172) to work on /home/nayara/Downloads/EngDados/ALURA/api_twitter/venv/lib/python3.9/site-packages/airflow/example_dags/plugins/workday.py
[2022-12-21 21:38:20,852] {processor.py:641} INFO - Processing file /home/nayara/Downloads/EngDados/ALURA/api_twitter/venv/lib/python3.9/site-packages/airflow/example_dags/plugins/workday.py for tasks to queue
[2022-12-21 21:38:20,853] {logging_mixin.py:115} INFO - [2022-12-21 21:38:20,853] {dagbag.py:507} INFO - Filling up the DagBag from /home/nayara/Downloads/EngDados/ALURA/api_twitter/venv/lib/python3.9/site-packages/airflow/example_dags/plugins/workday.py
[2022-12-21 21:38:20,871] {processor.py:653} WARNING - No viable dags retrieved from /home/nayara/Downloads/EngDados/ALURA/api_twitter/venv/lib/python3.9/site-packages/airflow/example_dags/plugins/workday.py
[2022-12-21 21:38:20,888] {processor.py:161} INFO - Processing /home/nayara/Downloads/EngDados/ALURA/api_twitter/venv/lib/python3.9/site-packages/airflow/example_dags/plugins/workday.py took 0.042 seconds
[2022-12-21 21:39:12,979] {processor.py:153} INFO - Started process (PID=16232) to work on /home/nayara/Downloads/EngDados/ALURA/api_twitter/venv/lib/python3.9/site-packages/airflow/example_dags/plugins/workday.py
[2022-12-21 21:39:12,995] {processor.py:641} INFO - Processing file /home/nayara/Downloads/EngDados/ALURA/api_twitter/venv/lib/python3.9/site-packages/airflow/example_dags/plugins/workday.py for tasks to queue
[2022-12-21 21:39:12,996] {logging_mixin.py:115} INFO - [2022-12-21 21:39:12,996] {dagbag.py:507} INFO - Filling up the DagBag from /home/nayara/Downloads/EngDados/ALURA/api_twitter/venv/lib/python3.9/site-packages/airflow/example_dags/plugins/workday.py
[2022-12-21 21:39:13,001] {processor.py:653} WARNING - No viable dags retrieved from /home/nayara/Downloads/EngDados/ALURA/api_twitter/venv/lib/python3.9/site-packages/airflow/example_dags/plugins/workday.py
[2022-12-21 21:39:13,023] {processor.py:161} INFO - Processing /home/nayara/Downloads/EngDados/ALURA/api_twitter/venv/lib/python3.9/site-packages/airflow/example_dags/plugins/workday.py took 0.049 seconds
[2022-12-21 21:40:03,653] {processor.py:153} INFO - Started process (PID=16313) to work on /home/nayara/Downloads/EngDados/ALURA/api_twitter/venv/lib/python3.9/site-packages/airflow/example_dags/plugins/workday.py
[2022-12-21 21:40:03,675] {processor.py:641} INFO - Processing file /home/nayara/Downloads/EngDados/ALURA/api_twitter/venv/lib/python3.9/site-packages/airflow/example_dags/plugins/workday.py for tasks to queue
[2022-12-21 21:40:03,676] {logging_mixin.py:115} INFO - [2022-12-21 21:40:03,676] {dagbag.py:507} INFO - Filling up the DagBag from /home/nayara/Downloads/EngDados/ALURA/api_twitter/venv/lib/python3.9/site-packages/airflow/example_dags/plugins/workday.py
[2022-12-21 21:40:03,681] {processor.py:653} WARNING - No viable dags retrieved from /home/nayara/Downloads/EngDados/ALURA/api_twitter/venv/lib/python3.9/site-packages/airflow/example_dags/plugins/workday.py
[2022-12-21 21:40:03,703] {processor.py:161} INFO - Processing /home/nayara/Downloads/EngDados/ALURA/api_twitter/venv/lib/python3.9/site-packages/airflow/example_dags/plugins/workday.py took 0.064 seconds
[2022-12-21 21:40:41,968] {processor.py:153} INFO - Started process (PID=16387) to work on /home/nayara/Downloads/EngDados/ALURA/api_twitter/venv/lib/python3.9/site-packages/airflow/example_dags/plugins/workday.py
[2022-12-21 21:40:42,092] {processor.py:641} INFO - Processing file /home/nayara/Downloads/EngDados/ALURA/api_twitter/venv/lib/python3.9/site-packages/airflow/example_dags/plugins/workday.py for tasks to queue
[2022-12-21 21:40:42,095] {logging_mixin.py:115} INFO - [2022-12-21 21:40:42,094] {dagbag.py:507} INFO - Filling up the DagBag from /home/nayara/Downloads/EngDados/ALURA/api_twitter/venv/lib/python3.9/site-packages/airflow/example_dags/plugins/workday.py
[2022-12-21 21:40:42,103] {processor.py:653} WARNING - No viable dags retrieved from /home/nayara/Downloads/EngDados/ALURA/api_twitter/venv/lib/python3.9/site-packages/airflow/example_dags/plugins/workday.py
[2022-12-21 21:40:42,145] {processor.py:161} INFO - Processing /home/nayara/Downloads/EngDados/ALURA/api_twitter/venv/lib/python3.9/site-packages/airflow/example_dags/plugins/workday.py took 0.190 seconds
[2022-12-21 21:41:32,765] {processor.py:153} INFO - Started process (PID=16486) to work on /home/nayara/Downloads/EngDados/ALURA/api_twitter/venv/lib/python3.9/site-packages/airflow/example_dags/plugins/workday.py
[2022-12-21 21:41:32,820] {processor.py:641} INFO - Processing file /home/nayara/Downloads/EngDados/ALURA/api_twitter/venv/lib/python3.9/site-packages/airflow/example_dags/plugins/workday.py for tasks to queue
[2022-12-21 21:41:32,823] {logging_mixin.py:115} INFO - [2022-12-21 21:41:32,823] {dagbag.py:507} INFO - Filling up the DagBag from /home/nayara/Downloads/EngDados/ALURA/api_twitter/venv/lib/python3.9/site-packages/airflow/example_dags/plugins/workday.py
[2022-12-21 21:41:32,835] {processor.py:653} WARNING - No viable dags retrieved from /home/nayara/Downloads/EngDados/ALURA/api_twitter/venv/lib/python3.9/site-packages/airflow/example_dags/plugins/workday.py
[2022-12-21 21:41:32,897] {processor.py:161} INFO - Processing /home/nayara/Downloads/EngDados/ALURA/api_twitter/venv/lib/python3.9/site-packages/airflow/example_dags/plugins/workday.py took 0.150 seconds
[2022-12-21 21:42:23,011] {processor.py:153} INFO - Started process (PID=16572) to work on /home/nayara/Downloads/EngDados/ALURA/api_twitter/venv/lib/python3.9/site-packages/airflow/example_dags/plugins/workday.py
[2022-12-21 21:42:23,020] {processor.py:641} INFO - Processing file /home/nayara/Downloads/EngDados/ALURA/api_twitter/venv/lib/python3.9/site-packages/airflow/example_dags/plugins/workday.py for tasks to queue
[2022-12-21 21:42:23,023] {logging_mixin.py:115} INFO - [2022-12-21 21:42:23,022] {dagbag.py:507} INFO - Filling up the DagBag from /home/nayara/Downloads/EngDados/ALURA/api_twitter/venv/lib/python3.9/site-packages/airflow/example_dags/plugins/workday.py
[2022-12-21 21:42:23,030] {processor.py:653} WARNING - No viable dags retrieved from /home/nayara/Downloads/EngDados/ALURA/api_twitter/venv/lib/python3.9/site-packages/airflow/example_dags/plugins/workday.py
[2022-12-21 21:42:23,049] {processor.py:161} INFO - Processing /home/nayara/Downloads/EngDados/ALURA/api_twitter/venv/lib/python3.9/site-packages/airflow/example_dags/plugins/workday.py took 0.055 seconds
[2022-12-21 21:43:03,930] {processor.py:153} INFO - Started process (PID=16615) to work on /home/nayara/Downloads/EngDados/ALURA/api_twitter/venv/lib/python3.9/site-packages/airflow/example_dags/plugins/workday.py
[2022-12-21 21:43:04,012] {processor.py:641} INFO - Processing file /home/nayara/Downloads/EngDados/ALURA/api_twitter/venv/lib/python3.9/site-packages/airflow/example_dags/plugins/workday.py for tasks to queue
[2022-12-21 21:43:04,015] {logging_mixin.py:115} INFO - [2022-12-21 21:43:04,014] {dagbag.py:507} INFO - Filling up the DagBag from /home/nayara/Downloads/EngDados/ALURA/api_twitter/venv/lib/python3.9/site-packages/airflow/example_dags/plugins/workday.py
[2022-12-21 21:43:04,024] {processor.py:653} WARNING - No viable dags retrieved from /home/nayara/Downloads/EngDados/ALURA/api_twitter/venv/lib/python3.9/site-packages/airflow/example_dags/plugins/workday.py
[2022-12-21 21:43:04,077] {processor.py:161} INFO - Processing /home/nayara/Downloads/EngDados/ALURA/api_twitter/venv/lib/python3.9/site-packages/airflow/example_dags/plugins/workday.py took 0.162 seconds
[2022-12-21 21:43:52,412] {processor.py:153} INFO - Started process (PID=16691) to work on /home/nayara/Downloads/EngDados/ALURA/api_twitter/venv/lib/python3.9/site-packages/airflow/example_dags/plugins/workday.py
[2022-12-21 21:43:52,413] {processor.py:641} INFO - Processing file /home/nayara/Downloads/EngDados/ALURA/api_twitter/venv/lib/python3.9/site-packages/airflow/example_dags/plugins/workday.py for tasks to queue
[2022-12-21 21:43:52,413] {logging_mixin.py:115} INFO - [2022-12-21 21:43:52,413] {dagbag.py:507} INFO - Filling up the DagBag from /home/nayara/Downloads/EngDados/ALURA/api_twitter/venv/lib/python3.9/site-packages/airflow/example_dags/plugins/workday.py
[2022-12-21 21:43:52,416] {processor.py:653} WARNING - No viable dags retrieved from /home/nayara/Downloads/EngDados/ALURA/api_twitter/venv/lib/python3.9/site-packages/airflow/example_dags/plugins/workday.py
[2022-12-21 21:43:52,430] {processor.py:161} INFO - Processing /home/nayara/Downloads/EngDados/ALURA/api_twitter/venv/lib/python3.9/site-packages/airflow/example_dags/plugins/workday.py took 0.022 seconds
[2022-12-21 21:44:25,852] {processor.py:153} INFO - Started process (PID=16720) to work on /home/nayara/Downloads/EngDados/ALURA/api_twitter/venv/lib/python3.9/site-packages/airflow/example_dags/plugins/workday.py
[2022-12-21 21:44:25,853] {processor.py:641} INFO - Processing file /home/nayara/Downloads/EngDados/ALURA/api_twitter/venv/lib/python3.9/site-packages/airflow/example_dags/plugins/workday.py for tasks to queue
[2022-12-21 21:44:25,855] {logging_mixin.py:115} INFO - [2022-12-21 21:44:25,854] {dagbag.py:507} INFO - Filling up the DagBag from /home/nayara/Downloads/EngDados/ALURA/api_twitter/venv/lib/python3.9/site-packages/airflow/example_dags/plugins/workday.py
[2022-12-21 21:44:25,858] {processor.py:653} WARNING - No viable dags retrieved from /home/nayara/Downloads/EngDados/ALURA/api_twitter/venv/lib/python3.9/site-packages/airflow/example_dags/plugins/workday.py
[2022-12-21 21:44:25,873] {processor.py:161} INFO - Processing /home/nayara/Downloads/EngDados/ALURA/api_twitter/venv/lib/python3.9/site-packages/airflow/example_dags/plugins/workday.py took 0.032 seconds
[2022-12-21 21:45:00,603] {processor.py:153} INFO - Started process (PID=16762) to work on /home/nayara/Downloads/EngDados/ALURA/api_twitter/venv/lib/python3.9/site-packages/airflow/example_dags/plugins/workday.py
[2022-12-21 21:45:00,605] {processor.py:641} INFO - Processing file /home/nayara/Downloads/EngDados/ALURA/api_twitter/venv/lib/python3.9/site-packages/airflow/example_dags/plugins/workday.py for tasks to queue
[2022-12-21 21:45:00,606] {logging_mixin.py:115} INFO - [2022-12-21 21:45:00,606] {dagbag.py:507} INFO - Filling up the DagBag from /home/nayara/Downloads/EngDados/ALURA/api_twitter/venv/lib/python3.9/site-packages/airflow/example_dags/plugins/workday.py
[2022-12-21 21:45:00,610] {processor.py:653} WARNING - No viable dags retrieved from /home/nayara/Downloads/EngDados/ALURA/api_twitter/venv/lib/python3.9/site-packages/airflow/example_dags/plugins/workday.py
[2022-12-21 21:45:00,625] {processor.py:161} INFO - Processing /home/nayara/Downloads/EngDados/ALURA/api_twitter/venv/lib/python3.9/site-packages/airflow/example_dags/plugins/workday.py took 0.033 seconds
[2022-12-21 21:45:42,460] {processor.py:153} INFO - Started process (PID=16897) to work on /home/nayara/Downloads/EngDados/ALURA/api_twitter/venv/lib/python3.9/site-packages/airflow/example_dags/plugins/workday.py
[2022-12-21 21:45:42,535] {processor.py:641} INFO - Processing file /home/nayara/Downloads/EngDados/ALURA/api_twitter/venv/lib/python3.9/site-packages/airflow/example_dags/plugins/workday.py for tasks to queue
[2022-12-21 21:45:42,537] {logging_mixin.py:115} INFO - [2022-12-21 21:45:42,537] {dagbag.py:507} INFO - Filling up the DagBag from /home/nayara/Downloads/EngDados/ALURA/api_twitter/venv/lib/python3.9/site-packages/airflow/example_dags/plugins/workday.py
[2022-12-21 21:45:42,545] {processor.py:653} WARNING - No viable dags retrieved from /home/nayara/Downloads/EngDados/ALURA/api_twitter/venv/lib/python3.9/site-packages/airflow/example_dags/plugins/workday.py
[2022-12-21 21:45:42,589] {processor.py:161} INFO - Processing /home/nayara/Downloads/EngDados/ALURA/api_twitter/venv/lib/python3.9/site-packages/airflow/example_dags/plugins/workday.py took 0.144 seconds
[2022-12-21 21:46:21,321] {processor.py:153} INFO - Started process (PID=17171) to work on /home/nayara/Downloads/EngDados/ALURA/api_twitter/venv/lib/python3.9/site-packages/airflow/example_dags/plugins/workday.py
[2022-12-21 21:46:21,396] {processor.py:641} INFO - Processing file /home/nayara/Downloads/EngDados/ALURA/api_twitter/venv/lib/python3.9/site-packages/airflow/example_dags/plugins/workday.py for tasks to queue
[2022-12-21 21:46:21,398] {logging_mixin.py:115} INFO - [2022-12-21 21:46:21,397] {dagbag.py:507} INFO - Filling up the DagBag from /home/nayara/Downloads/EngDados/ALURA/api_twitter/venv/lib/python3.9/site-packages/airflow/example_dags/plugins/workday.py
[2022-12-21 21:46:21,402] {processor.py:653} WARNING - No viable dags retrieved from /home/nayara/Downloads/EngDados/ALURA/api_twitter/venv/lib/python3.9/site-packages/airflow/example_dags/plugins/workday.py
[2022-12-21 21:46:21,427] {processor.py:161} INFO - Processing /home/nayara/Downloads/EngDados/ALURA/api_twitter/venv/lib/python3.9/site-packages/airflow/example_dags/plugins/workday.py took 0.113 seconds
[2022-12-21 21:47:05,872] {processor.py:153} INFO - Started process (PID=17306) to work on /home/nayara/Downloads/EngDados/ALURA/api_twitter/venv/lib/python3.9/site-packages/airflow/example_dags/plugins/workday.py
[2022-12-21 21:47:05,947] {processor.py:641} INFO - Processing file /home/nayara/Downloads/EngDados/ALURA/api_twitter/venv/lib/python3.9/site-packages/airflow/example_dags/plugins/workday.py for tasks to queue
[2022-12-21 21:47:05,950] {logging_mixin.py:115} INFO - [2022-12-21 21:47:05,949] {dagbag.py:507} INFO - Filling up the DagBag from /home/nayara/Downloads/EngDados/ALURA/api_twitter/venv/lib/python3.9/site-packages/airflow/example_dags/plugins/workday.py
[2022-12-21 21:47:05,959] {processor.py:653} WARNING - No viable dags retrieved from /home/nayara/Downloads/EngDados/ALURA/api_twitter/venv/lib/python3.9/site-packages/airflow/example_dags/plugins/workday.py
[2022-12-21 21:47:06,028] {processor.py:161} INFO - Processing /home/nayara/Downloads/EngDados/ALURA/api_twitter/venv/lib/python3.9/site-packages/airflow/example_dags/plugins/workday.py took 0.160 seconds
[2022-12-21 21:47:52,337] {processor.py:153} INFO - Started process (PID=17420) to work on /home/nayara/Downloads/EngDados/ALURA/api_twitter/venv/lib/python3.9/site-packages/airflow/example_dags/plugins/workday.py
[2022-12-21 21:47:52,351] {processor.py:641} INFO - Processing file /home/nayara/Downloads/EngDados/ALURA/api_twitter/venv/lib/python3.9/site-packages/airflow/example_dags/plugins/workday.py for tasks to queue
[2022-12-21 21:47:52,354] {logging_mixin.py:115} INFO - [2022-12-21 21:47:52,354] {dagbag.py:507} INFO - Filling up the DagBag from /home/nayara/Downloads/EngDados/ALURA/api_twitter/venv/lib/python3.9/site-packages/airflow/example_dags/plugins/workday.py
[2022-12-21 21:47:52,365] {processor.py:653} WARNING - No viable dags retrieved from /home/nayara/Downloads/EngDados/ALURA/api_twitter/venv/lib/python3.9/site-packages/airflow/example_dags/plugins/workday.py
[2022-12-21 21:47:52,397] {processor.py:161} INFO - Processing /home/nayara/Downloads/EngDados/ALURA/api_twitter/venv/lib/python3.9/site-packages/airflow/example_dags/plugins/workday.py took 0.077 seconds
[2022-12-21 21:48:35,605] {processor.py:153} INFO - Started process (PID=17461) to work on /home/nayara/Downloads/EngDados/ALURA/api_twitter/venv/lib/python3.9/site-packages/airflow/example_dags/plugins/workday.py
[2022-12-21 21:48:35,630] {processor.py:641} INFO - Processing file /home/nayara/Downloads/EngDados/ALURA/api_twitter/venv/lib/python3.9/site-packages/airflow/example_dags/plugins/workday.py for tasks to queue
[2022-12-21 21:48:35,632] {logging_mixin.py:115} INFO - [2022-12-21 21:48:35,631] {dagbag.py:507} INFO - Filling up the DagBag from /home/nayara/Downloads/EngDados/ALURA/api_twitter/venv/lib/python3.9/site-packages/airflow/example_dags/plugins/workday.py
[2022-12-21 21:48:35,638] {processor.py:653} WARNING - No viable dags retrieved from /home/nayara/Downloads/EngDados/ALURA/api_twitter/venv/lib/python3.9/site-packages/airflow/example_dags/plugins/workday.py
[2022-12-21 21:48:35,686] {processor.py:161} INFO - Processing /home/nayara/Downloads/EngDados/ALURA/api_twitter/venv/lib/python3.9/site-packages/airflow/example_dags/plugins/workday.py took 0.092 seconds
[2022-12-21 21:49:25,833] {processor.py:153} INFO - Started process (PID=17521) to work on /home/nayara/Downloads/EngDados/ALURA/api_twitter/venv/lib/python3.9/site-packages/airflow/example_dags/plugins/workday.py
[2022-12-21 21:49:25,845] {processor.py:641} INFO - Processing file /home/nayara/Downloads/EngDados/ALURA/api_twitter/venv/lib/python3.9/site-packages/airflow/example_dags/plugins/workday.py for tasks to queue
[2022-12-21 21:49:25,845] {logging_mixin.py:115} INFO - [2022-12-21 21:49:25,845] {dagbag.py:507} INFO - Filling up the DagBag from /home/nayara/Downloads/EngDados/ALURA/api_twitter/venv/lib/python3.9/site-packages/airflow/example_dags/plugins/workday.py
[2022-12-21 21:49:25,862] {processor.py:653} WARNING - No viable dags retrieved from /home/nayara/Downloads/EngDados/ALURA/api_twitter/venv/lib/python3.9/site-packages/airflow/example_dags/plugins/workday.py
[2022-12-21 21:49:25,877] {processor.py:161} INFO - Processing /home/nayara/Downloads/EngDados/ALURA/api_twitter/venv/lib/python3.9/site-packages/airflow/example_dags/plugins/workday.py took 0.048 seconds
[2022-12-21 21:49:59,700] {processor.py:153} INFO - Started process (PID=17586) to work on /home/nayara/Downloads/EngDados/ALURA/api_twitter/venv/lib/python3.9/site-packages/airflow/example_dags/plugins/workday.py
[2022-12-21 21:49:59,721] {processor.py:641} INFO - Processing file /home/nayara/Downloads/EngDados/ALURA/api_twitter/venv/lib/python3.9/site-packages/airflow/example_dags/plugins/workday.py for tasks to queue
[2022-12-21 21:49:59,722] {logging_mixin.py:115} INFO - [2022-12-21 21:49:59,721] {dagbag.py:507} INFO - Filling up the DagBag from /home/nayara/Downloads/EngDados/ALURA/api_twitter/venv/lib/python3.9/site-packages/airflow/example_dags/plugins/workday.py
[2022-12-21 21:49:59,725] {processor.py:653} WARNING - No viable dags retrieved from /home/nayara/Downloads/EngDados/ALURA/api_twitter/venv/lib/python3.9/site-packages/airflow/example_dags/plugins/workday.py
[2022-12-21 21:49:59,745] {processor.py:161} INFO - Processing /home/nayara/Downloads/EngDados/ALURA/api_twitter/venv/lib/python3.9/site-packages/airflow/example_dags/plugins/workday.py took 0.050 seconds
[2022-12-21 21:50:39,114] {processor.py:153} INFO - Started process (PID=17788) to work on /home/nayara/Downloads/EngDados/ALURA/api_twitter/venv/lib/python3.9/site-packages/airflow/example_dags/plugins/workday.py
[2022-12-21 21:50:39,132] {processor.py:641} INFO - Processing file /home/nayara/Downloads/EngDados/ALURA/api_twitter/venv/lib/python3.9/site-packages/airflow/example_dags/plugins/workday.py for tasks to queue
[2022-12-21 21:50:39,135] {logging_mixin.py:115} INFO - [2022-12-21 21:50:39,135] {dagbag.py:507} INFO - Filling up the DagBag from /home/nayara/Downloads/EngDados/ALURA/api_twitter/venv/lib/python3.9/site-packages/airflow/example_dags/plugins/workday.py
[2022-12-21 21:50:39,143] {processor.py:653} WARNING - No viable dags retrieved from /home/nayara/Downloads/EngDados/ALURA/api_twitter/venv/lib/python3.9/site-packages/airflow/example_dags/plugins/workday.py
[2022-12-21 21:50:39,164] {processor.py:161} INFO - Processing /home/nayara/Downloads/EngDados/ALURA/api_twitter/venv/lib/python3.9/site-packages/airflow/example_dags/plugins/workday.py took 0.070 seconds
[2022-12-21 21:51:18,873] {processor.py:153} INFO - Started process (PID=17823) to work on /home/nayara/Downloads/EngDados/ALURA/api_twitter/venv/lib/python3.9/site-packages/airflow/example_dags/plugins/workday.py
[2022-12-21 21:51:18,875] {processor.py:641} INFO - Processing file /home/nayara/Downloads/EngDados/ALURA/api_twitter/venv/lib/python3.9/site-packages/airflow/example_dags/plugins/workday.py for tasks to queue
[2022-12-21 21:51:18,876] {logging_mixin.py:115} INFO - [2022-12-21 21:51:18,876] {dagbag.py:507} INFO - Filling up the DagBag from /home/nayara/Downloads/EngDados/ALURA/api_twitter/venv/lib/python3.9/site-packages/airflow/example_dags/plugins/workday.py
[2022-12-21 21:51:18,881] {processor.py:653} WARNING - No viable dags retrieved from /home/nayara/Downloads/EngDados/ALURA/api_twitter/venv/lib/python3.9/site-packages/airflow/example_dags/plugins/workday.py
[2022-12-21 21:51:18,905] {processor.py:161} INFO - Processing /home/nayara/Downloads/EngDados/ALURA/api_twitter/venv/lib/python3.9/site-packages/airflow/example_dags/plugins/workday.py took 0.044 seconds
[2022-12-21 21:52:05,319] {processor.py:153} INFO - Started process (PID=17964) to work on /home/nayara/Downloads/EngDados/ALURA/api_twitter/venv/lib/python3.9/site-packages/airflow/example_dags/plugins/workday.py
[2022-12-21 21:52:05,320] {processor.py:641} INFO - Processing file /home/nayara/Downloads/EngDados/ALURA/api_twitter/venv/lib/python3.9/site-packages/airflow/example_dags/plugins/workday.py for tasks to queue
[2022-12-21 21:52:05,321] {logging_mixin.py:115} INFO - [2022-12-21 21:52:05,321] {dagbag.py:507} INFO - Filling up the DagBag from /home/nayara/Downloads/EngDados/ALURA/api_twitter/venv/lib/python3.9/site-packages/airflow/example_dags/plugins/workday.py
[2022-12-21 21:52:05,325] {processor.py:653} WARNING - No viable dags retrieved from /home/nayara/Downloads/EngDados/ALURA/api_twitter/venv/lib/python3.9/site-packages/airflow/example_dags/plugins/workday.py
[2022-12-21 21:52:05,340] {processor.py:161} INFO - Processing /home/nayara/Downloads/EngDados/ALURA/api_twitter/venv/lib/python3.9/site-packages/airflow/example_dags/plugins/workday.py took 0.034 seconds
[2022-12-21 21:52:46,061] {processor.py:153} INFO - Started process (PID=18184) to work on /home/nayara/Downloads/EngDados/ALURA/api_twitter/venv/lib/python3.9/site-packages/airflow/example_dags/plugins/workday.py
[2022-12-21 21:52:46,154] {processor.py:641} INFO - Processing file /home/nayara/Downloads/EngDados/ALURA/api_twitter/venv/lib/python3.9/site-packages/airflow/example_dags/plugins/workday.py for tasks to queue
[2022-12-21 21:52:46,158] {logging_mixin.py:115} INFO - [2022-12-21 21:52:46,157] {dagbag.py:507} INFO - Filling up the DagBag from /home/nayara/Downloads/EngDados/ALURA/api_twitter/venv/lib/python3.9/site-packages/airflow/example_dags/plugins/workday.py
[2022-12-21 21:52:46,169] {processor.py:653} WARNING - No viable dags retrieved from /home/nayara/Downloads/EngDados/ALURA/api_twitter/venv/lib/python3.9/site-packages/airflow/example_dags/plugins/workday.py
[2022-12-21 21:52:46,192] {processor.py:161} INFO - Processing /home/nayara/Downloads/EngDados/ALURA/api_twitter/venv/lib/python3.9/site-packages/airflow/example_dags/plugins/workday.py took 0.136 seconds
[2022-12-21 21:53:21,915] {processor.py:153} INFO - Started process (PID=18230) to work on /home/nayara/Downloads/EngDados/ALURA/api_twitter/venv/lib/python3.9/site-packages/airflow/example_dags/plugins/workday.py
[2022-12-21 21:53:21,944] {processor.py:641} INFO - Processing file /home/nayara/Downloads/EngDados/ALURA/api_twitter/venv/lib/python3.9/site-packages/airflow/example_dags/plugins/workday.py for tasks to queue
[2022-12-21 21:53:21,949] {logging_mixin.py:115} INFO - [2022-12-21 21:53:21,948] {dagbag.py:507} INFO - Filling up the DagBag from /home/nayara/Downloads/EngDados/ALURA/api_twitter/venv/lib/python3.9/site-packages/airflow/example_dags/plugins/workday.py
[2022-12-21 21:53:21,964] {processor.py:653} WARNING - No viable dags retrieved from /home/nayara/Downloads/EngDados/ALURA/api_twitter/venv/lib/python3.9/site-packages/airflow/example_dags/plugins/workday.py
[2022-12-21 21:53:22,012] {processor.py:161} INFO - Processing /home/nayara/Downloads/EngDados/ALURA/api_twitter/venv/lib/python3.9/site-packages/airflow/example_dags/plugins/workday.py took 0.107 seconds
[2022-12-21 21:53:55,698] {processor.py:153} INFO - Started process (PID=18342) to work on /home/nayara/Downloads/EngDados/ALURA/api_twitter/venv/lib/python3.9/site-packages/airflow/example_dags/plugins/workday.py
[2022-12-21 21:53:55,777] {processor.py:641} INFO - Processing file /home/nayara/Downloads/EngDados/ALURA/api_twitter/venv/lib/python3.9/site-packages/airflow/example_dags/plugins/workday.py for tasks to queue
[2022-12-21 21:53:55,780] {logging_mixin.py:115} INFO - [2022-12-21 21:53:55,779] {dagbag.py:507} INFO - Filling up the DagBag from /home/nayara/Downloads/EngDados/ALURA/api_twitter/venv/lib/python3.9/site-packages/airflow/example_dags/plugins/workday.py
[2022-12-21 21:53:55,791] {processor.py:653} WARNING - No viable dags retrieved from /home/nayara/Downloads/EngDados/ALURA/api_twitter/venv/lib/python3.9/site-packages/airflow/example_dags/plugins/workday.py
[2022-12-21 21:53:55,845] {processor.py:161} INFO - Processing /home/nayara/Downloads/EngDados/ALURA/api_twitter/venv/lib/python3.9/site-packages/airflow/example_dags/plugins/workday.py took 0.156 seconds
[2022-12-21 21:54:29,664] {processor.py:153} INFO - Started process (PID=18403) to work on /home/nayara/Downloads/EngDados/ALURA/api_twitter/venv/lib/python3.9/site-packages/airflow/example_dags/plugins/workday.py
[2022-12-21 21:54:29,683] {processor.py:641} INFO - Processing file /home/nayara/Downloads/EngDados/ALURA/api_twitter/venv/lib/python3.9/site-packages/airflow/example_dags/plugins/workday.py for tasks to queue
[2022-12-21 21:54:29,684] {logging_mixin.py:115} INFO - [2022-12-21 21:54:29,684] {dagbag.py:507} INFO - Filling up the DagBag from /home/nayara/Downloads/EngDados/ALURA/api_twitter/venv/lib/python3.9/site-packages/airflow/example_dags/plugins/workday.py
[2022-12-21 21:54:29,688] {processor.py:653} WARNING - No viable dags retrieved from /home/nayara/Downloads/EngDados/ALURA/api_twitter/venv/lib/python3.9/site-packages/airflow/example_dags/plugins/workday.py
[2022-12-21 21:54:29,706] {processor.py:161} INFO - Processing /home/nayara/Downloads/EngDados/ALURA/api_twitter/venv/lib/python3.9/site-packages/airflow/example_dags/plugins/workday.py took 0.054 seconds
[2022-12-21 21:55:04,392] {processor.py:153} INFO - Started process (PID=18473) to work on /home/nayara/Downloads/EngDados/ALURA/api_twitter/venv/lib/python3.9/site-packages/airflow/example_dags/plugins/workday.py
[2022-12-21 21:55:04,401] {processor.py:641} INFO - Processing file /home/nayara/Downloads/EngDados/ALURA/api_twitter/venv/lib/python3.9/site-packages/airflow/example_dags/plugins/workday.py for tasks to queue
[2022-12-21 21:55:04,401] {logging_mixin.py:115} INFO - [2022-12-21 21:55:04,401] {dagbag.py:507} INFO - Filling up the DagBag from /home/nayara/Downloads/EngDados/ALURA/api_twitter/venv/lib/python3.9/site-packages/airflow/example_dags/plugins/workday.py
[2022-12-21 21:55:04,404] {processor.py:653} WARNING - No viable dags retrieved from /home/nayara/Downloads/EngDados/ALURA/api_twitter/venv/lib/python3.9/site-packages/airflow/example_dags/plugins/workday.py
[2022-12-21 21:55:04,420] {processor.py:161} INFO - Processing /home/nayara/Downloads/EngDados/ALURA/api_twitter/venv/lib/python3.9/site-packages/airflow/example_dags/plugins/workday.py took 0.032 seconds
