[2022-12-22 00:49:42,562] {processor.py:153} INFO - Started process (PID=27517) to work on /home/nayara/Downloads/EngDados/ALURA/api_twitter/airflow_pipeline/dags/twitter_dag.py
[2022-12-22 00:49:42,563] {processor.py:641} INFO - Processing file /home/nayara/Downloads/EngDados/ALURA/api_twitter/airflow_pipeline/dags/twitter_dag.py for tasks to queue
[2022-12-22 00:49:42,564] {logging_mixin.py:115} INFO - [2022-12-22 00:49:42,564] {dagbag.py:507} INFO - Filling up the DagBag from /home/nayara/Downloads/EngDados/ALURA/api_twitter/airflow_pipeline/dags/twitter_dag.py
[2022-12-22 00:49:42,623] {processor.py:651} INFO - DAG(s) dict_keys(['TwitterTest']) retrieved from /home/nayara/Downloads/EngDados/ALURA/api_twitter/airflow_pipeline/dags/twitter_dag.py
[2022-12-22 00:49:43,204] {logging_mixin.py:115} INFO - [2022-12-22 00:49:43,204] {manager.py:508} INFO - Created Permission View: can read on DAG:TwitterTest
[2022-12-22 00:49:43,502] {logging_mixin.py:115} INFO - [2022-12-22 00:49:43,501] {manager.py:508} INFO - Created Permission View: can edit on DAG:TwitterTest
[2022-12-22 00:49:43,788] {logging_mixin.py:115} INFO - [2022-12-22 00:49:43,788] {manager.py:508} INFO - Created Permission View: can delete on DAG:TwitterTest
[2022-12-22 00:49:43,793] {logging_mixin.py:115} INFO - [2022-12-22 00:49:43,793] {dag.py:2379} INFO - Sync 1 DAGs
[2022-12-22 00:49:43,854] {logging_mixin.py:115} INFO - [2022-12-22 00:49:43,854] {dag.py:2398} INFO - Creating ORM DAG for TwitterTest
[2022-12-22 00:49:43,942] {logging_mixin.py:115} INFO - [2022-12-22 00:49:43,942] {dag.py:2927} INFO - Setting next_dagrun for TwitterTest to 2022-12-22T00:49:42.607923+00:00, run_after=2022-12-23T00:49:42.607923+00:00
[2022-12-22 00:49:44,436] {processor.py:161} INFO - Processing /home/nayara/Downloads/EngDados/ALURA/api_twitter/airflow_pipeline/dags/twitter_dag.py took 1.878 seconds
[2022-12-22 00:50:15,196] {processor.py:153} INFO - Started process (PID=27751) to work on /home/nayara/Downloads/EngDados/ALURA/api_twitter/airflow_pipeline/dags/twitter_dag.py
[2022-12-22 00:50:15,205] {processor.py:641} INFO - Processing file /home/nayara/Downloads/EngDados/ALURA/api_twitter/airflow_pipeline/dags/twitter_dag.py for tasks to queue
[2022-12-22 00:50:15,206] {logging_mixin.py:115} INFO - [2022-12-22 00:50:15,206] {dagbag.py:507} INFO - Filling up the DagBag from /home/nayara/Downloads/EngDados/ALURA/api_twitter/airflow_pipeline/dags/twitter_dag.py
[2022-12-22 00:50:15,233] {processor.py:651} INFO - DAG(s) dict_keys(['TwitterTest']) retrieved from /home/nayara/Downloads/EngDados/ALURA/api_twitter/airflow_pipeline/dags/twitter_dag.py
[2022-12-22 00:50:15,332] {logging_mixin.py:115} INFO - [2022-12-22 00:50:15,332] {dag.py:2379} INFO - Sync 1 DAGs
[2022-12-22 00:50:15,430] {logging_mixin.py:115} INFO - [2022-12-22 00:50:15,430] {dag.py:2927} INFO - Setting next_dagrun for TwitterTest to 2022-12-22T00:50:15.231256+00:00, run_after=2022-12-23T00:50:15.231256+00:00
[2022-12-22 00:50:16,249] {processor.py:161} INFO - Processing /home/nayara/Downloads/EngDados/ALURA/api_twitter/airflow_pipeline/dags/twitter_dag.py took 1.056 seconds
[2022-12-22 00:50:47,786] {processor.py:153} INFO - Started process (PID=27956) to work on /home/nayara/Downloads/EngDados/ALURA/api_twitter/airflow_pipeline/dags/twitter_dag.py
[2022-12-22 00:50:47,787] {processor.py:641} INFO - Processing file /home/nayara/Downloads/EngDados/ALURA/api_twitter/airflow_pipeline/dags/twitter_dag.py for tasks to queue
[2022-12-22 00:50:47,788] {logging_mixin.py:115} INFO - [2022-12-22 00:50:47,788] {dagbag.py:507} INFO - Filling up the DagBag from /home/nayara/Downloads/EngDados/ALURA/api_twitter/airflow_pipeline/dags/twitter_dag.py
[2022-12-22 00:50:47,802] {processor.py:651} INFO - DAG(s) dict_keys(['TwitterTest']) retrieved from /home/nayara/Downloads/EngDados/ALURA/api_twitter/airflow_pipeline/dags/twitter_dag.py
[2022-12-22 00:50:48,134] {logging_mixin.py:115} INFO - [2022-12-22 00:50:48,134] {dag.py:2379} INFO - Sync 1 DAGs
[2022-12-22 00:50:48,169] {logging_mixin.py:115} INFO - [2022-12-22 00:50:48,169] {dag.py:2927} INFO - Setting next_dagrun for TwitterTest to 2022-12-22T00:50:47.799384+00:00, run_after=2022-12-23T00:50:47.799384+00:00
[2022-12-22 00:50:49,059] {processor.py:161} INFO - Processing /home/nayara/Downloads/EngDados/ALURA/api_twitter/airflow_pipeline/dags/twitter_dag.py took 1.288 seconds
[2022-12-22 00:51:20,180] {processor.py:153} INFO - Started process (PID=28176) to work on /home/nayara/Downloads/EngDados/ALURA/api_twitter/airflow_pipeline/dags/twitter_dag.py
[2022-12-22 00:51:20,186] {processor.py:641} INFO - Processing file /home/nayara/Downloads/EngDados/ALURA/api_twitter/airflow_pipeline/dags/twitter_dag.py for tasks to queue
[2022-12-22 00:51:20,189] {logging_mixin.py:115} INFO - [2022-12-22 00:51:20,188] {dagbag.py:507} INFO - Filling up the DagBag from /home/nayara/Downloads/EngDados/ALURA/api_twitter/airflow_pipeline/dags/twitter_dag.py
[2022-12-22 00:51:20,226] {processor.py:651} INFO - DAG(s) dict_keys(['TwitterTest']) retrieved from /home/nayara/Downloads/EngDados/ALURA/api_twitter/airflow_pipeline/dags/twitter_dag.py
[2022-12-22 00:51:20,322] {logging_mixin.py:115} INFO - [2022-12-22 00:51:20,321] {dag.py:2379} INFO - Sync 1 DAGs
[2022-12-22 00:51:20,346] {logging_mixin.py:115} INFO - [2022-12-22 00:51:20,345] {dag.py:2927} INFO - Setting next_dagrun for TwitterTest to 2022-12-22T00:51:20.218946+00:00, run_after=2022-12-23T00:51:20.218946+00:00
[2022-12-22 00:51:20,668] {processor.py:161} INFO - Processing /home/nayara/Downloads/EngDados/ALURA/api_twitter/airflow_pipeline/dags/twitter_dag.py took 0.504 seconds
[2022-12-22 00:51:52,085] {processor.py:153} INFO - Started process (PID=28381) to work on /home/nayara/Downloads/EngDados/ALURA/api_twitter/airflow_pipeline/dags/twitter_dag.py
[2022-12-22 00:51:52,087] {processor.py:641} INFO - Processing file /home/nayara/Downloads/EngDados/ALURA/api_twitter/airflow_pipeline/dags/twitter_dag.py for tasks to queue
[2022-12-22 00:51:52,091] {logging_mixin.py:115} INFO - [2022-12-22 00:51:52,091] {dagbag.py:507} INFO - Filling up the DagBag from /home/nayara/Downloads/EngDados/ALURA/api_twitter/airflow_pipeline/dags/twitter_dag.py
[2022-12-22 00:51:52,122] {processor.py:651} INFO - DAG(s) dict_keys(['TwitterTest']) retrieved from /home/nayara/Downloads/EngDados/ALURA/api_twitter/airflow_pipeline/dags/twitter_dag.py
[2022-12-22 00:51:52,210] {logging_mixin.py:115} INFO - [2022-12-22 00:51:52,210] {dag.py:2379} INFO - Sync 1 DAGs
[2022-12-22 00:51:52,254] {logging_mixin.py:115} INFO - [2022-12-22 00:51:52,254] {dag.py:2927} INFO - Setting next_dagrun for TwitterTest to 2022-12-22T00:51:52.118395+00:00, run_after=2022-12-23T00:51:52.118395+00:00
[2022-12-22 00:51:52,773] {processor.py:161} INFO - Processing /home/nayara/Downloads/EngDados/ALURA/api_twitter/airflow_pipeline/dags/twitter_dag.py took 0.711 seconds
[2022-12-22 00:52:23,513] {processor.py:153} INFO - Started process (PID=28391) to work on /home/nayara/Downloads/EngDados/ALURA/api_twitter/airflow_pipeline/dags/twitter_dag.py
[2022-12-22 00:52:23,541] {processor.py:641} INFO - Processing file /home/nayara/Downloads/EngDados/ALURA/api_twitter/airflow_pipeline/dags/twitter_dag.py for tasks to queue
[2022-12-22 00:52:23,544] {logging_mixin.py:115} INFO - [2022-12-22 00:52:23,544] {dagbag.py:507} INFO - Filling up the DagBag from /home/nayara/Downloads/EngDados/ALURA/api_twitter/airflow_pipeline/dags/twitter_dag.py
[2022-12-22 00:52:23,580] {processor.py:651} INFO - DAG(s) dict_keys(['TwitterTest']) retrieved from /home/nayara/Downloads/EngDados/ALURA/api_twitter/airflow_pipeline/dags/twitter_dag.py
[2022-12-22 00:52:23,651] {logging_mixin.py:115} INFO - [2022-12-22 00:52:23,651] {dag.py:2379} INFO - Sync 1 DAGs
[2022-12-22 00:52:23,676] {logging_mixin.py:115} INFO - [2022-12-22 00:52:23,675] {dag.py:2927} INFO - Setting next_dagrun for TwitterTest to 2022-12-22T00:52:23.574680+00:00, run_after=2022-12-23T00:52:23.574680+00:00
[2022-12-22 00:52:23,994] {processor.py:161} INFO - Processing /home/nayara/Downloads/EngDados/ALURA/api_twitter/airflow_pipeline/dags/twitter_dag.py took 0.496 seconds
[2022-12-22 00:52:58,550] {processor.py:153} INFO - Started process (PID=28630) to work on /home/nayara/Downloads/EngDados/ALURA/api_twitter/airflow_pipeline/dags/twitter_dag.py
[2022-12-22 00:52:58,558] {processor.py:641} INFO - Processing file /home/nayara/Downloads/EngDados/ALURA/api_twitter/airflow_pipeline/dags/twitter_dag.py for tasks to queue
[2022-12-22 00:52:58,560] {logging_mixin.py:115} INFO - [2022-12-22 00:52:58,559] {dagbag.py:507} INFO - Filling up the DagBag from /home/nayara/Downloads/EngDados/ALURA/api_twitter/airflow_pipeline/dags/twitter_dag.py
[2022-12-22 00:52:58,571] {processor.py:651} INFO - DAG(s) dict_keys(['TwitterTest']) retrieved from /home/nayara/Downloads/EngDados/ALURA/api_twitter/airflow_pipeline/dags/twitter_dag.py
[2022-12-22 00:52:58,635] {logging_mixin.py:115} INFO - [2022-12-22 00:52:58,635] {dag.py:2379} INFO - Sync 1 DAGs
[2022-12-22 00:52:58,661] {logging_mixin.py:115} INFO - [2022-12-22 00:52:58,661] {dag.py:2927} INFO - Setting next_dagrun for TwitterTest to 2022-12-22T00:52:58.569091+00:00, run_after=2022-12-23T00:52:58.569091+00:00
[2022-12-22 00:52:59,010] {processor.py:161} INFO - Processing /home/nayara/Downloads/EngDados/ALURA/api_twitter/airflow_pipeline/dags/twitter_dag.py took 0.464 seconds
[2022-12-22 00:53:29,760] {processor.py:153} INFO - Started process (PID=28734) to work on /home/nayara/Downloads/EngDados/ALURA/api_twitter/airflow_pipeline/dags/twitter_dag.py
[2022-12-22 00:53:29,761] {processor.py:641} INFO - Processing file /home/nayara/Downloads/EngDados/ALURA/api_twitter/airflow_pipeline/dags/twitter_dag.py for tasks to queue
[2022-12-22 00:53:29,763] {logging_mixin.py:115} INFO - [2022-12-22 00:53:29,762] {dagbag.py:507} INFO - Filling up the DagBag from /home/nayara/Downloads/EngDados/ALURA/api_twitter/airflow_pipeline/dags/twitter_dag.py
[2022-12-22 00:53:29,775] {processor.py:651} INFO - DAG(s) dict_keys(['TwitterTest']) retrieved from /home/nayara/Downloads/EngDados/ALURA/api_twitter/airflow_pipeline/dags/twitter_dag.py
[2022-12-22 00:53:29,836] {logging_mixin.py:115} INFO - [2022-12-22 00:53:29,836] {dag.py:2379} INFO - Sync 1 DAGs
[2022-12-22 00:53:29,862] {logging_mixin.py:115} INFO - [2022-12-22 00:53:29,861] {dag.py:2927} INFO - Setting next_dagrun for TwitterTest to 2022-12-22T00:53:29.772878+00:00, run_after=2022-12-23T00:53:29.772878+00:00
[2022-12-22 00:53:30,198] {processor.py:161} INFO - Processing /home/nayara/Downloads/EngDados/ALURA/api_twitter/airflow_pipeline/dags/twitter_dag.py took 0.448 seconds
[2022-12-22 00:54:01,277] {processor.py:153} INFO - Started process (PID=28863) to work on /home/nayara/Downloads/EngDados/ALURA/api_twitter/airflow_pipeline/dags/twitter_dag.py
[2022-12-22 00:54:01,292] {processor.py:641} INFO - Processing file /home/nayara/Downloads/EngDados/ALURA/api_twitter/airflow_pipeline/dags/twitter_dag.py for tasks to queue
[2022-12-22 00:54:01,296] {logging_mixin.py:115} INFO - [2022-12-22 00:54:01,295] {dagbag.py:507} INFO - Filling up the DagBag from /home/nayara/Downloads/EngDados/ALURA/api_twitter/airflow_pipeline/dags/twitter_dag.py
[2022-12-22 00:54:01,341] {processor.py:651} INFO - DAG(s) dict_keys(['TwitterTest']) retrieved from /home/nayara/Downloads/EngDados/ALURA/api_twitter/airflow_pipeline/dags/twitter_dag.py
[2022-12-22 00:54:01,423] {logging_mixin.py:115} INFO - [2022-12-22 00:54:01,423] {dag.py:2379} INFO - Sync 1 DAGs
[2022-12-22 00:54:01,451] {logging_mixin.py:115} INFO - [2022-12-22 00:54:01,451] {dag.py:2927} INFO - Setting next_dagrun for TwitterTest to 2022-12-22T00:54:01.332125+00:00, run_after=2022-12-23T00:54:01.332125+00:00
[2022-12-22 00:54:01,803] {processor.py:161} INFO - Processing /home/nayara/Downloads/EngDados/ALURA/api_twitter/airflow_pipeline/dags/twitter_dag.py took 0.544 seconds
[2022-12-22 00:54:33,296] {processor.py:153} INFO - Started process (PID=28891) to work on /home/nayara/Downloads/EngDados/ALURA/api_twitter/airflow_pipeline/dags/twitter_dag.py
[2022-12-22 00:54:33,310] {processor.py:641} INFO - Processing file /home/nayara/Downloads/EngDados/ALURA/api_twitter/airflow_pipeline/dags/twitter_dag.py for tasks to queue
[2022-12-22 00:54:33,364] {logging_mixin.py:115} INFO - [2022-12-22 00:54:33,364] {dagbag.py:507} INFO - Filling up the DagBag from /home/nayara/Downloads/EngDados/ALURA/api_twitter/airflow_pipeline/dags/twitter_dag.py
[2022-12-22 00:54:34,293] {processor.py:651} INFO - DAG(s) dict_keys(['TwitterTest']) retrieved from /home/nayara/Downloads/EngDados/ALURA/api_twitter/airflow_pipeline/dags/twitter_dag.py
[2022-12-22 00:54:41,849] {logging_mixin.py:115} INFO - [2022-12-22 00:54:41,849] {dag.py:2379} INFO - Sync 1 DAGs
[2022-12-22 00:54:43,036] {logging_mixin.py:115} INFO - [2022-12-22 00:54:43,035] {dag.py:2927} INFO - Setting next_dagrun for TwitterTest to 2022-12-22T00:54:34.100924+00:00, run_after=2022-12-23T00:54:34.100924+00:00
[2022-12-22 00:54:43,611] {processor.py:161} INFO - Processing /home/nayara/Downloads/EngDados/ALURA/api_twitter/airflow_pipeline/dags/twitter_dag.py took 10.343 seconds
[2022-12-22 00:55:14,394] {processor.py:153} INFO - Started process (PID=28974) to work on /home/nayara/Downloads/EngDados/ALURA/api_twitter/airflow_pipeline/dags/twitter_dag.py
[2022-12-22 00:55:14,402] {processor.py:641} INFO - Processing file /home/nayara/Downloads/EngDados/ALURA/api_twitter/airflow_pipeline/dags/twitter_dag.py for tasks to queue
[2022-12-22 00:55:14,403] {logging_mixin.py:115} INFO - [2022-12-22 00:55:14,403] {dagbag.py:507} INFO - Filling up the DagBag from /home/nayara/Downloads/EngDados/ALURA/api_twitter/airflow_pipeline/dags/twitter_dag.py
[2022-12-22 00:55:14,413] {processor.py:651} INFO - DAG(s) dict_keys(['TwitterTest']) retrieved from /home/nayara/Downloads/EngDados/ALURA/api_twitter/airflow_pipeline/dags/twitter_dag.py
[2022-12-22 00:55:14,505] {logging_mixin.py:115} INFO - [2022-12-22 00:55:14,505] {dag.py:2379} INFO - Sync 1 DAGs
[2022-12-22 00:55:14,542] {logging_mixin.py:115} INFO - [2022-12-22 00:55:14,541] {dag.py:2927} INFO - Setting next_dagrun for TwitterTest to 2022-12-22T00:55:14.411494+00:00, run_after=2022-12-23T00:55:14.411494+00:00
[2022-12-22 00:55:14,859] {processor.py:161} INFO - Processing /home/nayara/Downloads/EngDados/ALURA/api_twitter/airflow_pipeline/dags/twitter_dag.py took 0.469 seconds
[2022-12-22 00:55:45,342] {processor.py:153} INFO - Started process (PID=28993) to work on /home/nayara/Downloads/EngDados/ALURA/api_twitter/airflow_pipeline/dags/twitter_dag.py
[2022-12-22 00:55:45,342] {processor.py:641} INFO - Processing file /home/nayara/Downloads/EngDados/ALURA/api_twitter/airflow_pipeline/dags/twitter_dag.py for tasks to queue
[2022-12-22 00:55:45,343] {logging_mixin.py:115} INFO - [2022-12-22 00:55:45,343] {dagbag.py:507} INFO - Filling up the DagBag from /home/nayara/Downloads/EngDados/ALURA/api_twitter/airflow_pipeline/dags/twitter_dag.py
[2022-12-22 00:55:45,352] {processor.py:651} INFO - DAG(s) dict_keys(['TwitterTest']) retrieved from /home/nayara/Downloads/EngDados/ALURA/api_twitter/airflow_pipeline/dags/twitter_dag.py
[2022-12-22 00:55:45,407] {logging_mixin.py:115} INFO - [2022-12-22 00:55:45,407] {dag.py:2379} INFO - Sync 1 DAGs
[2022-12-22 00:55:45,444] {logging_mixin.py:115} INFO - [2022-12-22 00:55:45,444] {dag.py:2927} INFO - Setting next_dagrun for TwitterTest to 2022-12-22T00:55:45.349930+00:00, run_after=2022-12-23T00:55:45.349930+00:00
[2022-12-22 00:55:45,919] {processor.py:161} INFO - Processing /home/nayara/Downloads/EngDados/ALURA/api_twitter/airflow_pipeline/dags/twitter_dag.py took 0.581 seconds
[2022-12-22 00:56:16,162] {processor.py:153} INFO - Started process (PID=29007) to work on /home/nayara/Downloads/EngDados/ALURA/api_twitter/airflow_pipeline/dags/twitter_dag.py
[2022-12-22 00:56:16,187] {processor.py:641} INFO - Processing file /home/nayara/Downloads/EngDados/ALURA/api_twitter/airflow_pipeline/dags/twitter_dag.py for tasks to queue
[2022-12-22 00:56:16,188] {logging_mixin.py:115} INFO - [2022-12-22 00:56:16,188] {dagbag.py:507} INFO - Filling up the DagBag from /home/nayara/Downloads/EngDados/ALURA/api_twitter/airflow_pipeline/dags/twitter_dag.py
[2022-12-22 00:56:16,222] {processor.py:651} INFO - DAG(s) dict_keys(['TwitterTest']) retrieved from /home/nayara/Downloads/EngDados/ALURA/api_twitter/airflow_pipeline/dags/twitter_dag.py
[2022-12-22 00:56:16,285] {logging_mixin.py:115} INFO - [2022-12-22 00:56:16,285] {dag.py:2379} INFO - Sync 1 DAGs
[2022-12-22 00:56:16,326] {logging_mixin.py:115} INFO - [2022-12-22 00:56:16,326] {dag.py:2927} INFO - Setting next_dagrun for TwitterTest to 2022-12-22T00:56:16.201334+00:00, run_after=2022-12-23T00:56:16.201334+00:00
[2022-12-22 00:56:16,677] {processor.py:161} INFO - Processing /home/nayara/Downloads/EngDados/ALURA/api_twitter/airflow_pipeline/dags/twitter_dag.py took 0.541 seconds
[2022-12-22 00:56:46,883] {processor.py:153} INFO - Started process (PID=29014) to work on /home/nayara/Downloads/EngDados/ALURA/api_twitter/airflow_pipeline/dags/twitter_dag.py
[2022-12-22 00:56:46,899] {processor.py:641} INFO - Processing file /home/nayara/Downloads/EngDados/ALURA/api_twitter/airflow_pipeline/dags/twitter_dag.py for tasks to queue
[2022-12-22 00:56:46,901] {logging_mixin.py:115} INFO - [2022-12-22 00:56:46,900] {dagbag.py:507} INFO - Filling up the DagBag from /home/nayara/Downloads/EngDados/ALURA/api_twitter/airflow_pipeline/dags/twitter_dag.py
[2022-12-22 00:56:46,949] {processor.py:651} INFO - DAG(s) dict_keys(['TwitterDag']) retrieved from /home/nayara/Downloads/EngDados/ALURA/api_twitter/airflow_pipeline/dags/twitter_dag.py
[2022-12-22 00:56:48,434] {logging_mixin.py:115} INFO - [2022-12-22 00:56:48,433] {manager.py:508} INFO - Created Permission View: can read on DAG:TwitterDag
[2022-12-22 00:56:49,237] {logging_mixin.py:115} INFO - [2022-12-22 00:56:49,237] {manager.py:508} INFO - Created Permission View: can edit on DAG:TwitterDag
[2022-12-22 00:56:49,877] {logging_mixin.py:115} INFO - [2022-12-22 00:56:49,877] {manager.py:508} INFO - Created Permission View: can delete on DAG:TwitterDag
[2022-12-22 00:56:49,878] {logging_mixin.py:115} INFO - [2022-12-22 00:56:49,878] {dag.py:2379} INFO - Sync 1 DAGs
[2022-12-22 00:56:49,967] {logging_mixin.py:115} INFO - [2022-12-22 00:56:49,967] {dag.py:2398} INFO - Creating ORM DAG for TwitterDag
[2022-12-22 00:56:50,010] {logging_mixin.py:115} INFO - [2022-12-22 00:56:50,010] {dag.py:2927} INFO - Setting next_dagrun for TwitterDag to 2022-12-22T00:56:46.918181+00:00, run_after=2022-12-23T00:56:46.918181+00:00
[2022-12-22 00:56:50,731] {processor.py:161} INFO - Processing /home/nayara/Downloads/EngDados/ALURA/api_twitter/airflow_pipeline/dags/twitter_dag.py took 3.862 seconds
[2022-12-22 00:57:21,009] {processor.py:153} INFO - Started process (PID=29052) to work on /home/nayara/Downloads/EngDados/ALURA/api_twitter/airflow_pipeline/dags/twitter_dag.py
[2022-12-22 00:57:21,029] {processor.py:641} INFO - Processing file /home/nayara/Downloads/EngDados/ALURA/api_twitter/airflow_pipeline/dags/twitter_dag.py for tasks to queue
[2022-12-22 00:57:21,031] {logging_mixin.py:115} INFO - [2022-12-22 00:57:21,030] {dagbag.py:507} INFO - Filling up the DagBag from /home/nayara/Downloads/EngDados/ALURA/api_twitter/airflow_pipeline/dags/twitter_dag.py
[2022-12-22 00:57:21,070] {processor.py:651} INFO - DAG(s) dict_keys(['TwitterDag']) retrieved from /home/nayara/Downloads/EngDados/ALURA/api_twitter/airflow_pipeline/dags/twitter_dag.py
[2022-12-22 00:57:21,153] {logging_mixin.py:115} INFO - [2022-12-22 00:57:21,153] {dag.py:2379} INFO - Sync 1 DAGs
[2022-12-22 00:57:21,201] {logging_mixin.py:115} INFO - [2022-12-22 00:57:21,200] {dag.py:2927} INFO - Setting next_dagrun for TwitterDag to 2022-12-22T00:57:21.060441+00:00, run_after=2022-12-23T00:57:21.060441+00:00
[2022-12-22 00:57:21,541] {processor.py:161} INFO - Processing /home/nayara/Downloads/EngDados/ALURA/api_twitter/airflow_pipeline/dags/twitter_dag.py took 0.546 seconds
[2022-12-22 00:57:51,736] {processor.py:153} INFO - Started process (PID=29058) to work on /home/nayara/Downloads/EngDados/ALURA/api_twitter/airflow_pipeline/dags/twitter_dag.py
[2022-12-22 00:57:51,737] {processor.py:641} INFO - Processing file /home/nayara/Downloads/EngDados/ALURA/api_twitter/airflow_pipeline/dags/twitter_dag.py for tasks to queue
[2022-12-22 00:57:51,738] {logging_mixin.py:115} INFO - [2022-12-22 00:57:51,737] {dagbag.py:507} INFO - Filling up the DagBag from /home/nayara/Downloads/EngDados/ALURA/api_twitter/airflow_pipeline/dags/twitter_dag.py
[2022-12-22 00:57:51,747] {processor.py:651} INFO - DAG(s) dict_keys(['TwitterDag']) retrieved from /home/nayara/Downloads/EngDados/ALURA/api_twitter/airflow_pipeline/dags/twitter_dag.py
[2022-12-22 00:57:51,810] {logging_mixin.py:115} INFO - [2022-12-22 00:57:51,810] {dag.py:2379} INFO - Sync 1 DAGs
[2022-12-22 00:57:51,838] {logging_mixin.py:115} INFO - [2022-12-22 00:57:51,838] {dag.py:2927} INFO - Setting next_dagrun for TwitterDag to 2022-12-22T00:57:51.744497+00:00, run_after=2022-12-23T00:57:51.744497+00:00
[2022-12-22 00:57:52,178] {processor.py:161} INFO - Processing /home/nayara/Downloads/EngDados/ALURA/api_twitter/airflow_pipeline/dags/twitter_dag.py took 0.446 seconds
[2022-12-22 00:58:22,407] {processor.py:153} INFO - Started process (PID=29061) to work on /home/nayara/Downloads/EngDados/ALURA/api_twitter/airflow_pipeline/dags/twitter_dag.py
[2022-12-22 00:58:22,422] {processor.py:641} INFO - Processing file /home/nayara/Downloads/EngDados/ALURA/api_twitter/airflow_pipeline/dags/twitter_dag.py for tasks to queue
[2022-12-22 00:58:22,425] {logging_mixin.py:115} INFO - [2022-12-22 00:58:22,425] {dagbag.py:507} INFO - Filling up the DagBag from /home/nayara/Downloads/EngDados/ALURA/api_twitter/airflow_pipeline/dags/twitter_dag.py
[2022-12-22 00:58:22,460] {processor.py:651} INFO - DAG(s) dict_keys(['TwitterDag']) retrieved from /home/nayara/Downloads/EngDados/ALURA/api_twitter/airflow_pipeline/dags/twitter_dag.py
[2022-12-22 00:58:22,537] {logging_mixin.py:115} INFO - [2022-12-22 00:58:22,537] {dag.py:2379} INFO - Sync 1 DAGs
[2022-12-22 00:58:22,565] {logging_mixin.py:115} INFO - [2022-12-22 00:58:22,565] {dag.py:2927} INFO - Setting next_dagrun for TwitterDag to 2022-12-22T00:58:22.455323+00:00, run_after=2022-12-23T00:58:22.455323+00:00
[2022-12-22 00:58:22,910] {processor.py:161} INFO - Processing /home/nayara/Downloads/EngDados/ALURA/api_twitter/airflow_pipeline/dags/twitter_dag.py took 0.521 seconds
[2022-12-22 00:58:53,705] {processor.py:153} INFO - Started process (PID=29064) to work on /home/nayara/Downloads/EngDados/ALURA/api_twitter/airflow_pipeline/dags/twitter_dag.py
[2022-12-22 00:58:53,721] {processor.py:641} INFO - Processing file /home/nayara/Downloads/EngDados/ALURA/api_twitter/airflow_pipeline/dags/twitter_dag.py for tasks to queue
[2022-12-22 00:58:53,722] {logging_mixin.py:115} INFO - [2022-12-22 00:58:53,722] {dagbag.py:507} INFO - Filling up the DagBag from /home/nayara/Downloads/EngDados/ALURA/api_twitter/airflow_pipeline/dags/twitter_dag.py
[2022-12-22 00:58:53,743] {processor.py:651} INFO - DAG(s) dict_keys(['TwitterDag']) retrieved from /home/nayara/Downloads/EngDados/ALURA/api_twitter/airflow_pipeline/dags/twitter_dag.py
[2022-12-22 00:58:53,847] {logging_mixin.py:115} INFO - [2022-12-22 00:58:53,846] {dag.py:2379} INFO - Sync 1 DAGs
[2022-12-22 00:58:53,872] {logging_mixin.py:115} INFO - [2022-12-22 00:58:53,871] {dag.py:2927} INFO - Setting next_dagrun for TwitterDag to 2022-12-22T00:58:53.738904+00:00, run_after=2022-12-23T00:58:53.738904+00:00
[2022-12-22 00:58:54,271] {processor.py:161} INFO - Processing /home/nayara/Downloads/EngDados/ALURA/api_twitter/airflow_pipeline/dags/twitter_dag.py took 0.573 seconds
[2022-12-22 00:59:24,469] {processor.py:153} INFO - Started process (PID=29068) to work on /home/nayara/Downloads/EngDados/ALURA/api_twitter/airflow_pipeline/dags/twitter_dag.py
[2022-12-22 00:59:24,482] {processor.py:641} INFO - Processing file /home/nayara/Downloads/EngDados/ALURA/api_twitter/airflow_pipeline/dags/twitter_dag.py for tasks to queue
[2022-12-22 00:59:24,485] {logging_mixin.py:115} INFO - [2022-12-22 00:59:24,485] {dagbag.py:507} INFO - Filling up the DagBag from /home/nayara/Downloads/EngDados/ALURA/api_twitter/airflow_pipeline/dags/twitter_dag.py
[2022-12-22 00:59:24,526] {processor.py:651} INFO - DAG(s) dict_keys(['TwitterDag']) retrieved from /home/nayara/Downloads/EngDados/ALURA/api_twitter/airflow_pipeline/dags/twitter_dag.py
[2022-12-22 00:59:24,600] {logging_mixin.py:115} INFO - [2022-12-22 00:59:24,600] {dag.py:2379} INFO - Sync 1 DAGs
[2022-12-22 00:59:24,624] {logging_mixin.py:115} INFO - [2022-12-22 00:59:24,624] {dag.py:2927} INFO - Setting next_dagrun for TwitterDag to 2022-12-22T00:59:24.518128+00:00, run_after=2022-12-23T00:59:24.518128+00:00
[2022-12-22 00:59:24,878] {processor.py:161} INFO - Processing /home/nayara/Downloads/EngDados/ALURA/api_twitter/airflow_pipeline/dags/twitter_dag.py took 0.426 seconds
[2022-12-22 00:59:55,055] {processor.py:153} INFO - Started process (PID=29197) to work on /home/nayara/Downloads/EngDados/ALURA/api_twitter/airflow_pipeline/dags/twitter_dag.py
[2022-12-22 00:59:55,056] {processor.py:641} INFO - Processing file /home/nayara/Downloads/EngDados/ALURA/api_twitter/airflow_pipeline/dags/twitter_dag.py for tasks to queue
[2022-12-22 00:59:55,059] {logging_mixin.py:115} INFO - [2022-12-22 00:59:55,058] {dagbag.py:507} INFO - Filling up the DagBag from /home/nayara/Downloads/EngDados/ALURA/api_twitter/airflow_pipeline/dags/twitter_dag.py
[2022-12-22 00:59:55,071] {processor.py:651} INFO - DAG(s) dict_keys(['TwitterDag']) retrieved from /home/nayara/Downloads/EngDados/ALURA/api_twitter/airflow_pipeline/dags/twitter_dag.py
[2022-12-22 00:59:55,150] {logging_mixin.py:115} INFO - [2022-12-22 00:59:55,149] {dag.py:2379} INFO - Sync 1 DAGs
[2022-12-22 00:59:55,173] {logging_mixin.py:115} INFO - [2022-12-22 00:59:55,173] {dag.py:2927} INFO - Setting next_dagrun for TwitterDag to 2022-12-22T00:59:55.069231+00:00, run_after=2022-12-23T00:59:55.069231+00:00
[2022-12-22 00:59:55,474] {processor.py:161} INFO - Processing /home/nayara/Downloads/EngDados/ALURA/api_twitter/airflow_pipeline/dags/twitter_dag.py took 0.430 seconds
[2022-12-22 01:00:25,854] {processor.py:153} INFO - Started process (PID=29218) to work on /home/nayara/Downloads/EngDados/ALURA/api_twitter/airflow_pipeline/dags/twitter_dag.py
[2022-12-22 01:00:25,861] {processor.py:641} INFO - Processing file /home/nayara/Downloads/EngDados/ALURA/api_twitter/airflow_pipeline/dags/twitter_dag.py for tasks to queue
[2022-12-22 01:00:25,864] {logging_mixin.py:115} INFO - [2022-12-22 01:00:25,863] {dagbag.py:507} INFO - Filling up the DagBag from /home/nayara/Downloads/EngDados/ALURA/api_twitter/airflow_pipeline/dags/twitter_dag.py
[2022-12-22 01:00:25,928] {processor.py:651} INFO - DAG(s) dict_keys(['TwitterDag']) retrieved from /home/nayara/Downloads/EngDados/ALURA/api_twitter/airflow_pipeline/dags/twitter_dag.py
[2022-12-22 01:00:26,290] {logging_mixin.py:115} INFO - [2022-12-22 01:00:26,290] {dag.py:2379} INFO - Sync 1 DAGs
[2022-12-22 01:00:26,392] {logging_mixin.py:115} INFO - [2022-12-22 01:00:26,392] {dag.py:2927} INFO - Setting next_dagrun for TwitterDag to 2022-12-22T01:00:25.916750+00:00, run_after=2022-12-23T01:00:25.916750+00:00
[2022-12-22 01:00:26,783] {processor.py:161} INFO - Processing /home/nayara/Downloads/EngDados/ALURA/api_twitter/airflow_pipeline/dags/twitter_dag.py took 0.971 seconds
[2022-12-22 01:00:57,204] {processor.py:153} INFO - Started process (PID=29255) to work on /home/nayara/Downloads/EngDados/ALURA/api_twitter/airflow_pipeline/dags/twitter_dag.py
[2022-12-22 01:00:57,218] {processor.py:641} INFO - Processing file /home/nayara/Downloads/EngDados/ALURA/api_twitter/airflow_pipeline/dags/twitter_dag.py for tasks to queue
[2022-12-22 01:00:57,220] {logging_mixin.py:115} INFO - [2022-12-22 01:00:57,220] {dagbag.py:507} INFO - Filling up the DagBag from /home/nayara/Downloads/EngDados/ALURA/api_twitter/airflow_pipeline/dags/twitter_dag.py
[2022-12-22 01:00:57,252] {processor.py:651} INFO - DAG(s) dict_keys(['TwitterDag']) retrieved from /home/nayara/Downloads/EngDados/ALURA/api_twitter/airflow_pipeline/dags/twitter_dag.py
[2022-12-22 01:00:57,326] {logging_mixin.py:115} INFO - [2022-12-22 01:00:57,326] {dag.py:2379} INFO - Sync 1 DAGs
[2022-12-22 01:00:57,355] {logging_mixin.py:115} INFO - [2022-12-22 01:00:57,355] {dag.py:2927} INFO - Setting next_dagrun for TwitterDag to 2022-12-22T01:00:57.248418+00:00, run_after=2022-12-23T01:00:57.248418+00:00
[2022-12-22 01:00:57,695] {processor.py:161} INFO - Processing /home/nayara/Downloads/EngDados/ALURA/api_twitter/airflow_pipeline/dags/twitter_dag.py took 0.508 seconds
[2022-12-22 01:01:27,931] {processor.py:153} INFO - Started process (PID=29370) to work on /home/nayara/Downloads/EngDados/ALURA/api_twitter/airflow_pipeline/dags/twitter_dag.py
[2022-12-22 01:01:27,934] {processor.py:641} INFO - Processing file /home/nayara/Downloads/EngDados/ALURA/api_twitter/airflow_pipeline/dags/twitter_dag.py for tasks to queue
[2022-12-22 01:01:27,959] {logging_mixin.py:115} INFO - [2022-12-22 01:01:27,958] {dagbag.py:507} INFO - Filling up the DagBag from /home/nayara/Downloads/EngDados/ALURA/api_twitter/airflow_pipeline/dags/twitter_dag.py
[2022-12-22 01:01:28,000] {processor.py:651} INFO - DAG(s) dict_keys(['TwitterDag']) retrieved from /home/nayara/Downloads/EngDados/ALURA/api_twitter/airflow_pipeline/dags/twitter_dag.py
[2022-12-22 01:01:28,087] {logging_mixin.py:115} INFO - [2022-12-22 01:01:28,086] {dag.py:2379} INFO - Sync 1 DAGs
[2022-12-22 01:01:28,149] {logging_mixin.py:115} INFO - [2022-12-22 01:01:28,149] {dag.py:2927} INFO - Setting next_dagrun for TwitterDag to 2022-12-22T01:01:27.991792+00:00, run_after=2022-12-23T01:01:27.991792+00:00
[2022-12-22 01:01:28,564] {processor.py:161} INFO - Processing /home/nayara/Downloads/EngDados/ALURA/api_twitter/airflow_pipeline/dags/twitter_dag.py took 0.649 seconds
[2022-12-22 01:01:58,819] {processor.py:153} INFO - Started process (PID=29408) to work on /home/nayara/Downloads/EngDados/ALURA/api_twitter/airflow_pipeline/dags/twitter_dag.py
[2022-12-22 01:01:58,841] {processor.py:641} INFO - Processing file /home/nayara/Downloads/EngDados/ALURA/api_twitter/airflow_pipeline/dags/twitter_dag.py for tasks to queue
[2022-12-22 01:01:58,842] {logging_mixin.py:115} INFO - [2022-12-22 01:01:58,842] {dagbag.py:507} INFO - Filling up the DagBag from /home/nayara/Downloads/EngDados/ALURA/api_twitter/airflow_pipeline/dags/twitter_dag.py
[2022-12-22 01:01:58,861] {processor.py:651} INFO - DAG(s) dict_keys(['TwitterDag']) retrieved from /home/nayara/Downloads/EngDados/ALURA/api_twitter/airflow_pipeline/dags/twitter_dag.py
[2022-12-22 01:01:58,929] {logging_mixin.py:115} INFO - [2022-12-22 01:01:58,929] {dag.py:2379} INFO - Sync 1 DAGs
[2022-12-22 01:01:58,954] {logging_mixin.py:115} INFO - [2022-12-22 01:01:58,954] {dag.py:2927} INFO - Setting next_dagrun for TwitterDag to 2022-12-22T01:01:58.858797+00:00, run_after=2022-12-23T01:01:58.858797+00:00
[2022-12-22 01:01:59,302] {processor.py:161} INFO - Processing /home/nayara/Downloads/EngDados/ALURA/api_twitter/airflow_pipeline/dags/twitter_dag.py took 0.490 seconds
[2022-12-22 01:02:29,479] {processor.py:153} INFO - Started process (PID=29459) to work on /home/nayara/Downloads/EngDados/ALURA/api_twitter/airflow_pipeline/dags/twitter_dag.py
[2022-12-22 01:02:29,556] {processor.py:641} INFO - Processing file /home/nayara/Downloads/EngDados/ALURA/api_twitter/airflow_pipeline/dags/twitter_dag.py for tasks to queue
[2022-12-22 01:02:29,557] {logging_mixin.py:115} INFO - [2022-12-22 01:02:29,556] {dagbag.py:507} INFO - Filling up the DagBag from /home/nayara/Downloads/EngDados/ALURA/api_twitter/airflow_pipeline/dags/twitter_dag.py
[2022-12-22 01:02:29,566] {processor.py:651} INFO - DAG(s) dict_keys(['TwitterDag']) retrieved from /home/nayara/Downloads/EngDados/ALURA/api_twitter/airflow_pipeline/dags/twitter_dag.py
[2022-12-22 01:02:29,631] {logging_mixin.py:115} INFO - [2022-12-22 01:02:29,631] {dag.py:2379} INFO - Sync 1 DAGs
[2022-12-22 01:02:29,655] {logging_mixin.py:115} INFO - [2022-12-22 01:02:29,655] {dag.py:2927} INFO - Setting next_dagrun for TwitterDag to 2022-12-22T01:02:29.563800+00:00, run_after=2022-12-23T01:02:29.563800+00:00
[2022-12-22 01:02:30,684] {processor.py:161} INFO - Processing /home/nayara/Downloads/EngDados/ALURA/api_twitter/airflow_pipeline/dags/twitter_dag.py took 1.223 seconds
[2022-12-22 01:03:00,937] {processor.py:153} INFO - Started process (PID=29503) to work on /home/nayara/Downloads/EngDados/ALURA/api_twitter/airflow_pipeline/dags/twitter_dag.py
[2022-12-22 01:03:00,976] {processor.py:641} INFO - Processing file /home/nayara/Downloads/EngDados/ALURA/api_twitter/airflow_pipeline/dags/twitter_dag.py for tasks to queue
[2022-12-22 01:03:00,977] {logging_mixin.py:115} INFO - [2022-12-22 01:03:00,977] {dagbag.py:507} INFO - Filling up the DagBag from /home/nayara/Downloads/EngDados/ALURA/api_twitter/airflow_pipeline/dags/twitter_dag.py
[2022-12-22 01:03:00,987] {processor.py:651} INFO - DAG(s) dict_keys(['TwitterDag']) retrieved from /home/nayara/Downloads/EngDados/ALURA/api_twitter/airflow_pipeline/dags/twitter_dag.py
[2022-12-22 01:03:01,056] {logging_mixin.py:115} INFO - [2022-12-22 01:03:01,056] {dag.py:2379} INFO - Sync 1 DAGs
[2022-12-22 01:03:01,082] {logging_mixin.py:115} INFO - [2022-12-22 01:03:01,082] {dag.py:2927} INFO - Setting next_dagrun for TwitterDag to 2022-12-22T01:03:00.985180+00:00, run_after=2022-12-23T01:03:00.985180+00:00
[2022-12-22 01:03:01,496] {processor.py:161} INFO - Processing /home/nayara/Downloads/EngDados/ALURA/api_twitter/airflow_pipeline/dags/twitter_dag.py took 0.577 seconds
[2022-12-22 01:03:31,959] {processor.py:153} INFO - Started process (PID=29519) to work on /home/nayara/Downloads/EngDados/ALURA/api_twitter/airflow_pipeline/dags/twitter_dag.py
[2022-12-22 01:03:31,997] {processor.py:641} INFO - Processing file /home/nayara/Downloads/EngDados/ALURA/api_twitter/airflow_pipeline/dags/twitter_dag.py for tasks to queue
[2022-12-22 01:03:32,340] {logging_mixin.py:115} INFO - [2022-12-22 01:03:32,339] {dagbag.py:507} INFO - Filling up the DagBag from /home/nayara/Downloads/EngDados/ALURA/api_twitter/airflow_pipeline/dags/twitter_dag.py
[2022-12-22 01:03:32,966] {processor.py:651} INFO - DAG(s) dict_keys(['TwitterDag']) retrieved from /home/nayara/Downloads/EngDados/ALURA/api_twitter/airflow_pipeline/dags/twitter_dag.py
[2022-12-22 01:03:33,584] {logging_mixin.py:115} INFO - [2022-12-22 01:03:33,584] {dag.py:2379} INFO - Sync 1 DAGs
[2022-12-22 01:03:33,654] {logging_mixin.py:115} INFO - [2022-12-22 01:03:33,654] {dag.py:2927} INFO - Setting next_dagrun for TwitterDag to 2022-12-22T01:03:32.885503+00:00, run_after=2022-12-23T01:03:32.885503+00:00
[2022-12-22 01:03:34,129] {processor.py:161} INFO - Processing /home/nayara/Downloads/EngDados/ALURA/api_twitter/airflow_pipeline/dags/twitter_dag.py took 2.250 seconds
[2022-12-22 01:04:04,494] {processor.py:153} INFO - Started process (PID=29539) to work on /home/nayara/Downloads/EngDados/ALURA/api_twitter/airflow_pipeline/dags/twitter_dag.py
[2022-12-22 01:04:04,496] {processor.py:641} INFO - Processing file /home/nayara/Downloads/EngDados/ALURA/api_twitter/airflow_pipeline/dags/twitter_dag.py for tasks to queue
[2022-12-22 01:04:04,497] {logging_mixin.py:115} INFO - [2022-12-22 01:04:04,497] {dagbag.py:507} INFO - Filling up the DagBag from /home/nayara/Downloads/EngDados/ALURA/api_twitter/airflow_pipeline/dags/twitter_dag.py
[2022-12-22 01:04:04,519] {processor.py:651} INFO - DAG(s) dict_keys(['TwitterDag']) retrieved from /home/nayara/Downloads/EngDados/ALURA/api_twitter/airflow_pipeline/dags/twitter_dag.py
[2022-12-22 01:04:04,587] {logging_mixin.py:115} INFO - [2022-12-22 01:04:04,586] {dag.py:2379} INFO - Sync 1 DAGs
[2022-12-22 01:04:04,613] {logging_mixin.py:115} INFO - [2022-12-22 01:04:04,613] {dag.py:2927} INFO - Setting next_dagrun for TwitterDag to 2022-12-22T01:04:04.515316+00:00, run_after=2022-12-23T01:04:04.515316+00:00
[2022-12-22 01:04:04,938] {processor.py:161} INFO - Processing /home/nayara/Downloads/EngDados/ALURA/api_twitter/airflow_pipeline/dags/twitter_dag.py took 0.452 seconds
[2022-12-22 01:04:35,145] {processor.py:153} INFO - Started process (PID=29554) to work on /home/nayara/Downloads/EngDados/ALURA/api_twitter/airflow_pipeline/dags/twitter_dag.py
[2022-12-22 01:04:35,147] {processor.py:641} INFO - Processing file /home/nayara/Downloads/EngDados/ALURA/api_twitter/airflow_pipeline/dags/twitter_dag.py for tasks to queue
[2022-12-22 01:04:35,149] {logging_mixin.py:115} INFO - [2022-12-22 01:04:35,148] {dagbag.py:507} INFO - Filling up the DagBag from /home/nayara/Downloads/EngDados/ALURA/api_twitter/airflow_pipeline/dags/twitter_dag.py
[2022-12-22 01:04:35,178] {processor.py:651} INFO - DAG(s) dict_keys(['TwitterDag']) retrieved from /home/nayara/Downloads/EngDados/ALURA/api_twitter/airflow_pipeline/dags/twitter_dag.py
[2022-12-22 01:04:35,266] {logging_mixin.py:115} INFO - [2022-12-22 01:04:35,266] {dag.py:2379} INFO - Sync 1 DAGs
[2022-12-22 01:04:35,293] {logging_mixin.py:115} INFO - [2022-12-22 01:04:35,293] {dag.py:2927} INFO - Setting next_dagrun for TwitterDag to 2022-12-22T01:04:35.168772+00:00, run_after=2022-12-23T01:04:35.168772+00:00
[2022-12-22 01:04:35,670] {processor.py:161} INFO - Processing /home/nayara/Downloads/EngDados/ALURA/api_twitter/airflow_pipeline/dags/twitter_dag.py took 0.535 seconds
[2022-12-22 01:05:06,532] {processor.py:153} INFO - Started process (PID=29633) to work on /home/nayara/Downloads/EngDados/ALURA/api_twitter/airflow_pipeline/dags/twitter_dag.py
[2022-12-22 01:05:06,562] {processor.py:641} INFO - Processing file /home/nayara/Downloads/EngDados/ALURA/api_twitter/airflow_pipeline/dags/twitter_dag.py for tasks to queue
[2022-12-22 01:05:06,567] {logging_mixin.py:115} INFO - [2022-12-22 01:05:06,566] {dagbag.py:507} INFO - Filling up the DagBag from /home/nayara/Downloads/EngDados/ALURA/api_twitter/airflow_pipeline/dags/twitter_dag.py
[2022-12-22 01:05:06,613] {processor.py:651} INFO - DAG(s) dict_keys(['TwitterDag']) retrieved from /home/nayara/Downloads/EngDados/ALURA/api_twitter/airflow_pipeline/dags/twitter_dag.py
[2022-12-22 01:05:06,743] {logging_mixin.py:115} INFO - [2022-12-22 01:05:06,743] {dag.py:2379} INFO - Sync 1 DAGs
[2022-12-22 01:05:06,770] {logging_mixin.py:115} INFO - [2022-12-22 01:05:06,770] {dag.py:2927} INFO - Setting next_dagrun for TwitterDag to 2022-12-22T01:05:06.601694+00:00, run_after=2022-12-23T01:05:06.601694+00:00
[2022-12-22 01:05:07,506] {processor.py:161} INFO - Processing /home/nayara/Downloads/EngDados/ALURA/api_twitter/airflow_pipeline/dags/twitter_dag.py took 0.992 seconds
[2022-12-22 01:05:37,741] {processor.py:153} INFO - Started process (PID=29646) to work on /home/nayara/Downloads/EngDados/ALURA/api_twitter/airflow_pipeline/dags/twitter_dag.py
[2022-12-22 01:05:37,753] {processor.py:641} INFO - Processing file /home/nayara/Downloads/EngDados/ALURA/api_twitter/airflow_pipeline/dags/twitter_dag.py for tasks to queue
[2022-12-22 01:05:37,754] {logging_mixin.py:115} INFO - [2022-12-22 01:05:37,754] {dagbag.py:507} INFO - Filling up the DagBag from /home/nayara/Downloads/EngDados/ALURA/api_twitter/airflow_pipeline/dags/twitter_dag.py
[2022-12-22 01:05:37,765] {processor.py:651} INFO - DAG(s) dict_keys(['TwitterDag']) retrieved from /home/nayara/Downloads/EngDados/ALURA/api_twitter/airflow_pipeline/dags/twitter_dag.py
[2022-12-22 01:05:37,836] {logging_mixin.py:115} INFO - [2022-12-22 01:05:37,836] {dag.py:2379} INFO - Sync 1 DAGs
[2022-12-22 01:05:37,865] {logging_mixin.py:115} INFO - [2022-12-22 01:05:37,865] {dag.py:2927} INFO - Setting next_dagrun for TwitterDag to 2022-12-22T01:05:37.762499+00:00, run_after=2022-12-23T01:05:37.762499+00:00
[2022-12-22 01:05:38,227] {processor.py:161} INFO - Processing /home/nayara/Downloads/EngDados/ALURA/api_twitter/airflow_pipeline/dags/twitter_dag.py took 0.491 seconds
[2022-12-22 01:06:08,412] {processor.py:153} INFO - Started process (PID=29669) to work on /home/nayara/Downloads/EngDados/ALURA/api_twitter/airflow_pipeline/dags/twitter_dag.py
[2022-12-22 01:06:08,415] {processor.py:641} INFO - Processing file /home/nayara/Downloads/EngDados/ALURA/api_twitter/airflow_pipeline/dags/twitter_dag.py for tasks to queue
[2022-12-22 01:06:08,418] {logging_mixin.py:115} INFO - [2022-12-22 01:06:08,417] {dagbag.py:507} INFO - Filling up the DagBag from /home/nayara/Downloads/EngDados/ALURA/api_twitter/airflow_pipeline/dags/twitter_dag.py
[2022-12-22 01:06:08,466] {processor.py:651} INFO - DAG(s) dict_keys(['TwitterDag']) retrieved from /home/nayara/Downloads/EngDados/ALURA/api_twitter/airflow_pipeline/dags/twitter_dag.py
[2022-12-22 01:06:08,549] {logging_mixin.py:115} INFO - [2022-12-22 01:06:08,549] {dag.py:2379} INFO - Sync 1 DAGs
[2022-12-22 01:06:08,576] {logging_mixin.py:115} INFO - [2022-12-22 01:06:08,576] {dag.py:2927} INFO - Setting next_dagrun for TwitterDag to 2022-12-22T01:06:08.455280+00:00, run_after=2022-12-23T01:06:08.455280+00:00
[2022-12-22 01:06:08,852] {processor.py:161} INFO - Processing /home/nayara/Downloads/EngDados/ALURA/api_twitter/airflow_pipeline/dags/twitter_dag.py took 0.460 seconds
[2022-12-22 01:06:38,979] {processor.py:153} INFO - Started process (PID=29686) to work on /home/nayara/Downloads/EngDados/ALURA/api_twitter/airflow_pipeline/dags/twitter_dag.py
[2022-12-22 01:06:38,990] {processor.py:641} INFO - Processing file /home/nayara/Downloads/EngDados/ALURA/api_twitter/airflow_pipeline/dags/twitter_dag.py for tasks to queue
[2022-12-22 01:06:38,991] {logging_mixin.py:115} INFO - [2022-12-22 01:06:38,991] {dagbag.py:507} INFO - Filling up the DagBag from /home/nayara/Downloads/EngDados/ALURA/api_twitter/airflow_pipeline/dags/twitter_dag.py
[2022-12-22 01:06:39,016] {processor.py:651} INFO - DAG(s) dict_keys(['TwitterDag']) retrieved from /home/nayara/Downloads/EngDados/ALURA/api_twitter/airflow_pipeline/dags/twitter_dag.py
[2022-12-22 01:06:39,081] {logging_mixin.py:115} INFO - [2022-12-22 01:06:39,081] {dag.py:2379} INFO - Sync 1 DAGs
[2022-12-22 01:06:39,103] {logging_mixin.py:115} INFO - [2022-12-22 01:06:39,103] {dag.py:2927} INFO - Setting next_dagrun for TwitterDag to 2022-12-22T01:06:39.009863+00:00, run_after=2022-12-23T01:06:39.009863+00:00
[2022-12-22 01:06:39,377] {processor.py:161} INFO - Processing /home/nayara/Downloads/EngDados/ALURA/api_twitter/airflow_pipeline/dags/twitter_dag.py took 0.408 seconds
[2022-12-22 01:07:09,751] {processor.py:153} INFO - Started process (PID=29732) to work on /home/nayara/Downloads/EngDados/ALURA/api_twitter/airflow_pipeline/dags/twitter_dag.py
[2022-12-22 01:07:09,753] {processor.py:641} INFO - Processing file /home/nayara/Downloads/EngDados/ALURA/api_twitter/airflow_pipeline/dags/twitter_dag.py for tasks to queue
[2022-12-22 01:07:09,753] {logging_mixin.py:115} INFO - [2022-12-22 01:07:09,753] {dagbag.py:507} INFO - Filling up the DagBag from /home/nayara/Downloads/EngDados/ALURA/api_twitter/airflow_pipeline/dags/twitter_dag.py
[2022-12-22 01:07:09,764] {processor.py:651} INFO - DAG(s) dict_keys(['TwitterDag']) retrieved from /home/nayara/Downloads/EngDados/ALURA/api_twitter/airflow_pipeline/dags/twitter_dag.py
[2022-12-22 01:07:09,817] {logging_mixin.py:115} INFO - [2022-12-22 01:07:09,817] {dag.py:2379} INFO - Sync 1 DAGs
[2022-12-22 01:07:09,840] {logging_mixin.py:115} INFO - [2022-12-22 01:07:09,840] {dag.py:2927} INFO - Setting next_dagrun for TwitterDag to 2022-12-22T01:07:09.761614+00:00, run_after=2022-12-23T01:07:09.761614+00:00
[2022-12-22 01:07:10,159] {processor.py:161} INFO - Processing /home/nayara/Downloads/EngDados/ALURA/api_twitter/airflow_pipeline/dags/twitter_dag.py took 0.415 seconds
[2022-12-22 01:07:40,387] {processor.py:153} INFO - Started process (PID=29738) to work on /home/nayara/Downloads/EngDados/ALURA/api_twitter/airflow_pipeline/dags/twitter_dag.py
[2022-12-22 01:07:40,399] {processor.py:641} INFO - Processing file /home/nayara/Downloads/EngDados/ALURA/api_twitter/airflow_pipeline/dags/twitter_dag.py for tasks to queue
[2022-12-22 01:07:40,401] {logging_mixin.py:115} INFO - [2022-12-22 01:07:40,401] {dagbag.py:507} INFO - Filling up the DagBag from /home/nayara/Downloads/EngDados/ALURA/api_twitter/airflow_pipeline/dags/twitter_dag.py
[2022-12-22 01:07:40,422] {processor.py:651} INFO - DAG(s) dict_keys(['TwitterDag']) retrieved from /home/nayara/Downloads/EngDados/ALURA/api_twitter/airflow_pipeline/dags/twitter_dag.py
[2022-12-22 01:07:40,478] {logging_mixin.py:115} INFO - [2022-12-22 01:07:40,478] {dag.py:2379} INFO - Sync 1 DAGs
[2022-12-22 01:07:40,499] {logging_mixin.py:115} INFO - [2022-12-22 01:07:40,499] {dag.py:2927} INFO - Setting next_dagrun for TwitterDag to 2022-12-22T01:07:40.418405+00:00, run_after=2022-12-23T01:07:40.418405+00:00
[2022-12-22 01:07:40,722] {processor.py:161} INFO - Processing /home/nayara/Downloads/EngDados/ALURA/api_twitter/airflow_pipeline/dags/twitter_dag.py took 0.344 seconds
[2022-12-22 01:08:10,882] {processor.py:153} INFO - Started process (PID=29761) to work on /home/nayara/Downloads/EngDados/ALURA/api_twitter/airflow_pipeline/dags/twitter_dag.py
[2022-12-22 01:08:10,883] {processor.py:641} INFO - Processing file /home/nayara/Downloads/EngDados/ALURA/api_twitter/airflow_pipeline/dags/twitter_dag.py for tasks to queue
[2022-12-22 01:08:10,884] {logging_mixin.py:115} INFO - [2022-12-22 01:08:10,884] {dagbag.py:507} INFO - Filling up the DagBag from /home/nayara/Downloads/EngDados/ALURA/api_twitter/airflow_pipeline/dags/twitter_dag.py
[2022-12-22 01:08:10,898] {processor.py:651} INFO - DAG(s) dict_keys(['TwitterDag']) retrieved from /home/nayara/Downloads/EngDados/ALURA/api_twitter/airflow_pipeline/dags/twitter_dag.py
[2022-12-22 01:08:10,998] {logging_mixin.py:115} INFO - [2022-12-22 01:08:10,998] {dag.py:2379} INFO - Sync 1 DAGs
[2022-12-22 01:08:11,027] {logging_mixin.py:115} INFO - [2022-12-22 01:08:11,027] {dag.py:2927} INFO - Setting next_dagrun for TwitterDag to 2022-12-22T01:08:10.894996+00:00, run_after=2022-12-23T01:08:10.894996+00:00
[2022-12-22 01:08:11,281] {processor.py:161} INFO - Processing /home/nayara/Downloads/EngDados/ALURA/api_twitter/airflow_pipeline/dags/twitter_dag.py took 0.407 seconds
[2022-12-22 01:08:41,857] {processor.py:153} INFO - Started process (PID=29767) to work on /home/nayara/Downloads/EngDados/ALURA/api_twitter/airflow_pipeline/dags/twitter_dag.py
[2022-12-22 01:08:41,871] {processor.py:641} INFO - Processing file /home/nayara/Downloads/EngDados/ALURA/api_twitter/airflow_pipeline/dags/twitter_dag.py for tasks to queue
[2022-12-22 01:08:41,874] {logging_mixin.py:115} INFO - [2022-12-22 01:08:41,874] {dagbag.py:507} INFO - Filling up the DagBag from /home/nayara/Downloads/EngDados/ALURA/api_twitter/airflow_pipeline/dags/twitter_dag.py
[2022-12-22 01:08:41,919] {processor.py:651} INFO - DAG(s) dict_keys(['TwitterDag']) retrieved from /home/nayara/Downloads/EngDados/ALURA/api_twitter/airflow_pipeline/dags/twitter_dag.py
[2022-12-22 01:08:42,000] {logging_mixin.py:115} INFO - [2022-12-22 01:08:42,000] {dag.py:2379} INFO - Sync 1 DAGs
[2022-12-22 01:08:42,026] {logging_mixin.py:115} INFO - [2022-12-22 01:08:42,026] {dag.py:2927} INFO - Setting next_dagrun for TwitterDag to 2022-12-22T01:08:41.908679+00:00, run_after=2022-12-23T01:08:41.908679+00:00
[2022-12-22 01:08:42,458] {processor.py:161} INFO - Processing /home/nayara/Downloads/EngDados/ALURA/api_twitter/airflow_pipeline/dags/twitter_dag.py took 0.621 seconds
[2022-12-22 01:09:12,692] {processor.py:153} INFO - Started process (PID=29779) to work on /home/nayara/Downloads/EngDados/ALURA/api_twitter/airflow_pipeline/dags/twitter_dag.py
[2022-12-22 01:09:12,697] {processor.py:641} INFO - Processing file /home/nayara/Downloads/EngDados/ALURA/api_twitter/airflow_pipeline/dags/twitter_dag.py for tasks to queue
[2022-12-22 01:09:12,700] {logging_mixin.py:115} INFO - [2022-12-22 01:09:12,700] {dagbag.py:507} INFO - Filling up the DagBag from /home/nayara/Downloads/EngDados/ALURA/api_twitter/airflow_pipeline/dags/twitter_dag.py
[2022-12-22 01:09:12,731] {processor.py:651} INFO - DAG(s) dict_keys(['TwitterDag']) retrieved from /home/nayara/Downloads/EngDados/ALURA/api_twitter/airflow_pipeline/dags/twitter_dag.py
[2022-12-22 01:09:12,815] {logging_mixin.py:115} INFO - [2022-12-22 01:09:12,815] {dag.py:2379} INFO - Sync 1 DAGs
[2022-12-22 01:09:12,842] {logging_mixin.py:115} INFO - [2022-12-22 01:09:12,841] {dag.py:2927} INFO - Setting next_dagrun for TwitterDag to 2022-12-22T01:09:12.726370+00:00, run_after=2022-12-23T01:09:12.726370+00:00
[2022-12-22 01:09:13,205] {processor.py:161} INFO - Processing /home/nayara/Downloads/EngDados/ALURA/api_twitter/airflow_pipeline/dags/twitter_dag.py took 0.527 seconds
[2022-12-22 01:09:43,574] {processor.py:153} INFO - Started process (PID=29804) to work on /home/nayara/Downloads/EngDados/ALURA/api_twitter/airflow_pipeline/dags/twitter_dag.py
[2022-12-22 01:09:43,604] {processor.py:641} INFO - Processing file /home/nayara/Downloads/EngDados/ALURA/api_twitter/airflow_pipeline/dags/twitter_dag.py for tasks to queue
[2022-12-22 01:09:43,606] {logging_mixin.py:115} INFO - [2022-12-22 01:09:43,606] {dagbag.py:507} INFO - Filling up the DagBag from /home/nayara/Downloads/EngDados/ALURA/api_twitter/airflow_pipeline/dags/twitter_dag.py
[2022-12-22 01:09:43,638] {processor.py:651} INFO - DAG(s) dict_keys(['TwitterDag']) retrieved from /home/nayara/Downloads/EngDados/ALURA/api_twitter/airflow_pipeline/dags/twitter_dag.py
[2022-12-22 01:09:43,697] {logging_mixin.py:115} INFO - [2022-12-22 01:09:43,697] {dag.py:2379} INFO - Sync 1 DAGs
[2022-12-22 01:09:43,719] {logging_mixin.py:115} INFO - [2022-12-22 01:09:43,719] {dag.py:2927} INFO - Setting next_dagrun for TwitterDag to 2022-12-22T01:09:43.632619+00:00, run_after=2022-12-23T01:09:43.632619+00:00
[2022-12-22 01:09:44,340] {processor.py:161} INFO - Processing /home/nayara/Downloads/EngDados/ALURA/api_twitter/airflow_pipeline/dags/twitter_dag.py took 0.770 seconds
[2022-12-22 01:10:14,550] {processor.py:153} INFO - Started process (PID=29867) to work on /home/nayara/Downloads/EngDados/ALURA/api_twitter/airflow_pipeline/dags/twitter_dag.py
[2022-12-22 01:10:14,553] {processor.py:641} INFO - Processing file /home/nayara/Downloads/EngDados/ALURA/api_twitter/airflow_pipeline/dags/twitter_dag.py for tasks to queue
[2022-12-22 01:10:14,556] {logging_mixin.py:115} INFO - [2022-12-22 01:10:14,555] {dagbag.py:507} INFO - Filling up the DagBag from /home/nayara/Downloads/EngDados/ALURA/api_twitter/airflow_pipeline/dags/twitter_dag.py
[2022-12-22 01:10:14,581] {processor.py:651} INFO - DAG(s) dict_keys(['TwitterDag']) retrieved from /home/nayara/Downloads/EngDados/ALURA/api_twitter/airflow_pipeline/dags/twitter_dag.py
[2022-12-22 01:10:14,647] {logging_mixin.py:115} INFO - [2022-12-22 01:10:14,647] {dag.py:2379} INFO - Sync 1 DAGs
[2022-12-22 01:10:14,674] {logging_mixin.py:115} INFO - [2022-12-22 01:10:14,674] {dag.py:2927} INFO - Setting next_dagrun for TwitterDag to 2022-12-22T01:10:14.577273+00:00, run_after=2022-12-23T01:10:14.577273+00:00
[2022-12-22 01:10:15,087] {processor.py:161} INFO - Processing /home/nayara/Downloads/EngDados/ALURA/api_twitter/airflow_pipeline/dags/twitter_dag.py took 0.554 seconds
[2022-12-22 01:10:45,306] {processor.py:153} INFO - Started process (PID=29945) to work on /home/nayara/Downloads/EngDados/ALURA/api_twitter/airflow_pipeline/dags/twitter_dag.py
[2022-12-22 01:10:45,319] {processor.py:641} INFO - Processing file /home/nayara/Downloads/EngDados/ALURA/api_twitter/airflow_pipeline/dags/twitter_dag.py for tasks to queue
[2022-12-22 01:10:45,322] {logging_mixin.py:115} INFO - [2022-12-22 01:10:45,321] {dagbag.py:507} INFO - Filling up the DagBag from /home/nayara/Downloads/EngDados/ALURA/api_twitter/airflow_pipeline/dags/twitter_dag.py
[2022-12-22 01:10:45,659] {processor.py:651} INFO - DAG(s) dict_keys(['TwitterDAG']) retrieved from /home/nayara/Downloads/EngDados/ALURA/api_twitter/airflow_pipeline/dags/twitter_dag.py
[2022-12-22 01:10:46,374] {logging_mixin.py:115} INFO - [2022-12-22 01:10:46,374] {manager.py:508} INFO - Created Permission View: can read on DAG:TwitterDAG
[2022-12-22 01:10:46,702] {logging_mixin.py:115} INFO - [2022-12-22 01:10:46,702] {manager.py:508} INFO - Created Permission View: can edit on DAG:TwitterDAG
[2022-12-22 01:10:46,889] {logging_mixin.py:115} INFO - [2022-12-22 01:10:46,888] {manager.py:508} INFO - Created Permission View: can delete on DAG:TwitterDAG
[2022-12-22 01:10:46,890] {logging_mixin.py:115} INFO - [2022-12-22 01:10:46,889] {dag.py:2379} INFO - Sync 1 DAGs
[2022-12-22 01:10:46,974] {logging_mixin.py:115} INFO - [2022-12-22 01:10:46,973] {dag.py:2398} INFO - Creating ORM DAG for TwitterDAG
[2022-12-22 01:10:47,245] {logging_mixin.py:115} INFO - [2022-12-22 01:10:47,242] {dag.py:2927} INFO - Setting next_dagrun for TwitterDAG to 2022-12-23T00:00:00+00:00, run_after=2022-12-24T00:00:00+00:00
[2022-12-22 01:10:47,597] {processor.py:161} INFO - Processing /home/nayara/Downloads/EngDados/ALURA/api_twitter/airflow_pipeline/dags/twitter_dag.py took 2.296 seconds
[2022-12-22 01:11:17,863] {processor.py:153} INFO - Started process (PID=30208) to work on /home/nayara/Downloads/EngDados/ALURA/api_twitter/airflow_pipeline/dags/twitter_dag.py
[2022-12-22 01:11:17,869] {processor.py:641} INFO - Processing file /home/nayara/Downloads/EngDados/ALURA/api_twitter/airflow_pipeline/dags/twitter_dag.py for tasks to queue
[2022-12-22 01:11:17,870] {logging_mixin.py:115} INFO - [2022-12-22 01:11:17,870] {dagbag.py:507} INFO - Filling up the DagBag from /home/nayara/Downloads/EngDados/ALURA/api_twitter/airflow_pipeline/dags/twitter_dag.py
[2022-12-22 01:11:17,887] {processor.py:651} INFO - DAG(s) dict_keys(['TwitterDAG']) retrieved from /home/nayara/Downloads/EngDados/ALURA/api_twitter/airflow_pipeline/dags/twitter_dag.py
[2022-12-22 01:11:17,953] {logging_mixin.py:115} INFO - [2022-12-22 01:11:17,953] {dag.py:2379} INFO - Sync 1 DAGs
[2022-12-22 01:11:17,979] {logging_mixin.py:115} INFO - [2022-12-22 01:11:17,979] {dag.py:2927} INFO - Setting next_dagrun for TwitterDAG to 2022-12-23T00:00:00+00:00, run_after=2022-12-24T00:00:00+00:00
[2022-12-22 01:11:18,190] {processor.py:161} INFO - Processing /home/nayara/Downloads/EngDados/ALURA/api_twitter/airflow_pipeline/dags/twitter_dag.py took 0.340 seconds
[2022-12-22 01:11:48,426] {processor.py:153} INFO - Started process (PID=30430) to work on /home/nayara/Downloads/EngDados/ALURA/api_twitter/airflow_pipeline/dags/twitter_dag.py
[2022-12-22 01:11:48,440] {processor.py:641} INFO - Processing file /home/nayara/Downloads/EngDados/ALURA/api_twitter/airflow_pipeline/dags/twitter_dag.py for tasks to queue
[2022-12-22 01:11:48,441] {logging_mixin.py:115} INFO - [2022-12-22 01:11:48,441] {dagbag.py:507} INFO - Filling up the DagBag from /home/nayara/Downloads/EngDados/ALURA/api_twitter/airflow_pipeline/dags/twitter_dag.py
[2022-12-22 01:11:48,466] {processor.py:651} INFO - DAG(s) dict_keys(['TwitterDAG']) retrieved from /home/nayara/Downloads/EngDados/ALURA/api_twitter/airflow_pipeline/dags/twitter_dag.py
[2022-12-22 01:11:48,582] {logging_mixin.py:115} INFO - [2022-12-22 01:11:48,582] {dag.py:2379} INFO - Sync 1 DAGs
[2022-12-22 01:11:48,629] {logging_mixin.py:115} INFO - [2022-12-22 01:11:48,629] {dag.py:2927} INFO - Setting next_dagrun for TwitterDAG to 2022-12-23T00:00:00+00:00, run_after=2022-12-24T00:00:00+00:00
[2022-12-22 01:11:49,067] {processor.py:161} INFO - Processing /home/nayara/Downloads/EngDados/ALURA/api_twitter/airflow_pipeline/dags/twitter_dag.py took 0.652 seconds
[2022-12-22 01:12:19,307] {processor.py:153} INFO - Started process (PID=30518) to work on /home/nayara/Downloads/EngDados/ALURA/api_twitter/airflow_pipeline/dags/twitter_dag.py
[2022-12-22 01:12:19,322] {processor.py:641} INFO - Processing file /home/nayara/Downloads/EngDados/ALURA/api_twitter/airflow_pipeline/dags/twitter_dag.py for tasks to queue
[2022-12-22 01:12:19,324] {logging_mixin.py:115} INFO - [2022-12-22 01:12:19,324] {dagbag.py:507} INFO - Filling up the DagBag from /home/nayara/Downloads/EngDados/ALURA/api_twitter/airflow_pipeline/dags/twitter_dag.py
[2022-12-22 01:12:19,384] {processor.py:651} INFO - DAG(s) dict_keys(['TwitterDAG']) retrieved from /home/nayara/Downloads/EngDados/ALURA/api_twitter/airflow_pipeline/dags/twitter_dag.py
[2022-12-22 01:12:19,471] {logging_mixin.py:115} INFO - [2022-12-22 01:12:19,471] {dag.py:2379} INFO - Sync 1 DAGs
[2022-12-22 01:12:19,499] {logging_mixin.py:115} INFO - [2022-12-22 01:12:19,499] {dag.py:2927} INFO - Setting next_dagrun for TwitterDAG to 2022-12-23T00:00:00+00:00, run_after=2022-12-24T00:00:00+00:00
[2022-12-22 01:12:19,718] {processor.py:161} INFO - Processing /home/nayara/Downloads/EngDados/ALURA/api_twitter/airflow_pipeline/dags/twitter_dag.py took 0.427 seconds
[2022-12-22 01:12:49,933] {processor.py:153} INFO - Started process (PID=30698) to work on /home/nayara/Downloads/EngDados/ALURA/api_twitter/airflow_pipeline/dags/twitter_dag.py
[2022-12-22 01:12:49,934] {processor.py:641} INFO - Processing file /home/nayara/Downloads/EngDados/ALURA/api_twitter/airflow_pipeline/dags/twitter_dag.py for tasks to queue
[2022-12-22 01:12:49,935] {logging_mixin.py:115} INFO - [2022-12-22 01:12:49,935] {dagbag.py:507} INFO - Filling up the DagBag from /home/nayara/Downloads/EngDados/ALURA/api_twitter/airflow_pipeline/dags/twitter_dag.py
[2022-12-22 01:12:49,955] {processor.py:651} INFO - DAG(s) dict_keys(['TwitterDAG']) retrieved from /home/nayara/Downloads/EngDados/ALURA/api_twitter/airflow_pipeline/dags/twitter_dag.py
[2022-12-22 01:12:50,307] {logging_mixin.py:115} INFO - [2022-12-22 01:12:50,307] {dag.py:2379} INFO - Sync 1 DAGs
[2022-12-22 01:12:50,355] {logging_mixin.py:115} INFO - [2022-12-22 01:12:50,355] {dag.py:2927} INFO - Setting next_dagrun for TwitterDAG to 2022-12-23T00:00:00+00:00, run_after=2022-12-24T00:00:00+00:00
[2022-12-22 01:12:50,609] {processor.py:161} INFO - Processing /home/nayara/Downloads/EngDados/ALURA/api_twitter/airflow_pipeline/dags/twitter_dag.py took 0.683 seconds
[2022-12-22 01:13:21,230] {processor.py:153} INFO - Started process (PID=30870) to work on /home/nayara/Downloads/EngDados/ALURA/api_twitter/airflow_pipeline/dags/twitter_dag.py
[2022-12-22 01:13:21,252] {processor.py:641} INFO - Processing file /home/nayara/Downloads/EngDados/ALURA/api_twitter/airflow_pipeline/dags/twitter_dag.py for tasks to queue
[2022-12-22 01:13:21,254] {logging_mixin.py:115} INFO - [2022-12-22 01:13:21,253] {dagbag.py:507} INFO - Filling up the DagBag from /home/nayara/Downloads/EngDados/ALURA/api_twitter/airflow_pipeline/dags/twitter_dag.py
[2022-12-22 01:13:21,277] {processor.py:651} INFO - DAG(s) dict_keys(['TwitterDAG']) retrieved from /home/nayara/Downloads/EngDados/ALURA/api_twitter/airflow_pipeline/dags/twitter_dag.py
[2022-12-22 01:13:21,362] {logging_mixin.py:115} INFO - [2022-12-22 01:13:21,361] {dag.py:2379} INFO - Sync 1 DAGs
[2022-12-22 01:13:21,388] {logging_mixin.py:115} INFO - [2022-12-22 01:13:21,388] {dag.py:2927} INFO - Setting next_dagrun for TwitterDAG to 2022-12-23T00:00:00+00:00, run_after=2022-12-24T00:00:00+00:00
[2022-12-22 01:13:21,624] {processor.py:161} INFO - Processing /home/nayara/Downloads/EngDados/ALURA/api_twitter/airflow_pipeline/dags/twitter_dag.py took 0.402 seconds
[2022-12-22 01:13:52,362] {processor.py:153} INFO - Started process (PID=30990) to work on /home/nayara/Downloads/EngDados/ALURA/api_twitter/airflow_pipeline/dags/twitter_dag.py
[2022-12-22 01:13:52,384] {processor.py:641} INFO - Processing file /home/nayara/Downloads/EngDados/ALURA/api_twitter/airflow_pipeline/dags/twitter_dag.py for tasks to queue
[2022-12-22 01:13:52,387] {logging_mixin.py:115} INFO - [2022-12-22 01:13:52,386] {dagbag.py:507} INFO - Filling up the DagBag from /home/nayara/Downloads/EngDados/ALURA/api_twitter/airflow_pipeline/dags/twitter_dag.py
[2022-12-22 01:13:52,441] {processor.py:651} INFO - DAG(s) dict_keys(['TwitterDAG']) retrieved from /home/nayara/Downloads/EngDados/ALURA/api_twitter/airflow_pipeline/dags/twitter_dag.py
[2022-12-22 01:13:52,518] {logging_mixin.py:115} INFO - [2022-12-22 01:13:52,518] {dag.py:2379} INFO - Sync 1 DAGs
[2022-12-22 01:13:52,546] {logging_mixin.py:115} INFO - [2022-12-22 01:13:52,546] {dag.py:2927} INFO - Setting next_dagrun for TwitterDAG to 2022-12-23T00:00:00+00:00, run_after=2022-12-24T00:00:00+00:00
[2022-12-22 01:13:52,888] {processor.py:161} INFO - Processing /home/nayara/Downloads/EngDados/ALURA/api_twitter/airflow_pipeline/dags/twitter_dag.py took 0.543 seconds
[2022-12-22 01:14:23,130] {processor.py:153} INFO - Started process (PID=31114) to work on /home/nayara/Downloads/EngDados/ALURA/api_twitter/airflow_pipeline/dags/twitter_dag.py
[2022-12-22 01:14:23,133] {processor.py:641} INFO - Processing file /home/nayara/Downloads/EngDados/ALURA/api_twitter/airflow_pipeline/dags/twitter_dag.py for tasks to queue
[2022-12-22 01:14:23,135] {logging_mixin.py:115} INFO - [2022-12-22 01:14:23,135] {dagbag.py:507} INFO - Filling up the DagBag from /home/nayara/Downloads/EngDados/ALURA/api_twitter/airflow_pipeline/dags/twitter_dag.py
[2022-12-22 01:14:23,170] {processor.py:651} INFO - DAG(s) dict_keys(['TwitterDAG']) retrieved from /home/nayara/Downloads/EngDados/ALURA/api_twitter/airflow_pipeline/dags/twitter_dag.py
[2022-12-22 01:14:23,236] {logging_mixin.py:115} INFO - [2022-12-22 01:14:23,236] {dag.py:2379} INFO - Sync 1 DAGs
[2022-12-22 01:14:23,250] {logging_mixin.py:115} INFO - [2022-12-22 01:14:23,250] {dag.py:2398} INFO - Creating ORM DAG for TwitterDAG
[2022-12-22 01:14:23,270] {logging_mixin.py:115} INFO - [2022-12-22 01:14:23,270] {dag.py:2927} INFO - Setting next_dagrun for TwitterDAG to 2022-12-23T00:00:00+00:00, run_after=2022-12-24T00:00:00+00:00
[2022-12-22 01:14:23,551] {processor.py:161} INFO - Processing /home/nayara/Downloads/EngDados/ALURA/api_twitter/airflow_pipeline/dags/twitter_dag.py took 0.437 seconds
[2022-12-22 01:14:53,845] {processor.py:153} INFO - Started process (PID=31447) to work on /home/nayara/Downloads/EngDados/ALURA/api_twitter/airflow_pipeline/dags/twitter_dag.py
[2022-12-22 01:14:53,865] {processor.py:641} INFO - Processing file /home/nayara/Downloads/EngDados/ALURA/api_twitter/airflow_pipeline/dags/twitter_dag.py for tasks to queue
[2022-12-22 01:14:53,867] {logging_mixin.py:115} INFO - [2022-12-22 01:14:53,867] {dagbag.py:507} INFO - Filling up the DagBag from /home/nayara/Downloads/EngDados/ALURA/api_twitter/airflow_pipeline/dags/twitter_dag.py
[2022-12-22 01:14:53,900] {processor.py:651} INFO - DAG(s) dict_keys(['TwitterDAG']) retrieved from /home/nayara/Downloads/EngDados/ALURA/api_twitter/airflow_pipeline/dags/twitter_dag.py
[2022-12-22 01:14:53,962] {logging_mixin.py:115} INFO - [2022-12-22 01:14:53,962] {dag.py:2379} INFO - Sync 1 DAGs
[2022-12-22 01:14:53,987] {logging_mixin.py:115} INFO - [2022-12-22 01:14:53,986] {dag.py:2927} INFO - Setting next_dagrun for TwitterDAG to 2022-12-23T00:00:00+00:00, run_after=2022-12-24T00:00:00+00:00
[2022-12-22 01:14:54,322] {processor.py:161} INFO - Processing /home/nayara/Downloads/EngDados/ALURA/api_twitter/airflow_pipeline/dags/twitter_dag.py took 0.491 seconds
[2022-12-22 01:15:24,724] {processor.py:153} INFO - Started process (PID=31519) to work on /home/nayara/Downloads/EngDados/ALURA/api_twitter/airflow_pipeline/dags/twitter_dag.py
[2022-12-22 01:15:24,731] {processor.py:641} INFO - Processing file /home/nayara/Downloads/EngDados/ALURA/api_twitter/airflow_pipeline/dags/twitter_dag.py for tasks to queue
[2022-12-22 01:15:24,733] {logging_mixin.py:115} INFO - [2022-12-22 01:15:24,733] {dagbag.py:507} INFO - Filling up the DagBag from /home/nayara/Downloads/EngDados/ALURA/api_twitter/airflow_pipeline/dags/twitter_dag.py
[2022-12-22 01:15:24,754] {processor.py:651} INFO - DAG(s) dict_keys(['TwitterDAG']) retrieved from /home/nayara/Downloads/EngDados/ALURA/api_twitter/airflow_pipeline/dags/twitter_dag.py
[2022-12-22 01:15:24,821] {logging_mixin.py:115} INFO - [2022-12-22 01:15:24,821] {dag.py:2379} INFO - Sync 1 DAGs
[2022-12-22 01:15:24,851] {logging_mixin.py:115} INFO - [2022-12-22 01:15:24,850] {dag.py:2927} INFO - Setting next_dagrun for TwitterDAG to 2022-12-23T00:00:00+00:00, run_after=2022-12-24T00:00:00+00:00
[2022-12-22 01:15:25,311] {processor.py:161} INFO - Processing /home/nayara/Downloads/EngDados/ALURA/api_twitter/airflow_pipeline/dags/twitter_dag.py took 0.598 seconds
[2022-12-22 01:15:55,562] {processor.py:153} INFO - Started process (PID=31546) to work on /home/nayara/Downloads/EngDados/ALURA/api_twitter/airflow_pipeline/dags/twitter_dag.py
[2022-12-22 01:15:55,572] {processor.py:641} INFO - Processing file /home/nayara/Downloads/EngDados/ALURA/api_twitter/airflow_pipeline/dags/twitter_dag.py for tasks to queue
[2022-12-22 01:15:55,573] {logging_mixin.py:115} INFO - [2022-12-22 01:15:55,573] {dagbag.py:507} INFO - Filling up the DagBag from /home/nayara/Downloads/EngDados/ALURA/api_twitter/airflow_pipeline/dags/twitter_dag.py
[2022-12-22 01:15:55,588] {processor.py:651} INFO - DAG(s) dict_keys(['TwitterDAG']) retrieved from /home/nayara/Downloads/EngDados/ALURA/api_twitter/airflow_pipeline/dags/twitter_dag.py
[2022-12-22 01:15:55,644] {logging_mixin.py:115} INFO - [2022-12-22 01:15:55,644] {dag.py:2379} INFO - Sync 1 DAGs
[2022-12-22 01:15:55,670] {logging_mixin.py:115} INFO - [2022-12-22 01:15:55,670] {dag.py:2927} INFO - Setting next_dagrun for TwitterDAG to 2022-12-23T00:00:00+00:00, run_after=2022-12-24T00:00:00+00:00
[2022-12-22 01:15:56,111] {processor.py:161} INFO - Processing /home/nayara/Downloads/EngDados/ALURA/api_twitter/airflow_pipeline/dags/twitter_dag.py took 0.561 seconds
[2022-12-22 01:16:26,321] {processor.py:153} INFO - Started process (PID=31560) to work on /home/nayara/Downloads/EngDados/ALURA/api_twitter/airflow_pipeline/dags/twitter_dag.py
[2022-12-22 01:16:26,322] {processor.py:641} INFO - Processing file /home/nayara/Downloads/EngDados/ALURA/api_twitter/airflow_pipeline/dags/twitter_dag.py for tasks to queue
[2022-12-22 01:16:26,323] {logging_mixin.py:115} INFO - [2022-12-22 01:16:26,323] {dagbag.py:507} INFO - Filling up the DagBag from /home/nayara/Downloads/EngDados/ALURA/api_twitter/airflow_pipeline/dags/twitter_dag.py
[2022-12-22 01:16:26,337] {processor.py:651} INFO - DAG(s) dict_keys(['TwitterDAG']) retrieved from /home/nayara/Downloads/EngDados/ALURA/api_twitter/airflow_pipeline/dags/twitter_dag.py
[2022-12-22 01:16:26,395] {logging_mixin.py:115} INFO - [2022-12-22 01:16:26,395] {dag.py:2379} INFO - Sync 1 DAGs
[2022-12-22 01:16:26,423] {logging_mixin.py:115} INFO - [2022-12-22 01:16:26,423] {dag.py:2927} INFO - Setting next_dagrun for TwitterDAG to 2022-12-23T00:00:00+00:00, run_after=2022-12-24T00:00:00+00:00
[2022-12-22 01:16:26,626] {processor.py:161} INFO - Processing /home/nayara/Downloads/EngDados/ALURA/api_twitter/airflow_pipeline/dags/twitter_dag.py took 0.309 seconds
[2022-12-22 01:16:57,073] {processor.py:153} INFO - Started process (PID=31612) to work on /home/nayara/Downloads/EngDados/ALURA/api_twitter/airflow_pipeline/dags/twitter_dag.py
[2022-12-22 01:16:57,078] {processor.py:641} INFO - Processing file /home/nayara/Downloads/EngDados/ALURA/api_twitter/airflow_pipeline/dags/twitter_dag.py for tasks to queue
[2022-12-22 01:16:57,079] {logging_mixin.py:115} INFO - [2022-12-22 01:16:57,079] {dagbag.py:507} INFO - Filling up the DagBag from /home/nayara/Downloads/EngDados/ALURA/api_twitter/airflow_pipeline/dags/twitter_dag.py
[2022-12-22 01:16:57,091] {processor.py:651} INFO - DAG(s) dict_keys(['TwitterDAG']) retrieved from /home/nayara/Downloads/EngDados/ALURA/api_twitter/airflow_pipeline/dags/twitter_dag.py
[2022-12-22 01:16:57,145] {logging_mixin.py:115} INFO - [2022-12-22 01:16:57,145] {dag.py:2379} INFO - Sync 1 DAGs
[2022-12-22 01:16:57,167] {logging_mixin.py:115} INFO - [2022-12-22 01:16:57,167] {dag.py:2927} INFO - Setting next_dagrun for TwitterDAG to 2022-12-23T00:00:00+00:00, run_after=2022-12-24T00:00:00+00:00
[2022-12-22 01:16:57,377] {processor.py:161} INFO - Processing /home/nayara/Downloads/EngDados/ALURA/api_twitter/airflow_pipeline/dags/twitter_dag.py took 0.310 seconds
[2022-12-22 01:17:27,694] {processor.py:153} INFO - Started process (PID=31735) to work on /home/nayara/Downloads/EngDados/ALURA/api_twitter/airflow_pipeline/dags/twitter_dag.py
[2022-12-22 01:17:27,704] {processor.py:641} INFO - Processing file /home/nayara/Downloads/EngDados/ALURA/api_twitter/airflow_pipeline/dags/twitter_dag.py for tasks to queue
[2022-12-22 01:17:27,730] {logging_mixin.py:115} INFO - [2022-12-22 01:17:27,729] {dagbag.py:507} INFO - Filling up the DagBag from /home/nayara/Downloads/EngDados/ALURA/api_twitter/airflow_pipeline/dags/twitter_dag.py
[2022-12-22 01:17:27,767] {processor.py:651} INFO - DAG(s) dict_keys(['TwitterDAG']) retrieved from /home/nayara/Downloads/EngDados/ALURA/api_twitter/airflow_pipeline/dags/twitter_dag.py
[2022-12-22 01:17:27,856] {logging_mixin.py:115} INFO - [2022-12-22 01:17:27,856] {dag.py:2379} INFO - Sync 1 DAGs
[2022-12-22 01:17:27,893] {logging_mixin.py:115} INFO - [2022-12-22 01:17:27,893] {dag.py:2927} INFO - Setting next_dagrun for TwitterDAG to 2022-12-23T00:00:00+00:00, run_after=2022-12-24T00:00:00+00:00
[2022-12-22 01:17:28,116] {processor.py:161} INFO - Processing /home/nayara/Downloads/EngDados/ALURA/api_twitter/airflow_pipeline/dags/twitter_dag.py took 0.433 seconds
[2022-12-22 01:17:59,458] {processor.py:153} INFO - Started process (PID=32028) to work on /home/nayara/Downloads/EngDados/ALURA/api_twitter/airflow_pipeline/dags/twitter_dag.py
[2022-12-22 01:17:59,496] {processor.py:641} INFO - Processing file /home/nayara/Downloads/EngDados/ALURA/api_twitter/airflow_pipeline/dags/twitter_dag.py for tasks to queue
[2022-12-22 01:17:59,498] {logging_mixin.py:115} INFO - [2022-12-22 01:17:59,498] {dagbag.py:507} INFO - Filling up the DagBag from /home/nayara/Downloads/EngDados/ALURA/api_twitter/airflow_pipeline/dags/twitter_dag.py
[2022-12-22 01:17:59,555] {processor.py:651} INFO - DAG(s) dict_keys(['TwitterDAG']) retrieved from /home/nayara/Downloads/EngDados/ALURA/api_twitter/airflow_pipeline/dags/twitter_dag.py
[2022-12-22 01:18:00,146] {logging_mixin.py:115} INFO - [2022-12-22 01:18:00,146] {dag.py:2379} INFO - Sync 1 DAGs
[2022-12-22 01:18:00,186] {logging_mixin.py:115} INFO - [2022-12-22 01:18:00,186] {dag.py:2927} INFO - Setting next_dagrun for TwitterDAG to 2022-12-23T00:00:00+00:00, run_after=2022-12-24T00:00:00+00:00
[2022-12-22 01:18:00,432] {processor.py:161} INFO - Processing /home/nayara/Downloads/EngDados/ALURA/api_twitter/airflow_pipeline/dags/twitter_dag.py took 0.984 seconds
[2022-12-22 01:18:30,800] {processor.py:153} INFO - Started process (PID=32360) to work on /home/nayara/Downloads/EngDados/ALURA/api_twitter/airflow_pipeline/dags/twitter_dag.py
[2022-12-22 01:18:30,801] {processor.py:641} INFO - Processing file /home/nayara/Downloads/EngDados/ALURA/api_twitter/airflow_pipeline/dags/twitter_dag.py for tasks to queue
[2022-12-22 01:18:30,802] {logging_mixin.py:115} INFO - [2022-12-22 01:18:30,802] {dagbag.py:507} INFO - Filling up the DagBag from /home/nayara/Downloads/EngDados/ALURA/api_twitter/airflow_pipeline/dags/twitter_dag.py
[2022-12-22 01:18:30,815] {processor.py:651} INFO - DAG(s) dict_keys(['TwitterDAG']) retrieved from /home/nayara/Downloads/EngDados/ALURA/api_twitter/airflow_pipeline/dags/twitter_dag.py
[2022-12-22 01:18:30,908] {logging_mixin.py:115} INFO - [2022-12-22 01:18:30,908] {dag.py:2379} INFO - Sync 1 DAGs
[2022-12-22 01:18:30,942] {logging_mixin.py:115} INFO - [2022-12-22 01:18:30,942] {dag.py:2927} INFO - Setting next_dagrun for TwitterDAG to 2022-12-23T00:00:00+00:00, run_after=2022-12-24T00:00:00+00:00
[2022-12-22 01:18:31,218] {processor.py:161} INFO - Processing /home/nayara/Downloads/EngDados/ALURA/api_twitter/airflow_pipeline/dags/twitter_dag.py took 0.428 seconds
[2022-12-22 01:19:02,176] {processor.py:153} INFO - Started process (PID=32587) to work on /home/nayara/Downloads/EngDados/ALURA/api_twitter/airflow_pipeline/dags/twitter_dag.py
[2022-12-22 01:19:02,178] {processor.py:641} INFO - Processing file /home/nayara/Downloads/EngDados/ALURA/api_twitter/airflow_pipeline/dags/twitter_dag.py for tasks to queue
[2022-12-22 01:19:02,181] {logging_mixin.py:115} INFO - [2022-12-22 01:19:02,180] {dagbag.py:507} INFO - Filling up the DagBag from /home/nayara/Downloads/EngDados/ALURA/api_twitter/airflow_pipeline/dags/twitter_dag.py
[2022-12-22 01:19:02,218] {processor.py:651} INFO - DAG(s) dict_keys(['TwitterDAG']) retrieved from /home/nayara/Downloads/EngDados/ALURA/api_twitter/airflow_pipeline/dags/twitter_dag.py
[2022-12-22 01:19:02,295] {logging_mixin.py:115} INFO - [2022-12-22 01:19:02,295] {dag.py:2379} INFO - Sync 1 DAGs
[2022-12-22 01:19:02,321] {logging_mixin.py:115} INFO - [2022-12-22 01:19:02,321] {dag.py:2927} INFO - Setting next_dagrun for TwitterDAG to 2022-12-23T00:00:00+00:00, run_after=2022-12-24T00:00:00+00:00
[2022-12-22 01:19:02,576] {processor.py:161} INFO - Processing /home/nayara/Downloads/EngDados/ALURA/api_twitter/airflow_pipeline/dags/twitter_dag.py took 0.413 seconds
